[2023-06-15T18:01:59.264+0000] {processor.py:153} INFO - Started process (PID=34) to work on /opt/airflow/dags/dag.py
[2023-06-15T18:01:59.265+0000] {processor.py:743} INFO - Processing file /opt/airflow/dags/dag.py for tasks to queue
[2023-06-15T18:01:59.267+0000] {logging_mixin.py:137} INFO - [2023-06-15T18:01:59.267+0000] {dagbag.py:538} INFO - Filling up the DagBag from /opt/airflow/dags/dag.py
[2023-06-15T18:01:59.329+0000] {logging_mixin.py:137} INFO - [2023-06-15T18:01:59.327+0000] {dagbag.py:343} ERROR - Failed to import: /opt/airflow/dags/dag.py
Traceback (most recent call last):
  File "/home/airflow/.local/lib/python3.7/site-packages/airflow/models/dagbag.py", line 339, in parse
    loader.exec_module(new_module)
  File "<frozen importlib._bootstrap_external>", line 728, in exec_module
  File "<frozen importlib._bootstrap>", line 219, in _call_with_frames_removed
  File "/opt/airflow/dags/dag.py", line 8, in <module>
    start_date=pendulum.datetime(2023,16,6),
  File "/home/airflow/.local/lib/python3.7/site-packages/pendulum/__init__.py", line 116, in datetime
    dt = _datetime.datetime(year, month, day, hour, minute, second, microsecond)
ValueError: month must be in 1..12
[2023-06-15T18:01:59.333+0000] {processor.py:755} WARNING - No viable dags retrieved from /opt/airflow/dags/dag.py
[2023-06-15T18:01:59.373+0000] {processor.py:175} INFO - Processing /opt/airflow/dags/dag.py took 0.111 seconds
[2023-06-15T18:02:29.479+0000] {processor.py:153} INFO - Started process (PID=109) to work on /opt/airflow/dags/dag.py
[2023-06-15T18:02:29.485+0000] {processor.py:743} INFO - Processing file /opt/airflow/dags/dag.py for tasks to queue
[2023-06-15T18:02:29.493+0000] {logging_mixin.py:137} INFO - [2023-06-15T18:02:29.492+0000] {dagbag.py:538} INFO - Filling up the DagBag from /opt/airflow/dags/dag.py
[2023-06-15T18:02:29.556+0000] {logging_mixin.py:137} INFO - [2023-06-15T18:02:29.553+0000] {dagbag.py:343} ERROR - Failed to import: /opt/airflow/dags/dag.py
Traceback (most recent call last):
  File "/home/airflow/.local/lib/python3.7/site-packages/airflow/models/dagbag.py", line 339, in parse
    loader.exec_module(new_module)
  File "<frozen importlib._bootstrap_external>", line 728, in exec_module
  File "<frozen importlib._bootstrap>", line 219, in _call_with_frames_removed
  File "/opt/airflow/dags/dag.py", line 8, in <module>
    start_date=pendulum.datetime(2023,16,6),
  File "/home/airflow/.local/lib/python3.7/site-packages/pendulum/__init__.py", line 116, in datetime
    dt = _datetime.datetime(year, month, day, hour, minute, second, microsecond)
ValueError: month must be in 1..12
[2023-06-15T18:02:29.557+0000] {processor.py:755} WARNING - No viable dags retrieved from /opt/airflow/dags/dag.py
[2023-06-15T18:02:29.590+0000] {processor.py:175} INFO - Processing /opt/airflow/dags/dag.py took 0.124 seconds
[2023-06-15T18:02:59.633+0000] {processor.py:153} INFO - Started process (PID=173) to work on /opt/airflow/dags/dag.py
[2023-06-15T18:02:59.635+0000] {processor.py:743} INFO - Processing file /opt/airflow/dags/dag.py for tasks to queue
[2023-06-15T18:02:59.637+0000] {logging_mixin.py:137} INFO - [2023-06-15T18:02:59.637+0000] {dagbag.py:538} INFO - Filling up the DagBag from /opt/airflow/dags/dag.py
[2023-06-15T18:02:59.663+0000] {logging_mixin.py:137} INFO - [2023-06-15T18:02:59.660+0000] {dagbag.py:343} ERROR - Failed to import: /opt/airflow/dags/dag.py
Traceback (most recent call last):
  File "/home/airflow/.local/lib/python3.7/site-packages/airflow/models/dagbag.py", line 339, in parse
    loader.exec_module(new_module)
  File "<frozen importlib._bootstrap_external>", line 728, in exec_module
  File "<frozen importlib._bootstrap>", line 219, in _call_with_frames_removed
  File "/opt/airflow/dags/dag.py", line 8, in <module>
    start_date=pendulum.datetime(2023,16,6),
  File "/home/airflow/.local/lib/python3.7/site-packages/pendulum/__init__.py", line 116, in datetime
    dt = _datetime.datetime(year, month, day, hour, minute, second, microsecond)
ValueError: month must be in 1..12
[2023-06-15T18:02:59.664+0000] {processor.py:755} WARNING - No viable dags retrieved from /opt/airflow/dags/dag.py
[2023-06-15T18:02:59.692+0000] {processor.py:175} INFO - Processing /opt/airflow/dags/dag.py took 0.065 seconds
[2023-06-15T18:03:30.475+0000] {processor.py:153} INFO - Started process (PID=249) to work on /opt/airflow/dags/dag.py
[2023-06-15T18:03:30.476+0000] {processor.py:743} INFO - Processing file /opt/airflow/dags/dag.py for tasks to queue
[2023-06-15T18:03:30.478+0000] {logging_mixin.py:137} INFO - [2023-06-15T18:03:30.478+0000] {dagbag.py:538} INFO - Filling up the DagBag from /opt/airflow/dags/dag.py
[2023-06-15T18:03:30.505+0000] {logging_mixin.py:137} INFO - [2023-06-15T18:03:30.502+0000] {dagbag.py:343} ERROR - Failed to import: /opt/airflow/dags/dag.py
Traceback (most recent call last):
  File "/home/airflow/.local/lib/python3.7/site-packages/airflow/models/dagbag.py", line 339, in parse
    loader.exec_module(new_module)
  File "<frozen importlib._bootstrap_external>", line 728, in exec_module
  File "<frozen importlib._bootstrap>", line 219, in _call_with_frames_removed
  File "/opt/airflow/dags/dag.py", line 8, in <module>
    start_date=pendulum.datetime(2023,16,6),
  File "/home/airflow/.local/lib/python3.7/site-packages/pendulum/__init__.py", line 116, in datetime
    dt = _datetime.datetime(year, month, day, hour, minute, second, microsecond)
ValueError: month must be in 1..12
[2023-06-15T18:03:30.506+0000] {processor.py:755} WARNING - No viable dags retrieved from /opt/airflow/dags/dag.py
[2023-06-15T18:03:30.532+0000] {processor.py:175} INFO - Processing /opt/airflow/dags/dag.py took 0.063 seconds
[2023-06-15T18:03:34.177+0000] {processor.py:153} INFO - Started process (PID=260) to work on /opt/airflow/dags/dag.py
[2023-06-15T18:03:34.179+0000] {processor.py:743} INFO - Processing file /opt/airflow/dags/dag.py for tasks to queue
[2023-06-15T18:03:34.181+0000] {logging_mixin.py:137} INFO - [2023-06-15T18:03:34.181+0000] {dagbag.py:538} INFO - Filling up the DagBag from /opt/airflow/dags/dag.py
[2023-06-15T18:03:34.219+0000] {processor.py:753} INFO - DAG(s) dict_keys(['load_velib']) retrieved from /opt/airflow/dags/dag.py
[2023-06-15T18:03:34.368+0000] {logging_mixin.py:137} INFO - [2023-06-15T18:03:34.368+0000] {manager.py:504} INFO - Created Permission View: can delete on DAG:load_velib
[2023-06-15T18:03:34.375+0000] {logging_mixin.py:137} INFO - [2023-06-15T18:03:34.375+0000] {manager.py:504} INFO - Created Permission View: can read on DAG:load_velib
[2023-06-15T18:03:34.380+0000] {logging_mixin.py:137} INFO - [2023-06-15T18:03:34.380+0000] {manager.py:504} INFO - Created Permission View: can edit on DAG:load_velib
[2023-06-15T18:03:34.381+0000] {logging_mixin.py:137} INFO - [2023-06-15T18:03:34.381+0000] {dag.py:2690} INFO - Sync 1 DAGs
[2023-06-15T18:03:34.391+0000] {logging_mixin.py:137} INFO - [2023-06-15T18:03:34.390+0000] {dag.py:2711} INFO - Creating ORM DAG for load_velib
[2023-06-15T18:03:34.402+0000] {logging_mixin.py:137} INFO - [2023-06-15T18:03:34.402+0000] {dag.py:3441} INFO - Setting next_dagrun for load_velib to 2023-06-16T00:00:00+00:00, run_after=2023-06-16T01:00:00+00:00
[2023-06-15T18:03:34.416+0000] {processor.py:175} INFO - Processing /opt/airflow/dags/dag.py took 0.245 seconds
[2023-06-15T18:04:05.016+0000] {processor.py:153} INFO - Started process (PID=337) to work on /opt/airflow/dags/dag.py
[2023-06-15T18:04:05.020+0000] {processor.py:743} INFO - Processing file /opt/airflow/dags/dag.py for tasks to queue
[2023-06-15T18:04:05.021+0000] {logging_mixin.py:137} INFO - [2023-06-15T18:04:05.021+0000] {dagbag.py:538} INFO - Filling up the DagBag from /opt/airflow/dags/dag.py
[2023-06-15T18:04:05.048+0000] {processor.py:753} INFO - DAG(s) dict_keys(['load_velib']) retrieved from /opt/airflow/dags/dag.py
[2023-06-15T18:04:05.067+0000] {logging_mixin.py:137} INFO - [2023-06-15T18:04:05.067+0000] {dag.py:2690} INFO - Sync 1 DAGs
[2023-06-15T18:04:05.085+0000] {logging_mixin.py:137} INFO - [2023-06-15T18:04:05.085+0000] {dag.py:3441} INFO - Setting next_dagrun for load_velib to 2023-06-16T00:00:00+00:00, run_after=2023-06-16T01:00:00+00:00
[2023-06-15T18:04:05.098+0000] {processor.py:175} INFO - Processing /opt/airflow/dags/dag.py took 0.089 seconds
[2023-06-15T18:04:35.486+0000] {processor.py:153} INFO - Started process (PID=401) to work on /opt/airflow/dags/dag.py
[2023-06-15T18:04:35.489+0000] {processor.py:743} INFO - Processing file /opt/airflow/dags/dag.py for tasks to queue
[2023-06-15T18:04:35.490+0000] {logging_mixin.py:137} INFO - [2023-06-15T18:04:35.490+0000] {dagbag.py:538} INFO - Filling up the DagBag from /opt/airflow/dags/dag.py
[2023-06-15T18:04:35.521+0000] {processor.py:753} INFO - DAG(s) dict_keys(['load_velib']) retrieved from /opt/airflow/dags/dag.py
[2023-06-15T18:04:35.548+0000] {logging_mixin.py:137} INFO - [2023-06-15T18:04:35.548+0000] {dag.py:2690} INFO - Sync 1 DAGs
[2023-06-15T18:04:35.567+0000] {logging_mixin.py:137} INFO - [2023-06-15T18:04:35.567+0000] {dag.py:3441} INFO - Setting next_dagrun for load_velib to 2023-06-16T00:00:00+00:00, run_after=2023-06-16T01:00:00+00:00
[2023-06-15T18:04:35.586+0000] {processor.py:175} INFO - Processing /opt/airflow/dags/dag.py took 0.107 seconds
[2023-06-15T18:04:45.445+0000] {processor.py:153} INFO - Started process (PID=444) to work on /opt/airflow/dags/dag.py
[2023-06-15T18:04:45.446+0000] {processor.py:743} INFO - Processing file /opt/airflow/dags/dag.py for tasks to queue
[2023-06-15T18:04:45.448+0000] {logging_mixin.py:137} INFO - [2023-06-15T18:04:45.447+0000] {dagbag.py:538} INFO - Filling up the DagBag from /opt/airflow/dags/dag.py
[2023-06-15T18:04:45.479+0000] {processor.py:753} INFO - DAG(s) dict_keys(['load_velib']) retrieved from /opt/airflow/dags/dag.py
[2023-06-15T18:04:45.500+0000] {logging_mixin.py:137} INFO - [2023-06-15T18:04:45.500+0000] {dag.py:2690} INFO - Sync 1 DAGs
[2023-06-15T18:04:45.521+0000] {logging_mixin.py:137} INFO - [2023-06-15T18:04:45.521+0000] {dag.py:3441} INFO - Setting next_dagrun for load_velib to 2023-06-16T00:00:00+00:00, run_after=2023-06-16T01:00:00+00:00
[2023-06-15T18:04:45.537+0000] {processor.py:175} INFO - Processing /opt/airflow/dags/dag.py took 0.097 seconds
[2023-06-15T18:05:16.242+0000] {processor.py:153} INFO - Started process (PID=520) to work on /opt/airflow/dags/dag.py
[2023-06-15T18:05:16.245+0000] {processor.py:743} INFO - Processing file /opt/airflow/dags/dag.py for tasks to queue
[2023-06-15T18:05:16.246+0000] {logging_mixin.py:137} INFO - [2023-06-15T18:05:16.246+0000] {dagbag.py:538} INFO - Filling up the DagBag from /opt/airflow/dags/dag.py
[2023-06-15T18:05:16.276+0000] {processor.py:753} INFO - DAG(s) dict_keys(['load_velib']) retrieved from /opt/airflow/dags/dag.py
[2023-06-15T18:05:16.299+0000] {logging_mixin.py:137} INFO - [2023-06-15T18:05:16.299+0000] {dag.py:2690} INFO - Sync 1 DAGs
[2023-06-15T18:05:16.319+0000] {logging_mixin.py:137} INFO - [2023-06-15T18:05:16.319+0000] {dag.py:3441} INFO - Setting next_dagrun for load_velib to 2023-06-16T00:00:00+00:00, run_after=2023-06-16T01:00:00+00:00
[2023-06-15T18:05:16.333+0000] {processor.py:175} INFO - Processing /opt/airflow/dags/dag.py took 0.097 seconds
[2023-06-15T18:05:46.949+0000] {processor.py:153} INFO - Started process (PID=593) to work on /opt/airflow/dags/dag.py
[2023-06-15T18:05:46.951+0000] {processor.py:743} INFO - Processing file /opt/airflow/dags/dag.py for tasks to queue
[2023-06-15T18:05:46.952+0000] {logging_mixin.py:137} INFO - [2023-06-15T18:05:46.952+0000] {dagbag.py:538} INFO - Filling up the DagBag from /opt/airflow/dags/dag.py
[2023-06-15T18:05:46.972+0000] {processor.py:753} INFO - DAG(s) dict_keys(['load_velib']) retrieved from /opt/airflow/dags/dag.py
[2023-06-15T18:05:46.992+0000] {logging_mixin.py:137} INFO - [2023-06-15T18:05:46.992+0000] {dag.py:2690} INFO - Sync 1 DAGs
[2023-06-15T18:05:47.013+0000] {logging_mixin.py:137} INFO - [2023-06-15T18:05:47.013+0000] {dag.py:3441} INFO - Setting next_dagrun for load_velib to 2023-06-16T00:00:00+00:00, run_after=2023-06-16T01:00:00+00:00
[2023-06-15T18:05:47.027+0000] {processor.py:175} INFO - Processing /opt/airflow/dags/dag.py took 0.081 seconds
[2023-06-15T18:06:17.299+0000] {processor.py:153} INFO - Started process (PID=659) to work on /opt/airflow/dags/dag.py
[2023-06-15T18:06:17.302+0000] {processor.py:743} INFO - Processing file /opt/airflow/dags/dag.py for tasks to queue
[2023-06-15T18:06:17.303+0000] {logging_mixin.py:137} INFO - [2023-06-15T18:06:17.303+0000] {dagbag.py:538} INFO - Filling up the DagBag from /opt/airflow/dags/dag.py
[2023-06-15T18:06:17.330+0000] {processor.py:753} INFO - DAG(s) dict_keys(['load_velib']) retrieved from /opt/airflow/dags/dag.py
[2023-06-15T18:06:17.355+0000] {logging_mixin.py:137} INFO - [2023-06-15T18:06:17.354+0000] {dag.py:2690} INFO - Sync 1 DAGs
[2023-06-15T18:06:17.376+0000] {logging_mixin.py:137} INFO - [2023-06-15T18:06:17.376+0000] {dag.py:3441} INFO - Setting next_dagrun for load_velib to 2023-06-16T00:00:00+00:00, run_after=2023-06-16T01:00:00+00:00
[2023-06-15T18:06:17.392+0000] {processor.py:175} INFO - Processing /opt/airflow/dags/dag.py took 0.097 seconds
[2023-06-15T18:06:47.735+0000] {processor.py:153} INFO - Started process (PID=736) to work on /opt/airflow/dags/dag.py
[2023-06-15T18:06:47.738+0000] {processor.py:743} INFO - Processing file /opt/airflow/dags/dag.py for tasks to queue
[2023-06-15T18:06:47.740+0000] {logging_mixin.py:137} INFO - [2023-06-15T18:06:47.739+0000] {dagbag.py:538} INFO - Filling up the DagBag from /opt/airflow/dags/dag.py
[2023-06-15T18:06:47.773+0000] {processor.py:753} INFO - DAG(s) dict_keys(['load_velib']) retrieved from /opt/airflow/dags/dag.py
[2023-06-15T18:06:47.797+0000] {logging_mixin.py:137} INFO - [2023-06-15T18:06:47.797+0000] {dag.py:2690} INFO - Sync 1 DAGs
[2023-06-15T18:06:47.821+0000] {logging_mixin.py:137} INFO - [2023-06-15T18:06:47.821+0000] {dag.py:3441} INFO - Setting next_dagrun for load_velib to 2023-06-16T00:00:00+00:00, run_after=2023-06-16T01:00:00+00:00
[2023-06-15T18:06:47.836+0000] {processor.py:175} INFO - Processing /opt/airflow/dags/dag.py took 0.107 seconds
[2023-06-15T18:07:18.511+0000] {processor.py:153} INFO - Started process (PID=800) to work on /opt/airflow/dags/dag.py
[2023-06-15T18:07:18.513+0000] {processor.py:743} INFO - Processing file /opt/airflow/dags/dag.py for tasks to queue
[2023-06-15T18:07:18.515+0000] {logging_mixin.py:137} INFO - [2023-06-15T18:07:18.515+0000] {dagbag.py:538} INFO - Filling up the DagBag from /opt/airflow/dags/dag.py
[2023-06-15T18:07:18.557+0000] {processor.py:753} INFO - DAG(s) dict_keys(['load_velib']) retrieved from /opt/airflow/dags/dag.py
[2023-06-15T18:07:18.605+0000] {logging_mixin.py:137} INFO - [2023-06-15T18:07:18.605+0000] {dag.py:2690} INFO - Sync 1 DAGs
[2023-06-15T18:07:18.636+0000] {logging_mixin.py:137} INFO - [2023-06-15T18:07:18.636+0000] {dag.py:3441} INFO - Setting next_dagrun for load_velib to 2023-06-16T00:00:00+00:00, run_after=2023-06-16T01:00:00+00:00
[2023-06-15T18:07:18.654+0000] {processor.py:175} INFO - Processing /opt/airflow/dags/dag.py took 0.148 seconds
[2023-06-15T18:07:34.655+0000] {processor.py:153} INFO - Started process (PID=825) to work on /opt/airflow/dags/dag.py
[2023-06-15T18:07:34.657+0000] {processor.py:743} INFO - Processing file /opt/airflow/dags/dag.py for tasks to queue
[2023-06-15T18:07:34.658+0000] {logging_mixin.py:137} INFO - [2023-06-15T18:07:34.658+0000] {dagbag.py:538} INFO - Filling up the DagBag from /opt/airflow/dags/dag.py
[2023-06-15T18:07:34.687+0000] {processor.py:753} INFO - DAG(s) dict_keys(['load_velib']) retrieved from /opt/airflow/dags/dag.py
[2023-06-15T18:07:34.711+0000] {logging_mixin.py:137} INFO - [2023-06-15T18:07:34.711+0000] {dag.py:2690} INFO - Sync 1 DAGs
[2023-06-15T18:07:34.732+0000] {logging_mixin.py:137} INFO - [2023-06-15T18:07:34.731+0000] {dag.py:3441} INFO - Setting next_dagrun for load_velib to 2023-06-16T00:00:00+00:00, run_after=2023-06-16T01:00:00+00:00
[2023-06-15T18:07:34.747+0000] {processor.py:175} INFO - Processing /opt/airflow/dags/dag.py took 0.097 seconds
[2023-06-15T18:08:05.715+0000] {processor.py:153} INFO - Started process (PID=889) to work on /opt/airflow/dags/dag.py
[2023-06-15T18:08:05.717+0000] {processor.py:743} INFO - Processing file /opt/airflow/dags/dag.py for tasks to queue
[2023-06-15T18:08:05.721+0000] {logging_mixin.py:137} INFO - [2023-06-15T18:08:05.720+0000] {dagbag.py:538} INFO - Filling up the DagBag from /opt/airflow/dags/dag.py
[2023-06-15T18:08:05.786+0000] {processor.py:753} INFO - DAG(s) dict_keys(['load_velib']) retrieved from /opt/airflow/dags/dag.py
[2023-06-15T18:08:05.821+0000] {logging_mixin.py:137} INFO - [2023-06-15T18:08:05.821+0000] {dag.py:2690} INFO - Sync 1 DAGs
[2023-06-15T18:08:05.856+0000] {logging_mixin.py:137} INFO - [2023-06-15T18:08:05.856+0000] {dag.py:3441} INFO - Setting next_dagrun for load_velib to 2023-06-16T00:00:00+00:00, run_after=2023-06-16T01:00:00+00:00
[2023-06-15T18:08:05.900+0000] {processor.py:175} INFO - Processing /opt/airflow/dags/dag.py took 0.197 seconds
[2023-06-15T18:08:36.907+0000] {processor.py:153} INFO - Started process (PID=965) to work on /opt/airflow/dags/dag.py
[2023-06-15T18:08:36.909+0000] {processor.py:743} INFO - Processing file /opt/airflow/dags/dag.py for tasks to queue
[2023-06-15T18:08:36.910+0000] {logging_mixin.py:137} INFO - [2023-06-15T18:08:36.910+0000] {dagbag.py:538} INFO - Filling up the DagBag from /opt/airflow/dags/dag.py
[2023-06-15T18:08:36.944+0000] {processor.py:753} INFO - DAG(s) dict_keys(['load_velib']) retrieved from /opt/airflow/dags/dag.py
[2023-06-15T18:08:36.970+0000] {logging_mixin.py:137} INFO - [2023-06-15T18:08:36.970+0000] {dag.py:2690} INFO - Sync 1 DAGs
[2023-06-15T18:08:36.996+0000] {logging_mixin.py:137} INFO - [2023-06-15T18:08:36.996+0000] {dag.py:3441} INFO - Setting next_dagrun for load_velib to 2023-06-16T00:00:00+00:00, run_after=2023-06-16T01:00:00+00:00
[2023-06-15T18:08:37.020+0000] {processor.py:175} INFO - Processing /opt/airflow/dags/dag.py took 0.117 seconds
[2023-06-15T18:09:07.533+0000] {processor.py:153} INFO - Started process (PID=1041) to work on /opt/airflow/dags/dag.py
[2023-06-15T18:09:07.535+0000] {processor.py:743} INFO - Processing file /opt/airflow/dags/dag.py for tasks to queue
[2023-06-15T18:09:07.537+0000] {logging_mixin.py:137} INFO - [2023-06-15T18:09:07.537+0000] {dagbag.py:538} INFO - Filling up the DagBag from /opt/airflow/dags/dag.py
[2023-06-15T18:09:07.582+0000] {processor.py:753} INFO - DAG(s) dict_keys(['load_velib']) retrieved from /opt/airflow/dags/dag.py
[2023-06-15T18:09:07.621+0000] {logging_mixin.py:137} INFO - [2023-06-15T18:09:07.621+0000] {dag.py:2690} INFO - Sync 1 DAGs
[2023-06-15T18:09:07.654+0000] {logging_mixin.py:137} INFO - [2023-06-15T18:09:07.654+0000] {dag.py:3441} INFO - Setting next_dagrun for load_velib to 2023-06-16T00:00:00+00:00, run_after=2023-06-16T01:00:00+00:00
[2023-06-15T18:09:07.681+0000] {processor.py:175} INFO - Processing /opt/airflow/dags/dag.py took 0.153 seconds
[2023-06-15T18:09:38.262+0000] {processor.py:153} INFO - Started process (PID=1105) to work on /opt/airflow/dags/dag.py
[2023-06-15T18:09:38.264+0000] {processor.py:743} INFO - Processing file /opt/airflow/dags/dag.py for tasks to queue
[2023-06-15T18:09:38.266+0000] {logging_mixin.py:137} INFO - [2023-06-15T18:09:38.266+0000] {dagbag.py:538} INFO - Filling up the DagBag from /opt/airflow/dags/dag.py
[2023-06-15T18:09:38.307+0000] {processor.py:753} INFO - DAG(s) dict_keys(['load_velib']) retrieved from /opt/airflow/dags/dag.py
[2023-06-15T18:09:38.341+0000] {logging_mixin.py:137} INFO - [2023-06-15T18:09:38.340+0000] {dag.py:2690} INFO - Sync 1 DAGs
[2023-06-15T18:09:38.366+0000] {logging_mixin.py:137} INFO - [2023-06-15T18:09:38.366+0000] {dag.py:3441} INFO - Setting next_dagrun for load_velib to 2023-06-16T00:00:00+00:00, run_after=2023-06-16T01:00:00+00:00
[2023-06-15T18:09:38.382+0000] {processor.py:175} INFO - Processing /opt/airflow/dags/dag.py took 0.124 seconds
[2023-06-15T18:10:08.846+0000] {processor.py:153} INFO - Started process (PID=1181) to work on /opt/airflow/dags/dag.py
[2023-06-15T18:10:08.848+0000] {processor.py:743} INFO - Processing file /opt/airflow/dags/dag.py for tasks to queue
[2023-06-15T18:10:08.849+0000] {logging_mixin.py:137} INFO - [2023-06-15T18:10:08.849+0000] {dagbag.py:538} INFO - Filling up the DagBag from /opt/airflow/dags/dag.py
[2023-06-15T18:10:08.874+0000] {processor.py:753} INFO - DAG(s) dict_keys(['load_velib']) retrieved from /opt/airflow/dags/dag.py
[2023-06-15T18:10:08.895+0000] {logging_mixin.py:137} INFO - [2023-06-15T18:10:08.895+0000] {dag.py:2690} INFO - Sync 1 DAGs
[2023-06-15T18:10:08.914+0000] {logging_mixin.py:137} INFO - [2023-06-15T18:10:08.914+0000] {dag.py:3441} INFO - Setting next_dagrun for load_velib to 2023-06-16T00:00:00+00:00, run_after=2023-06-16T01:00:00+00:00
[2023-06-15T18:10:08.927+0000] {processor.py:175} INFO - Processing /opt/airflow/dags/dag.py took 0.085 seconds
[2023-06-15T18:10:39.766+0000] {processor.py:153} INFO - Started process (PID=1257) to work on /opt/airflow/dags/dag.py
[2023-06-15T18:10:39.769+0000] {processor.py:743} INFO - Processing file /opt/airflow/dags/dag.py for tasks to queue
[2023-06-15T18:10:39.771+0000] {logging_mixin.py:137} INFO - [2023-06-15T18:10:39.771+0000] {dagbag.py:538} INFO - Filling up the DagBag from /opt/airflow/dags/dag.py
[2023-06-15T18:10:39.798+0000] {processor.py:753} INFO - DAG(s) dict_keys(['load_velib']) retrieved from /opt/airflow/dags/dag.py
[2023-06-15T18:10:39.823+0000] {logging_mixin.py:137} INFO - [2023-06-15T18:10:39.823+0000] {dag.py:2690} INFO - Sync 1 DAGs
[2023-06-15T18:10:39.848+0000] {logging_mixin.py:137} INFO - [2023-06-15T18:10:39.848+0000] {dag.py:3441} INFO - Setting next_dagrun for load_velib to 2023-06-16T00:00:00+00:00, run_after=2023-06-16T01:00:00+00:00
[2023-06-15T18:10:39.863+0000] {processor.py:175} INFO - Processing /opt/airflow/dags/dag.py took 0.100 seconds
[2023-06-15T18:11:10.305+0000] {processor.py:153} INFO - Started process (PID=1320) to work on /opt/airflow/dags/dag.py
[2023-06-15T18:11:10.307+0000] {processor.py:743} INFO - Processing file /opt/airflow/dags/dag.py for tasks to queue
[2023-06-15T18:11:10.308+0000] {logging_mixin.py:137} INFO - [2023-06-15T18:11:10.308+0000] {dagbag.py:538} INFO - Filling up the DagBag from /opt/airflow/dags/dag.py
[2023-06-15T18:11:10.342+0000] {processor.py:753} INFO - DAG(s) dict_keys(['load_velib']) retrieved from /opt/airflow/dags/dag.py
[2023-06-15T18:11:10.368+0000] {logging_mixin.py:137} INFO - [2023-06-15T18:11:10.368+0000] {dag.py:2690} INFO - Sync 1 DAGs
[2023-06-15T18:11:10.394+0000] {logging_mixin.py:137} INFO - [2023-06-15T18:11:10.394+0000] {dag.py:3441} INFO - Setting next_dagrun for load_velib to 2023-06-16T00:00:00+00:00, run_after=2023-06-16T01:00:00+00:00
[2023-06-15T18:11:10.410+0000] {processor.py:175} INFO - Processing /opt/airflow/dags/dag.py took 0.109 seconds
[2023-06-15T18:11:40.974+0000] {processor.py:153} INFO - Started process (PID=1398) to work on /opt/airflow/dags/dag.py
[2023-06-15T18:11:40.975+0000] {processor.py:743} INFO - Processing file /opt/airflow/dags/dag.py for tasks to queue
[2023-06-15T18:11:40.976+0000] {logging_mixin.py:137} INFO - [2023-06-15T18:11:40.976+0000] {dagbag.py:538} INFO - Filling up the DagBag from /opt/airflow/dags/dag.py
[2023-06-15T18:11:40.996+0000] {processor.py:753} INFO - DAG(s) dict_keys(['load_velib']) retrieved from /opt/airflow/dags/dag.py
[2023-06-15T18:11:41.017+0000] {logging_mixin.py:137} INFO - [2023-06-15T18:11:41.017+0000] {dag.py:2690} INFO - Sync 1 DAGs
[2023-06-15T18:11:41.036+0000] {logging_mixin.py:137} INFO - [2023-06-15T18:11:41.036+0000] {dag.py:3441} INFO - Setting next_dagrun for load_velib to 2023-06-16T00:00:00+00:00, run_after=2023-06-16T01:00:00+00:00
[2023-06-15T18:11:41.048+0000] {processor.py:175} INFO - Processing /opt/airflow/dags/dag.py took 0.077 seconds
[2023-06-15T18:11:52.371+0000] {processor.py:153} INFO - Started process (PID=1449) to work on /opt/airflow/dags/dag.py
[2023-06-15T18:11:52.372+0000] {processor.py:743} INFO - Processing file /opt/airflow/dags/dag.py for tasks to queue
[2023-06-15T18:11:52.373+0000] {logging_mixin.py:137} INFO - [2023-06-15T18:11:52.373+0000] {dagbag.py:538} INFO - Filling up the DagBag from /opt/airflow/dags/dag.py
[2023-06-15T18:11:52.404+0000] {processor.py:753} INFO - DAG(s) dict_keys(['load_velib']) retrieved from /opt/airflow/dags/dag.py
[2023-06-15T18:11:52.425+0000] {logging_mixin.py:137} INFO - [2023-06-15T18:11:52.425+0000] {dag.py:2690} INFO - Sync 1 DAGs
[2023-06-15T18:11:52.443+0000] {logging_mixin.py:137} INFO - [2023-06-15T18:11:52.443+0000] {dag.py:3441} INFO - Setting next_dagrun for load_velib to 2023-06-16T00:00:00+00:00, run_after=2023-06-16T01:00:00+00:00
[2023-06-15T18:11:52.459+0000] {processor.py:175} INFO - Processing /opt/airflow/dags/dag.py took 0.091 seconds
[2023-06-15T18:12:16.315+0000] {processor.py:153} INFO - Started process (PID=1485) to work on /opt/airflow/dags/dag.py
[2023-06-15T18:12:16.317+0000] {processor.py:743} INFO - Processing file /opt/airflow/dags/dag.py for tasks to queue
[2023-06-15T18:12:16.319+0000] {logging_mixin.py:137} INFO - [2023-06-15T18:12:16.318+0000] {dagbag.py:538} INFO - Filling up the DagBag from /opt/airflow/dags/dag.py
[2023-06-15T18:12:17.232+0000] {processor.py:753} INFO - DAG(s) dict_keys(['load_velib']) retrieved from /opt/airflow/dags/dag.py
[2023-06-15T18:12:17.253+0000] {logging_mixin.py:137} INFO - [2023-06-15T18:12:17.252+0000] {dag.py:2690} INFO - Sync 1 DAGs
[2023-06-15T18:12:17.271+0000] {logging_mixin.py:137} INFO - [2023-06-15T18:12:17.271+0000] {dag.py:3441} INFO - Setting next_dagrun for load_velib to 2023-06-16T00:00:00+00:00, run_after=2023-06-16T01:00:00+00:00
[2023-06-15T18:12:17.285+0000] {processor.py:175} INFO - Processing /opt/airflow/dags/dag.py took 0.974 seconds
[2023-06-15T18:12:20.983+0000] {processor.py:153} INFO - Started process (PID=1515) to work on /opt/airflow/dags/dag.py
[2023-06-15T18:12:20.985+0000] {processor.py:743} INFO - Processing file /opt/airflow/dags/dag.py for tasks to queue
[2023-06-15T18:12:20.987+0000] {logging_mixin.py:137} INFO - [2023-06-15T18:12:20.987+0000] {dagbag.py:538} INFO - Filling up the DagBag from /opt/airflow/dags/dag.py
[2023-06-15T18:12:21.306+0000] {processor.py:753} INFO - DAG(s) dict_keys(['load_velib']) retrieved from /opt/airflow/dags/dag.py
[2023-06-15T18:12:21.323+0000] {logging_mixin.py:137} INFO - [2023-06-15T18:12:21.323+0000] {dag.py:2690} INFO - Sync 1 DAGs
[2023-06-15T18:12:21.339+0000] {logging_mixin.py:137} INFO - [2023-06-15T18:12:21.339+0000] {dag.py:3441} INFO - Setting next_dagrun for load_velib to 2023-06-16T00:00:00+00:00, run_after=2023-06-16T01:00:00+00:00
[2023-06-15T18:12:21.353+0000] {processor.py:175} INFO - Processing /opt/airflow/dags/dag.py took 0.375 seconds
[2023-06-15T18:12:51.671+0000] {processor.py:153} INFO - Started process (PID=1593) to work on /opt/airflow/dags/dag.py
[2023-06-15T18:12:51.674+0000] {processor.py:743} INFO - Processing file /opt/airflow/dags/dag.py for tasks to queue
[2023-06-15T18:12:51.675+0000] {logging_mixin.py:137} INFO - [2023-06-15T18:12:51.675+0000] {dagbag.py:538} INFO - Filling up the DagBag from /opt/airflow/dags/dag.py
[2023-06-15T18:12:51.975+0000] {processor.py:753} INFO - DAG(s) dict_keys(['load_velib']) retrieved from /opt/airflow/dags/dag.py
[2023-06-15T18:12:51.990+0000] {logging_mixin.py:137} INFO - [2023-06-15T18:12:51.990+0000] {dag.py:2690} INFO - Sync 1 DAGs
[2023-06-15T18:12:52.007+0000] {logging_mixin.py:137} INFO - [2023-06-15T18:12:52.006+0000] {dag.py:3441} INFO - Setting next_dagrun for load_velib to 2023-06-16T00:00:00+00:00, run_after=2023-06-16T01:00:00+00:00
[2023-06-15T18:12:52.018+0000] {processor.py:175} INFO - Processing /opt/airflow/dags/dag.py took 0.351 seconds
[2023-06-15T18:13:21.360+0000] {processor.py:153} INFO - Started process (PID=1671) to work on /opt/airflow/dags/dag.py
[2023-06-15T18:13:21.361+0000] {processor.py:743} INFO - Processing file /opt/airflow/dags/dag.py for tasks to queue
[2023-06-15T18:13:21.362+0000] {logging_mixin.py:137} INFO - [2023-06-15T18:13:21.362+0000] {dagbag.py:538} INFO - Filling up the DagBag from /opt/airflow/dags/dag.py
[2023-06-15T18:13:21.723+0000] {logging_mixin.py:137} INFO - [2023-06-15T18:13:21.719+0000] {dagbag.py:343} ERROR - Failed to import: /opt/airflow/dags/dag.py
Traceback (most recent call last):
  File "/home/airflow/.local/lib/python3.7/site-packages/airflow/models/dagbag.py", line 339, in parse
    loader.exec_module(new_module)
  File "<frozen importlib._bootstrap_external>", line 728, in exec_module
  File "<frozen importlib._bootstrap>", line 219, in _call_with_frames_removed
  File "/opt/airflow/dags/dag.py", line 37, in <module>
    load = load_velib()
  File "/home/airflow/.local/lib/python3.7/site-packages/airflow/models/dag.py", line 3555, in factory
    f(**f_kwargs)
  File "/opt/airflow/dags/dag.py", line 33, in load_velib
    df_shape = get_number_lines(get_data())
  File "/opt/airflow/dags/dag.py", line 25, in get_number_lines
    df = pd.read_csv(csv_name, sep=";")
  File "/home/airflow/.local/lib/python3.7/site-packages/pandas/util/_decorators.py", line 311, in wrapper
    return func(*args, **kwargs)
  File "/home/airflow/.local/lib/python3.7/site-packages/pandas/io/parsers/readers.py", line 586, in read_csv
    return _read(filepath_or_buffer, kwds)
  File "/home/airflow/.local/lib/python3.7/site-packages/pandas/io/parsers/readers.py", line 482, in _read
    parser = TextFileReader(filepath_or_buffer, **kwds)
  File "/home/airflow/.local/lib/python3.7/site-packages/pandas/io/parsers/readers.py", line 811, in __init__
    self._engine = self._make_engine(self.engine)
  File "/home/airflow/.local/lib/python3.7/site-packages/pandas/io/parsers/readers.py", line 1040, in _make_engine
    return mapping[engine](self.f, **self.options)  # type: ignore[call-arg]
  File "/home/airflow/.local/lib/python3.7/site-packages/pandas/io/parsers/c_parser_wrapper.py", line 51, in __init__
    self._open_handles(src, kwds)
  File "/home/airflow/.local/lib/python3.7/site-packages/pandas/io/parsers/base_parser.py", line 229, in _open_handles
    errors=kwds.get("encoding_errors", "strict"),
  File "/home/airflow/.local/lib/python3.7/site-packages/pandas/io/common.py", line 614, in get_handle
    storage_options=storage_options,
  File "/home/airflow/.local/lib/python3.7/site-packages/pandas/io/common.py", line 396, in _get_filepath_or_buffer
    raise ValueError(msg)
ValueError: Invalid file path or buffer object type: <class 'airflow.models.xcom_arg.PlainXComArg'>
[2023-06-15T18:13:21.725+0000] {processor.py:755} WARNING - No viable dags retrieved from /opt/airflow/dags/dag.py
[2023-06-15T18:13:21.770+0000] {processor.py:175} INFO - Processing /opt/airflow/dags/dag.py took 0.413 seconds
[2023-06-15T18:13:52.255+0000] {processor.py:153} INFO - Started process (PID=1737) to work on /opt/airflow/dags/dag.py
[2023-06-15T18:13:52.258+0000] {processor.py:743} INFO - Processing file /opt/airflow/dags/dag.py for tasks to queue
[2023-06-15T18:13:52.259+0000] {logging_mixin.py:137} INFO - [2023-06-15T18:13:52.259+0000] {dagbag.py:538} INFO - Filling up the DagBag from /opt/airflow/dags/dag.py
[2023-06-15T18:13:52.708+0000] {logging_mixin.py:137} INFO - [2023-06-15T18:13:52.705+0000] {dagbag.py:343} ERROR - Failed to import: /opt/airflow/dags/dag.py
Traceback (most recent call last):
  File "/home/airflow/.local/lib/python3.7/site-packages/airflow/models/dagbag.py", line 339, in parse
    loader.exec_module(new_module)
  File "<frozen importlib._bootstrap_external>", line 728, in exec_module
  File "<frozen importlib._bootstrap>", line 219, in _call_with_frames_removed
  File "/opt/airflow/dags/dag.py", line 37, in <module>
    load = load_velib()
  File "/home/airflow/.local/lib/python3.7/site-packages/airflow/models/dag.py", line 3555, in factory
    f(**f_kwargs)
  File "/opt/airflow/dags/dag.py", line 33, in load_velib
    df_shape = get_number_lines(get_data())
  File "/opt/airflow/dags/dag.py", line 25, in get_number_lines
    df = pd.read_csv(csv_name, sep=";")
  File "/home/airflow/.local/lib/python3.7/site-packages/pandas/util/_decorators.py", line 311, in wrapper
    return func(*args, **kwargs)
  File "/home/airflow/.local/lib/python3.7/site-packages/pandas/io/parsers/readers.py", line 586, in read_csv
    return _read(filepath_or_buffer, kwds)
  File "/home/airflow/.local/lib/python3.7/site-packages/pandas/io/parsers/readers.py", line 482, in _read
    parser = TextFileReader(filepath_or_buffer, **kwds)
  File "/home/airflow/.local/lib/python3.7/site-packages/pandas/io/parsers/readers.py", line 811, in __init__
    self._engine = self._make_engine(self.engine)
  File "/home/airflow/.local/lib/python3.7/site-packages/pandas/io/parsers/readers.py", line 1040, in _make_engine
    return mapping[engine](self.f, **self.options)  # type: ignore[call-arg]
  File "/home/airflow/.local/lib/python3.7/site-packages/pandas/io/parsers/c_parser_wrapper.py", line 51, in __init__
    self._open_handles(src, kwds)
  File "/home/airflow/.local/lib/python3.7/site-packages/pandas/io/parsers/base_parser.py", line 229, in _open_handles
    errors=kwds.get("encoding_errors", "strict"),
  File "/home/airflow/.local/lib/python3.7/site-packages/pandas/io/common.py", line 614, in get_handle
    storage_options=storage_options,
  File "/home/airflow/.local/lib/python3.7/site-packages/pandas/io/common.py", line 396, in _get_filepath_or_buffer
    raise ValueError(msg)
ValueError: Invalid file path or buffer object type: <class 'airflow.models.xcom_arg.PlainXComArg'>
[2023-06-15T18:13:52.709+0000] {processor.py:755} WARNING - No viable dags retrieved from /opt/airflow/dags/dag.py
[2023-06-15T18:13:52.726+0000] {processor.py:175} INFO - Processing /opt/airflow/dags/dag.py took 0.477 seconds
[2023-06-15T18:14:23.449+0000] {processor.py:153} INFO - Started process (PID=1814) to work on /opt/airflow/dags/dag.py
[2023-06-15T18:14:23.452+0000] {processor.py:743} INFO - Processing file /opt/airflow/dags/dag.py for tasks to queue
[2023-06-15T18:14:23.454+0000] {logging_mixin.py:137} INFO - [2023-06-15T18:14:23.454+0000] {dagbag.py:538} INFO - Filling up the DagBag from /opt/airflow/dags/dag.py
[2023-06-15T18:14:23.907+0000] {logging_mixin.py:137} INFO - [2023-06-15T18:14:23.904+0000] {dagbag.py:343} ERROR - Failed to import: /opt/airflow/dags/dag.py
Traceback (most recent call last):
  File "/home/airflow/.local/lib/python3.7/site-packages/airflow/models/dagbag.py", line 339, in parse
    loader.exec_module(new_module)
  File "<frozen importlib._bootstrap_external>", line 728, in exec_module
  File "<frozen importlib._bootstrap>", line 219, in _call_with_frames_removed
  File "/opt/airflow/dags/dag.py", line 37, in <module>
    load = load_velib()
  File "/home/airflow/.local/lib/python3.7/site-packages/airflow/models/dag.py", line 3555, in factory
    f(**f_kwargs)
  File "/opt/airflow/dags/dag.py", line 33, in load_velib
    df_shape = get_number_lines(get_data())
  File "/opt/airflow/dags/dag.py", line 25, in get_number_lines
    df = pd.read_csv(csv_name, sep=";")
  File "/home/airflow/.local/lib/python3.7/site-packages/pandas/util/_decorators.py", line 311, in wrapper
    return func(*args, **kwargs)
  File "/home/airflow/.local/lib/python3.7/site-packages/pandas/io/parsers/readers.py", line 586, in read_csv
    return _read(filepath_or_buffer, kwds)
  File "/home/airflow/.local/lib/python3.7/site-packages/pandas/io/parsers/readers.py", line 482, in _read
    parser = TextFileReader(filepath_or_buffer, **kwds)
  File "/home/airflow/.local/lib/python3.7/site-packages/pandas/io/parsers/readers.py", line 811, in __init__
    self._engine = self._make_engine(self.engine)
  File "/home/airflow/.local/lib/python3.7/site-packages/pandas/io/parsers/readers.py", line 1040, in _make_engine
    return mapping[engine](self.f, **self.options)  # type: ignore[call-arg]
  File "/home/airflow/.local/lib/python3.7/site-packages/pandas/io/parsers/c_parser_wrapper.py", line 51, in __init__
    self._open_handles(src, kwds)
  File "/home/airflow/.local/lib/python3.7/site-packages/pandas/io/parsers/base_parser.py", line 229, in _open_handles
    errors=kwds.get("encoding_errors", "strict"),
  File "/home/airflow/.local/lib/python3.7/site-packages/pandas/io/common.py", line 614, in get_handle
    storage_options=storage_options,
  File "/home/airflow/.local/lib/python3.7/site-packages/pandas/io/common.py", line 396, in _get_filepath_or_buffer
    raise ValueError(msg)
ValueError: Invalid file path or buffer object type: <class 'airflow.models.xcom_arg.PlainXComArg'>
[2023-06-15T18:14:23.908+0000] {processor.py:755} WARNING - No viable dags retrieved from /opt/airflow/dags/dag.py
[2023-06-15T18:14:23.924+0000] {processor.py:175} INFO - Processing /opt/airflow/dags/dag.py took 0.483 seconds
[2023-06-15T18:14:54.431+0000] {processor.py:153} INFO - Started process (PID=1888) to work on /opt/airflow/dags/dag.py
[2023-06-15T18:14:54.433+0000] {processor.py:743} INFO - Processing file /opt/airflow/dags/dag.py for tasks to queue
[2023-06-15T18:14:54.435+0000] {logging_mixin.py:137} INFO - [2023-06-15T18:14:54.435+0000] {dagbag.py:538} INFO - Filling up the DagBag from /opt/airflow/dags/dag.py
[2023-06-15T18:14:55.083+0000] {logging_mixin.py:137} INFO - [2023-06-15T18:14:55.078+0000] {dagbag.py:343} ERROR - Failed to import: /opt/airflow/dags/dag.py
Traceback (most recent call last):
  File "/home/airflow/.local/lib/python3.7/site-packages/airflow/models/dagbag.py", line 339, in parse
    loader.exec_module(new_module)
  File "<frozen importlib._bootstrap_external>", line 728, in exec_module
  File "<frozen importlib._bootstrap>", line 219, in _call_with_frames_removed
  File "/opt/airflow/dags/dag.py", line 37, in <module>
    load = load_velib()
  File "/home/airflow/.local/lib/python3.7/site-packages/airflow/models/dag.py", line 3555, in factory
    f(**f_kwargs)
  File "/opt/airflow/dags/dag.py", line 33, in load_velib
    df_shape = get_number_lines(get_data())
  File "/opt/airflow/dags/dag.py", line 25, in get_number_lines
    df = pd.read_csv(csv_name, sep=";")
  File "/home/airflow/.local/lib/python3.7/site-packages/pandas/util/_decorators.py", line 311, in wrapper
    return func(*args, **kwargs)
  File "/home/airflow/.local/lib/python3.7/site-packages/pandas/io/parsers/readers.py", line 586, in read_csv
    return _read(filepath_or_buffer, kwds)
  File "/home/airflow/.local/lib/python3.7/site-packages/pandas/io/parsers/readers.py", line 482, in _read
    parser = TextFileReader(filepath_or_buffer, **kwds)
  File "/home/airflow/.local/lib/python3.7/site-packages/pandas/io/parsers/readers.py", line 811, in __init__
    self._engine = self._make_engine(self.engine)
  File "/home/airflow/.local/lib/python3.7/site-packages/pandas/io/parsers/readers.py", line 1040, in _make_engine
    return mapping[engine](self.f, **self.options)  # type: ignore[call-arg]
  File "/home/airflow/.local/lib/python3.7/site-packages/pandas/io/parsers/c_parser_wrapper.py", line 51, in __init__
    self._open_handles(src, kwds)
  File "/home/airflow/.local/lib/python3.7/site-packages/pandas/io/parsers/base_parser.py", line 229, in _open_handles
    errors=kwds.get("encoding_errors", "strict"),
  File "/home/airflow/.local/lib/python3.7/site-packages/pandas/io/common.py", line 614, in get_handle
    storage_options=storage_options,
  File "/home/airflow/.local/lib/python3.7/site-packages/pandas/io/common.py", line 396, in _get_filepath_or_buffer
    raise ValueError(msg)
ValueError: Invalid file path or buffer object type: <class 'airflow.models.xcom_arg.PlainXComArg'>
[2023-06-15T18:14:55.083+0000] {processor.py:755} WARNING - No viable dags retrieved from /opt/airflow/dags/dag.py
[2023-06-15T18:14:55.103+0000] {processor.py:175} INFO - Processing /opt/airflow/dags/dag.py took 0.675 seconds
[2023-06-15T18:15:25.891+0000] {processor.py:153} INFO - Started process (PID=1957) to work on /opt/airflow/dags/dag.py
[2023-06-15T18:15:25.894+0000] {processor.py:743} INFO - Processing file /opt/airflow/dags/dag.py for tasks to queue
[2023-06-15T18:15:25.895+0000] {logging_mixin.py:137} INFO - [2023-06-15T18:15:25.895+0000] {dagbag.py:538} INFO - Filling up the DagBag from /opt/airflow/dags/dag.py
[2023-06-15T18:15:26.344+0000] {logging_mixin.py:137} INFO - [2023-06-15T18:15:26.341+0000] {dagbag.py:343} ERROR - Failed to import: /opt/airflow/dags/dag.py
Traceback (most recent call last):
  File "/home/airflow/.local/lib/python3.7/site-packages/airflow/models/dagbag.py", line 339, in parse
    loader.exec_module(new_module)
  File "<frozen importlib._bootstrap_external>", line 728, in exec_module
  File "<frozen importlib._bootstrap>", line 219, in _call_with_frames_removed
  File "/opt/airflow/dags/dag.py", line 37, in <module>
    load = load_velib()
  File "/home/airflow/.local/lib/python3.7/site-packages/airflow/models/dag.py", line 3555, in factory
    f(**f_kwargs)
  File "/opt/airflow/dags/dag.py", line 33, in load_velib
    df_shape = get_number_lines(get_data())
  File "/opt/airflow/dags/dag.py", line 25, in get_number_lines
    df = pd.read_csv(csv_name, sep=";")
  File "/home/airflow/.local/lib/python3.7/site-packages/pandas/util/_decorators.py", line 311, in wrapper
    return func(*args, **kwargs)
  File "/home/airflow/.local/lib/python3.7/site-packages/pandas/io/parsers/readers.py", line 586, in read_csv
    return _read(filepath_or_buffer, kwds)
  File "/home/airflow/.local/lib/python3.7/site-packages/pandas/io/parsers/readers.py", line 482, in _read
    parser = TextFileReader(filepath_or_buffer, **kwds)
  File "/home/airflow/.local/lib/python3.7/site-packages/pandas/io/parsers/readers.py", line 811, in __init__
    self._engine = self._make_engine(self.engine)
  File "/home/airflow/.local/lib/python3.7/site-packages/pandas/io/parsers/readers.py", line 1040, in _make_engine
    return mapping[engine](self.f, **self.options)  # type: ignore[call-arg]
  File "/home/airflow/.local/lib/python3.7/site-packages/pandas/io/parsers/c_parser_wrapper.py", line 51, in __init__
    self._open_handles(src, kwds)
  File "/home/airflow/.local/lib/python3.7/site-packages/pandas/io/parsers/base_parser.py", line 229, in _open_handles
    errors=kwds.get("encoding_errors", "strict"),
  File "/home/airflow/.local/lib/python3.7/site-packages/pandas/io/common.py", line 614, in get_handle
    storage_options=storage_options,
  File "/home/airflow/.local/lib/python3.7/site-packages/pandas/io/common.py", line 396, in _get_filepath_or_buffer
    raise ValueError(msg)
ValueError: Invalid file path or buffer object type: <class 'airflow.models.xcom_arg.PlainXComArg'>
[2023-06-15T18:15:26.345+0000] {processor.py:755} WARNING - No viable dags retrieved from /opt/airflow/dags/dag.py
[2023-06-15T18:15:26.363+0000] {processor.py:175} INFO - Processing /opt/airflow/dags/dag.py took 0.475 seconds
[2023-06-15T18:15:57.200+0000] {processor.py:153} INFO - Started process (PID=2034) to work on /opt/airflow/dags/dag.py
[2023-06-15T18:15:57.203+0000] {processor.py:743} INFO - Processing file /opt/airflow/dags/dag.py for tasks to queue
[2023-06-15T18:15:57.204+0000] {logging_mixin.py:137} INFO - [2023-06-15T18:15:57.204+0000] {dagbag.py:538} INFO - Filling up the DagBag from /opt/airflow/dags/dag.py
[2023-06-15T18:15:57.527+0000] {logging_mixin.py:137} INFO - [2023-06-15T18:15:57.524+0000] {dagbag.py:343} ERROR - Failed to import: /opt/airflow/dags/dag.py
Traceback (most recent call last):
  File "/home/airflow/.local/lib/python3.7/site-packages/airflow/models/dagbag.py", line 339, in parse
    loader.exec_module(new_module)
  File "<frozen importlib._bootstrap_external>", line 728, in exec_module
  File "<frozen importlib._bootstrap>", line 219, in _call_with_frames_removed
  File "/opt/airflow/dags/dag.py", line 37, in <module>
    load = load_velib()
  File "/home/airflow/.local/lib/python3.7/site-packages/airflow/models/dag.py", line 3555, in factory
    f(**f_kwargs)
  File "/opt/airflow/dags/dag.py", line 33, in load_velib
    df_shape = get_number_lines(get_data())
  File "/opt/airflow/dags/dag.py", line 25, in get_number_lines
    df = pd.read_csv(csv_name, sep=";")
  File "/home/airflow/.local/lib/python3.7/site-packages/pandas/util/_decorators.py", line 311, in wrapper
    return func(*args, **kwargs)
  File "/home/airflow/.local/lib/python3.7/site-packages/pandas/io/parsers/readers.py", line 586, in read_csv
    return _read(filepath_or_buffer, kwds)
  File "/home/airflow/.local/lib/python3.7/site-packages/pandas/io/parsers/readers.py", line 482, in _read
    parser = TextFileReader(filepath_or_buffer, **kwds)
  File "/home/airflow/.local/lib/python3.7/site-packages/pandas/io/parsers/readers.py", line 811, in __init__
    self._engine = self._make_engine(self.engine)
  File "/home/airflow/.local/lib/python3.7/site-packages/pandas/io/parsers/readers.py", line 1040, in _make_engine
    return mapping[engine](self.f, **self.options)  # type: ignore[call-arg]
  File "/home/airflow/.local/lib/python3.7/site-packages/pandas/io/parsers/c_parser_wrapper.py", line 51, in __init__
    self._open_handles(src, kwds)
  File "/home/airflow/.local/lib/python3.7/site-packages/pandas/io/parsers/base_parser.py", line 229, in _open_handles
    errors=kwds.get("encoding_errors", "strict"),
  File "/home/airflow/.local/lib/python3.7/site-packages/pandas/io/common.py", line 614, in get_handle
    storage_options=storage_options,
  File "/home/airflow/.local/lib/python3.7/site-packages/pandas/io/common.py", line 396, in _get_filepath_or_buffer
    raise ValueError(msg)
ValueError: Invalid file path or buffer object type: <class 'airflow.models.xcom_arg.PlainXComArg'>
[2023-06-15T18:15:57.528+0000] {processor.py:755} WARNING - No viable dags retrieved from /opt/airflow/dags/dag.py
[2023-06-15T18:15:57.543+0000] {processor.py:175} INFO - Processing /opt/airflow/dags/dag.py took 0.347 seconds
[2023-06-15T18:16:27.715+0000] {processor.py:153} INFO - Started process (PID=2100) to work on /opt/airflow/dags/dag.py
[2023-06-15T18:16:27.718+0000] {processor.py:743} INFO - Processing file /opt/airflow/dags/dag.py for tasks to queue
[2023-06-15T18:16:27.719+0000] {logging_mixin.py:137} INFO - [2023-06-15T18:16:27.719+0000] {dagbag.py:538} INFO - Filling up the DagBag from /opt/airflow/dags/dag.py
[2023-06-15T18:16:28.287+0000] {logging_mixin.py:137} INFO - [2023-06-15T18:16:28.282+0000] {dagbag.py:343} ERROR - Failed to import: /opt/airflow/dags/dag.py
Traceback (most recent call last):
  File "/home/airflow/.local/lib/python3.7/site-packages/airflow/models/dagbag.py", line 339, in parse
    loader.exec_module(new_module)
  File "<frozen importlib._bootstrap_external>", line 728, in exec_module
  File "<frozen importlib._bootstrap>", line 219, in _call_with_frames_removed
  File "/opt/airflow/dags/dag.py", line 37, in <module>
    load = load_velib()
  File "/home/airflow/.local/lib/python3.7/site-packages/airflow/models/dag.py", line 3555, in factory
    f(**f_kwargs)
  File "/opt/airflow/dags/dag.py", line 33, in load_velib
    df_shape = get_number_lines(get_data())
  File "/opt/airflow/dags/dag.py", line 25, in get_number_lines
    df = pd.read_csv(csv_name, sep=";")
  File "/home/airflow/.local/lib/python3.7/site-packages/pandas/util/_decorators.py", line 311, in wrapper
    return func(*args, **kwargs)
  File "/home/airflow/.local/lib/python3.7/site-packages/pandas/io/parsers/readers.py", line 586, in read_csv
    return _read(filepath_or_buffer, kwds)
  File "/home/airflow/.local/lib/python3.7/site-packages/pandas/io/parsers/readers.py", line 482, in _read
    parser = TextFileReader(filepath_or_buffer, **kwds)
  File "/home/airflow/.local/lib/python3.7/site-packages/pandas/io/parsers/readers.py", line 811, in __init__
    self._engine = self._make_engine(self.engine)
  File "/home/airflow/.local/lib/python3.7/site-packages/pandas/io/parsers/readers.py", line 1040, in _make_engine
    return mapping[engine](self.f, **self.options)  # type: ignore[call-arg]
  File "/home/airflow/.local/lib/python3.7/site-packages/pandas/io/parsers/c_parser_wrapper.py", line 51, in __init__
    self._open_handles(src, kwds)
  File "/home/airflow/.local/lib/python3.7/site-packages/pandas/io/parsers/base_parser.py", line 229, in _open_handles
    errors=kwds.get("encoding_errors", "strict"),
  File "/home/airflow/.local/lib/python3.7/site-packages/pandas/io/common.py", line 614, in get_handle
    storage_options=storage_options,
  File "/home/airflow/.local/lib/python3.7/site-packages/pandas/io/common.py", line 396, in _get_filepath_or_buffer
    raise ValueError(msg)
ValueError: Invalid file path or buffer object type: <class 'airflow.models.xcom_arg.PlainXComArg'>
[2023-06-15T18:16:28.288+0000] {processor.py:755} WARNING - No viable dags retrieved from /opt/airflow/dags/dag.py
[2023-06-15T18:16:28.311+0000] {processor.py:175} INFO - Processing /opt/airflow/dags/dag.py took 0.599 seconds
[2023-06-15T18:16:59.339+0000] {processor.py:153} INFO - Started process (PID=2177) to work on /opt/airflow/dags/dag.py
[2023-06-15T18:16:59.340+0000] {processor.py:743} INFO - Processing file /opt/airflow/dags/dag.py for tasks to queue
[2023-06-15T18:16:59.342+0000] {logging_mixin.py:137} INFO - [2023-06-15T18:16:59.342+0000] {dagbag.py:538} INFO - Filling up the DagBag from /opt/airflow/dags/dag.py
[2023-06-15T18:16:59.660+0000] {logging_mixin.py:137} INFO - [2023-06-15T18:16:59.657+0000] {dagbag.py:343} ERROR - Failed to import: /opt/airflow/dags/dag.py
Traceback (most recent call last):
  File "/home/airflow/.local/lib/python3.7/site-packages/airflow/models/dagbag.py", line 339, in parse
    loader.exec_module(new_module)
  File "<frozen importlib._bootstrap_external>", line 728, in exec_module
  File "<frozen importlib._bootstrap>", line 219, in _call_with_frames_removed
  File "/opt/airflow/dags/dag.py", line 37, in <module>
    load = load_velib()
  File "/home/airflow/.local/lib/python3.7/site-packages/airflow/models/dag.py", line 3555, in factory
    f(**f_kwargs)
  File "/opt/airflow/dags/dag.py", line 33, in load_velib
    df_shape = get_number_lines(get_data())
  File "/opt/airflow/dags/dag.py", line 25, in get_number_lines
    df = pd.read_csv(csv_name, sep=";")
  File "/home/airflow/.local/lib/python3.7/site-packages/pandas/util/_decorators.py", line 311, in wrapper
    return func(*args, **kwargs)
  File "/home/airflow/.local/lib/python3.7/site-packages/pandas/io/parsers/readers.py", line 586, in read_csv
    return _read(filepath_or_buffer, kwds)
  File "/home/airflow/.local/lib/python3.7/site-packages/pandas/io/parsers/readers.py", line 482, in _read
    parser = TextFileReader(filepath_or_buffer, **kwds)
  File "/home/airflow/.local/lib/python3.7/site-packages/pandas/io/parsers/readers.py", line 811, in __init__
    self._engine = self._make_engine(self.engine)
  File "/home/airflow/.local/lib/python3.7/site-packages/pandas/io/parsers/readers.py", line 1040, in _make_engine
    return mapping[engine](self.f, **self.options)  # type: ignore[call-arg]
  File "/home/airflow/.local/lib/python3.7/site-packages/pandas/io/parsers/c_parser_wrapper.py", line 51, in __init__
    self._open_handles(src, kwds)
  File "/home/airflow/.local/lib/python3.7/site-packages/pandas/io/parsers/base_parser.py", line 229, in _open_handles
    errors=kwds.get("encoding_errors", "strict"),
  File "/home/airflow/.local/lib/python3.7/site-packages/pandas/io/common.py", line 614, in get_handle
    storage_options=storage_options,
  File "/home/airflow/.local/lib/python3.7/site-packages/pandas/io/common.py", line 396, in _get_filepath_or_buffer
    raise ValueError(msg)
ValueError: Invalid file path or buffer object type: <class 'airflow.models.xcom_arg.PlainXComArg'>
[2023-06-15T18:16:59.660+0000] {processor.py:755} WARNING - No viable dags retrieved from /opt/airflow/dags/dag.py
[2023-06-15T18:16:59.676+0000] {processor.py:175} INFO - Processing /opt/airflow/dags/dag.py took 0.342 seconds
[2023-06-15T18:17:30.727+0000] {processor.py:153} INFO - Started process (PID=2254) to work on /opt/airflow/dags/dag.py
[2023-06-15T18:17:30.730+0000] {processor.py:743} INFO - Processing file /opt/airflow/dags/dag.py for tasks to queue
[2023-06-15T18:17:30.732+0000] {logging_mixin.py:137} INFO - [2023-06-15T18:17:30.732+0000] {dagbag.py:538} INFO - Filling up the DagBag from /opt/airflow/dags/dag.py
[2023-06-15T18:17:31.164+0000] {logging_mixin.py:137} INFO - [2023-06-15T18:17:31.161+0000] {dagbag.py:343} ERROR - Failed to import: /opt/airflow/dags/dag.py
Traceback (most recent call last):
  File "/home/airflow/.local/lib/python3.7/site-packages/airflow/models/dagbag.py", line 339, in parse
    loader.exec_module(new_module)
  File "<frozen importlib._bootstrap_external>", line 728, in exec_module
  File "<frozen importlib._bootstrap>", line 219, in _call_with_frames_removed
  File "/opt/airflow/dags/dag.py", line 37, in <module>
    load = load_velib()
  File "/home/airflow/.local/lib/python3.7/site-packages/airflow/models/dag.py", line 3555, in factory
    f(**f_kwargs)
  File "/opt/airflow/dags/dag.py", line 33, in load_velib
    df_shape = get_number_lines(get_data())
  File "/opt/airflow/dags/dag.py", line 25, in get_number_lines
    df = pd.read_csv(csv_name, sep=";")
  File "/home/airflow/.local/lib/python3.7/site-packages/pandas/util/_decorators.py", line 311, in wrapper
    return func(*args, **kwargs)
  File "/home/airflow/.local/lib/python3.7/site-packages/pandas/io/parsers/readers.py", line 586, in read_csv
    return _read(filepath_or_buffer, kwds)
  File "/home/airflow/.local/lib/python3.7/site-packages/pandas/io/parsers/readers.py", line 482, in _read
    parser = TextFileReader(filepath_or_buffer, **kwds)
  File "/home/airflow/.local/lib/python3.7/site-packages/pandas/io/parsers/readers.py", line 811, in __init__
    self._engine = self._make_engine(self.engine)
  File "/home/airflow/.local/lib/python3.7/site-packages/pandas/io/parsers/readers.py", line 1040, in _make_engine
    return mapping[engine](self.f, **self.options)  # type: ignore[call-arg]
  File "/home/airflow/.local/lib/python3.7/site-packages/pandas/io/parsers/c_parser_wrapper.py", line 51, in __init__
    self._open_handles(src, kwds)
  File "/home/airflow/.local/lib/python3.7/site-packages/pandas/io/parsers/base_parser.py", line 229, in _open_handles
    errors=kwds.get("encoding_errors", "strict"),
  File "/home/airflow/.local/lib/python3.7/site-packages/pandas/io/common.py", line 614, in get_handle
    storage_options=storage_options,
  File "/home/airflow/.local/lib/python3.7/site-packages/pandas/io/common.py", line 396, in _get_filepath_or_buffer
    raise ValueError(msg)
ValueError: Invalid file path or buffer object type: <class 'airflow.models.xcom_arg.PlainXComArg'>
[2023-06-15T18:17:31.165+0000] {processor.py:755} WARNING - No viable dags retrieved from /opt/airflow/dags/dag.py
[2023-06-15T18:17:31.181+0000] {processor.py:175} INFO - Processing /opt/airflow/dags/dag.py took 0.459 seconds
[2023-06-15T18:17:32.752+0000] {processor.py:153} INFO - Started process (PID=2256) to work on /opt/airflow/dags/dag.py
[2023-06-15T18:17:32.754+0000] {processor.py:743} INFO - Processing file /opt/airflow/dags/dag.py for tasks to queue
[2023-06-15T18:17:32.755+0000] {logging_mixin.py:137} INFO - [2023-06-15T18:17:32.755+0000] {dagbag.py:538} INFO - Filling up the DagBag from /opt/airflow/dags/dag.py
[2023-06-15T18:17:33.081+0000] {processor.py:753} INFO - DAG(s) dict_keys(['load_velib']) retrieved from /opt/airflow/dags/dag.py
[2023-06-15T18:17:33.120+0000] {logging_mixin.py:137} INFO - [2023-06-15T18:17:33.120+0000] {dag.py:2690} INFO - Sync 1 DAGs
[2023-06-15T18:17:33.136+0000] {logging_mixin.py:137} INFO - [2023-06-15T18:17:33.135+0000] {dag.py:3441} INFO - Setting next_dagrun for load_velib to 2023-06-16T00:00:00+00:00, run_after=2023-06-16T01:00:00+00:00
[2023-06-15T18:17:33.150+0000] {processor.py:175} INFO - Processing /opt/airflow/dags/dag.py took 0.403 seconds
[2023-06-15T18:44:51.029+0000] {processor.py:153} INFO - Started process (PID=2280) to work on /opt/airflow/dags/dag.py
[2023-06-15T18:44:51.036+0000] {processor.py:743} INFO - Processing file /opt/airflow/dags/dag.py for tasks to queue
[2023-06-15T18:44:51.038+0000] {logging_mixin.py:137} INFO - [2023-06-15T18:44:51.038+0000] {dagbag.py:538} INFO - Filling up the DagBag from /opt/airflow/dags/dag.py
[2023-06-15T18:44:52.044+0000] {processor.py:753} INFO - DAG(s) dict_keys(['load_velib']) retrieved from /opt/airflow/dags/dag.py
[2023-06-15T18:44:52.090+0000] {logging_mixin.py:137} INFO - [2023-06-15T18:44:52.090+0000] {dag.py:2690} INFO - Sync 1 DAGs
[2023-06-15T18:44:52.132+0000] {logging_mixin.py:137} INFO - [2023-06-15T18:44:52.132+0000] {dag.py:3441} INFO - Setting next_dagrun for load_velib to 2023-06-16T00:00:00+00:00, run_after=2023-06-16T01:00:00+00:00
[2023-06-15T18:44:52.164+0000] {processor.py:175} INFO - Processing /opt/airflow/dags/dag.py took 1.161 seconds
[2023-06-15T18:45:22.838+0000] {processor.py:153} INFO - Started process (PID=2353) to work on /opt/airflow/dags/dag.py
[2023-06-15T18:45:22.841+0000] {processor.py:743} INFO - Processing file /opt/airflow/dags/dag.py for tasks to queue
[2023-06-15T18:45:22.842+0000] {logging_mixin.py:137} INFO - [2023-06-15T18:45:22.842+0000] {dagbag.py:538} INFO - Filling up the DagBag from /opt/airflow/dags/dag.py
[2023-06-15T18:45:23.179+0000] {processor.py:753} INFO - DAG(s) dict_keys(['load_velib']) retrieved from /opt/airflow/dags/dag.py
[2023-06-15T18:45:23.197+0000] {logging_mixin.py:137} INFO - [2023-06-15T18:45:23.196+0000] {dag.py:2690} INFO - Sync 1 DAGs
[2023-06-15T18:45:23.214+0000] {logging_mixin.py:137} INFO - [2023-06-15T18:45:23.214+0000] {dag.py:3441} INFO - Setting next_dagrun for load_velib to 2023-06-16T00:00:00+00:00, run_after=2023-06-16T01:00:00+00:00
[2023-06-15T18:45:23.226+0000] {processor.py:175} INFO - Processing /opt/airflow/dags/dag.py took 0.393 seconds
[2023-06-15T18:45:53.444+0000] {processor.py:153} INFO - Started process (PID=2430) to work on /opt/airflow/dags/dag.py
[2023-06-15T18:45:53.447+0000] {processor.py:743} INFO - Processing file /opt/airflow/dags/dag.py for tasks to queue
[2023-06-15T18:45:53.448+0000] {logging_mixin.py:137} INFO - [2023-06-15T18:45:53.448+0000] {dagbag.py:538} INFO - Filling up the DagBag from /opt/airflow/dags/dag.py
[2023-06-15T18:45:53.991+0000] {processor.py:753} INFO - DAG(s) dict_keys(['load_velib']) retrieved from /opt/airflow/dags/dag.py
[2023-06-15T18:45:54.009+0000] {logging_mixin.py:137} INFO - [2023-06-15T18:45:54.009+0000] {dag.py:2690} INFO - Sync 1 DAGs
[2023-06-15T18:45:54.027+0000] {logging_mixin.py:137} INFO - [2023-06-15T18:45:54.027+0000] {dag.py:3441} INFO - Setting next_dagrun for load_velib to 2023-06-16T00:00:00+00:00, run_after=2023-06-16T01:00:00+00:00
[2023-06-15T18:45:54.040+0000] {processor.py:175} INFO - Processing /opt/airflow/dags/dag.py took 0.600 seconds
[2023-06-15T18:46:24.439+0000] {processor.py:153} INFO - Started process (PID=2495) to work on /opt/airflow/dags/dag.py
[2023-06-15T18:46:24.442+0000] {processor.py:743} INFO - Processing file /opt/airflow/dags/dag.py for tasks to queue
[2023-06-15T18:46:24.443+0000] {logging_mixin.py:137} INFO - [2023-06-15T18:46:24.443+0000] {dagbag.py:538} INFO - Filling up the DagBag from /opt/airflow/dags/dag.py
[2023-06-15T18:46:25.003+0000] {processor.py:753} INFO - DAG(s) dict_keys(['load_velib']) retrieved from /opt/airflow/dags/dag.py
[2023-06-15T18:46:25.023+0000] {logging_mixin.py:137} INFO - [2023-06-15T18:46:25.023+0000] {dag.py:2690} INFO - Sync 1 DAGs
[2023-06-15T18:46:25.042+0000] {logging_mixin.py:137} INFO - [2023-06-15T18:46:25.042+0000] {dag.py:3441} INFO - Setting next_dagrun for load_velib to 2023-06-16T00:00:00+00:00, run_after=2023-06-16T01:00:00+00:00
[2023-06-15T18:46:25.056+0000] {processor.py:175} INFO - Processing /opt/airflow/dags/dag.py took 0.620 seconds
[2023-06-15T18:46:55.668+0000] {processor.py:153} INFO - Started process (PID=2573) to work on /opt/airflow/dags/dag.py
[2023-06-15T18:46:55.672+0000] {processor.py:743} INFO - Processing file /opt/airflow/dags/dag.py for tasks to queue
[2023-06-15T18:46:55.674+0000] {logging_mixin.py:137} INFO - [2023-06-15T18:46:55.674+0000] {dagbag.py:538} INFO - Filling up the DagBag from /opt/airflow/dags/dag.py
[2023-06-15T18:46:55.990+0000] {processor.py:753} INFO - DAG(s) dict_keys(['load_velib']) retrieved from /opt/airflow/dags/dag.py
[2023-06-15T18:46:56.010+0000] {logging_mixin.py:137} INFO - [2023-06-15T18:46:56.010+0000] {dag.py:2690} INFO - Sync 1 DAGs
[2023-06-15T18:46:56.026+0000] {logging_mixin.py:137} INFO - [2023-06-15T18:46:56.026+0000] {dag.py:3441} INFO - Setting next_dagrun for load_velib to 2023-06-16T00:00:00+00:00, run_after=2023-06-16T01:00:00+00:00
[2023-06-15T18:46:56.038+0000] {processor.py:175} INFO - Processing /opt/airflow/dags/dag.py took 0.377 seconds
[2023-06-15T18:47:26.085+0000] {processor.py:153} INFO - Started process (PID=2652) to work on /opt/airflow/dags/dag.py
[2023-06-15T18:47:26.087+0000] {processor.py:743} INFO - Processing file /opt/airflow/dags/dag.py for tasks to queue
[2023-06-15T18:47:26.088+0000] {logging_mixin.py:137} INFO - [2023-06-15T18:47:26.088+0000] {dagbag.py:538} INFO - Filling up the DagBag from /opt/airflow/dags/dag.py
[2023-06-15T18:47:26.551+0000] {processor.py:753} INFO - DAG(s) dict_keys(['load_velib']) retrieved from /opt/airflow/dags/dag.py
[2023-06-15T18:47:26.571+0000] {logging_mixin.py:137} INFO - [2023-06-15T18:47:26.570+0000] {dag.py:2690} INFO - Sync 1 DAGs
[2023-06-15T18:47:26.588+0000] {logging_mixin.py:137} INFO - [2023-06-15T18:47:26.588+0000] {dag.py:3441} INFO - Setting next_dagrun for load_velib to 2023-06-16T00:00:00+00:00, run_after=2023-06-16T01:00:00+00:00
[2023-06-15T18:47:26.601+0000] {processor.py:175} INFO - Processing /opt/airflow/dags/dag.py took 0.519 seconds
[2023-06-15T18:47:57.029+0000] {processor.py:153} INFO - Started process (PID=2728) to work on /opt/airflow/dags/dag.py
[2023-06-15T18:47:57.030+0000] {processor.py:743} INFO - Processing file /opt/airflow/dags/dag.py for tasks to queue
[2023-06-15T18:47:57.031+0000] {logging_mixin.py:137} INFO - [2023-06-15T18:47:57.031+0000] {dagbag.py:538} INFO - Filling up the DagBag from /opt/airflow/dags/dag.py
[2023-06-15T18:47:57.334+0000] {processor.py:753} INFO - DAG(s) dict_keys(['load_velib']) retrieved from /opt/airflow/dags/dag.py
[2023-06-15T18:47:57.352+0000] {logging_mixin.py:137} INFO - [2023-06-15T18:47:57.352+0000] {dag.py:2690} INFO - Sync 1 DAGs
[2023-06-15T18:47:57.370+0000] {logging_mixin.py:137} INFO - [2023-06-15T18:47:57.370+0000] {dag.py:3441} INFO - Setting next_dagrun for load_velib to 2023-06-16T00:00:00+00:00, run_after=2023-06-16T01:00:00+00:00
[2023-06-15T18:47:57.382+0000] {processor.py:175} INFO - Processing /opt/airflow/dags/dag.py took 0.356 seconds
[2023-06-15T18:48:29.567+0000] {processor.py:153} INFO - Started process (PID=2789) to work on /opt/airflow/dags/dag.py
[2023-06-15T18:48:29.569+0000] {processor.py:743} INFO - Processing file /opt/airflow/dags/dag.py for tasks to queue
[2023-06-15T18:48:29.570+0000] {logging_mixin.py:137} INFO - [2023-06-15T18:48:29.570+0000] {dagbag.py:538} INFO - Filling up the DagBag from /opt/airflow/dags/dag.py
[2023-06-15T18:48:30.120+0000] {processor.py:753} INFO - DAG(s) dict_keys(['load_velib']) retrieved from /opt/airflow/dags/dag.py
[2023-06-15T18:48:30.141+0000] {logging_mixin.py:137} INFO - [2023-06-15T18:48:30.140+0000] {dag.py:2690} INFO - Sync 1 DAGs
[2023-06-15T18:48:30.159+0000] {logging_mixin.py:137} INFO - [2023-06-15T18:48:30.159+0000] {dag.py:3441} INFO - Setting next_dagrun for load_velib to 2023-06-16T00:00:00+00:00, run_after=2023-06-16T01:00:00+00:00
[2023-06-15T18:48:30.172+0000] {processor.py:175} INFO - Processing /opt/airflow/dags/dag.py took 0.610 seconds
[2023-06-15T18:49:00.497+0000] {processor.py:153} INFO - Started process (PID=2854) to work on /opt/airflow/dags/dag.py
[2023-06-15T18:49:00.500+0000] {processor.py:743} INFO - Processing file /opt/airflow/dags/dag.py for tasks to queue
[2023-06-15T18:49:00.503+0000] {logging_mixin.py:137} INFO - [2023-06-15T18:49:00.503+0000] {dagbag.py:538} INFO - Filling up the DagBag from /opt/airflow/dags/dag.py
[2023-06-15T18:49:01.014+0000] {processor.py:753} INFO - DAG(s) dict_keys(['load_velib']) retrieved from /opt/airflow/dags/dag.py
[2023-06-15T18:49:01.034+0000] {logging_mixin.py:137} INFO - [2023-06-15T18:49:01.033+0000] {dag.py:2690} INFO - Sync 1 DAGs
[2023-06-15T18:49:01.055+0000] {logging_mixin.py:137} INFO - [2023-06-15T18:49:01.055+0000] {dag.py:3441} INFO - Setting next_dagrun for load_velib to 2023-06-16T00:00:00+00:00, run_after=2023-06-16T01:00:00+00:00
[2023-06-15T18:49:01.072+0000] {processor.py:175} INFO - Processing /opt/airflow/dags/dag.py took 0.582 seconds
