[2023-06-15T18:02:05.640+0000] {processor.py:153} INFO - Started process (PID=77) to work on /home/airflow/.local/lib/python3.7/site-packages/airflow/example_dags/example_local_kubernetes_executor.py
[2023-06-15T18:02:05.654+0000] {processor.py:743} INFO - Processing file /home/airflow/.local/lib/python3.7/site-packages/airflow/example_dags/example_local_kubernetes_executor.py for tasks to queue
[2023-06-15T18:02:05.656+0000] {logging_mixin.py:137} INFO - [2023-06-15T18:02:05.655+0000] {dagbag.py:538} INFO - Filling up the DagBag from /home/airflow/.local/lib/python3.7/site-packages/airflow/example_dags/example_local_kubernetes_executor.py
[2023-06-15T18:02:05.697+0000] {processor.py:753} INFO - DAG(s) dict_keys(['example_local_kubernetes_executor']) retrieved from /home/airflow/.local/lib/python3.7/site-packages/airflow/example_dags/example_local_kubernetes_executor.py
[2023-06-15T18:02:05.717+0000] {logging_mixin.py:137} INFO - [2023-06-15T18:02:05.716+0000] {dag.py:2690} INFO - Sync 1 DAGs
[2023-06-15T18:02:05.748+0000] {logging_mixin.py:137} INFO - [2023-06-15T18:02:05.747+0000] {dag.py:3441} INFO - Setting next_dagrun for example_local_kubernetes_executor to None, run_after=None
[2023-06-15T18:02:05.772+0000] {processor.py:175} INFO - Processing /home/airflow/.local/lib/python3.7/site-packages/airflow/example_dags/example_local_kubernetes_executor.py took 0.189 seconds
[2023-06-15T18:02:35.943+0000] {processor.py:153} INFO - Started process (PID=141) to work on /home/airflow/.local/lib/python3.7/site-packages/airflow/example_dags/example_local_kubernetes_executor.py
[2023-06-15T18:02:35.944+0000] {processor.py:743} INFO - Processing file /home/airflow/.local/lib/python3.7/site-packages/airflow/example_dags/example_local_kubernetes_executor.py for tasks to queue
[2023-06-15T18:02:35.945+0000] {logging_mixin.py:137} INFO - [2023-06-15T18:02:35.945+0000] {dagbag.py:538} INFO - Filling up the DagBag from /home/airflow/.local/lib/python3.7/site-packages/airflow/example_dags/example_local_kubernetes_executor.py
[2023-06-15T18:02:35.967+0000] {processor.py:753} INFO - DAG(s) dict_keys(['example_local_kubernetes_executor']) retrieved from /home/airflow/.local/lib/python3.7/site-packages/airflow/example_dags/example_local_kubernetes_executor.py
[2023-06-15T18:02:35.994+0000] {logging_mixin.py:137} INFO - [2023-06-15T18:02:35.993+0000] {dag.py:2690} INFO - Sync 1 DAGs
[2023-06-15T18:02:36.014+0000] {logging_mixin.py:137} INFO - [2023-06-15T18:02:36.013+0000] {dag.py:3441} INFO - Setting next_dagrun for example_local_kubernetes_executor to None, run_after=None
[2023-06-15T18:02:36.029+0000] {processor.py:175} INFO - Processing /home/airflow/.local/lib/python3.7/site-packages/airflow/example_dags/example_local_kubernetes_executor.py took 0.090 seconds
[2023-06-15T18:03:06.791+0000] {processor.py:153} INFO - Started process (PID=217) to work on /home/airflow/.local/lib/python3.7/site-packages/airflow/example_dags/example_local_kubernetes_executor.py
[2023-06-15T18:03:06.793+0000] {processor.py:743} INFO - Processing file /home/airflow/.local/lib/python3.7/site-packages/airflow/example_dags/example_local_kubernetes_executor.py for tasks to queue
[2023-06-15T18:03:06.794+0000] {logging_mixin.py:137} INFO - [2023-06-15T18:03:06.794+0000] {dagbag.py:538} INFO - Filling up the DagBag from /home/airflow/.local/lib/python3.7/site-packages/airflow/example_dags/example_local_kubernetes_executor.py
[2023-06-15T18:03:06.817+0000] {processor.py:753} INFO - DAG(s) dict_keys(['example_local_kubernetes_executor']) retrieved from /home/airflow/.local/lib/python3.7/site-packages/airflow/example_dags/example_local_kubernetes_executor.py
[2023-06-15T18:03:06.844+0000] {logging_mixin.py:137} INFO - [2023-06-15T18:03:06.844+0000] {dag.py:2690} INFO - Sync 1 DAGs
[2023-06-15T18:03:06.864+0000] {logging_mixin.py:137} INFO - [2023-06-15T18:03:06.864+0000] {dag.py:3441} INFO - Setting next_dagrun for example_local_kubernetes_executor to None, run_after=None
[2023-06-15T18:03:06.878+0000] {processor.py:175} INFO - Processing /home/airflow/.local/lib/python3.7/site-packages/airflow/example_dags/example_local_kubernetes_executor.py took 0.091 seconds
[2023-06-15T18:03:37.576+0000] {processor.py:153} INFO - Started process (PID=282) to work on /home/airflow/.local/lib/python3.7/site-packages/airflow/example_dags/example_local_kubernetes_executor.py
[2023-06-15T18:03:37.577+0000] {processor.py:743} INFO - Processing file /home/airflow/.local/lib/python3.7/site-packages/airflow/example_dags/example_local_kubernetes_executor.py for tasks to queue
[2023-06-15T18:03:37.578+0000] {logging_mixin.py:137} INFO - [2023-06-15T18:03:37.578+0000] {dagbag.py:538} INFO - Filling up the DagBag from /home/airflow/.local/lib/python3.7/site-packages/airflow/example_dags/example_local_kubernetes_executor.py
[2023-06-15T18:03:37.599+0000] {processor.py:753} INFO - DAG(s) dict_keys(['example_local_kubernetes_executor']) retrieved from /home/airflow/.local/lib/python3.7/site-packages/airflow/example_dags/example_local_kubernetes_executor.py
[2023-06-15T18:03:37.627+0000] {logging_mixin.py:137} INFO - [2023-06-15T18:03:37.626+0000] {dag.py:2690} INFO - Sync 1 DAGs
[2023-06-15T18:03:37.647+0000] {logging_mixin.py:137} INFO - [2023-06-15T18:03:37.647+0000] {dag.py:3441} INFO - Setting next_dagrun for example_local_kubernetes_executor to None, run_after=None
[2023-06-15T18:03:37.662+0000] {processor.py:175} INFO - Processing /home/airflow/.local/lib/python3.7/site-packages/airflow/example_dags/example_local_kubernetes_executor.py took 0.089 seconds
[2023-06-15T18:04:08.311+0000] {processor.py:153} INFO - Started process (PID=359) to work on /home/airflow/.local/lib/python3.7/site-packages/airflow/example_dags/example_local_kubernetes_executor.py
[2023-06-15T18:04:08.313+0000] {processor.py:743} INFO - Processing file /home/airflow/.local/lib/python3.7/site-packages/airflow/example_dags/example_local_kubernetes_executor.py for tasks to queue
[2023-06-15T18:04:08.314+0000] {logging_mixin.py:137} INFO - [2023-06-15T18:04:08.314+0000] {dagbag.py:538} INFO - Filling up the DagBag from /home/airflow/.local/lib/python3.7/site-packages/airflow/example_dags/example_local_kubernetes_executor.py
[2023-06-15T18:04:08.333+0000] {processor.py:753} INFO - DAG(s) dict_keys(['example_local_kubernetes_executor']) retrieved from /home/airflow/.local/lib/python3.7/site-packages/airflow/example_dags/example_local_kubernetes_executor.py
[2023-06-15T18:04:08.359+0000] {logging_mixin.py:137} INFO - [2023-06-15T18:04:08.359+0000] {dag.py:2690} INFO - Sync 1 DAGs
[2023-06-15T18:04:08.377+0000] {logging_mixin.py:137} INFO - [2023-06-15T18:04:08.376+0000] {dag.py:3441} INFO - Setting next_dagrun for example_local_kubernetes_executor to None, run_after=None
[2023-06-15T18:04:08.391+0000] {processor.py:175} INFO - Processing /home/airflow/.local/lib/python3.7/site-packages/airflow/example_dags/example_local_kubernetes_executor.py took 0.083 seconds
[2023-06-15T18:04:38.917+0000] {processor.py:153} INFO - Started process (PID=436) to work on /home/airflow/.local/lib/python3.7/site-packages/airflow/example_dags/example_local_kubernetes_executor.py
[2023-06-15T18:04:38.918+0000] {processor.py:743} INFO - Processing file /home/airflow/.local/lib/python3.7/site-packages/airflow/example_dags/example_local_kubernetes_executor.py for tasks to queue
[2023-06-15T18:04:38.919+0000] {logging_mixin.py:137} INFO - [2023-06-15T18:04:38.919+0000] {dagbag.py:538} INFO - Filling up the DagBag from /home/airflow/.local/lib/python3.7/site-packages/airflow/example_dags/example_local_kubernetes_executor.py
[2023-06-15T18:04:38.938+0000] {processor.py:753} INFO - DAG(s) dict_keys(['example_local_kubernetes_executor']) retrieved from /home/airflow/.local/lib/python3.7/site-packages/airflow/example_dags/example_local_kubernetes_executor.py
[2023-06-15T18:04:38.965+0000] {logging_mixin.py:137} INFO - [2023-06-15T18:04:38.965+0000] {dag.py:2690} INFO - Sync 1 DAGs
[2023-06-15T18:04:38.983+0000] {logging_mixin.py:137} INFO - [2023-06-15T18:04:38.983+0000] {dag.py:3441} INFO - Setting next_dagrun for example_local_kubernetes_executor to None, run_after=None
[2023-06-15T18:04:38.998+0000] {processor.py:175} INFO - Processing /home/airflow/.local/lib/python3.7/site-packages/airflow/example_dags/example_local_kubernetes_executor.py took 0.084 seconds
[2023-06-15T18:05:09.595+0000] {processor.py:153} INFO - Started process (PID=500) to work on /home/airflow/.local/lib/python3.7/site-packages/airflow/example_dags/example_local_kubernetes_executor.py
[2023-06-15T18:05:09.596+0000] {processor.py:743} INFO - Processing file /home/airflow/.local/lib/python3.7/site-packages/airflow/example_dags/example_local_kubernetes_executor.py for tasks to queue
[2023-06-15T18:05:09.597+0000] {logging_mixin.py:137} INFO - [2023-06-15T18:05:09.597+0000] {dagbag.py:538} INFO - Filling up the DagBag from /home/airflow/.local/lib/python3.7/site-packages/airflow/example_dags/example_local_kubernetes_executor.py
[2023-06-15T18:05:09.616+0000] {processor.py:753} INFO - DAG(s) dict_keys(['example_local_kubernetes_executor']) retrieved from /home/airflow/.local/lib/python3.7/site-packages/airflow/example_dags/example_local_kubernetes_executor.py
[2023-06-15T18:05:09.642+0000] {logging_mixin.py:137} INFO - [2023-06-15T18:05:09.642+0000] {dag.py:2690} INFO - Sync 1 DAGs
[2023-06-15T18:05:09.666+0000] {logging_mixin.py:137} INFO - [2023-06-15T18:05:09.666+0000] {dag.py:3441} INFO - Setting next_dagrun for example_local_kubernetes_executor to None, run_after=None
[2023-06-15T18:05:09.680+0000] {processor.py:175} INFO - Processing /home/airflow/.local/lib/python3.7/site-packages/airflow/example_dags/example_local_kubernetes_executor.py took 0.088 seconds
[2023-06-15T18:05:40.375+0000] {processor.py:153} INFO - Started process (PID=575) to work on /home/airflow/.local/lib/python3.7/site-packages/airflow/example_dags/example_local_kubernetes_executor.py
[2023-06-15T18:05:40.377+0000] {processor.py:743} INFO - Processing file /home/airflow/.local/lib/python3.7/site-packages/airflow/example_dags/example_local_kubernetes_executor.py for tasks to queue
[2023-06-15T18:05:40.378+0000] {logging_mixin.py:137} INFO - [2023-06-15T18:05:40.377+0000] {dagbag.py:538} INFO - Filling up the DagBag from /home/airflow/.local/lib/python3.7/site-packages/airflow/example_dags/example_local_kubernetes_executor.py
[2023-06-15T18:05:40.397+0000] {processor.py:753} INFO - DAG(s) dict_keys(['example_local_kubernetes_executor']) retrieved from /home/airflow/.local/lib/python3.7/site-packages/airflow/example_dags/example_local_kubernetes_executor.py
[2023-06-15T18:05:40.422+0000] {logging_mixin.py:137} INFO - [2023-06-15T18:05:40.422+0000] {dag.py:2690} INFO - Sync 1 DAGs
[2023-06-15T18:05:40.440+0000] {logging_mixin.py:137} INFO - [2023-06-15T18:05:40.440+0000] {dag.py:3441} INFO - Setting next_dagrun for example_local_kubernetes_executor to None, run_after=None
[2023-06-15T18:05:40.454+0000] {processor.py:175} INFO - Processing /home/airflow/.local/lib/python3.7/site-packages/airflow/example_dags/example_local_kubernetes_executor.py took 0.082 seconds
[2023-06-15T18:06:10.713+0000] {processor.py:153} INFO - Started process (PID=648) to work on /home/airflow/.local/lib/python3.7/site-packages/airflow/example_dags/example_local_kubernetes_executor.py
[2023-06-15T18:06:10.715+0000] {processor.py:743} INFO - Processing file /home/airflow/.local/lib/python3.7/site-packages/airflow/example_dags/example_local_kubernetes_executor.py for tasks to queue
[2023-06-15T18:06:10.716+0000] {logging_mixin.py:137} INFO - [2023-06-15T18:06:10.716+0000] {dagbag.py:538} INFO - Filling up the DagBag from /home/airflow/.local/lib/python3.7/site-packages/airflow/example_dags/example_local_kubernetes_executor.py
[2023-06-15T18:06:10.741+0000] {processor.py:753} INFO - DAG(s) dict_keys(['example_local_kubernetes_executor']) retrieved from /home/airflow/.local/lib/python3.7/site-packages/airflow/example_dags/example_local_kubernetes_executor.py
[2023-06-15T18:06:10.775+0000] {logging_mixin.py:137} INFO - [2023-06-15T18:06:10.774+0000] {dag.py:2690} INFO - Sync 1 DAGs
[2023-06-15T18:06:10.798+0000] {logging_mixin.py:137} INFO - [2023-06-15T18:06:10.798+0000] {dag.py:3441} INFO - Setting next_dagrun for example_local_kubernetes_executor to None, run_after=None
[2023-06-15T18:06:10.812+0000] {processor.py:175} INFO - Processing /home/airflow/.local/lib/python3.7/site-packages/airflow/example_dags/example_local_kubernetes_executor.py took 0.104 seconds
[2023-06-15T18:06:41.245+0000] {processor.py:153} INFO - Started process (PID=715) to work on /home/airflow/.local/lib/python3.7/site-packages/airflow/example_dags/example_local_kubernetes_executor.py
[2023-06-15T18:06:41.246+0000] {processor.py:743} INFO - Processing file /home/airflow/.local/lib/python3.7/site-packages/airflow/example_dags/example_local_kubernetes_executor.py for tasks to queue
[2023-06-15T18:06:41.247+0000] {logging_mixin.py:137} INFO - [2023-06-15T18:06:41.247+0000] {dagbag.py:538} INFO - Filling up the DagBag from /home/airflow/.local/lib/python3.7/site-packages/airflow/example_dags/example_local_kubernetes_executor.py
[2023-06-15T18:06:41.266+0000] {processor.py:753} INFO - DAG(s) dict_keys(['example_local_kubernetes_executor']) retrieved from /home/airflow/.local/lib/python3.7/site-packages/airflow/example_dags/example_local_kubernetes_executor.py
[2023-06-15T18:06:41.294+0000] {logging_mixin.py:137} INFO - [2023-06-15T18:06:41.294+0000] {dag.py:2690} INFO - Sync 1 DAGs
[2023-06-15T18:06:41.313+0000] {logging_mixin.py:137} INFO - [2023-06-15T18:06:41.313+0000] {dag.py:3441} INFO - Setting next_dagrun for example_local_kubernetes_executor to None, run_after=None
[2023-06-15T18:06:41.328+0000] {processor.py:175} INFO - Processing /home/airflow/.local/lib/python3.7/site-packages/airflow/example_dags/example_local_kubernetes_executor.py took 0.088 seconds
[2023-06-15T18:07:12.051+0000] {processor.py:153} INFO - Started process (PID=792) to work on /home/airflow/.local/lib/python3.7/site-packages/airflow/example_dags/example_local_kubernetes_executor.py
[2023-06-15T18:07:12.053+0000] {processor.py:743} INFO - Processing file /home/airflow/.local/lib/python3.7/site-packages/airflow/example_dags/example_local_kubernetes_executor.py for tasks to queue
[2023-06-15T18:07:12.053+0000] {logging_mixin.py:137} INFO - [2023-06-15T18:07:12.053+0000] {dagbag.py:538} INFO - Filling up the DagBag from /home/airflow/.local/lib/python3.7/site-packages/airflow/example_dags/example_local_kubernetes_executor.py
[2023-06-15T18:07:12.073+0000] {processor.py:753} INFO - DAG(s) dict_keys(['example_local_kubernetes_executor']) retrieved from /home/airflow/.local/lib/python3.7/site-packages/airflow/example_dags/example_local_kubernetes_executor.py
[2023-06-15T18:07:12.100+0000] {logging_mixin.py:137} INFO - [2023-06-15T18:07:12.100+0000] {dag.py:2690} INFO - Sync 1 DAGs
[2023-06-15T18:07:12.118+0000] {logging_mixin.py:137} INFO - [2023-06-15T18:07:12.118+0000] {dag.py:3441} INFO - Setting next_dagrun for example_local_kubernetes_executor to None, run_after=None
[2023-06-15T18:07:12.131+0000] {processor.py:175} INFO - Processing /home/airflow/.local/lib/python3.7/site-packages/airflow/example_dags/example_local_kubernetes_executor.py took 0.083 seconds
[2023-06-15T18:07:42.927+0000] {processor.py:153} INFO - Started process (PID=857) to work on /home/airflow/.local/lib/python3.7/site-packages/airflow/example_dags/example_local_kubernetes_executor.py
[2023-06-15T18:07:42.929+0000] {processor.py:743} INFO - Processing file /home/airflow/.local/lib/python3.7/site-packages/airflow/example_dags/example_local_kubernetes_executor.py for tasks to queue
[2023-06-15T18:07:42.930+0000] {logging_mixin.py:137} INFO - [2023-06-15T18:07:42.930+0000] {dagbag.py:538} INFO - Filling up the DagBag from /home/airflow/.local/lib/python3.7/site-packages/airflow/example_dags/example_local_kubernetes_executor.py
[2023-06-15T18:07:42.953+0000] {processor.py:753} INFO - DAG(s) dict_keys(['example_local_kubernetes_executor']) retrieved from /home/airflow/.local/lib/python3.7/site-packages/airflow/example_dags/example_local_kubernetes_executor.py
[2023-06-15T18:07:42.982+0000] {logging_mixin.py:137} INFO - [2023-06-15T18:07:42.982+0000] {dag.py:2690} INFO - Sync 1 DAGs
[2023-06-15T18:07:43.003+0000] {logging_mixin.py:137} INFO - [2023-06-15T18:07:43.003+0000] {dag.py:3441} INFO - Setting next_dagrun for example_local_kubernetes_executor to None, run_after=None
[2023-06-15T18:07:43.019+0000] {processor.py:175} INFO - Processing /home/airflow/.local/lib/python3.7/site-packages/airflow/example_dags/example_local_kubernetes_executor.py took 0.095 seconds
[2023-06-15T18:08:13.250+0000] {processor.py:153} INFO - Started process (PID=933) to work on /home/airflow/.local/lib/python3.7/site-packages/airflow/example_dags/example_local_kubernetes_executor.py
[2023-06-15T18:08:13.251+0000] {processor.py:743} INFO - Processing file /home/airflow/.local/lib/python3.7/site-packages/airflow/example_dags/example_local_kubernetes_executor.py for tasks to queue
[2023-06-15T18:08:13.252+0000] {logging_mixin.py:137} INFO - [2023-06-15T18:08:13.252+0000] {dagbag.py:538} INFO - Filling up the DagBag from /home/airflow/.local/lib/python3.7/site-packages/airflow/example_dags/example_local_kubernetes_executor.py
[2023-06-15T18:08:13.272+0000] {processor.py:753} INFO - DAG(s) dict_keys(['example_local_kubernetes_executor']) retrieved from /home/airflow/.local/lib/python3.7/site-packages/airflow/example_dags/example_local_kubernetes_executor.py
[2023-06-15T18:08:13.298+0000] {logging_mixin.py:137} INFO - [2023-06-15T18:08:13.297+0000] {dag.py:2690} INFO - Sync 1 DAGs
[2023-06-15T18:08:13.316+0000] {logging_mixin.py:137} INFO - [2023-06-15T18:08:13.316+0000] {dag.py:3441} INFO - Setting next_dagrun for example_local_kubernetes_executor to None, run_after=None
[2023-06-15T18:08:13.330+0000] {processor.py:175} INFO - Processing /home/airflow/.local/lib/python3.7/site-packages/airflow/example_dags/example_local_kubernetes_executor.py took 0.083 seconds
[2023-06-15T18:08:43.883+0000] {processor.py:153} INFO - Started process (PID=1009) to work on /home/airflow/.local/lib/python3.7/site-packages/airflow/example_dags/example_local_kubernetes_executor.py
[2023-06-15T18:08:43.885+0000] {processor.py:743} INFO - Processing file /home/airflow/.local/lib/python3.7/site-packages/airflow/example_dags/example_local_kubernetes_executor.py for tasks to queue
[2023-06-15T18:08:43.886+0000] {logging_mixin.py:137} INFO - [2023-06-15T18:08:43.886+0000] {dagbag.py:538} INFO - Filling up the DagBag from /home/airflow/.local/lib/python3.7/site-packages/airflow/example_dags/example_local_kubernetes_executor.py
[2023-06-15T18:08:43.908+0000] {processor.py:753} INFO - DAG(s) dict_keys(['example_local_kubernetes_executor']) retrieved from /home/airflow/.local/lib/python3.7/site-packages/airflow/example_dags/example_local_kubernetes_executor.py
[2023-06-15T18:08:43.936+0000] {logging_mixin.py:137} INFO - [2023-06-15T18:08:43.936+0000] {dag.py:2690} INFO - Sync 1 DAGs
[2023-06-15T18:08:43.956+0000] {logging_mixin.py:137} INFO - [2023-06-15T18:08:43.956+0000] {dag.py:3441} INFO - Setting next_dagrun for example_local_kubernetes_executor to None, run_after=None
[2023-06-15T18:08:43.972+0000] {processor.py:175} INFO - Processing /home/airflow/.local/lib/python3.7/site-packages/airflow/example_dags/example_local_kubernetes_executor.py took 0.092 seconds
[2023-06-15T18:09:14.579+0000] {processor.py:153} INFO - Started process (PID=1073) to work on /home/airflow/.local/lib/python3.7/site-packages/airflow/example_dags/example_local_kubernetes_executor.py
[2023-06-15T18:09:14.581+0000] {processor.py:743} INFO - Processing file /home/airflow/.local/lib/python3.7/site-packages/airflow/example_dags/example_local_kubernetes_executor.py for tasks to queue
[2023-06-15T18:09:14.582+0000] {logging_mixin.py:137} INFO - [2023-06-15T18:09:14.582+0000] {dagbag.py:538} INFO - Filling up the DagBag from /home/airflow/.local/lib/python3.7/site-packages/airflow/example_dags/example_local_kubernetes_executor.py
[2023-06-15T18:09:14.610+0000] {processor.py:753} INFO - DAG(s) dict_keys(['example_local_kubernetes_executor']) retrieved from /home/airflow/.local/lib/python3.7/site-packages/airflow/example_dags/example_local_kubernetes_executor.py
[2023-06-15T18:09:14.646+0000] {logging_mixin.py:137} INFO - [2023-06-15T18:09:14.646+0000] {dag.py:2690} INFO - Sync 1 DAGs
[2023-06-15T18:09:14.666+0000] {logging_mixin.py:137} INFO - [2023-06-15T18:09:14.666+0000] {dag.py:3441} INFO - Setting next_dagrun for example_local_kubernetes_executor to None, run_after=None
[2023-06-15T18:09:14.682+0000] {processor.py:175} INFO - Processing /home/airflow/.local/lib/python3.7/site-packages/airflow/example_dags/example_local_kubernetes_executor.py took 0.106 seconds
[2023-06-15T18:09:45.158+0000] {processor.py:153} INFO - Started process (PID=1149) to work on /home/airflow/.local/lib/python3.7/site-packages/airflow/example_dags/example_local_kubernetes_executor.py
[2023-06-15T18:09:45.160+0000] {processor.py:743} INFO - Processing file /home/airflow/.local/lib/python3.7/site-packages/airflow/example_dags/example_local_kubernetes_executor.py for tasks to queue
[2023-06-15T18:09:45.161+0000] {logging_mixin.py:137} INFO - [2023-06-15T18:09:45.161+0000] {dagbag.py:538} INFO - Filling up the DagBag from /home/airflow/.local/lib/python3.7/site-packages/airflow/example_dags/example_local_kubernetes_executor.py
[2023-06-15T18:09:45.180+0000] {processor.py:753} INFO - DAG(s) dict_keys(['example_local_kubernetes_executor']) retrieved from /home/airflow/.local/lib/python3.7/site-packages/airflow/example_dags/example_local_kubernetes_executor.py
[2023-06-15T18:09:45.209+0000] {logging_mixin.py:137} INFO - [2023-06-15T18:09:45.209+0000] {dag.py:2690} INFO - Sync 1 DAGs
[2023-06-15T18:09:45.231+0000] {logging_mixin.py:137} INFO - [2023-06-15T18:09:45.231+0000] {dag.py:3441} INFO - Setting next_dagrun for example_local_kubernetes_executor to None, run_after=None
[2023-06-15T18:09:45.247+0000] {processor.py:175} INFO - Processing /home/airflow/.local/lib/python3.7/site-packages/airflow/example_dags/example_local_kubernetes_executor.py took 0.093 seconds
[2023-06-15T18:10:16.033+0000] {processor.py:153} INFO - Started process (PID=1225) to work on /home/airflow/.local/lib/python3.7/site-packages/airflow/example_dags/example_local_kubernetes_executor.py
[2023-06-15T18:10:16.035+0000] {processor.py:743} INFO - Processing file /home/airflow/.local/lib/python3.7/site-packages/airflow/example_dags/example_local_kubernetes_executor.py for tasks to queue
[2023-06-15T18:10:16.036+0000] {logging_mixin.py:137} INFO - [2023-06-15T18:10:16.036+0000] {dagbag.py:538} INFO - Filling up the DagBag from /home/airflow/.local/lib/python3.7/site-packages/airflow/example_dags/example_local_kubernetes_executor.py
[2023-06-15T18:10:16.063+0000] {processor.py:753} INFO - DAG(s) dict_keys(['example_local_kubernetes_executor']) retrieved from /home/airflow/.local/lib/python3.7/site-packages/airflow/example_dags/example_local_kubernetes_executor.py
[2023-06-15T18:10:16.095+0000] {logging_mixin.py:137} INFO - [2023-06-15T18:10:16.095+0000] {dag.py:2690} INFO - Sync 1 DAGs
[2023-06-15T18:10:16.118+0000] {logging_mixin.py:137} INFO - [2023-06-15T18:10:16.118+0000] {dag.py:3441} INFO - Setting next_dagrun for example_local_kubernetes_executor to None, run_after=None
[2023-06-15T18:10:16.136+0000] {processor.py:175} INFO - Processing /home/airflow/.local/lib/python3.7/site-packages/airflow/example_dags/example_local_kubernetes_executor.py took 0.106 seconds
[2023-06-15T18:10:46.630+0000] {processor.py:153} INFO - Started process (PID=1289) to work on /home/airflow/.local/lib/python3.7/site-packages/airflow/example_dags/example_local_kubernetes_executor.py
[2023-06-15T18:10:46.632+0000] {processor.py:743} INFO - Processing file /home/airflow/.local/lib/python3.7/site-packages/airflow/example_dags/example_local_kubernetes_executor.py for tasks to queue
[2023-06-15T18:10:46.634+0000] {logging_mixin.py:137} INFO - [2023-06-15T18:10:46.633+0000] {dagbag.py:538} INFO - Filling up the DagBag from /home/airflow/.local/lib/python3.7/site-packages/airflow/example_dags/example_local_kubernetes_executor.py
[2023-06-15T18:10:46.653+0000] {processor.py:753} INFO - DAG(s) dict_keys(['example_local_kubernetes_executor']) retrieved from /home/airflow/.local/lib/python3.7/site-packages/airflow/example_dags/example_local_kubernetes_executor.py
[2023-06-15T18:10:46.681+0000] {logging_mixin.py:137} INFO - [2023-06-15T18:10:46.681+0000] {dag.py:2690} INFO - Sync 1 DAGs
[2023-06-15T18:10:46.700+0000] {logging_mixin.py:137} INFO - [2023-06-15T18:10:46.700+0000] {dag.py:3441} INFO - Setting next_dagrun for example_local_kubernetes_executor to None, run_after=None
[2023-06-15T18:10:46.715+0000] {processor.py:175} INFO - Processing /home/airflow/.local/lib/python3.7/site-packages/airflow/example_dags/example_local_kubernetes_executor.py took 0.089 seconds
[2023-06-15T18:11:17.376+0000] {processor.py:153} INFO - Started process (PID=1365) to work on /home/airflow/.local/lib/python3.7/site-packages/airflow/example_dags/example_local_kubernetes_executor.py
[2023-06-15T18:11:17.377+0000] {processor.py:743} INFO - Processing file /home/airflow/.local/lib/python3.7/site-packages/airflow/example_dags/example_local_kubernetes_executor.py for tasks to queue
[2023-06-15T18:11:17.378+0000] {logging_mixin.py:137} INFO - [2023-06-15T18:11:17.378+0000] {dagbag.py:538} INFO - Filling up the DagBag from /home/airflow/.local/lib/python3.7/site-packages/airflow/example_dags/example_local_kubernetes_executor.py
[2023-06-15T18:11:17.397+0000] {processor.py:753} INFO - DAG(s) dict_keys(['example_local_kubernetes_executor']) retrieved from /home/airflow/.local/lib/python3.7/site-packages/airflow/example_dags/example_local_kubernetes_executor.py
[2023-06-15T18:11:17.423+0000] {logging_mixin.py:137} INFO - [2023-06-15T18:11:17.423+0000] {dag.py:2690} INFO - Sync 1 DAGs
[2023-06-15T18:11:17.442+0000] {logging_mixin.py:137} INFO - [2023-06-15T18:11:17.442+0000] {dag.py:3441} INFO - Setting next_dagrun for example_local_kubernetes_executor to None, run_after=None
[2023-06-15T18:11:17.457+0000] {processor.py:175} INFO - Processing /home/airflow/.local/lib/python3.7/site-packages/airflow/example_dags/example_local_kubernetes_executor.py took 0.084 seconds
[2023-06-15T18:11:47.825+0000] {processor.py:153} INFO - Started process (PID=1430) to work on /home/airflow/.local/lib/python3.7/site-packages/airflow/example_dags/example_local_kubernetes_executor.py
[2023-06-15T18:11:47.826+0000] {processor.py:743} INFO - Processing file /home/airflow/.local/lib/python3.7/site-packages/airflow/example_dags/example_local_kubernetes_executor.py for tasks to queue
[2023-06-15T18:11:47.827+0000] {logging_mixin.py:137} INFO - [2023-06-15T18:11:47.827+0000] {dagbag.py:538} INFO - Filling up the DagBag from /home/airflow/.local/lib/python3.7/site-packages/airflow/example_dags/example_local_kubernetes_executor.py
[2023-06-15T18:11:47.846+0000] {processor.py:753} INFO - DAG(s) dict_keys(['example_local_kubernetes_executor']) retrieved from /home/airflow/.local/lib/python3.7/site-packages/airflow/example_dags/example_local_kubernetes_executor.py
[2023-06-15T18:11:47.872+0000] {logging_mixin.py:137} INFO - [2023-06-15T18:11:47.872+0000] {dag.py:2690} INFO - Sync 1 DAGs
[2023-06-15T18:11:47.898+0000] {logging_mixin.py:137} INFO - [2023-06-15T18:11:47.897+0000] {dag.py:3441} INFO - Setting next_dagrun for example_local_kubernetes_executor to None, run_after=None
[2023-06-15T18:11:47.912+0000] {processor.py:175} INFO - Processing /home/airflow/.local/lib/python3.7/site-packages/airflow/example_dags/example_local_kubernetes_executor.py took 0.091 seconds
[2023-06-15T18:12:18.555+0000] {processor.py:153} INFO - Started process (PID=1507) to work on /home/airflow/.local/lib/python3.7/site-packages/airflow/example_dags/example_local_kubernetes_executor.py
[2023-06-15T18:12:18.556+0000] {processor.py:743} INFO - Processing file /home/airflow/.local/lib/python3.7/site-packages/airflow/example_dags/example_local_kubernetes_executor.py for tasks to queue
[2023-06-15T18:12:18.557+0000] {logging_mixin.py:137} INFO - [2023-06-15T18:12:18.557+0000] {dagbag.py:538} INFO - Filling up the DagBag from /home/airflow/.local/lib/python3.7/site-packages/airflow/example_dags/example_local_kubernetes_executor.py
[2023-06-15T18:12:18.576+0000] {processor.py:753} INFO - DAG(s) dict_keys(['example_local_kubernetes_executor']) retrieved from /home/airflow/.local/lib/python3.7/site-packages/airflow/example_dags/example_local_kubernetes_executor.py
[2023-06-15T18:12:18.602+0000] {logging_mixin.py:137} INFO - [2023-06-15T18:12:18.602+0000] {dag.py:2690} INFO - Sync 1 DAGs
[2023-06-15T18:12:18.621+0000] {logging_mixin.py:137} INFO - [2023-06-15T18:12:18.621+0000] {dag.py:3441} INFO - Setting next_dagrun for example_local_kubernetes_executor to None, run_after=None
[2023-06-15T18:12:18.634+0000] {processor.py:175} INFO - Processing /home/airflow/.local/lib/python3.7/site-packages/airflow/example_dags/example_local_kubernetes_executor.py took 0.082 seconds
[2023-06-15T18:12:49.200+0000] {processor.py:153} INFO - Started process (PID=1585) to work on /home/airflow/.local/lib/python3.7/site-packages/airflow/example_dags/example_local_kubernetes_executor.py
[2023-06-15T18:12:49.202+0000] {processor.py:743} INFO - Processing file /home/airflow/.local/lib/python3.7/site-packages/airflow/example_dags/example_local_kubernetes_executor.py for tasks to queue
[2023-06-15T18:12:49.202+0000] {logging_mixin.py:137} INFO - [2023-06-15T18:12:49.202+0000] {dagbag.py:538} INFO - Filling up the DagBag from /home/airflow/.local/lib/python3.7/site-packages/airflow/example_dags/example_local_kubernetes_executor.py
[2023-06-15T18:12:49.221+0000] {processor.py:753} INFO - DAG(s) dict_keys(['example_local_kubernetes_executor']) retrieved from /home/airflow/.local/lib/python3.7/site-packages/airflow/example_dags/example_local_kubernetes_executor.py
[2023-06-15T18:12:49.248+0000] {logging_mixin.py:137} INFO - [2023-06-15T18:12:49.248+0000] {dag.py:2690} INFO - Sync 1 DAGs
[2023-06-15T18:12:49.267+0000] {logging_mixin.py:137} INFO - [2023-06-15T18:12:49.267+0000] {dag.py:3441} INFO - Setting next_dagrun for example_local_kubernetes_executor to None, run_after=None
[2023-06-15T18:12:49.280+0000] {processor.py:175} INFO - Processing /home/airflow/.local/lib/python3.7/site-packages/airflow/example_dags/example_local_kubernetes_executor.py took 0.084 seconds
[2023-06-15T18:13:19.926+0000] {processor.py:153} INFO - Started process (PID=1651) to work on /home/airflow/.local/lib/python3.7/site-packages/airflow/example_dags/example_local_kubernetes_executor.py
[2023-06-15T18:13:19.928+0000] {processor.py:743} INFO - Processing file /home/airflow/.local/lib/python3.7/site-packages/airflow/example_dags/example_local_kubernetes_executor.py for tasks to queue
[2023-06-15T18:13:19.928+0000] {logging_mixin.py:137} INFO - [2023-06-15T18:13:19.928+0000] {dagbag.py:538} INFO - Filling up the DagBag from /home/airflow/.local/lib/python3.7/site-packages/airflow/example_dags/example_local_kubernetes_executor.py
[2023-06-15T18:13:19.947+0000] {processor.py:753} INFO - DAG(s) dict_keys(['example_local_kubernetes_executor']) retrieved from /home/airflow/.local/lib/python3.7/site-packages/airflow/example_dags/example_local_kubernetes_executor.py
[2023-06-15T18:13:19.973+0000] {logging_mixin.py:137} INFO - [2023-06-15T18:13:19.973+0000] {dag.py:2690} INFO - Sync 1 DAGs
[2023-06-15T18:13:19.993+0000] {logging_mixin.py:137} INFO - [2023-06-15T18:13:19.992+0000] {dag.py:3441} INFO - Setting next_dagrun for example_local_kubernetes_executor to None, run_after=None
[2023-06-15T18:13:20.009+0000] {processor.py:175} INFO - Processing /home/airflow/.local/lib/python3.7/site-packages/airflow/example_dags/example_local_kubernetes_executor.py took 0.086 seconds
[2023-06-15T18:13:50.784+0000] {processor.py:153} INFO - Started process (PID=1729) to work on /home/airflow/.local/lib/python3.7/site-packages/airflow/example_dags/example_local_kubernetes_executor.py
[2023-06-15T18:13:50.785+0000] {processor.py:743} INFO - Processing file /home/airflow/.local/lib/python3.7/site-packages/airflow/example_dags/example_local_kubernetes_executor.py for tasks to queue
[2023-06-15T18:13:50.786+0000] {logging_mixin.py:137} INFO - [2023-06-15T18:13:50.786+0000] {dagbag.py:538} INFO - Filling up the DagBag from /home/airflow/.local/lib/python3.7/site-packages/airflow/example_dags/example_local_kubernetes_executor.py
[2023-06-15T18:13:50.806+0000] {processor.py:753} INFO - DAG(s) dict_keys(['example_local_kubernetes_executor']) retrieved from /home/airflow/.local/lib/python3.7/site-packages/airflow/example_dags/example_local_kubernetes_executor.py
[2023-06-15T18:13:50.831+0000] {logging_mixin.py:137} INFO - [2023-06-15T18:13:50.831+0000] {dag.py:2690} INFO - Sync 1 DAGs
[2023-06-15T18:13:50.851+0000] {logging_mixin.py:137} INFO - [2023-06-15T18:13:50.851+0000] {dag.py:3441} INFO - Setting next_dagrun for example_local_kubernetes_executor to None, run_after=None
[2023-06-15T18:13:50.865+0000] {processor.py:175} INFO - Processing /home/airflow/.local/lib/python3.7/site-packages/airflow/example_dags/example_local_kubernetes_executor.py took 0.084 seconds
[2023-06-15T18:14:20.982+0000] {processor.py:153} INFO - Started process (PID=1806) to work on /home/airflow/.local/lib/python3.7/site-packages/airflow/example_dags/example_local_kubernetes_executor.py
[2023-06-15T18:14:20.984+0000] {processor.py:743} INFO - Processing file /home/airflow/.local/lib/python3.7/site-packages/airflow/example_dags/example_local_kubernetes_executor.py for tasks to queue
[2023-06-15T18:14:20.985+0000] {logging_mixin.py:137} INFO - [2023-06-15T18:14:20.985+0000] {dagbag.py:538} INFO - Filling up the DagBag from /home/airflow/.local/lib/python3.7/site-packages/airflow/example_dags/example_local_kubernetes_executor.py
[2023-06-15T18:14:21.004+0000] {processor.py:753} INFO - DAG(s) dict_keys(['example_local_kubernetes_executor']) retrieved from /home/airflow/.local/lib/python3.7/site-packages/airflow/example_dags/example_local_kubernetes_executor.py
[2023-06-15T18:14:21.032+0000] {logging_mixin.py:137} INFO - [2023-06-15T18:14:21.032+0000] {dag.py:2690} INFO - Sync 1 DAGs
[2023-06-15T18:14:21.051+0000] {logging_mixin.py:137} INFO - [2023-06-15T18:14:21.051+0000] {dag.py:3441} INFO - Setting next_dagrun for example_local_kubernetes_executor to None, run_after=None
[2023-06-15T18:14:21.065+0000] {processor.py:175} INFO - Processing /home/airflow/.local/lib/python3.7/site-packages/airflow/example_dags/example_local_kubernetes_executor.py took 0.086 seconds
[2023-06-15T18:14:51.988+0000] {processor.py:153} INFO - Started process (PID=1871) to work on /home/airflow/.local/lib/python3.7/site-packages/airflow/example_dags/example_local_kubernetes_executor.py
[2023-06-15T18:14:51.989+0000] {processor.py:743} INFO - Processing file /home/airflow/.local/lib/python3.7/site-packages/airflow/example_dags/example_local_kubernetes_executor.py for tasks to queue
[2023-06-15T18:14:51.990+0000] {logging_mixin.py:137} INFO - [2023-06-15T18:14:51.990+0000] {dagbag.py:538} INFO - Filling up the DagBag from /home/airflow/.local/lib/python3.7/site-packages/airflow/example_dags/example_local_kubernetes_executor.py
[2023-06-15T18:14:52.012+0000] {processor.py:753} INFO - DAG(s) dict_keys(['example_local_kubernetes_executor']) retrieved from /home/airflow/.local/lib/python3.7/site-packages/airflow/example_dags/example_local_kubernetes_executor.py
[2023-06-15T18:14:52.041+0000] {logging_mixin.py:137} INFO - [2023-06-15T18:14:52.041+0000] {dag.py:2690} INFO - Sync 1 DAGs
[2023-06-15T18:14:52.060+0000] {logging_mixin.py:137} INFO - [2023-06-15T18:14:52.060+0000] {dag.py:3441} INFO - Setting next_dagrun for example_local_kubernetes_executor to None, run_after=None
[2023-06-15T18:14:52.075+0000] {processor.py:175} INFO - Processing /home/airflow/.local/lib/python3.7/site-packages/airflow/example_dags/example_local_kubernetes_executor.py took 0.090 seconds
[2023-06-15T18:15:22.409+0000] {processor.py:153} INFO - Started process (PID=1949) to work on /home/airflow/.local/lib/python3.7/site-packages/airflow/example_dags/example_local_kubernetes_executor.py
[2023-06-15T18:15:22.410+0000] {processor.py:743} INFO - Processing file /home/airflow/.local/lib/python3.7/site-packages/airflow/example_dags/example_local_kubernetes_executor.py for tasks to queue
[2023-06-15T18:15:22.412+0000] {logging_mixin.py:137} INFO - [2023-06-15T18:15:22.412+0000] {dagbag.py:538} INFO - Filling up the DagBag from /home/airflow/.local/lib/python3.7/site-packages/airflow/example_dags/example_local_kubernetes_executor.py
[2023-06-15T18:15:22.435+0000] {processor.py:753} INFO - DAG(s) dict_keys(['example_local_kubernetes_executor']) retrieved from /home/airflow/.local/lib/python3.7/site-packages/airflow/example_dags/example_local_kubernetes_executor.py
[2023-06-15T18:15:22.462+0000] {logging_mixin.py:137} INFO - [2023-06-15T18:15:22.462+0000] {dag.py:2690} INFO - Sync 1 DAGs
[2023-06-15T18:15:22.480+0000] {logging_mixin.py:137} INFO - [2023-06-15T18:15:22.480+0000] {dag.py:3441} INFO - Setting next_dagrun for example_local_kubernetes_executor to None, run_after=None
[2023-06-15T18:15:22.494+0000] {processor.py:175} INFO - Processing /home/airflow/.local/lib/python3.7/site-packages/airflow/example_dags/example_local_kubernetes_executor.py took 0.089 seconds
[2023-06-15T18:15:52.705+0000] {processor.py:153} INFO - Started process (PID=2015) to work on /home/airflow/.local/lib/python3.7/site-packages/airflow/example_dags/example_local_kubernetes_executor.py
[2023-06-15T18:15:52.707+0000] {processor.py:743} INFO - Processing file /home/airflow/.local/lib/python3.7/site-packages/airflow/example_dags/example_local_kubernetes_executor.py for tasks to queue
[2023-06-15T18:15:52.708+0000] {logging_mixin.py:137} INFO - [2023-06-15T18:15:52.707+0000] {dagbag.py:538} INFO - Filling up the DagBag from /home/airflow/.local/lib/python3.7/site-packages/airflow/example_dags/example_local_kubernetes_executor.py
[2023-06-15T18:15:52.726+0000] {processor.py:753} INFO - DAG(s) dict_keys(['example_local_kubernetes_executor']) retrieved from /home/airflow/.local/lib/python3.7/site-packages/airflow/example_dags/example_local_kubernetes_executor.py
[2023-06-15T18:15:52.754+0000] {logging_mixin.py:137} INFO - [2023-06-15T18:15:52.754+0000] {dag.py:2690} INFO - Sync 1 DAGs
[2023-06-15T18:15:52.775+0000] {logging_mixin.py:137} INFO - [2023-06-15T18:15:52.775+0000] {dag.py:3441} INFO - Setting next_dagrun for example_local_kubernetes_executor to None, run_after=None
[2023-06-15T18:15:52.791+0000] {processor.py:175} INFO - Processing /home/airflow/.local/lib/python3.7/site-packages/airflow/example_dags/example_local_kubernetes_executor.py took 0.089 seconds
[2023-06-15T18:16:23.258+0000] {processor.py:153} INFO - Started process (PID=2092) to work on /home/airflow/.local/lib/python3.7/site-packages/airflow/example_dags/example_local_kubernetes_executor.py
[2023-06-15T18:16:23.259+0000] {processor.py:743} INFO - Processing file /home/airflow/.local/lib/python3.7/site-packages/airflow/example_dags/example_local_kubernetes_executor.py for tasks to queue
[2023-06-15T18:16:23.260+0000] {logging_mixin.py:137} INFO - [2023-06-15T18:16:23.260+0000] {dagbag.py:538} INFO - Filling up the DagBag from /home/airflow/.local/lib/python3.7/site-packages/airflow/example_dags/example_local_kubernetes_executor.py
[2023-06-15T18:16:23.279+0000] {processor.py:753} INFO - DAG(s) dict_keys(['example_local_kubernetes_executor']) retrieved from /home/airflow/.local/lib/python3.7/site-packages/airflow/example_dags/example_local_kubernetes_executor.py
[2023-06-15T18:16:23.305+0000] {logging_mixin.py:137} INFO - [2023-06-15T18:16:23.305+0000] {dag.py:2690} INFO - Sync 1 DAGs
[2023-06-15T18:16:23.322+0000] {logging_mixin.py:137} INFO - [2023-06-15T18:16:23.322+0000] {dag.py:3441} INFO - Setting next_dagrun for example_local_kubernetes_executor to None, run_after=None
[2023-06-15T18:16:23.335+0000] {processor.py:175} INFO - Processing /home/airflow/.local/lib/python3.7/site-packages/airflow/example_dags/example_local_kubernetes_executor.py took 0.081 seconds
[2023-06-15T18:16:53.863+0000] {processor.py:153} INFO - Started process (PID=2169) to work on /home/airflow/.local/lib/python3.7/site-packages/airflow/example_dags/example_local_kubernetes_executor.py
[2023-06-15T18:16:53.864+0000] {processor.py:743} INFO - Processing file /home/airflow/.local/lib/python3.7/site-packages/airflow/example_dags/example_local_kubernetes_executor.py for tasks to queue
[2023-06-15T18:16:53.865+0000] {logging_mixin.py:137} INFO - [2023-06-15T18:16:53.865+0000] {dagbag.py:538} INFO - Filling up the DagBag from /home/airflow/.local/lib/python3.7/site-packages/airflow/example_dags/example_local_kubernetes_executor.py
[2023-06-15T18:16:53.884+0000] {processor.py:753} INFO - DAG(s) dict_keys(['example_local_kubernetes_executor']) retrieved from /home/airflow/.local/lib/python3.7/site-packages/airflow/example_dags/example_local_kubernetes_executor.py
[2023-06-15T18:16:53.919+0000] {logging_mixin.py:137} INFO - [2023-06-15T18:16:53.919+0000] {dag.py:2690} INFO - Sync 1 DAGs
[2023-06-15T18:16:53.940+0000] {logging_mixin.py:137} INFO - [2023-06-15T18:16:53.940+0000] {dag.py:3441} INFO - Setting next_dagrun for example_local_kubernetes_executor to None, run_after=None
[2023-06-15T18:16:53.955+0000] {processor.py:175} INFO - Processing /home/airflow/.local/lib/python3.7/site-packages/airflow/example_dags/example_local_kubernetes_executor.py took 0.096 seconds
[2023-06-15T18:17:24.250+0000] {processor.py:153} INFO - Started process (PID=2234) to work on /home/airflow/.local/lib/python3.7/site-packages/airflow/example_dags/example_local_kubernetes_executor.py
[2023-06-15T18:17:24.251+0000] {processor.py:743} INFO - Processing file /home/airflow/.local/lib/python3.7/site-packages/airflow/example_dags/example_local_kubernetes_executor.py for tasks to queue
[2023-06-15T18:17:24.252+0000] {logging_mixin.py:137} INFO - [2023-06-15T18:17:24.252+0000] {dagbag.py:538} INFO - Filling up the DagBag from /home/airflow/.local/lib/python3.7/site-packages/airflow/example_dags/example_local_kubernetes_executor.py
[2023-06-15T18:17:24.272+0000] {processor.py:753} INFO - DAG(s) dict_keys(['example_local_kubernetes_executor']) retrieved from /home/airflow/.local/lib/python3.7/site-packages/airflow/example_dags/example_local_kubernetes_executor.py
[2023-06-15T18:17:24.297+0000] {logging_mixin.py:137} INFO - [2023-06-15T18:17:24.297+0000] {dag.py:2690} INFO - Sync 1 DAGs
[2023-06-15T18:17:24.316+0000] {logging_mixin.py:137} INFO - [2023-06-15T18:17:24.316+0000] {dag.py:3441} INFO - Setting next_dagrun for example_local_kubernetes_executor to None, run_after=None
[2023-06-15T18:17:24.331+0000] {processor.py:175} INFO - Processing /home/airflow/.local/lib/python3.7/site-packages/airflow/example_dags/example_local_kubernetes_executor.py took 0.085 seconds
[2023-06-15T18:44:54.154+0000] {processor.py:153} INFO - Started process (PID=2318) to work on /home/airflow/.local/lib/python3.7/site-packages/airflow/example_dags/example_local_kubernetes_executor.py
[2023-06-15T18:44:54.156+0000] {processor.py:743} INFO - Processing file /home/airflow/.local/lib/python3.7/site-packages/airflow/example_dags/example_local_kubernetes_executor.py for tasks to queue
[2023-06-15T18:44:54.156+0000] {logging_mixin.py:137} INFO - [2023-06-15T18:44:54.156+0000] {dagbag.py:538} INFO - Filling up the DagBag from /home/airflow/.local/lib/python3.7/site-packages/airflow/example_dags/example_local_kubernetes_executor.py
[2023-06-15T18:44:54.177+0000] {processor.py:753} INFO - DAG(s) dict_keys(['example_local_kubernetes_executor']) retrieved from /home/airflow/.local/lib/python3.7/site-packages/airflow/example_dags/example_local_kubernetes_executor.py
[2023-06-15T18:44:54.204+0000] {logging_mixin.py:137} INFO - [2023-06-15T18:44:54.204+0000] {dag.py:2690} INFO - Sync 1 DAGs
[2023-06-15T18:44:54.225+0000] {logging_mixin.py:137} INFO - [2023-06-15T18:44:54.225+0000] {dag.py:3441} INFO - Setting next_dagrun for example_local_kubernetes_executor to None, run_after=None
[2023-06-15T18:44:54.241+0000] {processor.py:175} INFO - Processing /home/airflow/.local/lib/python3.7/site-packages/airflow/example_dags/example_local_kubernetes_executor.py took 0.089 seconds
[2023-06-15T18:45:24.778+0000] {processor.py:153} INFO - Started process (PID=2384) to work on /home/airflow/.local/lib/python3.7/site-packages/airflow/example_dags/example_local_kubernetes_executor.py
[2023-06-15T18:45:24.780+0000] {processor.py:743} INFO - Processing file /home/airflow/.local/lib/python3.7/site-packages/airflow/example_dags/example_local_kubernetes_executor.py for tasks to queue
[2023-06-15T18:45:24.781+0000] {logging_mixin.py:137} INFO - [2023-06-15T18:45:24.781+0000] {dagbag.py:538} INFO - Filling up the DagBag from /home/airflow/.local/lib/python3.7/site-packages/airflow/example_dags/example_local_kubernetes_executor.py
[2023-06-15T18:45:24.801+0000] {processor.py:753} INFO - DAG(s) dict_keys(['example_local_kubernetes_executor']) retrieved from /home/airflow/.local/lib/python3.7/site-packages/airflow/example_dags/example_local_kubernetes_executor.py
[2023-06-15T18:45:24.829+0000] {logging_mixin.py:137} INFO - [2023-06-15T18:45:24.829+0000] {dag.py:2690} INFO - Sync 1 DAGs
[2023-06-15T18:45:24.848+0000] {logging_mixin.py:137} INFO - [2023-06-15T18:45:24.848+0000] {dag.py:3441} INFO - Setting next_dagrun for example_local_kubernetes_executor to None, run_after=None
[2023-06-15T18:45:24.865+0000] {processor.py:175} INFO - Processing /home/airflow/.local/lib/python3.7/site-packages/airflow/example_dags/example_local_kubernetes_executor.py took 0.091 seconds
[2023-06-15T18:45:55.550+0000] {processor.py:153} INFO - Started process (PID=2461) to work on /home/airflow/.local/lib/python3.7/site-packages/airflow/example_dags/example_local_kubernetes_executor.py
[2023-06-15T18:45:55.552+0000] {processor.py:743} INFO - Processing file /home/airflow/.local/lib/python3.7/site-packages/airflow/example_dags/example_local_kubernetes_executor.py for tasks to queue
[2023-06-15T18:45:55.553+0000] {logging_mixin.py:137} INFO - [2023-06-15T18:45:55.553+0000] {dagbag.py:538} INFO - Filling up the DagBag from /home/airflow/.local/lib/python3.7/site-packages/airflow/example_dags/example_local_kubernetes_executor.py
[2023-06-15T18:45:55.573+0000] {processor.py:753} INFO - DAG(s) dict_keys(['example_local_kubernetes_executor']) retrieved from /home/airflow/.local/lib/python3.7/site-packages/airflow/example_dags/example_local_kubernetes_executor.py
[2023-06-15T18:45:55.599+0000] {logging_mixin.py:137} INFO - [2023-06-15T18:45:55.599+0000] {dag.py:2690} INFO - Sync 1 DAGs
[2023-06-15T18:45:55.622+0000] {logging_mixin.py:137} INFO - [2023-06-15T18:45:55.622+0000] {dag.py:3441} INFO - Setting next_dagrun for example_local_kubernetes_executor to None, run_after=None
[2023-06-15T18:45:55.644+0000] {processor.py:175} INFO - Processing /home/airflow/.local/lib/python3.7/site-packages/airflow/example_dags/example_local_kubernetes_executor.py took 0.098 seconds
[2023-06-15T18:46:26.711+0000] {processor.py:153} INFO - Started process (PID=2538) to work on /home/airflow/.local/lib/python3.7/site-packages/airflow/example_dags/example_local_kubernetes_executor.py
[2023-06-15T18:46:26.713+0000] {processor.py:743} INFO - Processing file /home/airflow/.local/lib/python3.7/site-packages/airflow/example_dags/example_local_kubernetes_executor.py for tasks to queue
[2023-06-15T18:46:26.714+0000] {logging_mixin.py:137} INFO - [2023-06-15T18:46:26.714+0000] {dagbag.py:538} INFO - Filling up the DagBag from /home/airflow/.local/lib/python3.7/site-packages/airflow/example_dags/example_local_kubernetes_executor.py
[2023-06-15T18:46:26.733+0000] {processor.py:753} INFO - DAG(s) dict_keys(['example_local_kubernetes_executor']) retrieved from /home/airflow/.local/lib/python3.7/site-packages/airflow/example_dags/example_local_kubernetes_executor.py
[2023-06-15T18:46:26.763+0000] {logging_mixin.py:137} INFO - [2023-06-15T18:46:26.763+0000] {dag.py:2690} INFO - Sync 1 DAGs
[2023-06-15T18:46:26.787+0000] {logging_mixin.py:137} INFO - [2023-06-15T18:46:26.787+0000] {dag.py:3441} INFO - Setting next_dagrun for example_local_kubernetes_executor to None, run_after=None
[2023-06-15T18:46:26.801+0000] {processor.py:175} INFO - Processing /home/airflow/.local/lib/python3.7/site-packages/airflow/example_dags/example_local_kubernetes_executor.py took 0.093 seconds
[2023-06-15T18:46:57.782+0000] {processor.py:153} INFO - Started process (PID=2603) to work on /home/airflow/.local/lib/python3.7/site-packages/airflow/example_dags/example_local_kubernetes_executor.py
[2023-06-15T18:46:57.784+0000] {processor.py:743} INFO - Processing file /home/airflow/.local/lib/python3.7/site-packages/airflow/example_dags/example_local_kubernetes_executor.py for tasks to queue
[2023-06-15T18:46:57.785+0000] {logging_mixin.py:137} INFO - [2023-06-15T18:46:57.785+0000] {dagbag.py:538} INFO - Filling up the DagBag from /home/airflow/.local/lib/python3.7/site-packages/airflow/example_dags/example_local_kubernetes_executor.py
[2023-06-15T18:46:57.804+0000] {processor.py:753} INFO - DAG(s) dict_keys(['example_local_kubernetes_executor']) retrieved from /home/airflow/.local/lib/python3.7/site-packages/airflow/example_dags/example_local_kubernetes_executor.py
[2023-06-15T18:46:57.830+0000] {logging_mixin.py:137} INFO - [2023-06-15T18:46:57.830+0000] {dag.py:2690} INFO - Sync 1 DAGs
[2023-06-15T18:46:57.848+0000] {logging_mixin.py:137} INFO - [2023-06-15T18:46:57.848+0000] {dag.py:3441} INFO - Setting next_dagrun for example_local_kubernetes_executor to None, run_after=None
[2023-06-15T18:46:57.863+0000] {processor.py:175} INFO - Processing /home/airflow/.local/lib/python3.7/site-packages/airflow/example_dags/example_local_kubernetes_executor.py took 0.084 seconds
[2023-06-15T18:47:28.804+0000] {processor.py:153} INFO - Started process (PID=2680) to work on /home/airflow/.local/lib/python3.7/site-packages/airflow/example_dags/example_local_kubernetes_executor.py
[2023-06-15T18:47:28.806+0000] {processor.py:743} INFO - Processing file /home/airflow/.local/lib/python3.7/site-packages/airflow/example_dags/example_local_kubernetes_executor.py for tasks to queue
[2023-06-15T18:47:28.807+0000] {logging_mixin.py:137} INFO - [2023-06-15T18:47:28.806+0000] {dagbag.py:538} INFO - Filling up the DagBag from /home/airflow/.local/lib/python3.7/site-packages/airflow/example_dags/example_local_kubernetes_executor.py
[2023-06-15T18:47:28.826+0000] {processor.py:753} INFO - DAG(s) dict_keys(['example_local_kubernetes_executor']) retrieved from /home/airflow/.local/lib/python3.7/site-packages/airflow/example_dags/example_local_kubernetes_executor.py
[2023-06-15T18:47:28.857+0000] {logging_mixin.py:137} INFO - [2023-06-15T18:47:28.857+0000] {dag.py:2690} INFO - Sync 1 DAGs
[2023-06-15T18:47:28.876+0000] {logging_mixin.py:137} INFO - [2023-06-15T18:47:28.876+0000] {dag.py:3441} INFO - Setting next_dagrun for example_local_kubernetes_executor to None, run_after=None
[2023-06-15T18:47:28.889+0000] {processor.py:175} INFO - Processing /home/airflow/.local/lib/python3.7/site-packages/airflow/example_dags/example_local_kubernetes_executor.py took 0.088 seconds
[2023-06-15T18:47:59.483+0000] {processor.py:153} INFO - Started process (PID=2757) to work on /home/airflow/.local/lib/python3.7/site-packages/airflow/example_dags/example_local_kubernetes_executor.py
[2023-06-15T18:47:59.484+0000] {processor.py:743} INFO - Processing file /home/airflow/.local/lib/python3.7/site-packages/airflow/example_dags/example_local_kubernetes_executor.py for tasks to queue
[2023-06-15T18:47:59.485+0000] {logging_mixin.py:137} INFO - [2023-06-15T18:47:59.485+0000] {dagbag.py:538} INFO - Filling up the DagBag from /home/airflow/.local/lib/python3.7/site-packages/airflow/example_dags/example_local_kubernetes_executor.py
[2023-06-15T18:47:59.505+0000] {processor.py:753} INFO - DAG(s) dict_keys(['example_local_kubernetes_executor']) retrieved from /home/airflow/.local/lib/python3.7/site-packages/airflow/example_dags/example_local_kubernetes_executor.py
[2023-06-15T18:47:59.531+0000] {logging_mixin.py:137} INFO - [2023-06-15T18:47:59.531+0000] {dag.py:2690} INFO - Sync 1 DAGs
[2023-06-15T18:47:59.550+0000] {logging_mixin.py:137} INFO - [2023-06-15T18:47:59.549+0000] {dag.py:3441} INFO - Setting next_dagrun for example_local_kubernetes_executor to None, run_after=None
[2023-06-15T18:47:59.565+0000] {processor.py:175} INFO - Processing /home/airflow/.local/lib/python3.7/site-packages/airflow/example_dags/example_local_kubernetes_executor.py took 0.086 seconds
[2023-06-15T18:48:31.774+0000] {processor.py:153} INFO - Started process (PID=2822) to work on /home/airflow/.local/lib/python3.7/site-packages/airflow/example_dags/example_local_kubernetes_executor.py
[2023-06-15T18:48:31.776+0000] {processor.py:743} INFO - Processing file /home/airflow/.local/lib/python3.7/site-packages/airflow/example_dags/example_local_kubernetes_executor.py for tasks to queue
[2023-06-15T18:48:31.777+0000] {logging_mixin.py:137} INFO - [2023-06-15T18:48:31.776+0000] {dagbag.py:538} INFO - Filling up the DagBag from /home/airflow/.local/lib/python3.7/site-packages/airflow/example_dags/example_local_kubernetes_executor.py
[2023-06-15T18:48:31.796+0000] {processor.py:753} INFO - DAG(s) dict_keys(['example_local_kubernetes_executor']) retrieved from /home/airflow/.local/lib/python3.7/site-packages/airflow/example_dags/example_local_kubernetes_executor.py
[2023-06-15T18:48:31.824+0000] {logging_mixin.py:137} INFO - [2023-06-15T18:48:31.824+0000] {dag.py:2690} INFO - Sync 1 DAGs
[2023-06-15T18:48:31.843+0000] {logging_mixin.py:137} INFO - [2023-06-15T18:48:31.843+0000] {dag.py:3441} INFO - Setting next_dagrun for example_local_kubernetes_executor to None, run_after=None
[2023-06-15T18:48:31.857+0000] {processor.py:175} INFO - Processing /home/airflow/.local/lib/python3.7/site-packages/airflow/example_dags/example_local_kubernetes_executor.py took 0.087 seconds
[2023-06-15T18:49:03.079+0000] {processor.py:153} INFO - Started process (PID=2887) to work on /home/airflow/.local/lib/python3.7/site-packages/airflow/example_dags/example_local_kubernetes_executor.py
[2023-06-15T18:49:03.081+0000] {processor.py:743} INFO - Processing file /home/airflow/.local/lib/python3.7/site-packages/airflow/example_dags/example_local_kubernetes_executor.py for tasks to queue
[2023-06-15T18:49:03.082+0000] {logging_mixin.py:137} INFO - [2023-06-15T18:49:03.082+0000] {dagbag.py:538} INFO - Filling up the DagBag from /home/airflow/.local/lib/python3.7/site-packages/airflow/example_dags/example_local_kubernetes_executor.py
[2023-06-15T18:49:03.102+0000] {processor.py:753} INFO - DAG(s) dict_keys(['example_local_kubernetes_executor']) retrieved from /home/airflow/.local/lib/python3.7/site-packages/airflow/example_dags/example_local_kubernetes_executor.py
[2023-06-15T18:49:03.133+0000] {logging_mixin.py:137} INFO - [2023-06-15T18:49:03.133+0000] {dag.py:2690} INFO - Sync 1 DAGs
[2023-06-15T18:49:03.152+0000] {logging_mixin.py:137} INFO - [2023-06-15T18:49:03.152+0000] {dag.py:3441} INFO - Setting next_dagrun for example_local_kubernetes_executor to None, run_after=None
[2023-06-15T18:49:03.166+0000] {processor.py:175} INFO - Processing /home/airflow/.local/lib/python3.7/site-packages/airflow/example_dags/example_local_kubernetes_executor.py took 0.090 seconds
[2023-06-15T18:49:33.254+0000] {processor.py:153} INFO - Started process (PID=2965) to work on /home/airflow/.local/lib/python3.7/site-packages/airflow/example_dags/example_local_kubernetes_executor.py
[2023-06-15T18:49:33.256+0000] {processor.py:743} INFO - Processing file /home/airflow/.local/lib/python3.7/site-packages/airflow/example_dags/example_local_kubernetes_executor.py for tasks to queue
[2023-06-15T18:49:33.257+0000] {logging_mixin.py:137} INFO - [2023-06-15T18:49:33.257+0000] {dagbag.py:538} INFO - Filling up the DagBag from /home/airflow/.local/lib/python3.7/site-packages/airflow/example_dags/example_local_kubernetes_executor.py
[2023-06-15T18:49:33.277+0000] {processor.py:753} INFO - DAG(s) dict_keys(['example_local_kubernetes_executor']) retrieved from /home/airflow/.local/lib/python3.7/site-packages/airflow/example_dags/example_local_kubernetes_executor.py
[2023-06-15T18:49:33.304+0000] {logging_mixin.py:137} INFO - [2023-06-15T18:49:33.304+0000] {dag.py:2690} INFO - Sync 1 DAGs
[2023-06-15T18:49:33.323+0000] {logging_mixin.py:137} INFO - [2023-06-15T18:49:33.322+0000] {dag.py:3441} INFO - Setting next_dagrun for example_local_kubernetes_executor to None, run_after=None
[2023-06-15T18:49:33.336+0000] {processor.py:175} INFO - Processing /home/airflow/.local/lib/python3.7/site-packages/airflow/example_dags/example_local_kubernetes_executor.py took 0.085 seconds
[2023-06-15T18:50:04.457+0000] {processor.py:153} INFO - Started process (PID=3043) to work on /home/airflow/.local/lib/python3.7/site-packages/airflow/example_dags/example_local_kubernetes_executor.py
[2023-06-15T18:50:04.458+0000] {processor.py:743} INFO - Processing file /home/airflow/.local/lib/python3.7/site-packages/airflow/example_dags/example_local_kubernetes_executor.py for tasks to queue
[2023-06-15T18:50:04.459+0000] {logging_mixin.py:137} INFO - [2023-06-15T18:50:04.459+0000] {dagbag.py:538} INFO - Filling up the DagBag from /home/airflow/.local/lib/python3.7/site-packages/airflow/example_dags/example_local_kubernetes_executor.py
[2023-06-15T18:50:04.478+0000] {processor.py:753} INFO - DAG(s) dict_keys(['example_local_kubernetes_executor']) retrieved from /home/airflow/.local/lib/python3.7/site-packages/airflow/example_dags/example_local_kubernetes_executor.py
[2023-06-15T18:50:04.503+0000] {logging_mixin.py:137} INFO - [2023-06-15T18:50:04.503+0000] {dag.py:2690} INFO - Sync 1 DAGs
[2023-06-15T18:50:04.522+0000] {logging_mixin.py:137} INFO - [2023-06-15T18:50:04.522+0000] {dag.py:3441} INFO - Setting next_dagrun for example_local_kubernetes_executor to None, run_after=None
[2023-06-15T18:50:04.535+0000] {processor.py:175} INFO - Processing /home/airflow/.local/lib/python3.7/site-packages/airflow/example_dags/example_local_kubernetes_executor.py took 0.081 seconds
[2023-06-15T18:50:35.676+0000] {processor.py:153} INFO - Started process (PID=3108) to work on /home/airflow/.local/lib/python3.7/site-packages/airflow/example_dags/example_local_kubernetes_executor.py
[2023-06-15T18:50:35.679+0000] {processor.py:743} INFO - Processing file /home/airflow/.local/lib/python3.7/site-packages/airflow/example_dags/example_local_kubernetes_executor.py for tasks to queue
[2023-06-15T18:50:35.685+0000] {logging_mixin.py:137} INFO - [2023-06-15T18:50:35.685+0000] {dagbag.py:538} INFO - Filling up the DagBag from /home/airflow/.local/lib/python3.7/site-packages/airflow/example_dags/example_local_kubernetes_executor.py
[2023-06-15T18:50:35.799+0000] {processor.py:753} INFO - DAG(s) dict_keys(['example_local_kubernetes_executor']) retrieved from /home/airflow/.local/lib/python3.7/site-packages/airflow/example_dags/example_local_kubernetes_executor.py
[2023-06-15T18:50:35.923+0000] {logging_mixin.py:137} INFO - [2023-06-15T18:50:35.923+0000] {dag.py:2690} INFO - Sync 1 DAGs
[2023-06-15T18:50:35.964+0000] {logging_mixin.py:137} INFO - [2023-06-15T18:50:35.964+0000] {dag.py:3441} INFO - Setting next_dagrun for example_local_kubernetes_executor to None, run_after=None
[2023-06-15T18:50:35.990+0000] {processor.py:175} INFO - Processing /home/airflow/.local/lib/python3.7/site-packages/airflow/example_dags/example_local_kubernetes_executor.py took 0.328 seconds
