[2023-06-15T18:02:01.475+0000] {processor.py:153} INFO - Started process (PID=57) to work on /home/airflow/.local/lib/python3.7/site-packages/airflow/example_dags/example_sensor_decorator.py
[2023-06-15T18:02:01.478+0000] {processor.py:743} INFO - Processing file /home/airflow/.local/lib/python3.7/site-packages/airflow/example_dags/example_sensor_decorator.py for tasks to queue
[2023-06-15T18:02:01.480+0000] {logging_mixin.py:137} INFO - [2023-06-15T18:02:01.480+0000] {dagbag.py:538} INFO - Filling up the DagBag from /home/airflow/.local/lib/python3.7/site-packages/airflow/example_dags/example_sensor_decorator.py
[2023-06-15T18:02:01.555+0000] {processor.py:753} INFO - DAG(s) dict_keys(['example_sensor_decorator']) retrieved from /home/airflow/.local/lib/python3.7/site-packages/airflow/example_dags/example_sensor_decorator.py
[2023-06-15T18:02:01.579+0000] {logging_mixin.py:137} INFO - [2023-06-15T18:02:01.579+0000] {dag.py:2690} INFO - Sync 1 DAGs
[2023-06-15T18:02:01.615+0000] {logging_mixin.py:137} INFO - [2023-06-15T18:02:01.614+0000] {dag.py:3441} INFO - Setting next_dagrun for example_sensor_decorator to None, run_after=None
[2023-06-15T18:02:01.668+0000] {processor.py:175} INFO - Processing /home/airflow/.local/lib/python3.7/site-packages/airflow/example_dags/example_sensor_decorator.py took 0.202 seconds
[2023-06-15T18:02:32.476+0000] {processor.py:153} INFO - Started process (PID=121) to work on /home/airflow/.local/lib/python3.7/site-packages/airflow/example_dags/example_sensor_decorator.py
[2023-06-15T18:02:32.479+0000] {processor.py:743} INFO - Processing file /home/airflow/.local/lib/python3.7/site-packages/airflow/example_dags/example_sensor_decorator.py for tasks to queue
[2023-06-15T18:02:32.481+0000] {logging_mixin.py:137} INFO - [2023-06-15T18:02:32.481+0000] {dagbag.py:538} INFO - Filling up the DagBag from /home/airflow/.local/lib/python3.7/site-packages/airflow/example_dags/example_sensor_decorator.py
[2023-06-15T18:02:32.504+0000] {processor.py:753} INFO - DAG(s) dict_keys(['example_sensor_decorator']) retrieved from /home/airflow/.local/lib/python3.7/site-packages/airflow/example_dags/example_sensor_decorator.py
[2023-06-15T18:02:32.527+0000] {logging_mixin.py:137} INFO - [2023-06-15T18:02:32.527+0000] {dag.py:2690} INFO - Sync 1 DAGs
[2023-06-15T18:02:32.546+0000] {logging_mixin.py:137} INFO - [2023-06-15T18:02:32.546+0000] {dag.py:3441} INFO - Setting next_dagrun for example_sensor_decorator to None, run_after=None
[2023-06-15T18:02:32.560+0000] {processor.py:175} INFO - Processing /home/airflow/.local/lib/python3.7/site-packages/airflow/example_dags/example_sensor_decorator.py took 0.090 seconds
[2023-06-15T18:03:03.386+0000] {processor.py:153} INFO - Started process (PID=197) to work on /home/airflow/.local/lib/python3.7/site-packages/airflow/example_dags/example_sensor_decorator.py
[2023-06-15T18:03:03.387+0000] {processor.py:743} INFO - Processing file /home/airflow/.local/lib/python3.7/site-packages/airflow/example_dags/example_sensor_decorator.py for tasks to queue
[2023-06-15T18:03:03.388+0000] {logging_mixin.py:137} INFO - [2023-06-15T18:03:03.388+0000] {dagbag.py:538} INFO - Filling up the DagBag from /home/airflow/.local/lib/python3.7/site-packages/airflow/example_dags/example_sensor_decorator.py
[2023-06-15T18:03:03.410+0000] {processor.py:753} INFO - DAG(s) dict_keys(['example_sensor_decorator']) retrieved from /home/airflow/.local/lib/python3.7/site-packages/airflow/example_dags/example_sensor_decorator.py
[2023-06-15T18:03:03.445+0000] {logging_mixin.py:137} INFO - [2023-06-15T18:03:03.445+0000] {dag.py:2690} INFO - Sync 1 DAGs
[2023-06-15T18:03:03.473+0000] {logging_mixin.py:137} INFO - [2023-06-15T18:03:03.472+0000] {dag.py:3441} INFO - Setting next_dagrun for example_sensor_decorator to None, run_after=None
[2023-06-15T18:03:03.490+0000] {processor.py:175} INFO - Processing /home/airflow/.local/lib/python3.7/site-packages/airflow/example_dags/example_sensor_decorator.py took 0.107 seconds
[2023-06-15T18:03:34.307+0000] {processor.py:153} INFO - Started process (PID=262) to work on /home/airflow/.local/lib/python3.7/site-packages/airflow/example_dags/example_sensor_decorator.py
[2023-06-15T18:03:34.309+0000] {processor.py:743} INFO - Processing file /home/airflow/.local/lib/python3.7/site-packages/airflow/example_dags/example_sensor_decorator.py for tasks to queue
[2023-06-15T18:03:34.310+0000] {logging_mixin.py:137} INFO - [2023-06-15T18:03:34.310+0000] {dagbag.py:538} INFO - Filling up the DagBag from /home/airflow/.local/lib/python3.7/site-packages/airflow/example_dags/example_sensor_decorator.py
[2023-06-15T18:03:34.330+0000] {processor.py:753} INFO - DAG(s) dict_keys(['example_sensor_decorator']) retrieved from /home/airflow/.local/lib/python3.7/site-packages/airflow/example_dags/example_sensor_decorator.py
[2023-06-15T18:03:34.357+0000] {logging_mixin.py:137} INFO - [2023-06-15T18:03:34.356+0000] {dag.py:2690} INFO - Sync 1 DAGs
[2023-06-15T18:03:34.377+0000] {logging_mixin.py:137} INFO - [2023-06-15T18:03:34.377+0000] {dag.py:3441} INFO - Setting next_dagrun for example_sensor_decorator to None, run_after=None
[2023-06-15T18:03:34.391+0000] {processor.py:175} INFO - Processing /home/airflow/.local/lib/python3.7/site-packages/airflow/example_dags/example_sensor_decorator.py took 0.089 seconds
[2023-06-15T18:04:05.125+0000] {processor.py:153} INFO - Started process (PID=339) to work on /home/airflow/.local/lib/python3.7/site-packages/airflow/example_dags/example_sensor_decorator.py
[2023-06-15T18:04:05.127+0000] {processor.py:743} INFO - Processing file /home/airflow/.local/lib/python3.7/site-packages/airflow/example_dags/example_sensor_decorator.py for tasks to queue
[2023-06-15T18:04:05.128+0000] {logging_mixin.py:137} INFO - [2023-06-15T18:04:05.128+0000] {dagbag.py:538} INFO - Filling up the DagBag from /home/airflow/.local/lib/python3.7/site-packages/airflow/example_dags/example_sensor_decorator.py
[2023-06-15T18:04:05.149+0000] {processor.py:753} INFO - DAG(s) dict_keys(['example_sensor_decorator']) retrieved from /home/airflow/.local/lib/python3.7/site-packages/airflow/example_dags/example_sensor_decorator.py
[2023-06-15T18:04:05.174+0000] {logging_mixin.py:137} INFO - [2023-06-15T18:04:05.173+0000] {dag.py:2690} INFO - Sync 1 DAGs
[2023-06-15T18:04:05.192+0000] {logging_mixin.py:137} INFO - [2023-06-15T18:04:05.192+0000] {dag.py:3441} INFO - Setting next_dagrun for example_sensor_decorator to None, run_after=None
[2023-06-15T18:04:05.205+0000] {processor.py:175} INFO - Processing /home/airflow/.local/lib/python3.7/site-packages/airflow/example_dags/example_sensor_decorator.py took 0.083 seconds
[2023-06-15T18:04:36.519+0000] {processor.py:153} INFO - Started process (PID=403) to work on /home/airflow/.local/lib/python3.7/site-packages/airflow/example_dags/example_sensor_decorator.py
[2023-06-15T18:04:36.521+0000] {processor.py:743} INFO - Processing file /home/airflow/.local/lib/python3.7/site-packages/airflow/example_dags/example_sensor_decorator.py for tasks to queue
[2023-06-15T18:04:36.522+0000] {logging_mixin.py:137} INFO - [2023-06-15T18:04:36.522+0000] {dagbag.py:538} INFO - Filling up the DagBag from /home/airflow/.local/lib/python3.7/site-packages/airflow/example_dags/example_sensor_decorator.py
[2023-06-15T18:04:36.545+0000] {processor.py:753} INFO - DAG(s) dict_keys(['example_sensor_decorator']) retrieved from /home/airflow/.local/lib/python3.7/site-packages/airflow/example_dags/example_sensor_decorator.py
[2023-06-15T18:04:36.570+0000] {logging_mixin.py:137} INFO - [2023-06-15T18:04:36.570+0000] {dag.py:2690} INFO - Sync 1 DAGs
[2023-06-15T18:04:36.591+0000] {logging_mixin.py:137} INFO - [2023-06-15T18:04:36.591+0000] {dag.py:3441} INFO - Setting next_dagrun for example_sensor_decorator to None, run_after=None
[2023-06-15T18:04:36.606+0000] {processor.py:175} INFO - Processing /home/airflow/.local/lib/python3.7/site-packages/airflow/example_dags/example_sensor_decorator.py took 0.092 seconds
[2023-06-15T18:05:07.363+0000] {processor.py:153} INFO - Started process (PID=480) to work on /home/airflow/.local/lib/python3.7/site-packages/airflow/example_dags/example_sensor_decorator.py
[2023-06-15T18:05:07.364+0000] {processor.py:743} INFO - Processing file /home/airflow/.local/lib/python3.7/site-packages/airflow/example_dags/example_sensor_decorator.py for tasks to queue
[2023-06-15T18:05:07.366+0000] {logging_mixin.py:137} INFO - [2023-06-15T18:05:07.365+0000] {dagbag.py:538} INFO - Filling up the DagBag from /home/airflow/.local/lib/python3.7/site-packages/airflow/example_dags/example_sensor_decorator.py
[2023-06-15T18:05:07.385+0000] {processor.py:753} INFO - DAG(s) dict_keys(['example_sensor_decorator']) retrieved from /home/airflow/.local/lib/python3.7/site-packages/airflow/example_dags/example_sensor_decorator.py
[2023-06-15T18:05:07.409+0000] {logging_mixin.py:137} INFO - [2023-06-15T18:05:07.409+0000] {dag.py:2690} INFO - Sync 1 DAGs
[2023-06-15T18:05:07.429+0000] {logging_mixin.py:137} INFO - [2023-06-15T18:05:07.429+0000] {dag.py:3441} INFO - Setting next_dagrun for example_sensor_decorator to None, run_after=None
[2023-06-15T18:05:07.449+0000] {processor.py:175} INFO - Processing /home/airflow/.local/lib/python3.7/site-packages/airflow/example_dags/example_sensor_decorator.py took 0.091 seconds
[2023-06-15T18:05:38.103+0000] {processor.py:153} INFO - Started process (PID=555) to work on /home/airflow/.local/lib/python3.7/site-packages/airflow/example_dags/example_sensor_decorator.py
[2023-06-15T18:05:38.106+0000] {processor.py:743} INFO - Processing file /home/airflow/.local/lib/python3.7/site-packages/airflow/example_dags/example_sensor_decorator.py for tasks to queue
[2023-06-15T18:05:38.108+0000] {logging_mixin.py:137} INFO - [2023-06-15T18:05:38.107+0000] {dagbag.py:538} INFO - Filling up the DagBag from /home/airflow/.local/lib/python3.7/site-packages/airflow/example_dags/example_sensor_decorator.py
[2023-06-15T18:05:38.129+0000] {processor.py:753} INFO - DAG(s) dict_keys(['example_sensor_decorator']) retrieved from /home/airflow/.local/lib/python3.7/site-packages/airflow/example_dags/example_sensor_decorator.py
[2023-06-15T18:05:38.151+0000] {logging_mixin.py:137} INFO - [2023-06-15T18:05:38.151+0000] {dag.py:2690} INFO - Sync 1 DAGs
[2023-06-15T18:05:38.169+0000] {logging_mixin.py:137} INFO - [2023-06-15T18:05:38.169+0000] {dag.py:3441} INFO - Setting next_dagrun for example_sensor_decorator to None, run_after=None
[2023-06-15T18:05:38.181+0000] {processor.py:175} INFO - Processing /home/airflow/.local/lib/python3.7/site-packages/airflow/example_dags/example_sensor_decorator.py took 0.087 seconds
[2023-06-15T18:06:08.816+0000] {processor.py:153} INFO - Started process (PID=620) to work on /home/airflow/.local/lib/python3.7/site-packages/airflow/example_dags/example_sensor_decorator.py
[2023-06-15T18:06:08.824+0000] {processor.py:743} INFO - Processing file /home/airflow/.local/lib/python3.7/site-packages/airflow/example_dags/example_sensor_decorator.py for tasks to queue
[2023-06-15T18:06:08.831+0000] {logging_mixin.py:137} INFO - [2023-06-15T18:06:08.830+0000] {dagbag.py:538} INFO - Filling up the DagBag from /home/airflow/.local/lib/python3.7/site-packages/airflow/example_dags/example_sensor_decorator.py
[2023-06-15T18:06:08.885+0000] {processor.py:753} INFO - DAG(s) dict_keys(['example_sensor_decorator']) retrieved from /home/airflow/.local/lib/python3.7/site-packages/airflow/example_dags/example_sensor_decorator.py
[2023-06-15T18:06:08.920+0000] {logging_mixin.py:137} INFO - [2023-06-15T18:06:08.920+0000] {dag.py:2690} INFO - Sync 1 DAGs
[2023-06-15T18:06:08.947+0000] {logging_mixin.py:137} INFO - [2023-06-15T18:06:08.946+0000] {dag.py:3441} INFO - Setting next_dagrun for example_sensor_decorator to None, run_after=None
[2023-06-15T18:06:08.965+0000] {processor.py:175} INFO - Processing /home/airflow/.local/lib/python3.7/site-packages/airflow/example_dags/example_sensor_decorator.py took 0.156 seconds
[2023-06-15T18:06:39.147+0000] {processor.py:153} INFO - Started process (PID=695) to work on /home/airflow/.local/lib/python3.7/site-packages/airflow/example_dags/example_sensor_decorator.py
[2023-06-15T18:06:39.150+0000] {processor.py:743} INFO - Processing file /home/airflow/.local/lib/python3.7/site-packages/airflow/example_dags/example_sensor_decorator.py for tasks to queue
[2023-06-15T18:06:39.153+0000] {logging_mixin.py:137} INFO - [2023-06-15T18:06:39.153+0000] {dagbag.py:538} INFO - Filling up the DagBag from /home/airflow/.local/lib/python3.7/site-packages/airflow/example_dags/example_sensor_decorator.py
[2023-06-15T18:06:39.179+0000] {processor.py:753} INFO - DAG(s) dict_keys(['example_sensor_decorator']) retrieved from /home/airflow/.local/lib/python3.7/site-packages/airflow/example_dags/example_sensor_decorator.py
[2023-06-15T18:06:39.203+0000] {logging_mixin.py:137} INFO - [2023-06-15T18:06:39.203+0000] {dag.py:2690} INFO - Sync 1 DAGs
[2023-06-15T18:06:39.223+0000] {logging_mixin.py:137} INFO - [2023-06-15T18:06:39.223+0000] {dag.py:3441} INFO - Setting next_dagrun for example_sensor_decorator to None, run_after=None
[2023-06-15T18:06:39.237+0000] {processor.py:175} INFO - Processing /home/airflow/.local/lib/python3.7/site-packages/airflow/example_dags/example_sensor_decorator.py took 0.096 seconds
[2023-06-15T18:07:09.596+0000] {processor.py:153} INFO - Started process (PID=772) to work on /home/airflow/.local/lib/python3.7/site-packages/airflow/example_dags/example_sensor_decorator.py
[2023-06-15T18:07:09.598+0000] {processor.py:743} INFO - Processing file /home/airflow/.local/lib/python3.7/site-packages/airflow/example_dags/example_sensor_decorator.py for tasks to queue
[2023-06-15T18:07:09.599+0000] {logging_mixin.py:137} INFO - [2023-06-15T18:07:09.599+0000] {dagbag.py:538} INFO - Filling up the DagBag from /home/airflow/.local/lib/python3.7/site-packages/airflow/example_dags/example_sensor_decorator.py
[2023-06-15T18:07:09.619+0000] {processor.py:753} INFO - DAG(s) dict_keys(['example_sensor_decorator']) retrieved from /home/airflow/.local/lib/python3.7/site-packages/airflow/example_dags/example_sensor_decorator.py
[2023-06-15T18:07:09.645+0000] {logging_mixin.py:137} INFO - [2023-06-15T18:07:09.644+0000] {dag.py:2690} INFO - Sync 1 DAGs
[2023-06-15T18:07:09.662+0000] {logging_mixin.py:137} INFO - [2023-06-15T18:07:09.662+0000] {dag.py:3441} INFO - Setting next_dagrun for example_sensor_decorator to None, run_after=None
[2023-06-15T18:07:09.677+0000] {processor.py:175} INFO - Processing /home/airflow/.local/lib/python3.7/site-packages/airflow/example_dags/example_sensor_decorator.py took 0.088 seconds
[2023-06-15T18:07:40.446+0000] {processor.py:153} INFO - Started process (PID=837) to work on /home/airflow/.local/lib/python3.7/site-packages/airflow/example_dags/example_sensor_decorator.py
[2023-06-15T18:07:40.449+0000] {processor.py:743} INFO - Processing file /home/airflow/.local/lib/python3.7/site-packages/airflow/example_dags/example_sensor_decorator.py for tasks to queue
[2023-06-15T18:07:40.451+0000] {logging_mixin.py:137} INFO - [2023-06-15T18:07:40.450+0000] {dagbag.py:538} INFO - Filling up the DagBag from /home/airflow/.local/lib/python3.7/site-packages/airflow/example_dags/example_sensor_decorator.py
[2023-06-15T18:07:40.479+0000] {processor.py:753} INFO - DAG(s) dict_keys(['example_sensor_decorator']) retrieved from /home/airflow/.local/lib/python3.7/site-packages/airflow/example_dags/example_sensor_decorator.py
[2023-06-15T18:07:40.503+0000] {logging_mixin.py:137} INFO - [2023-06-15T18:07:40.502+0000] {dag.py:2690} INFO - Sync 1 DAGs
[2023-06-15T18:07:40.521+0000] {logging_mixin.py:137} INFO - [2023-06-15T18:07:40.521+0000] {dag.py:3441} INFO - Setting next_dagrun for example_sensor_decorator to None, run_after=None
[2023-06-15T18:07:40.536+0000] {processor.py:175} INFO - Processing /home/airflow/.local/lib/python3.7/site-packages/airflow/example_dags/example_sensor_decorator.py took 0.098 seconds
[2023-06-15T18:08:10.736+0000] {processor.py:153} INFO - Started process (PID=913) to work on /home/airflow/.local/lib/python3.7/site-packages/airflow/example_dags/example_sensor_decorator.py
[2023-06-15T18:08:10.739+0000] {processor.py:743} INFO - Processing file /home/airflow/.local/lib/python3.7/site-packages/airflow/example_dags/example_sensor_decorator.py for tasks to queue
[2023-06-15T18:08:10.742+0000] {logging_mixin.py:137} INFO - [2023-06-15T18:08:10.741+0000] {dagbag.py:538} INFO - Filling up the DagBag from /home/airflow/.local/lib/python3.7/site-packages/airflow/example_dags/example_sensor_decorator.py
[2023-06-15T18:08:10.767+0000] {processor.py:753} INFO - DAG(s) dict_keys(['example_sensor_decorator']) retrieved from /home/airflow/.local/lib/python3.7/site-packages/airflow/example_dags/example_sensor_decorator.py
[2023-06-15T18:08:10.791+0000] {logging_mixin.py:137} INFO - [2023-06-15T18:08:10.791+0000] {dag.py:2690} INFO - Sync 1 DAGs
[2023-06-15T18:08:10.811+0000] {logging_mixin.py:137} INFO - [2023-06-15T18:08:10.811+0000] {dag.py:3441} INFO - Setting next_dagrun for example_sensor_decorator to None, run_after=None
[2023-06-15T18:08:10.827+0000] {processor.py:175} INFO - Processing /home/airflow/.local/lib/python3.7/site-packages/airflow/example_dags/example_sensor_decorator.py took 0.097 seconds
[2023-06-15T18:08:41.715+0000] {processor.py:153} INFO - Started process (PID=977) to work on /home/airflow/.local/lib/python3.7/site-packages/airflow/example_dags/example_sensor_decorator.py
[2023-06-15T18:08:41.717+0000] {processor.py:743} INFO - Processing file /home/airflow/.local/lib/python3.7/site-packages/airflow/example_dags/example_sensor_decorator.py for tasks to queue
[2023-06-15T18:08:41.718+0000] {logging_mixin.py:137} INFO - [2023-06-15T18:08:41.718+0000] {dagbag.py:538} INFO - Filling up the DagBag from /home/airflow/.local/lib/python3.7/site-packages/airflow/example_dags/example_sensor_decorator.py
[2023-06-15T18:08:41.737+0000] {processor.py:753} INFO - DAG(s) dict_keys(['example_sensor_decorator']) retrieved from /home/airflow/.local/lib/python3.7/site-packages/airflow/example_dags/example_sensor_decorator.py
[2023-06-15T18:08:41.762+0000] {logging_mixin.py:137} INFO - [2023-06-15T18:08:41.762+0000] {dag.py:2690} INFO - Sync 1 DAGs
[2023-06-15T18:08:41.782+0000] {logging_mixin.py:137} INFO - [2023-06-15T18:08:41.782+0000] {dag.py:3441} INFO - Setting next_dagrun for example_sensor_decorator to None, run_after=None
[2023-06-15T18:08:41.797+0000] {processor.py:175} INFO - Processing /home/airflow/.local/lib/python3.7/site-packages/airflow/example_dags/example_sensor_decorator.py took 0.086 seconds
[2023-06-15T18:09:12.289+0000] {processor.py:153} INFO - Started process (PID=1053) to work on /home/airflow/.local/lib/python3.7/site-packages/airflow/example_dags/example_sensor_decorator.py
[2023-06-15T18:09:12.291+0000] {processor.py:743} INFO - Processing file /home/airflow/.local/lib/python3.7/site-packages/airflow/example_dags/example_sensor_decorator.py for tasks to queue
[2023-06-15T18:09:12.292+0000] {logging_mixin.py:137} INFO - [2023-06-15T18:09:12.292+0000] {dagbag.py:538} INFO - Filling up the DagBag from /home/airflow/.local/lib/python3.7/site-packages/airflow/example_dags/example_sensor_decorator.py
[2023-06-15T18:09:12.315+0000] {processor.py:753} INFO - DAG(s) dict_keys(['example_sensor_decorator']) retrieved from /home/airflow/.local/lib/python3.7/site-packages/airflow/example_dags/example_sensor_decorator.py
[2023-06-15T18:09:12.339+0000] {logging_mixin.py:137} INFO - [2023-06-15T18:09:12.338+0000] {dag.py:2690} INFO - Sync 1 DAGs
[2023-06-15T18:09:12.356+0000] {logging_mixin.py:137} INFO - [2023-06-15T18:09:12.356+0000] {dag.py:3441} INFO - Setting next_dagrun for example_sensor_decorator to None, run_after=None
[2023-06-15T18:09:12.370+0000] {processor.py:175} INFO - Processing /home/airflow/.local/lib/python3.7/site-packages/airflow/example_dags/example_sensor_decorator.py took 0.087 seconds
[2023-06-15T18:09:42.960+0000] {processor.py:153} INFO - Started process (PID=1129) to work on /home/airflow/.local/lib/python3.7/site-packages/airflow/example_dags/example_sensor_decorator.py
[2023-06-15T18:09:42.963+0000] {processor.py:743} INFO - Processing file /home/airflow/.local/lib/python3.7/site-packages/airflow/example_dags/example_sensor_decorator.py for tasks to queue
[2023-06-15T18:09:42.964+0000] {logging_mixin.py:137} INFO - [2023-06-15T18:09:42.964+0000] {dagbag.py:538} INFO - Filling up the DagBag from /home/airflow/.local/lib/python3.7/site-packages/airflow/example_dags/example_sensor_decorator.py
[2023-06-15T18:09:42.992+0000] {processor.py:753} INFO - DAG(s) dict_keys(['example_sensor_decorator']) retrieved from /home/airflow/.local/lib/python3.7/site-packages/airflow/example_dags/example_sensor_decorator.py
[2023-06-15T18:09:43.016+0000] {logging_mixin.py:137} INFO - [2023-06-15T18:09:43.016+0000] {dag.py:2690} INFO - Sync 1 DAGs
[2023-06-15T18:09:43.035+0000] {logging_mixin.py:137} INFO - [2023-06-15T18:09:43.035+0000] {dag.py:3441} INFO - Setting next_dagrun for example_sensor_decorator to None, run_after=None
[2023-06-15T18:09:43.050+0000] {processor.py:175} INFO - Processing /home/airflow/.local/lib/python3.7/site-packages/airflow/example_dags/example_sensor_decorator.py took 0.095 seconds
[2023-06-15T18:10:13.547+0000] {processor.py:153} INFO - Started process (PID=1193) to work on /home/airflow/.local/lib/python3.7/site-packages/airflow/example_dags/example_sensor_decorator.py
[2023-06-15T18:10:13.550+0000] {processor.py:743} INFO - Processing file /home/airflow/.local/lib/python3.7/site-packages/airflow/example_dags/example_sensor_decorator.py for tasks to queue
[2023-06-15T18:10:13.552+0000] {logging_mixin.py:137} INFO - [2023-06-15T18:10:13.552+0000] {dagbag.py:538} INFO - Filling up the DagBag from /home/airflow/.local/lib/python3.7/site-packages/airflow/example_dags/example_sensor_decorator.py
[2023-06-15T18:10:13.586+0000] {processor.py:753} INFO - DAG(s) dict_keys(['example_sensor_decorator']) retrieved from /home/airflow/.local/lib/python3.7/site-packages/airflow/example_dags/example_sensor_decorator.py
[2023-06-15T18:10:13.618+0000] {logging_mixin.py:137} INFO - [2023-06-15T18:10:13.618+0000] {dag.py:2690} INFO - Sync 1 DAGs
[2023-06-15T18:10:13.648+0000] {logging_mixin.py:137} INFO - [2023-06-15T18:10:13.648+0000] {dag.py:3441} INFO - Setting next_dagrun for example_sensor_decorator to None, run_after=None
[2023-06-15T18:10:13.666+0000] {processor.py:175} INFO - Processing /home/airflow/.local/lib/python3.7/site-packages/airflow/example_dags/example_sensor_decorator.py took 0.125 seconds
[2023-06-15T18:10:44.508+0000] {processor.py:153} INFO - Started process (PID=1269) to work on /home/airflow/.local/lib/python3.7/site-packages/airflow/example_dags/example_sensor_decorator.py
[2023-06-15T18:10:44.512+0000] {processor.py:743} INFO - Processing file /home/airflow/.local/lib/python3.7/site-packages/airflow/example_dags/example_sensor_decorator.py for tasks to queue
[2023-06-15T18:10:44.514+0000] {logging_mixin.py:137} INFO - [2023-06-15T18:10:44.513+0000] {dagbag.py:538} INFO - Filling up the DagBag from /home/airflow/.local/lib/python3.7/site-packages/airflow/example_dags/example_sensor_decorator.py
[2023-06-15T18:10:44.539+0000] {processor.py:753} INFO - DAG(s) dict_keys(['example_sensor_decorator']) retrieved from /home/airflow/.local/lib/python3.7/site-packages/airflow/example_dags/example_sensor_decorator.py
[2023-06-15T18:10:44.560+0000] {logging_mixin.py:137} INFO - [2023-06-15T18:10:44.560+0000] {dag.py:2690} INFO - Sync 1 DAGs
[2023-06-15T18:10:44.578+0000] {logging_mixin.py:137} INFO - [2023-06-15T18:10:44.578+0000] {dag.py:3441} INFO - Setting next_dagrun for example_sensor_decorator to None, run_after=None
[2023-06-15T18:10:44.592+0000] {processor.py:175} INFO - Processing /home/airflow/.local/lib/python3.7/site-packages/airflow/example_dags/example_sensor_decorator.py took 0.091 seconds
[2023-06-15T18:11:15.150+0000] {processor.py:153} INFO - Started process (PID=1345) to work on /home/airflow/.local/lib/python3.7/site-packages/airflow/example_dags/example_sensor_decorator.py
[2023-06-15T18:11:15.153+0000] {processor.py:743} INFO - Processing file /home/airflow/.local/lib/python3.7/site-packages/airflow/example_dags/example_sensor_decorator.py for tasks to queue
[2023-06-15T18:11:15.155+0000] {logging_mixin.py:137} INFO - [2023-06-15T18:11:15.155+0000] {dagbag.py:538} INFO - Filling up the DagBag from /home/airflow/.local/lib/python3.7/site-packages/airflow/example_dags/example_sensor_decorator.py
[2023-06-15T18:11:15.180+0000] {processor.py:753} INFO - DAG(s) dict_keys(['example_sensor_decorator']) retrieved from /home/airflow/.local/lib/python3.7/site-packages/airflow/example_dags/example_sensor_decorator.py
[2023-06-15T18:11:15.202+0000] {logging_mixin.py:137} INFO - [2023-06-15T18:11:15.202+0000] {dag.py:2690} INFO - Sync 1 DAGs
[2023-06-15T18:11:15.221+0000] {logging_mixin.py:137} INFO - [2023-06-15T18:11:15.220+0000] {dag.py:3441} INFO - Setting next_dagrun for example_sensor_decorator to None, run_after=None
[2023-06-15T18:11:15.235+0000] {processor.py:175} INFO - Processing /home/airflow/.local/lib/python3.7/site-packages/airflow/example_dags/example_sensor_decorator.py took 0.093 seconds
[2023-06-15T18:11:45.648+0000] {processor.py:153} INFO - Started process (PID=1410) to work on /home/airflow/.local/lib/python3.7/site-packages/airflow/example_dags/example_sensor_decorator.py
[2023-06-15T18:11:45.652+0000] {processor.py:743} INFO - Processing file /home/airflow/.local/lib/python3.7/site-packages/airflow/example_dags/example_sensor_decorator.py for tasks to queue
[2023-06-15T18:11:45.654+0000] {logging_mixin.py:137} INFO - [2023-06-15T18:11:45.654+0000] {dagbag.py:538} INFO - Filling up the DagBag from /home/airflow/.local/lib/python3.7/site-packages/airflow/example_dags/example_sensor_decorator.py
[2023-06-15T18:11:45.681+0000] {processor.py:753} INFO - DAG(s) dict_keys(['example_sensor_decorator']) retrieved from /home/airflow/.local/lib/python3.7/site-packages/airflow/example_dags/example_sensor_decorator.py
[2023-06-15T18:11:45.703+0000] {logging_mixin.py:137} INFO - [2023-06-15T18:11:45.703+0000] {dag.py:2690} INFO - Sync 1 DAGs
[2023-06-15T18:11:45.722+0000] {logging_mixin.py:137} INFO - [2023-06-15T18:11:45.721+0000] {dag.py:3441} INFO - Setting next_dagrun for example_sensor_decorator to None, run_after=None
[2023-06-15T18:11:45.735+0000] {processor.py:175} INFO - Processing /home/airflow/.local/lib/python3.7/site-packages/airflow/example_dags/example_sensor_decorator.py took 0.094 seconds
[2023-06-15T18:12:16.321+0000] {processor.py:153} INFO - Started process (PID=1486) to work on /home/airflow/.local/lib/python3.7/site-packages/airflow/example_dags/example_sensor_decorator.py
[2023-06-15T18:12:16.323+0000] {processor.py:743} INFO - Processing file /home/airflow/.local/lib/python3.7/site-packages/airflow/example_dags/example_sensor_decorator.py for tasks to queue
[2023-06-15T18:12:16.324+0000] {logging_mixin.py:137} INFO - [2023-06-15T18:12:16.324+0000] {dagbag.py:538} INFO - Filling up the DagBag from /home/airflow/.local/lib/python3.7/site-packages/airflow/example_dags/example_sensor_decorator.py
[2023-06-15T18:12:16.347+0000] {processor.py:753} INFO - DAG(s) dict_keys(['example_sensor_decorator']) retrieved from /home/airflow/.local/lib/python3.7/site-packages/airflow/example_dags/example_sensor_decorator.py
[2023-06-15T18:12:16.373+0000] {logging_mixin.py:137} INFO - [2023-06-15T18:12:16.373+0000] {dag.py:2690} INFO - Sync 1 DAGs
[2023-06-15T18:12:16.394+0000] {logging_mixin.py:137} INFO - [2023-06-15T18:12:16.394+0000] {dag.py:3441} INFO - Setting next_dagrun for example_sensor_decorator to None, run_after=None
[2023-06-15T18:12:16.410+0000] {processor.py:175} INFO - Processing /home/airflow/.local/lib/python3.7/site-packages/airflow/example_dags/example_sensor_decorator.py took 0.094 seconds
[2023-06-15T18:12:46.895+0000] {processor.py:153} INFO - Started process (PID=1565) to work on /home/airflow/.local/lib/python3.7/site-packages/airflow/example_dags/example_sensor_decorator.py
[2023-06-15T18:12:46.897+0000] {processor.py:743} INFO - Processing file /home/airflow/.local/lib/python3.7/site-packages/airflow/example_dags/example_sensor_decorator.py for tasks to queue
[2023-06-15T18:12:46.898+0000] {logging_mixin.py:137} INFO - [2023-06-15T18:12:46.898+0000] {dagbag.py:538} INFO - Filling up the DagBag from /home/airflow/.local/lib/python3.7/site-packages/airflow/example_dags/example_sensor_decorator.py
[2023-06-15T18:12:46.916+0000] {processor.py:753} INFO - DAG(s) dict_keys(['example_sensor_decorator']) retrieved from /home/airflow/.local/lib/python3.7/site-packages/airflow/example_dags/example_sensor_decorator.py
[2023-06-15T18:12:46.939+0000] {logging_mixin.py:137} INFO - [2023-06-15T18:12:46.939+0000] {dag.py:2690} INFO - Sync 1 DAGs
[2023-06-15T18:12:46.957+0000] {logging_mixin.py:137} INFO - [2023-06-15T18:12:46.957+0000] {dag.py:3441} INFO - Setting next_dagrun for example_sensor_decorator to None, run_after=None
[2023-06-15T18:12:46.971+0000] {processor.py:175} INFO - Processing /home/airflow/.local/lib/python3.7/site-packages/airflow/example_dags/example_sensor_decorator.py took 0.079 seconds
[2023-06-15T18:13:17.571+0000] {processor.py:153} INFO - Started process (PID=1631) to work on /home/airflow/.local/lib/python3.7/site-packages/airflow/example_dags/example_sensor_decorator.py
[2023-06-15T18:13:17.576+0000] {processor.py:743} INFO - Processing file /home/airflow/.local/lib/python3.7/site-packages/airflow/example_dags/example_sensor_decorator.py for tasks to queue
[2023-06-15T18:13:17.577+0000] {logging_mixin.py:137} INFO - [2023-06-15T18:13:17.577+0000] {dagbag.py:538} INFO - Filling up the DagBag from /home/airflow/.local/lib/python3.7/site-packages/airflow/example_dags/example_sensor_decorator.py
[2023-06-15T18:13:17.598+0000] {processor.py:753} INFO - DAG(s) dict_keys(['example_sensor_decorator']) retrieved from /home/airflow/.local/lib/python3.7/site-packages/airflow/example_dags/example_sensor_decorator.py
[2023-06-15T18:13:17.622+0000] {logging_mixin.py:137} INFO - [2023-06-15T18:13:17.622+0000] {dag.py:2690} INFO - Sync 1 DAGs
[2023-06-15T18:13:17.642+0000] {logging_mixin.py:137} INFO - [2023-06-15T18:13:17.642+0000] {dag.py:3441} INFO - Setting next_dagrun for example_sensor_decorator to None, run_after=None
[2023-06-15T18:13:17.658+0000] {processor.py:175} INFO - Processing /home/airflow/.local/lib/python3.7/site-packages/airflow/example_dags/example_sensor_decorator.py took 0.094 seconds
[2023-06-15T18:13:48.434+0000] {processor.py:153} INFO - Started process (PID=1709) to work on /home/airflow/.local/lib/python3.7/site-packages/airflow/example_dags/example_sensor_decorator.py
[2023-06-15T18:13:48.437+0000] {processor.py:743} INFO - Processing file /home/airflow/.local/lib/python3.7/site-packages/airflow/example_dags/example_sensor_decorator.py for tasks to queue
[2023-06-15T18:13:48.438+0000] {logging_mixin.py:137} INFO - [2023-06-15T18:13:48.438+0000] {dagbag.py:538} INFO - Filling up the DagBag from /home/airflow/.local/lib/python3.7/site-packages/airflow/example_dags/example_sensor_decorator.py
[2023-06-15T18:13:48.464+0000] {processor.py:753} INFO - DAG(s) dict_keys(['example_sensor_decorator']) retrieved from /home/airflow/.local/lib/python3.7/site-packages/airflow/example_dags/example_sensor_decorator.py
[2023-06-15T18:13:48.492+0000] {logging_mixin.py:137} INFO - [2023-06-15T18:13:48.491+0000] {dag.py:2690} INFO - Sync 1 DAGs
[2023-06-15T18:13:48.523+0000] {logging_mixin.py:137} INFO - [2023-06-15T18:13:48.523+0000] {dag.py:3441} INFO - Setting next_dagrun for example_sensor_decorator to None, run_after=None
[2023-06-15T18:13:48.572+0000] {processor.py:175} INFO - Processing /home/airflow/.local/lib/python3.7/site-packages/airflow/example_dags/example_sensor_decorator.py took 0.143 seconds
[2023-06-15T18:14:18.676+0000] {processor.py:153} INFO - Started process (PID=1774) to work on /home/airflow/.local/lib/python3.7/site-packages/airflow/example_dags/example_sensor_decorator.py
[2023-06-15T18:14:18.678+0000] {processor.py:743} INFO - Processing file /home/airflow/.local/lib/python3.7/site-packages/airflow/example_dags/example_sensor_decorator.py for tasks to queue
[2023-06-15T18:14:18.679+0000] {logging_mixin.py:137} INFO - [2023-06-15T18:14:18.679+0000] {dagbag.py:538} INFO - Filling up the DagBag from /home/airflow/.local/lib/python3.7/site-packages/airflow/example_dags/example_sensor_decorator.py
[2023-06-15T18:14:18.700+0000] {processor.py:753} INFO - DAG(s) dict_keys(['example_sensor_decorator']) retrieved from /home/airflow/.local/lib/python3.7/site-packages/airflow/example_dags/example_sensor_decorator.py
[2023-06-15T18:14:18.728+0000] {logging_mixin.py:137} INFO - [2023-06-15T18:14:18.728+0000] {dag.py:2690} INFO - Sync 1 DAGs
[2023-06-15T18:14:18.752+0000] {logging_mixin.py:137} INFO - [2023-06-15T18:14:18.752+0000] {dag.py:3441} INFO - Setting next_dagrun for example_sensor_decorator to None, run_after=None
[2023-06-15T18:14:18.767+0000] {processor.py:175} INFO - Processing /home/airflow/.local/lib/python3.7/site-packages/airflow/example_dags/example_sensor_decorator.py took 0.096 seconds
[2023-06-15T18:14:49.657+0000] {processor.py:153} INFO - Started process (PID=1851) to work on /home/airflow/.local/lib/python3.7/site-packages/airflow/example_dags/example_sensor_decorator.py
[2023-06-15T18:14:49.659+0000] {processor.py:743} INFO - Processing file /home/airflow/.local/lib/python3.7/site-packages/airflow/example_dags/example_sensor_decorator.py for tasks to queue
[2023-06-15T18:14:49.660+0000] {logging_mixin.py:137} INFO - [2023-06-15T18:14:49.660+0000] {dagbag.py:538} INFO - Filling up the DagBag from /home/airflow/.local/lib/python3.7/site-packages/airflow/example_dags/example_sensor_decorator.py
[2023-06-15T18:14:49.685+0000] {processor.py:753} INFO - DAG(s) dict_keys(['example_sensor_decorator']) retrieved from /home/airflow/.local/lib/python3.7/site-packages/airflow/example_dags/example_sensor_decorator.py
[2023-06-15T18:14:49.713+0000] {logging_mixin.py:137} INFO - [2023-06-15T18:14:49.713+0000] {dag.py:2690} INFO - Sync 1 DAGs
[2023-06-15T18:14:49.732+0000] {logging_mixin.py:137} INFO - [2023-06-15T18:14:49.732+0000] {dag.py:3441} INFO - Setting next_dagrun for example_sensor_decorator to None, run_after=None
[2023-06-15T18:14:49.748+0000] {processor.py:175} INFO - Processing /home/airflow/.local/lib/python3.7/site-packages/airflow/example_dags/example_sensor_decorator.py took 0.095 seconds
[2023-06-15T18:15:20.171+0000] {processor.py:153} INFO - Started process (PID=1929) to work on /home/airflow/.local/lib/python3.7/site-packages/airflow/example_dags/example_sensor_decorator.py
[2023-06-15T18:15:20.174+0000] {processor.py:743} INFO - Processing file /home/airflow/.local/lib/python3.7/site-packages/airflow/example_dags/example_sensor_decorator.py for tasks to queue
[2023-06-15T18:15:20.176+0000] {logging_mixin.py:137} INFO - [2023-06-15T18:15:20.175+0000] {dagbag.py:538} INFO - Filling up the DagBag from /home/airflow/.local/lib/python3.7/site-packages/airflow/example_dags/example_sensor_decorator.py
[2023-06-15T18:15:20.200+0000] {processor.py:753} INFO - DAG(s) dict_keys(['example_sensor_decorator']) retrieved from /home/airflow/.local/lib/python3.7/site-packages/airflow/example_dags/example_sensor_decorator.py
[2023-06-15T18:15:20.222+0000] {logging_mixin.py:137} INFO - [2023-06-15T18:15:20.222+0000] {dag.py:2690} INFO - Sync 1 DAGs
[2023-06-15T18:15:20.240+0000] {logging_mixin.py:137} INFO - [2023-06-15T18:15:20.240+0000] {dag.py:3441} INFO - Setting next_dagrun for example_sensor_decorator to None, run_after=None
[2023-06-15T18:15:20.255+0000] {processor.py:175} INFO - Processing /home/airflow/.local/lib/python3.7/site-packages/airflow/example_dags/example_sensor_decorator.py took 0.092 seconds
[2023-06-15T18:15:50.329+0000] {processor.py:153} INFO - Started process (PID=1995) to work on /home/airflow/.local/lib/python3.7/site-packages/airflow/example_dags/example_sensor_decorator.py
[2023-06-15T18:15:50.332+0000] {processor.py:743} INFO - Processing file /home/airflow/.local/lib/python3.7/site-packages/airflow/example_dags/example_sensor_decorator.py for tasks to queue
[2023-06-15T18:15:50.333+0000] {logging_mixin.py:137} INFO - [2023-06-15T18:15:50.333+0000] {dagbag.py:538} INFO - Filling up the DagBag from /home/airflow/.local/lib/python3.7/site-packages/airflow/example_dags/example_sensor_decorator.py
[2023-06-15T18:15:50.356+0000] {processor.py:753} INFO - DAG(s) dict_keys(['example_sensor_decorator']) retrieved from /home/airflow/.local/lib/python3.7/site-packages/airflow/example_dags/example_sensor_decorator.py
[2023-06-15T18:15:50.390+0000] {logging_mixin.py:137} INFO - [2023-06-15T18:15:50.390+0000] {dag.py:2690} INFO - Sync 1 DAGs
[2023-06-15T18:15:50.412+0000] {logging_mixin.py:137} INFO - [2023-06-15T18:15:50.412+0000] {dag.py:3441} INFO - Setting next_dagrun for example_sensor_decorator to None, run_after=None
[2023-06-15T18:15:50.429+0000] {processor.py:175} INFO - Processing /home/airflow/.local/lib/python3.7/site-packages/airflow/example_dags/example_sensor_decorator.py took 0.106 seconds
[2023-06-15T18:16:21.148+0000] {processor.py:153} INFO - Started process (PID=2072) to work on /home/airflow/.local/lib/python3.7/site-packages/airflow/example_dags/example_sensor_decorator.py
[2023-06-15T18:16:21.151+0000] {processor.py:743} INFO - Processing file /home/airflow/.local/lib/python3.7/site-packages/airflow/example_dags/example_sensor_decorator.py for tasks to queue
[2023-06-15T18:16:21.152+0000] {logging_mixin.py:137} INFO - [2023-06-15T18:16:21.152+0000] {dagbag.py:538} INFO - Filling up the DagBag from /home/airflow/.local/lib/python3.7/site-packages/airflow/example_dags/example_sensor_decorator.py
[2023-06-15T18:16:21.174+0000] {processor.py:753} INFO - DAG(s) dict_keys(['example_sensor_decorator']) retrieved from /home/airflow/.local/lib/python3.7/site-packages/airflow/example_dags/example_sensor_decorator.py
[2023-06-15T18:16:21.195+0000] {logging_mixin.py:137} INFO - [2023-06-15T18:16:21.195+0000] {dag.py:2690} INFO - Sync 1 DAGs
[2023-06-15T18:16:21.213+0000] {logging_mixin.py:137} INFO - [2023-06-15T18:16:21.213+0000] {dag.py:3441} INFO - Setting next_dagrun for example_sensor_decorator to None, run_after=None
[2023-06-15T18:16:21.227+0000] {processor.py:175} INFO - Processing /home/airflow/.local/lib/python3.7/site-packages/airflow/example_dags/example_sensor_decorator.py took 0.086 seconds
[2023-06-15T18:16:51.592+0000] {processor.py:153} INFO - Started process (PID=2146) to work on /home/airflow/.local/lib/python3.7/site-packages/airflow/example_dags/example_sensor_decorator.py
[2023-06-15T18:16:51.594+0000] {processor.py:743} INFO - Processing file /home/airflow/.local/lib/python3.7/site-packages/airflow/example_dags/example_sensor_decorator.py for tasks to queue
[2023-06-15T18:16:51.595+0000] {logging_mixin.py:137} INFO - [2023-06-15T18:16:51.595+0000] {dagbag.py:538} INFO - Filling up the DagBag from /home/airflow/.local/lib/python3.7/site-packages/airflow/example_dags/example_sensor_decorator.py
[2023-06-15T18:16:51.623+0000] {processor.py:753} INFO - DAG(s) dict_keys(['example_sensor_decorator']) retrieved from /home/airflow/.local/lib/python3.7/site-packages/airflow/example_dags/example_sensor_decorator.py
[2023-06-15T18:16:51.651+0000] {logging_mixin.py:137} INFO - [2023-06-15T18:16:51.651+0000] {dag.py:2690} INFO - Sync 1 DAGs
[2023-06-15T18:16:51.671+0000] {logging_mixin.py:137} INFO - [2023-06-15T18:16:51.670+0000] {dag.py:3441} INFO - Setting next_dagrun for example_sensor_decorator to None, run_after=None
[2023-06-15T18:16:51.697+0000] {processor.py:175} INFO - Processing /home/airflow/.local/lib/python3.7/site-packages/airflow/example_dags/example_sensor_decorator.py took 0.109 seconds
[2023-06-15T18:17:22.091+0000] {processor.py:153} INFO - Started process (PID=2214) to work on /home/airflow/.local/lib/python3.7/site-packages/airflow/example_dags/example_sensor_decorator.py
[2023-06-15T18:17:22.093+0000] {processor.py:743} INFO - Processing file /home/airflow/.local/lib/python3.7/site-packages/airflow/example_dags/example_sensor_decorator.py for tasks to queue
[2023-06-15T18:17:22.094+0000] {logging_mixin.py:137} INFO - [2023-06-15T18:17:22.094+0000] {dagbag.py:538} INFO - Filling up the DagBag from /home/airflow/.local/lib/python3.7/site-packages/airflow/example_dags/example_sensor_decorator.py
[2023-06-15T18:17:22.117+0000] {processor.py:753} INFO - DAG(s) dict_keys(['example_sensor_decorator']) retrieved from /home/airflow/.local/lib/python3.7/site-packages/airflow/example_dags/example_sensor_decorator.py
[2023-06-15T18:17:22.142+0000] {logging_mixin.py:137} INFO - [2023-06-15T18:17:22.142+0000] {dag.py:2690} INFO - Sync 1 DAGs
[2023-06-15T18:17:22.163+0000] {logging_mixin.py:137} INFO - [2023-06-15T18:17:22.163+0000] {dag.py:3441} INFO - Setting next_dagrun for example_sensor_decorator to None, run_after=None
[2023-06-15T18:17:22.180+0000] {processor.py:175} INFO - Processing /home/airflow/.local/lib/python3.7/site-packages/airflow/example_dags/example_sensor_decorator.py took 0.093 seconds
[2023-06-15T18:44:52.999+0000] {processor.py:153} INFO - Started process (PID=2298) to work on /home/airflow/.local/lib/python3.7/site-packages/airflow/example_dags/example_sensor_decorator.py
[2023-06-15T18:44:53.001+0000] {processor.py:743} INFO - Processing file /home/airflow/.local/lib/python3.7/site-packages/airflow/example_dags/example_sensor_decorator.py for tasks to queue
[2023-06-15T18:44:53.002+0000] {logging_mixin.py:137} INFO - [2023-06-15T18:44:53.002+0000] {dagbag.py:538} INFO - Filling up the DagBag from /home/airflow/.local/lib/python3.7/site-packages/airflow/example_dags/example_sensor_decorator.py
[2023-06-15T18:44:53.024+0000] {processor.py:753} INFO - DAG(s) dict_keys(['example_sensor_decorator']) retrieved from /home/airflow/.local/lib/python3.7/site-packages/airflow/example_dags/example_sensor_decorator.py
[2023-06-15T18:44:53.052+0000] {logging_mixin.py:137} INFO - [2023-06-15T18:44:53.052+0000] {dag.py:2690} INFO - Sync 1 DAGs
[2023-06-15T18:44:53.073+0000] {logging_mixin.py:137} INFO - [2023-06-15T18:44:53.072+0000] {dag.py:3441} INFO - Setting next_dagrun for example_sensor_decorator to None, run_after=None
[2023-06-15T18:44:53.088+0000] {processor.py:175} INFO - Processing /home/airflow/.local/lib/python3.7/site-packages/airflow/example_dags/example_sensor_decorator.py took 0.093 seconds
[2023-06-15T18:45:23.543+0000] {processor.py:153} INFO - Started process (PID=2364) to work on /home/airflow/.local/lib/python3.7/site-packages/airflow/example_dags/example_sensor_decorator.py
[2023-06-15T18:45:23.545+0000] {processor.py:743} INFO - Processing file /home/airflow/.local/lib/python3.7/site-packages/airflow/example_dags/example_sensor_decorator.py for tasks to queue
[2023-06-15T18:45:23.546+0000] {logging_mixin.py:137} INFO - [2023-06-15T18:45:23.546+0000] {dagbag.py:538} INFO - Filling up the DagBag from /home/airflow/.local/lib/python3.7/site-packages/airflow/example_dags/example_sensor_decorator.py
[2023-06-15T18:45:23.566+0000] {processor.py:753} INFO - DAG(s) dict_keys(['example_sensor_decorator']) retrieved from /home/airflow/.local/lib/python3.7/site-packages/airflow/example_dags/example_sensor_decorator.py
[2023-06-15T18:45:23.592+0000] {logging_mixin.py:137} INFO - [2023-06-15T18:45:23.592+0000] {dag.py:2690} INFO - Sync 1 DAGs
[2023-06-15T18:45:23.612+0000] {logging_mixin.py:137} INFO - [2023-06-15T18:45:23.612+0000] {dag.py:3441} INFO - Setting next_dagrun for example_sensor_decorator to None, run_after=None
[2023-06-15T18:45:23.627+0000] {processor.py:175} INFO - Processing /home/airflow/.local/lib/python3.7/site-packages/airflow/example_dags/example_sensor_decorator.py took 0.086 seconds
[2023-06-15T18:45:54.314+0000] {processor.py:153} INFO - Started process (PID=2441) to work on /home/airflow/.local/lib/python3.7/site-packages/airflow/example_dags/example_sensor_decorator.py
[2023-06-15T18:45:54.315+0000] {processor.py:743} INFO - Processing file /home/airflow/.local/lib/python3.7/site-packages/airflow/example_dags/example_sensor_decorator.py for tasks to queue
[2023-06-15T18:45:54.316+0000] {logging_mixin.py:137} INFO - [2023-06-15T18:45:54.316+0000] {dagbag.py:538} INFO - Filling up the DagBag from /home/airflow/.local/lib/python3.7/site-packages/airflow/example_dags/example_sensor_decorator.py
[2023-06-15T18:45:54.335+0000] {processor.py:753} INFO - DAG(s) dict_keys(['example_sensor_decorator']) retrieved from /home/airflow/.local/lib/python3.7/site-packages/airflow/example_dags/example_sensor_decorator.py
[2023-06-15T18:45:54.358+0000] {logging_mixin.py:137} INFO - [2023-06-15T18:45:54.358+0000] {dag.py:2690} INFO - Sync 1 DAGs
[2023-06-15T18:45:54.375+0000] {logging_mixin.py:137} INFO - [2023-06-15T18:45:54.375+0000] {dag.py:3441} INFO - Setting next_dagrun for example_sensor_decorator to None, run_after=None
[2023-06-15T18:45:54.390+0000] {processor.py:175} INFO - Processing /home/airflow/.local/lib/python3.7/site-packages/airflow/example_dags/example_sensor_decorator.py took 0.079 seconds
[2023-06-15T18:46:25.374+0000] {processor.py:153} INFO - Started process (PID=2518) to work on /home/airflow/.local/lib/python3.7/site-packages/airflow/example_dags/example_sensor_decorator.py
[2023-06-15T18:46:25.375+0000] {processor.py:743} INFO - Processing file /home/airflow/.local/lib/python3.7/site-packages/airflow/example_dags/example_sensor_decorator.py for tasks to queue
[2023-06-15T18:46:25.376+0000] {logging_mixin.py:137} INFO - [2023-06-15T18:46:25.376+0000] {dagbag.py:538} INFO - Filling up the DagBag from /home/airflow/.local/lib/python3.7/site-packages/airflow/example_dags/example_sensor_decorator.py
[2023-06-15T18:46:25.401+0000] {processor.py:753} INFO - DAG(s) dict_keys(['example_sensor_decorator']) retrieved from /home/airflow/.local/lib/python3.7/site-packages/airflow/example_dags/example_sensor_decorator.py
[2023-06-15T18:46:25.423+0000] {logging_mixin.py:137} INFO - [2023-06-15T18:46:25.423+0000] {dag.py:2690} INFO - Sync 1 DAGs
[2023-06-15T18:46:25.443+0000] {logging_mixin.py:137} INFO - [2023-06-15T18:46:25.443+0000] {dag.py:3441} INFO - Setting next_dagrun for example_sensor_decorator to None, run_after=None
[2023-06-15T18:46:25.457+0000] {processor.py:175} INFO - Processing /home/airflow/.local/lib/python3.7/site-packages/airflow/example_dags/example_sensor_decorator.py took 0.085 seconds
[2023-06-15T18:46:56.322+0000] {processor.py:153} INFO - Started process (PID=2583) to work on /home/airflow/.local/lib/python3.7/site-packages/airflow/example_dags/example_sensor_decorator.py
[2023-06-15T18:46:56.323+0000] {processor.py:743} INFO - Processing file /home/airflow/.local/lib/python3.7/site-packages/airflow/example_dags/example_sensor_decorator.py for tasks to queue
[2023-06-15T18:46:56.324+0000] {logging_mixin.py:137} INFO - [2023-06-15T18:46:56.324+0000] {dagbag.py:538} INFO - Filling up the DagBag from /home/airflow/.local/lib/python3.7/site-packages/airflow/example_dags/example_sensor_decorator.py
[2023-06-15T18:46:56.342+0000] {processor.py:753} INFO - DAG(s) dict_keys(['example_sensor_decorator']) retrieved from /home/airflow/.local/lib/python3.7/site-packages/airflow/example_dags/example_sensor_decorator.py
[2023-06-15T18:46:56.364+0000] {logging_mixin.py:137} INFO - [2023-06-15T18:46:56.364+0000] {dag.py:2690} INFO - Sync 1 DAGs
[2023-06-15T18:46:56.383+0000] {logging_mixin.py:137} INFO - [2023-06-15T18:46:56.383+0000] {dag.py:3441} INFO - Setting next_dagrun for example_sensor_decorator to None, run_after=None
[2023-06-15T18:46:56.397+0000] {processor.py:175} INFO - Processing /home/airflow/.local/lib/python3.7/site-packages/airflow/example_dags/example_sensor_decorator.py took 0.079 seconds
[2023-06-15T18:47:26.703+0000] {processor.py:153} INFO - Started process (PID=2660) to work on /home/airflow/.local/lib/python3.7/site-packages/airflow/example_dags/example_sensor_decorator.py
[2023-06-15T18:47:26.705+0000] {processor.py:743} INFO - Processing file /home/airflow/.local/lib/python3.7/site-packages/airflow/example_dags/example_sensor_decorator.py for tasks to queue
[2023-06-15T18:47:26.706+0000] {logging_mixin.py:137} INFO - [2023-06-15T18:47:26.706+0000] {dagbag.py:538} INFO - Filling up the DagBag from /home/airflow/.local/lib/python3.7/site-packages/airflow/example_dags/example_sensor_decorator.py
[2023-06-15T18:47:26.724+0000] {processor.py:753} INFO - DAG(s) dict_keys(['example_sensor_decorator']) retrieved from /home/airflow/.local/lib/python3.7/site-packages/airflow/example_dags/example_sensor_decorator.py
[2023-06-15T18:47:26.751+0000] {logging_mixin.py:137} INFO - [2023-06-15T18:47:26.751+0000] {dag.py:2690} INFO - Sync 1 DAGs
[2023-06-15T18:47:26.769+0000] {logging_mixin.py:137} INFO - [2023-06-15T18:47:26.769+0000] {dag.py:3441} INFO - Setting next_dagrun for example_sensor_decorator to None, run_after=None
[2023-06-15T18:47:26.783+0000] {processor.py:175} INFO - Processing /home/airflow/.local/lib/python3.7/site-packages/airflow/example_dags/example_sensor_decorator.py took 0.083 seconds
[2023-06-15T18:47:57.279+0000] {processor.py:153} INFO - Started process (PID=2734) to work on /home/airflow/.local/lib/python3.7/site-packages/airflow/example_dags/example_sensor_decorator.py
[2023-06-15T18:47:57.280+0000] {processor.py:743} INFO - Processing file /home/airflow/.local/lib/python3.7/site-packages/airflow/example_dags/example_sensor_decorator.py for tasks to queue
[2023-06-15T18:47:57.282+0000] {logging_mixin.py:137} INFO - [2023-06-15T18:47:57.281+0000] {dagbag.py:538} INFO - Filling up the DagBag from /home/airflow/.local/lib/python3.7/site-packages/airflow/example_dags/example_sensor_decorator.py
[2023-06-15T18:47:57.301+0000] {processor.py:753} INFO - DAG(s) dict_keys(['example_sensor_decorator']) retrieved from /home/airflow/.local/lib/python3.7/site-packages/airflow/example_dags/example_sensor_decorator.py
[2023-06-15T18:47:57.326+0000] {logging_mixin.py:137} INFO - [2023-06-15T18:47:57.326+0000] {dag.py:2690} INFO - Sync 1 DAGs
[2023-06-15T18:47:57.344+0000] {logging_mixin.py:137} INFO - [2023-06-15T18:47:57.344+0000] {dag.py:3441} INFO - Setting next_dagrun for example_sensor_decorator to None, run_after=None
[2023-06-15T18:47:57.358+0000] {processor.py:175} INFO - Processing /home/airflow/.local/lib/python3.7/site-packages/airflow/example_dags/example_sensor_decorator.py took 0.083 seconds
[2023-06-15T18:48:30.592+0000] {processor.py:153} INFO - Started process (PID=2802) to work on /home/airflow/.local/lib/python3.7/site-packages/airflow/example_dags/example_sensor_decorator.py
[2023-06-15T18:48:30.593+0000] {processor.py:743} INFO - Processing file /home/airflow/.local/lib/python3.7/site-packages/airflow/example_dags/example_sensor_decorator.py for tasks to queue
[2023-06-15T18:48:30.594+0000] {logging_mixin.py:137} INFO - [2023-06-15T18:48:30.594+0000] {dagbag.py:538} INFO - Filling up the DagBag from /home/airflow/.local/lib/python3.7/site-packages/airflow/example_dags/example_sensor_decorator.py
[2023-06-15T18:48:30.613+0000] {processor.py:753} INFO - DAG(s) dict_keys(['example_sensor_decorator']) retrieved from /home/airflow/.local/lib/python3.7/site-packages/airflow/example_dags/example_sensor_decorator.py
[2023-06-15T18:48:30.636+0000] {logging_mixin.py:137} INFO - [2023-06-15T18:48:30.636+0000] {dag.py:2690} INFO - Sync 1 DAGs
[2023-06-15T18:48:30.655+0000] {logging_mixin.py:137} INFO - [2023-06-15T18:48:30.655+0000] {dag.py:3441} INFO - Setting next_dagrun for example_sensor_decorator to None, run_after=None
[2023-06-15T18:48:30.668+0000] {processor.py:175} INFO - Processing /home/airflow/.local/lib/python3.7/site-packages/airflow/example_dags/example_sensor_decorator.py took 0.080 seconds
[2023-06-15T18:49:01.538+0000] {processor.py:153} INFO - Started process (PID=2867) to work on /home/airflow/.local/lib/python3.7/site-packages/airflow/example_dags/example_sensor_decorator.py
[2023-06-15T18:49:01.540+0000] {processor.py:743} INFO - Processing file /home/airflow/.local/lib/python3.7/site-packages/airflow/example_dags/example_sensor_decorator.py for tasks to queue
[2023-06-15T18:49:01.541+0000] {logging_mixin.py:137} INFO - [2023-06-15T18:49:01.541+0000] {dagbag.py:538} INFO - Filling up the DagBag from /home/airflow/.local/lib/python3.7/site-packages/airflow/example_dags/example_sensor_decorator.py
[2023-06-15T18:49:01.560+0000] {processor.py:753} INFO - DAG(s) dict_keys(['example_sensor_decorator']) retrieved from /home/airflow/.local/lib/python3.7/site-packages/airflow/example_dags/example_sensor_decorator.py
[2023-06-15T18:49:01.582+0000] {logging_mixin.py:137} INFO - [2023-06-15T18:49:01.582+0000] {dag.py:2690} INFO - Sync 1 DAGs
[2023-06-15T18:49:01.604+0000] {logging_mixin.py:137} INFO - [2023-06-15T18:49:01.603+0000] {dag.py:3441} INFO - Setting next_dagrun for example_sensor_decorator to None, run_after=None
[2023-06-15T18:49:01.619+0000] {processor.py:175} INFO - Processing /home/airflow/.local/lib/python3.7/site-packages/airflow/example_dags/example_sensor_decorator.py took 0.083 seconds
[2023-06-15T18:49:32.071+0000] {processor.py:153} INFO - Started process (PID=2945) to work on /home/airflow/.local/lib/python3.7/site-packages/airflow/example_dags/example_sensor_decorator.py
[2023-06-15T18:49:32.073+0000] {processor.py:743} INFO - Processing file /home/airflow/.local/lib/python3.7/site-packages/airflow/example_dags/example_sensor_decorator.py for tasks to queue
[2023-06-15T18:49:32.074+0000] {logging_mixin.py:137} INFO - [2023-06-15T18:49:32.074+0000] {dagbag.py:538} INFO - Filling up the DagBag from /home/airflow/.local/lib/python3.7/site-packages/airflow/example_dags/example_sensor_decorator.py
[2023-06-15T18:49:32.093+0000] {processor.py:753} INFO - DAG(s) dict_keys(['example_sensor_decorator']) retrieved from /home/airflow/.local/lib/python3.7/site-packages/airflow/example_dags/example_sensor_decorator.py
[2023-06-15T18:49:32.116+0000] {logging_mixin.py:137} INFO - [2023-06-15T18:49:32.116+0000] {dag.py:2690} INFO - Sync 1 DAGs
[2023-06-15T18:49:32.134+0000] {logging_mixin.py:137} INFO - [2023-06-15T18:49:32.134+0000] {dag.py:3441} INFO - Setting next_dagrun for example_sensor_decorator to None, run_after=None
[2023-06-15T18:49:32.146+0000] {processor.py:175} INFO - Processing /home/airflow/.local/lib/python3.7/site-packages/airflow/example_dags/example_sensor_decorator.py took 0.079 seconds
[2023-06-15T18:50:03.122+0000] {processor.py:153} INFO - Started process (PID=3023) to work on /home/airflow/.local/lib/python3.7/site-packages/airflow/example_dags/example_sensor_decorator.py
[2023-06-15T18:50:03.123+0000] {processor.py:743} INFO - Processing file /home/airflow/.local/lib/python3.7/site-packages/airflow/example_dags/example_sensor_decorator.py for tasks to queue
[2023-06-15T18:50:03.124+0000] {logging_mixin.py:137} INFO - [2023-06-15T18:50:03.124+0000] {dagbag.py:538} INFO - Filling up the DagBag from /home/airflow/.local/lib/python3.7/site-packages/airflow/example_dags/example_sensor_decorator.py
[2023-06-15T18:50:03.146+0000] {processor.py:753} INFO - DAG(s) dict_keys(['example_sensor_decorator']) retrieved from /home/airflow/.local/lib/python3.7/site-packages/airflow/example_dags/example_sensor_decorator.py
[2023-06-15T18:50:03.168+0000] {logging_mixin.py:137} INFO - [2023-06-15T18:50:03.168+0000] {dag.py:2690} INFO - Sync 1 DAGs
[2023-06-15T18:50:03.186+0000] {logging_mixin.py:137} INFO - [2023-06-15T18:50:03.186+0000] {dag.py:3441} INFO - Setting next_dagrun for example_sensor_decorator to None, run_after=None
[2023-06-15T18:50:03.200+0000] {processor.py:175} INFO - Processing /home/airflow/.local/lib/python3.7/site-packages/airflow/example_dags/example_sensor_decorator.py took 0.082 seconds
[2023-06-15T18:50:34.286+0000] {processor.py:153} INFO - Started process (PID=3088) to work on /home/airflow/.local/lib/python3.7/site-packages/airflow/example_dags/example_sensor_decorator.py
[2023-06-15T18:50:34.287+0000] {processor.py:743} INFO - Processing file /home/airflow/.local/lib/python3.7/site-packages/airflow/example_dags/example_sensor_decorator.py for tasks to queue
[2023-06-15T18:50:34.288+0000] {logging_mixin.py:137} INFO - [2023-06-15T18:50:34.288+0000] {dagbag.py:538} INFO - Filling up the DagBag from /home/airflow/.local/lib/python3.7/site-packages/airflow/example_dags/example_sensor_decorator.py
[2023-06-15T18:50:34.306+0000] {processor.py:753} INFO - DAG(s) dict_keys(['example_sensor_decorator']) retrieved from /home/airflow/.local/lib/python3.7/site-packages/airflow/example_dags/example_sensor_decorator.py
[2023-06-15T18:50:34.332+0000] {logging_mixin.py:137} INFO - [2023-06-15T18:50:34.331+0000] {dag.py:2690} INFO - Sync 1 DAGs
[2023-06-15T18:50:34.351+0000] {logging_mixin.py:137} INFO - [2023-06-15T18:50:34.351+0000] {dag.py:3441} INFO - Setting next_dagrun for example_sensor_decorator to None, run_after=None
[2023-06-15T18:50:34.366+0000] {processor.py:175} INFO - Processing /home/airflow/.local/lib/python3.7/site-packages/airflow/example_dags/example_sensor_decorator.py took 0.084 seconds
