[2023-06-15T18:02:04.037+0000] {processor.py:153} INFO - Started process (PID=70) to work on /home/airflow/.local/lib/python3.7/site-packages/airflow/example_dags/example_latest_only.py
[2023-06-15T18:02:04.042+0000] {processor.py:743} INFO - Processing file /home/airflow/.local/lib/python3.7/site-packages/airflow/example_dags/example_latest_only.py for tasks to queue
[2023-06-15T18:02:04.044+0000] {logging_mixin.py:137} INFO - [2023-06-15T18:02:04.044+0000] {dagbag.py:538} INFO - Filling up the DagBag from /home/airflow/.local/lib/python3.7/site-packages/airflow/example_dags/example_latest_only.py
[2023-06-15T18:02:04.084+0000] {processor.py:753} INFO - DAG(s) dict_keys(['latest_only']) retrieved from /home/airflow/.local/lib/python3.7/site-packages/airflow/example_dags/example_latest_only.py
[2023-06-15T18:02:04.137+0000] {logging_mixin.py:137} INFO - [2023-06-15T18:02:04.137+0000] {dag.py:2690} INFO - Sync 1 DAGs
[2023-06-15T18:02:04.260+0000] {logging_mixin.py:137} INFO - [2023-06-15T18:02:04.260+0000] {dag.py:3441} INFO - Setting next_dagrun for latest_only to 2023-06-15T14:02:04.259606+00:00, run_after=2023-06-15T18:02:04.259606+00:00
[2023-06-15T18:02:04.359+0000] {processor.py:175} INFO - Processing /home/airflow/.local/lib/python3.7/site-packages/airflow/example_dags/example_latest_only.py took 0.334 seconds
[2023-06-15T18:02:34.515+0000] {processor.py:153} INFO - Started process (PID=134) to work on /home/airflow/.local/lib/python3.7/site-packages/airflow/example_dags/example_latest_only.py
[2023-06-15T18:02:34.521+0000] {processor.py:743} INFO - Processing file /home/airflow/.local/lib/python3.7/site-packages/airflow/example_dags/example_latest_only.py for tasks to queue
[2023-06-15T18:02:34.522+0000] {logging_mixin.py:137} INFO - [2023-06-15T18:02:34.522+0000] {dagbag.py:538} INFO - Filling up the DagBag from /home/airflow/.local/lib/python3.7/site-packages/airflow/example_dags/example_latest_only.py
[2023-06-15T18:02:34.544+0000] {processor.py:753} INFO - DAG(s) dict_keys(['latest_only']) retrieved from /home/airflow/.local/lib/python3.7/site-packages/airflow/example_dags/example_latest_only.py
[2023-06-15T18:02:34.587+0000] {logging_mixin.py:137} INFO - [2023-06-15T18:02:34.587+0000] {dag.py:2690} INFO - Sync 1 DAGs
[2023-06-15T18:02:34.611+0000] {logging_mixin.py:137} INFO - [2023-06-15T18:02:34.611+0000] {dag.py:3441} INFO - Setting next_dagrun for latest_only to 2023-06-15T14:02:34.611053+00:00, run_after=2023-06-15T18:02:34.611053+00:00
[2023-06-15T18:02:34.630+0000] {processor.py:175} INFO - Processing /home/airflow/.local/lib/python3.7/site-packages/airflow/example_dags/example_latest_only.py took 0.119 seconds
[2023-06-15T18:03:05.226+0000] {processor.py:153} INFO - Started process (PID=210) to work on /home/airflow/.local/lib/python3.7/site-packages/airflow/example_dags/example_latest_only.py
[2023-06-15T18:03:05.227+0000] {processor.py:743} INFO - Processing file /home/airflow/.local/lib/python3.7/site-packages/airflow/example_dags/example_latest_only.py for tasks to queue
[2023-06-15T18:03:05.228+0000] {logging_mixin.py:137} INFO - [2023-06-15T18:03:05.228+0000] {dagbag.py:538} INFO - Filling up the DagBag from /home/airflow/.local/lib/python3.7/site-packages/airflow/example_dags/example_latest_only.py
[2023-06-15T18:03:05.241+0000] {processor.py:753} INFO - DAG(s) dict_keys(['latest_only']) retrieved from /home/airflow/.local/lib/python3.7/site-packages/airflow/example_dags/example_latest_only.py
[2023-06-15T18:03:05.264+0000] {logging_mixin.py:137} INFO - [2023-06-15T18:03:05.264+0000] {dag.py:2690} INFO - Sync 1 DAGs
[2023-06-15T18:03:05.283+0000] {logging_mixin.py:137} INFO - [2023-06-15T18:03:05.283+0000] {dag.py:3441} INFO - Setting next_dagrun for latest_only to 2023-06-15T14:03:05.283285+00:00, run_after=2023-06-15T18:03:05.283285+00:00
[2023-06-15T18:03:05.301+0000] {processor.py:175} INFO - Processing /home/airflow/.local/lib/python3.7/site-packages/airflow/example_dags/example_latest_only.py took 0.079 seconds
[2023-06-15T18:03:36.222+0000] {processor.py:153} INFO - Started process (PID=275) to work on /home/airflow/.local/lib/python3.7/site-packages/airflow/example_dags/example_latest_only.py
[2023-06-15T18:03:36.224+0000] {processor.py:743} INFO - Processing file /home/airflow/.local/lib/python3.7/site-packages/airflow/example_dags/example_latest_only.py for tasks to queue
[2023-06-15T18:03:36.225+0000] {logging_mixin.py:137} INFO - [2023-06-15T18:03:36.225+0000] {dagbag.py:538} INFO - Filling up the DagBag from /home/airflow/.local/lib/python3.7/site-packages/airflow/example_dags/example_latest_only.py
[2023-06-15T18:03:36.237+0000] {processor.py:753} INFO - DAG(s) dict_keys(['latest_only']) retrieved from /home/airflow/.local/lib/python3.7/site-packages/airflow/example_dags/example_latest_only.py
[2023-06-15T18:03:36.270+0000] {logging_mixin.py:137} INFO - [2023-06-15T18:03:36.270+0000] {dag.py:2690} INFO - Sync 1 DAGs
[2023-06-15T18:03:36.296+0000] {logging_mixin.py:137} INFO - [2023-06-15T18:03:36.295+0000] {dag.py:3441} INFO - Setting next_dagrun for latest_only to 2023-06-15T14:03:36.295193+00:00, run_after=2023-06-15T18:03:36.295193+00:00
[2023-06-15T18:03:36.316+0000] {processor.py:175} INFO - Processing /home/airflow/.local/lib/python3.7/site-packages/airflow/example_dags/example_latest_only.py took 0.098 seconds
[2023-06-15T18:04:06.970+0000] {processor.py:153} INFO - Started process (PID=352) to work on /home/airflow/.local/lib/python3.7/site-packages/airflow/example_dags/example_latest_only.py
[2023-06-15T18:04:06.972+0000] {processor.py:743} INFO - Processing file /home/airflow/.local/lib/python3.7/site-packages/airflow/example_dags/example_latest_only.py for tasks to queue
[2023-06-15T18:04:06.973+0000] {logging_mixin.py:137} INFO - [2023-06-15T18:04:06.973+0000] {dagbag.py:538} INFO - Filling up the DagBag from /home/airflow/.local/lib/python3.7/site-packages/airflow/example_dags/example_latest_only.py
[2023-06-15T18:04:06.987+0000] {processor.py:753} INFO - DAG(s) dict_keys(['latest_only']) retrieved from /home/airflow/.local/lib/python3.7/site-packages/airflow/example_dags/example_latest_only.py
[2023-06-15T18:04:07.014+0000] {logging_mixin.py:137} INFO - [2023-06-15T18:04:07.013+0000] {dag.py:2690} INFO - Sync 1 DAGs
[2023-06-15T18:04:07.034+0000] {logging_mixin.py:137} INFO - [2023-06-15T18:04:07.034+0000] {dag.py:3441} INFO - Setting next_dagrun for latest_only to 2023-06-15T14:04:07.034042+00:00, run_after=2023-06-15T18:04:07.034042+00:00
[2023-06-15T18:04:07.050+0000] {processor.py:175} INFO - Processing /home/airflow/.local/lib/python3.7/site-packages/airflow/example_dags/example_latest_only.py took 0.084 seconds
[2023-06-15T18:04:37.476+0000] {processor.py:153} INFO - Started process (PID=429) to work on /home/airflow/.local/lib/python3.7/site-packages/airflow/example_dags/example_latest_only.py
[2023-06-15T18:04:37.488+0000] {processor.py:743} INFO - Processing file /home/airflow/.local/lib/python3.7/site-packages/airflow/example_dags/example_latest_only.py for tasks to queue
[2023-06-15T18:04:37.489+0000] {logging_mixin.py:137} INFO - [2023-06-15T18:04:37.489+0000] {dagbag.py:538} INFO - Filling up the DagBag from /home/airflow/.local/lib/python3.7/site-packages/airflow/example_dags/example_latest_only.py
[2023-06-15T18:04:37.502+0000] {processor.py:753} INFO - DAG(s) dict_keys(['latest_only']) retrieved from /home/airflow/.local/lib/python3.7/site-packages/airflow/example_dags/example_latest_only.py
[2023-06-15T18:04:37.527+0000] {logging_mixin.py:137} INFO - [2023-06-15T18:04:37.526+0000] {dag.py:2690} INFO - Sync 1 DAGs
[2023-06-15T18:04:37.547+0000] {logging_mixin.py:137} INFO - [2023-06-15T18:04:37.547+0000] {dag.py:3441} INFO - Setting next_dagrun for latest_only to 2023-06-15T14:04:37.546747+00:00, run_after=2023-06-15T18:04:37.546747+00:00
[2023-06-15T18:04:37.563+0000] {processor.py:175} INFO - Processing /home/airflow/.local/lib/python3.7/site-packages/airflow/example_dags/example_latest_only.py took 0.094 seconds
[2023-06-15T18:05:08.226+0000] {processor.py:153} INFO - Started process (PID=493) to work on /home/airflow/.local/lib/python3.7/site-packages/airflow/example_dags/example_latest_only.py
[2023-06-15T18:05:08.227+0000] {processor.py:743} INFO - Processing file /home/airflow/.local/lib/python3.7/site-packages/airflow/example_dags/example_latest_only.py for tasks to queue
[2023-06-15T18:05:08.228+0000] {logging_mixin.py:137} INFO - [2023-06-15T18:05:08.228+0000] {dagbag.py:538} INFO - Filling up the DagBag from /home/airflow/.local/lib/python3.7/site-packages/airflow/example_dags/example_latest_only.py
[2023-06-15T18:05:08.239+0000] {processor.py:753} INFO - DAG(s) dict_keys(['latest_only']) retrieved from /home/airflow/.local/lib/python3.7/site-packages/airflow/example_dags/example_latest_only.py
[2023-06-15T18:05:08.263+0000] {logging_mixin.py:137} INFO - [2023-06-15T18:05:08.263+0000] {dag.py:2690} INFO - Sync 1 DAGs
[2023-06-15T18:05:08.282+0000] {logging_mixin.py:137} INFO - [2023-06-15T18:05:08.282+0000] {dag.py:3441} INFO - Setting next_dagrun for latest_only to 2023-06-15T14:05:08.281950+00:00, run_after=2023-06-15T18:05:08.281950+00:00
[2023-06-15T18:05:08.296+0000] {processor.py:175} INFO - Processing /home/airflow/.local/lib/python3.7/site-packages/airflow/example_dags/example_latest_only.py took 0.073 seconds
[2023-06-15T18:05:38.994+0000] {processor.py:153} INFO - Started process (PID=568) to work on /home/airflow/.local/lib/python3.7/site-packages/airflow/example_dags/example_latest_only.py
[2023-06-15T18:05:38.996+0000] {processor.py:743} INFO - Processing file /home/airflow/.local/lib/python3.7/site-packages/airflow/example_dags/example_latest_only.py for tasks to queue
[2023-06-15T18:05:38.997+0000] {logging_mixin.py:137} INFO - [2023-06-15T18:05:38.997+0000] {dagbag.py:538} INFO - Filling up the DagBag from /home/airflow/.local/lib/python3.7/site-packages/airflow/example_dags/example_latest_only.py
[2023-06-15T18:05:39.009+0000] {processor.py:753} INFO - DAG(s) dict_keys(['latest_only']) retrieved from /home/airflow/.local/lib/python3.7/site-packages/airflow/example_dags/example_latest_only.py
[2023-06-15T18:05:39.034+0000] {logging_mixin.py:137} INFO - [2023-06-15T18:05:39.034+0000] {dag.py:2690} INFO - Sync 1 DAGs
[2023-06-15T18:05:39.053+0000] {logging_mixin.py:137} INFO - [2023-06-15T18:05:39.053+0000] {dag.py:3441} INFO - Setting next_dagrun for latest_only to 2023-06-15T14:05:39.053137+00:00, run_after=2023-06-15T18:05:39.053137+00:00
[2023-06-15T18:05:39.067+0000] {processor.py:175} INFO - Processing /home/airflow/.local/lib/python3.7/site-packages/airflow/example_dags/example_latest_only.py took 0.076 seconds
[2023-06-15T18:06:10.176+0000] {processor.py:153} INFO - Started process (PID=639) to work on /home/airflow/.local/lib/python3.7/site-packages/airflow/example_dags/example_latest_only.py
[2023-06-15T18:06:10.178+0000] {processor.py:743} INFO - Processing file /home/airflow/.local/lib/python3.7/site-packages/airflow/example_dags/example_latest_only.py for tasks to queue
[2023-06-15T18:06:10.183+0000] {logging_mixin.py:137} INFO - [2023-06-15T18:06:10.183+0000] {dagbag.py:538} INFO - Filling up the DagBag from /home/airflow/.local/lib/python3.7/site-packages/airflow/example_dags/example_latest_only.py
[2023-06-15T18:06:10.209+0000] {processor.py:753} INFO - DAG(s) dict_keys(['latest_only']) retrieved from /home/airflow/.local/lib/python3.7/site-packages/airflow/example_dags/example_latest_only.py
[2023-06-15T18:06:10.245+0000] {logging_mixin.py:137} INFO - [2023-06-15T18:06:10.244+0000] {dag.py:2690} INFO - Sync 1 DAGs
[2023-06-15T18:06:10.267+0000] {logging_mixin.py:137} INFO - [2023-06-15T18:06:10.267+0000] {dag.py:3441} INFO - Setting next_dagrun for latest_only to 2023-06-15T14:06:10.266766+00:00, run_after=2023-06-15T18:06:10.266766+00:00
[2023-06-15T18:06:10.283+0000] {processor.py:175} INFO - Processing /home/airflow/.local/lib/python3.7/site-packages/airflow/example_dags/example_latest_only.py took 0.110 seconds
[2023-06-15T18:06:40.829+0000] {processor.py:153} INFO - Started process (PID=708) to work on /home/airflow/.local/lib/python3.7/site-packages/airflow/example_dags/example_latest_only.py
[2023-06-15T18:06:40.830+0000] {processor.py:743} INFO - Processing file /home/airflow/.local/lib/python3.7/site-packages/airflow/example_dags/example_latest_only.py for tasks to queue
[2023-06-15T18:06:40.832+0000] {logging_mixin.py:137} INFO - [2023-06-15T18:06:40.832+0000] {dagbag.py:538} INFO - Filling up the DagBag from /home/airflow/.local/lib/python3.7/site-packages/airflow/example_dags/example_latest_only.py
[2023-06-15T18:06:40.844+0000] {processor.py:753} INFO - DAG(s) dict_keys(['latest_only']) retrieved from /home/airflow/.local/lib/python3.7/site-packages/airflow/example_dags/example_latest_only.py
[2023-06-15T18:06:40.868+0000] {logging_mixin.py:137} INFO - [2023-06-15T18:06:40.868+0000] {dag.py:2690} INFO - Sync 1 DAGs
[2023-06-15T18:06:40.887+0000] {logging_mixin.py:137} INFO - [2023-06-15T18:06:40.887+0000] {dag.py:3441} INFO - Setting next_dagrun for latest_only to 2023-06-15T14:06:40.887306+00:00, run_after=2023-06-15T18:06:40.887306+00:00
[2023-06-15T18:06:40.904+0000] {processor.py:175} INFO - Processing /home/airflow/.local/lib/python3.7/site-packages/airflow/example_dags/example_latest_only.py took 0.078 seconds
[2023-06-15T18:07:11.537+0000] {processor.py:153} INFO - Started process (PID=785) to work on /home/airflow/.local/lib/python3.7/site-packages/airflow/example_dags/example_latest_only.py
[2023-06-15T18:07:11.539+0000] {processor.py:743} INFO - Processing file /home/airflow/.local/lib/python3.7/site-packages/airflow/example_dags/example_latest_only.py for tasks to queue
[2023-06-15T18:07:11.540+0000] {logging_mixin.py:137} INFO - [2023-06-15T18:07:11.540+0000] {dagbag.py:538} INFO - Filling up the DagBag from /home/airflow/.local/lib/python3.7/site-packages/airflow/example_dags/example_latest_only.py
[2023-06-15T18:07:11.552+0000] {processor.py:753} INFO - DAG(s) dict_keys(['latest_only']) retrieved from /home/airflow/.local/lib/python3.7/site-packages/airflow/example_dags/example_latest_only.py
[2023-06-15T18:07:11.577+0000] {logging_mixin.py:137} INFO - [2023-06-15T18:07:11.577+0000] {dag.py:2690} INFO - Sync 1 DAGs
[2023-06-15T18:07:11.597+0000] {logging_mixin.py:137} INFO - [2023-06-15T18:07:11.597+0000] {dag.py:3441} INFO - Setting next_dagrun for latest_only to 2023-06-15T14:07:11.596820+00:00, run_after=2023-06-15T18:07:11.596820+00:00
[2023-06-15T18:07:11.611+0000] {processor.py:175} INFO - Processing /home/airflow/.local/lib/python3.7/site-packages/airflow/example_dags/example_latest_only.py took 0.077 seconds
[2023-06-15T18:07:42.489+0000] {processor.py:153} INFO - Started process (PID=850) to work on /home/airflow/.local/lib/python3.7/site-packages/airflow/example_dags/example_latest_only.py
[2023-06-15T18:07:42.497+0000] {processor.py:743} INFO - Processing file /home/airflow/.local/lib/python3.7/site-packages/airflow/example_dags/example_latest_only.py for tasks to queue
[2023-06-15T18:07:42.502+0000] {logging_mixin.py:137} INFO - [2023-06-15T18:07:42.502+0000] {dagbag.py:538} INFO - Filling up the DagBag from /home/airflow/.local/lib/python3.7/site-packages/airflow/example_dags/example_latest_only.py
[2023-06-15T18:07:42.523+0000] {processor.py:753} INFO - DAG(s) dict_keys(['latest_only']) retrieved from /home/airflow/.local/lib/python3.7/site-packages/airflow/example_dags/example_latest_only.py
[2023-06-15T18:07:42.566+0000] {logging_mixin.py:137} INFO - [2023-06-15T18:07:42.566+0000] {dag.py:2690} INFO - Sync 1 DAGs
[2023-06-15T18:07:42.591+0000] {logging_mixin.py:137} INFO - [2023-06-15T18:07:42.591+0000] {dag.py:3441} INFO - Setting next_dagrun for latest_only to 2023-06-15T14:07:42.590905+00:00, run_after=2023-06-15T18:07:42.590905+00:00
[2023-06-15T18:07:42.613+0000] {processor.py:175} INFO - Processing /home/airflow/.local/lib/python3.7/site-packages/airflow/example_dags/example_latest_only.py took 0.131 seconds
[2023-06-15T18:08:12.666+0000] {processor.py:153} INFO - Started process (PID=926) to work on /home/airflow/.local/lib/python3.7/site-packages/airflow/example_dags/example_latest_only.py
[2023-06-15T18:08:12.668+0000] {processor.py:743} INFO - Processing file /home/airflow/.local/lib/python3.7/site-packages/airflow/example_dags/example_latest_only.py for tasks to queue
[2023-06-15T18:08:12.669+0000] {logging_mixin.py:137} INFO - [2023-06-15T18:08:12.669+0000] {dagbag.py:538} INFO - Filling up the DagBag from /home/airflow/.local/lib/python3.7/site-packages/airflow/example_dags/example_latest_only.py
[2023-06-15T18:08:12.681+0000] {processor.py:753} INFO - DAG(s) dict_keys(['latest_only']) retrieved from /home/airflow/.local/lib/python3.7/site-packages/airflow/example_dags/example_latest_only.py
[2023-06-15T18:08:12.708+0000] {logging_mixin.py:137} INFO - [2023-06-15T18:08:12.708+0000] {dag.py:2690} INFO - Sync 1 DAGs
[2023-06-15T18:08:12.729+0000] {logging_mixin.py:137} INFO - [2023-06-15T18:08:12.729+0000] {dag.py:3441} INFO - Setting next_dagrun for latest_only to 2023-06-15T14:08:12.729296+00:00, run_after=2023-06-15T18:08:12.729296+00:00
[2023-06-15T18:08:12.745+0000] {processor.py:175} INFO - Processing /home/airflow/.local/lib/python3.7/site-packages/airflow/example_dags/example_latest_only.py took 0.082 seconds
[2023-06-15T18:08:43.463+0000] {processor.py:153} INFO - Started process (PID=1002) to work on /home/airflow/.local/lib/python3.7/site-packages/airflow/example_dags/example_latest_only.py
[2023-06-15T18:08:43.464+0000] {processor.py:743} INFO - Processing file /home/airflow/.local/lib/python3.7/site-packages/airflow/example_dags/example_latest_only.py for tasks to queue
[2023-06-15T18:08:43.465+0000] {logging_mixin.py:137} INFO - [2023-06-15T18:08:43.465+0000] {dagbag.py:538} INFO - Filling up the DagBag from /home/airflow/.local/lib/python3.7/site-packages/airflow/example_dags/example_latest_only.py
[2023-06-15T18:08:43.480+0000] {processor.py:753} INFO - DAG(s) dict_keys(['latest_only']) retrieved from /home/airflow/.local/lib/python3.7/site-packages/airflow/example_dags/example_latest_only.py
[2023-06-15T18:08:43.504+0000] {logging_mixin.py:137} INFO - [2023-06-15T18:08:43.504+0000] {dag.py:2690} INFO - Sync 1 DAGs
[2023-06-15T18:08:43.523+0000] {logging_mixin.py:137} INFO - [2023-06-15T18:08:43.523+0000] {dag.py:3441} INFO - Setting next_dagrun for latest_only to 2023-06-15T14:08:43.523378+00:00, run_after=2023-06-15T18:08:43.523378+00:00
[2023-06-15T18:08:43.538+0000] {processor.py:175} INFO - Processing /home/airflow/.local/lib/python3.7/site-packages/airflow/example_dags/example_latest_only.py took 0.079 seconds
[2023-06-15T18:09:14.032+0000] {processor.py:153} INFO - Started process (PID=1066) to work on /home/airflow/.local/lib/python3.7/site-packages/airflow/example_dags/example_latest_only.py
[2023-06-15T18:09:14.034+0000] {processor.py:743} INFO - Processing file /home/airflow/.local/lib/python3.7/site-packages/airflow/example_dags/example_latest_only.py for tasks to queue
[2023-06-15T18:09:14.035+0000] {logging_mixin.py:137} INFO - [2023-06-15T18:09:14.035+0000] {dagbag.py:538} INFO - Filling up the DagBag from /home/airflow/.local/lib/python3.7/site-packages/airflow/example_dags/example_latest_only.py
[2023-06-15T18:09:14.048+0000] {processor.py:753} INFO - DAG(s) dict_keys(['latest_only']) retrieved from /home/airflow/.local/lib/python3.7/site-packages/airflow/example_dags/example_latest_only.py
[2023-06-15T18:09:14.073+0000] {logging_mixin.py:137} INFO - [2023-06-15T18:09:14.073+0000] {dag.py:2690} INFO - Sync 1 DAGs
[2023-06-15T18:09:14.092+0000] {logging_mixin.py:137} INFO - [2023-06-15T18:09:14.092+0000] {dag.py:3441} INFO - Setting next_dagrun for latest_only to 2023-06-15T14:09:14.092491+00:00, run_after=2023-06-15T18:09:14.092491+00:00
[2023-06-15T18:09:14.106+0000] {processor.py:175} INFO - Processing /home/airflow/.local/lib/python3.7/site-packages/airflow/example_dags/example_latest_only.py took 0.077 seconds
[2023-06-15T18:09:44.802+0000] {processor.py:153} INFO - Started process (PID=1142) to work on /home/airflow/.local/lib/python3.7/site-packages/airflow/example_dags/example_latest_only.py
[2023-06-15T18:09:44.803+0000] {processor.py:743} INFO - Processing file /home/airflow/.local/lib/python3.7/site-packages/airflow/example_dags/example_latest_only.py for tasks to queue
[2023-06-15T18:09:44.804+0000] {logging_mixin.py:137} INFO - [2023-06-15T18:09:44.804+0000] {dagbag.py:538} INFO - Filling up the DagBag from /home/airflow/.local/lib/python3.7/site-packages/airflow/example_dags/example_latest_only.py
[2023-06-15T18:09:44.817+0000] {processor.py:753} INFO - DAG(s) dict_keys(['latest_only']) retrieved from /home/airflow/.local/lib/python3.7/site-packages/airflow/example_dags/example_latest_only.py
[2023-06-15T18:09:44.840+0000] {logging_mixin.py:137} INFO - [2023-06-15T18:09:44.840+0000] {dag.py:2690} INFO - Sync 1 DAGs
[2023-06-15T18:09:44.859+0000] {logging_mixin.py:137} INFO - [2023-06-15T18:09:44.859+0000] {dag.py:3441} INFO - Setting next_dagrun for latest_only to 2023-06-15T14:09:44.859546+00:00, run_after=2023-06-15T18:09:44.859546+00:00
[2023-06-15T18:09:44.874+0000] {processor.py:175} INFO - Processing /home/airflow/.local/lib/python3.7/site-packages/airflow/example_dags/example_latest_only.py took 0.074 seconds
[2023-06-15T18:10:15.425+0000] {processor.py:153} INFO - Started process (PID=1215) to work on /home/airflow/.local/lib/python3.7/site-packages/airflow/example_dags/example_latest_only.py
[2023-06-15T18:10:15.426+0000] {processor.py:743} INFO - Processing file /home/airflow/.local/lib/python3.7/site-packages/airflow/example_dags/example_latest_only.py for tasks to queue
[2023-06-15T18:10:15.428+0000] {logging_mixin.py:137} INFO - [2023-06-15T18:10:15.427+0000] {dagbag.py:538} INFO - Filling up the DagBag from /home/airflow/.local/lib/python3.7/site-packages/airflow/example_dags/example_latest_only.py
[2023-06-15T18:10:15.439+0000] {processor.py:753} INFO - DAG(s) dict_keys(['latest_only']) retrieved from /home/airflow/.local/lib/python3.7/site-packages/airflow/example_dags/example_latest_only.py
[2023-06-15T18:10:15.463+0000] {logging_mixin.py:137} INFO - [2023-06-15T18:10:15.463+0000] {dag.py:2690} INFO - Sync 1 DAGs
[2023-06-15T18:10:15.482+0000] {logging_mixin.py:137} INFO - [2023-06-15T18:10:15.482+0000] {dag.py:3441} INFO - Setting next_dagrun for latest_only to 2023-06-15T14:10:15.482425+00:00, run_after=2023-06-15T18:10:15.482425+00:00
[2023-06-15T18:10:15.499+0000] {processor.py:175} INFO - Processing /home/airflow/.local/lib/python3.7/site-packages/airflow/example_dags/example_latest_only.py took 0.078 seconds
[2023-06-15T18:10:46.222+0000] {processor.py:153} INFO - Started process (PID=1282) to work on /home/airflow/.local/lib/python3.7/site-packages/airflow/example_dags/example_latest_only.py
[2023-06-15T18:10:46.224+0000] {processor.py:743} INFO - Processing file /home/airflow/.local/lib/python3.7/site-packages/airflow/example_dags/example_latest_only.py for tasks to queue
[2023-06-15T18:10:46.224+0000] {logging_mixin.py:137} INFO - [2023-06-15T18:10:46.224+0000] {dagbag.py:538} INFO - Filling up the DagBag from /home/airflow/.local/lib/python3.7/site-packages/airflow/example_dags/example_latest_only.py
[2023-06-15T18:10:46.237+0000] {processor.py:753} INFO - DAG(s) dict_keys(['latest_only']) retrieved from /home/airflow/.local/lib/python3.7/site-packages/airflow/example_dags/example_latest_only.py
[2023-06-15T18:10:46.261+0000] {logging_mixin.py:137} INFO - [2023-06-15T18:10:46.261+0000] {dag.py:2690} INFO - Sync 1 DAGs
[2023-06-15T18:10:46.280+0000] {logging_mixin.py:137} INFO - [2023-06-15T18:10:46.280+0000] {dag.py:3441} INFO - Setting next_dagrun for latest_only to 2023-06-15T14:10:46.280280+00:00, run_after=2023-06-15T18:10:46.280280+00:00
[2023-06-15T18:10:46.294+0000] {processor.py:175} INFO - Processing /home/airflow/.local/lib/python3.7/site-packages/airflow/example_dags/example_latest_only.py took 0.075 seconds
[2023-06-15T18:11:16.831+0000] {processor.py:153} INFO - Started process (PID=1358) to work on /home/airflow/.local/lib/python3.7/site-packages/airflow/example_dags/example_latest_only.py
[2023-06-15T18:11:16.832+0000] {processor.py:743} INFO - Processing file /home/airflow/.local/lib/python3.7/site-packages/airflow/example_dags/example_latest_only.py for tasks to queue
[2023-06-15T18:11:16.833+0000] {logging_mixin.py:137} INFO - [2023-06-15T18:11:16.833+0000] {dagbag.py:538} INFO - Filling up the DagBag from /home/airflow/.local/lib/python3.7/site-packages/airflow/example_dags/example_latest_only.py
[2023-06-15T18:11:16.845+0000] {processor.py:753} INFO - DAG(s) dict_keys(['latest_only']) retrieved from /home/airflow/.local/lib/python3.7/site-packages/airflow/example_dags/example_latest_only.py
[2023-06-15T18:11:16.871+0000] {logging_mixin.py:137} INFO - [2023-06-15T18:11:16.871+0000] {dag.py:2690} INFO - Sync 1 DAGs
[2023-06-15T18:11:16.889+0000] {logging_mixin.py:137} INFO - [2023-06-15T18:11:16.889+0000] {dag.py:3441} INFO - Setting next_dagrun for latest_only to 2023-06-15T14:11:16.889171+00:00, run_after=2023-06-15T18:11:16.889171+00:00
[2023-06-15T18:11:16.906+0000] {processor.py:175} INFO - Processing /home/airflow/.local/lib/python3.7/site-packages/airflow/example_dags/example_latest_only.py took 0.079 seconds
[2023-06-15T18:11:47.405+0000] {processor.py:153} INFO - Started process (PID=1423) to work on /home/airflow/.local/lib/python3.7/site-packages/airflow/example_dags/example_latest_only.py
[2023-06-15T18:11:47.407+0000] {processor.py:743} INFO - Processing file /home/airflow/.local/lib/python3.7/site-packages/airflow/example_dags/example_latest_only.py for tasks to queue
[2023-06-15T18:11:47.408+0000] {logging_mixin.py:137} INFO - [2023-06-15T18:11:47.408+0000] {dagbag.py:538} INFO - Filling up the DagBag from /home/airflow/.local/lib/python3.7/site-packages/airflow/example_dags/example_latest_only.py
[2023-06-15T18:11:47.421+0000] {processor.py:753} INFO - DAG(s) dict_keys(['latest_only']) retrieved from /home/airflow/.local/lib/python3.7/site-packages/airflow/example_dags/example_latest_only.py
[2023-06-15T18:11:47.445+0000] {logging_mixin.py:137} INFO - [2023-06-15T18:11:47.444+0000] {dag.py:2690} INFO - Sync 1 DAGs
[2023-06-15T18:11:47.465+0000] {logging_mixin.py:137} INFO - [2023-06-15T18:11:47.465+0000] {dag.py:3441} INFO - Setting next_dagrun for latest_only to 2023-06-15T14:11:47.465510+00:00, run_after=2023-06-15T18:11:47.465510+00:00
[2023-06-15T18:11:47.480+0000] {processor.py:175} INFO - Processing /home/airflow/.local/lib/python3.7/site-packages/airflow/example_dags/example_latest_only.py took 0.077 seconds
[2023-06-15T18:12:18.016+0000] {processor.py:153} INFO - Started process (PID=1500) to work on /home/airflow/.local/lib/python3.7/site-packages/airflow/example_dags/example_latest_only.py
[2023-06-15T18:12:18.018+0000] {processor.py:743} INFO - Processing file /home/airflow/.local/lib/python3.7/site-packages/airflow/example_dags/example_latest_only.py for tasks to queue
[2023-06-15T18:12:18.018+0000] {logging_mixin.py:137} INFO - [2023-06-15T18:12:18.018+0000] {dagbag.py:538} INFO - Filling up the DagBag from /home/airflow/.local/lib/python3.7/site-packages/airflow/example_dags/example_latest_only.py
[2023-06-15T18:12:18.032+0000] {processor.py:753} INFO - DAG(s) dict_keys(['latest_only']) retrieved from /home/airflow/.local/lib/python3.7/site-packages/airflow/example_dags/example_latest_only.py
[2023-06-15T18:12:18.055+0000] {logging_mixin.py:137} INFO - [2023-06-15T18:12:18.055+0000] {dag.py:2690} INFO - Sync 1 DAGs
[2023-06-15T18:12:18.075+0000] {logging_mixin.py:137} INFO - [2023-06-15T18:12:18.075+0000] {dag.py:3441} INFO - Setting next_dagrun for latest_only to 2023-06-15T14:12:18.074945+00:00, run_after=2023-06-15T18:12:18.074945+00:00
[2023-06-15T18:12:18.091+0000] {processor.py:175} INFO - Processing /home/airflow/.local/lib/python3.7/site-packages/airflow/example_dags/example_latest_only.py took 0.078 seconds
[2023-06-15T18:12:48.687+0000] {processor.py:153} INFO - Started process (PID=1578) to work on /home/airflow/.local/lib/python3.7/site-packages/airflow/example_dags/example_latest_only.py
[2023-06-15T18:12:48.689+0000] {processor.py:743} INFO - Processing file /home/airflow/.local/lib/python3.7/site-packages/airflow/example_dags/example_latest_only.py for tasks to queue
[2023-06-15T18:12:48.689+0000] {logging_mixin.py:137} INFO - [2023-06-15T18:12:48.689+0000] {dagbag.py:538} INFO - Filling up the DagBag from /home/airflow/.local/lib/python3.7/site-packages/airflow/example_dags/example_latest_only.py
[2023-06-15T18:12:48.701+0000] {processor.py:753} INFO - DAG(s) dict_keys(['latest_only']) retrieved from /home/airflow/.local/lib/python3.7/site-packages/airflow/example_dags/example_latest_only.py
[2023-06-15T18:12:48.726+0000] {logging_mixin.py:137} INFO - [2023-06-15T18:12:48.725+0000] {dag.py:2690} INFO - Sync 1 DAGs
[2023-06-15T18:12:48.743+0000] {logging_mixin.py:137} INFO - [2023-06-15T18:12:48.743+0000] {dag.py:3441} INFO - Setting next_dagrun for latest_only to 2023-06-15T14:12:48.743513+00:00, run_after=2023-06-15T18:12:48.743513+00:00
[2023-06-15T18:12:48.757+0000] {processor.py:175} INFO - Processing /home/airflow/.local/lib/python3.7/site-packages/airflow/example_dags/example_latest_only.py took 0.072 seconds
[2023-06-15T18:13:19.493+0000] {processor.py:153} INFO - Started process (PID=1644) to work on /home/airflow/.local/lib/python3.7/site-packages/airflow/example_dags/example_latest_only.py
[2023-06-15T18:13:19.495+0000] {processor.py:743} INFO - Processing file /home/airflow/.local/lib/python3.7/site-packages/airflow/example_dags/example_latest_only.py for tasks to queue
[2023-06-15T18:13:19.496+0000] {logging_mixin.py:137} INFO - [2023-06-15T18:13:19.496+0000] {dagbag.py:538} INFO - Filling up the DagBag from /home/airflow/.local/lib/python3.7/site-packages/airflow/example_dags/example_latest_only.py
[2023-06-15T18:13:19.509+0000] {processor.py:753} INFO - DAG(s) dict_keys(['latest_only']) retrieved from /home/airflow/.local/lib/python3.7/site-packages/airflow/example_dags/example_latest_only.py
[2023-06-15T18:13:19.534+0000] {logging_mixin.py:137} INFO - [2023-06-15T18:13:19.534+0000] {dag.py:2690} INFO - Sync 1 DAGs
[2023-06-15T18:13:19.554+0000] {logging_mixin.py:137} INFO - [2023-06-15T18:13:19.554+0000] {dag.py:3441} INFO - Setting next_dagrun for latest_only to 2023-06-15T14:13:19.554132+00:00, run_after=2023-06-15T18:13:19.554132+00:00
[2023-06-15T18:13:19.570+0000] {processor.py:175} INFO - Processing /home/airflow/.local/lib/python3.7/site-packages/airflow/example_dags/example_latest_only.py took 0.079 seconds
[2023-06-15T18:13:50.314+0000] {processor.py:153} INFO - Started process (PID=1722) to work on /home/airflow/.local/lib/python3.7/site-packages/airflow/example_dags/example_latest_only.py
[2023-06-15T18:13:50.316+0000] {processor.py:743} INFO - Processing file /home/airflow/.local/lib/python3.7/site-packages/airflow/example_dags/example_latest_only.py for tasks to queue
[2023-06-15T18:13:50.317+0000] {logging_mixin.py:137} INFO - [2023-06-15T18:13:50.316+0000] {dagbag.py:538} INFO - Filling up the DagBag from /home/airflow/.local/lib/python3.7/site-packages/airflow/example_dags/example_latest_only.py
[2023-06-15T18:13:50.329+0000] {processor.py:753} INFO - DAG(s) dict_keys(['latest_only']) retrieved from /home/airflow/.local/lib/python3.7/site-packages/airflow/example_dags/example_latest_only.py
[2023-06-15T18:13:50.353+0000] {logging_mixin.py:137} INFO - [2023-06-15T18:13:50.353+0000] {dag.py:2690} INFO - Sync 1 DAGs
[2023-06-15T18:13:50.375+0000] {logging_mixin.py:137} INFO - [2023-06-15T18:13:50.375+0000] {dag.py:3441} INFO - Setting next_dagrun for latest_only to 2023-06-15T14:13:50.375196+00:00, run_after=2023-06-15T18:13:50.375196+00:00
[2023-06-15T18:13:50.393+0000] {processor.py:175} INFO - Processing /home/airflow/.local/lib/python3.7/site-packages/airflow/example_dags/example_latest_only.py took 0.082 seconds
[2023-06-15T18:14:20.536+0000] {processor.py:153} INFO - Started process (PID=1799) to work on /home/airflow/.local/lib/python3.7/site-packages/airflow/example_dags/example_latest_only.py
[2023-06-15T18:14:20.538+0000] {processor.py:743} INFO - Processing file /home/airflow/.local/lib/python3.7/site-packages/airflow/example_dags/example_latest_only.py for tasks to queue
[2023-06-15T18:14:20.539+0000] {logging_mixin.py:137} INFO - [2023-06-15T18:14:20.539+0000] {dagbag.py:538} INFO - Filling up the DagBag from /home/airflow/.local/lib/python3.7/site-packages/airflow/example_dags/example_latest_only.py
[2023-06-15T18:14:20.551+0000] {processor.py:753} INFO - DAG(s) dict_keys(['latest_only']) retrieved from /home/airflow/.local/lib/python3.7/site-packages/airflow/example_dags/example_latest_only.py
[2023-06-15T18:14:20.576+0000] {logging_mixin.py:137} INFO - [2023-06-15T18:14:20.576+0000] {dag.py:2690} INFO - Sync 1 DAGs
[2023-06-15T18:14:20.596+0000] {logging_mixin.py:137} INFO - [2023-06-15T18:14:20.595+0000] {dag.py:3441} INFO - Setting next_dagrun for latest_only to 2023-06-15T14:14:20.595645+00:00, run_after=2023-06-15T18:14:20.595645+00:00
[2023-06-15T18:14:20.610+0000] {processor.py:175} INFO - Processing /home/airflow/.local/lib/python3.7/site-packages/airflow/example_dags/example_latest_only.py took 0.077 seconds
[2023-06-15T18:14:51.532+0000] {processor.py:153} INFO - Started process (PID=1864) to work on /home/airflow/.local/lib/python3.7/site-packages/airflow/example_dags/example_latest_only.py
[2023-06-15T18:14:51.534+0000] {processor.py:743} INFO - Processing file /home/airflow/.local/lib/python3.7/site-packages/airflow/example_dags/example_latest_only.py for tasks to queue
[2023-06-15T18:14:51.535+0000] {logging_mixin.py:137} INFO - [2023-06-15T18:14:51.535+0000] {dagbag.py:538} INFO - Filling up the DagBag from /home/airflow/.local/lib/python3.7/site-packages/airflow/example_dags/example_latest_only.py
[2023-06-15T18:14:51.548+0000] {processor.py:753} INFO - DAG(s) dict_keys(['latest_only']) retrieved from /home/airflow/.local/lib/python3.7/site-packages/airflow/example_dags/example_latest_only.py
[2023-06-15T18:14:51.578+0000] {logging_mixin.py:137} INFO - [2023-06-15T18:14:51.578+0000] {dag.py:2690} INFO - Sync 1 DAGs
[2023-06-15T18:14:51.600+0000] {logging_mixin.py:137} INFO - [2023-06-15T18:14:51.600+0000] {dag.py:3441} INFO - Setting next_dagrun for latest_only to 2023-06-15T14:14:51.600011+00:00, run_after=2023-06-15T18:14:51.600011+00:00
[2023-06-15T18:14:51.618+0000] {processor.py:175} INFO - Processing /home/airflow/.local/lib/python3.7/site-packages/airflow/example_dags/example_latest_only.py took 0.090 seconds
[2023-06-15T18:15:22.002+0000] {processor.py:153} INFO - Started process (PID=1942) to work on /home/airflow/.local/lib/python3.7/site-packages/airflow/example_dags/example_latest_only.py
[2023-06-15T18:15:22.004+0000] {processor.py:743} INFO - Processing file /home/airflow/.local/lib/python3.7/site-packages/airflow/example_dags/example_latest_only.py for tasks to queue
[2023-06-15T18:15:22.005+0000] {logging_mixin.py:137} INFO - [2023-06-15T18:15:22.004+0000] {dagbag.py:538} INFO - Filling up the DagBag from /home/airflow/.local/lib/python3.7/site-packages/airflow/example_dags/example_latest_only.py
[2023-06-15T18:15:22.017+0000] {processor.py:753} INFO - DAG(s) dict_keys(['latest_only']) retrieved from /home/airflow/.local/lib/python3.7/site-packages/airflow/example_dags/example_latest_only.py
[2023-06-15T18:15:22.041+0000] {logging_mixin.py:137} INFO - [2023-06-15T18:15:22.041+0000] {dag.py:2690} INFO - Sync 1 DAGs
[2023-06-15T18:15:22.060+0000] {logging_mixin.py:137} INFO - [2023-06-15T18:15:22.060+0000] {dag.py:3441} INFO - Setting next_dagrun for latest_only to 2023-06-15T14:15:22.060394+00:00, run_after=2023-06-15T18:15:22.060394+00:00
[2023-06-15T18:15:22.075+0000] {processor.py:175} INFO - Processing /home/airflow/.local/lib/python3.7/site-packages/airflow/example_dags/example_latest_only.py took 0.076 seconds
[2023-06-15T18:15:52.268+0000] {processor.py:153} INFO - Started process (PID=2008) to work on /home/airflow/.local/lib/python3.7/site-packages/airflow/example_dags/example_latest_only.py
[2023-06-15T18:15:52.270+0000] {processor.py:743} INFO - Processing file /home/airflow/.local/lib/python3.7/site-packages/airflow/example_dags/example_latest_only.py for tasks to queue
[2023-06-15T18:15:52.271+0000] {logging_mixin.py:137} INFO - [2023-06-15T18:15:52.271+0000] {dagbag.py:538} INFO - Filling up the DagBag from /home/airflow/.local/lib/python3.7/site-packages/airflow/example_dags/example_latest_only.py
[2023-06-15T18:15:52.284+0000] {processor.py:753} INFO - DAG(s) dict_keys(['latest_only']) retrieved from /home/airflow/.local/lib/python3.7/site-packages/airflow/example_dags/example_latest_only.py
[2023-06-15T18:15:52.308+0000] {logging_mixin.py:137} INFO - [2023-06-15T18:15:52.308+0000] {dag.py:2690} INFO - Sync 1 DAGs
[2023-06-15T18:15:52.331+0000] {logging_mixin.py:137} INFO - [2023-06-15T18:15:52.330+0000] {dag.py:3441} INFO - Setting next_dagrun for latest_only to 2023-06-15T14:15:52.330660+00:00, run_after=2023-06-15T18:15:52.330660+00:00
[2023-06-15T18:15:52.347+0000] {processor.py:175} INFO - Processing /home/airflow/.local/lib/python3.7/site-packages/airflow/example_dags/example_latest_only.py took 0.083 seconds
[2023-06-15T18:16:22.858+0000] {processor.py:153} INFO - Started process (PID=2085) to work on /home/airflow/.local/lib/python3.7/site-packages/airflow/example_dags/example_latest_only.py
[2023-06-15T18:16:22.860+0000] {processor.py:743} INFO - Processing file /home/airflow/.local/lib/python3.7/site-packages/airflow/example_dags/example_latest_only.py for tasks to queue
[2023-06-15T18:16:22.861+0000] {logging_mixin.py:137} INFO - [2023-06-15T18:16:22.861+0000] {dagbag.py:538} INFO - Filling up the DagBag from /home/airflow/.local/lib/python3.7/site-packages/airflow/example_dags/example_latest_only.py
[2023-06-15T18:16:22.873+0000] {processor.py:753} INFO - DAG(s) dict_keys(['latest_only']) retrieved from /home/airflow/.local/lib/python3.7/site-packages/airflow/example_dags/example_latest_only.py
[2023-06-15T18:16:22.896+0000] {logging_mixin.py:137} INFO - [2023-06-15T18:16:22.896+0000] {dag.py:2690} INFO - Sync 1 DAGs
[2023-06-15T18:16:22.915+0000] {logging_mixin.py:137} INFO - [2023-06-15T18:16:22.915+0000] {dag.py:3441} INFO - Setting next_dagrun for latest_only to 2023-06-15T14:16:22.915626+00:00, run_after=2023-06-15T18:16:22.915626+00:00
[2023-06-15T18:16:22.929+0000] {processor.py:175} INFO - Processing /home/airflow/.local/lib/python3.7/site-packages/airflow/example_dags/example_latest_only.py took 0.074 seconds
[2023-06-15T18:16:53.528+0000] {processor.py:153} INFO - Started process (PID=2162) to work on /home/airflow/.local/lib/python3.7/site-packages/airflow/example_dags/example_latest_only.py
[2023-06-15T18:16:53.529+0000] {processor.py:743} INFO - Processing file /home/airflow/.local/lib/python3.7/site-packages/airflow/example_dags/example_latest_only.py for tasks to queue
[2023-06-15T18:16:53.530+0000] {logging_mixin.py:137} INFO - [2023-06-15T18:16:53.530+0000] {dagbag.py:538} INFO - Filling up the DagBag from /home/airflow/.local/lib/python3.7/site-packages/airflow/example_dags/example_latest_only.py
[2023-06-15T18:16:53.542+0000] {processor.py:753} INFO - DAG(s) dict_keys(['latest_only']) retrieved from /home/airflow/.local/lib/python3.7/site-packages/airflow/example_dags/example_latest_only.py
[2023-06-15T18:16:53.566+0000] {logging_mixin.py:137} INFO - [2023-06-15T18:16:53.566+0000] {dag.py:2690} INFO - Sync 1 DAGs
[2023-06-15T18:16:53.584+0000] {logging_mixin.py:137} INFO - [2023-06-15T18:16:53.584+0000] {dag.py:3441} INFO - Setting next_dagrun for latest_only to 2023-06-15T14:16:53.584657+00:00, run_after=2023-06-15T18:16:53.584657+00:00
[2023-06-15T18:16:53.599+0000] {processor.py:175} INFO - Processing /home/airflow/.local/lib/python3.7/site-packages/airflow/example_dags/example_latest_only.py took 0.074 seconds
[2023-06-15T18:17:23.841+0000] {processor.py:153} INFO - Started process (PID=2227) to work on /home/airflow/.local/lib/python3.7/site-packages/airflow/example_dags/example_latest_only.py
[2023-06-15T18:17:23.846+0000] {processor.py:743} INFO - Processing file /home/airflow/.local/lib/python3.7/site-packages/airflow/example_dags/example_latest_only.py for tasks to queue
[2023-06-15T18:17:23.847+0000] {logging_mixin.py:137} INFO - [2023-06-15T18:17:23.847+0000] {dagbag.py:538} INFO - Filling up the DagBag from /home/airflow/.local/lib/python3.7/site-packages/airflow/example_dags/example_latest_only.py
[2023-06-15T18:17:23.860+0000] {processor.py:753} INFO - DAG(s) dict_keys(['latest_only']) retrieved from /home/airflow/.local/lib/python3.7/site-packages/airflow/example_dags/example_latest_only.py
[2023-06-15T18:17:23.884+0000] {logging_mixin.py:137} INFO - [2023-06-15T18:17:23.884+0000] {dag.py:2690} INFO - Sync 1 DAGs
[2023-06-15T18:17:23.904+0000] {logging_mixin.py:137} INFO - [2023-06-15T18:17:23.904+0000] {dag.py:3441} INFO - Setting next_dagrun for latest_only to 2023-06-15T14:17:23.904593+00:00, run_after=2023-06-15T18:17:23.904593+00:00
[2023-06-15T18:17:23.918+0000] {processor.py:175} INFO - Processing /home/airflow/.local/lib/python3.7/site-packages/airflow/example_dags/example_latest_only.py took 0.081 seconds
[2023-06-15T18:44:53.739+0000] {processor.py:153} INFO - Started process (PID=2311) to work on /home/airflow/.local/lib/python3.7/site-packages/airflow/example_dags/example_latest_only.py
[2023-06-15T18:44:53.741+0000] {processor.py:743} INFO - Processing file /home/airflow/.local/lib/python3.7/site-packages/airflow/example_dags/example_latest_only.py for tasks to queue
[2023-06-15T18:44:53.742+0000] {logging_mixin.py:137} INFO - [2023-06-15T18:44:53.741+0000] {dagbag.py:538} INFO - Filling up the DagBag from /home/airflow/.local/lib/python3.7/site-packages/airflow/example_dags/example_latest_only.py
[2023-06-15T18:44:53.754+0000] {processor.py:753} INFO - DAG(s) dict_keys(['latest_only']) retrieved from /home/airflow/.local/lib/python3.7/site-packages/airflow/example_dags/example_latest_only.py
[2023-06-15T18:44:53.778+0000] {logging_mixin.py:137} INFO - [2023-06-15T18:44:53.778+0000] {dag.py:2690} INFO - Sync 1 DAGs
[2023-06-15T18:44:53.798+0000] {logging_mixin.py:137} INFO - [2023-06-15T18:44:53.797+0000] {dag.py:3441} INFO - Setting next_dagrun for latest_only to 2023-06-15T14:44:53.797674+00:00, run_after=2023-06-15T18:44:53.797674+00:00
[2023-06-15T18:44:53.812+0000] {processor.py:175} INFO - Processing /home/airflow/.local/lib/python3.7/site-packages/airflow/example_dags/example_latest_only.py took 0.076 seconds
[2023-06-15T18:45:24.317+0000] {processor.py:153} INFO - Started process (PID=2377) to work on /home/airflow/.local/lib/python3.7/site-packages/airflow/example_dags/example_latest_only.py
[2023-06-15T18:45:24.319+0000] {processor.py:743} INFO - Processing file /home/airflow/.local/lib/python3.7/site-packages/airflow/example_dags/example_latest_only.py for tasks to queue
[2023-06-15T18:45:24.319+0000] {logging_mixin.py:137} INFO - [2023-06-15T18:45:24.319+0000] {dagbag.py:538} INFO - Filling up the DagBag from /home/airflow/.local/lib/python3.7/site-packages/airflow/example_dags/example_latest_only.py
[2023-06-15T18:45:24.331+0000] {processor.py:753} INFO - DAG(s) dict_keys(['latest_only']) retrieved from /home/airflow/.local/lib/python3.7/site-packages/airflow/example_dags/example_latest_only.py
[2023-06-15T18:45:24.355+0000] {logging_mixin.py:137} INFO - [2023-06-15T18:45:24.355+0000] {dag.py:2690} INFO - Sync 1 DAGs
[2023-06-15T18:45:24.376+0000] {logging_mixin.py:137} INFO - [2023-06-15T18:45:24.376+0000] {dag.py:3441} INFO - Setting next_dagrun for latest_only to 2023-06-15T14:45:24.375860+00:00, run_after=2023-06-15T18:45:24.375860+00:00
[2023-06-15T18:45:24.390+0000] {processor.py:175} INFO - Processing /home/airflow/.local/lib/python3.7/site-packages/airflow/example_dags/example_latest_only.py took 0.076 seconds
[2023-06-15T18:45:55.153+0000] {processor.py:153} INFO - Started process (PID=2454) to work on /home/airflow/.local/lib/python3.7/site-packages/airflow/example_dags/example_latest_only.py
[2023-06-15T18:45:55.155+0000] {processor.py:743} INFO - Processing file /home/airflow/.local/lib/python3.7/site-packages/airflow/example_dags/example_latest_only.py for tasks to queue
[2023-06-15T18:45:55.156+0000] {logging_mixin.py:137} INFO - [2023-06-15T18:45:55.155+0000] {dagbag.py:538} INFO - Filling up the DagBag from /home/airflow/.local/lib/python3.7/site-packages/airflow/example_dags/example_latest_only.py
[2023-06-15T18:45:55.169+0000] {processor.py:753} INFO - DAG(s) dict_keys(['latest_only']) retrieved from /home/airflow/.local/lib/python3.7/site-packages/airflow/example_dags/example_latest_only.py
[2023-06-15T18:45:55.196+0000] {logging_mixin.py:137} INFO - [2023-06-15T18:45:55.195+0000] {dag.py:2690} INFO - Sync 1 DAGs
[2023-06-15T18:45:55.216+0000] {logging_mixin.py:137} INFO - [2023-06-15T18:45:55.216+0000] {dag.py:3441} INFO - Setting next_dagrun for latest_only to 2023-06-15T14:45:55.215964+00:00, run_after=2023-06-15T18:45:55.215964+00:00
[2023-06-15T18:45:55.230+0000] {processor.py:175} INFO - Processing /home/airflow/.local/lib/python3.7/site-packages/airflow/example_dags/example_latest_only.py took 0.080 seconds
[2023-06-15T18:46:26.273+0000] {processor.py:153} INFO - Started process (PID=2531) to work on /home/airflow/.local/lib/python3.7/site-packages/airflow/example_dags/example_latest_only.py
[2023-06-15T18:46:26.274+0000] {processor.py:743} INFO - Processing file /home/airflow/.local/lib/python3.7/site-packages/airflow/example_dags/example_latest_only.py for tasks to queue
[2023-06-15T18:46:26.275+0000] {logging_mixin.py:137} INFO - [2023-06-15T18:46:26.275+0000] {dagbag.py:538} INFO - Filling up the DagBag from /home/airflow/.local/lib/python3.7/site-packages/airflow/example_dags/example_latest_only.py
[2023-06-15T18:46:26.287+0000] {processor.py:753} INFO - DAG(s) dict_keys(['latest_only']) retrieved from /home/airflow/.local/lib/python3.7/site-packages/airflow/example_dags/example_latest_only.py
[2023-06-15T18:46:26.311+0000] {logging_mixin.py:137} INFO - [2023-06-15T18:46:26.311+0000] {dag.py:2690} INFO - Sync 1 DAGs
[2023-06-15T18:46:26.330+0000] {logging_mixin.py:137} INFO - [2023-06-15T18:46:26.330+0000] {dag.py:3441} INFO - Setting next_dagrun for latest_only to 2023-06-15T14:46:26.329842+00:00, run_after=2023-06-15T18:46:26.329842+00:00
[2023-06-15T18:46:26.344+0000] {processor.py:175} INFO - Processing /home/airflow/.local/lib/python3.7/site-packages/airflow/example_dags/example_latest_only.py took 0.075 seconds
[2023-06-15T18:46:57.216+0000] {processor.py:153} INFO - Started process (PID=2596) to work on /home/airflow/.local/lib/python3.7/site-packages/airflow/example_dags/example_latest_only.py
[2023-06-15T18:46:57.218+0000] {processor.py:743} INFO - Processing file /home/airflow/.local/lib/python3.7/site-packages/airflow/example_dags/example_latest_only.py for tasks to queue
[2023-06-15T18:46:57.219+0000] {logging_mixin.py:137} INFO - [2023-06-15T18:46:57.219+0000] {dagbag.py:538} INFO - Filling up the DagBag from /home/airflow/.local/lib/python3.7/site-packages/airflow/example_dags/example_latest_only.py
[2023-06-15T18:46:57.230+0000] {processor.py:753} INFO - DAG(s) dict_keys(['latest_only']) retrieved from /home/airflow/.local/lib/python3.7/site-packages/airflow/example_dags/example_latest_only.py
[2023-06-15T18:46:57.255+0000] {logging_mixin.py:137} INFO - [2023-06-15T18:46:57.254+0000] {dag.py:2690} INFO - Sync 1 DAGs
[2023-06-15T18:46:57.274+0000] {logging_mixin.py:137} INFO - [2023-06-15T18:46:57.274+0000] {dag.py:3441} INFO - Setting next_dagrun for latest_only to 2023-06-15T14:46:57.274397+00:00, run_after=2023-06-15T18:46:57.274397+00:00
[2023-06-15T18:46:57.289+0000] {processor.py:175} INFO - Processing /home/airflow/.local/lib/python3.7/site-packages/airflow/example_dags/example_latest_only.py took 0.076 seconds
[2023-06-15T18:47:27.413+0000] {processor.py:153} INFO - Started process (PID=2673) to work on /home/airflow/.local/lib/python3.7/site-packages/airflow/example_dags/example_latest_only.py
[2023-06-15T18:47:27.414+0000] {processor.py:743} INFO - Processing file /home/airflow/.local/lib/python3.7/site-packages/airflow/example_dags/example_latest_only.py for tasks to queue
[2023-06-15T18:47:27.415+0000] {logging_mixin.py:137} INFO - [2023-06-15T18:47:27.415+0000] {dagbag.py:538} INFO - Filling up the DagBag from /home/airflow/.local/lib/python3.7/site-packages/airflow/example_dags/example_latest_only.py
[2023-06-15T18:47:27.429+0000] {processor.py:753} INFO - DAG(s) dict_keys(['latest_only']) retrieved from /home/airflow/.local/lib/python3.7/site-packages/airflow/example_dags/example_latest_only.py
[2023-06-15T18:47:27.456+0000] {logging_mixin.py:137} INFO - [2023-06-15T18:47:27.456+0000] {dag.py:2690} INFO - Sync 1 DAGs
[2023-06-15T18:47:27.478+0000] {logging_mixin.py:137} INFO - [2023-06-15T18:47:27.478+0000] {dag.py:3441} INFO - Setting next_dagrun for latest_only to 2023-06-15T14:47:27.478280+00:00, run_after=2023-06-15T18:47:27.478280+00:00
[2023-06-15T18:47:27.492+0000] {processor.py:175} INFO - Processing /home/airflow/.local/lib/python3.7/site-packages/airflow/example_dags/example_latest_only.py took 0.082 seconds
[2023-06-15T18:47:58.067+0000] {processor.py:153} INFO - Started process (PID=2750) to work on /home/airflow/.local/lib/python3.7/site-packages/airflow/example_dags/example_latest_only.py
[2023-06-15T18:47:58.068+0000] {processor.py:743} INFO - Processing file /home/airflow/.local/lib/python3.7/site-packages/airflow/example_dags/example_latest_only.py for tasks to queue
[2023-06-15T18:47:58.069+0000] {logging_mixin.py:137} INFO - [2023-06-15T18:47:58.069+0000] {dagbag.py:538} INFO - Filling up the DagBag from /home/airflow/.local/lib/python3.7/site-packages/airflow/example_dags/example_latest_only.py
[2023-06-15T18:47:58.080+0000] {processor.py:753} INFO - DAG(s) dict_keys(['latest_only']) retrieved from /home/airflow/.local/lib/python3.7/site-packages/airflow/example_dags/example_latest_only.py
[2023-06-15T18:47:58.104+0000] {logging_mixin.py:137} INFO - [2023-06-15T18:47:58.104+0000] {dag.py:2690} INFO - Sync 1 DAGs
[2023-06-15T18:47:58.124+0000] {logging_mixin.py:137} INFO - [2023-06-15T18:47:58.124+0000] {dag.py:3441} INFO - Setting next_dagrun for latest_only to 2023-06-15T14:47:58.124590+00:00, run_after=2023-06-15T18:47:58.124590+00:00
[2023-06-15T18:47:58.139+0000] {processor.py:175} INFO - Processing /home/airflow/.local/lib/python3.7/site-packages/airflow/example_dags/example_latest_only.py took 0.075 seconds
[2023-06-15T18:48:31.368+0000] {processor.py:153} INFO - Started process (PID=2815) to work on /home/airflow/.local/lib/python3.7/site-packages/airflow/example_dags/example_latest_only.py
[2023-06-15T18:48:31.370+0000] {processor.py:743} INFO - Processing file /home/airflow/.local/lib/python3.7/site-packages/airflow/example_dags/example_latest_only.py for tasks to queue
[2023-06-15T18:48:31.371+0000] {logging_mixin.py:137} INFO - [2023-06-15T18:48:31.371+0000] {dagbag.py:538} INFO - Filling up the DagBag from /home/airflow/.local/lib/python3.7/site-packages/airflow/example_dags/example_latest_only.py
[2023-06-15T18:48:31.383+0000] {processor.py:753} INFO - DAG(s) dict_keys(['latest_only']) retrieved from /home/airflow/.local/lib/python3.7/site-packages/airflow/example_dags/example_latest_only.py
[2023-06-15T18:48:31.406+0000] {logging_mixin.py:137} INFO - [2023-06-15T18:48:31.406+0000] {dag.py:2690} INFO - Sync 1 DAGs
[2023-06-15T18:48:31.426+0000] {logging_mixin.py:137} INFO - [2023-06-15T18:48:31.426+0000] {dag.py:3441} INFO - Setting next_dagrun for latest_only to 2023-06-15T14:48:31.425759+00:00, run_after=2023-06-15T18:48:31.425759+00:00
[2023-06-15T18:48:31.439+0000] {processor.py:175} INFO - Processing /home/airflow/.local/lib/python3.7/site-packages/airflow/example_dags/example_latest_only.py took 0.075 seconds
[2023-06-15T18:49:02.580+0000] {processor.py:153} INFO - Started process (PID=2880) to work on /home/airflow/.local/lib/python3.7/site-packages/airflow/example_dags/example_latest_only.py
[2023-06-15T18:49:02.582+0000] {processor.py:743} INFO - Processing file /home/airflow/.local/lib/python3.7/site-packages/airflow/example_dags/example_latest_only.py for tasks to queue
[2023-06-15T18:49:02.584+0000] {logging_mixin.py:137} INFO - [2023-06-15T18:49:02.583+0000] {dagbag.py:538} INFO - Filling up the DagBag from /home/airflow/.local/lib/python3.7/site-packages/airflow/example_dags/example_latest_only.py
[2023-06-15T18:49:02.596+0000] {processor.py:753} INFO - DAG(s) dict_keys(['latest_only']) retrieved from /home/airflow/.local/lib/python3.7/site-packages/airflow/example_dags/example_latest_only.py
[2023-06-15T18:49:02.626+0000] {logging_mixin.py:137} INFO - [2023-06-15T18:49:02.626+0000] {dag.py:2690} INFO - Sync 1 DAGs
[2023-06-15T18:49:02.649+0000] {logging_mixin.py:137} INFO - [2023-06-15T18:49:02.648+0000] {dag.py:3441} INFO - Setting next_dagrun for latest_only to 2023-06-15T14:49:02.648541+00:00, run_after=2023-06-15T18:49:02.648541+00:00
[2023-06-15T18:49:02.675+0000] {processor.py:175} INFO - Processing /home/airflow/.local/lib/python3.7/site-packages/airflow/example_dags/example_latest_only.py took 0.103 seconds
