[2023-06-15T18:02:01.355+0000] {processor.py:153} INFO - Started process (PID=56) to work on /home/airflow/.local/lib/python3.7/site-packages/airflow/example_dags/example_task_group.py
[2023-06-15T18:02:01.374+0000] {processor.py:743} INFO - Processing file /home/airflow/.local/lib/python3.7/site-packages/airflow/example_dags/example_task_group.py for tasks to queue
[2023-06-15T18:02:01.378+0000] {logging_mixin.py:137} INFO - [2023-06-15T18:02:01.378+0000] {dagbag.py:538} INFO - Filling up the DagBag from /home/airflow/.local/lib/python3.7/site-packages/airflow/example_dags/example_task_group.py
[2023-06-15T18:02:01.449+0000] {processor.py:753} INFO - DAG(s) dict_keys(['example_task_group']) retrieved from /home/airflow/.local/lib/python3.7/site-packages/airflow/example_dags/example_task_group.py
[2023-06-15T18:02:01.499+0000] {logging_mixin.py:137} INFO - [2023-06-15T18:02:01.499+0000] {dag.py:2690} INFO - Sync 1 DAGs
[2023-06-15T18:02:01.567+0000] {logging_mixin.py:137} INFO - [2023-06-15T18:02:01.567+0000] {dag.py:3441} INFO - Setting next_dagrun for example_task_group to 2023-06-14T18:02:01.567322+00:00, run_after=2023-06-15T18:02:01.567322+00:00
[2023-06-15T18:02:01.619+0000] {processor.py:175} INFO - Processing /home/airflow/.local/lib/python3.7/site-packages/airflow/example_dags/example_task_group.py took 0.294 seconds
[2023-06-15T18:02:32.469+0000] {processor.py:153} INFO - Started process (PID=120) to work on /home/airflow/.local/lib/python3.7/site-packages/airflow/example_dags/example_task_group.py
[2023-06-15T18:02:32.472+0000] {processor.py:743} INFO - Processing file /home/airflow/.local/lib/python3.7/site-packages/airflow/example_dags/example_task_group.py for tasks to queue
[2023-06-15T18:02:32.474+0000] {logging_mixin.py:137} INFO - [2023-06-15T18:02:32.473+0000] {dagbag.py:538} INFO - Filling up the DagBag from /home/airflow/.local/lib/python3.7/site-packages/airflow/example_dags/example_task_group.py
[2023-06-15T18:02:32.495+0000] {processor.py:753} INFO - DAG(s) dict_keys(['example_task_group']) retrieved from /home/airflow/.local/lib/python3.7/site-packages/airflow/example_dags/example_task_group.py
[2023-06-15T18:02:32.520+0000] {logging_mixin.py:137} INFO - [2023-06-15T18:02:32.520+0000] {dag.py:2690} INFO - Sync 1 DAGs
[2023-06-15T18:02:32.540+0000] {logging_mixin.py:137} INFO - [2023-06-15T18:02:32.539+0000] {dag.py:3441} INFO - Setting next_dagrun for example_task_group to 2023-06-14T18:02:32.539670+00:00, run_after=2023-06-15T18:02:32.539670+00:00
[2023-06-15T18:02:32.555+0000] {processor.py:175} INFO - Processing /home/airflow/.local/lib/python3.7/site-packages/airflow/example_dags/example_task_group.py took 0.092 seconds
[2023-06-15T18:03:03.373+0000] {processor.py:153} INFO - Started process (PID=196) to work on /home/airflow/.local/lib/python3.7/site-packages/airflow/example_dags/example_task_group.py
[2023-06-15T18:03:03.375+0000] {processor.py:743} INFO - Processing file /home/airflow/.local/lib/python3.7/site-packages/airflow/example_dags/example_task_group.py for tasks to queue
[2023-06-15T18:03:03.376+0000] {logging_mixin.py:137} INFO - [2023-06-15T18:03:03.376+0000] {dagbag.py:538} INFO - Filling up the DagBag from /home/airflow/.local/lib/python3.7/site-packages/airflow/example_dags/example_task_group.py
[2023-06-15T18:03:03.391+0000] {processor.py:753} INFO - DAG(s) dict_keys(['example_task_group']) retrieved from /home/airflow/.local/lib/python3.7/site-packages/airflow/example_dags/example_task_group.py
[2023-06-15T18:03:03.423+0000] {logging_mixin.py:137} INFO - [2023-06-15T18:03:03.423+0000] {dag.py:2690} INFO - Sync 1 DAGs
[2023-06-15T18:03:03.454+0000] {logging_mixin.py:137} INFO - [2023-06-15T18:03:03.454+0000] {dag.py:3441} INFO - Setting next_dagrun for example_task_group to 2023-06-14T18:03:03.454378+00:00, run_after=2023-06-15T18:03:03.454378+00:00
[2023-06-15T18:03:03.472+0000] {processor.py:175} INFO - Processing /home/airflow/.local/lib/python3.7/site-packages/airflow/example_dags/example_task_group.py took 0.103 seconds
[2023-06-15T18:03:34.184+0000] {processor.py:153} INFO - Started process (PID=261) to work on /home/airflow/.local/lib/python3.7/site-packages/airflow/example_dags/example_task_group.py
[2023-06-15T18:03:34.187+0000] {processor.py:743} INFO - Processing file /home/airflow/.local/lib/python3.7/site-packages/airflow/example_dags/example_task_group.py for tasks to queue
[2023-06-15T18:03:34.189+0000] {logging_mixin.py:137} INFO - [2023-06-15T18:03:34.188+0000] {dagbag.py:538} INFO - Filling up the DagBag from /home/airflow/.local/lib/python3.7/site-packages/airflow/example_dags/example_task_group.py
[2023-06-15T18:03:34.211+0000] {processor.py:753} INFO - DAG(s) dict_keys(['example_task_group']) retrieved from /home/airflow/.local/lib/python3.7/site-packages/airflow/example_dags/example_task_group.py
[2023-06-15T18:03:34.241+0000] {logging_mixin.py:137} INFO - [2023-06-15T18:03:34.241+0000] {dag.py:2690} INFO - Sync 1 DAGs
[2023-06-15T18:03:34.262+0000] {logging_mixin.py:137} INFO - [2023-06-15T18:03:34.262+0000] {dag.py:3441} INFO - Setting next_dagrun for example_task_group to 2023-06-14T18:03:34.262515+00:00, run_after=2023-06-15T18:03:34.262515+00:00
[2023-06-15T18:03:34.278+0000] {processor.py:175} INFO - Processing /home/airflow/.local/lib/python3.7/site-packages/airflow/example_dags/example_task_group.py took 0.099 seconds
[2023-06-15T18:04:05.021+0000] {processor.py:153} INFO - Started process (PID=338) to work on /home/airflow/.local/lib/python3.7/site-packages/airflow/example_dags/example_task_group.py
[2023-06-15T18:04:05.023+0000] {processor.py:743} INFO - Processing file /home/airflow/.local/lib/python3.7/site-packages/airflow/example_dags/example_task_group.py for tasks to queue
[2023-06-15T18:04:05.024+0000] {logging_mixin.py:137} INFO - [2023-06-15T18:04:05.024+0000] {dagbag.py:538} INFO - Filling up the DagBag from /home/airflow/.local/lib/python3.7/site-packages/airflow/example_dags/example_task_group.py
[2023-06-15T18:04:05.041+0000] {processor.py:753} INFO - DAG(s) dict_keys(['example_task_group']) retrieved from /home/airflow/.local/lib/python3.7/site-packages/airflow/example_dags/example_task_group.py
[2023-06-15T18:04:05.065+0000] {logging_mixin.py:137} INFO - [2023-06-15T18:04:05.065+0000] {dag.py:2690} INFO - Sync 1 DAGs
[2023-06-15T18:04:05.084+0000] {logging_mixin.py:137} INFO - [2023-06-15T18:04:05.084+0000] {dag.py:3441} INFO - Setting next_dagrun for example_task_group to 2023-06-14T18:04:05.083920+00:00, run_after=2023-06-15T18:04:05.083920+00:00
[2023-06-15T18:04:05.098+0000] {processor.py:175} INFO - Processing /home/airflow/.local/lib/python3.7/site-packages/airflow/example_dags/example_task_group.py took 0.082 seconds
[2023-06-15T18:04:35.492+0000] {processor.py:153} INFO - Started process (PID=402) to work on /home/airflow/.local/lib/python3.7/site-packages/airflow/example_dags/example_task_group.py
[2023-06-15T18:04:35.494+0000] {processor.py:743} INFO - Processing file /home/airflow/.local/lib/python3.7/site-packages/airflow/example_dags/example_task_group.py for tasks to queue
[2023-06-15T18:04:35.495+0000] {logging_mixin.py:137} INFO - [2023-06-15T18:04:35.495+0000] {dagbag.py:538} INFO - Filling up the DagBag from /home/airflow/.local/lib/python3.7/site-packages/airflow/example_dags/example_task_group.py
[2023-06-15T18:04:35.515+0000] {processor.py:753} INFO - DAG(s) dict_keys(['example_task_group']) retrieved from /home/airflow/.local/lib/python3.7/site-packages/airflow/example_dags/example_task_group.py
[2023-06-15T18:04:35.547+0000] {logging_mixin.py:137} INFO - [2023-06-15T18:04:35.546+0000] {dag.py:2690} INFO - Sync 1 DAGs
[2023-06-15T18:04:35.566+0000] {logging_mixin.py:137} INFO - [2023-06-15T18:04:35.566+0000] {dag.py:3441} INFO - Setting next_dagrun for example_task_group to 2023-06-14T18:04:35.566563+00:00, run_after=2023-06-15T18:04:35.566563+00:00
[2023-06-15T18:04:35.583+0000] {processor.py:175} INFO - Processing /home/airflow/.local/lib/python3.7/site-packages/airflow/example_dags/example_task_group.py took 0.097 seconds
[2023-06-15T18:05:06.317+0000] {processor.py:153} INFO - Started process (PID=479) to work on /home/airflow/.local/lib/python3.7/site-packages/airflow/example_dags/example_task_group.py
[2023-06-15T18:05:06.321+0000] {processor.py:743} INFO - Processing file /home/airflow/.local/lib/python3.7/site-packages/airflow/example_dags/example_task_group.py for tasks to queue
[2023-06-15T18:05:06.322+0000] {logging_mixin.py:137} INFO - [2023-06-15T18:05:06.322+0000] {dagbag.py:538} INFO - Filling up the DagBag from /home/airflow/.local/lib/python3.7/site-packages/airflow/example_dags/example_task_group.py
[2023-06-15T18:05:06.341+0000] {processor.py:753} INFO - DAG(s) dict_keys(['example_task_group']) retrieved from /home/airflow/.local/lib/python3.7/site-packages/airflow/example_dags/example_task_group.py
[2023-06-15T18:05:06.364+0000] {logging_mixin.py:137} INFO - [2023-06-15T18:05:06.364+0000] {dag.py:2690} INFO - Sync 1 DAGs
[2023-06-15T18:05:06.382+0000] {logging_mixin.py:137} INFO - [2023-06-15T18:05:06.382+0000] {dag.py:3441} INFO - Setting next_dagrun for example_task_group to 2023-06-14T18:05:06.382416+00:00, run_after=2023-06-15T18:05:06.382416+00:00
[2023-06-15T18:05:06.395+0000] {processor.py:175} INFO - Processing /home/airflow/.local/lib/python3.7/site-packages/airflow/example_dags/example_task_group.py took 0.084 seconds
[2023-06-15T18:05:37.050+0000] {processor.py:153} INFO - Started process (PID=554) to work on /home/airflow/.local/lib/python3.7/site-packages/airflow/example_dags/example_task_group.py
[2023-06-15T18:05:37.052+0000] {processor.py:743} INFO - Processing file /home/airflow/.local/lib/python3.7/site-packages/airflow/example_dags/example_task_group.py for tasks to queue
[2023-06-15T18:05:37.053+0000] {logging_mixin.py:137} INFO - [2023-06-15T18:05:37.053+0000] {dagbag.py:538} INFO - Filling up the DagBag from /home/airflow/.local/lib/python3.7/site-packages/airflow/example_dags/example_task_group.py
[2023-06-15T18:05:37.071+0000] {processor.py:753} INFO - DAG(s) dict_keys(['example_task_group']) retrieved from /home/airflow/.local/lib/python3.7/site-packages/airflow/example_dags/example_task_group.py
[2023-06-15T18:05:37.096+0000] {logging_mixin.py:137} INFO - [2023-06-15T18:05:37.096+0000] {dag.py:2690} INFO - Sync 1 DAGs
[2023-06-15T18:05:37.115+0000] {logging_mixin.py:137} INFO - [2023-06-15T18:05:37.115+0000] {dag.py:3441} INFO - Setting next_dagrun for example_task_group to 2023-06-14T18:05:37.114881+00:00, run_after=2023-06-15T18:05:37.114881+00:00
[2023-06-15T18:05:37.128+0000] {processor.py:175} INFO - Processing /home/airflow/.local/lib/python3.7/site-packages/airflow/example_dags/example_task_group.py took 0.082 seconds
[2023-06-15T18:06:07.740+0000] {processor.py:153} INFO - Started process (PID=619) to work on /home/airflow/.local/lib/python3.7/site-packages/airflow/example_dags/example_task_group.py
[2023-06-15T18:06:07.742+0000] {processor.py:743} INFO - Processing file /home/airflow/.local/lib/python3.7/site-packages/airflow/example_dags/example_task_group.py for tasks to queue
[2023-06-15T18:06:07.743+0000] {logging_mixin.py:137} INFO - [2023-06-15T18:06:07.742+0000] {dagbag.py:538} INFO - Filling up the DagBag from /home/airflow/.local/lib/python3.7/site-packages/airflow/example_dags/example_task_group.py
[2023-06-15T18:06:07.757+0000] {processor.py:753} INFO - DAG(s) dict_keys(['example_task_group']) retrieved from /home/airflow/.local/lib/python3.7/site-packages/airflow/example_dags/example_task_group.py
[2023-06-15T18:06:07.782+0000] {logging_mixin.py:137} INFO - [2023-06-15T18:06:07.782+0000] {dag.py:2690} INFO - Sync 1 DAGs
[2023-06-15T18:06:07.802+0000] {logging_mixin.py:137} INFO - [2023-06-15T18:06:07.802+0000] {dag.py:3441} INFO - Setting next_dagrun for example_task_group to 2023-06-14T18:06:07.802371+00:00, run_after=2023-06-15T18:06:07.802371+00:00
[2023-06-15T18:06:07.816+0000] {processor.py:175} INFO - Processing /home/airflow/.local/lib/python3.7/site-packages/airflow/example_dags/example_task_group.py took 0.080 seconds
[2023-06-15T18:06:38.089+0000] {processor.py:153} INFO - Started process (PID=694) to work on /home/airflow/.local/lib/python3.7/site-packages/airflow/example_dags/example_task_group.py
[2023-06-15T18:06:38.091+0000] {processor.py:743} INFO - Processing file /home/airflow/.local/lib/python3.7/site-packages/airflow/example_dags/example_task_group.py for tasks to queue
[2023-06-15T18:06:38.092+0000] {logging_mixin.py:137} INFO - [2023-06-15T18:06:38.092+0000] {dagbag.py:538} INFO - Filling up the DagBag from /home/airflow/.local/lib/python3.7/site-packages/airflow/example_dags/example_task_group.py
[2023-06-15T18:06:38.107+0000] {processor.py:753} INFO - DAG(s) dict_keys(['example_task_group']) retrieved from /home/airflow/.local/lib/python3.7/site-packages/airflow/example_dags/example_task_group.py
[2023-06-15T18:06:38.131+0000] {logging_mixin.py:137} INFO - [2023-06-15T18:06:38.131+0000] {dag.py:2690} INFO - Sync 1 DAGs
[2023-06-15T18:06:38.152+0000] {logging_mixin.py:137} INFO - [2023-06-15T18:06:38.152+0000] {dag.py:3441} INFO - Setting next_dagrun for example_task_group to 2023-06-14T18:06:38.152042+00:00, run_after=2023-06-15T18:06:38.152042+00:00
[2023-06-15T18:06:38.168+0000] {processor.py:175} INFO - Processing /home/airflow/.local/lib/python3.7/site-packages/airflow/example_dags/example_task_group.py took 0.083 seconds
[2023-06-15T18:07:08.560+0000] {processor.py:153} INFO - Started process (PID=766) to work on /home/airflow/.local/lib/python3.7/site-packages/airflow/example_dags/example_task_group.py
[2023-06-15T18:07:08.565+0000] {processor.py:743} INFO - Processing file /home/airflow/.local/lib/python3.7/site-packages/airflow/example_dags/example_task_group.py for tasks to queue
[2023-06-15T18:07:08.566+0000] {logging_mixin.py:137} INFO - [2023-06-15T18:07:08.566+0000] {dagbag.py:538} INFO - Filling up the DagBag from /home/airflow/.local/lib/python3.7/site-packages/airflow/example_dags/example_task_group.py
[2023-06-15T18:07:08.580+0000] {processor.py:753} INFO - DAG(s) dict_keys(['example_task_group']) retrieved from /home/airflow/.local/lib/python3.7/site-packages/airflow/example_dags/example_task_group.py
[2023-06-15T18:07:08.604+0000] {logging_mixin.py:137} INFO - [2023-06-15T18:07:08.603+0000] {dag.py:2690} INFO - Sync 1 DAGs
[2023-06-15T18:07:08.623+0000] {logging_mixin.py:137} INFO - [2023-06-15T18:07:08.623+0000] {dag.py:3441} INFO - Setting next_dagrun for example_task_group to 2023-06-14T18:07:08.623167+00:00, run_after=2023-06-15T18:07:08.623167+00:00
[2023-06-15T18:07:08.637+0000] {processor.py:175} INFO - Processing /home/airflow/.local/lib/python3.7/site-packages/airflow/example_dags/example_task_group.py took 0.081 seconds
[2023-06-15T18:07:39.371+0000] {processor.py:153} INFO - Started process (PID=836) to work on /home/airflow/.local/lib/python3.7/site-packages/airflow/example_dags/example_task_group.py
[2023-06-15T18:07:39.374+0000] {processor.py:743} INFO - Processing file /home/airflow/.local/lib/python3.7/site-packages/airflow/example_dags/example_task_group.py for tasks to queue
[2023-06-15T18:07:39.376+0000] {logging_mixin.py:137} INFO - [2023-06-15T18:07:39.376+0000] {dagbag.py:538} INFO - Filling up the DagBag from /home/airflow/.local/lib/python3.7/site-packages/airflow/example_dags/example_task_group.py
[2023-06-15T18:07:39.390+0000] {processor.py:753} INFO - DAG(s) dict_keys(['example_task_group']) retrieved from /home/airflow/.local/lib/python3.7/site-packages/airflow/example_dags/example_task_group.py
[2023-06-15T18:07:39.416+0000] {logging_mixin.py:137} INFO - [2023-06-15T18:07:39.415+0000] {dag.py:2690} INFO - Sync 1 DAGs
[2023-06-15T18:07:39.435+0000] {logging_mixin.py:137} INFO - [2023-06-15T18:07:39.434+0000] {dag.py:3441} INFO - Setting next_dagrun for example_task_group to 2023-06-14T18:07:39.434632+00:00, run_after=2023-06-15T18:07:39.434632+00:00
[2023-06-15T18:07:39.448+0000] {processor.py:175} INFO - Processing /home/airflow/.local/lib/python3.7/site-packages/airflow/example_dags/example_task_group.py took 0.081 seconds
[2023-06-15T18:08:09.684+0000] {processor.py:153} INFO - Started process (PID=912) to work on /home/airflow/.local/lib/python3.7/site-packages/airflow/example_dags/example_task_group.py
[2023-06-15T18:08:09.685+0000] {processor.py:743} INFO - Processing file /home/airflow/.local/lib/python3.7/site-packages/airflow/example_dags/example_task_group.py for tasks to queue
[2023-06-15T18:08:09.687+0000] {logging_mixin.py:137} INFO - [2023-06-15T18:08:09.687+0000] {dagbag.py:538} INFO - Filling up the DagBag from /home/airflow/.local/lib/python3.7/site-packages/airflow/example_dags/example_task_group.py
[2023-06-15T18:08:09.702+0000] {processor.py:753} INFO - DAG(s) dict_keys(['example_task_group']) retrieved from /home/airflow/.local/lib/python3.7/site-packages/airflow/example_dags/example_task_group.py
[2023-06-15T18:08:09.729+0000] {logging_mixin.py:137} INFO - [2023-06-15T18:08:09.729+0000] {dag.py:2690} INFO - Sync 1 DAGs
[2023-06-15T18:08:09.750+0000] {logging_mixin.py:137} INFO - [2023-06-15T18:08:09.750+0000] {dag.py:3441} INFO - Setting next_dagrun for example_task_group to 2023-06-14T18:08:09.750015+00:00, run_after=2023-06-15T18:08:09.750015+00:00
[2023-06-15T18:08:09.768+0000] {processor.py:175} INFO - Processing /home/airflow/.local/lib/python3.7/site-packages/airflow/example_dags/example_task_group.py took 0.087 seconds
[2023-06-15T18:08:40.642+0000] {processor.py:153} INFO - Started process (PID=976) to work on /home/airflow/.local/lib/python3.7/site-packages/airflow/example_dags/example_task_group.py
[2023-06-15T18:08:40.644+0000] {processor.py:743} INFO - Processing file /home/airflow/.local/lib/python3.7/site-packages/airflow/example_dags/example_task_group.py for tasks to queue
[2023-06-15T18:08:40.647+0000] {logging_mixin.py:137} INFO - [2023-06-15T18:08:40.646+0000] {dagbag.py:538} INFO - Filling up the DagBag from /home/airflow/.local/lib/python3.7/site-packages/airflow/example_dags/example_task_group.py
[2023-06-15T18:08:40.685+0000] {processor.py:753} INFO - DAG(s) dict_keys(['example_task_group']) retrieved from /home/airflow/.local/lib/python3.7/site-packages/airflow/example_dags/example_task_group.py
[2023-06-15T18:08:40.714+0000] {logging_mixin.py:137} INFO - [2023-06-15T18:08:40.714+0000] {dag.py:2690} INFO - Sync 1 DAGs
[2023-06-15T18:08:40.739+0000] {logging_mixin.py:137} INFO - [2023-06-15T18:08:40.739+0000] {dag.py:3441} INFO - Setting next_dagrun for example_task_group to 2023-06-14T18:08:40.738843+00:00, run_after=2023-06-15T18:08:40.738843+00:00
[2023-06-15T18:08:40.755+0000] {processor.py:175} INFO - Processing /home/airflow/.local/lib/python3.7/site-packages/airflow/example_dags/example_task_group.py took 0.118 seconds
[2023-06-15T18:09:11.238+0000] {processor.py:153} INFO - Started process (PID=1052) to work on /home/airflow/.local/lib/python3.7/site-packages/airflow/example_dags/example_task_group.py
[2023-06-15T18:09:11.240+0000] {processor.py:743} INFO - Processing file /home/airflow/.local/lib/python3.7/site-packages/airflow/example_dags/example_task_group.py for tasks to queue
[2023-06-15T18:09:11.241+0000] {logging_mixin.py:137} INFO - [2023-06-15T18:09:11.241+0000] {dagbag.py:538} INFO - Filling up the DagBag from /home/airflow/.local/lib/python3.7/site-packages/airflow/example_dags/example_task_group.py
[2023-06-15T18:09:11.256+0000] {processor.py:753} INFO - DAG(s) dict_keys(['example_task_group']) retrieved from /home/airflow/.local/lib/python3.7/site-packages/airflow/example_dags/example_task_group.py
[2023-06-15T18:09:11.280+0000] {logging_mixin.py:137} INFO - [2023-06-15T18:09:11.280+0000] {dag.py:2690} INFO - Sync 1 DAGs
[2023-06-15T18:09:11.299+0000] {logging_mixin.py:137} INFO - [2023-06-15T18:09:11.299+0000] {dag.py:3441} INFO - Setting next_dagrun for example_task_group to 2023-06-14T18:09:11.299123+00:00, run_after=2023-06-15T18:09:11.299123+00:00
[2023-06-15T18:09:11.313+0000] {processor.py:175} INFO - Processing /home/airflow/.local/lib/python3.7/site-packages/airflow/example_dags/example_task_group.py took 0.078 seconds
[2023-06-15T18:09:41.905+0000] {processor.py:153} INFO - Started process (PID=1128) to work on /home/airflow/.local/lib/python3.7/site-packages/airflow/example_dags/example_task_group.py
[2023-06-15T18:09:41.906+0000] {processor.py:743} INFO - Processing file /home/airflow/.local/lib/python3.7/site-packages/airflow/example_dags/example_task_group.py for tasks to queue
[2023-06-15T18:09:41.908+0000] {logging_mixin.py:137} INFO - [2023-06-15T18:09:41.908+0000] {dagbag.py:538} INFO - Filling up the DagBag from /home/airflow/.local/lib/python3.7/site-packages/airflow/example_dags/example_task_group.py
[2023-06-15T18:09:41.922+0000] {processor.py:753} INFO - DAG(s) dict_keys(['example_task_group']) retrieved from /home/airflow/.local/lib/python3.7/site-packages/airflow/example_dags/example_task_group.py
[2023-06-15T18:09:41.946+0000] {logging_mixin.py:137} INFO - [2023-06-15T18:09:41.946+0000] {dag.py:2690} INFO - Sync 1 DAGs
[2023-06-15T18:09:41.965+0000] {logging_mixin.py:137} INFO - [2023-06-15T18:09:41.965+0000] {dag.py:3441} INFO - Setting next_dagrun for example_task_group to 2023-06-14T18:09:41.964944+00:00, run_after=2023-06-15T18:09:41.964944+00:00
[2023-06-15T18:09:41.978+0000] {processor.py:175} INFO - Processing /home/airflow/.local/lib/python3.7/site-packages/airflow/example_dags/example_task_group.py took 0.076 seconds
[2023-06-15T18:10:12.483+0000] {processor.py:153} INFO - Started process (PID=1192) to work on /home/airflow/.local/lib/python3.7/site-packages/airflow/example_dags/example_task_group.py
[2023-06-15T18:10:12.487+0000] {processor.py:743} INFO - Processing file /home/airflow/.local/lib/python3.7/site-packages/airflow/example_dags/example_task_group.py for tasks to queue
[2023-06-15T18:10:12.488+0000] {logging_mixin.py:137} INFO - [2023-06-15T18:10:12.488+0000] {dagbag.py:538} INFO - Filling up the DagBag from /home/airflow/.local/lib/python3.7/site-packages/airflow/example_dags/example_task_group.py
[2023-06-15T18:10:12.503+0000] {processor.py:753} INFO - DAG(s) dict_keys(['example_task_group']) retrieved from /home/airflow/.local/lib/python3.7/site-packages/airflow/example_dags/example_task_group.py
[2023-06-15T18:10:12.527+0000] {logging_mixin.py:137} INFO - [2023-06-15T18:10:12.527+0000] {dag.py:2690} INFO - Sync 1 DAGs
[2023-06-15T18:10:12.546+0000] {logging_mixin.py:137} INFO - [2023-06-15T18:10:12.546+0000] {dag.py:3441} INFO - Setting next_dagrun for example_task_group to 2023-06-14T18:10:12.546343+00:00, run_after=2023-06-15T18:10:12.546343+00:00
[2023-06-15T18:10:12.562+0000] {processor.py:175} INFO - Processing /home/airflow/.local/lib/python3.7/site-packages/airflow/example_dags/example_task_group.py took 0.082 seconds
[2023-06-15T18:10:43.436+0000] {processor.py:153} INFO - Started process (PID=1268) to work on /home/airflow/.local/lib/python3.7/site-packages/airflow/example_dags/example_task_group.py
[2023-06-15T18:10:43.437+0000] {processor.py:743} INFO - Processing file /home/airflow/.local/lib/python3.7/site-packages/airflow/example_dags/example_task_group.py for tasks to queue
[2023-06-15T18:10:43.438+0000] {logging_mixin.py:137} INFO - [2023-06-15T18:10:43.438+0000] {dagbag.py:538} INFO - Filling up the DagBag from /home/airflow/.local/lib/python3.7/site-packages/airflow/example_dags/example_task_group.py
[2023-06-15T18:10:43.453+0000] {processor.py:753} INFO - DAG(s) dict_keys(['example_task_group']) retrieved from /home/airflow/.local/lib/python3.7/site-packages/airflow/example_dags/example_task_group.py
[2023-06-15T18:10:43.477+0000] {logging_mixin.py:137} INFO - [2023-06-15T18:10:43.477+0000] {dag.py:2690} INFO - Sync 1 DAGs
[2023-06-15T18:10:43.496+0000] {logging_mixin.py:137} INFO - [2023-06-15T18:10:43.496+0000] {dag.py:3441} INFO - Setting next_dagrun for example_task_group to 2023-06-14T18:10:43.496148+00:00, run_after=2023-06-15T18:10:43.496148+00:00
[2023-06-15T18:10:43.510+0000] {processor.py:175} INFO - Processing /home/airflow/.local/lib/python3.7/site-packages/airflow/example_dags/example_task_group.py took 0.077 seconds
[2023-06-15T18:11:14.061+0000] {processor.py:153} INFO - Started process (PID=1344) to work on /home/airflow/.local/lib/python3.7/site-packages/airflow/example_dags/example_task_group.py
[2023-06-15T18:11:14.063+0000] {processor.py:743} INFO - Processing file /home/airflow/.local/lib/python3.7/site-packages/airflow/example_dags/example_task_group.py for tasks to queue
[2023-06-15T18:11:14.065+0000] {logging_mixin.py:137} INFO - [2023-06-15T18:11:14.064+0000] {dagbag.py:538} INFO - Filling up the DagBag from /home/airflow/.local/lib/python3.7/site-packages/airflow/example_dags/example_task_group.py
[2023-06-15T18:11:14.079+0000] {processor.py:753} INFO - DAG(s) dict_keys(['example_task_group']) retrieved from /home/airflow/.local/lib/python3.7/site-packages/airflow/example_dags/example_task_group.py
[2023-06-15T18:11:14.106+0000] {logging_mixin.py:137} INFO - [2023-06-15T18:11:14.106+0000] {dag.py:2690} INFO - Sync 1 DAGs
[2023-06-15T18:11:14.126+0000] {logging_mixin.py:137} INFO - [2023-06-15T18:11:14.126+0000] {dag.py:3441} INFO - Setting next_dagrun for example_task_group to 2023-06-14T18:11:14.126365+00:00, run_after=2023-06-15T18:11:14.126365+00:00
[2023-06-15T18:11:14.142+0000] {processor.py:175} INFO - Processing /home/airflow/.local/lib/python3.7/site-packages/airflow/example_dags/example_task_group.py took 0.084 seconds
[2023-06-15T18:11:44.500+0000] {processor.py:153} INFO - Started process (PID=1409) to work on /home/airflow/.local/lib/python3.7/site-packages/airflow/example_dags/example_task_group.py
[2023-06-15T18:11:44.501+0000] {processor.py:743} INFO - Processing file /home/airflow/.local/lib/python3.7/site-packages/airflow/example_dags/example_task_group.py for tasks to queue
[2023-06-15T18:11:44.502+0000] {logging_mixin.py:137} INFO - [2023-06-15T18:11:44.502+0000] {dagbag.py:538} INFO - Filling up the DagBag from /home/airflow/.local/lib/python3.7/site-packages/airflow/example_dags/example_task_group.py
[2023-06-15T18:11:44.515+0000] {processor.py:753} INFO - DAG(s) dict_keys(['example_task_group']) retrieved from /home/airflow/.local/lib/python3.7/site-packages/airflow/example_dags/example_task_group.py
[2023-06-15T18:11:44.540+0000] {logging_mixin.py:137} INFO - [2023-06-15T18:11:44.540+0000] {dag.py:2690} INFO - Sync 1 DAGs
[2023-06-15T18:11:44.562+0000] {logging_mixin.py:137} INFO - [2023-06-15T18:11:44.562+0000] {dag.py:3441} INFO - Setting next_dagrun for example_task_group to 2023-06-14T18:11:44.562620+00:00, run_after=2023-06-15T18:11:44.562620+00:00
[2023-06-15T18:11:44.578+0000] {processor.py:175} INFO - Processing /home/airflow/.local/lib/python3.7/site-packages/airflow/example_dags/example_task_group.py took 0.082 seconds
[2023-06-15T18:12:15.292+0000] {processor.py:153} INFO - Started process (PID=1484) to work on /home/airflow/.local/lib/python3.7/site-packages/airflow/example_dags/example_task_group.py
[2023-06-15T18:12:15.294+0000] {processor.py:743} INFO - Processing file /home/airflow/.local/lib/python3.7/site-packages/airflow/example_dags/example_task_group.py for tasks to queue
[2023-06-15T18:12:15.295+0000] {logging_mixin.py:137} INFO - [2023-06-15T18:12:15.295+0000] {dagbag.py:538} INFO - Filling up the DagBag from /home/airflow/.local/lib/python3.7/site-packages/airflow/example_dags/example_task_group.py
[2023-06-15T18:12:15.310+0000] {processor.py:753} INFO - DAG(s) dict_keys(['example_task_group']) retrieved from /home/airflow/.local/lib/python3.7/site-packages/airflow/example_dags/example_task_group.py
[2023-06-15T18:12:15.334+0000] {logging_mixin.py:137} INFO - [2023-06-15T18:12:15.334+0000] {dag.py:2690} INFO - Sync 1 DAGs
[2023-06-15T18:12:15.353+0000] {logging_mixin.py:137} INFO - [2023-06-15T18:12:15.353+0000] {dag.py:3441} INFO - Setting next_dagrun for example_task_group to 2023-06-14T18:12:15.353036+00:00, run_after=2023-06-15T18:12:15.353036+00:00
[2023-06-15T18:12:15.367+0000] {processor.py:175} INFO - Processing /home/airflow/.local/lib/python3.7/site-packages/airflow/example_dags/example_task_group.py took 0.078 seconds
[2023-06-15T18:12:45.842+0000] {processor.py:153} INFO - Started process (PID=1552) to work on /home/airflow/.local/lib/python3.7/site-packages/airflow/example_dags/example_task_group.py
[2023-06-15T18:12:45.845+0000] {processor.py:743} INFO - Processing file /home/airflow/.local/lib/python3.7/site-packages/airflow/example_dags/example_task_group.py for tasks to queue
[2023-06-15T18:12:45.846+0000] {logging_mixin.py:137} INFO - [2023-06-15T18:12:45.846+0000] {dagbag.py:538} INFO - Filling up the DagBag from /home/airflow/.local/lib/python3.7/site-packages/airflow/example_dags/example_task_group.py
[2023-06-15T18:12:45.859+0000] {processor.py:753} INFO - DAG(s) dict_keys(['example_task_group']) retrieved from /home/airflow/.local/lib/python3.7/site-packages/airflow/example_dags/example_task_group.py
[2023-06-15T18:12:45.884+0000] {logging_mixin.py:137} INFO - [2023-06-15T18:12:45.883+0000] {dag.py:2690} INFO - Sync 1 DAGs
[2023-06-15T18:12:45.902+0000] {logging_mixin.py:137} INFO - [2023-06-15T18:12:45.902+0000] {dag.py:3441} INFO - Setting next_dagrun for example_task_group to 2023-06-14T18:12:45.902143+00:00, run_after=2023-06-15T18:12:45.902143+00:00
[2023-06-15T18:12:45.915+0000] {processor.py:175} INFO - Processing /home/airflow/.local/lib/python3.7/site-packages/airflow/example_dags/example_task_group.py took 0.076 seconds
[2023-06-15T18:13:16.497+0000] {processor.py:153} INFO - Started process (PID=1630) to work on /home/airflow/.local/lib/python3.7/site-packages/airflow/example_dags/example_task_group.py
[2023-06-15T18:13:16.498+0000] {processor.py:743} INFO - Processing file /home/airflow/.local/lib/python3.7/site-packages/airflow/example_dags/example_task_group.py for tasks to queue
[2023-06-15T18:13:16.499+0000] {logging_mixin.py:137} INFO - [2023-06-15T18:13:16.499+0000] {dagbag.py:538} INFO - Filling up the DagBag from /home/airflow/.local/lib/python3.7/site-packages/airflow/example_dags/example_task_group.py
[2023-06-15T18:13:16.514+0000] {processor.py:753} INFO - DAG(s) dict_keys(['example_task_group']) retrieved from /home/airflow/.local/lib/python3.7/site-packages/airflow/example_dags/example_task_group.py
[2023-06-15T18:13:16.537+0000] {logging_mixin.py:137} INFO - [2023-06-15T18:13:16.536+0000] {dag.py:2690} INFO - Sync 1 DAGs
[2023-06-15T18:13:16.555+0000] {logging_mixin.py:137} INFO - [2023-06-15T18:13:16.555+0000] {dag.py:3441} INFO - Setting next_dagrun for example_task_group to 2023-06-14T18:13:16.555074+00:00, run_after=2023-06-15T18:13:16.555074+00:00
[2023-06-15T18:13:16.569+0000] {processor.py:175} INFO - Processing /home/airflow/.local/lib/python3.7/site-packages/airflow/example_dags/example_task_group.py took 0.075 seconds
[2023-06-15T18:13:47.380+0000] {processor.py:153} INFO - Started process (PID=1708) to work on /home/airflow/.local/lib/python3.7/site-packages/airflow/example_dags/example_task_group.py
[2023-06-15T18:13:47.382+0000] {processor.py:743} INFO - Processing file /home/airflow/.local/lib/python3.7/site-packages/airflow/example_dags/example_task_group.py for tasks to queue
[2023-06-15T18:13:47.383+0000] {logging_mixin.py:137} INFO - [2023-06-15T18:13:47.383+0000] {dagbag.py:538} INFO - Filling up the DagBag from /home/airflow/.local/lib/python3.7/site-packages/airflow/example_dags/example_task_group.py
[2023-06-15T18:13:47.398+0000] {processor.py:753} INFO - DAG(s) dict_keys(['example_task_group']) retrieved from /home/airflow/.local/lib/python3.7/site-packages/airflow/example_dags/example_task_group.py
[2023-06-15T18:13:47.421+0000] {logging_mixin.py:137} INFO - [2023-06-15T18:13:47.420+0000] {dag.py:2690} INFO - Sync 1 DAGs
[2023-06-15T18:13:47.438+0000] {logging_mixin.py:137} INFO - [2023-06-15T18:13:47.438+0000] {dag.py:3441} INFO - Setting next_dagrun for example_task_group to 2023-06-14T18:13:47.438379+00:00, run_after=2023-06-15T18:13:47.438379+00:00
[2023-06-15T18:13:47.451+0000] {processor.py:175} INFO - Processing /home/airflow/.local/lib/python3.7/site-packages/airflow/example_dags/example_task_group.py took 0.074 seconds
[2023-06-15T18:14:17.635+0000] {processor.py:153} INFO - Started process (PID=1773) to work on /home/airflow/.local/lib/python3.7/site-packages/airflow/example_dags/example_task_group.py
[2023-06-15T18:14:17.636+0000] {processor.py:743} INFO - Processing file /home/airflow/.local/lib/python3.7/site-packages/airflow/example_dags/example_task_group.py for tasks to queue
[2023-06-15T18:14:17.637+0000] {logging_mixin.py:137} INFO - [2023-06-15T18:14:17.637+0000] {dagbag.py:538} INFO - Filling up the DagBag from /home/airflow/.local/lib/python3.7/site-packages/airflow/example_dags/example_task_group.py
[2023-06-15T18:14:17.652+0000] {processor.py:753} INFO - DAG(s) dict_keys(['example_task_group']) retrieved from /home/airflow/.local/lib/python3.7/site-packages/airflow/example_dags/example_task_group.py
[2023-06-15T18:14:17.676+0000] {logging_mixin.py:137} INFO - [2023-06-15T18:14:17.675+0000] {dag.py:2690} INFO - Sync 1 DAGs
[2023-06-15T18:14:17.694+0000] {logging_mixin.py:137} INFO - [2023-06-15T18:14:17.694+0000] {dag.py:3441} INFO - Setting next_dagrun for example_task_group to 2023-06-14T18:14:17.694606+00:00, run_after=2023-06-15T18:14:17.694606+00:00
[2023-06-15T18:14:17.709+0000] {processor.py:175} INFO - Processing /home/airflow/.local/lib/python3.7/site-packages/airflow/example_dags/example_task_group.py took 0.077 seconds
[2023-06-15T18:14:48.599+0000] {processor.py:153} INFO - Started process (PID=1850) to work on /home/airflow/.local/lib/python3.7/site-packages/airflow/example_dags/example_task_group.py
[2023-06-15T18:14:48.601+0000] {processor.py:743} INFO - Processing file /home/airflow/.local/lib/python3.7/site-packages/airflow/example_dags/example_task_group.py for tasks to queue
[2023-06-15T18:14:48.602+0000] {logging_mixin.py:137} INFO - [2023-06-15T18:14:48.602+0000] {dagbag.py:538} INFO - Filling up the DagBag from /home/airflow/.local/lib/python3.7/site-packages/airflow/example_dags/example_task_group.py
[2023-06-15T18:14:48.623+0000] {processor.py:753} INFO - DAG(s) dict_keys(['example_task_group']) retrieved from /home/airflow/.local/lib/python3.7/site-packages/airflow/example_dags/example_task_group.py
[2023-06-15T18:14:48.648+0000] {logging_mixin.py:137} INFO - [2023-06-15T18:14:48.648+0000] {dag.py:2690} INFO - Sync 1 DAGs
[2023-06-15T18:14:48.668+0000] {logging_mixin.py:137} INFO - [2023-06-15T18:14:48.668+0000] {dag.py:3441} INFO - Setting next_dagrun for example_task_group to 2023-06-14T18:14:48.668464+00:00, run_after=2023-06-15T18:14:48.668464+00:00
[2023-06-15T18:14:48.683+0000] {processor.py:175} INFO - Processing /home/airflow/.local/lib/python3.7/site-packages/airflow/example_dags/example_task_group.py took 0.088 seconds
[2023-06-15T18:15:19.108+0000] {processor.py:153} INFO - Started process (PID=1928) to work on /home/airflow/.local/lib/python3.7/site-packages/airflow/example_dags/example_task_group.py
[2023-06-15T18:15:19.110+0000] {processor.py:743} INFO - Processing file /home/airflow/.local/lib/python3.7/site-packages/airflow/example_dags/example_task_group.py for tasks to queue
[2023-06-15T18:15:19.111+0000] {logging_mixin.py:137} INFO - [2023-06-15T18:15:19.111+0000] {dagbag.py:538} INFO - Filling up the DagBag from /home/airflow/.local/lib/python3.7/site-packages/airflow/example_dags/example_task_group.py
[2023-06-15T18:15:19.126+0000] {processor.py:753} INFO - DAG(s) dict_keys(['example_task_group']) retrieved from /home/airflow/.local/lib/python3.7/site-packages/airflow/example_dags/example_task_group.py
[2023-06-15T18:15:19.150+0000] {logging_mixin.py:137} INFO - [2023-06-15T18:15:19.149+0000] {dag.py:2690} INFO - Sync 1 DAGs
[2023-06-15T18:15:19.169+0000] {logging_mixin.py:137} INFO - [2023-06-15T18:15:19.169+0000] {dag.py:3441} INFO - Setting next_dagrun for example_task_group to 2023-06-14T18:15:19.168867+00:00, run_after=2023-06-15T18:15:19.168867+00:00
[2023-06-15T18:15:19.184+0000] {processor.py:175} INFO - Processing /home/airflow/.local/lib/python3.7/site-packages/airflow/example_dags/example_task_group.py took 0.079 seconds
[2023-06-15T18:15:49.285+0000] {processor.py:153} INFO - Started process (PID=1994) to work on /home/airflow/.local/lib/python3.7/site-packages/airflow/example_dags/example_task_group.py
[2023-06-15T18:15:49.287+0000] {processor.py:743} INFO - Processing file /home/airflow/.local/lib/python3.7/site-packages/airflow/example_dags/example_task_group.py for tasks to queue
[2023-06-15T18:15:49.288+0000] {logging_mixin.py:137} INFO - [2023-06-15T18:15:49.288+0000] {dagbag.py:538} INFO - Filling up the DagBag from /home/airflow/.local/lib/python3.7/site-packages/airflow/example_dags/example_task_group.py
[2023-06-15T18:15:49.303+0000] {processor.py:753} INFO - DAG(s) dict_keys(['example_task_group']) retrieved from /home/airflow/.local/lib/python3.7/site-packages/airflow/example_dags/example_task_group.py
[2023-06-15T18:15:49.327+0000] {logging_mixin.py:137} INFO - [2023-06-15T18:15:49.327+0000] {dag.py:2690} INFO - Sync 1 DAGs
[2023-06-15T18:15:49.346+0000] {logging_mixin.py:137} INFO - [2023-06-15T18:15:49.346+0000] {dag.py:3441} INFO - Setting next_dagrun for example_task_group to 2023-06-14T18:15:49.346416+00:00, run_after=2023-06-15T18:15:49.346416+00:00
[2023-06-15T18:15:49.362+0000] {processor.py:175} INFO - Processing /home/airflow/.local/lib/python3.7/site-packages/airflow/example_dags/example_task_group.py took 0.080 seconds
[2023-06-15T18:16:20.012+0000] {processor.py:153} INFO - Started process (PID=2071) to work on /home/airflow/.local/lib/python3.7/site-packages/airflow/example_dags/example_task_group.py
[2023-06-15T18:16:20.014+0000] {processor.py:743} INFO - Processing file /home/airflow/.local/lib/python3.7/site-packages/airflow/example_dags/example_task_group.py for tasks to queue
[2023-06-15T18:16:20.015+0000] {logging_mixin.py:137} INFO - [2023-06-15T18:16:20.015+0000] {dagbag.py:538} INFO - Filling up the DagBag from /home/airflow/.local/lib/python3.7/site-packages/airflow/example_dags/example_task_group.py
[2023-06-15T18:16:20.028+0000] {processor.py:753} INFO - DAG(s) dict_keys(['example_task_group']) retrieved from /home/airflow/.local/lib/python3.7/site-packages/airflow/example_dags/example_task_group.py
[2023-06-15T18:16:20.053+0000] {logging_mixin.py:137} INFO - [2023-06-15T18:16:20.053+0000] {dag.py:2690} INFO - Sync 1 DAGs
[2023-06-15T18:16:20.072+0000] {logging_mixin.py:137} INFO - [2023-06-15T18:16:20.071+0000] {dag.py:3441} INFO - Setting next_dagrun for example_task_group to 2023-06-14T18:16:20.071723+00:00, run_after=2023-06-15T18:16:20.071723+00:00
[2023-06-15T18:16:20.086+0000] {processor.py:175} INFO - Processing /home/airflow/.local/lib/python3.7/site-packages/airflow/example_dags/example_task_group.py took 0.077 seconds
[2023-06-15T18:16:50.555+0000] {processor.py:153} INFO - Started process (PID=2136) to work on /home/airflow/.local/lib/python3.7/site-packages/airflow/example_dags/example_task_group.py
[2023-06-15T18:16:50.556+0000] {processor.py:743} INFO - Processing file /home/airflow/.local/lib/python3.7/site-packages/airflow/example_dags/example_task_group.py for tasks to queue
[2023-06-15T18:16:50.557+0000] {logging_mixin.py:137} INFO - [2023-06-15T18:16:50.557+0000] {dagbag.py:538} INFO - Filling up the DagBag from /home/airflow/.local/lib/python3.7/site-packages/airflow/example_dags/example_task_group.py
[2023-06-15T18:16:50.571+0000] {processor.py:753} INFO - DAG(s) dict_keys(['example_task_group']) retrieved from /home/airflow/.local/lib/python3.7/site-packages/airflow/example_dags/example_task_group.py
[2023-06-15T18:16:50.595+0000] {logging_mixin.py:137} INFO - [2023-06-15T18:16:50.594+0000] {dag.py:2690} INFO - Sync 1 DAGs
[2023-06-15T18:16:50.612+0000] {logging_mixin.py:137} INFO - [2023-06-15T18:16:50.612+0000] {dag.py:3441} INFO - Setting next_dagrun for example_task_group to 2023-06-14T18:16:50.612627+00:00, run_after=2023-06-15T18:16:50.612627+00:00
[2023-06-15T18:16:50.625+0000] {processor.py:175} INFO - Processing /home/airflow/.local/lib/python3.7/site-packages/airflow/example_dags/example_task_group.py took 0.073 seconds
[2023-06-15T18:17:21.044+0000] {processor.py:153} INFO - Started process (PID=2213) to work on /home/airflow/.local/lib/python3.7/site-packages/airflow/example_dags/example_task_group.py
[2023-06-15T18:17:21.045+0000] {processor.py:743} INFO - Processing file /home/airflow/.local/lib/python3.7/site-packages/airflow/example_dags/example_task_group.py for tasks to queue
[2023-06-15T18:17:21.047+0000] {logging_mixin.py:137} INFO - [2023-06-15T18:17:21.046+0000] {dagbag.py:538} INFO - Filling up the DagBag from /home/airflow/.local/lib/python3.7/site-packages/airflow/example_dags/example_task_group.py
[2023-06-15T18:17:21.061+0000] {processor.py:753} INFO - DAG(s) dict_keys(['example_task_group']) retrieved from /home/airflow/.local/lib/python3.7/site-packages/airflow/example_dags/example_task_group.py
[2023-06-15T18:17:21.085+0000] {logging_mixin.py:137} INFO - [2023-06-15T18:17:21.085+0000] {dag.py:2690} INFO - Sync 1 DAGs
[2023-06-15T18:17:21.104+0000] {logging_mixin.py:137} INFO - [2023-06-15T18:17:21.104+0000] {dag.py:3441} INFO - Setting next_dagrun for example_task_group to 2023-06-14T18:17:21.104459+00:00, run_after=2023-06-15T18:17:21.104459+00:00
[2023-06-15T18:17:21.118+0000] {processor.py:175} INFO - Processing /home/airflow/.local/lib/python3.7/site-packages/airflow/example_dags/example_task_group.py took 0.077 seconds
[2023-06-15T18:44:52.897+0000] {processor.py:153} INFO - Started process (PID=2297) to work on /home/airflow/.local/lib/python3.7/site-packages/airflow/example_dags/example_task_group.py
[2023-06-15T18:44:52.899+0000] {processor.py:743} INFO - Processing file /home/airflow/.local/lib/python3.7/site-packages/airflow/example_dags/example_task_group.py for tasks to queue
[2023-06-15T18:44:52.900+0000] {logging_mixin.py:137} INFO - [2023-06-15T18:44:52.900+0000] {dagbag.py:538} INFO - Filling up the DagBag from /home/airflow/.local/lib/python3.7/site-packages/airflow/example_dags/example_task_group.py
[2023-06-15T18:44:52.921+0000] {processor.py:753} INFO - DAG(s) dict_keys(['example_task_group']) retrieved from /home/airflow/.local/lib/python3.7/site-packages/airflow/example_dags/example_task_group.py
[2023-06-15T18:44:52.948+0000] {logging_mixin.py:137} INFO - [2023-06-15T18:44:52.948+0000] {dag.py:2690} INFO - Sync 1 DAGs
[2023-06-15T18:44:52.970+0000] {logging_mixin.py:137} INFO - [2023-06-15T18:44:52.970+0000] {dag.py:3441} INFO - Setting next_dagrun for example_task_group to 2023-06-14T18:44:52.969995+00:00, run_after=2023-06-15T18:44:52.969995+00:00
[2023-06-15T18:44:52.986+0000] {processor.py:175} INFO - Processing /home/airflow/.local/lib/python3.7/site-packages/airflow/example_dags/example_task_group.py took 0.093 seconds
[2023-06-15T18:45:23.493+0000] {processor.py:153} INFO - Started process (PID=2363) to work on /home/airflow/.local/lib/python3.7/site-packages/airflow/example_dags/example_task_group.py
[2023-06-15T18:45:23.494+0000] {processor.py:743} INFO - Processing file /home/airflow/.local/lib/python3.7/site-packages/airflow/example_dags/example_task_group.py for tasks to queue
[2023-06-15T18:45:23.495+0000] {logging_mixin.py:137} INFO - [2023-06-15T18:45:23.495+0000] {dagbag.py:538} INFO - Filling up the DagBag from /home/airflow/.local/lib/python3.7/site-packages/airflow/example_dags/example_task_group.py
[2023-06-15T18:45:23.509+0000] {processor.py:753} INFO - DAG(s) dict_keys(['example_task_group']) retrieved from /home/airflow/.local/lib/python3.7/site-packages/airflow/example_dags/example_task_group.py
[2023-06-15T18:45:23.536+0000] {logging_mixin.py:137} INFO - [2023-06-15T18:45:23.536+0000] {dag.py:2690} INFO - Sync 1 DAGs
[2023-06-15T18:45:23.556+0000] {logging_mixin.py:137} INFO - [2023-06-15T18:45:23.556+0000] {dag.py:3441} INFO - Setting next_dagrun for example_task_group to 2023-06-14T18:45:23.556532+00:00, run_after=2023-06-15T18:45:23.556532+00:00
[2023-06-15T18:45:23.572+0000] {processor.py:175} INFO - Processing /home/airflow/.local/lib/python3.7/site-packages/airflow/example_dags/example_task_group.py took 0.082 seconds
[2023-06-15T18:45:54.211+0000] {processor.py:153} INFO - Started process (PID=2440) to work on /home/airflow/.local/lib/python3.7/site-packages/airflow/example_dags/example_task_group.py
[2023-06-15T18:45:54.212+0000] {processor.py:743} INFO - Processing file /home/airflow/.local/lib/python3.7/site-packages/airflow/example_dags/example_task_group.py for tasks to queue
[2023-06-15T18:45:54.213+0000] {logging_mixin.py:137} INFO - [2023-06-15T18:45:54.213+0000] {dagbag.py:538} INFO - Filling up the DagBag from /home/airflow/.local/lib/python3.7/site-packages/airflow/example_dags/example_task_group.py
[2023-06-15T18:45:54.228+0000] {processor.py:753} INFO - DAG(s) dict_keys(['example_task_group']) retrieved from /home/airflow/.local/lib/python3.7/site-packages/airflow/example_dags/example_task_group.py
[2023-06-15T18:45:54.253+0000] {logging_mixin.py:137} INFO - [2023-06-15T18:45:54.253+0000] {dag.py:2690} INFO - Sync 1 DAGs
[2023-06-15T18:45:54.272+0000] {logging_mixin.py:137} INFO - [2023-06-15T18:45:54.272+0000] {dag.py:3441} INFO - Setting next_dagrun for example_task_group to 2023-06-14T18:45:54.271960+00:00, run_after=2023-06-15T18:45:54.271960+00:00
[2023-06-15T18:45:54.286+0000] {processor.py:175} INFO - Processing /home/airflow/.local/lib/python3.7/site-packages/airflow/example_dags/example_task_group.py took 0.079 seconds
[2023-06-15T18:46:25.238+0000] {processor.py:153} INFO - Started process (PID=2514) to work on /home/airflow/.local/lib/python3.7/site-packages/airflow/example_dags/example_task_group.py
[2023-06-15T18:46:25.240+0000] {processor.py:743} INFO - Processing file /home/airflow/.local/lib/python3.7/site-packages/airflow/example_dags/example_task_group.py for tasks to queue
[2023-06-15T18:46:25.241+0000] {logging_mixin.py:137} INFO - [2023-06-15T18:46:25.241+0000] {dagbag.py:538} INFO - Filling up the DagBag from /home/airflow/.local/lib/python3.7/site-packages/airflow/example_dags/example_task_group.py
[2023-06-15T18:46:25.255+0000] {processor.py:753} INFO - DAG(s) dict_keys(['example_task_group']) retrieved from /home/airflow/.local/lib/python3.7/site-packages/airflow/example_dags/example_task_group.py
[2023-06-15T18:46:25.278+0000] {logging_mixin.py:137} INFO - [2023-06-15T18:46:25.278+0000] {dag.py:2690} INFO - Sync 1 DAGs
[2023-06-15T18:46:25.297+0000] {logging_mixin.py:137} INFO - [2023-06-15T18:46:25.297+0000] {dag.py:3441} INFO - Setting next_dagrun for example_task_group to 2023-06-14T18:46:25.297390+00:00, run_after=2023-06-15T18:46:25.297390+00:00
[2023-06-15T18:46:25.311+0000] {processor.py:175} INFO - Processing /home/airflow/.local/lib/python3.7/site-packages/airflow/example_dags/example_task_group.py took 0.076 seconds
[2023-06-15T18:46:56.222+0000] {processor.py:153} INFO - Started process (PID=2582) to work on /home/airflow/.local/lib/python3.7/site-packages/airflow/example_dags/example_task_group.py
[2023-06-15T18:46:56.223+0000] {processor.py:743} INFO - Processing file /home/airflow/.local/lib/python3.7/site-packages/airflow/example_dags/example_task_group.py for tasks to queue
[2023-06-15T18:46:56.224+0000] {logging_mixin.py:137} INFO - [2023-06-15T18:46:56.224+0000] {dagbag.py:538} INFO - Filling up the DagBag from /home/airflow/.local/lib/python3.7/site-packages/airflow/example_dags/example_task_group.py
[2023-06-15T18:46:56.238+0000] {processor.py:753} INFO - DAG(s) dict_keys(['example_task_group']) retrieved from /home/airflow/.local/lib/python3.7/site-packages/airflow/example_dags/example_task_group.py
[2023-06-15T18:46:56.262+0000] {logging_mixin.py:137} INFO - [2023-06-15T18:46:56.262+0000] {dag.py:2690} INFO - Sync 1 DAGs
[2023-06-15T18:46:56.281+0000] {logging_mixin.py:137} INFO - [2023-06-15T18:46:56.281+0000] {dag.py:3441} INFO - Setting next_dagrun for example_task_group to 2023-06-14T18:46:56.280798+00:00, run_after=2023-06-15T18:46:56.280798+00:00
[2023-06-15T18:46:56.295+0000] {processor.py:175} INFO - Processing /home/airflow/.local/lib/python3.7/site-packages/airflow/example_dags/example_task_group.py took 0.076 seconds
[2023-06-15T18:47:26.652+0000] {processor.py:153} INFO - Started process (PID=2659) to work on /home/airflow/.local/lib/python3.7/site-packages/airflow/example_dags/example_task_group.py
[2023-06-15T18:47:26.654+0000] {processor.py:743} INFO - Processing file /home/airflow/.local/lib/python3.7/site-packages/airflow/example_dags/example_task_group.py for tasks to queue
[2023-06-15T18:47:26.655+0000] {logging_mixin.py:137} INFO - [2023-06-15T18:47:26.655+0000] {dagbag.py:538} INFO - Filling up the DagBag from /home/airflow/.local/lib/python3.7/site-packages/airflow/example_dags/example_task_group.py
[2023-06-15T18:47:26.669+0000] {processor.py:753} INFO - DAG(s) dict_keys(['example_task_group']) retrieved from /home/airflow/.local/lib/python3.7/site-packages/airflow/example_dags/example_task_group.py
[2023-06-15T18:47:26.694+0000] {logging_mixin.py:137} INFO - [2023-06-15T18:47:26.694+0000] {dag.py:2690} INFO - Sync 1 DAGs
[2023-06-15T18:47:26.714+0000] {logging_mixin.py:137} INFO - [2023-06-15T18:47:26.714+0000] {dag.py:3441} INFO - Setting next_dagrun for example_task_group to 2023-06-14T18:47:26.714036+00:00, run_after=2023-06-15T18:47:26.714036+00:00
[2023-06-15T18:47:26.728+0000] {processor.py:175} INFO - Processing /home/airflow/.local/lib/python3.7/site-packages/airflow/example_dags/example_task_group.py took 0.080 seconds
[2023-06-15T18:47:57.177+0000] {processor.py:153} INFO - Started process (PID=2733) to work on /home/airflow/.local/lib/python3.7/site-packages/airflow/example_dags/example_task_group.py
[2023-06-15T18:47:57.179+0000] {processor.py:743} INFO - Processing file /home/airflow/.local/lib/python3.7/site-packages/airflow/example_dags/example_task_group.py for tasks to queue
[2023-06-15T18:47:57.180+0000] {logging_mixin.py:137} INFO - [2023-06-15T18:47:57.180+0000] {dagbag.py:538} INFO - Filling up the DagBag from /home/airflow/.local/lib/python3.7/site-packages/airflow/example_dags/example_task_group.py
[2023-06-15T18:47:57.192+0000] {processor.py:753} INFO - DAG(s) dict_keys(['example_task_group']) retrieved from /home/airflow/.local/lib/python3.7/site-packages/airflow/example_dags/example_task_group.py
[2023-06-15T18:47:57.217+0000] {logging_mixin.py:137} INFO - [2023-06-15T18:47:57.216+0000] {dag.py:2690} INFO - Sync 1 DAGs
[2023-06-15T18:47:57.236+0000] {logging_mixin.py:137} INFO - [2023-06-15T18:47:57.236+0000] {dag.py:3441} INFO - Setting next_dagrun for example_task_group to 2023-06-14T18:47:57.235941+00:00, run_after=2023-06-15T18:47:57.235941+00:00
[2023-06-15T18:47:57.250+0000] {processor.py:175} INFO - Processing /home/airflow/.local/lib/python3.7/site-packages/airflow/example_dags/example_task_group.py took 0.076 seconds
[2023-06-15T18:48:30.484+0000] {processor.py:153} INFO - Started process (PID=2801) to work on /home/airflow/.local/lib/python3.7/site-packages/airflow/example_dags/example_task_group.py
[2023-06-15T18:48:30.487+0000] {processor.py:743} INFO - Processing file /home/airflow/.local/lib/python3.7/site-packages/airflow/example_dags/example_task_group.py for tasks to queue
[2023-06-15T18:48:30.488+0000] {logging_mixin.py:137} INFO - [2023-06-15T18:48:30.488+0000] {dagbag.py:538} INFO - Filling up the DagBag from /home/airflow/.local/lib/python3.7/site-packages/airflow/example_dags/example_task_group.py
[2023-06-15T18:48:30.503+0000] {processor.py:753} INFO - DAG(s) dict_keys(['example_task_group']) retrieved from /home/airflow/.local/lib/python3.7/site-packages/airflow/example_dags/example_task_group.py
[2023-06-15T18:48:30.528+0000] {logging_mixin.py:137} INFO - [2023-06-15T18:48:30.528+0000] {dag.py:2690} INFO - Sync 1 DAGs
[2023-06-15T18:48:30.547+0000] {logging_mixin.py:137} INFO - [2023-06-15T18:48:30.547+0000] {dag.py:3441} INFO - Setting next_dagrun for example_task_group to 2023-06-14T18:48:30.547336+00:00, run_after=2023-06-15T18:48:30.547336+00:00
[2023-06-15T18:48:30.562+0000] {processor.py:175} INFO - Processing /home/airflow/.local/lib/python3.7/site-packages/airflow/example_dags/example_task_group.py took 0.082 seconds
[2023-06-15T18:49:01.433+0000] {processor.py:153} INFO - Started process (PID=2866) to work on /home/airflow/.local/lib/python3.7/site-packages/airflow/example_dags/example_task_group.py
[2023-06-15T18:49:01.435+0000] {processor.py:743} INFO - Processing file /home/airflow/.local/lib/python3.7/site-packages/airflow/example_dags/example_task_group.py for tasks to queue
[2023-06-15T18:49:01.436+0000] {logging_mixin.py:137} INFO - [2023-06-15T18:49:01.436+0000] {dagbag.py:538} INFO - Filling up the DagBag from /home/airflow/.local/lib/python3.7/site-packages/airflow/example_dags/example_task_group.py
[2023-06-15T18:49:01.451+0000] {processor.py:753} INFO - DAG(s) dict_keys(['example_task_group']) retrieved from /home/airflow/.local/lib/python3.7/site-packages/airflow/example_dags/example_task_group.py
[2023-06-15T18:49:01.476+0000] {logging_mixin.py:137} INFO - [2023-06-15T18:49:01.476+0000] {dag.py:2690} INFO - Sync 1 DAGs
[2023-06-15T18:49:01.495+0000] {logging_mixin.py:137} INFO - [2023-06-15T18:49:01.495+0000] {dag.py:3441} INFO - Setting next_dagrun for example_task_group to 2023-06-14T18:49:01.495539+00:00, run_after=2023-06-15T18:49:01.495539+00:00
[2023-06-15T18:49:01.509+0000] {processor.py:175} INFO - Processing /home/airflow/.local/lib/python3.7/site-packages/airflow/example_dags/example_task_group.py took 0.079 seconds
