[2023-06-15T18:02:04.101+0000] {processor.py:153} INFO - Started process (PID=71) to work on /home/airflow/.local/lib/python3.7/site-packages/airflow/example_dags/example_external_task_marker_dag.py
[2023-06-15T18:02:04.121+0000] {processor.py:743} INFO - Processing file /home/airflow/.local/lib/python3.7/site-packages/airflow/example_dags/example_external_task_marker_dag.py for tasks to queue
[2023-06-15T18:02:04.123+0000] {logging_mixin.py:137} INFO - [2023-06-15T18:02:04.123+0000] {dagbag.py:538} INFO - Filling up the DagBag from /home/airflow/.local/lib/python3.7/site-packages/airflow/example_dags/example_external_task_marker_dag.py
[2023-06-15T18:02:04.353+0000] {processor.py:753} INFO - DAG(s) dict_keys(['example_external_task_marker_parent', 'example_external_task_marker_child']) retrieved from /home/airflow/.local/lib/python3.7/site-packages/airflow/example_dags/example_external_task_marker_dag.py
[2023-06-15T18:02:04.495+0000] {logging_mixin.py:137} INFO - [2023-06-15T18:02:04.495+0000] {dag.py:2690} INFO - Sync 2 DAGs
[2023-06-15T18:02:04.579+0000] {logging_mixin.py:137} INFO - [2023-06-15T18:02:04.579+0000] {dag.py:3441} INFO - Setting next_dagrun for example_external_task_marker_child to None, run_after=None
[2023-06-15T18:02:04.601+0000] {logging_mixin.py:137} INFO - [2023-06-15T18:02:04.601+0000] {dag.py:3441} INFO - Setting next_dagrun for example_external_task_marker_parent to None, run_after=None
[2023-06-15T18:02:04.687+0000] {processor.py:175} INFO - Processing /home/airflow/.local/lib/python3.7/site-packages/airflow/example_dags/example_external_task_marker_dag.py took 0.591 seconds
[2023-06-15T18:02:35.562+0000] {processor.py:153} INFO - Started process (PID=135) to work on /home/airflow/.local/lib/python3.7/site-packages/airflow/example_dags/example_external_task_marker_dag.py
[2023-06-15T18:02:35.565+0000] {processor.py:743} INFO - Processing file /home/airflow/.local/lib/python3.7/site-packages/airflow/example_dags/example_external_task_marker_dag.py for tasks to queue
[2023-06-15T18:02:35.566+0000] {logging_mixin.py:137} INFO - [2023-06-15T18:02:35.566+0000] {dagbag.py:538} INFO - Filling up the DagBag from /home/airflow/.local/lib/python3.7/site-packages/airflow/example_dags/example_external_task_marker_dag.py
[2023-06-15T18:02:35.586+0000] {processor.py:753} INFO - DAG(s) dict_keys(['example_external_task_marker_child', 'example_external_task_marker_parent']) retrieved from /home/airflow/.local/lib/python3.7/site-packages/airflow/example_dags/example_external_task_marker_dag.py
[2023-06-15T18:02:35.648+0000] {logging_mixin.py:137} INFO - [2023-06-15T18:02:35.648+0000] {dag.py:2690} INFO - Sync 2 DAGs
[2023-06-15T18:02:35.670+0000] {logging_mixin.py:137} INFO - [2023-06-15T18:02:35.670+0000] {dag.py:3441} INFO - Setting next_dagrun for example_external_task_marker_child to None, run_after=None
[2023-06-15T18:02:35.675+0000] {logging_mixin.py:137} INFO - [2023-06-15T18:02:35.674+0000] {dag.py:3441} INFO - Setting next_dagrun for example_external_task_marker_parent to None, run_after=None
[2023-06-15T18:02:35.692+0000] {processor.py:175} INFO - Processing /home/airflow/.local/lib/python3.7/site-packages/airflow/example_dags/example_external_task_marker_dag.py took 0.134 seconds
[2023-06-15T18:03:06.332+0000] {processor.py:153} INFO - Started process (PID=211) to work on /home/airflow/.local/lib/python3.7/site-packages/airflow/example_dags/example_external_task_marker_dag.py
[2023-06-15T18:03:06.335+0000] {processor.py:743} INFO - Processing file /home/airflow/.local/lib/python3.7/site-packages/airflow/example_dags/example_external_task_marker_dag.py for tasks to queue
[2023-06-15T18:03:06.337+0000] {logging_mixin.py:137} INFO - [2023-06-15T18:03:06.336+0000] {dagbag.py:538} INFO - Filling up the DagBag from /home/airflow/.local/lib/python3.7/site-packages/airflow/example_dags/example_external_task_marker_dag.py
[2023-06-15T18:03:06.354+0000] {processor.py:753} INFO - DAG(s) dict_keys(['example_external_task_marker_child', 'example_external_task_marker_parent']) retrieved from /home/airflow/.local/lib/python3.7/site-packages/airflow/example_dags/example_external_task_marker_dag.py
[2023-06-15T18:03:06.414+0000] {logging_mixin.py:137} INFO - [2023-06-15T18:03:06.413+0000] {dag.py:2690} INFO - Sync 2 DAGs
[2023-06-15T18:03:06.461+0000] {logging_mixin.py:137} INFO - [2023-06-15T18:03:06.461+0000] {dag.py:3441} INFO - Setting next_dagrun for example_external_task_marker_child to None, run_after=None
[2023-06-15T18:03:06.468+0000] {logging_mixin.py:137} INFO - [2023-06-15T18:03:06.468+0000] {dag.py:3441} INFO - Setting next_dagrun for example_external_task_marker_parent to None, run_after=None
[2023-06-15T18:03:06.492+0000] {processor.py:175} INFO - Processing /home/airflow/.local/lib/python3.7/site-packages/airflow/example_dags/example_external_task_marker_dag.py took 0.165 seconds
[2023-06-15T18:03:37.240+0000] {processor.py:153} INFO - Started process (PID=276) to work on /home/airflow/.local/lib/python3.7/site-packages/airflow/example_dags/example_external_task_marker_dag.py
[2023-06-15T18:03:37.243+0000] {processor.py:743} INFO - Processing file /home/airflow/.local/lib/python3.7/site-packages/airflow/example_dags/example_external_task_marker_dag.py for tasks to queue
[2023-06-15T18:03:37.245+0000] {logging_mixin.py:137} INFO - [2023-06-15T18:03:37.245+0000] {dagbag.py:538} INFO - Filling up the DagBag from /home/airflow/.local/lib/python3.7/site-packages/airflow/example_dags/example_external_task_marker_dag.py
[2023-06-15T18:03:37.259+0000] {processor.py:753} INFO - DAG(s) dict_keys(['example_external_task_marker_child', 'example_external_task_marker_parent']) retrieved from /home/airflow/.local/lib/python3.7/site-packages/airflow/example_dags/example_external_task_marker_dag.py
[2023-06-15T18:03:37.288+0000] {logging_mixin.py:137} INFO - [2023-06-15T18:03:37.288+0000] {dag.py:2690} INFO - Sync 2 DAGs
[2023-06-15T18:03:37.310+0000] {logging_mixin.py:137} INFO - [2023-06-15T18:03:37.310+0000] {dag.py:3441} INFO - Setting next_dagrun for example_external_task_marker_child to None, run_after=None
[2023-06-15T18:03:37.314+0000] {logging_mixin.py:137} INFO - [2023-06-15T18:03:37.314+0000] {dag.py:3441} INFO - Setting next_dagrun for example_external_task_marker_parent to None, run_after=None
[2023-06-15T18:03:37.326+0000] {processor.py:175} INFO - Processing /home/airflow/.local/lib/python3.7/site-packages/airflow/example_dags/example_external_task_marker_dag.py took 0.090 seconds
[2023-06-15T18:04:07.982+0000] {processor.py:153} INFO - Started process (PID=353) to work on /home/airflow/.local/lib/python3.7/site-packages/airflow/example_dags/example_external_task_marker_dag.py
[2023-06-15T18:04:07.984+0000] {processor.py:743} INFO - Processing file /home/airflow/.local/lib/python3.7/site-packages/airflow/example_dags/example_external_task_marker_dag.py for tasks to queue
[2023-06-15T18:04:07.985+0000] {logging_mixin.py:137} INFO - [2023-06-15T18:04:07.985+0000] {dagbag.py:538} INFO - Filling up the DagBag from /home/airflow/.local/lib/python3.7/site-packages/airflow/example_dags/example_external_task_marker_dag.py
[2023-06-15T18:04:08.000+0000] {processor.py:753} INFO - DAG(s) dict_keys(['example_external_task_marker_parent', 'example_external_task_marker_child']) retrieved from /home/airflow/.local/lib/python3.7/site-packages/airflow/example_dags/example_external_task_marker_dag.py
[2023-06-15T18:04:08.027+0000] {logging_mixin.py:137} INFO - [2023-06-15T18:04:08.027+0000] {dag.py:2690} INFO - Sync 2 DAGs
[2023-06-15T18:04:08.045+0000] {logging_mixin.py:137} INFO - [2023-06-15T18:04:08.045+0000] {dag.py:3441} INFO - Setting next_dagrun for example_external_task_marker_child to None, run_after=None
[2023-06-15T18:04:08.048+0000] {logging_mixin.py:137} INFO - [2023-06-15T18:04:08.048+0000] {dag.py:3441} INFO - Setting next_dagrun for example_external_task_marker_parent to None, run_after=None
[2023-06-15T18:04:08.061+0000] {processor.py:175} INFO - Processing /home/airflow/.local/lib/python3.7/site-packages/airflow/example_dags/example_external_task_marker_dag.py took 0.083 seconds
[2023-06-15T18:04:38.499+0000] {processor.py:153} INFO - Started process (PID=430) to work on /home/airflow/.local/lib/python3.7/site-packages/airflow/example_dags/example_external_task_marker_dag.py
[2023-06-15T18:04:38.501+0000] {processor.py:743} INFO - Processing file /home/airflow/.local/lib/python3.7/site-packages/airflow/example_dags/example_external_task_marker_dag.py for tasks to queue
[2023-06-15T18:04:38.502+0000] {logging_mixin.py:137} INFO - [2023-06-15T18:04:38.502+0000] {dagbag.py:538} INFO - Filling up the DagBag from /home/airflow/.local/lib/python3.7/site-packages/airflow/example_dags/example_external_task_marker_dag.py
[2023-06-15T18:04:38.514+0000] {processor.py:753} INFO - DAG(s) dict_keys(['example_external_task_marker_parent', 'example_external_task_marker_child']) retrieved from /home/airflow/.local/lib/python3.7/site-packages/airflow/example_dags/example_external_task_marker_dag.py
[2023-06-15T18:04:38.541+0000] {logging_mixin.py:137} INFO - [2023-06-15T18:04:38.541+0000] {dag.py:2690} INFO - Sync 2 DAGs
[2023-06-15T18:04:38.559+0000] {logging_mixin.py:137} INFO - [2023-06-15T18:04:38.559+0000] {dag.py:3441} INFO - Setting next_dagrun for example_external_task_marker_child to None, run_after=None
[2023-06-15T18:04:38.562+0000] {logging_mixin.py:137} INFO - [2023-06-15T18:04:38.562+0000] {dag.py:3441} INFO - Setting next_dagrun for example_external_task_marker_parent to None, run_after=None
[2023-06-15T18:04:38.575+0000] {processor.py:175} INFO - Processing /home/airflow/.local/lib/python3.7/site-packages/airflow/example_dags/example_external_task_marker_dag.py took 0.080 seconds
[2023-06-15T18:05:09.235+0000] {processor.py:153} INFO - Started process (PID=494) to work on /home/airflow/.local/lib/python3.7/site-packages/airflow/example_dags/example_external_task_marker_dag.py
[2023-06-15T18:05:09.237+0000] {processor.py:743} INFO - Processing file /home/airflow/.local/lib/python3.7/site-packages/airflow/example_dags/example_external_task_marker_dag.py for tasks to queue
[2023-06-15T18:05:09.238+0000] {logging_mixin.py:137} INFO - [2023-06-15T18:05:09.238+0000] {dagbag.py:538} INFO - Filling up the DagBag from /home/airflow/.local/lib/python3.7/site-packages/airflow/example_dags/example_external_task_marker_dag.py
[2023-06-15T18:05:09.250+0000] {processor.py:753} INFO - DAG(s) dict_keys(['example_external_task_marker_child', 'example_external_task_marker_parent']) retrieved from /home/airflow/.local/lib/python3.7/site-packages/airflow/example_dags/example_external_task_marker_dag.py
[2023-06-15T18:05:09.279+0000] {logging_mixin.py:137} INFO - [2023-06-15T18:05:09.279+0000] {dag.py:2690} INFO - Sync 2 DAGs
[2023-06-15T18:05:09.302+0000] {logging_mixin.py:137} INFO - [2023-06-15T18:05:09.302+0000] {dag.py:3441} INFO - Setting next_dagrun for example_external_task_marker_child to None, run_after=None
[2023-06-15T18:05:09.305+0000] {logging_mixin.py:137} INFO - [2023-06-15T18:05:09.305+0000] {dag.py:3441} INFO - Setting next_dagrun for example_external_task_marker_parent to None, run_after=None
[2023-06-15T18:05:09.319+0000] {processor.py:175} INFO - Processing /home/airflow/.local/lib/python3.7/site-packages/airflow/example_dags/example_external_task_marker_dag.py took 0.088 seconds
[2023-06-15T18:05:40.026+0000] {processor.py:153} INFO - Started process (PID=569) to work on /home/airflow/.local/lib/python3.7/site-packages/airflow/example_dags/example_external_task_marker_dag.py
[2023-06-15T18:05:40.028+0000] {processor.py:743} INFO - Processing file /home/airflow/.local/lib/python3.7/site-packages/airflow/example_dags/example_external_task_marker_dag.py for tasks to queue
[2023-06-15T18:05:40.030+0000] {logging_mixin.py:137} INFO - [2023-06-15T18:05:40.030+0000] {dagbag.py:538} INFO - Filling up the DagBag from /home/airflow/.local/lib/python3.7/site-packages/airflow/example_dags/example_external_task_marker_dag.py
[2023-06-15T18:05:40.046+0000] {processor.py:753} INFO - DAG(s) dict_keys(['example_external_task_marker_child', 'example_external_task_marker_parent']) retrieved from /home/airflow/.local/lib/python3.7/site-packages/airflow/example_dags/example_external_task_marker_dag.py
[2023-06-15T18:05:40.078+0000] {logging_mixin.py:137} INFO - [2023-06-15T18:05:40.078+0000] {dag.py:2690} INFO - Sync 2 DAGs
[2023-06-15T18:05:40.096+0000] {logging_mixin.py:137} INFO - [2023-06-15T18:05:40.096+0000] {dag.py:3441} INFO - Setting next_dagrun for example_external_task_marker_child to None, run_after=None
[2023-06-15T18:05:40.099+0000] {logging_mixin.py:137} INFO - [2023-06-15T18:05:40.099+0000] {dag.py:3441} INFO - Setting next_dagrun for example_external_task_marker_parent to None, run_after=None
[2023-06-15T18:05:40.112+0000] {processor.py:175} INFO - Processing /home/airflow/.local/lib/python3.7/site-packages/airflow/example_dags/example_external_task_marker_dag.py took 0.092 seconds
[2023-06-15T18:06:10.233+0000] {processor.py:153} INFO - Started process (PID=642) to work on /home/airflow/.local/lib/python3.7/site-packages/airflow/example_dags/example_external_task_marker_dag.py
[2023-06-15T18:06:10.236+0000] {processor.py:743} INFO - Processing file /home/airflow/.local/lib/python3.7/site-packages/airflow/example_dags/example_external_task_marker_dag.py for tasks to queue
[2023-06-15T18:06:10.237+0000] {logging_mixin.py:137} INFO - [2023-06-15T18:06:10.237+0000] {dagbag.py:538} INFO - Filling up the DagBag from /home/airflow/.local/lib/python3.7/site-packages/airflow/example_dags/example_external_task_marker_dag.py
[2023-06-15T18:06:10.253+0000] {processor.py:753} INFO - DAG(s) dict_keys(['example_external_task_marker_parent', 'example_external_task_marker_child']) retrieved from /home/airflow/.local/lib/python3.7/site-packages/airflow/example_dags/example_external_task_marker_dag.py
[2023-06-15T18:06:10.283+0000] {logging_mixin.py:137} INFO - [2023-06-15T18:06:10.283+0000] {dag.py:2690} INFO - Sync 2 DAGs
[2023-06-15T18:06:10.309+0000] {logging_mixin.py:137} INFO - [2023-06-15T18:06:10.309+0000] {dag.py:3441} INFO - Setting next_dagrun for example_external_task_marker_child to None, run_after=None
[2023-06-15T18:06:10.314+0000] {logging_mixin.py:137} INFO - [2023-06-15T18:06:10.314+0000] {dag.py:3441} INFO - Setting next_dagrun for example_external_task_marker_parent to None, run_after=None
[2023-06-15T18:06:10.334+0000] {processor.py:175} INFO - Processing /home/airflow/.local/lib/python3.7/site-packages/airflow/example_dags/example_external_task_marker_dag.py took 0.105 seconds
[2023-06-15T18:06:40.910+0000] {processor.py:153} INFO - Started process (PID=709) to work on /home/airflow/.local/lib/python3.7/site-packages/airflow/example_dags/example_external_task_marker_dag.py
[2023-06-15T18:06:40.911+0000] {processor.py:743} INFO - Processing file /home/airflow/.local/lib/python3.7/site-packages/airflow/example_dags/example_external_task_marker_dag.py for tasks to queue
[2023-06-15T18:06:40.912+0000] {logging_mixin.py:137} INFO - [2023-06-15T18:06:40.912+0000] {dagbag.py:538} INFO - Filling up the DagBag from /home/airflow/.local/lib/python3.7/site-packages/airflow/example_dags/example_external_task_marker_dag.py
[2023-06-15T18:06:40.925+0000] {processor.py:753} INFO - DAG(s) dict_keys(['example_external_task_marker_child', 'example_external_task_marker_parent']) retrieved from /home/airflow/.local/lib/python3.7/site-packages/airflow/example_dags/example_external_task_marker_dag.py
[2023-06-15T18:06:40.953+0000] {logging_mixin.py:137} INFO - [2023-06-15T18:06:40.953+0000] {dag.py:2690} INFO - Sync 2 DAGs
[2023-06-15T18:06:40.972+0000] {logging_mixin.py:137} INFO - [2023-06-15T18:06:40.971+0000] {dag.py:3441} INFO - Setting next_dagrun for example_external_task_marker_child to None, run_after=None
[2023-06-15T18:06:40.975+0000] {logging_mixin.py:137} INFO - [2023-06-15T18:06:40.975+0000] {dag.py:3441} INFO - Setting next_dagrun for example_external_task_marker_parent to None, run_after=None
[2023-06-15T18:06:40.988+0000] {processor.py:175} INFO - Processing /home/airflow/.local/lib/python3.7/site-packages/airflow/example_dags/example_external_task_marker_dag.py took 0.082 seconds
[2023-06-15T18:07:11.540+0000] {processor.py:153} INFO - Started process (PID=786) to work on /home/airflow/.local/lib/python3.7/site-packages/airflow/example_dags/example_external_task_marker_dag.py
[2023-06-15T18:07:11.542+0000] {processor.py:743} INFO - Processing file /home/airflow/.local/lib/python3.7/site-packages/airflow/example_dags/example_external_task_marker_dag.py for tasks to queue
[2023-06-15T18:07:11.543+0000] {logging_mixin.py:137} INFO - [2023-06-15T18:07:11.543+0000] {dagbag.py:538} INFO - Filling up the DagBag from /home/airflow/.local/lib/python3.7/site-packages/airflow/example_dags/example_external_task_marker_dag.py
[2023-06-15T18:07:11.554+0000] {processor.py:753} INFO - DAG(s) dict_keys(['example_external_task_marker_child', 'example_external_task_marker_parent']) retrieved from /home/airflow/.local/lib/python3.7/site-packages/airflow/example_dags/example_external_task_marker_dag.py
[2023-06-15T18:07:11.580+0000] {logging_mixin.py:137} INFO - [2023-06-15T18:07:11.580+0000] {dag.py:2690} INFO - Sync 2 DAGs
[2023-06-15T18:07:11.598+0000] {logging_mixin.py:137} INFO - [2023-06-15T18:07:11.598+0000] {dag.py:3441} INFO - Setting next_dagrun for example_external_task_marker_child to None, run_after=None
[2023-06-15T18:07:11.601+0000] {logging_mixin.py:137} INFO - [2023-06-15T18:07:11.601+0000] {dag.py:3441} INFO - Setting next_dagrun for example_external_task_marker_parent to None, run_after=None
[2023-06-15T18:07:11.613+0000] {processor.py:175} INFO - Processing /home/airflow/.local/lib/python3.7/site-packages/airflow/example_dags/example_external_task_marker_dag.py took 0.076 seconds
[2023-06-15T18:07:42.564+0000] {processor.py:153} INFO - Started process (PID=851) to work on /home/airflow/.local/lib/python3.7/site-packages/airflow/example_dags/example_external_task_marker_dag.py
[2023-06-15T18:07:42.565+0000] {processor.py:743} INFO - Processing file /home/airflow/.local/lib/python3.7/site-packages/airflow/example_dags/example_external_task_marker_dag.py for tasks to queue
[2023-06-15T18:07:42.566+0000] {logging_mixin.py:137} INFO - [2023-06-15T18:07:42.566+0000] {dagbag.py:538} INFO - Filling up the DagBag from /home/airflow/.local/lib/python3.7/site-packages/airflow/example_dags/example_external_task_marker_dag.py
[2023-06-15T18:07:42.581+0000] {processor.py:753} INFO - DAG(s) dict_keys(['example_external_task_marker_parent', 'example_external_task_marker_child']) retrieved from /home/airflow/.local/lib/python3.7/site-packages/airflow/example_dags/example_external_task_marker_dag.py
[2023-06-15T18:07:42.620+0000] {logging_mixin.py:137} INFO - [2023-06-15T18:07:42.620+0000] {dag.py:2690} INFO - Sync 2 DAGs
[2023-06-15T18:07:42.645+0000] {logging_mixin.py:137} INFO - [2023-06-15T18:07:42.645+0000] {dag.py:3441} INFO - Setting next_dagrun for example_external_task_marker_child to None, run_after=None
[2023-06-15T18:07:42.650+0000] {logging_mixin.py:137} INFO - [2023-06-15T18:07:42.650+0000] {dag.py:3441} INFO - Setting next_dagrun for example_external_task_marker_parent to None, run_after=None
[2023-06-15T18:07:42.663+0000] {processor.py:175} INFO - Processing /home/airflow/.local/lib/python3.7/site-packages/airflow/example_dags/example_external_task_marker_dag.py took 0.103 seconds
[2023-06-15T18:08:12.777+0000] {processor.py:153} INFO - Started process (PID=927) to work on /home/airflow/.local/lib/python3.7/site-packages/airflow/example_dags/example_external_task_marker_dag.py
[2023-06-15T18:08:12.778+0000] {processor.py:743} INFO - Processing file /home/airflow/.local/lib/python3.7/site-packages/airflow/example_dags/example_external_task_marker_dag.py for tasks to queue
[2023-06-15T18:08:12.779+0000] {logging_mixin.py:137} INFO - [2023-06-15T18:08:12.779+0000] {dagbag.py:538} INFO - Filling up the DagBag from /home/airflow/.local/lib/python3.7/site-packages/airflow/example_dags/example_external_task_marker_dag.py
[2023-06-15T18:08:12.794+0000] {processor.py:753} INFO - DAG(s) dict_keys(['example_external_task_marker_child', 'example_external_task_marker_parent']) retrieved from /home/airflow/.local/lib/python3.7/site-packages/airflow/example_dags/example_external_task_marker_dag.py
[2023-06-15T18:08:12.824+0000] {logging_mixin.py:137} INFO - [2023-06-15T18:08:12.824+0000] {dag.py:2690} INFO - Sync 2 DAGs
[2023-06-15T18:08:12.850+0000] {logging_mixin.py:137} INFO - [2023-06-15T18:08:12.850+0000] {dag.py:3441} INFO - Setting next_dagrun for example_external_task_marker_child to None, run_after=None
[2023-06-15T18:08:12.854+0000] {logging_mixin.py:137} INFO - [2023-06-15T18:08:12.854+0000] {dag.py:3441} INFO - Setting next_dagrun for example_external_task_marker_parent to None, run_after=None
[2023-06-15T18:08:12.875+0000] {processor.py:175} INFO - Processing /home/airflow/.local/lib/python3.7/site-packages/airflow/example_dags/example_external_task_marker_dag.py took 0.103 seconds
[2023-06-15T18:08:43.543+0000] {processor.py:153} INFO - Started process (PID=1003) to work on /home/airflow/.local/lib/python3.7/site-packages/airflow/example_dags/example_external_task_marker_dag.py
[2023-06-15T18:08:43.544+0000] {processor.py:743} INFO - Processing file /home/airflow/.local/lib/python3.7/site-packages/airflow/example_dags/example_external_task_marker_dag.py for tasks to queue
[2023-06-15T18:08:43.545+0000] {logging_mixin.py:137} INFO - [2023-06-15T18:08:43.545+0000] {dagbag.py:538} INFO - Filling up the DagBag from /home/airflow/.local/lib/python3.7/site-packages/airflow/example_dags/example_external_task_marker_dag.py
[2023-06-15T18:08:43.558+0000] {processor.py:753} INFO - DAG(s) dict_keys(['example_external_task_marker_child', 'example_external_task_marker_parent']) retrieved from /home/airflow/.local/lib/python3.7/site-packages/airflow/example_dags/example_external_task_marker_dag.py
[2023-06-15T18:08:43.584+0000] {logging_mixin.py:137} INFO - [2023-06-15T18:08:43.584+0000] {dag.py:2690} INFO - Sync 2 DAGs
[2023-06-15T18:08:43.604+0000] {logging_mixin.py:137} INFO - [2023-06-15T18:08:43.604+0000] {dag.py:3441} INFO - Setting next_dagrun for example_external_task_marker_child to None, run_after=None
[2023-06-15T18:08:43.608+0000] {logging_mixin.py:137} INFO - [2023-06-15T18:08:43.608+0000] {dag.py:3441} INFO - Setting next_dagrun for example_external_task_marker_parent to None, run_after=None
[2023-06-15T18:08:43.622+0000] {processor.py:175} INFO - Processing /home/airflow/.local/lib/python3.7/site-packages/airflow/example_dags/example_external_task_marker_dag.py took 0.082 seconds
[2023-06-15T18:09:14.137+0000] {processor.py:153} INFO - Started process (PID=1067) to work on /home/airflow/.local/lib/python3.7/site-packages/airflow/example_dags/example_external_task_marker_dag.py
[2023-06-15T18:09:14.138+0000] {processor.py:743} INFO - Processing file /home/airflow/.local/lib/python3.7/site-packages/airflow/example_dags/example_external_task_marker_dag.py for tasks to queue
[2023-06-15T18:09:14.140+0000] {logging_mixin.py:137} INFO - [2023-06-15T18:09:14.139+0000] {dagbag.py:538} INFO - Filling up the DagBag from /home/airflow/.local/lib/python3.7/site-packages/airflow/example_dags/example_external_task_marker_dag.py
[2023-06-15T18:09:14.153+0000] {processor.py:753} INFO - DAG(s) dict_keys(['example_external_task_marker_child', 'example_external_task_marker_parent']) retrieved from /home/airflow/.local/lib/python3.7/site-packages/airflow/example_dags/example_external_task_marker_dag.py
[2023-06-15T18:09:14.181+0000] {logging_mixin.py:137} INFO - [2023-06-15T18:09:14.181+0000] {dag.py:2690} INFO - Sync 2 DAGs
[2023-06-15T18:09:14.199+0000] {logging_mixin.py:137} INFO - [2023-06-15T18:09:14.199+0000] {dag.py:3441} INFO - Setting next_dagrun for example_external_task_marker_child to None, run_after=None
[2023-06-15T18:09:14.202+0000] {logging_mixin.py:137} INFO - [2023-06-15T18:09:14.202+0000] {dag.py:3441} INFO - Setting next_dagrun for example_external_task_marker_parent to None, run_after=None
[2023-06-15T18:09:14.216+0000] {processor.py:175} INFO - Processing /home/airflow/.local/lib/python3.7/site-packages/airflow/example_dags/example_external_task_marker_dag.py took 0.083 seconds
[2023-06-15T18:09:44.815+0000] {processor.py:153} INFO - Started process (PID=1143) to work on /home/airflow/.local/lib/python3.7/site-packages/airflow/example_dags/example_external_task_marker_dag.py
[2023-06-15T18:09:44.817+0000] {processor.py:743} INFO - Processing file /home/airflow/.local/lib/python3.7/site-packages/airflow/example_dags/example_external_task_marker_dag.py for tasks to queue
[2023-06-15T18:09:44.818+0000] {logging_mixin.py:137} INFO - [2023-06-15T18:09:44.818+0000] {dagbag.py:538} INFO - Filling up the DagBag from /home/airflow/.local/lib/python3.7/site-packages/airflow/example_dags/example_external_task_marker_dag.py
[2023-06-15T18:09:44.830+0000] {processor.py:753} INFO - DAG(s) dict_keys(['example_external_task_marker_parent', 'example_external_task_marker_child']) retrieved from /home/airflow/.local/lib/python3.7/site-packages/airflow/example_dags/example_external_task_marker_dag.py
[2023-06-15T18:09:44.857+0000] {logging_mixin.py:137} INFO - [2023-06-15T18:09:44.857+0000] {dag.py:2690} INFO - Sync 2 DAGs
[2023-06-15T18:09:44.879+0000] {logging_mixin.py:137} INFO - [2023-06-15T18:09:44.879+0000] {dag.py:3441} INFO - Setting next_dagrun for example_external_task_marker_child to None, run_after=None
[2023-06-15T18:09:44.883+0000] {logging_mixin.py:137} INFO - [2023-06-15T18:09:44.883+0000] {dag.py:3441} INFO - Setting next_dagrun for example_external_task_marker_parent to None, run_after=None
[2023-06-15T18:09:44.898+0000] {processor.py:175} INFO - Processing /home/airflow/.local/lib/python3.7/site-packages/airflow/example_dags/example_external_task_marker_dag.py took 0.086 seconds
[2023-06-15T18:10:15.529+0000] {processor.py:153} INFO - Started process (PID=1216) to work on /home/airflow/.local/lib/python3.7/site-packages/airflow/example_dags/example_external_task_marker_dag.py
[2023-06-15T18:10:15.531+0000] {processor.py:743} INFO - Processing file /home/airflow/.local/lib/python3.7/site-packages/airflow/example_dags/example_external_task_marker_dag.py for tasks to queue
[2023-06-15T18:10:15.532+0000] {logging_mixin.py:137} INFO - [2023-06-15T18:10:15.532+0000] {dagbag.py:538} INFO - Filling up the DagBag from /home/airflow/.local/lib/python3.7/site-packages/airflow/example_dags/example_external_task_marker_dag.py
[2023-06-15T18:10:15.546+0000] {processor.py:753} INFO - DAG(s) dict_keys(['example_external_task_marker_child', 'example_external_task_marker_parent']) retrieved from /home/airflow/.local/lib/python3.7/site-packages/airflow/example_dags/example_external_task_marker_dag.py
[2023-06-15T18:10:15.581+0000] {logging_mixin.py:137} INFO - [2023-06-15T18:10:15.581+0000] {dag.py:2690} INFO - Sync 2 DAGs
[2023-06-15T18:10:15.610+0000] {logging_mixin.py:137} INFO - [2023-06-15T18:10:15.610+0000] {dag.py:3441} INFO - Setting next_dagrun for example_external_task_marker_child to None, run_after=None
[2023-06-15T18:10:15.614+0000] {logging_mixin.py:137} INFO - [2023-06-15T18:10:15.614+0000] {dag.py:3441} INFO - Setting next_dagrun for example_external_task_marker_parent to None, run_after=None
[2023-06-15T18:10:15.630+0000] {processor.py:175} INFO - Processing /home/airflow/.local/lib/python3.7/site-packages/airflow/example_dags/example_external_task_marker_dag.py took 0.106 seconds
[2023-06-15T18:10:46.301+0000] {processor.py:153} INFO - Started process (PID=1283) to work on /home/airflow/.local/lib/python3.7/site-packages/airflow/example_dags/example_external_task_marker_dag.py
[2023-06-15T18:10:46.302+0000] {processor.py:743} INFO - Processing file /home/airflow/.local/lib/python3.7/site-packages/airflow/example_dags/example_external_task_marker_dag.py for tasks to queue
[2023-06-15T18:10:46.303+0000] {logging_mixin.py:137} INFO - [2023-06-15T18:10:46.303+0000] {dagbag.py:538} INFO - Filling up the DagBag from /home/airflow/.local/lib/python3.7/site-packages/airflow/example_dags/example_external_task_marker_dag.py
[2023-06-15T18:10:46.317+0000] {processor.py:753} INFO - DAG(s) dict_keys(['example_external_task_marker_child', 'example_external_task_marker_parent']) retrieved from /home/airflow/.local/lib/python3.7/site-packages/airflow/example_dags/example_external_task_marker_dag.py
[2023-06-15T18:10:46.343+0000] {logging_mixin.py:137} INFO - [2023-06-15T18:10:46.343+0000] {dag.py:2690} INFO - Sync 2 DAGs
[2023-06-15T18:10:46.362+0000] {logging_mixin.py:137} INFO - [2023-06-15T18:10:46.362+0000] {dag.py:3441} INFO - Setting next_dagrun for example_external_task_marker_child to None, run_after=None
[2023-06-15T18:10:46.365+0000] {logging_mixin.py:137} INFO - [2023-06-15T18:10:46.365+0000] {dag.py:3441} INFO - Setting next_dagrun for example_external_task_marker_parent to None, run_after=None
[2023-06-15T18:10:46.377+0000] {processor.py:175} INFO - Processing /home/airflow/.local/lib/python3.7/site-packages/airflow/example_dags/example_external_task_marker_dag.py took 0.079 seconds
[2023-06-15T18:11:16.924+0000] {processor.py:153} INFO - Started process (PID=1359) to work on /home/airflow/.local/lib/python3.7/site-packages/airflow/example_dags/example_external_task_marker_dag.py
[2023-06-15T18:11:16.927+0000] {processor.py:743} INFO - Processing file /home/airflow/.local/lib/python3.7/site-packages/airflow/example_dags/example_external_task_marker_dag.py for tasks to queue
[2023-06-15T18:11:16.928+0000] {logging_mixin.py:137} INFO - [2023-06-15T18:11:16.928+0000] {dagbag.py:538} INFO - Filling up the DagBag from /home/airflow/.local/lib/python3.7/site-packages/airflow/example_dags/example_external_task_marker_dag.py
[2023-06-15T18:11:16.947+0000] {processor.py:753} INFO - DAG(s) dict_keys(['example_external_task_marker_child', 'example_external_task_marker_parent']) retrieved from /home/airflow/.local/lib/python3.7/site-packages/airflow/example_dags/example_external_task_marker_dag.py
[2023-06-15T18:11:16.979+0000] {logging_mixin.py:137} INFO - [2023-06-15T18:11:16.978+0000] {dag.py:2690} INFO - Sync 2 DAGs
[2023-06-15T18:11:16.998+0000] {logging_mixin.py:137} INFO - [2023-06-15T18:11:16.998+0000] {dag.py:3441} INFO - Setting next_dagrun for example_external_task_marker_child to None, run_after=None
[2023-06-15T18:11:17.002+0000] {logging_mixin.py:137} INFO - [2023-06-15T18:11:17.001+0000] {dag.py:3441} INFO - Setting next_dagrun for example_external_task_marker_parent to None, run_after=None
[2023-06-15T18:11:17.014+0000] {processor.py:175} INFO - Processing /home/airflow/.local/lib/python3.7/site-packages/airflow/example_dags/example_external_task_marker_dag.py took 0.096 seconds
[2023-06-15T18:11:47.487+0000] {processor.py:153} INFO - Started process (PID=1424) to work on /home/airflow/.local/lib/python3.7/site-packages/airflow/example_dags/example_external_task_marker_dag.py
[2023-06-15T18:11:47.489+0000] {processor.py:743} INFO - Processing file /home/airflow/.local/lib/python3.7/site-packages/airflow/example_dags/example_external_task_marker_dag.py for tasks to queue
[2023-06-15T18:11:47.490+0000] {logging_mixin.py:137} INFO - [2023-06-15T18:11:47.490+0000] {dagbag.py:538} INFO - Filling up the DagBag from /home/airflow/.local/lib/python3.7/site-packages/airflow/example_dags/example_external_task_marker_dag.py
[2023-06-15T18:11:47.503+0000] {processor.py:753} INFO - DAG(s) dict_keys(['example_external_task_marker_parent', 'example_external_task_marker_child']) retrieved from /home/airflow/.local/lib/python3.7/site-packages/airflow/example_dags/example_external_task_marker_dag.py
[2023-06-15T18:11:47.530+0000] {logging_mixin.py:137} INFO - [2023-06-15T18:11:47.529+0000] {dag.py:2690} INFO - Sync 2 DAGs
[2023-06-15T18:11:47.549+0000] {logging_mixin.py:137} INFO - [2023-06-15T18:11:47.549+0000] {dag.py:3441} INFO - Setting next_dagrun for example_external_task_marker_child to None, run_after=None
[2023-06-15T18:11:47.552+0000] {logging_mixin.py:137} INFO - [2023-06-15T18:11:47.552+0000] {dag.py:3441} INFO - Setting next_dagrun for example_external_task_marker_parent to None, run_after=None
[2023-06-15T18:11:47.564+0000] {processor.py:175} INFO - Processing /home/airflow/.local/lib/python3.7/site-packages/airflow/example_dags/example_external_task_marker_dag.py took 0.080 seconds
[2023-06-15T18:12:18.122+0000] {processor.py:153} INFO - Started process (PID=1501) to work on /home/airflow/.local/lib/python3.7/site-packages/airflow/example_dags/example_external_task_marker_dag.py
[2023-06-15T18:12:18.124+0000] {processor.py:743} INFO - Processing file /home/airflow/.local/lib/python3.7/site-packages/airflow/example_dags/example_external_task_marker_dag.py for tasks to queue
[2023-06-15T18:12:18.125+0000] {logging_mixin.py:137} INFO - [2023-06-15T18:12:18.125+0000] {dagbag.py:538} INFO - Filling up the DagBag from /home/airflow/.local/lib/python3.7/site-packages/airflow/example_dags/example_external_task_marker_dag.py
[2023-06-15T18:12:18.137+0000] {processor.py:753} INFO - DAG(s) dict_keys(['example_external_task_marker_child', 'example_external_task_marker_parent']) retrieved from /home/airflow/.local/lib/python3.7/site-packages/airflow/example_dags/example_external_task_marker_dag.py
[2023-06-15T18:12:18.164+0000] {logging_mixin.py:137} INFO - [2023-06-15T18:12:18.164+0000] {dag.py:2690} INFO - Sync 2 DAGs
[2023-06-15T18:12:18.187+0000] {logging_mixin.py:137} INFO - [2023-06-15T18:12:18.187+0000] {dag.py:3441} INFO - Setting next_dagrun for example_external_task_marker_child to None, run_after=None
[2023-06-15T18:12:18.190+0000] {logging_mixin.py:137} INFO - [2023-06-15T18:12:18.190+0000] {dag.py:3441} INFO - Setting next_dagrun for example_external_task_marker_parent to None, run_after=None
[2023-06-15T18:12:18.202+0000] {processor.py:175} INFO - Processing /home/airflow/.local/lib/python3.7/site-packages/airflow/example_dags/example_external_task_marker_dag.py took 0.084 seconds
[2023-06-15T18:12:48.785+0000] {processor.py:153} INFO - Started process (PID=1579) to work on /home/airflow/.local/lib/python3.7/site-packages/airflow/example_dags/example_external_task_marker_dag.py
[2023-06-15T18:12:48.786+0000] {processor.py:743} INFO - Processing file /home/airflow/.local/lib/python3.7/site-packages/airflow/example_dags/example_external_task_marker_dag.py for tasks to queue
[2023-06-15T18:12:48.787+0000] {logging_mixin.py:137} INFO - [2023-06-15T18:12:48.787+0000] {dagbag.py:538} INFO - Filling up the DagBag from /home/airflow/.local/lib/python3.7/site-packages/airflow/example_dags/example_external_task_marker_dag.py
[2023-06-15T18:12:48.799+0000] {processor.py:753} INFO - DAG(s) dict_keys(['example_external_task_marker_child', 'example_external_task_marker_parent']) retrieved from /home/airflow/.local/lib/python3.7/site-packages/airflow/example_dags/example_external_task_marker_dag.py
[2023-06-15T18:12:48.825+0000] {logging_mixin.py:137} INFO - [2023-06-15T18:12:48.825+0000] {dag.py:2690} INFO - Sync 2 DAGs
[2023-06-15T18:12:48.844+0000] {logging_mixin.py:137} INFO - [2023-06-15T18:12:48.844+0000] {dag.py:3441} INFO - Setting next_dagrun for example_external_task_marker_child to None, run_after=None
[2023-06-15T18:12:48.847+0000] {logging_mixin.py:137} INFO - [2023-06-15T18:12:48.847+0000] {dag.py:3441} INFO - Setting next_dagrun for example_external_task_marker_parent to None, run_after=None
[2023-06-15T18:12:48.858+0000] {processor.py:175} INFO - Processing /home/airflow/.local/lib/python3.7/site-packages/airflow/example_dags/example_external_task_marker_dag.py took 0.076 seconds
[2023-06-15T18:13:19.499+0000] {processor.py:153} INFO - Started process (PID=1645) to work on /home/airflow/.local/lib/python3.7/site-packages/airflow/example_dags/example_external_task_marker_dag.py
[2023-06-15T18:13:19.500+0000] {processor.py:743} INFO - Processing file /home/airflow/.local/lib/python3.7/site-packages/airflow/example_dags/example_external_task_marker_dag.py for tasks to queue
[2023-06-15T18:13:19.501+0000] {logging_mixin.py:137} INFO - [2023-06-15T18:13:19.501+0000] {dagbag.py:538} INFO - Filling up the DagBag from /home/airflow/.local/lib/python3.7/site-packages/airflow/example_dags/example_external_task_marker_dag.py
[2023-06-15T18:13:19.513+0000] {processor.py:753} INFO - DAG(s) dict_keys(['example_external_task_marker_child', 'example_external_task_marker_parent']) retrieved from /home/airflow/.local/lib/python3.7/site-packages/airflow/example_dags/example_external_task_marker_dag.py
[2023-06-15T18:13:19.540+0000] {logging_mixin.py:137} INFO - [2023-06-15T18:13:19.540+0000] {dag.py:2690} INFO - Sync 2 DAGs
[2023-06-15T18:13:19.559+0000] {logging_mixin.py:137} INFO - [2023-06-15T18:13:19.559+0000] {dag.py:3441} INFO - Setting next_dagrun for example_external_task_marker_child to None, run_after=None
[2023-06-15T18:13:19.562+0000] {logging_mixin.py:137} INFO - [2023-06-15T18:13:19.562+0000] {dag.py:3441} INFO - Setting next_dagrun for example_external_task_marker_parent to None, run_after=None
[2023-06-15T18:13:19.575+0000] {processor.py:175} INFO - Processing /home/airflow/.local/lib/python3.7/site-packages/airflow/example_dags/example_external_task_marker_dag.py took 0.080 seconds
[2023-06-15T18:13:50.407+0000] {processor.py:153} INFO - Started process (PID=1723) to work on /home/airflow/.local/lib/python3.7/site-packages/airflow/example_dags/example_external_task_marker_dag.py
[2023-06-15T18:13:50.409+0000] {processor.py:743} INFO - Processing file /home/airflow/.local/lib/python3.7/site-packages/airflow/example_dags/example_external_task_marker_dag.py for tasks to queue
[2023-06-15T18:13:50.410+0000] {logging_mixin.py:137} INFO - [2023-06-15T18:13:50.409+0000] {dagbag.py:538} INFO - Filling up the DagBag from /home/airflow/.local/lib/python3.7/site-packages/airflow/example_dags/example_external_task_marker_dag.py
[2023-06-15T18:13:50.422+0000] {processor.py:753} INFO - DAG(s) dict_keys(['example_external_task_marker_child', 'example_external_task_marker_parent']) retrieved from /home/airflow/.local/lib/python3.7/site-packages/airflow/example_dags/example_external_task_marker_dag.py
[2023-06-15T18:13:50.449+0000] {logging_mixin.py:137} INFO - [2023-06-15T18:13:50.449+0000] {dag.py:2690} INFO - Sync 2 DAGs
[2023-06-15T18:13:50.469+0000] {logging_mixin.py:137} INFO - [2023-06-15T18:13:50.469+0000] {dag.py:3441} INFO - Setting next_dagrun for example_external_task_marker_child to None, run_after=None
[2023-06-15T18:13:50.472+0000] {logging_mixin.py:137} INFO - [2023-06-15T18:13:50.472+0000] {dag.py:3441} INFO - Setting next_dagrun for example_external_task_marker_parent to None, run_after=None
[2023-06-15T18:13:50.487+0000] {processor.py:175} INFO - Processing /home/airflow/.local/lib/python3.7/site-packages/airflow/example_dags/example_external_task_marker_dag.py took 0.083 seconds
[2023-06-15T18:14:20.614+0000] {processor.py:153} INFO - Started process (PID=1800) to work on /home/airflow/.local/lib/python3.7/site-packages/airflow/example_dags/example_external_task_marker_dag.py
[2023-06-15T18:14:20.615+0000] {processor.py:743} INFO - Processing file /home/airflow/.local/lib/python3.7/site-packages/airflow/example_dags/example_external_task_marker_dag.py for tasks to queue
[2023-06-15T18:14:20.616+0000] {logging_mixin.py:137} INFO - [2023-06-15T18:14:20.616+0000] {dagbag.py:538} INFO - Filling up the DagBag from /home/airflow/.local/lib/python3.7/site-packages/airflow/example_dags/example_external_task_marker_dag.py
[2023-06-15T18:14:20.629+0000] {processor.py:753} INFO - DAG(s) dict_keys(['example_external_task_marker_child', 'example_external_task_marker_parent']) retrieved from /home/airflow/.local/lib/python3.7/site-packages/airflow/example_dags/example_external_task_marker_dag.py
[2023-06-15T18:14:20.658+0000] {logging_mixin.py:137} INFO - [2023-06-15T18:14:20.658+0000] {dag.py:2690} INFO - Sync 2 DAGs
[2023-06-15T18:14:20.677+0000] {logging_mixin.py:137} INFO - [2023-06-15T18:14:20.677+0000] {dag.py:3441} INFO - Setting next_dagrun for example_external_task_marker_child to None, run_after=None
[2023-06-15T18:14:20.680+0000] {logging_mixin.py:137} INFO - [2023-06-15T18:14:20.680+0000] {dag.py:3441} INFO - Setting next_dagrun for example_external_task_marker_parent to None, run_after=None
[2023-06-15T18:14:20.694+0000] {processor.py:175} INFO - Processing /home/airflow/.local/lib/python3.7/site-packages/airflow/example_dags/example_external_task_marker_dag.py took 0.085 seconds
[2023-06-15T18:14:51.621+0000] {processor.py:153} INFO - Started process (PID=1865) to work on /home/airflow/.local/lib/python3.7/site-packages/airflow/example_dags/example_external_task_marker_dag.py
[2023-06-15T18:14:51.623+0000] {processor.py:743} INFO - Processing file /home/airflow/.local/lib/python3.7/site-packages/airflow/example_dags/example_external_task_marker_dag.py for tasks to queue
[2023-06-15T18:14:51.624+0000] {logging_mixin.py:137} INFO - [2023-06-15T18:14:51.624+0000] {dagbag.py:538} INFO - Filling up the DagBag from /home/airflow/.local/lib/python3.7/site-packages/airflow/example_dags/example_external_task_marker_dag.py
[2023-06-15T18:14:51.637+0000] {processor.py:753} INFO - DAG(s) dict_keys(['example_external_task_marker_child', 'example_external_task_marker_parent']) retrieved from /home/airflow/.local/lib/python3.7/site-packages/airflow/example_dags/example_external_task_marker_dag.py
[2023-06-15T18:14:51.666+0000] {logging_mixin.py:137} INFO - [2023-06-15T18:14:51.666+0000] {dag.py:2690} INFO - Sync 2 DAGs
[2023-06-15T18:14:51.687+0000] {logging_mixin.py:137} INFO - [2023-06-15T18:14:51.687+0000] {dag.py:3441} INFO - Setting next_dagrun for example_external_task_marker_child to None, run_after=None
[2023-06-15T18:14:51.690+0000] {logging_mixin.py:137} INFO - [2023-06-15T18:14:51.690+0000] {dag.py:3441} INFO - Setting next_dagrun for example_external_task_marker_parent to None, run_after=None
[2023-06-15T18:14:51.704+0000] {processor.py:175} INFO - Processing /home/airflow/.local/lib/python3.7/site-packages/airflow/example_dags/example_external_task_marker_dag.py took 0.087 seconds
[2023-06-15T18:15:22.024+0000] {processor.py:153} INFO - Started process (PID=1943) to work on /home/airflow/.local/lib/python3.7/site-packages/airflow/example_dags/example_external_task_marker_dag.py
[2023-06-15T18:15:22.025+0000] {processor.py:743} INFO - Processing file /home/airflow/.local/lib/python3.7/site-packages/airflow/example_dags/example_external_task_marker_dag.py for tasks to queue
[2023-06-15T18:15:22.026+0000] {logging_mixin.py:137} INFO - [2023-06-15T18:15:22.026+0000] {dagbag.py:538} INFO - Filling up the DagBag from /home/airflow/.local/lib/python3.7/site-packages/airflow/example_dags/example_external_task_marker_dag.py
[2023-06-15T18:15:22.038+0000] {processor.py:753} INFO - DAG(s) dict_keys(['example_external_task_marker_parent', 'example_external_task_marker_child']) retrieved from /home/airflow/.local/lib/python3.7/site-packages/airflow/example_dags/example_external_task_marker_dag.py
[2023-06-15T18:15:22.066+0000] {logging_mixin.py:137} INFO - [2023-06-15T18:15:22.066+0000] {dag.py:2690} INFO - Sync 2 DAGs
[2023-06-15T18:15:22.087+0000] {logging_mixin.py:137} INFO - [2023-06-15T18:15:22.087+0000] {dag.py:3441} INFO - Setting next_dagrun for example_external_task_marker_child to None, run_after=None
[2023-06-15T18:15:22.090+0000] {logging_mixin.py:137} INFO - [2023-06-15T18:15:22.090+0000] {dag.py:3441} INFO - Setting next_dagrun for example_external_task_marker_parent to None, run_after=None
[2023-06-15T18:15:22.102+0000] {processor.py:175} INFO - Processing /home/airflow/.local/lib/python3.7/site-packages/airflow/example_dags/example_external_task_marker_dag.py took 0.082 seconds
[2023-06-15T18:15:52.272+0000] {processor.py:153} INFO - Started process (PID=2009) to work on /home/airflow/.local/lib/python3.7/site-packages/airflow/example_dags/example_external_task_marker_dag.py
[2023-06-15T18:15:52.273+0000] {processor.py:743} INFO - Processing file /home/airflow/.local/lib/python3.7/site-packages/airflow/example_dags/example_external_task_marker_dag.py for tasks to queue
[2023-06-15T18:15:52.274+0000] {logging_mixin.py:137} INFO - [2023-06-15T18:15:52.274+0000] {dagbag.py:538} INFO - Filling up the DagBag from /home/airflow/.local/lib/python3.7/site-packages/airflow/example_dags/example_external_task_marker_dag.py
[2023-06-15T18:15:52.286+0000] {processor.py:753} INFO - DAG(s) dict_keys(['example_external_task_marker_parent', 'example_external_task_marker_child']) retrieved from /home/airflow/.local/lib/python3.7/site-packages/airflow/example_dags/example_external_task_marker_dag.py
[2023-06-15T18:15:52.310+0000] {logging_mixin.py:137} INFO - [2023-06-15T18:15:52.310+0000] {dag.py:2690} INFO - Sync 2 DAGs
[2023-06-15T18:15:52.331+0000] {logging_mixin.py:137} INFO - [2023-06-15T18:15:52.331+0000] {dag.py:3441} INFO - Setting next_dagrun for example_external_task_marker_child to None, run_after=None
[2023-06-15T18:15:52.336+0000] {logging_mixin.py:137} INFO - [2023-06-15T18:15:52.336+0000] {dag.py:3441} INFO - Setting next_dagrun for example_external_task_marker_parent to None, run_after=None
[2023-06-15T18:15:52.349+0000] {processor.py:175} INFO - Processing /home/airflow/.local/lib/python3.7/site-packages/airflow/example_dags/example_external_task_marker_dag.py took 0.081 seconds
[2023-06-15T18:16:22.934+0000] {processor.py:153} INFO - Started process (PID=2086) to work on /home/airflow/.local/lib/python3.7/site-packages/airflow/example_dags/example_external_task_marker_dag.py
[2023-06-15T18:16:22.935+0000] {processor.py:743} INFO - Processing file /home/airflow/.local/lib/python3.7/site-packages/airflow/example_dags/example_external_task_marker_dag.py for tasks to queue
[2023-06-15T18:16:22.936+0000] {logging_mixin.py:137} INFO - [2023-06-15T18:16:22.936+0000] {dagbag.py:538} INFO - Filling up the DagBag from /home/airflow/.local/lib/python3.7/site-packages/airflow/example_dags/example_external_task_marker_dag.py
[2023-06-15T18:16:22.948+0000] {processor.py:753} INFO - DAG(s) dict_keys(['example_external_task_marker_parent', 'example_external_task_marker_child']) retrieved from /home/airflow/.local/lib/python3.7/site-packages/airflow/example_dags/example_external_task_marker_dag.py
[2023-06-15T18:16:22.974+0000] {logging_mixin.py:137} INFO - [2023-06-15T18:16:22.974+0000] {dag.py:2690} INFO - Sync 2 DAGs
[2023-06-15T18:16:22.993+0000] {logging_mixin.py:137} INFO - [2023-06-15T18:16:22.993+0000] {dag.py:3441} INFO - Setting next_dagrun for example_external_task_marker_child to None, run_after=None
[2023-06-15T18:16:22.996+0000] {logging_mixin.py:137} INFO - [2023-06-15T18:16:22.996+0000] {dag.py:3441} INFO - Setting next_dagrun for example_external_task_marker_parent to None, run_after=None
[2023-06-15T18:16:23.008+0000] {processor.py:175} INFO - Processing /home/airflow/.local/lib/python3.7/site-packages/airflow/example_dags/example_external_task_marker_dag.py took 0.077 seconds
[2023-06-15T18:16:53.533+0000] {processor.py:153} INFO - Started process (PID=2163) to work on /home/airflow/.local/lib/python3.7/site-packages/airflow/example_dags/example_external_task_marker_dag.py
[2023-06-15T18:16:53.534+0000] {processor.py:743} INFO - Processing file /home/airflow/.local/lib/python3.7/site-packages/airflow/example_dags/example_external_task_marker_dag.py for tasks to queue
[2023-06-15T18:16:53.535+0000] {logging_mixin.py:137} INFO - [2023-06-15T18:16:53.535+0000] {dagbag.py:538} INFO - Filling up the DagBag from /home/airflow/.local/lib/python3.7/site-packages/airflow/example_dags/example_external_task_marker_dag.py
[2023-06-15T18:16:53.547+0000] {processor.py:753} INFO - DAG(s) dict_keys(['example_external_task_marker_child', 'example_external_task_marker_parent']) retrieved from /home/airflow/.local/lib/python3.7/site-packages/airflow/example_dags/example_external_task_marker_dag.py
[2023-06-15T18:16:53.572+0000] {logging_mixin.py:137} INFO - [2023-06-15T18:16:53.572+0000] {dag.py:2690} INFO - Sync 2 DAGs
[2023-06-15T18:16:53.590+0000] {logging_mixin.py:137} INFO - [2023-06-15T18:16:53.590+0000] {dag.py:3441} INFO - Setting next_dagrun for example_external_task_marker_child to None, run_after=None
[2023-06-15T18:16:53.593+0000] {logging_mixin.py:137} INFO - [2023-06-15T18:16:53.593+0000] {dag.py:3441} INFO - Setting next_dagrun for example_external_task_marker_parent to None, run_after=None
[2023-06-15T18:16:53.605+0000] {processor.py:175} INFO - Processing /home/airflow/.local/lib/python3.7/site-packages/airflow/example_dags/example_external_task_marker_dag.py took 0.075 seconds
[2023-06-15T18:17:23.910+0000] {processor.py:153} INFO - Started process (PID=2228) to work on /home/airflow/.local/lib/python3.7/site-packages/airflow/example_dags/example_external_task_marker_dag.py
[2023-06-15T18:17:23.912+0000] {processor.py:743} INFO - Processing file /home/airflow/.local/lib/python3.7/site-packages/airflow/example_dags/example_external_task_marker_dag.py for tasks to queue
[2023-06-15T18:17:23.913+0000] {logging_mixin.py:137} INFO - [2023-06-15T18:17:23.913+0000] {dagbag.py:538} INFO - Filling up the DagBag from /home/airflow/.local/lib/python3.7/site-packages/airflow/example_dags/example_external_task_marker_dag.py
[2023-06-15T18:17:23.926+0000] {processor.py:753} INFO - DAG(s) dict_keys(['example_external_task_marker_parent', 'example_external_task_marker_child']) retrieved from /home/airflow/.local/lib/python3.7/site-packages/airflow/example_dags/example_external_task_marker_dag.py
[2023-06-15T18:17:23.952+0000] {logging_mixin.py:137} INFO - [2023-06-15T18:17:23.952+0000] {dag.py:2690} INFO - Sync 2 DAGs
[2023-06-15T18:17:23.972+0000] {logging_mixin.py:137} INFO - [2023-06-15T18:17:23.972+0000] {dag.py:3441} INFO - Setting next_dagrun for example_external_task_marker_child to None, run_after=None
[2023-06-15T18:17:23.975+0000] {logging_mixin.py:137} INFO - [2023-06-15T18:17:23.975+0000] {dag.py:3441} INFO - Setting next_dagrun for example_external_task_marker_parent to None, run_after=None
[2023-06-15T18:17:23.988+0000] {processor.py:175} INFO - Processing /home/airflow/.local/lib/python3.7/site-packages/airflow/example_dags/example_external_task_marker_dag.py took 0.081 seconds
[2023-06-15T18:44:53.820+0000] {processor.py:153} INFO - Started process (PID=2312) to work on /home/airflow/.local/lib/python3.7/site-packages/airflow/example_dags/example_external_task_marker_dag.py
[2023-06-15T18:44:53.821+0000] {processor.py:743} INFO - Processing file /home/airflow/.local/lib/python3.7/site-packages/airflow/example_dags/example_external_task_marker_dag.py for tasks to queue
[2023-06-15T18:44:53.822+0000] {logging_mixin.py:137} INFO - [2023-06-15T18:44:53.822+0000] {dagbag.py:538} INFO - Filling up the DagBag from /home/airflow/.local/lib/python3.7/site-packages/airflow/example_dags/example_external_task_marker_dag.py
[2023-06-15T18:44:53.834+0000] {processor.py:753} INFO - DAG(s) dict_keys(['example_external_task_marker_parent', 'example_external_task_marker_child']) retrieved from /home/airflow/.local/lib/python3.7/site-packages/airflow/example_dags/example_external_task_marker_dag.py
[2023-06-15T18:44:53.860+0000] {logging_mixin.py:137} INFO - [2023-06-15T18:44:53.860+0000] {dag.py:2690} INFO - Sync 2 DAGs
[2023-06-15T18:44:53.880+0000] {logging_mixin.py:137} INFO - [2023-06-15T18:44:53.880+0000] {dag.py:3441} INFO - Setting next_dagrun for example_external_task_marker_child to None, run_after=None
[2023-06-15T18:44:53.883+0000] {logging_mixin.py:137} INFO - [2023-06-15T18:44:53.882+0000] {dag.py:3441} INFO - Setting next_dagrun for example_external_task_marker_parent to None, run_after=None
[2023-06-15T18:44:53.895+0000] {processor.py:175} INFO - Processing /home/airflow/.local/lib/python3.7/site-packages/airflow/example_dags/example_external_task_marker_dag.py took 0.078 seconds
[2023-06-15T18:45:24.383+0000] {processor.py:153} INFO - Started process (PID=2378) to work on /home/airflow/.local/lib/python3.7/site-packages/airflow/example_dags/example_external_task_marker_dag.py
[2023-06-15T18:45:24.385+0000] {processor.py:743} INFO - Processing file /home/airflow/.local/lib/python3.7/site-packages/airflow/example_dags/example_external_task_marker_dag.py for tasks to queue
[2023-06-15T18:45:24.386+0000] {logging_mixin.py:137} INFO - [2023-06-15T18:45:24.386+0000] {dagbag.py:538} INFO - Filling up the DagBag from /home/airflow/.local/lib/python3.7/site-packages/airflow/example_dags/example_external_task_marker_dag.py
[2023-06-15T18:45:24.398+0000] {processor.py:753} INFO - DAG(s) dict_keys(['example_external_task_marker_child', 'example_external_task_marker_parent']) retrieved from /home/airflow/.local/lib/python3.7/site-packages/airflow/example_dags/example_external_task_marker_dag.py
[2023-06-15T18:45:24.425+0000] {logging_mixin.py:137} INFO - [2023-06-15T18:45:24.425+0000] {dag.py:2690} INFO - Sync 2 DAGs
[2023-06-15T18:45:24.468+0000] {logging_mixin.py:137} INFO - [2023-06-15T18:45:24.468+0000] {dag.py:3441} INFO - Setting next_dagrun for example_external_task_marker_child to None, run_after=None
[2023-06-15T18:45:24.474+0000] {logging_mixin.py:137} INFO - [2023-06-15T18:45:24.474+0000] {dag.py:3441} INFO - Setting next_dagrun for example_external_task_marker_parent to None, run_after=None
[2023-06-15T18:45:24.498+0000] {processor.py:175} INFO - Processing /home/airflow/.local/lib/python3.7/site-packages/airflow/example_dags/example_external_task_marker_dag.py took 0.118 seconds
[2023-06-15T18:45:55.180+0000] {processor.py:153} INFO - Started process (PID=2455) to work on /home/airflow/.local/lib/python3.7/site-packages/airflow/example_dags/example_external_task_marker_dag.py
[2023-06-15T18:45:55.182+0000] {processor.py:743} INFO - Processing file /home/airflow/.local/lib/python3.7/site-packages/airflow/example_dags/example_external_task_marker_dag.py for tasks to queue
[2023-06-15T18:45:55.183+0000] {logging_mixin.py:137} INFO - [2023-06-15T18:45:55.183+0000] {dagbag.py:538} INFO - Filling up the DagBag from /home/airflow/.local/lib/python3.7/site-packages/airflow/example_dags/example_external_task_marker_dag.py
[2023-06-15T18:45:55.196+0000] {processor.py:753} INFO - DAG(s) dict_keys(['example_external_task_marker_parent', 'example_external_task_marker_child']) retrieved from /home/airflow/.local/lib/python3.7/site-packages/airflow/example_dags/example_external_task_marker_dag.py
[2023-06-15T18:45:55.222+0000] {logging_mixin.py:137} INFO - [2023-06-15T18:45:55.222+0000] {dag.py:2690} INFO - Sync 2 DAGs
[2023-06-15T18:45:55.241+0000] {logging_mixin.py:137} INFO - [2023-06-15T18:45:55.241+0000] {dag.py:3441} INFO - Setting next_dagrun for example_external_task_marker_child to None, run_after=None
[2023-06-15T18:45:55.244+0000] {logging_mixin.py:137} INFO - [2023-06-15T18:45:55.244+0000] {dag.py:3441} INFO - Setting next_dagrun for example_external_task_marker_parent to None, run_after=None
[2023-06-15T18:45:55.257+0000] {processor.py:175} INFO - Processing /home/airflow/.local/lib/python3.7/site-packages/airflow/example_dags/example_external_task_marker_dag.py took 0.080 seconds
[2023-06-15T18:46:26.372+0000] {processor.py:153} INFO - Started process (PID=2532) to work on /home/airflow/.local/lib/python3.7/site-packages/airflow/example_dags/example_external_task_marker_dag.py
[2023-06-15T18:46:26.373+0000] {processor.py:743} INFO - Processing file /home/airflow/.local/lib/python3.7/site-packages/airflow/example_dags/example_external_task_marker_dag.py for tasks to queue
[2023-06-15T18:46:26.374+0000] {logging_mixin.py:137} INFO - [2023-06-15T18:46:26.374+0000] {dagbag.py:538} INFO - Filling up the DagBag from /home/airflow/.local/lib/python3.7/site-packages/airflow/example_dags/example_external_task_marker_dag.py
[2023-06-15T18:46:26.385+0000] {processor.py:753} INFO - DAG(s) dict_keys(['example_external_task_marker_child', 'example_external_task_marker_parent']) retrieved from /home/airflow/.local/lib/python3.7/site-packages/airflow/example_dags/example_external_task_marker_dag.py
[2023-06-15T18:46:26.410+0000] {logging_mixin.py:137} INFO - [2023-06-15T18:46:26.410+0000] {dag.py:2690} INFO - Sync 2 DAGs
[2023-06-15T18:46:26.428+0000] {logging_mixin.py:137} INFO - [2023-06-15T18:46:26.428+0000] {dag.py:3441} INFO - Setting next_dagrun for example_external_task_marker_child to None, run_after=None
[2023-06-15T18:46:26.431+0000] {logging_mixin.py:137} INFO - [2023-06-15T18:46:26.431+0000] {dag.py:3441} INFO - Setting next_dagrun for example_external_task_marker_parent to None, run_after=None
[2023-06-15T18:46:26.443+0000] {processor.py:175} INFO - Processing /home/airflow/.local/lib/python3.7/site-packages/airflow/example_dags/example_external_task_marker_dag.py took 0.075 seconds
[2023-06-15T18:46:57.315+0000] {processor.py:153} INFO - Started process (PID=2597) to work on /home/airflow/.local/lib/python3.7/site-packages/airflow/example_dags/example_external_task_marker_dag.py
[2023-06-15T18:46:57.316+0000] {processor.py:743} INFO - Processing file /home/airflow/.local/lib/python3.7/site-packages/airflow/example_dags/example_external_task_marker_dag.py for tasks to queue
[2023-06-15T18:46:57.318+0000] {logging_mixin.py:137} INFO - [2023-06-15T18:46:57.318+0000] {dagbag.py:538} INFO - Filling up the DagBag from /home/airflow/.local/lib/python3.7/site-packages/airflow/example_dags/example_external_task_marker_dag.py
[2023-06-15T18:46:57.329+0000] {processor.py:753} INFO - DAG(s) dict_keys(['example_external_task_marker_parent', 'example_external_task_marker_child']) retrieved from /home/airflow/.local/lib/python3.7/site-packages/airflow/example_dags/example_external_task_marker_dag.py
[2023-06-15T18:46:57.356+0000] {logging_mixin.py:137} INFO - [2023-06-15T18:46:57.356+0000] {dag.py:2690} INFO - Sync 2 DAGs
[2023-06-15T18:46:57.375+0000] {logging_mixin.py:137} INFO - [2023-06-15T18:46:57.375+0000] {dag.py:3441} INFO - Setting next_dagrun for example_external_task_marker_child to None, run_after=None
[2023-06-15T18:46:57.378+0000] {logging_mixin.py:137} INFO - [2023-06-15T18:46:57.378+0000] {dag.py:3441} INFO - Setting next_dagrun for example_external_task_marker_parent to None, run_after=None
[2023-06-15T18:46:57.392+0000] {processor.py:175} INFO - Processing /home/airflow/.local/lib/python3.7/site-packages/airflow/example_dags/example_external_task_marker_dag.py took 0.080 seconds
[2023-06-15T18:47:27.477+0000] {processor.py:153} INFO - Started process (PID=2674) to work on /home/airflow/.local/lib/python3.7/site-packages/airflow/example_dags/example_external_task_marker_dag.py
[2023-06-15T18:47:27.478+0000] {processor.py:743} INFO - Processing file /home/airflow/.local/lib/python3.7/site-packages/airflow/example_dags/example_external_task_marker_dag.py for tasks to queue
[2023-06-15T18:47:27.479+0000] {logging_mixin.py:137} INFO - [2023-06-15T18:47:27.479+0000] {dagbag.py:538} INFO - Filling up the DagBag from /home/airflow/.local/lib/python3.7/site-packages/airflow/example_dags/example_external_task_marker_dag.py
[2023-06-15T18:47:27.491+0000] {processor.py:753} INFO - DAG(s) dict_keys(['example_external_task_marker_parent', 'example_external_task_marker_child']) retrieved from /home/airflow/.local/lib/python3.7/site-packages/airflow/example_dags/example_external_task_marker_dag.py
[2023-06-15T18:47:27.517+0000] {logging_mixin.py:137} INFO - [2023-06-15T18:47:27.517+0000] {dag.py:2690} INFO - Sync 2 DAGs
[2023-06-15T18:47:27.535+0000] {logging_mixin.py:137} INFO - [2023-06-15T18:47:27.535+0000] {dag.py:3441} INFO - Setting next_dagrun for example_external_task_marker_child to None, run_after=None
[2023-06-15T18:47:27.538+0000] {logging_mixin.py:137} INFO - [2023-06-15T18:47:27.538+0000] {dag.py:3441} INFO - Setting next_dagrun for example_external_task_marker_parent to None, run_after=None
[2023-06-15T18:47:27.549+0000] {processor.py:175} INFO - Processing /home/airflow/.local/lib/python3.7/site-packages/airflow/example_dags/example_external_task_marker_dag.py took 0.076 seconds
[2023-06-15T18:47:58.132+0000] {processor.py:153} INFO - Started process (PID=2751) to work on /home/airflow/.local/lib/python3.7/site-packages/airflow/example_dags/example_external_task_marker_dag.py
[2023-06-15T18:47:58.133+0000] {processor.py:743} INFO - Processing file /home/airflow/.local/lib/python3.7/site-packages/airflow/example_dags/example_external_task_marker_dag.py for tasks to queue
[2023-06-15T18:47:58.134+0000] {logging_mixin.py:137} INFO - [2023-06-15T18:47:58.134+0000] {dagbag.py:538} INFO - Filling up the DagBag from /home/airflow/.local/lib/python3.7/site-packages/airflow/example_dags/example_external_task_marker_dag.py
[2023-06-15T18:47:58.147+0000] {processor.py:753} INFO - DAG(s) dict_keys(['example_external_task_marker_parent', 'example_external_task_marker_child']) retrieved from /home/airflow/.local/lib/python3.7/site-packages/airflow/example_dags/example_external_task_marker_dag.py
[2023-06-15T18:47:58.174+0000] {logging_mixin.py:137} INFO - [2023-06-15T18:47:58.174+0000] {dag.py:2690} INFO - Sync 2 DAGs
[2023-06-15T18:47:58.193+0000] {logging_mixin.py:137} INFO - [2023-06-15T18:47:58.192+0000] {dag.py:3441} INFO - Setting next_dagrun for example_external_task_marker_child to None, run_after=None
[2023-06-15T18:47:58.196+0000] {logging_mixin.py:137} INFO - [2023-06-15T18:47:58.196+0000] {dag.py:3441} INFO - Setting next_dagrun for example_external_task_marker_parent to None, run_after=None
[2023-06-15T18:47:58.211+0000] {processor.py:175} INFO - Processing /home/airflow/.local/lib/python3.7/site-packages/airflow/example_dags/example_external_task_marker_dag.py took 0.083 seconds
[2023-06-15T18:48:31.389+0000] {processor.py:153} INFO - Started process (PID=2816) to work on /home/airflow/.local/lib/python3.7/site-packages/airflow/example_dags/example_external_task_marker_dag.py
[2023-06-15T18:48:31.391+0000] {processor.py:743} INFO - Processing file /home/airflow/.local/lib/python3.7/site-packages/airflow/example_dags/example_external_task_marker_dag.py for tasks to queue
[2023-06-15T18:48:31.392+0000] {logging_mixin.py:137} INFO - [2023-06-15T18:48:31.392+0000] {dagbag.py:538} INFO - Filling up the DagBag from /home/airflow/.local/lib/python3.7/site-packages/airflow/example_dags/example_external_task_marker_dag.py
[2023-06-15T18:48:31.405+0000] {processor.py:753} INFO - DAG(s) dict_keys(['example_external_task_marker_child', 'example_external_task_marker_parent']) retrieved from /home/airflow/.local/lib/python3.7/site-packages/airflow/example_dags/example_external_task_marker_dag.py
[2023-06-15T18:48:31.431+0000] {logging_mixin.py:137} INFO - [2023-06-15T18:48:31.431+0000] {dag.py:2690} INFO - Sync 2 DAGs
[2023-06-15T18:48:31.450+0000] {logging_mixin.py:137} INFO - [2023-06-15T18:48:31.450+0000] {dag.py:3441} INFO - Setting next_dagrun for example_external_task_marker_child to None, run_after=None
[2023-06-15T18:48:31.454+0000] {logging_mixin.py:137} INFO - [2023-06-15T18:48:31.454+0000] {dag.py:3441} INFO - Setting next_dagrun for example_external_task_marker_parent to None, run_after=None
[2023-06-15T18:48:31.467+0000] {processor.py:175} INFO - Processing /home/airflow/.local/lib/python3.7/site-packages/airflow/example_dags/example_external_task_marker_dag.py took 0.080 seconds
[2023-06-15T18:49:02.699+0000] {processor.py:153} INFO - Started process (PID=2881) to work on /home/airflow/.local/lib/python3.7/site-packages/airflow/example_dags/example_external_task_marker_dag.py
[2023-06-15T18:49:02.704+0000] {processor.py:743} INFO - Processing file /home/airflow/.local/lib/python3.7/site-packages/airflow/example_dags/example_external_task_marker_dag.py for tasks to queue
[2023-06-15T18:49:02.706+0000] {logging_mixin.py:137} INFO - [2023-06-15T18:49:02.705+0000] {dagbag.py:538} INFO - Filling up the DagBag from /home/airflow/.local/lib/python3.7/site-packages/airflow/example_dags/example_external_task_marker_dag.py
[2023-06-15T18:49:02.721+0000] {processor.py:753} INFO - DAG(s) dict_keys(['example_external_task_marker_parent', 'example_external_task_marker_child']) retrieved from /home/airflow/.local/lib/python3.7/site-packages/airflow/example_dags/example_external_task_marker_dag.py
[2023-06-15T18:49:02.760+0000] {logging_mixin.py:137} INFO - [2023-06-15T18:49:02.760+0000] {dag.py:2690} INFO - Sync 2 DAGs
[2023-06-15T18:49:02.787+0000] {logging_mixin.py:137} INFO - [2023-06-15T18:49:02.787+0000] {dag.py:3441} INFO - Setting next_dagrun for example_external_task_marker_child to None, run_after=None
[2023-06-15T18:49:02.792+0000] {logging_mixin.py:137} INFO - [2023-06-15T18:49:02.792+0000] {dag.py:3441} INFO - Setting next_dagrun for example_external_task_marker_parent to None, run_after=None
[2023-06-15T18:49:02.808+0000] {processor.py:175} INFO - Processing /home/airflow/.local/lib/python3.7/site-packages/airflow/example_dags/example_external_task_marker_dag.py took 0.113 seconds
