[2023-06-15T18:02:01.816+0000] {processor.py:153} INFO - Started process (PID=59) to work on /home/airflow/.local/lib/python3.7/site-packages/airflow/example_dags/example_subdag_operator.py
[2023-06-15T18:02:01.819+0000] {processor.py:743} INFO - Processing file /home/airflow/.local/lib/python3.7/site-packages/airflow/example_dags/example_subdag_operator.py for tasks to queue
[2023-06-15T18:02:01.821+0000] {logging_mixin.py:137} INFO - [2023-06-15T18:02:01.821+0000] {dagbag.py:538} INFO - Filling up the DagBag from /home/airflow/.local/lib/python3.7/site-packages/airflow/example_dags/example_subdag_operator.py
[2023-06-15T18:02:01.905+0000] {processor.py:753} INFO - DAG(s) dict_keys(['example_subdag_operator.section-1', 'example_subdag_operator.section-2', 'example_subdag_operator']) retrieved from /home/airflow/.local/lib/python3.7/site-packages/airflow/example_dags/example_subdag_operator.py
[2023-06-15T18:02:01.912+0000] {logging_mixin.py:137} INFO - [2023-06-15T18:02:01.912+0000] {dag.py:2690} INFO - Sync 3 DAGs
[2023-06-15T18:02:01.970+0000] {logging_mixin.py:137} INFO - [2023-06-15T18:02:01.970+0000] {dag.py:3441} INFO - Setting next_dagrun for example_subdag_operator to 2022-01-01T00:00:00+00:00, run_after=2022-01-01T00:00:00+00:00
[2023-06-15T18:02:01.976+0000] {logging_mixin.py:137} INFO - [2023-06-15T18:02:01.976+0000] {dag.py:3441} INFO - Setting next_dagrun for example_subdag_operator.section-1 to None, run_after=None
[2023-06-15T18:02:01.980+0000] {logging_mixin.py:137} INFO - [2023-06-15T18:02:01.980+0000] {dag.py:3441} INFO - Setting next_dagrun for example_subdag_operator.section-2 to None, run_after=None
[2023-06-15T18:02:01.991+0000] {logging_mixin.py:137} INFO - [2023-06-15T18:02:01.991+0000] {dag.py:2690} INFO - Sync 2 DAGs
[2023-06-15T18:02:02.001+0000] {logging_mixin.py:137} INFO - [2023-06-15T18:02:02.001+0000] {dag.py:3441} INFO - Setting next_dagrun for example_subdag_operator.section-1 to None, run_after=None
[2023-06-15T18:02:02.006+0000] {logging_mixin.py:137} INFO - [2023-06-15T18:02:02.002+0000] {dag.py:3441} INFO - Setting next_dagrun for example_subdag_operator.section-2 to None, run_after=None
[2023-06-15T18:02:02.020+0000] {processor.py:175} INFO - Processing /home/airflow/.local/lib/python3.7/site-packages/airflow/example_dags/example_subdag_operator.py took 0.218 seconds
[2023-06-15T18:02:32.687+0000] {processor.py:153} INFO - Started process (PID=123) to work on /home/airflow/.local/lib/python3.7/site-packages/airflow/example_dags/example_subdag_operator.py
[2023-06-15T18:02:32.689+0000] {processor.py:743} INFO - Processing file /home/airflow/.local/lib/python3.7/site-packages/airflow/example_dags/example_subdag_operator.py for tasks to queue
[2023-06-15T18:02:32.690+0000] {logging_mixin.py:137} INFO - [2023-06-15T18:02:32.690+0000] {dagbag.py:538} INFO - Filling up the DagBag from /home/airflow/.local/lib/python3.7/site-packages/airflow/example_dags/example_subdag_operator.py
[2023-06-15T18:02:32.722+0000] {processor.py:753} INFO - DAG(s) dict_keys(['example_subdag_operator.section-1', 'example_subdag_operator.section-2', 'example_subdag_operator']) retrieved from /home/airflow/.local/lib/python3.7/site-packages/airflow/example_dags/example_subdag_operator.py
[2023-06-15T18:02:32.736+0000] {logging_mixin.py:137} INFO - [2023-06-15T18:02:32.736+0000] {dag.py:2690} INFO - Sync 3 DAGs
[2023-06-15T18:02:32.755+0000] {logging_mixin.py:137} INFO - [2023-06-15T18:02:32.755+0000] {dag.py:3441} INFO - Setting next_dagrun for example_subdag_operator to 2022-01-01T00:00:00+00:00, run_after=2022-01-01T00:00:00+00:00
[2023-06-15T18:02:32.758+0000] {logging_mixin.py:137} INFO - [2023-06-15T18:02:32.758+0000] {dag.py:3441} INFO - Setting next_dagrun for example_subdag_operator.section-1 to None, run_after=None
[2023-06-15T18:02:32.759+0000] {logging_mixin.py:137} INFO - [2023-06-15T18:02:32.759+0000] {dag.py:3441} INFO - Setting next_dagrun for example_subdag_operator.section-2 to None, run_after=None
[2023-06-15T18:02:32.766+0000] {logging_mixin.py:137} INFO - [2023-06-15T18:02:32.766+0000] {dag.py:2690} INFO - Sync 2 DAGs
[2023-06-15T18:02:32.771+0000] {logging_mixin.py:137} INFO - [2023-06-15T18:02:32.770+0000] {dag.py:3441} INFO - Setting next_dagrun for example_subdag_operator.section-1 to None, run_after=None
[2023-06-15T18:02:32.771+0000] {logging_mixin.py:137} INFO - [2023-06-15T18:02:32.771+0000] {dag.py:3441} INFO - Setting next_dagrun for example_subdag_operator.section-2 to None, run_after=None
[2023-06-15T18:02:32.778+0000] {processor.py:175} INFO - Processing /home/airflow/.local/lib/python3.7/site-packages/airflow/example_dags/example_subdag_operator.py took 0.094 seconds
[2023-06-15T18:03:03.524+0000] {processor.py:153} INFO - Started process (PID=199) to work on /home/airflow/.local/lib/python3.7/site-packages/airflow/example_dags/example_subdag_operator.py
[2023-06-15T18:03:03.526+0000] {processor.py:743} INFO - Processing file /home/airflow/.local/lib/python3.7/site-packages/airflow/example_dags/example_subdag_operator.py for tasks to queue
[2023-06-15T18:03:03.527+0000] {logging_mixin.py:137} INFO - [2023-06-15T18:03:03.527+0000] {dagbag.py:538} INFO - Filling up the DagBag from /home/airflow/.local/lib/python3.7/site-packages/airflow/example_dags/example_subdag_operator.py
[2023-06-15T18:03:03.566+0000] {processor.py:753} INFO - DAG(s) dict_keys(['example_subdag_operator.section-1', 'example_subdag_operator.section-2', 'example_subdag_operator']) retrieved from /home/airflow/.local/lib/python3.7/site-packages/airflow/example_dags/example_subdag_operator.py
[2023-06-15T18:03:03.584+0000] {logging_mixin.py:137} INFO - [2023-06-15T18:03:03.584+0000] {dag.py:2690} INFO - Sync 3 DAGs
[2023-06-15T18:03:03.606+0000] {logging_mixin.py:137} INFO - [2023-06-15T18:03:03.605+0000] {dag.py:3441} INFO - Setting next_dagrun for example_subdag_operator to 2022-01-01T00:00:00+00:00, run_after=2022-01-01T00:00:00+00:00
[2023-06-15T18:03:03.609+0000] {logging_mixin.py:137} INFO - [2023-06-15T18:03:03.609+0000] {dag.py:3441} INFO - Setting next_dagrun for example_subdag_operator.section-1 to None, run_after=None
[2023-06-15T18:03:03.610+0000] {logging_mixin.py:137} INFO - [2023-06-15T18:03:03.610+0000] {dag.py:3441} INFO - Setting next_dagrun for example_subdag_operator.section-2 to None, run_after=None
[2023-06-15T18:03:03.616+0000] {logging_mixin.py:137} INFO - [2023-06-15T18:03:03.616+0000] {dag.py:2690} INFO - Sync 2 DAGs
[2023-06-15T18:03:03.620+0000] {logging_mixin.py:137} INFO - [2023-06-15T18:03:03.620+0000] {dag.py:3441} INFO - Setting next_dagrun for example_subdag_operator.section-1 to None, run_after=None
[2023-06-15T18:03:03.621+0000] {logging_mixin.py:137} INFO - [2023-06-15T18:03:03.621+0000] {dag.py:3441} INFO - Setting next_dagrun for example_subdag_operator.section-2 to None, run_after=None
[2023-06-15T18:03:03.629+0000] {processor.py:175} INFO - Processing /home/airflow/.local/lib/python3.7/site-packages/airflow/example_dags/example_subdag_operator.py took 0.110 seconds
[2023-06-15T18:03:34.454+0000] {processor.py:153} INFO - Started process (PID=264) to work on /home/airflow/.local/lib/python3.7/site-packages/airflow/example_dags/example_subdag_operator.py
[2023-06-15T18:03:34.455+0000] {processor.py:743} INFO - Processing file /home/airflow/.local/lib/python3.7/site-packages/airflow/example_dags/example_subdag_operator.py for tasks to queue
[2023-06-15T18:03:34.456+0000] {logging_mixin.py:137} INFO - [2023-06-15T18:03:34.456+0000] {dagbag.py:538} INFO - Filling up the DagBag from /home/airflow/.local/lib/python3.7/site-packages/airflow/example_dags/example_subdag_operator.py
[2023-06-15T18:03:34.485+0000] {processor.py:753} INFO - DAG(s) dict_keys(['example_subdag_operator.section-1', 'example_subdag_operator.section-2', 'example_subdag_operator']) retrieved from /home/airflow/.local/lib/python3.7/site-packages/airflow/example_dags/example_subdag_operator.py
[2023-06-15T18:03:34.500+0000] {logging_mixin.py:137} INFO - [2023-06-15T18:03:34.500+0000] {dag.py:2690} INFO - Sync 3 DAGs
[2023-06-15T18:03:34.520+0000] {logging_mixin.py:137} INFO - [2023-06-15T18:03:34.520+0000] {dag.py:3441} INFO - Setting next_dagrun for example_subdag_operator to 2022-01-01T00:00:00+00:00, run_after=2022-01-01T00:00:00+00:00
[2023-06-15T18:03:34.524+0000] {logging_mixin.py:137} INFO - [2023-06-15T18:03:34.524+0000] {dag.py:3441} INFO - Setting next_dagrun for example_subdag_operator.section-1 to None, run_after=None
[2023-06-15T18:03:34.525+0000] {logging_mixin.py:137} INFO - [2023-06-15T18:03:34.525+0000] {dag.py:3441} INFO - Setting next_dagrun for example_subdag_operator.section-2 to None, run_after=None
[2023-06-15T18:03:34.531+0000] {logging_mixin.py:137} INFO - [2023-06-15T18:03:34.531+0000] {dag.py:2690} INFO - Sync 2 DAGs
[2023-06-15T18:03:34.536+0000] {logging_mixin.py:137} INFO - [2023-06-15T18:03:34.536+0000] {dag.py:3441} INFO - Setting next_dagrun for example_subdag_operator.section-1 to None, run_after=None
[2023-06-15T18:03:34.537+0000] {logging_mixin.py:137} INFO - [2023-06-15T18:03:34.537+0000] {dag.py:3441} INFO - Setting next_dagrun for example_subdag_operator.section-2 to None, run_after=None
[2023-06-15T18:03:34.544+0000] {processor.py:175} INFO - Processing /home/airflow/.local/lib/python3.7/site-packages/airflow/example_dags/example_subdag_operator.py took 0.095 seconds
[2023-06-15T18:04:05.237+0000] {processor.py:153} INFO - Started process (PID=341) to work on /home/airflow/.local/lib/python3.7/site-packages/airflow/example_dags/example_subdag_operator.py
[2023-06-15T18:04:05.238+0000] {processor.py:743} INFO - Processing file /home/airflow/.local/lib/python3.7/site-packages/airflow/example_dags/example_subdag_operator.py for tasks to queue
[2023-06-15T18:04:05.239+0000] {logging_mixin.py:137} INFO - [2023-06-15T18:04:05.239+0000] {dagbag.py:538} INFO - Filling up the DagBag from /home/airflow/.local/lib/python3.7/site-packages/airflow/example_dags/example_subdag_operator.py
[2023-06-15T18:04:05.268+0000] {processor.py:753} INFO - DAG(s) dict_keys(['example_subdag_operator.section-1', 'example_subdag_operator.section-2', 'example_subdag_operator']) retrieved from /home/airflow/.local/lib/python3.7/site-packages/airflow/example_dags/example_subdag_operator.py
[2023-06-15T18:04:05.282+0000] {logging_mixin.py:137} INFO - [2023-06-15T18:04:05.282+0000] {dag.py:2690} INFO - Sync 3 DAGs
[2023-06-15T18:04:05.300+0000] {logging_mixin.py:137} INFO - [2023-06-15T18:04:05.300+0000] {dag.py:3441} INFO - Setting next_dagrun for example_subdag_operator to 2022-01-01T00:00:00+00:00, run_after=2022-01-01T00:00:00+00:00
[2023-06-15T18:04:05.303+0000] {logging_mixin.py:137} INFO - [2023-06-15T18:04:05.303+0000] {dag.py:3441} INFO - Setting next_dagrun for example_subdag_operator.section-1 to None, run_after=None
[2023-06-15T18:04:05.304+0000] {logging_mixin.py:137} INFO - [2023-06-15T18:04:05.304+0000] {dag.py:3441} INFO - Setting next_dagrun for example_subdag_operator.section-2 to None, run_after=None
[2023-06-15T18:04:05.310+0000] {logging_mixin.py:137} INFO - [2023-06-15T18:04:05.310+0000] {dag.py:2690} INFO - Sync 2 DAGs
[2023-06-15T18:04:05.314+0000] {logging_mixin.py:137} INFO - [2023-06-15T18:04:05.314+0000] {dag.py:3441} INFO - Setting next_dagrun for example_subdag_operator.section-1 to None, run_after=None
[2023-06-15T18:04:05.315+0000] {logging_mixin.py:137} INFO - [2023-06-15T18:04:05.315+0000] {dag.py:3441} INFO - Setting next_dagrun for example_subdag_operator.section-2 to None, run_after=None
[2023-06-15T18:04:05.323+0000] {processor.py:175} INFO - Processing /home/airflow/.local/lib/python3.7/site-packages/airflow/example_dags/example_subdag_operator.py took 0.090 seconds
[2023-06-15T18:04:36.633+0000] {processor.py:153} INFO - Started process (PID=413) to work on /home/airflow/.local/lib/python3.7/site-packages/airflow/example_dags/example_subdag_operator.py
[2023-06-15T18:04:36.635+0000] {processor.py:743} INFO - Processing file /home/airflow/.local/lib/python3.7/site-packages/airflow/example_dags/example_subdag_operator.py for tasks to queue
[2023-06-15T18:04:36.636+0000] {logging_mixin.py:137} INFO - [2023-06-15T18:04:36.636+0000] {dagbag.py:538} INFO - Filling up the DagBag from /home/airflow/.local/lib/python3.7/site-packages/airflow/example_dags/example_subdag_operator.py
[2023-06-15T18:04:36.668+0000] {processor.py:753} INFO - DAG(s) dict_keys(['example_subdag_operator.section-1', 'example_subdag_operator.section-2', 'example_subdag_operator']) retrieved from /home/airflow/.local/lib/python3.7/site-packages/airflow/example_dags/example_subdag_operator.py
[2023-06-15T18:04:36.683+0000] {logging_mixin.py:137} INFO - [2023-06-15T18:04:36.683+0000] {dag.py:2690} INFO - Sync 3 DAGs
[2023-06-15T18:04:36.708+0000] {logging_mixin.py:137} INFO - [2023-06-15T18:04:36.708+0000] {dag.py:3441} INFO - Setting next_dagrun for example_subdag_operator to 2022-01-01T00:00:00+00:00, run_after=2022-01-01T00:00:00+00:00
[2023-06-15T18:04:36.712+0000] {logging_mixin.py:137} INFO - [2023-06-15T18:04:36.712+0000] {dag.py:3441} INFO - Setting next_dagrun for example_subdag_operator.section-1 to None, run_after=None
[2023-06-15T18:04:36.713+0000] {logging_mixin.py:137} INFO - [2023-06-15T18:04:36.713+0000] {dag.py:3441} INFO - Setting next_dagrun for example_subdag_operator.section-2 to None, run_after=None
[2023-06-15T18:04:36.721+0000] {logging_mixin.py:137} INFO - [2023-06-15T18:04:36.721+0000] {dag.py:2690} INFO - Sync 2 DAGs
[2023-06-15T18:04:36.726+0000] {logging_mixin.py:137} INFO - [2023-06-15T18:04:36.725+0000] {dag.py:3441} INFO - Setting next_dagrun for example_subdag_operator.section-1 to None, run_after=None
[2023-06-15T18:04:36.726+0000] {logging_mixin.py:137} INFO - [2023-06-15T18:04:36.726+0000] {dag.py:3441} INFO - Setting next_dagrun for example_subdag_operator.section-2 to None, run_after=None
[2023-06-15T18:04:36.736+0000] {processor.py:175} INFO - Processing /home/airflow/.local/lib/python3.7/site-packages/airflow/example_dags/example_subdag_operator.py took 0.105 seconds
[2023-06-15T18:05:07.471+0000] {processor.py:153} INFO - Started process (PID=482) to work on /home/airflow/.local/lib/python3.7/site-packages/airflow/example_dags/example_subdag_operator.py
[2023-06-15T18:05:07.472+0000] {processor.py:743} INFO - Processing file /home/airflow/.local/lib/python3.7/site-packages/airflow/example_dags/example_subdag_operator.py for tasks to queue
[2023-06-15T18:05:07.473+0000] {logging_mixin.py:137} INFO - [2023-06-15T18:05:07.473+0000] {dagbag.py:538} INFO - Filling up the DagBag from /home/airflow/.local/lib/python3.7/site-packages/airflow/example_dags/example_subdag_operator.py
[2023-06-15T18:05:07.502+0000] {processor.py:753} INFO - DAG(s) dict_keys(['example_subdag_operator.section-1', 'example_subdag_operator.section-2', 'example_subdag_operator']) retrieved from /home/airflow/.local/lib/python3.7/site-packages/airflow/example_dags/example_subdag_operator.py
[2023-06-15T18:05:07.516+0000] {logging_mixin.py:137} INFO - [2023-06-15T18:05:07.516+0000] {dag.py:2690} INFO - Sync 3 DAGs
[2023-06-15T18:05:07.534+0000] {logging_mixin.py:137} INFO - [2023-06-15T18:05:07.534+0000] {dag.py:3441} INFO - Setting next_dagrun for example_subdag_operator to 2022-01-01T00:00:00+00:00, run_after=2022-01-01T00:00:00+00:00
[2023-06-15T18:05:07.537+0000] {logging_mixin.py:137} INFO - [2023-06-15T18:05:07.537+0000] {dag.py:3441} INFO - Setting next_dagrun for example_subdag_operator.section-1 to None, run_after=None
[2023-06-15T18:05:07.538+0000] {logging_mixin.py:137} INFO - [2023-06-15T18:05:07.538+0000] {dag.py:3441} INFO - Setting next_dagrun for example_subdag_operator.section-2 to None, run_after=None
[2023-06-15T18:05:07.544+0000] {logging_mixin.py:137} INFO - [2023-06-15T18:05:07.544+0000] {dag.py:2690} INFO - Sync 2 DAGs
[2023-06-15T18:05:07.547+0000] {logging_mixin.py:137} INFO - [2023-06-15T18:05:07.547+0000] {dag.py:3441} INFO - Setting next_dagrun for example_subdag_operator.section-1 to None, run_after=None
[2023-06-15T18:05:07.548+0000] {logging_mixin.py:137} INFO - [2023-06-15T18:05:07.548+0000] {dag.py:3441} INFO - Setting next_dagrun for example_subdag_operator.section-2 to None, run_after=None
[2023-06-15T18:05:07.555+0000] {processor.py:175} INFO - Processing /home/airflow/.local/lib/python3.7/site-packages/airflow/example_dags/example_subdag_operator.py took 0.088 seconds
[2023-06-15T18:05:38.206+0000] {processor.py:153} INFO - Started process (PID=557) to work on /home/airflow/.local/lib/python3.7/site-packages/airflow/example_dags/example_subdag_operator.py
[2023-06-15T18:05:38.207+0000] {processor.py:743} INFO - Processing file /home/airflow/.local/lib/python3.7/site-packages/airflow/example_dags/example_subdag_operator.py for tasks to queue
[2023-06-15T18:05:38.208+0000] {logging_mixin.py:137} INFO - [2023-06-15T18:05:38.208+0000] {dagbag.py:538} INFO - Filling up the DagBag from /home/airflow/.local/lib/python3.7/site-packages/airflow/example_dags/example_subdag_operator.py
[2023-06-15T18:05:38.236+0000] {processor.py:753} INFO - DAG(s) dict_keys(['example_subdag_operator.section-1', 'example_subdag_operator.section-2', 'example_subdag_operator']) retrieved from /home/airflow/.local/lib/python3.7/site-packages/airflow/example_dags/example_subdag_operator.py
[2023-06-15T18:05:38.251+0000] {logging_mixin.py:137} INFO - [2023-06-15T18:05:38.251+0000] {dag.py:2690} INFO - Sync 3 DAGs
[2023-06-15T18:05:38.269+0000] {logging_mixin.py:137} INFO - [2023-06-15T18:05:38.269+0000] {dag.py:3441} INFO - Setting next_dagrun for example_subdag_operator to 2022-01-01T00:00:00+00:00, run_after=2022-01-01T00:00:00+00:00
[2023-06-15T18:05:38.271+0000] {logging_mixin.py:137} INFO - [2023-06-15T18:05:38.271+0000] {dag.py:3441} INFO - Setting next_dagrun for example_subdag_operator.section-1 to None, run_after=None
[2023-06-15T18:05:38.273+0000] {logging_mixin.py:137} INFO - [2023-06-15T18:05:38.273+0000] {dag.py:3441} INFO - Setting next_dagrun for example_subdag_operator.section-2 to None, run_after=None
[2023-06-15T18:05:38.278+0000] {logging_mixin.py:137} INFO - [2023-06-15T18:05:38.278+0000] {dag.py:2690} INFO - Sync 2 DAGs
[2023-06-15T18:05:38.282+0000] {logging_mixin.py:137} INFO - [2023-06-15T18:05:38.282+0000] {dag.py:3441} INFO - Setting next_dagrun for example_subdag_operator.section-1 to None, run_after=None
[2023-06-15T18:05:38.283+0000] {logging_mixin.py:137} INFO - [2023-06-15T18:05:38.282+0000] {dag.py:3441} INFO - Setting next_dagrun for example_subdag_operator.section-2 to None, run_after=None
[2023-06-15T18:05:38.290+0000] {processor.py:175} INFO - Processing /home/airflow/.local/lib/python3.7/site-packages/airflow/example_dags/example_subdag_operator.py took 0.088 seconds
[2023-06-15T18:06:08.988+0000] {processor.py:153} INFO - Started process (PID=622) to work on /home/airflow/.local/lib/python3.7/site-packages/airflow/example_dags/example_subdag_operator.py
[2023-06-15T18:06:08.990+0000] {processor.py:743} INFO - Processing file /home/airflow/.local/lib/python3.7/site-packages/airflow/example_dags/example_subdag_operator.py for tasks to queue
[2023-06-15T18:06:08.993+0000] {logging_mixin.py:137} INFO - [2023-06-15T18:06:08.993+0000] {dagbag.py:538} INFO - Filling up the DagBag from /home/airflow/.local/lib/python3.7/site-packages/airflow/example_dags/example_subdag_operator.py
[2023-06-15T18:06:09.078+0000] {processor.py:753} INFO - DAG(s) dict_keys(['example_subdag_operator.section-1', 'example_subdag_operator.section-2', 'example_subdag_operator']) retrieved from /home/airflow/.local/lib/python3.7/site-packages/airflow/example_dags/example_subdag_operator.py
[2023-06-15T18:06:09.137+0000] {logging_mixin.py:137} INFO - [2023-06-15T18:06:09.136+0000] {dag.py:2690} INFO - Sync 3 DAGs
[2023-06-15T18:06:09.207+0000] {logging_mixin.py:137} INFO - [2023-06-15T18:06:09.207+0000] {dag.py:3441} INFO - Setting next_dagrun for example_subdag_operator to 2022-01-01T00:00:00+00:00, run_after=2022-01-01T00:00:00+00:00
[2023-06-15T18:06:09.211+0000] {logging_mixin.py:137} INFO - [2023-06-15T18:06:09.211+0000] {dag.py:3441} INFO - Setting next_dagrun for example_subdag_operator.section-1 to None, run_after=None
[2023-06-15T18:06:09.213+0000] {logging_mixin.py:137} INFO - [2023-06-15T18:06:09.213+0000] {dag.py:3441} INFO - Setting next_dagrun for example_subdag_operator.section-2 to None, run_after=None
[2023-06-15T18:06:09.222+0000] {logging_mixin.py:137} INFO - [2023-06-15T18:06:09.222+0000] {dag.py:2690} INFO - Sync 2 DAGs
[2023-06-15T18:06:09.229+0000] {logging_mixin.py:137} INFO - [2023-06-15T18:06:09.229+0000] {dag.py:3441} INFO - Setting next_dagrun for example_subdag_operator.section-1 to None, run_after=None
[2023-06-15T18:06:09.230+0000] {logging_mixin.py:137} INFO - [2023-06-15T18:06:09.230+0000] {dag.py:3441} INFO - Setting next_dagrun for example_subdag_operator.section-2 to None, run_after=None
[2023-06-15T18:06:09.242+0000] {processor.py:175} INFO - Processing /home/airflow/.local/lib/python3.7/site-packages/airflow/example_dags/example_subdag_operator.py took 0.263 seconds
[2023-06-15T18:06:40.235+0000] {processor.py:153} INFO - Started process (PID=697) to work on /home/airflow/.local/lib/python3.7/site-packages/airflow/example_dags/example_subdag_operator.py
[2023-06-15T18:06:40.237+0000] {processor.py:743} INFO - Processing file /home/airflow/.local/lib/python3.7/site-packages/airflow/example_dags/example_subdag_operator.py for tasks to queue
[2023-06-15T18:06:40.239+0000] {logging_mixin.py:137} INFO - [2023-06-15T18:06:40.238+0000] {dagbag.py:538} INFO - Filling up the DagBag from /home/airflow/.local/lib/python3.7/site-packages/airflow/example_dags/example_subdag_operator.py
[2023-06-15T18:06:40.272+0000] {processor.py:753} INFO - DAG(s) dict_keys(['example_subdag_operator.section-1', 'example_subdag_operator.section-2', 'example_subdag_operator']) retrieved from /home/airflow/.local/lib/python3.7/site-packages/airflow/example_dags/example_subdag_operator.py
[2023-06-15T18:06:40.287+0000] {logging_mixin.py:137} INFO - [2023-06-15T18:06:40.286+0000] {dag.py:2690} INFO - Sync 3 DAGs
[2023-06-15T18:06:40.306+0000] {logging_mixin.py:137} INFO - [2023-06-15T18:06:40.305+0000] {dag.py:3441} INFO - Setting next_dagrun for example_subdag_operator to 2022-01-01T00:00:00+00:00, run_after=2022-01-01T00:00:00+00:00
[2023-06-15T18:06:40.310+0000] {logging_mixin.py:137} INFO - [2023-06-15T18:06:40.310+0000] {dag.py:3441} INFO - Setting next_dagrun for example_subdag_operator.section-1 to None, run_after=None
[2023-06-15T18:06:40.311+0000] {logging_mixin.py:137} INFO - [2023-06-15T18:06:40.311+0000] {dag.py:3441} INFO - Setting next_dagrun for example_subdag_operator.section-2 to None, run_after=None
[2023-06-15T18:06:40.317+0000] {logging_mixin.py:137} INFO - [2023-06-15T18:06:40.317+0000] {dag.py:2690} INFO - Sync 2 DAGs
[2023-06-15T18:06:40.322+0000] {logging_mixin.py:137} INFO - [2023-06-15T18:06:40.321+0000] {dag.py:3441} INFO - Setting next_dagrun for example_subdag_operator.section-1 to None, run_after=None
[2023-06-15T18:06:40.322+0000] {logging_mixin.py:137} INFO - [2023-06-15T18:06:40.322+0000] {dag.py:3441} INFO - Setting next_dagrun for example_subdag_operator.section-2 to None, run_after=None
[2023-06-15T18:06:40.337+0000] {processor.py:175} INFO - Processing /home/airflow/.local/lib/python3.7/site-packages/airflow/example_dags/example_subdag_operator.py took 0.107 seconds
[2023-06-15T18:07:10.734+0000] {processor.py:153} INFO - Started process (PID=774) to work on /home/airflow/.local/lib/python3.7/site-packages/airflow/example_dags/example_subdag_operator.py
[2023-06-15T18:07:10.737+0000] {processor.py:743} INFO - Processing file /home/airflow/.local/lib/python3.7/site-packages/airflow/example_dags/example_subdag_operator.py for tasks to queue
[2023-06-15T18:07:10.739+0000] {logging_mixin.py:137} INFO - [2023-06-15T18:07:10.739+0000] {dagbag.py:538} INFO - Filling up the DagBag from /home/airflow/.local/lib/python3.7/site-packages/airflow/example_dags/example_subdag_operator.py
[2023-06-15T18:07:10.774+0000] {processor.py:753} INFO - DAG(s) dict_keys(['example_subdag_operator.section-1', 'example_subdag_operator.section-2', 'example_subdag_operator']) retrieved from /home/airflow/.local/lib/python3.7/site-packages/airflow/example_dags/example_subdag_operator.py
[2023-06-15T18:07:10.789+0000] {logging_mixin.py:137} INFO - [2023-06-15T18:07:10.789+0000] {dag.py:2690} INFO - Sync 3 DAGs
[2023-06-15T18:07:10.810+0000] {logging_mixin.py:137} INFO - [2023-06-15T18:07:10.810+0000] {dag.py:3441} INFO - Setting next_dagrun for example_subdag_operator to 2022-01-01T00:00:00+00:00, run_after=2022-01-01T00:00:00+00:00
[2023-06-15T18:07:10.815+0000] {logging_mixin.py:137} INFO - [2023-06-15T18:07:10.814+0000] {dag.py:3441} INFO - Setting next_dagrun for example_subdag_operator.section-1 to None, run_after=None
[2023-06-15T18:07:10.816+0000] {logging_mixin.py:137} INFO - [2023-06-15T18:07:10.816+0000] {dag.py:3441} INFO - Setting next_dagrun for example_subdag_operator.section-2 to None, run_after=None
[2023-06-15T18:07:10.822+0000] {logging_mixin.py:137} INFO - [2023-06-15T18:07:10.822+0000] {dag.py:2690} INFO - Sync 2 DAGs
[2023-06-15T18:07:10.827+0000] {logging_mixin.py:137} INFO - [2023-06-15T18:07:10.827+0000] {dag.py:3441} INFO - Setting next_dagrun for example_subdag_operator.section-1 to None, run_after=None
[2023-06-15T18:07:10.828+0000] {logging_mixin.py:137} INFO - [2023-06-15T18:07:10.828+0000] {dag.py:3441} INFO - Setting next_dagrun for example_subdag_operator.section-2 to None, run_after=None
[2023-06-15T18:07:10.837+0000] {processor.py:175} INFO - Processing /home/airflow/.local/lib/python3.7/site-packages/airflow/example_dags/example_subdag_operator.py took 0.108 seconds
[2023-06-15T18:07:41.487+0000] {processor.py:153} INFO - Started process (PID=839) to work on /home/airflow/.local/lib/python3.7/site-packages/airflow/example_dags/example_subdag_operator.py
[2023-06-15T18:07:41.506+0000] {processor.py:743} INFO - Processing file /home/airflow/.local/lib/python3.7/site-packages/airflow/example_dags/example_subdag_operator.py for tasks to queue
[2023-06-15T18:07:41.510+0000] {logging_mixin.py:137} INFO - [2023-06-15T18:07:41.509+0000] {dagbag.py:538} INFO - Filling up the DagBag from /home/airflow/.local/lib/python3.7/site-packages/airflow/example_dags/example_subdag_operator.py
[2023-06-15T18:07:41.617+0000] {processor.py:753} INFO - DAG(s) dict_keys(['example_subdag_operator.section-1', 'example_subdag_operator.section-2', 'example_subdag_operator']) retrieved from /home/airflow/.local/lib/python3.7/site-packages/airflow/example_dags/example_subdag_operator.py
[2023-06-15T18:07:41.656+0000] {logging_mixin.py:137} INFO - [2023-06-15T18:07:41.655+0000] {dag.py:2690} INFO - Sync 3 DAGs
[2023-06-15T18:07:41.711+0000] {logging_mixin.py:137} INFO - [2023-06-15T18:07:41.710+0000] {dag.py:3441} INFO - Setting next_dagrun for example_subdag_operator to 2022-01-01T00:00:00+00:00, run_after=2022-01-01T00:00:00+00:00
[2023-06-15T18:07:41.716+0000] {logging_mixin.py:137} INFO - [2023-06-15T18:07:41.716+0000] {dag.py:3441} INFO - Setting next_dagrun for example_subdag_operator.section-1 to None, run_after=None
[2023-06-15T18:07:41.719+0000] {logging_mixin.py:137} INFO - [2023-06-15T18:07:41.719+0000] {dag.py:3441} INFO - Setting next_dagrun for example_subdag_operator.section-2 to None, run_after=None
[2023-06-15T18:07:41.725+0000] {logging_mixin.py:137} INFO - [2023-06-15T18:07:41.725+0000] {dag.py:2690} INFO - Sync 2 DAGs
[2023-06-15T18:07:41.730+0000] {logging_mixin.py:137} INFO - [2023-06-15T18:07:41.730+0000] {dag.py:3441} INFO - Setting next_dagrun for example_subdag_operator.section-1 to None, run_after=None
[2023-06-15T18:07:41.731+0000] {logging_mixin.py:137} INFO - [2023-06-15T18:07:41.731+0000] {dag.py:3441} INFO - Setting next_dagrun for example_subdag_operator.section-2 to None, run_after=None
[2023-06-15T18:07:41.752+0000] {processor.py:175} INFO - Processing /home/airflow/.local/lib/python3.7/site-packages/airflow/example_dags/example_subdag_operator.py took 0.270 seconds
[2023-06-15T18:08:11.877+0000] {processor.py:153} INFO - Started process (PID=915) to work on /home/airflow/.local/lib/python3.7/site-packages/airflow/example_dags/example_subdag_operator.py
[2023-06-15T18:08:11.879+0000] {processor.py:743} INFO - Processing file /home/airflow/.local/lib/python3.7/site-packages/airflow/example_dags/example_subdag_operator.py for tasks to queue
[2023-06-15T18:08:11.880+0000] {logging_mixin.py:137} INFO - [2023-06-15T18:08:11.880+0000] {dagbag.py:538} INFO - Filling up the DagBag from /home/airflow/.local/lib/python3.7/site-packages/airflow/example_dags/example_subdag_operator.py
[2023-06-15T18:08:11.914+0000] {processor.py:753} INFO - DAG(s) dict_keys(['example_subdag_operator.section-1', 'example_subdag_operator.section-2', 'example_subdag_operator']) retrieved from /home/airflow/.local/lib/python3.7/site-packages/airflow/example_dags/example_subdag_operator.py
[2023-06-15T18:08:11.929+0000] {logging_mixin.py:137} INFO - [2023-06-15T18:08:11.929+0000] {dag.py:2690} INFO - Sync 3 DAGs
[2023-06-15T18:08:11.949+0000] {logging_mixin.py:137} INFO - [2023-06-15T18:08:11.949+0000] {dag.py:3441} INFO - Setting next_dagrun for example_subdag_operator to 2022-01-01T00:00:00+00:00, run_after=2022-01-01T00:00:00+00:00
[2023-06-15T18:08:11.952+0000] {logging_mixin.py:137} INFO - [2023-06-15T18:08:11.952+0000] {dag.py:3441} INFO - Setting next_dagrun for example_subdag_operator.section-1 to None, run_after=None
[2023-06-15T18:08:11.953+0000] {logging_mixin.py:137} INFO - [2023-06-15T18:08:11.953+0000] {dag.py:3441} INFO - Setting next_dagrun for example_subdag_operator.section-2 to None, run_after=None
[2023-06-15T18:08:11.960+0000] {logging_mixin.py:137} INFO - [2023-06-15T18:08:11.960+0000] {dag.py:2690} INFO - Sync 2 DAGs
[2023-06-15T18:08:11.964+0000] {logging_mixin.py:137} INFO - [2023-06-15T18:08:11.964+0000] {dag.py:3441} INFO - Setting next_dagrun for example_subdag_operator.section-1 to None, run_after=None
[2023-06-15T18:08:11.965+0000] {logging_mixin.py:137} INFO - [2023-06-15T18:08:11.965+0000] {dag.py:3441} INFO - Setting next_dagrun for example_subdag_operator.section-2 to None, run_after=None
[2023-06-15T18:08:11.974+0000] {processor.py:175} INFO - Processing /home/airflow/.local/lib/python3.7/site-packages/airflow/example_dags/example_subdag_operator.py took 0.100 seconds
[2023-06-15T18:08:42.793+0000] {processor.py:153} INFO - Started process (PID=991) to work on /home/airflow/.local/lib/python3.7/site-packages/airflow/example_dags/example_subdag_operator.py
[2023-06-15T18:08:42.795+0000] {processor.py:743} INFO - Processing file /home/airflow/.local/lib/python3.7/site-packages/airflow/example_dags/example_subdag_operator.py for tasks to queue
[2023-06-15T18:08:42.796+0000] {logging_mixin.py:137} INFO - [2023-06-15T18:08:42.796+0000] {dagbag.py:538} INFO - Filling up the DagBag from /home/airflow/.local/lib/python3.7/site-packages/airflow/example_dags/example_subdag_operator.py
[2023-06-15T18:08:42.827+0000] {processor.py:753} INFO - DAG(s) dict_keys(['example_subdag_operator.section-1', 'example_subdag_operator.section-2', 'example_subdag_operator']) retrieved from /home/airflow/.local/lib/python3.7/site-packages/airflow/example_dags/example_subdag_operator.py
[2023-06-15T18:08:42.842+0000] {logging_mixin.py:137} INFO - [2023-06-15T18:08:42.842+0000] {dag.py:2690} INFO - Sync 3 DAGs
[2023-06-15T18:08:42.862+0000] {logging_mixin.py:137} INFO - [2023-06-15T18:08:42.862+0000] {dag.py:3441} INFO - Setting next_dagrun for example_subdag_operator to 2022-01-01T00:00:00+00:00, run_after=2022-01-01T00:00:00+00:00
[2023-06-15T18:08:42.865+0000] {logging_mixin.py:137} INFO - [2023-06-15T18:08:42.865+0000] {dag.py:3441} INFO - Setting next_dagrun for example_subdag_operator.section-1 to None, run_after=None
[2023-06-15T18:08:42.866+0000] {logging_mixin.py:137} INFO - [2023-06-15T18:08:42.866+0000] {dag.py:3441} INFO - Setting next_dagrun for example_subdag_operator.section-2 to None, run_after=None
[2023-06-15T18:08:42.872+0000] {logging_mixin.py:137} INFO - [2023-06-15T18:08:42.872+0000] {dag.py:2690} INFO - Sync 2 DAGs
[2023-06-15T18:08:42.877+0000] {logging_mixin.py:137} INFO - [2023-06-15T18:08:42.877+0000] {dag.py:3441} INFO - Setting next_dagrun for example_subdag_operator.section-1 to None, run_after=None
[2023-06-15T18:08:42.878+0000] {logging_mixin.py:137} INFO - [2023-06-15T18:08:42.878+0000] {dag.py:3441} INFO - Setting next_dagrun for example_subdag_operator.section-2 to None, run_after=None
[2023-06-15T18:08:42.885+0000] {processor.py:175} INFO - Processing /home/airflow/.local/lib/python3.7/site-packages/airflow/example_dags/example_subdag_operator.py took 0.097 seconds
[2023-06-15T18:09:13.353+0000] {processor.py:153} INFO - Started process (PID=1055) to work on /home/airflow/.local/lib/python3.7/site-packages/airflow/example_dags/example_subdag_operator.py
[2023-06-15T18:09:13.355+0000] {processor.py:743} INFO - Processing file /home/airflow/.local/lib/python3.7/site-packages/airflow/example_dags/example_subdag_operator.py for tasks to queue
[2023-06-15T18:09:13.356+0000] {logging_mixin.py:137} INFO - [2023-06-15T18:09:13.356+0000] {dagbag.py:538} INFO - Filling up the DagBag from /home/airflow/.local/lib/python3.7/site-packages/airflow/example_dags/example_subdag_operator.py
[2023-06-15T18:09:13.401+0000] {processor.py:753} INFO - DAG(s) dict_keys(['example_subdag_operator.section-1', 'example_subdag_operator.section-2', 'example_subdag_operator']) retrieved from /home/airflow/.local/lib/python3.7/site-packages/airflow/example_dags/example_subdag_operator.py
[2023-06-15T18:09:13.416+0000] {logging_mixin.py:137} INFO - [2023-06-15T18:09:13.416+0000] {dag.py:2690} INFO - Sync 3 DAGs
[2023-06-15T18:09:13.435+0000] {logging_mixin.py:137} INFO - [2023-06-15T18:09:13.435+0000] {dag.py:3441} INFO - Setting next_dagrun for example_subdag_operator to 2022-01-01T00:00:00+00:00, run_after=2022-01-01T00:00:00+00:00
[2023-06-15T18:09:13.438+0000] {logging_mixin.py:137} INFO - [2023-06-15T18:09:13.438+0000] {dag.py:3441} INFO - Setting next_dagrun for example_subdag_operator.section-1 to None, run_after=None
[2023-06-15T18:09:13.440+0000] {logging_mixin.py:137} INFO - [2023-06-15T18:09:13.440+0000] {dag.py:3441} INFO - Setting next_dagrun for example_subdag_operator.section-2 to None, run_after=None
[2023-06-15T18:09:13.446+0000] {logging_mixin.py:137} INFO - [2023-06-15T18:09:13.445+0000] {dag.py:2690} INFO - Sync 2 DAGs
[2023-06-15T18:09:13.450+0000] {logging_mixin.py:137} INFO - [2023-06-15T18:09:13.450+0000] {dag.py:3441} INFO - Setting next_dagrun for example_subdag_operator.section-1 to None, run_after=None
[2023-06-15T18:09:13.451+0000] {logging_mixin.py:137} INFO - [2023-06-15T18:09:13.451+0000] {dag.py:3441} INFO - Setting next_dagrun for example_subdag_operator.section-2 to None, run_after=None
[2023-06-15T18:09:13.458+0000] {processor.py:175} INFO - Processing /home/airflow/.local/lib/python3.7/site-packages/airflow/example_dags/example_subdag_operator.py took 0.109 seconds
[2023-06-15T18:09:44.021+0000] {processor.py:153} INFO - Started process (PID=1131) to work on /home/airflow/.local/lib/python3.7/site-packages/airflow/example_dags/example_subdag_operator.py
[2023-06-15T18:09:44.024+0000] {processor.py:743} INFO - Processing file /home/airflow/.local/lib/python3.7/site-packages/airflow/example_dags/example_subdag_operator.py for tasks to queue
[2023-06-15T18:09:44.025+0000] {logging_mixin.py:137} INFO - [2023-06-15T18:09:44.025+0000] {dagbag.py:538} INFO - Filling up the DagBag from /home/airflow/.local/lib/python3.7/site-packages/airflow/example_dags/example_subdag_operator.py
[2023-06-15T18:09:44.059+0000] {processor.py:753} INFO - DAG(s) dict_keys(['example_subdag_operator.section-1', 'example_subdag_operator.section-2', 'example_subdag_operator']) retrieved from /home/airflow/.local/lib/python3.7/site-packages/airflow/example_dags/example_subdag_operator.py
[2023-06-15T18:09:44.073+0000] {logging_mixin.py:137} INFO - [2023-06-15T18:09:44.073+0000] {dag.py:2690} INFO - Sync 3 DAGs
[2023-06-15T18:09:44.091+0000] {logging_mixin.py:137} INFO - [2023-06-15T18:09:44.091+0000] {dag.py:3441} INFO - Setting next_dagrun for example_subdag_operator to 2022-01-01T00:00:00+00:00, run_after=2022-01-01T00:00:00+00:00
[2023-06-15T18:09:44.094+0000] {logging_mixin.py:137} INFO - [2023-06-15T18:09:44.094+0000] {dag.py:3441} INFO - Setting next_dagrun for example_subdag_operator.section-1 to None, run_after=None
[2023-06-15T18:09:44.095+0000] {logging_mixin.py:137} INFO - [2023-06-15T18:09:44.095+0000] {dag.py:3441} INFO - Setting next_dagrun for example_subdag_operator.section-2 to None, run_after=None
[2023-06-15T18:09:44.101+0000] {logging_mixin.py:137} INFO - [2023-06-15T18:09:44.101+0000] {dag.py:2690} INFO - Sync 2 DAGs
[2023-06-15T18:09:44.105+0000] {logging_mixin.py:137} INFO - [2023-06-15T18:09:44.105+0000] {dag.py:3441} INFO - Setting next_dagrun for example_subdag_operator.section-1 to None, run_after=None
[2023-06-15T18:09:44.106+0000] {logging_mixin.py:137} INFO - [2023-06-15T18:09:44.106+0000] {dag.py:3441} INFO - Setting next_dagrun for example_subdag_operator.section-2 to None, run_after=None
[2023-06-15T18:09:44.114+0000] {processor.py:175} INFO - Processing /home/airflow/.local/lib/python3.7/site-packages/airflow/example_dags/example_subdag_operator.py took 0.097 seconds
[2023-06-15T18:10:14.606+0000] {processor.py:153} INFO - Started process (PID=1195) to work on /home/airflow/.local/lib/python3.7/site-packages/airflow/example_dags/example_subdag_operator.py
[2023-06-15T18:10:14.608+0000] {processor.py:743} INFO - Processing file /home/airflow/.local/lib/python3.7/site-packages/airflow/example_dags/example_subdag_operator.py for tasks to queue
[2023-06-15T18:10:14.609+0000] {logging_mixin.py:137} INFO - [2023-06-15T18:10:14.609+0000] {dagbag.py:538} INFO - Filling up the DagBag from /home/airflow/.local/lib/python3.7/site-packages/airflow/example_dags/example_subdag_operator.py
[2023-06-15T18:10:14.644+0000] {processor.py:753} INFO - DAG(s) dict_keys(['example_subdag_operator.section-1', 'example_subdag_operator.section-2', 'example_subdag_operator']) retrieved from /home/airflow/.local/lib/python3.7/site-packages/airflow/example_dags/example_subdag_operator.py
[2023-06-15T18:10:14.660+0000] {logging_mixin.py:137} INFO - [2023-06-15T18:10:14.660+0000] {dag.py:2690} INFO - Sync 3 DAGs
[2023-06-15T18:10:14.681+0000] {logging_mixin.py:137} INFO - [2023-06-15T18:10:14.680+0000] {dag.py:3441} INFO - Setting next_dagrun for example_subdag_operator to 2022-01-01T00:00:00+00:00, run_after=2022-01-01T00:00:00+00:00
[2023-06-15T18:10:14.684+0000] {logging_mixin.py:137} INFO - [2023-06-15T18:10:14.684+0000] {dag.py:3441} INFO - Setting next_dagrun for example_subdag_operator.section-1 to None, run_after=None
[2023-06-15T18:10:14.685+0000] {logging_mixin.py:137} INFO - [2023-06-15T18:10:14.685+0000] {dag.py:3441} INFO - Setting next_dagrun for example_subdag_operator.section-2 to None, run_after=None
[2023-06-15T18:10:14.693+0000] {logging_mixin.py:137} INFO - [2023-06-15T18:10:14.693+0000] {dag.py:2690} INFO - Sync 2 DAGs
[2023-06-15T18:10:14.698+0000] {logging_mixin.py:137} INFO - [2023-06-15T18:10:14.698+0000] {dag.py:3441} INFO - Setting next_dagrun for example_subdag_operator.section-1 to None, run_after=None
[2023-06-15T18:10:14.698+0000] {logging_mixin.py:137} INFO - [2023-06-15T18:10:14.698+0000] {dag.py:3441} INFO - Setting next_dagrun for example_subdag_operator.section-2 to None, run_after=None
[2023-06-15T18:10:14.710+0000] {processor.py:175} INFO - Processing /home/airflow/.local/lib/python3.7/site-packages/airflow/example_dags/example_subdag_operator.py took 0.108 seconds
[2023-06-15T18:10:45.651+0000] {processor.py:153} INFO - Started process (PID=1271) to work on /home/airflow/.local/lib/python3.7/site-packages/airflow/example_dags/example_subdag_operator.py
[2023-06-15T18:10:45.653+0000] {processor.py:743} INFO - Processing file /home/airflow/.local/lib/python3.7/site-packages/airflow/example_dags/example_subdag_operator.py for tasks to queue
[2023-06-15T18:10:45.654+0000] {logging_mixin.py:137} INFO - [2023-06-15T18:10:45.654+0000] {dagbag.py:538} INFO - Filling up the DagBag from /home/airflow/.local/lib/python3.7/site-packages/airflow/example_dags/example_subdag_operator.py
[2023-06-15T18:10:45.690+0000] {processor.py:753} INFO - DAG(s) dict_keys(['example_subdag_operator.section-1', 'example_subdag_operator.section-2', 'example_subdag_operator']) retrieved from /home/airflow/.local/lib/python3.7/site-packages/airflow/example_dags/example_subdag_operator.py
[2023-06-15T18:10:45.704+0000] {logging_mixin.py:137} INFO - [2023-06-15T18:10:45.704+0000] {dag.py:2690} INFO - Sync 3 DAGs
[2023-06-15T18:10:45.723+0000] {logging_mixin.py:137} INFO - [2023-06-15T18:10:45.723+0000] {dag.py:3441} INFO - Setting next_dagrun for example_subdag_operator to 2022-01-01T00:00:00+00:00, run_after=2022-01-01T00:00:00+00:00
[2023-06-15T18:10:45.726+0000] {logging_mixin.py:137} INFO - [2023-06-15T18:10:45.726+0000] {dag.py:3441} INFO - Setting next_dagrun for example_subdag_operator.section-1 to None, run_after=None
[2023-06-15T18:10:45.727+0000] {logging_mixin.py:137} INFO - [2023-06-15T18:10:45.727+0000] {dag.py:3441} INFO - Setting next_dagrun for example_subdag_operator.section-2 to None, run_after=None
[2023-06-15T18:10:45.733+0000] {logging_mixin.py:137} INFO - [2023-06-15T18:10:45.732+0000] {dag.py:2690} INFO - Sync 2 DAGs
[2023-06-15T18:10:45.737+0000] {logging_mixin.py:137} INFO - [2023-06-15T18:10:45.736+0000] {dag.py:3441} INFO - Setting next_dagrun for example_subdag_operator.section-1 to None, run_after=None
[2023-06-15T18:10:45.737+0000] {logging_mixin.py:137} INFO - [2023-06-15T18:10:45.737+0000] {dag.py:3441} INFO - Setting next_dagrun for example_subdag_operator.section-2 to None, run_after=None
[2023-06-15T18:10:45.744+0000] {processor.py:175} INFO - Processing /home/airflow/.local/lib/python3.7/site-packages/airflow/example_dags/example_subdag_operator.py took 0.098 seconds
[2023-06-15T18:11:16.225+0000] {processor.py:153} INFO - Started process (PID=1347) to work on /home/airflow/.local/lib/python3.7/site-packages/airflow/example_dags/example_subdag_operator.py
[2023-06-15T18:11:16.228+0000] {processor.py:743} INFO - Processing file /home/airflow/.local/lib/python3.7/site-packages/airflow/example_dags/example_subdag_operator.py for tasks to queue
[2023-06-15T18:11:16.229+0000] {logging_mixin.py:137} INFO - [2023-06-15T18:11:16.229+0000] {dagbag.py:538} INFO - Filling up the DagBag from /home/airflow/.local/lib/python3.7/site-packages/airflow/example_dags/example_subdag_operator.py
[2023-06-15T18:11:16.275+0000] {processor.py:753} INFO - DAG(s) dict_keys(['example_subdag_operator.section-1', 'example_subdag_operator.section-2', 'example_subdag_operator']) retrieved from /home/airflow/.local/lib/python3.7/site-packages/airflow/example_dags/example_subdag_operator.py
[2023-06-15T18:11:16.294+0000] {logging_mixin.py:137} INFO - [2023-06-15T18:11:16.294+0000] {dag.py:2690} INFO - Sync 3 DAGs
[2023-06-15T18:11:16.316+0000] {logging_mixin.py:137} INFO - [2023-06-15T18:11:16.316+0000] {dag.py:3441} INFO - Setting next_dagrun for example_subdag_operator to 2022-01-01T00:00:00+00:00, run_after=2022-01-01T00:00:00+00:00
[2023-06-15T18:11:16.319+0000] {logging_mixin.py:137} INFO - [2023-06-15T18:11:16.319+0000] {dag.py:3441} INFO - Setting next_dagrun for example_subdag_operator.section-1 to None, run_after=None
[2023-06-15T18:11:16.320+0000] {logging_mixin.py:137} INFO - [2023-06-15T18:11:16.320+0000] {dag.py:3441} INFO - Setting next_dagrun for example_subdag_operator.section-2 to None, run_after=None
[2023-06-15T18:11:16.327+0000] {logging_mixin.py:137} INFO - [2023-06-15T18:11:16.327+0000] {dag.py:2690} INFO - Sync 2 DAGs
[2023-06-15T18:11:16.332+0000] {logging_mixin.py:137} INFO - [2023-06-15T18:11:16.332+0000] {dag.py:3441} INFO - Setting next_dagrun for example_subdag_operator.section-1 to None, run_after=None
[2023-06-15T18:11:16.333+0000] {logging_mixin.py:137} INFO - [2023-06-15T18:11:16.333+0000] {dag.py:3441} INFO - Setting next_dagrun for example_subdag_operator.section-2 to None, run_after=None
[2023-06-15T18:11:16.342+0000] {processor.py:175} INFO - Processing /home/airflow/.local/lib/python3.7/site-packages/airflow/example_dags/example_subdag_operator.py took 0.124 seconds
[2023-06-15T18:11:46.702+0000] {processor.py:153} INFO - Started process (PID=1412) to work on /home/airflow/.local/lib/python3.7/site-packages/airflow/example_dags/example_subdag_operator.py
[2023-06-15T18:11:46.707+0000] {processor.py:743} INFO - Processing file /home/airflow/.local/lib/python3.7/site-packages/airflow/example_dags/example_subdag_operator.py for tasks to queue
[2023-06-15T18:11:46.709+0000] {logging_mixin.py:137} INFO - [2023-06-15T18:11:46.709+0000] {dagbag.py:538} INFO - Filling up the DagBag from /home/airflow/.local/lib/python3.7/site-packages/airflow/example_dags/example_subdag_operator.py
[2023-06-15T18:11:46.751+0000] {processor.py:753} INFO - DAG(s) dict_keys(['example_subdag_operator.section-1', 'example_subdag_operator.section-2', 'example_subdag_operator']) retrieved from /home/airflow/.local/lib/python3.7/site-packages/airflow/example_dags/example_subdag_operator.py
[2023-06-15T18:11:46.768+0000] {logging_mixin.py:137} INFO - [2023-06-15T18:11:46.768+0000] {dag.py:2690} INFO - Sync 3 DAGs
[2023-06-15T18:11:46.787+0000] {logging_mixin.py:137} INFO - [2023-06-15T18:11:46.786+0000] {dag.py:3441} INFO - Setting next_dagrun for example_subdag_operator to 2022-01-01T00:00:00+00:00, run_after=2022-01-01T00:00:00+00:00
[2023-06-15T18:11:46.790+0000] {logging_mixin.py:137} INFO - [2023-06-15T18:11:46.790+0000] {dag.py:3441} INFO - Setting next_dagrun for example_subdag_operator.section-1 to None, run_after=None
[2023-06-15T18:11:46.791+0000] {logging_mixin.py:137} INFO - [2023-06-15T18:11:46.791+0000] {dag.py:3441} INFO - Setting next_dagrun for example_subdag_operator.section-2 to None, run_after=None
[2023-06-15T18:11:46.796+0000] {logging_mixin.py:137} INFO - [2023-06-15T18:11:46.796+0000] {dag.py:2690} INFO - Sync 2 DAGs
[2023-06-15T18:11:46.801+0000] {logging_mixin.py:137} INFO - [2023-06-15T18:11:46.801+0000] {dag.py:3441} INFO - Setting next_dagrun for example_subdag_operator.section-1 to None, run_after=None
[2023-06-15T18:11:46.802+0000] {logging_mixin.py:137} INFO - [2023-06-15T18:11:46.801+0000] {dag.py:3441} INFO - Setting next_dagrun for example_subdag_operator.section-2 to None, run_after=None
[2023-06-15T18:11:46.812+0000] {processor.py:175} INFO - Processing /home/airflow/.local/lib/python3.7/site-packages/airflow/example_dags/example_subdag_operator.py took 0.118 seconds
[2023-06-15T18:12:17.341+0000] {processor.py:153} INFO - Started process (PID=1489) to work on /home/airflow/.local/lib/python3.7/site-packages/airflow/example_dags/example_subdag_operator.py
[2023-06-15T18:12:17.342+0000] {processor.py:743} INFO - Processing file /home/airflow/.local/lib/python3.7/site-packages/airflow/example_dags/example_subdag_operator.py for tasks to queue
[2023-06-15T18:12:17.343+0000] {logging_mixin.py:137} INFO - [2023-06-15T18:12:17.343+0000] {dagbag.py:538} INFO - Filling up the DagBag from /home/airflow/.local/lib/python3.7/site-packages/airflow/example_dags/example_subdag_operator.py
[2023-06-15T18:12:17.374+0000] {processor.py:753} INFO - DAG(s) dict_keys(['example_subdag_operator.section-1', 'example_subdag_operator.section-2', 'example_subdag_operator']) retrieved from /home/airflow/.local/lib/python3.7/site-packages/airflow/example_dags/example_subdag_operator.py
[2023-06-15T18:12:17.389+0000] {logging_mixin.py:137} INFO - [2023-06-15T18:12:17.389+0000] {dag.py:2690} INFO - Sync 3 DAGs
[2023-06-15T18:12:17.409+0000] {logging_mixin.py:137} INFO - [2023-06-15T18:12:17.409+0000] {dag.py:3441} INFO - Setting next_dagrun for example_subdag_operator to 2022-01-01T00:00:00+00:00, run_after=2022-01-01T00:00:00+00:00
[2023-06-15T18:12:17.412+0000] {logging_mixin.py:137} INFO - [2023-06-15T18:12:17.412+0000] {dag.py:3441} INFO - Setting next_dagrun for example_subdag_operator.section-1 to None, run_after=None
[2023-06-15T18:12:17.414+0000] {logging_mixin.py:137} INFO - [2023-06-15T18:12:17.414+0000] {dag.py:3441} INFO - Setting next_dagrun for example_subdag_operator.section-2 to None, run_after=None
[2023-06-15T18:12:17.420+0000] {logging_mixin.py:137} INFO - [2023-06-15T18:12:17.420+0000] {dag.py:2690} INFO - Sync 2 DAGs
[2023-06-15T18:12:17.425+0000] {logging_mixin.py:137} INFO - [2023-06-15T18:12:17.424+0000] {dag.py:3441} INFO - Setting next_dagrun for example_subdag_operator.section-1 to None, run_after=None
[2023-06-15T18:12:17.425+0000] {logging_mixin.py:137} INFO - [2023-06-15T18:12:17.425+0000] {dag.py:3441} INFO - Setting next_dagrun for example_subdag_operator.section-2 to None, run_after=None
[2023-06-15T18:12:17.433+0000] {processor.py:175} INFO - Processing /home/airflow/.local/lib/python3.7/site-packages/airflow/example_dags/example_subdag_operator.py took 0.095 seconds
[2023-06-15T18:12:48.032+0000] {processor.py:153} INFO - Started process (PID=1567) to work on /home/airflow/.local/lib/python3.7/site-packages/airflow/example_dags/example_subdag_operator.py
[2023-06-15T18:12:48.035+0000] {processor.py:743} INFO - Processing file /home/airflow/.local/lib/python3.7/site-packages/airflow/example_dags/example_subdag_operator.py for tasks to queue
[2023-06-15T18:12:48.036+0000] {logging_mixin.py:137} INFO - [2023-06-15T18:12:48.036+0000] {dagbag.py:538} INFO - Filling up the DagBag from /home/airflow/.local/lib/python3.7/site-packages/airflow/example_dags/example_subdag_operator.py
[2023-06-15T18:12:48.071+0000] {processor.py:753} INFO - DAG(s) dict_keys(['example_subdag_operator.section-1', 'example_subdag_operator.section-2', 'example_subdag_operator']) retrieved from /home/airflow/.local/lib/python3.7/site-packages/airflow/example_dags/example_subdag_operator.py
[2023-06-15T18:12:48.087+0000] {logging_mixin.py:137} INFO - [2023-06-15T18:12:48.087+0000] {dag.py:2690} INFO - Sync 3 DAGs
[2023-06-15T18:12:48.108+0000] {logging_mixin.py:137} INFO - [2023-06-15T18:12:48.108+0000] {dag.py:3441} INFO - Setting next_dagrun for example_subdag_operator to 2022-01-01T00:00:00+00:00, run_after=2022-01-01T00:00:00+00:00
[2023-06-15T18:12:48.111+0000] {logging_mixin.py:137} INFO - [2023-06-15T18:12:48.111+0000] {dag.py:3441} INFO - Setting next_dagrun for example_subdag_operator.section-1 to None, run_after=None
[2023-06-15T18:12:48.112+0000] {logging_mixin.py:137} INFO - [2023-06-15T18:12:48.112+0000] {dag.py:3441} INFO - Setting next_dagrun for example_subdag_operator.section-2 to None, run_after=None
[2023-06-15T18:12:48.118+0000] {logging_mixin.py:137} INFO - [2023-06-15T18:12:48.118+0000] {dag.py:2690} INFO - Sync 2 DAGs
[2023-06-15T18:12:48.122+0000] {logging_mixin.py:137} INFO - [2023-06-15T18:12:48.122+0000] {dag.py:3441} INFO - Setting next_dagrun for example_subdag_operator.section-1 to None, run_after=None
[2023-06-15T18:12:48.123+0000] {logging_mixin.py:137} INFO - [2023-06-15T18:12:48.123+0000] {dag.py:3441} INFO - Setting next_dagrun for example_subdag_operator.section-2 to None, run_after=None
[2023-06-15T18:12:48.130+0000] {processor.py:175} INFO - Processing /home/airflow/.local/lib/python3.7/site-packages/airflow/example_dags/example_subdag_operator.py took 0.103 seconds
[2023-06-15T18:13:18.711+0000] {processor.py:153} INFO - Started process (PID=1633) to work on /home/airflow/.local/lib/python3.7/site-packages/airflow/example_dags/example_subdag_operator.py
[2023-06-15T18:13:18.714+0000] {processor.py:743} INFO - Processing file /home/airflow/.local/lib/python3.7/site-packages/airflow/example_dags/example_subdag_operator.py for tasks to queue
[2023-06-15T18:13:18.715+0000] {logging_mixin.py:137} INFO - [2023-06-15T18:13:18.715+0000] {dagbag.py:538} INFO - Filling up the DagBag from /home/airflow/.local/lib/python3.7/site-packages/airflow/example_dags/example_subdag_operator.py
[2023-06-15T18:13:18.753+0000] {processor.py:753} INFO - DAG(s) dict_keys(['example_subdag_operator.section-1', 'example_subdag_operator.section-2', 'example_subdag_operator']) retrieved from /home/airflow/.local/lib/python3.7/site-packages/airflow/example_dags/example_subdag_operator.py
[2023-06-15T18:13:18.768+0000] {logging_mixin.py:137} INFO - [2023-06-15T18:13:18.768+0000] {dag.py:2690} INFO - Sync 3 DAGs
[2023-06-15T18:13:18.788+0000] {logging_mixin.py:137} INFO - [2023-06-15T18:13:18.788+0000] {dag.py:3441} INFO - Setting next_dagrun for example_subdag_operator to 2022-01-01T00:00:00+00:00, run_after=2022-01-01T00:00:00+00:00
[2023-06-15T18:13:18.791+0000] {logging_mixin.py:137} INFO - [2023-06-15T18:13:18.791+0000] {dag.py:3441} INFO - Setting next_dagrun for example_subdag_operator.section-1 to None, run_after=None
[2023-06-15T18:13:18.792+0000] {logging_mixin.py:137} INFO - [2023-06-15T18:13:18.792+0000] {dag.py:3441} INFO - Setting next_dagrun for example_subdag_operator.section-2 to None, run_after=None
[2023-06-15T18:13:18.799+0000] {logging_mixin.py:137} INFO - [2023-06-15T18:13:18.798+0000] {dag.py:2690} INFO - Sync 2 DAGs
[2023-06-15T18:13:18.803+0000] {logging_mixin.py:137} INFO - [2023-06-15T18:13:18.803+0000] {dag.py:3441} INFO - Setting next_dagrun for example_subdag_operator.section-1 to None, run_after=None
[2023-06-15T18:13:18.803+0000] {logging_mixin.py:137} INFO - [2023-06-15T18:13:18.803+0000] {dag.py:3441} INFO - Setting next_dagrun for example_subdag_operator.section-2 to None, run_after=None
[2023-06-15T18:13:18.810+0000] {processor.py:175} INFO - Processing /home/airflow/.local/lib/python3.7/site-packages/airflow/example_dags/example_subdag_operator.py took 0.106 seconds
[2023-06-15T18:13:49.603+0000] {processor.py:153} INFO - Started process (PID=1711) to work on /home/airflow/.local/lib/python3.7/site-packages/airflow/example_dags/example_subdag_operator.py
[2023-06-15T18:13:49.607+0000] {processor.py:743} INFO - Processing file /home/airflow/.local/lib/python3.7/site-packages/airflow/example_dags/example_subdag_operator.py for tasks to queue
[2023-06-15T18:13:49.609+0000] {logging_mixin.py:137} INFO - [2023-06-15T18:13:49.608+0000] {dagbag.py:538} INFO - Filling up the DagBag from /home/airflow/.local/lib/python3.7/site-packages/airflow/example_dags/example_subdag_operator.py
[2023-06-15T18:13:49.651+0000] {processor.py:753} INFO - DAG(s) dict_keys(['example_subdag_operator.section-1', 'example_subdag_operator.section-2', 'example_subdag_operator']) retrieved from /home/airflow/.local/lib/python3.7/site-packages/airflow/example_dags/example_subdag_operator.py
[2023-06-15T18:13:49.675+0000] {logging_mixin.py:137} INFO - [2023-06-15T18:13:49.675+0000] {dag.py:2690} INFO - Sync 3 DAGs
[2023-06-15T18:13:49.713+0000] {logging_mixin.py:137} INFO - [2023-06-15T18:13:49.713+0000] {dag.py:3441} INFO - Setting next_dagrun for example_subdag_operator to 2022-01-01T00:00:00+00:00, run_after=2022-01-01T00:00:00+00:00
[2023-06-15T18:13:49.718+0000] {logging_mixin.py:137} INFO - [2023-06-15T18:13:49.718+0000] {dag.py:3441} INFO - Setting next_dagrun for example_subdag_operator.section-1 to None, run_after=None
[2023-06-15T18:13:49.720+0000] {logging_mixin.py:137} INFO - [2023-06-15T18:13:49.720+0000] {dag.py:3441} INFO - Setting next_dagrun for example_subdag_operator.section-2 to None, run_after=None
[2023-06-15T18:13:49.728+0000] {logging_mixin.py:137} INFO - [2023-06-15T18:13:49.728+0000] {dag.py:2690} INFO - Sync 2 DAGs
[2023-06-15T18:13:49.735+0000] {logging_mixin.py:137} INFO - [2023-06-15T18:13:49.735+0000] {dag.py:3441} INFO - Setting next_dagrun for example_subdag_operator.section-1 to None, run_after=None
[2023-06-15T18:13:49.736+0000] {logging_mixin.py:137} INFO - [2023-06-15T18:13:49.736+0000] {dag.py:3441} INFO - Setting next_dagrun for example_subdag_operator.section-2 to None, run_after=None
[2023-06-15T18:13:49.750+0000] {processor.py:175} INFO - Processing /home/airflow/.local/lib/python3.7/site-packages/airflow/example_dags/example_subdag_operator.py took 0.153 seconds
[2023-06-15T18:14:19.805+0000] {processor.py:153} INFO - Started process (PID=1785) to work on /home/airflow/.local/lib/python3.7/site-packages/airflow/example_dags/example_subdag_operator.py
[2023-06-15T18:14:19.808+0000] {processor.py:743} INFO - Processing file /home/airflow/.local/lib/python3.7/site-packages/airflow/example_dags/example_subdag_operator.py for tasks to queue
[2023-06-15T18:14:19.810+0000] {logging_mixin.py:137} INFO - [2023-06-15T18:14:19.810+0000] {dagbag.py:538} INFO - Filling up the DagBag from /home/airflow/.local/lib/python3.7/site-packages/airflow/example_dags/example_subdag_operator.py
[2023-06-15T18:14:19.858+0000] {processor.py:753} INFO - DAG(s) dict_keys(['example_subdag_operator.section-1', 'example_subdag_operator.section-2', 'example_subdag_operator']) retrieved from /home/airflow/.local/lib/python3.7/site-packages/airflow/example_dags/example_subdag_operator.py
[2023-06-15T18:14:19.887+0000] {logging_mixin.py:137} INFO - [2023-06-15T18:14:19.887+0000] {dag.py:2690} INFO - Sync 3 DAGs
[2023-06-15T18:14:19.928+0000] {logging_mixin.py:137} INFO - [2023-06-15T18:14:19.928+0000] {dag.py:3441} INFO - Setting next_dagrun for example_subdag_operator to 2022-01-01T00:00:00+00:00, run_after=2022-01-01T00:00:00+00:00
[2023-06-15T18:14:19.935+0000] {logging_mixin.py:137} INFO - [2023-06-15T18:14:19.935+0000] {dag.py:3441} INFO - Setting next_dagrun for example_subdag_operator.section-1 to None, run_after=None
[2023-06-15T18:14:19.940+0000] {logging_mixin.py:137} INFO - [2023-06-15T18:14:19.940+0000] {dag.py:3441} INFO - Setting next_dagrun for example_subdag_operator.section-2 to None, run_after=None
[2023-06-15T18:14:19.951+0000] {logging_mixin.py:137} INFO - [2023-06-15T18:14:19.951+0000] {dag.py:2690} INFO - Sync 2 DAGs
[2023-06-15T18:14:19.958+0000] {logging_mixin.py:137} INFO - [2023-06-15T18:14:19.958+0000] {dag.py:3441} INFO - Setting next_dagrun for example_subdag_operator.section-1 to None, run_after=None
[2023-06-15T18:14:19.959+0000] {logging_mixin.py:137} INFO - [2023-06-15T18:14:19.959+0000] {dag.py:3441} INFO - Setting next_dagrun for example_subdag_operator.section-2 to None, run_after=None
[2023-06-15T18:14:19.972+0000] {processor.py:175} INFO - Processing /home/airflow/.local/lib/python3.7/site-packages/airflow/example_dags/example_subdag_operator.py took 0.174 seconds
[2023-06-15T18:14:50.751+0000] {processor.py:153} INFO - Started process (PID=1853) to work on /home/airflow/.local/lib/python3.7/site-packages/airflow/example_dags/example_subdag_operator.py
[2023-06-15T18:14:50.753+0000] {processor.py:743} INFO - Processing file /home/airflow/.local/lib/python3.7/site-packages/airflow/example_dags/example_subdag_operator.py for tasks to queue
[2023-06-15T18:14:50.755+0000] {logging_mixin.py:137} INFO - [2023-06-15T18:14:50.755+0000] {dagbag.py:538} INFO - Filling up the DagBag from /home/airflow/.local/lib/python3.7/site-packages/airflow/example_dags/example_subdag_operator.py
[2023-06-15T18:14:50.797+0000] {processor.py:753} INFO - DAG(s) dict_keys(['example_subdag_operator.section-1', 'example_subdag_operator.section-2', 'example_subdag_operator']) retrieved from /home/airflow/.local/lib/python3.7/site-packages/airflow/example_dags/example_subdag_operator.py
[2023-06-15T18:14:50.813+0000] {logging_mixin.py:137} INFO - [2023-06-15T18:14:50.813+0000] {dag.py:2690} INFO - Sync 3 DAGs
[2023-06-15T18:14:50.835+0000] {logging_mixin.py:137} INFO - [2023-06-15T18:14:50.835+0000] {dag.py:3441} INFO - Setting next_dagrun for example_subdag_operator to 2022-01-01T00:00:00+00:00, run_after=2022-01-01T00:00:00+00:00
[2023-06-15T18:14:50.839+0000] {logging_mixin.py:137} INFO - [2023-06-15T18:14:50.839+0000] {dag.py:3441} INFO - Setting next_dagrun for example_subdag_operator.section-1 to None, run_after=None
[2023-06-15T18:14:50.842+0000] {logging_mixin.py:137} INFO - [2023-06-15T18:14:50.841+0000] {dag.py:3441} INFO - Setting next_dagrun for example_subdag_operator.section-2 to None, run_after=None
[2023-06-15T18:14:50.852+0000] {logging_mixin.py:137} INFO - [2023-06-15T18:14:50.852+0000] {dag.py:2690} INFO - Sync 2 DAGs
[2023-06-15T18:14:50.857+0000] {logging_mixin.py:137} INFO - [2023-06-15T18:14:50.857+0000] {dag.py:3441} INFO - Setting next_dagrun for example_subdag_operator.section-1 to None, run_after=None
[2023-06-15T18:14:50.859+0000] {logging_mixin.py:137} INFO - [2023-06-15T18:14:50.859+0000] {dag.py:3441} INFO - Setting next_dagrun for example_subdag_operator.section-2 to None, run_after=None
[2023-06-15T18:14:50.876+0000] {processor.py:175} INFO - Processing /home/airflow/.local/lib/python3.7/site-packages/airflow/example_dags/example_subdag_operator.py took 0.130 seconds
[2023-06-15T18:15:21.317+0000] {processor.py:153} INFO - Started process (PID=1931) to work on /home/airflow/.local/lib/python3.7/site-packages/airflow/example_dags/example_subdag_operator.py
[2023-06-15T18:15:21.321+0000] {processor.py:743} INFO - Processing file /home/airflow/.local/lib/python3.7/site-packages/airflow/example_dags/example_subdag_operator.py for tasks to queue
[2023-06-15T18:15:21.323+0000] {logging_mixin.py:137} INFO - [2023-06-15T18:15:21.323+0000] {dagbag.py:538} INFO - Filling up the DagBag from /home/airflow/.local/lib/python3.7/site-packages/airflow/example_dags/example_subdag_operator.py
[2023-06-15T18:15:21.362+0000] {processor.py:753} INFO - DAG(s) dict_keys(['example_subdag_operator.section-1', 'example_subdag_operator.section-2', 'example_subdag_operator']) retrieved from /home/airflow/.local/lib/python3.7/site-packages/airflow/example_dags/example_subdag_operator.py
[2023-06-15T18:15:21.378+0000] {logging_mixin.py:137} INFO - [2023-06-15T18:15:21.377+0000] {dag.py:2690} INFO - Sync 3 DAGs
[2023-06-15T18:15:21.397+0000] {logging_mixin.py:137} INFO - [2023-06-15T18:15:21.397+0000] {dag.py:3441} INFO - Setting next_dagrun for example_subdag_operator to 2022-01-01T00:00:00+00:00, run_after=2022-01-01T00:00:00+00:00
[2023-06-15T18:15:21.400+0000] {logging_mixin.py:137} INFO - [2023-06-15T18:15:21.400+0000] {dag.py:3441} INFO - Setting next_dagrun for example_subdag_operator.section-1 to None, run_after=None
[2023-06-15T18:15:21.402+0000] {logging_mixin.py:137} INFO - [2023-06-15T18:15:21.402+0000] {dag.py:3441} INFO - Setting next_dagrun for example_subdag_operator.section-2 to None, run_after=None
[2023-06-15T18:15:21.408+0000] {logging_mixin.py:137} INFO - [2023-06-15T18:15:21.407+0000] {dag.py:2690} INFO - Sync 2 DAGs
[2023-06-15T18:15:21.412+0000] {logging_mixin.py:137} INFO - [2023-06-15T18:15:21.412+0000] {dag.py:3441} INFO - Setting next_dagrun for example_subdag_operator.section-1 to None, run_after=None
[2023-06-15T18:15:21.413+0000] {logging_mixin.py:137} INFO - [2023-06-15T18:15:21.413+0000] {dag.py:3441} INFO - Setting next_dagrun for example_subdag_operator.section-2 to None, run_after=None
[2023-06-15T18:15:21.420+0000] {processor.py:175} INFO - Processing /home/airflow/.local/lib/python3.7/site-packages/airflow/example_dags/example_subdag_operator.py took 0.108 seconds
[2023-06-15T18:15:51.472+0000] {processor.py:153} INFO - Started process (PID=1997) to work on /home/airflow/.local/lib/python3.7/site-packages/airflow/example_dags/example_subdag_operator.py
[2023-06-15T18:15:51.474+0000] {processor.py:743} INFO - Processing file /home/airflow/.local/lib/python3.7/site-packages/airflow/example_dags/example_subdag_operator.py for tasks to queue
[2023-06-15T18:15:51.476+0000] {logging_mixin.py:137} INFO - [2023-06-15T18:15:51.475+0000] {dagbag.py:538} INFO - Filling up the DagBag from /home/airflow/.local/lib/python3.7/site-packages/airflow/example_dags/example_subdag_operator.py
[2023-06-15T18:15:51.512+0000] {processor.py:753} INFO - DAG(s) dict_keys(['example_subdag_operator.section-1', 'example_subdag_operator.section-2', 'example_subdag_operator']) retrieved from /home/airflow/.local/lib/python3.7/site-packages/airflow/example_dags/example_subdag_operator.py
[2023-06-15T18:15:51.526+0000] {logging_mixin.py:137} INFO - [2023-06-15T18:15:51.526+0000] {dag.py:2690} INFO - Sync 3 DAGs
[2023-06-15T18:15:51.544+0000] {logging_mixin.py:137} INFO - [2023-06-15T18:15:51.544+0000] {dag.py:3441} INFO - Setting next_dagrun for example_subdag_operator to 2022-01-01T00:00:00+00:00, run_after=2022-01-01T00:00:00+00:00
[2023-06-15T18:15:51.548+0000] {logging_mixin.py:137} INFO - [2023-06-15T18:15:51.548+0000] {dag.py:3441} INFO - Setting next_dagrun for example_subdag_operator.section-1 to None, run_after=None
[2023-06-15T18:15:51.550+0000] {logging_mixin.py:137} INFO - [2023-06-15T18:15:51.549+0000] {dag.py:3441} INFO - Setting next_dagrun for example_subdag_operator.section-2 to None, run_after=None
[2023-06-15T18:15:51.555+0000] {logging_mixin.py:137} INFO - [2023-06-15T18:15:51.555+0000] {dag.py:2690} INFO - Sync 2 DAGs
[2023-06-15T18:15:51.560+0000] {logging_mixin.py:137} INFO - [2023-06-15T18:15:51.560+0000] {dag.py:3441} INFO - Setting next_dagrun for example_subdag_operator.section-1 to None, run_after=None
[2023-06-15T18:15:51.561+0000] {logging_mixin.py:137} INFO - [2023-06-15T18:15:51.561+0000] {dag.py:3441} INFO - Setting next_dagrun for example_subdag_operator.section-2 to None, run_after=None
[2023-06-15T18:15:51.569+0000] {processor.py:175} INFO - Processing /home/airflow/.local/lib/python3.7/site-packages/airflow/example_dags/example_subdag_operator.py took 0.101 seconds
[2023-06-15T18:16:22.293+0000] {processor.py:153} INFO - Started process (PID=2074) to work on /home/airflow/.local/lib/python3.7/site-packages/airflow/example_dags/example_subdag_operator.py
[2023-06-15T18:16:22.295+0000] {processor.py:743} INFO - Processing file /home/airflow/.local/lib/python3.7/site-packages/airflow/example_dags/example_subdag_operator.py for tasks to queue
[2023-06-15T18:16:22.297+0000] {logging_mixin.py:137} INFO - [2023-06-15T18:16:22.297+0000] {dagbag.py:538} INFO - Filling up the DagBag from /home/airflow/.local/lib/python3.7/site-packages/airflow/example_dags/example_subdag_operator.py
[2023-06-15T18:16:22.331+0000] {processor.py:753} INFO - DAG(s) dict_keys(['example_subdag_operator.section-1', 'example_subdag_operator.section-2', 'example_subdag_operator']) retrieved from /home/airflow/.local/lib/python3.7/site-packages/airflow/example_dags/example_subdag_operator.py
[2023-06-15T18:16:22.345+0000] {logging_mixin.py:137} INFO - [2023-06-15T18:16:22.345+0000] {dag.py:2690} INFO - Sync 3 DAGs
[2023-06-15T18:16:22.364+0000] {logging_mixin.py:137} INFO - [2023-06-15T18:16:22.364+0000] {dag.py:3441} INFO - Setting next_dagrun for example_subdag_operator to 2022-01-01T00:00:00+00:00, run_after=2022-01-01T00:00:00+00:00
[2023-06-15T18:16:22.367+0000] {logging_mixin.py:137} INFO - [2023-06-15T18:16:22.367+0000] {dag.py:3441} INFO - Setting next_dagrun for example_subdag_operator.section-1 to None, run_after=None
[2023-06-15T18:16:22.368+0000] {logging_mixin.py:137} INFO - [2023-06-15T18:16:22.368+0000] {dag.py:3441} INFO - Setting next_dagrun for example_subdag_operator.section-2 to None, run_after=None
[2023-06-15T18:16:22.373+0000] {logging_mixin.py:137} INFO - [2023-06-15T18:16:22.373+0000] {dag.py:2690} INFO - Sync 2 DAGs
[2023-06-15T18:16:22.378+0000] {logging_mixin.py:137} INFO - [2023-06-15T18:16:22.378+0000] {dag.py:3441} INFO - Setting next_dagrun for example_subdag_operator.section-1 to None, run_after=None
[2023-06-15T18:16:22.379+0000] {logging_mixin.py:137} INFO - [2023-06-15T18:16:22.379+0000] {dag.py:3441} INFO - Setting next_dagrun for example_subdag_operator.section-2 to None, run_after=None
[2023-06-15T18:16:22.386+0000] {processor.py:175} INFO - Processing /home/airflow/.local/lib/python3.7/site-packages/airflow/example_dags/example_subdag_operator.py took 0.099 seconds
[2023-06-15T18:16:52.732+0000] {processor.py:153} INFO - Started process (PID=2151) to work on /home/airflow/.local/lib/python3.7/site-packages/airflow/example_dags/example_subdag_operator.py
[2023-06-15T18:16:52.734+0000] {processor.py:743} INFO - Processing file /home/airflow/.local/lib/python3.7/site-packages/airflow/example_dags/example_subdag_operator.py for tasks to queue
[2023-06-15T18:16:52.735+0000] {logging_mixin.py:137} INFO - [2023-06-15T18:16:52.735+0000] {dagbag.py:538} INFO - Filling up the DagBag from /home/airflow/.local/lib/python3.7/site-packages/airflow/example_dags/example_subdag_operator.py
[2023-06-15T18:16:52.768+0000] {processor.py:753} INFO - DAG(s) dict_keys(['example_subdag_operator.section-1', 'example_subdag_operator.section-2', 'example_subdag_operator']) retrieved from /home/airflow/.local/lib/python3.7/site-packages/airflow/example_dags/example_subdag_operator.py
[2023-06-15T18:16:52.784+0000] {logging_mixin.py:137} INFO - [2023-06-15T18:16:52.784+0000] {dag.py:2690} INFO - Sync 3 DAGs
[2023-06-15T18:16:52.806+0000] {logging_mixin.py:137} INFO - [2023-06-15T18:16:52.806+0000] {dag.py:3441} INFO - Setting next_dagrun for example_subdag_operator to 2022-01-01T00:00:00+00:00, run_after=2022-01-01T00:00:00+00:00
[2023-06-15T18:16:52.809+0000] {logging_mixin.py:137} INFO - [2023-06-15T18:16:52.809+0000] {dag.py:3441} INFO - Setting next_dagrun for example_subdag_operator.section-1 to None, run_after=None
[2023-06-15T18:16:52.811+0000] {logging_mixin.py:137} INFO - [2023-06-15T18:16:52.811+0000] {dag.py:3441} INFO - Setting next_dagrun for example_subdag_operator.section-2 to None, run_after=None
[2023-06-15T18:16:52.817+0000] {logging_mixin.py:137} INFO - [2023-06-15T18:16:52.817+0000] {dag.py:2690} INFO - Sync 2 DAGs
[2023-06-15T18:16:52.822+0000] {logging_mixin.py:137} INFO - [2023-06-15T18:16:52.822+0000] {dag.py:3441} INFO - Setting next_dagrun for example_subdag_operator.section-1 to None, run_after=None
[2023-06-15T18:16:52.823+0000] {logging_mixin.py:137} INFO - [2023-06-15T18:16:52.823+0000] {dag.py:3441} INFO - Setting next_dagrun for example_subdag_operator.section-2 to None, run_after=None
[2023-06-15T18:16:52.835+0000] {processor.py:175} INFO - Processing /home/airflow/.local/lib/python3.7/site-packages/airflow/example_dags/example_subdag_operator.py took 0.107 seconds
[2023-06-15T18:17:23.177+0000] {processor.py:153} INFO - Started process (PID=2216) to work on /home/airflow/.local/lib/python3.7/site-packages/airflow/example_dags/example_subdag_operator.py
[2023-06-15T18:17:23.180+0000] {processor.py:743} INFO - Processing file /home/airflow/.local/lib/python3.7/site-packages/airflow/example_dags/example_subdag_operator.py for tasks to queue
[2023-06-15T18:17:23.181+0000] {logging_mixin.py:137} INFO - [2023-06-15T18:17:23.181+0000] {dagbag.py:538} INFO - Filling up the DagBag from /home/airflow/.local/lib/python3.7/site-packages/airflow/example_dags/example_subdag_operator.py
[2023-06-15T18:17:23.223+0000] {processor.py:753} INFO - DAG(s) dict_keys(['example_subdag_operator.section-1', 'example_subdag_operator.section-2', 'example_subdag_operator']) retrieved from /home/airflow/.local/lib/python3.7/site-packages/airflow/example_dags/example_subdag_operator.py
[2023-06-15T18:17:23.237+0000] {logging_mixin.py:137} INFO - [2023-06-15T18:17:23.237+0000] {dag.py:2690} INFO - Sync 3 DAGs
[2023-06-15T18:17:23.256+0000] {logging_mixin.py:137} INFO - [2023-06-15T18:17:23.256+0000] {dag.py:3441} INFO - Setting next_dagrun for example_subdag_operator to 2022-01-01T00:00:00+00:00, run_after=2022-01-01T00:00:00+00:00
[2023-06-15T18:17:23.259+0000] {logging_mixin.py:137} INFO - [2023-06-15T18:17:23.259+0000] {dag.py:3441} INFO - Setting next_dagrun for example_subdag_operator.section-1 to None, run_after=None
[2023-06-15T18:17:23.261+0000] {logging_mixin.py:137} INFO - [2023-06-15T18:17:23.260+0000] {dag.py:3441} INFO - Setting next_dagrun for example_subdag_operator.section-2 to None, run_after=None
[2023-06-15T18:17:23.267+0000] {logging_mixin.py:137} INFO - [2023-06-15T18:17:23.267+0000] {dag.py:2690} INFO - Sync 2 DAGs
[2023-06-15T18:17:23.271+0000] {logging_mixin.py:137} INFO - [2023-06-15T18:17:23.271+0000] {dag.py:3441} INFO - Setting next_dagrun for example_subdag_operator.section-1 to None, run_after=None
[2023-06-15T18:17:23.272+0000] {logging_mixin.py:137} INFO - [2023-06-15T18:17:23.272+0000] {dag.py:3441} INFO - Setting next_dagrun for example_subdag_operator.section-2 to None, run_after=None
[2023-06-15T18:17:23.281+0000] {processor.py:175} INFO - Processing /home/airflow/.local/lib/python3.7/site-packages/airflow/example_dags/example_subdag_operator.py took 0.109 seconds
[2023-06-15T18:44:53.129+0000] {processor.py:153} INFO - Started process (PID=2300) to work on /home/airflow/.local/lib/python3.7/site-packages/airflow/example_dags/example_subdag_operator.py
[2023-06-15T18:44:53.131+0000] {processor.py:743} INFO - Processing file /home/airflow/.local/lib/python3.7/site-packages/airflow/example_dags/example_subdag_operator.py for tasks to queue
[2023-06-15T18:44:53.132+0000] {logging_mixin.py:137} INFO - [2023-06-15T18:44:53.132+0000] {dagbag.py:538} INFO - Filling up the DagBag from /home/airflow/.local/lib/python3.7/site-packages/airflow/example_dags/example_subdag_operator.py
[2023-06-15T18:44:53.164+0000] {processor.py:753} INFO - DAG(s) dict_keys(['example_subdag_operator.section-1', 'example_subdag_operator.section-2', 'example_subdag_operator']) retrieved from /home/airflow/.local/lib/python3.7/site-packages/airflow/example_dags/example_subdag_operator.py
[2023-06-15T18:44:53.181+0000] {logging_mixin.py:137} INFO - [2023-06-15T18:44:53.180+0000] {dag.py:2690} INFO - Sync 3 DAGs
[2023-06-15T18:44:53.201+0000] {logging_mixin.py:137} INFO - [2023-06-15T18:44:53.201+0000] {dag.py:3441} INFO - Setting next_dagrun for example_subdag_operator to 2022-01-01T00:00:00+00:00, run_after=2022-01-01T00:00:00+00:00
[2023-06-15T18:44:53.204+0000] {logging_mixin.py:137} INFO - [2023-06-15T18:44:53.204+0000] {dag.py:3441} INFO - Setting next_dagrun for example_subdag_operator.section-1 to None, run_after=None
[2023-06-15T18:44:53.206+0000] {logging_mixin.py:137} INFO - [2023-06-15T18:44:53.206+0000] {dag.py:3441} INFO - Setting next_dagrun for example_subdag_operator.section-2 to None, run_after=None
[2023-06-15T18:44:53.212+0000] {logging_mixin.py:137} INFO - [2023-06-15T18:44:53.212+0000] {dag.py:2690} INFO - Sync 2 DAGs
[2023-06-15T18:44:53.217+0000] {logging_mixin.py:137} INFO - [2023-06-15T18:44:53.217+0000] {dag.py:3441} INFO - Setting next_dagrun for example_subdag_operator.section-1 to None, run_after=None
[2023-06-15T18:44:53.219+0000] {logging_mixin.py:137} INFO - [2023-06-15T18:44:53.218+0000] {dag.py:3441} INFO - Setting next_dagrun for example_subdag_operator.section-2 to None, run_after=None
[2023-06-15T18:44:53.229+0000] {processor.py:175} INFO - Processing /home/airflow/.local/lib/python3.7/site-packages/airflow/example_dags/example_subdag_operator.py took 0.104 seconds
[2023-06-15T18:45:23.659+0000] {processor.py:153} INFO - Started process (PID=2366) to work on /home/airflow/.local/lib/python3.7/site-packages/airflow/example_dags/example_subdag_operator.py
[2023-06-15T18:45:23.660+0000] {processor.py:743} INFO - Processing file /home/airflow/.local/lib/python3.7/site-packages/airflow/example_dags/example_subdag_operator.py for tasks to queue
[2023-06-15T18:45:23.662+0000] {logging_mixin.py:137} INFO - [2023-06-15T18:45:23.661+0000] {dagbag.py:538} INFO - Filling up the DagBag from /home/airflow/.local/lib/python3.7/site-packages/airflow/example_dags/example_subdag_operator.py
[2023-06-15T18:45:23.703+0000] {processor.py:753} INFO - DAG(s) dict_keys(['example_subdag_operator.section-1', 'example_subdag_operator.section-2', 'example_subdag_operator']) retrieved from /home/airflow/.local/lib/python3.7/site-packages/airflow/example_dags/example_subdag_operator.py
[2023-06-15T18:45:23.720+0000] {logging_mixin.py:137} INFO - [2023-06-15T18:45:23.720+0000] {dag.py:2690} INFO - Sync 3 DAGs
[2023-06-15T18:45:23.740+0000] {logging_mixin.py:137} INFO - [2023-06-15T18:45:23.740+0000] {dag.py:3441} INFO - Setting next_dagrun for example_subdag_operator to 2022-01-01T00:00:00+00:00, run_after=2022-01-01T00:00:00+00:00
[2023-06-15T18:45:23.743+0000] {logging_mixin.py:137} INFO - [2023-06-15T18:45:23.743+0000] {dag.py:3441} INFO - Setting next_dagrun for example_subdag_operator.section-1 to None, run_after=None
[2023-06-15T18:45:23.744+0000] {logging_mixin.py:137} INFO - [2023-06-15T18:45:23.744+0000] {dag.py:3441} INFO - Setting next_dagrun for example_subdag_operator.section-2 to None, run_after=None
[2023-06-15T18:45:23.750+0000] {logging_mixin.py:137} INFO - [2023-06-15T18:45:23.750+0000] {dag.py:2690} INFO - Sync 2 DAGs
[2023-06-15T18:45:23.754+0000] {logging_mixin.py:137} INFO - [2023-06-15T18:45:23.754+0000] {dag.py:3441} INFO - Setting next_dagrun for example_subdag_operator.section-1 to None, run_after=None
[2023-06-15T18:45:23.755+0000] {logging_mixin.py:137} INFO - [2023-06-15T18:45:23.755+0000] {dag.py:3441} INFO - Setting next_dagrun for example_subdag_operator.section-2 to None, run_after=None
[2023-06-15T18:45:23.763+0000] {processor.py:175} INFO - Processing /home/airflow/.local/lib/python3.7/site-packages/airflow/example_dags/example_subdag_operator.py took 0.108 seconds
[2023-06-15T18:45:54.424+0000] {processor.py:153} INFO - Started process (PID=2443) to work on /home/airflow/.local/lib/python3.7/site-packages/airflow/example_dags/example_subdag_operator.py
[2023-06-15T18:45:54.426+0000] {processor.py:743} INFO - Processing file /home/airflow/.local/lib/python3.7/site-packages/airflow/example_dags/example_subdag_operator.py for tasks to queue
[2023-06-15T18:45:54.427+0000] {logging_mixin.py:137} INFO - [2023-06-15T18:45:54.427+0000] {dagbag.py:538} INFO - Filling up the DagBag from /home/airflow/.local/lib/python3.7/site-packages/airflow/example_dags/example_subdag_operator.py
[2023-06-15T18:45:54.457+0000] {processor.py:753} INFO - DAG(s) dict_keys(['example_subdag_operator.section-1', 'example_subdag_operator.section-2', 'example_subdag_operator']) retrieved from /home/airflow/.local/lib/python3.7/site-packages/airflow/example_dags/example_subdag_operator.py
[2023-06-15T18:45:54.471+0000] {logging_mixin.py:137} INFO - [2023-06-15T18:45:54.471+0000] {dag.py:2690} INFO - Sync 3 DAGs
[2023-06-15T18:45:54.490+0000] {logging_mixin.py:137} INFO - [2023-06-15T18:45:54.490+0000] {dag.py:3441} INFO - Setting next_dagrun for example_subdag_operator to 2022-01-01T00:00:00+00:00, run_after=2022-01-01T00:00:00+00:00
[2023-06-15T18:45:54.494+0000] {logging_mixin.py:137} INFO - [2023-06-15T18:45:54.494+0000] {dag.py:3441} INFO - Setting next_dagrun for example_subdag_operator.section-1 to None, run_after=None
[2023-06-15T18:45:54.499+0000] {logging_mixin.py:137} INFO - [2023-06-15T18:45:54.499+0000] {dag.py:3441} INFO - Setting next_dagrun for example_subdag_operator.section-2 to None, run_after=None
[2023-06-15T18:45:54.506+0000] {logging_mixin.py:137} INFO - [2023-06-15T18:45:54.506+0000] {dag.py:2690} INFO - Sync 2 DAGs
[2023-06-15T18:45:54.511+0000] {logging_mixin.py:137} INFO - [2023-06-15T18:45:54.511+0000] {dag.py:3441} INFO - Setting next_dagrun for example_subdag_operator.section-1 to None, run_after=None
[2023-06-15T18:45:54.512+0000] {logging_mixin.py:137} INFO - [2023-06-15T18:45:54.512+0000] {dag.py:3441} INFO - Setting next_dagrun for example_subdag_operator.section-2 to None, run_after=None
[2023-06-15T18:45:54.522+0000] {processor.py:175} INFO - Processing /home/airflow/.local/lib/python3.7/site-packages/airflow/example_dags/example_subdag_operator.py took 0.102 seconds
[2023-06-15T18:46:25.485+0000] {processor.py:153} INFO - Started process (PID=2520) to work on /home/airflow/.local/lib/python3.7/site-packages/airflow/example_dags/example_subdag_operator.py
[2023-06-15T18:46:25.486+0000] {processor.py:743} INFO - Processing file /home/airflow/.local/lib/python3.7/site-packages/airflow/example_dags/example_subdag_operator.py for tasks to queue
[2023-06-15T18:46:25.487+0000] {logging_mixin.py:137} INFO - [2023-06-15T18:46:25.487+0000] {dagbag.py:538} INFO - Filling up the DagBag from /home/airflow/.local/lib/python3.7/site-packages/airflow/example_dags/example_subdag_operator.py
[2023-06-15T18:46:25.517+0000] {processor.py:753} INFO - DAG(s) dict_keys(['example_subdag_operator.section-1', 'example_subdag_operator.section-2', 'example_subdag_operator']) retrieved from /home/airflow/.local/lib/python3.7/site-packages/airflow/example_dags/example_subdag_operator.py
[2023-06-15T18:46:25.530+0000] {logging_mixin.py:137} INFO - [2023-06-15T18:46:25.530+0000] {dag.py:2690} INFO - Sync 3 DAGs
[2023-06-15T18:46:25.548+0000] {logging_mixin.py:137} INFO - [2023-06-15T18:46:25.548+0000] {dag.py:3441} INFO - Setting next_dagrun for example_subdag_operator to 2022-01-01T00:00:00+00:00, run_after=2022-01-01T00:00:00+00:00
[2023-06-15T18:46:25.551+0000] {logging_mixin.py:137} INFO - [2023-06-15T18:46:25.551+0000] {dag.py:3441} INFO - Setting next_dagrun for example_subdag_operator.section-1 to None, run_after=None
[2023-06-15T18:46:25.552+0000] {logging_mixin.py:137} INFO - [2023-06-15T18:46:25.552+0000] {dag.py:3441} INFO - Setting next_dagrun for example_subdag_operator.section-2 to None, run_after=None
[2023-06-15T18:46:25.560+0000] {logging_mixin.py:137} INFO - [2023-06-15T18:46:25.559+0000] {dag.py:2690} INFO - Sync 2 DAGs
[2023-06-15T18:46:25.565+0000] {logging_mixin.py:137} INFO - [2023-06-15T18:46:25.565+0000] {dag.py:3441} INFO - Setting next_dagrun for example_subdag_operator.section-1 to None, run_after=None
[2023-06-15T18:46:25.566+0000] {logging_mixin.py:137} INFO - [2023-06-15T18:46:25.566+0000] {dag.py:3441} INFO - Setting next_dagrun for example_subdag_operator.section-2 to None, run_after=None
[2023-06-15T18:46:25.576+0000] {processor.py:175} INFO - Processing /home/airflow/.local/lib/python3.7/site-packages/airflow/example_dags/example_subdag_operator.py took 0.095 seconds
[2023-06-15T18:46:56.425+0000] {processor.py:153} INFO - Started process (PID=2585) to work on /home/airflow/.local/lib/python3.7/site-packages/airflow/example_dags/example_subdag_operator.py
[2023-06-15T18:46:56.427+0000] {processor.py:743} INFO - Processing file /home/airflow/.local/lib/python3.7/site-packages/airflow/example_dags/example_subdag_operator.py for tasks to queue
[2023-06-15T18:46:56.427+0000] {logging_mixin.py:137} INFO - [2023-06-15T18:46:56.427+0000] {dagbag.py:538} INFO - Filling up the DagBag from /home/airflow/.local/lib/python3.7/site-packages/airflow/example_dags/example_subdag_operator.py
[2023-06-15T18:46:56.457+0000] {processor.py:753} INFO - DAG(s) dict_keys(['example_subdag_operator.section-1', 'example_subdag_operator.section-2', 'example_subdag_operator']) retrieved from /home/airflow/.local/lib/python3.7/site-packages/airflow/example_dags/example_subdag_operator.py
[2023-06-15T18:46:56.473+0000] {logging_mixin.py:137} INFO - [2023-06-15T18:46:56.473+0000] {dag.py:2690} INFO - Sync 3 DAGs
[2023-06-15T18:46:56.498+0000] {logging_mixin.py:137} INFO - [2023-06-15T18:46:56.498+0000] {dag.py:3441} INFO - Setting next_dagrun for example_subdag_operator to 2022-01-01T00:00:00+00:00, run_after=2022-01-01T00:00:00+00:00
[2023-06-15T18:46:56.502+0000] {logging_mixin.py:137} INFO - [2023-06-15T18:46:56.502+0000] {dag.py:3441} INFO - Setting next_dagrun for example_subdag_operator.section-1 to None, run_after=None
[2023-06-15T18:46:56.504+0000] {logging_mixin.py:137} INFO - [2023-06-15T18:46:56.503+0000] {dag.py:3441} INFO - Setting next_dagrun for example_subdag_operator.section-2 to None, run_after=None
[2023-06-15T18:46:56.510+0000] {logging_mixin.py:137} INFO - [2023-06-15T18:46:56.509+0000] {dag.py:2690} INFO - Sync 2 DAGs
[2023-06-15T18:46:56.514+0000] {logging_mixin.py:137} INFO - [2023-06-15T18:46:56.514+0000] {dag.py:3441} INFO - Setting next_dagrun for example_subdag_operator.section-1 to None, run_after=None
[2023-06-15T18:46:56.514+0000] {logging_mixin.py:137} INFO - [2023-06-15T18:46:56.514+0000] {dag.py:3441} INFO - Setting next_dagrun for example_subdag_operator.section-2 to None, run_after=None
[2023-06-15T18:46:56.523+0000] {processor.py:175} INFO - Processing /home/airflow/.local/lib/python3.7/site-packages/airflow/example_dags/example_subdag_operator.py took 0.101 seconds
[2023-06-15T18:47:26.812+0000] {processor.py:153} INFO - Started process (PID=2662) to work on /home/airflow/.local/lib/python3.7/site-packages/airflow/example_dags/example_subdag_operator.py
[2023-06-15T18:47:26.814+0000] {processor.py:743} INFO - Processing file /home/airflow/.local/lib/python3.7/site-packages/airflow/example_dags/example_subdag_operator.py for tasks to queue
[2023-06-15T18:47:26.815+0000] {logging_mixin.py:137} INFO - [2023-06-15T18:47:26.814+0000] {dagbag.py:538} INFO - Filling up the DagBag from /home/airflow/.local/lib/python3.7/site-packages/airflow/example_dags/example_subdag_operator.py
[2023-06-15T18:47:26.846+0000] {processor.py:753} INFO - DAG(s) dict_keys(['example_subdag_operator.section-1', 'example_subdag_operator.section-2', 'example_subdag_operator']) retrieved from /home/airflow/.local/lib/python3.7/site-packages/airflow/example_dags/example_subdag_operator.py
[2023-06-15T18:47:26.860+0000] {logging_mixin.py:137} INFO - [2023-06-15T18:47:26.860+0000] {dag.py:2690} INFO - Sync 3 DAGs
[2023-06-15T18:47:26.879+0000] {logging_mixin.py:137} INFO - [2023-06-15T18:47:26.879+0000] {dag.py:3441} INFO - Setting next_dagrun for example_subdag_operator to 2022-01-01T00:00:00+00:00, run_after=2022-01-01T00:00:00+00:00
[2023-06-15T18:47:26.882+0000] {logging_mixin.py:137} INFO - [2023-06-15T18:47:26.882+0000] {dag.py:3441} INFO - Setting next_dagrun for example_subdag_operator.section-1 to None, run_after=None
[2023-06-15T18:47:26.883+0000] {logging_mixin.py:137} INFO - [2023-06-15T18:47:26.883+0000] {dag.py:3441} INFO - Setting next_dagrun for example_subdag_operator.section-2 to None, run_after=None
[2023-06-15T18:47:26.889+0000] {logging_mixin.py:137} INFO - [2023-06-15T18:47:26.889+0000] {dag.py:2690} INFO - Sync 2 DAGs
[2023-06-15T18:47:26.894+0000] {logging_mixin.py:137} INFO - [2023-06-15T18:47:26.893+0000] {dag.py:3441} INFO - Setting next_dagrun for example_subdag_operator.section-1 to None, run_after=None
[2023-06-15T18:47:26.894+0000] {logging_mixin.py:137} INFO - [2023-06-15T18:47:26.894+0000] {dag.py:3441} INFO - Setting next_dagrun for example_subdag_operator.section-2 to None, run_after=None
[2023-06-15T18:47:26.902+0000] {processor.py:175} INFO - Processing /home/airflow/.local/lib/python3.7/site-packages/airflow/example_dags/example_subdag_operator.py took 0.093 seconds
[2023-06-15T18:47:57.430+0000] {processor.py:153} INFO - Started process (PID=2736) to work on /home/airflow/.local/lib/python3.7/site-packages/airflow/example_dags/example_subdag_operator.py
[2023-06-15T18:47:57.431+0000] {processor.py:743} INFO - Processing file /home/airflow/.local/lib/python3.7/site-packages/airflow/example_dags/example_subdag_operator.py for tasks to queue
[2023-06-15T18:47:57.432+0000] {logging_mixin.py:137} INFO - [2023-06-15T18:47:57.432+0000] {dagbag.py:538} INFO - Filling up the DagBag from /home/airflow/.local/lib/python3.7/site-packages/airflow/example_dags/example_subdag_operator.py
[2023-06-15T18:47:57.461+0000] {processor.py:753} INFO - DAG(s) dict_keys(['example_subdag_operator.section-1', 'example_subdag_operator.section-2', 'example_subdag_operator']) retrieved from /home/airflow/.local/lib/python3.7/site-packages/airflow/example_dags/example_subdag_operator.py
[2023-06-15T18:47:57.479+0000] {logging_mixin.py:137} INFO - [2023-06-15T18:47:57.478+0000] {dag.py:2690} INFO - Sync 3 DAGs
[2023-06-15T18:47:57.498+0000] {logging_mixin.py:137} INFO - [2023-06-15T18:47:57.497+0000] {dag.py:3441} INFO - Setting next_dagrun for example_subdag_operator to 2022-01-01T00:00:00+00:00, run_after=2022-01-01T00:00:00+00:00
[2023-06-15T18:47:57.501+0000] {logging_mixin.py:137} INFO - [2023-06-15T18:47:57.500+0000] {dag.py:3441} INFO - Setting next_dagrun for example_subdag_operator.section-1 to None, run_after=None
[2023-06-15T18:47:57.502+0000] {logging_mixin.py:137} INFO - [2023-06-15T18:47:57.502+0000] {dag.py:3441} INFO - Setting next_dagrun for example_subdag_operator.section-2 to None, run_after=None
[2023-06-15T18:47:57.507+0000] {logging_mixin.py:137} INFO - [2023-06-15T18:47:57.507+0000] {dag.py:2690} INFO - Sync 2 DAGs
[2023-06-15T18:47:57.512+0000] {logging_mixin.py:137} INFO - [2023-06-15T18:47:57.512+0000] {dag.py:3441} INFO - Setting next_dagrun for example_subdag_operator.section-1 to None, run_after=None
[2023-06-15T18:47:57.512+0000] {logging_mixin.py:137} INFO - [2023-06-15T18:47:57.512+0000] {dag.py:3441} INFO - Setting next_dagrun for example_subdag_operator.section-2 to None, run_after=None
[2023-06-15T18:47:57.521+0000] {processor.py:175} INFO - Processing /home/airflow/.local/lib/python3.7/site-packages/airflow/example_dags/example_subdag_operator.py took 0.094 seconds
[2023-06-15T18:48:30.700+0000] {processor.py:153} INFO - Started process (PID=2804) to work on /home/airflow/.local/lib/python3.7/site-packages/airflow/example_dags/example_subdag_operator.py
[2023-06-15T18:48:30.702+0000] {processor.py:743} INFO - Processing file /home/airflow/.local/lib/python3.7/site-packages/airflow/example_dags/example_subdag_operator.py for tasks to queue
[2023-06-15T18:48:30.702+0000] {logging_mixin.py:137} INFO - [2023-06-15T18:48:30.702+0000] {dagbag.py:538} INFO - Filling up the DagBag from /home/airflow/.local/lib/python3.7/site-packages/airflow/example_dags/example_subdag_operator.py
[2023-06-15T18:48:30.732+0000] {processor.py:753} INFO - DAG(s) dict_keys(['example_subdag_operator.section-1', 'example_subdag_operator.section-2', 'example_subdag_operator']) retrieved from /home/airflow/.local/lib/python3.7/site-packages/airflow/example_dags/example_subdag_operator.py
[2023-06-15T18:48:30.746+0000] {logging_mixin.py:137} INFO - [2023-06-15T18:48:30.746+0000] {dag.py:2690} INFO - Sync 3 DAGs
[2023-06-15T18:48:30.764+0000] {logging_mixin.py:137} INFO - [2023-06-15T18:48:30.764+0000] {dag.py:3441} INFO - Setting next_dagrun for example_subdag_operator to 2022-01-01T00:00:00+00:00, run_after=2022-01-01T00:00:00+00:00
[2023-06-15T18:48:30.767+0000] {logging_mixin.py:137} INFO - [2023-06-15T18:48:30.767+0000] {dag.py:3441} INFO - Setting next_dagrun for example_subdag_operator.section-1 to None, run_after=None
[2023-06-15T18:48:30.768+0000] {logging_mixin.py:137} INFO - [2023-06-15T18:48:30.768+0000] {dag.py:3441} INFO - Setting next_dagrun for example_subdag_operator.section-2 to None, run_after=None
[2023-06-15T18:48:30.774+0000] {logging_mixin.py:137} INFO - [2023-06-15T18:48:30.774+0000] {dag.py:2690} INFO - Sync 2 DAGs
[2023-06-15T18:48:30.779+0000] {logging_mixin.py:137} INFO - [2023-06-15T18:48:30.778+0000] {dag.py:3441} INFO - Setting next_dagrun for example_subdag_operator.section-1 to None, run_after=None
[2023-06-15T18:48:30.779+0000] {logging_mixin.py:137} INFO - [2023-06-15T18:48:30.779+0000] {dag.py:3441} INFO - Setting next_dagrun for example_subdag_operator.section-2 to None, run_after=None
[2023-06-15T18:48:30.787+0000] {processor.py:175} INFO - Processing /home/airflow/.local/lib/python3.7/site-packages/airflow/example_dags/example_subdag_operator.py took 0.090 seconds
[2023-06-15T18:49:01.648+0000] {processor.py:153} INFO - Started process (PID=2869) to work on /home/airflow/.local/lib/python3.7/site-packages/airflow/example_dags/example_subdag_operator.py
[2023-06-15T18:49:01.649+0000] {processor.py:743} INFO - Processing file /home/airflow/.local/lib/python3.7/site-packages/airflow/example_dags/example_subdag_operator.py for tasks to queue
[2023-06-15T18:49:01.650+0000] {logging_mixin.py:137} INFO - [2023-06-15T18:49:01.650+0000] {dagbag.py:538} INFO - Filling up the DagBag from /home/airflow/.local/lib/python3.7/site-packages/airflow/example_dags/example_subdag_operator.py
[2023-06-15T18:49:01.680+0000] {processor.py:753} INFO - DAG(s) dict_keys(['example_subdag_operator.section-1', 'example_subdag_operator.section-2', 'example_subdag_operator']) retrieved from /home/airflow/.local/lib/python3.7/site-packages/airflow/example_dags/example_subdag_operator.py
[2023-06-15T18:49:01.694+0000] {logging_mixin.py:137} INFO - [2023-06-15T18:49:01.694+0000] {dag.py:2690} INFO - Sync 3 DAGs
[2023-06-15T18:49:01.720+0000] {logging_mixin.py:137} INFO - [2023-06-15T18:49:01.719+0000] {dag.py:3441} INFO - Setting next_dagrun for example_subdag_operator to 2022-01-01T00:00:00+00:00, run_after=2022-01-01T00:00:00+00:00
[2023-06-15T18:49:01.722+0000] {logging_mixin.py:137} INFO - [2023-06-15T18:49:01.722+0000] {dag.py:3441} INFO - Setting next_dagrun for example_subdag_operator.section-1 to None, run_after=None
[2023-06-15T18:49:01.724+0000] {logging_mixin.py:137} INFO - [2023-06-15T18:49:01.724+0000] {dag.py:3441} INFO - Setting next_dagrun for example_subdag_operator.section-2 to None, run_after=None
[2023-06-15T18:49:01.729+0000] {logging_mixin.py:137} INFO - [2023-06-15T18:49:01.729+0000] {dag.py:2690} INFO - Sync 2 DAGs
[2023-06-15T18:49:01.734+0000] {logging_mixin.py:137} INFO - [2023-06-15T18:49:01.734+0000] {dag.py:3441} INFO - Setting next_dagrun for example_subdag_operator.section-1 to None, run_after=None
[2023-06-15T18:49:01.735+0000] {logging_mixin.py:137} INFO - [2023-06-15T18:49:01.734+0000] {dag.py:3441} INFO - Setting next_dagrun for example_subdag_operator.section-2 to None, run_after=None
[2023-06-15T18:49:01.742+0000] {processor.py:175} INFO - Processing /home/airflow/.local/lib/python3.7/site-packages/airflow/example_dags/example_subdag_operator.py took 0.097 seconds
