[2023-06-15T18:02:00.926+0000] {processor.py:153} INFO - Started process (PID=51) to work on /home/airflow/.local/lib/python3.7/site-packages/airflow/example_dags/example_bash_operator.py
[2023-06-15T18:02:00.928+0000] {processor.py:743} INFO - Processing file /home/airflow/.local/lib/python3.7/site-packages/airflow/example_dags/example_bash_operator.py for tasks to queue
[2023-06-15T18:02:00.930+0000] {logging_mixin.py:137} INFO - [2023-06-15T18:02:00.930+0000] {dagbag.py:538} INFO - Filling up the DagBag from /home/airflow/.local/lib/python3.7/site-packages/airflow/example_dags/example_bash_operator.py
[2023-06-15T18:02:00.983+0000] {processor.py:753} INFO - DAG(s) dict_keys(['example_bash_operator']) retrieved from /home/airflow/.local/lib/python3.7/site-packages/airflow/example_dags/example_bash_operator.py
[2023-06-15T18:02:01.002+0000] {logging_mixin.py:137} INFO - [2023-06-15T18:02:01.002+0000] {dag.py:2690} INFO - Sync 1 DAGs
[2023-06-15T18:02:01.074+0000] {logging_mixin.py:137} INFO - [2023-06-15T18:02:01.074+0000] {dag.py:3441} INFO - Setting next_dagrun for example_bash_operator to 2023-06-14T00:00:00+00:00, run_after=2023-06-15T00:00:00+00:00
[2023-06-15T18:02:01.173+0000] {processor.py:175} INFO - Processing /home/airflow/.local/lib/python3.7/site-packages/airflow/example_dags/example_bash_operator.py took 0.260 seconds
[2023-06-15T18:02:31.318+0000] {processor.py:153} INFO - Started process (PID=118) to work on /home/airflow/.local/lib/python3.7/site-packages/airflow/example_dags/example_bash_operator.py
[2023-06-15T18:02:31.320+0000] {processor.py:743} INFO - Processing file /home/airflow/.local/lib/python3.7/site-packages/airflow/example_dags/example_bash_operator.py for tasks to queue
[2023-06-15T18:02:31.321+0000] {logging_mixin.py:137} INFO - [2023-06-15T18:02:31.320+0000] {dagbag.py:538} INFO - Filling up the DagBag from /home/airflow/.local/lib/python3.7/site-packages/airflow/example_dags/example_bash_operator.py
[2023-06-15T18:02:31.340+0000] {processor.py:753} INFO - DAG(s) dict_keys(['example_bash_operator']) retrieved from /home/airflow/.local/lib/python3.7/site-packages/airflow/example_dags/example_bash_operator.py
[2023-06-15T18:02:31.370+0000] {logging_mixin.py:137} INFO - [2023-06-15T18:02:31.370+0000] {dag.py:2690} INFO - Sync 1 DAGs
[2023-06-15T18:02:31.389+0000] {logging_mixin.py:137} INFO - [2023-06-15T18:02:31.389+0000] {dag.py:3441} INFO - Setting next_dagrun for example_bash_operator to 2023-06-14T00:00:00+00:00, run_after=2023-06-15T00:00:00+00:00
[2023-06-15T18:02:31.403+0000] {processor.py:175} INFO - Processing /home/airflow/.local/lib/python3.7/site-packages/airflow/example_dags/example_bash_operator.py took 0.088 seconds
[2023-06-15T18:03:02.234+0000] {processor.py:153} INFO - Started process (PID=182) to work on /home/airflow/.local/lib/python3.7/site-packages/airflow/example_dags/example_bash_operator.py
[2023-06-15T18:03:02.236+0000] {processor.py:743} INFO - Processing file /home/airflow/.local/lib/python3.7/site-packages/airflow/example_dags/example_bash_operator.py for tasks to queue
[2023-06-15T18:03:02.238+0000] {logging_mixin.py:137} INFO - [2023-06-15T18:03:02.238+0000] {dagbag.py:538} INFO - Filling up the DagBag from /home/airflow/.local/lib/python3.7/site-packages/airflow/example_dags/example_bash_operator.py
[2023-06-15T18:03:02.263+0000] {processor.py:753} INFO - DAG(s) dict_keys(['example_bash_operator']) retrieved from /home/airflow/.local/lib/python3.7/site-packages/airflow/example_dags/example_bash_operator.py
[2023-06-15T18:03:02.297+0000] {logging_mixin.py:137} INFO - [2023-06-15T18:03:02.297+0000] {dag.py:2690} INFO - Sync 1 DAGs
[2023-06-15T18:03:02.320+0000] {logging_mixin.py:137} INFO - [2023-06-15T18:03:02.320+0000] {dag.py:3441} INFO - Setting next_dagrun for example_bash_operator to 2023-06-14T00:00:00+00:00, run_after=2023-06-15T00:00:00+00:00
[2023-06-15T18:03:02.337+0000] {processor.py:175} INFO - Processing /home/airflow/.local/lib/python3.7/site-packages/airflow/example_dags/example_bash_operator.py took 0.105 seconds
[2023-06-15T18:03:33.025+0000] {processor.py:153} INFO - Started process (PID=258) to work on /home/airflow/.local/lib/python3.7/site-packages/airflow/example_dags/example_bash_operator.py
[2023-06-15T18:03:33.027+0000] {processor.py:743} INFO - Processing file /home/airflow/.local/lib/python3.7/site-packages/airflow/example_dags/example_bash_operator.py for tasks to queue
[2023-06-15T18:03:33.028+0000] {logging_mixin.py:137} INFO - [2023-06-15T18:03:33.028+0000] {dagbag.py:538} INFO - Filling up the DagBag from /home/airflow/.local/lib/python3.7/site-packages/airflow/example_dags/example_bash_operator.py
[2023-06-15T18:03:33.047+0000] {processor.py:753} INFO - DAG(s) dict_keys(['example_bash_operator']) retrieved from /home/airflow/.local/lib/python3.7/site-packages/airflow/example_dags/example_bash_operator.py
[2023-06-15T18:03:33.081+0000] {logging_mixin.py:137} INFO - [2023-06-15T18:03:33.081+0000] {dag.py:2690} INFO - Sync 1 DAGs
[2023-06-15T18:03:33.101+0000] {logging_mixin.py:137} INFO - [2023-06-15T18:03:33.101+0000] {dag.py:3441} INFO - Setting next_dagrun for example_bash_operator to 2023-06-14T00:00:00+00:00, run_after=2023-06-15T00:00:00+00:00
[2023-06-15T18:03:33.115+0000] {processor.py:175} INFO - Processing /home/airflow/.local/lib/python3.7/site-packages/airflow/example_dags/example_bash_operator.py took 0.092 seconds
[2023-06-15T18:04:03.859+0000] {processor.py:153} INFO - Started process (PID=335) to work on /home/airflow/.local/lib/python3.7/site-packages/airflow/example_dags/example_bash_operator.py
[2023-06-15T18:04:03.860+0000] {processor.py:743} INFO - Processing file /home/airflow/.local/lib/python3.7/site-packages/airflow/example_dags/example_bash_operator.py for tasks to queue
[2023-06-15T18:04:03.861+0000] {logging_mixin.py:137} INFO - [2023-06-15T18:04:03.861+0000] {dagbag.py:538} INFO - Filling up the DagBag from /home/airflow/.local/lib/python3.7/site-packages/airflow/example_dags/example_bash_operator.py
[2023-06-15T18:04:03.879+0000] {processor.py:753} INFO - DAG(s) dict_keys(['example_bash_operator']) retrieved from /home/airflow/.local/lib/python3.7/site-packages/airflow/example_dags/example_bash_operator.py
[2023-06-15T18:04:03.908+0000] {logging_mixin.py:137} INFO - [2023-06-15T18:04:03.908+0000] {dag.py:2690} INFO - Sync 1 DAGs
[2023-06-15T18:04:03.927+0000] {logging_mixin.py:137} INFO - [2023-06-15T18:04:03.927+0000] {dag.py:3441} INFO - Setting next_dagrun for example_bash_operator to 2023-06-14T00:00:00+00:00, run_after=2023-06-15T00:00:00+00:00
[2023-06-15T18:04:03.941+0000] {processor.py:175} INFO - Processing /home/airflow/.local/lib/python3.7/site-packages/airflow/example_dags/example_bash_operator.py took 0.085 seconds
[2023-06-15T18:04:34.358+0000] {processor.py:153} INFO - Started process (PID=399) to work on /home/airflow/.local/lib/python3.7/site-packages/airflow/example_dags/example_bash_operator.py
[2023-06-15T18:04:34.359+0000] {processor.py:743} INFO - Processing file /home/airflow/.local/lib/python3.7/site-packages/airflow/example_dags/example_bash_operator.py for tasks to queue
[2023-06-15T18:04:34.360+0000] {logging_mixin.py:137} INFO - [2023-06-15T18:04:34.360+0000] {dagbag.py:538} INFO - Filling up the DagBag from /home/airflow/.local/lib/python3.7/site-packages/airflow/example_dags/example_bash_operator.py
[2023-06-15T18:04:34.379+0000] {processor.py:753} INFO - DAG(s) dict_keys(['example_bash_operator']) retrieved from /home/airflow/.local/lib/python3.7/site-packages/airflow/example_dags/example_bash_operator.py
[2023-06-15T18:04:34.408+0000] {logging_mixin.py:137} INFO - [2023-06-15T18:04:34.408+0000] {dag.py:2690} INFO - Sync 1 DAGs
[2023-06-15T18:04:34.429+0000] {logging_mixin.py:137} INFO - [2023-06-15T18:04:34.429+0000] {dag.py:3441} INFO - Setting next_dagrun for example_bash_operator to 2023-06-14T00:00:00+00:00, run_after=2023-06-15T00:00:00+00:00
[2023-06-15T18:04:34.443+0000] {processor.py:175} INFO - Processing /home/airflow/.local/lib/python3.7/site-packages/airflow/example_dags/example_bash_operator.py took 0.088 seconds
[2023-06-15T18:05:05.182+0000] {processor.py:153} INFO - Started process (PID=477) to work on /home/airflow/.local/lib/python3.7/site-packages/airflow/example_dags/example_bash_operator.py
[2023-06-15T18:05:05.184+0000] {processor.py:743} INFO - Processing file /home/airflow/.local/lib/python3.7/site-packages/airflow/example_dags/example_bash_operator.py for tasks to queue
[2023-06-15T18:05:05.184+0000] {logging_mixin.py:137} INFO - [2023-06-15T18:05:05.184+0000] {dagbag.py:538} INFO - Filling up the DagBag from /home/airflow/.local/lib/python3.7/site-packages/airflow/example_dags/example_bash_operator.py
[2023-06-15T18:05:05.203+0000] {processor.py:753} INFO - DAG(s) dict_keys(['example_bash_operator']) retrieved from /home/airflow/.local/lib/python3.7/site-packages/airflow/example_dags/example_bash_operator.py
[2023-06-15T18:05:05.233+0000] {logging_mixin.py:137} INFO - [2023-06-15T18:05:05.233+0000] {dag.py:2690} INFO - Sync 1 DAGs
[2023-06-15T18:05:05.254+0000] {logging_mixin.py:137} INFO - [2023-06-15T18:05:05.254+0000] {dag.py:3441} INFO - Setting next_dagrun for example_bash_operator to 2023-06-14T00:00:00+00:00, run_after=2023-06-15T00:00:00+00:00
[2023-06-15T18:05:05.268+0000] {processor.py:175} INFO - Processing /home/airflow/.local/lib/python3.7/site-packages/airflow/example_dags/example_bash_operator.py took 0.089 seconds
[2023-06-15T18:05:35.906+0000] {processor.py:153} INFO - Started process (PID=552) to work on /home/airflow/.local/lib/python3.7/site-packages/airflow/example_dags/example_bash_operator.py
[2023-06-15T18:05:35.907+0000] {processor.py:743} INFO - Processing file /home/airflow/.local/lib/python3.7/site-packages/airflow/example_dags/example_bash_operator.py for tasks to queue
[2023-06-15T18:05:35.908+0000] {logging_mixin.py:137} INFO - [2023-06-15T18:05:35.908+0000] {dagbag.py:538} INFO - Filling up the DagBag from /home/airflow/.local/lib/python3.7/site-packages/airflow/example_dags/example_bash_operator.py
[2023-06-15T18:05:35.928+0000] {processor.py:753} INFO - DAG(s) dict_keys(['example_bash_operator']) retrieved from /home/airflow/.local/lib/python3.7/site-packages/airflow/example_dags/example_bash_operator.py
[2023-06-15T18:05:35.959+0000] {logging_mixin.py:137} INFO - [2023-06-15T18:05:35.959+0000] {dag.py:2690} INFO - Sync 1 DAGs
[2023-06-15T18:05:35.978+0000] {logging_mixin.py:137} INFO - [2023-06-15T18:05:35.978+0000] {dag.py:3441} INFO - Setting next_dagrun for example_bash_operator to 2023-06-14T00:00:00+00:00, run_after=2023-06-15T00:00:00+00:00
[2023-06-15T18:05:35.995+0000] {processor.py:175} INFO - Processing /home/airflow/.local/lib/python3.7/site-packages/airflow/example_dags/example_bash_operator.py took 0.093 seconds
[2023-06-15T18:06:07.610+0000] {processor.py:153} INFO - Started process (PID=617) to work on /home/airflow/.local/lib/python3.7/site-packages/airflow/example_dags/example_bash_operator.py
[2023-06-15T18:06:07.612+0000] {processor.py:743} INFO - Processing file /home/airflow/.local/lib/python3.7/site-packages/airflow/example_dags/example_bash_operator.py for tasks to queue
[2023-06-15T18:06:07.613+0000] {logging_mixin.py:137} INFO - [2023-06-15T18:06:07.613+0000] {dagbag.py:538} INFO - Filling up the DagBag from /home/airflow/.local/lib/python3.7/site-packages/airflow/example_dags/example_bash_operator.py
[2023-06-15T18:06:07.632+0000] {processor.py:753} INFO - DAG(s) dict_keys(['example_bash_operator']) retrieved from /home/airflow/.local/lib/python3.7/site-packages/airflow/example_dags/example_bash_operator.py
[2023-06-15T18:06:07.665+0000] {logging_mixin.py:137} INFO - [2023-06-15T18:06:07.665+0000] {dag.py:2690} INFO - Sync 1 DAGs
[2023-06-15T18:06:07.690+0000] {logging_mixin.py:137} INFO - [2023-06-15T18:06:07.690+0000] {dag.py:3441} INFO - Setting next_dagrun for example_bash_operator to 2023-06-14T00:00:00+00:00, run_after=2023-06-15T00:00:00+00:00
[2023-06-15T18:06:07.708+0000] {processor.py:175} INFO - Processing /home/airflow/.local/lib/python3.7/site-packages/airflow/example_dags/example_bash_operator.py took 0.102 seconds
[2023-06-15T18:06:37.965+0000] {processor.py:153} INFO - Started process (PID=692) to work on /home/airflow/.local/lib/python3.7/site-packages/airflow/example_dags/example_bash_operator.py
[2023-06-15T18:06:37.967+0000] {processor.py:743} INFO - Processing file /home/airflow/.local/lib/python3.7/site-packages/airflow/example_dags/example_bash_operator.py for tasks to queue
[2023-06-15T18:06:37.968+0000] {logging_mixin.py:137} INFO - [2023-06-15T18:06:37.968+0000] {dagbag.py:538} INFO - Filling up the DagBag from /home/airflow/.local/lib/python3.7/site-packages/airflow/example_dags/example_bash_operator.py
[2023-06-15T18:06:37.988+0000] {processor.py:753} INFO - DAG(s) dict_keys(['example_bash_operator']) retrieved from /home/airflow/.local/lib/python3.7/site-packages/airflow/example_dags/example_bash_operator.py
[2023-06-15T18:06:38.020+0000] {logging_mixin.py:137} INFO - [2023-06-15T18:06:38.020+0000] {dag.py:2690} INFO - Sync 1 DAGs
[2023-06-15T18:06:38.041+0000] {logging_mixin.py:137} INFO - [2023-06-15T18:06:38.041+0000] {dag.py:3441} INFO - Setting next_dagrun for example_bash_operator to 2023-06-14T00:00:00+00:00, run_after=2023-06-15T00:00:00+00:00
[2023-06-15T18:06:38.057+0000] {processor.py:175} INFO - Processing /home/airflow/.local/lib/python3.7/site-packages/airflow/example_dags/example_bash_operator.py took 0.095 seconds
[2023-06-15T18:07:08.438+0000] {processor.py:153} INFO - Started process (PID=764) to work on /home/airflow/.local/lib/python3.7/site-packages/airflow/example_dags/example_bash_operator.py
[2023-06-15T18:07:08.440+0000] {processor.py:743} INFO - Processing file /home/airflow/.local/lib/python3.7/site-packages/airflow/example_dags/example_bash_operator.py for tasks to queue
[2023-06-15T18:07:08.442+0000] {logging_mixin.py:137} INFO - [2023-06-15T18:07:08.442+0000] {dagbag.py:538} INFO - Filling up the DagBag from /home/airflow/.local/lib/python3.7/site-packages/airflow/example_dags/example_bash_operator.py
[2023-06-15T18:07:08.460+0000] {processor.py:753} INFO - DAG(s) dict_keys(['example_bash_operator']) retrieved from /home/airflow/.local/lib/python3.7/site-packages/airflow/example_dags/example_bash_operator.py
[2023-06-15T18:07:08.492+0000] {logging_mixin.py:137} INFO - [2023-06-15T18:07:08.492+0000] {dag.py:2690} INFO - Sync 1 DAGs
[2023-06-15T18:07:08.514+0000] {logging_mixin.py:137} INFO - [2023-06-15T18:07:08.514+0000] {dag.py:3441} INFO - Setting next_dagrun for example_bash_operator to 2023-06-14T00:00:00+00:00, run_after=2023-06-15T00:00:00+00:00
[2023-06-15T18:07:08.529+0000] {processor.py:175} INFO - Processing /home/airflow/.local/lib/python3.7/site-packages/airflow/example_dags/example_bash_operator.py took 0.094 seconds
[2023-06-15T18:07:39.243+0000] {processor.py:153} INFO - Started process (PID=834) to work on /home/airflow/.local/lib/python3.7/site-packages/airflow/example_dags/example_bash_operator.py
[2023-06-15T18:07:39.245+0000] {processor.py:743} INFO - Processing file /home/airflow/.local/lib/python3.7/site-packages/airflow/example_dags/example_bash_operator.py for tasks to queue
[2023-06-15T18:07:39.246+0000] {logging_mixin.py:137} INFO - [2023-06-15T18:07:39.245+0000] {dagbag.py:538} INFO - Filling up the DagBag from /home/airflow/.local/lib/python3.7/site-packages/airflow/example_dags/example_bash_operator.py
[2023-06-15T18:07:39.266+0000] {processor.py:753} INFO - DAG(s) dict_keys(['example_bash_operator']) retrieved from /home/airflow/.local/lib/python3.7/site-packages/airflow/example_dags/example_bash_operator.py
[2023-06-15T18:07:39.297+0000] {logging_mixin.py:137} INFO - [2023-06-15T18:07:39.297+0000] {dag.py:2690} INFO - Sync 1 DAGs
[2023-06-15T18:07:39.319+0000] {logging_mixin.py:137} INFO - [2023-06-15T18:07:39.319+0000] {dag.py:3441} INFO - Setting next_dagrun for example_bash_operator to 2023-06-14T00:00:00+00:00, run_after=2023-06-15T00:00:00+00:00
[2023-06-15T18:07:39.337+0000] {processor.py:175} INFO - Processing /home/airflow/.local/lib/python3.7/site-packages/airflow/example_dags/example_bash_operator.py took 0.098 seconds
[2023-06-15T18:08:09.564+0000] {processor.py:153} INFO - Started process (PID=910) to work on /home/airflow/.local/lib/python3.7/site-packages/airflow/example_dags/example_bash_operator.py
[2023-06-15T18:08:09.566+0000] {processor.py:743} INFO - Processing file /home/airflow/.local/lib/python3.7/site-packages/airflow/example_dags/example_bash_operator.py for tasks to queue
[2023-06-15T18:08:09.567+0000] {logging_mixin.py:137} INFO - [2023-06-15T18:08:09.567+0000] {dagbag.py:538} INFO - Filling up the DagBag from /home/airflow/.local/lib/python3.7/site-packages/airflow/example_dags/example_bash_operator.py
[2023-06-15T18:08:09.587+0000] {processor.py:753} INFO - DAG(s) dict_keys(['example_bash_operator']) retrieved from /home/airflow/.local/lib/python3.7/site-packages/airflow/example_dags/example_bash_operator.py
[2023-06-15T18:08:09.619+0000] {logging_mixin.py:137} INFO - [2023-06-15T18:08:09.619+0000] {dag.py:2690} INFO - Sync 1 DAGs
[2023-06-15T18:08:09.640+0000] {logging_mixin.py:137} INFO - [2023-06-15T18:08:09.640+0000] {dag.py:3441} INFO - Setting next_dagrun for example_bash_operator to 2023-06-14T00:00:00+00:00, run_after=2023-06-15T00:00:00+00:00
[2023-06-15T18:08:09.655+0000] {processor.py:175} INFO - Processing /home/airflow/.local/lib/python3.7/site-packages/airflow/example_dags/example_bash_operator.py took 0.096 seconds
[2023-06-15T18:08:40.510+0000] {processor.py:153} INFO - Started process (PID=974) to work on /home/airflow/.local/lib/python3.7/site-packages/airflow/example_dags/example_bash_operator.py
[2023-06-15T18:08:40.511+0000] {processor.py:743} INFO - Processing file /home/airflow/.local/lib/python3.7/site-packages/airflow/example_dags/example_bash_operator.py for tasks to queue
[2023-06-15T18:08:40.512+0000] {logging_mixin.py:137} INFO - [2023-06-15T18:08:40.512+0000] {dagbag.py:538} INFO - Filling up the DagBag from /home/airflow/.local/lib/python3.7/site-packages/airflow/example_dags/example_bash_operator.py
[2023-06-15T18:08:40.531+0000] {processor.py:753} INFO - DAG(s) dict_keys(['example_bash_operator']) retrieved from /home/airflow/.local/lib/python3.7/site-packages/airflow/example_dags/example_bash_operator.py
[2023-06-15T18:08:40.565+0000] {logging_mixin.py:137} INFO - [2023-06-15T18:08:40.565+0000] {dag.py:2690} INFO - Sync 1 DAGs
[2023-06-15T18:08:40.588+0000] {logging_mixin.py:137} INFO - [2023-06-15T18:08:40.588+0000] {dag.py:3441} INFO - Setting next_dagrun for example_bash_operator to 2023-06-14T00:00:00+00:00, run_after=2023-06-15T00:00:00+00:00
[2023-06-15T18:08:40.606+0000] {processor.py:175} INFO - Processing /home/airflow/.local/lib/python3.7/site-packages/airflow/example_dags/example_bash_operator.py took 0.100 seconds
[2023-06-15T18:09:11.115+0000] {processor.py:153} INFO - Started process (PID=1050) to work on /home/airflow/.local/lib/python3.7/site-packages/airflow/example_dags/example_bash_operator.py
[2023-06-15T18:09:11.117+0000] {processor.py:743} INFO - Processing file /home/airflow/.local/lib/python3.7/site-packages/airflow/example_dags/example_bash_operator.py for tasks to queue
[2023-06-15T18:09:11.121+0000] {logging_mixin.py:137} INFO - [2023-06-15T18:09:11.121+0000] {dagbag.py:538} INFO - Filling up the DagBag from /home/airflow/.local/lib/python3.7/site-packages/airflow/example_dags/example_bash_operator.py
[2023-06-15T18:09:11.143+0000] {processor.py:753} INFO - DAG(s) dict_keys(['example_bash_operator']) retrieved from /home/airflow/.local/lib/python3.7/site-packages/airflow/example_dags/example_bash_operator.py
[2023-06-15T18:09:11.175+0000] {logging_mixin.py:137} INFO - [2023-06-15T18:09:11.175+0000] {dag.py:2690} INFO - Sync 1 DAGs
[2023-06-15T18:09:11.195+0000] {logging_mixin.py:137} INFO - [2023-06-15T18:09:11.195+0000] {dag.py:3441} INFO - Setting next_dagrun for example_bash_operator to 2023-06-14T00:00:00+00:00, run_after=2023-06-15T00:00:00+00:00
[2023-06-15T18:09:11.210+0000] {processor.py:175} INFO - Processing /home/airflow/.local/lib/python3.7/site-packages/airflow/example_dags/example_bash_operator.py took 0.099 seconds
[2023-06-15T18:09:41.792+0000] {processor.py:153} INFO - Started process (PID=1126) to work on /home/airflow/.local/lib/python3.7/site-packages/airflow/example_dags/example_bash_operator.py
[2023-06-15T18:09:41.794+0000] {processor.py:743} INFO - Processing file /home/airflow/.local/lib/python3.7/site-packages/airflow/example_dags/example_bash_operator.py for tasks to queue
[2023-06-15T18:09:41.794+0000] {logging_mixin.py:137} INFO - [2023-06-15T18:09:41.794+0000] {dagbag.py:538} INFO - Filling up the DagBag from /home/airflow/.local/lib/python3.7/site-packages/airflow/example_dags/example_bash_operator.py
[2023-06-15T18:09:41.813+0000] {processor.py:753} INFO - DAG(s) dict_keys(['example_bash_operator']) retrieved from /home/airflow/.local/lib/python3.7/site-packages/airflow/example_dags/example_bash_operator.py
[2023-06-15T18:09:41.844+0000] {logging_mixin.py:137} INFO - [2023-06-15T18:09:41.844+0000] {dag.py:2690} INFO - Sync 1 DAGs
[2023-06-15T18:09:41.864+0000] {logging_mixin.py:137} INFO - [2023-06-15T18:09:41.864+0000] {dag.py:3441} INFO - Setting next_dagrun for example_bash_operator to 2023-06-14T00:00:00+00:00, run_after=2023-06-15T00:00:00+00:00
[2023-06-15T18:09:41.878+0000] {processor.py:175} INFO - Processing /home/airflow/.local/lib/python3.7/site-packages/airflow/example_dags/example_bash_operator.py took 0.090 seconds
[2023-06-15T18:10:12.365+0000] {processor.py:153} INFO - Started process (PID=1190) to work on /home/airflow/.local/lib/python3.7/site-packages/airflow/example_dags/example_bash_operator.py
[2023-06-15T18:10:12.367+0000] {processor.py:743} INFO - Processing file /home/airflow/.local/lib/python3.7/site-packages/airflow/example_dags/example_bash_operator.py for tasks to queue
[2023-06-15T18:10:12.368+0000] {logging_mixin.py:137} INFO - [2023-06-15T18:10:12.368+0000] {dagbag.py:538} INFO - Filling up the DagBag from /home/airflow/.local/lib/python3.7/site-packages/airflow/example_dags/example_bash_operator.py
[2023-06-15T18:10:12.386+0000] {processor.py:753} INFO - DAG(s) dict_keys(['example_bash_operator']) retrieved from /home/airflow/.local/lib/python3.7/site-packages/airflow/example_dags/example_bash_operator.py
[2023-06-15T18:10:12.416+0000] {logging_mixin.py:137} INFO - [2023-06-15T18:10:12.416+0000] {dag.py:2690} INFO - Sync 1 DAGs
[2023-06-15T18:10:12.436+0000] {logging_mixin.py:137} INFO - [2023-06-15T18:10:12.436+0000] {dag.py:3441} INFO - Setting next_dagrun for example_bash_operator to 2023-06-14T00:00:00+00:00, run_after=2023-06-15T00:00:00+00:00
[2023-06-15T18:10:12.451+0000] {processor.py:175} INFO - Processing /home/airflow/.local/lib/python3.7/site-packages/airflow/example_dags/example_bash_operator.py took 0.089 seconds
[2023-06-15T18:10:43.321+0000] {processor.py:153} INFO - Started process (PID=1266) to work on /home/airflow/.local/lib/python3.7/site-packages/airflow/example_dags/example_bash_operator.py
[2023-06-15T18:10:43.323+0000] {processor.py:743} INFO - Processing file /home/airflow/.local/lib/python3.7/site-packages/airflow/example_dags/example_bash_operator.py for tasks to queue
[2023-06-15T18:10:43.324+0000] {logging_mixin.py:137} INFO - [2023-06-15T18:10:43.323+0000] {dagbag.py:538} INFO - Filling up the DagBag from /home/airflow/.local/lib/python3.7/site-packages/airflow/example_dags/example_bash_operator.py
[2023-06-15T18:10:43.343+0000] {processor.py:753} INFO - DAG(s) dict_keys(['example_bash_operator']) retrieved from /home/airflow/.local/lib/python3.7/site-packages/airflow/example_dags/example_bash_operator.py
[2023-06-15T18:10:43.374+0000] {logging_mixin.py:137} INFO - [2023-06-15T18:10:43.374+0000] {dag.py:2690} INFO - Sync 1 DAGs
[2023-06-15T18:10:43.394+0000] {logging_mixin.py:137} INFO - [2023-06-15T18:10:43.394+0000] {dag.py:3441} INFO - Setting next_dagrun for example_bash_operator to 2023-06-14T00:00:00+00:00, run_after=2023-06-15T00:00:00+00:00
[2023-06-15T18:10:43.409+0000] {processor.py:175} INFO - Processing /home/airflow/.local/lib/python3.7/site-packages/airflow/example_dags/example_bash_operator.py took 0.091 seconds
[2023-06-15T18:11:13.902+0000] {processor.py:153} INFO - Started process (PID=1339) to work on /home/airflow/.local/lib/python3.7/site-packages/airflow/example_dags/example_bash_operator.py
[2023-06-15T18:11:13.904+0000] {processor.py:743} INFO - Processing file /home/airflow/.local/lib/python3.7/site-packages/airflow/example_dags/example_bash_operator.py for tasks to queue
[2023-06-15T18:11:13.905+0000] {logging_mixin.py:137} INFO - [2023-06-15T18:11:13.905+0000] {dagbag.py:538} INFO - Filling up the DagBag from /home/airflow/.local/lib/python3.7/site-packages/airflow/example_dags/example_bash_operator.py
[2023-06-15T18:11:13.925+0000] {processor.py:753} INFO - DAG(s) dict_keys(['example_bash_operator']) retrieved from /home/airflow/.local/lib/python3.7/site-packages/airflow/example_dags/example_bash_operator.py
[2023-06-15T18:11:13.961+0000] {logging_mixin.py:137} INFO - [2023-06-15T18:11:13.961+0000] {dag.py:2690} INFO - Sync 1 DAGs
[2023-06-15T18:11:13.995+0000] {logging_mixin.py:137} INFO - [2023-06-15T18:11:13.995+0000] {dag.py:3441} INFO - Setting next_dagrun for example_bash_operator to 2023-06-14T00:00:00+00:00, run_after=2023-06-15T00:00:00+00:00
[2023-06-15T18:11:14.016+0000] {processor.py:175} INFO - Processing /home/airflow/.local/lib/python3.7/site-packages/airflow/example_dags/example_bash_operator.py took 0.118 seconds
[2023-06-15T18:11:44.379+0000] {processor.py:153} INFO - Started process (PID=1407) to work on /home/airflow/.local/lib/python3.7/site-packages/airflow/example_dags/example_bash_operator.py
[2023-06-15T18:11:44.381+0000] {processor.py:743} INFO - Processing file /home/airflow/.local/lib/python3.7/site-packages/airflow/example_dags/example_bash_operator.py for tasks to queue
[2023-06-15T18:11:44.382+0000] {logging_mixin.py:137} INFO - [2023-06-15T18:11:44.382+0000] {dagbag.py:538} INFO - Filling up the DagBag from /home/airflow/.local/lib/python3.7/site-packages/airflow/example_dags/example_bash_operator.py
[2023-06-15T18:11:44.400+0000] {processor.py:753} INFO - DAG(s) dict_keys(['example_bash_operator']) retrieved from /home/airflow/.local/lib/python3.7/site-packages/airflow/example_dags/example_bash_operator.py
[2023-06-15T18:11:44.430+0000] {logging_mixin.py:137} INFO - [2023-06-15T18:11:44.430+0000] {dag.py:2690} INFO - Sync 1 DAGs
[2023-06-15T18:11:44.453+0000] {logging_mixin.py:137} INFO - [2023-06-15T18:11:44.453+0000] {dag.py:3441} INFO - Setting next_dagrun for example_bash_operator to 2023-06-14T00:00:00+00:00, run_after=2023-06-15T00:00:00+00:00
[2023-06-15T18:11:44.468+0000] {processor.py:175} INFO - Processing /home/airflow/.local/lib/python3.7/site-packages/airflow/example_dags/example_bash_operator.py took 0.093 seconds
[2023-06-15T18:12:15.051+0000] {processor.py:153} INFO - Started process (PID=1482) to work on /home/airflow/.local/lib/python3.7/site-packages/airflow/example_dags/example_bash_operator.py
[2023-06-15T18:12:15.052+0000] {processor.py:743} INFO - Processing file /home/airflow/.local/lib/python3.7/site-packages/airflow/example_dags/example_bash_operator.py for tasks to queue
[2023-06-15T18:12:15.053+0000] {logging_mixin.py:137} INFO - [2023-06-15T18:12:15.053+0000] {dagbag.py:538} INFO - Filling up the DagBag from /home/airflow/.local/lib/python3.7/site-packages/airflow/example_dags/example_bash_operator.py
[2023-06-15T18:12:15.071+0000] {processor.py:753} INFO - DAG(s) dict_keys(['example_bash_operator']) retrieved from /home/airflow/.local/lib/python3.7/site-packages/airflow/example_dags/example_bash_operator.py
[2023-06-15T18:12:15.103+0000] {logging_mixin.py:137} INFO - [2023-06-15T18:12:15.103+0000] {dag.py:2690} INFO - Sync 1 DAGs
[2023-06-15T18:12:15.123+0000] {logging_mixin.py:137} INFO - [2023-06-15T18:12:15.123+0000] {dag.py:3441} INFO - Setting next_dagrun for example_bash_operator to 2023-06-14T00:00:00+00:00, run_after=2023-06-15T00:00:00+00:00
[2023-06-15T18:12:15.136+0000] {processor.py:175} INFO - Processing /home/airflow/.local/lib/python3.7/site-packages/airflow/example_dags/example_bash_operator.py took 0.088 seconds
[2023-06-15T18:12:45.714+0000] {processor.py:153} INFO - Started process (PID=1550) to work on /home/airflow/.local/lib/python3.7/site-packages/airflow/example_dags/example_bash_operator.py
[2023-06-15T18:12:45.715+0000] {processor.py:743} INFO - Processing file /home/airflow/.local/lib/python3.7/site-packages/airflow/example_dags/example_bash_operator.py for tasks to queue
[2023-06-15T18:12:45.716+0000] {logging_mixin.py:137} INFO - [2023-06-15T18:12:45.716+0000] {dagbag.py:538} INFO - Filling up the DagBag from /home/airflow/.local/lib/python3.7/site-packages/airflow/example_dags/example_bash_operator.py
[2023-06-15T18:12:45.734+0000] {processor.py:753} INFO - DAG(s) dict_keys(['example_bash_operator']) retrieved from /home/airflow/.local/lib/python3.7/site-packages/airflow/example_dags/example_bash_operator.py
[2023-06-15T18:12:45.765+0000] {logging_mixin.py:137} INFO - [2023-06-15T18:12:45.765+0000] {dag.py:2690} INFO - Sync 1 DAGs
[2023-06-15T18:12:45.785+0000] {logging_mixin.py:137} INFO - [2023-06-15T18:12:45.785+0000] {dag.py:3441} INFO - Setting next_dagrun for example_bash_operator to 2023-06-14T00:00:00+00:00, run_after=2023-06-15T00:00:00+00:00
[2023-06-15T18:12:45.798+0000] {processor.py:175} INFO - Processing /home/airflow/.local/lib/python3.7/site-packages/airflow/example_dags/example_bash_operator.py took 0.088 seconds
[2023-06-15T18:13:16.383+0000] {processor.py:153} INFO - Started process (PID=1628) to work on /home/airflow/.local/lib/python3.7/site-packages/airflow/example_dags/example_bash_operator.py
[2023-06-15T18:13:16.384+0000] {processor.py:743} INFO - Processing file /home/airflow/.local/lib/python3.7/site-packages/airflow/example_dags/example_bash_operator.py for tasks to queue
[2023-06-15T18:13:16.385+0000] {logging_mixin.py:137} INFO - [2023-06-15T18:13:16.385+0000] {dagbag.py:538} INFO - Filling up the DagBag from /home/airflow/.local/lib/python3.7/site-packages/airflow/example_dags/example_bash_operator.py
[2023-06-15T18:13:16.404+0000] {processor.py:753} INFO - DAG(s) dict_keys(['example_bash_operator']) retrieved from /home/airflow/.local/lib/python3.7/site-packages/airflow/example_dags/example_bash_operator.py
[2023-06-15T18:13:16.435+0000] {logging_mixin.py:137} INFO - [2023-06-15T18:13:16.435+0000] {dag.py:2690} INFO - Sync 1 DAGs
[2023-06-15T18:13:16.455+0000] {logging_mixin.py:137} INFO - [2023-06-15T18:13:16.455+0000] {dag.py:3441} INFO - Setting next_dagrun for example_bash_operator to 2023-06-14T00:00:00+00:00, run_after=2023-06-15T00:00:00+00:00
[2023-06-15T18:13:16.468+0000] {processor.py:175} INFO - Processing /home/airflow/.local/lib/python3.7/site-packages/airflow/example_dags/example_bash_operator.py took 0.089 seconds
[2023-06-15T18:13:47.265+0000] {processor.py:153} INFO - Started process (PID=1706) to work on /home/airflow/.local/lib/python3.7/site-packages/airflow/example_dags/example_bash_operator.py
[2023-06-15T18:13:47.267+0000] {processor.py:743} INFO - Processing file /home/airflow/.local/lib/python3.7/site-packages/airflow/example_dags/example_bash_operator.py for tasks to queue
[2023-06-15T18:13:47.268+0000] {logging_mixin.py:137} INFO - [2023-06-15T18:13:47.268+0000] {dagbag.py:538} INFO - Filling up the DagBag from /home/airflow/.local/lib/python3.7/site-packages/airflow/example_dags/example_bash_operator.py
[2023-06-15T18:13:47.287+0000] {processor.py:753} INFO - DAG(s) dict_keys(['example_bash_operator']) retrieved from /home/airflow/.local/lib/python3.7/site-packages/airflow/example_dags/example_bash_operator.py
[2023-06-15T18:13:47.317+0000] {logging_mixin.py:137} INFO - [2023-06-15T18:13:47.317+0000] {dag.py:2690} INFO - Sync 1 DAGs
[2023-06-15T18:13:47.337+0000] {logging_mixin.py:137} INFO - [2023-06-15T18:13:47.337+0000] {dag.py:3441} INFO - Setting next_dagrun for example_bash_operator to 2023-06-14T00:00:00+00:00, run_after=2023-06-15T00:00:00+00:00
[2023-06-15T18:13:47.352+0000] {processor.py:175} INFO - Processing /home/airflow/.local/lib/python3.7/site-packages/airflow/example_dags/example_bash_operator.py took 0.090 seconds
[2023-06-15T18:14:17.519+0000] {processor.py:153} INFO - Started process (PID=1771) to work on /home/airflow/.local/lib/python3.7/site-packages/airflow/example_dags/example_bash_operator.py
[2023-06-15T18:14:17.521+0000] {processor.py:743} INFO - Processing file /home/airflow/.local/lib/python3.7/site-packages/airflow/example_dags/example_bash_operator.py for tasks to queue
[2023-06-15T18:14:17.522+0000] {logging_mixin.py:137} INFO - [2023-06-15T18:14:17.522+0000] {dagbag.py:538} INFO - Filling up the DagBag from /home/airflow/.local/lib/python3.7/site-packages/airflow/example_dags/example_bash_operator.py
[2023-06-15T18:14:17.541+0000] {processor.py:753} INFO - DAG(s) dict_keys(['example_bash_operator']) retrieved from /home/airflow/.local/lib/python3.7/site-packages/airflow/example_dags/example_bash_operator.py
[2023-06-15T18:14:17.572+0000] {logging_mixin.py:137} INFO - [2023-06-15T18:14:17.572+0000] {dag.py:2690} INFO - Sync 1 DAGs
[2023-06-15T18:14:17.592+0000] {logging_mixin.py:137} INFO - [2023-06-15T18:14:17.592+0000] {dag.py:3441} INFO - Setting next_dagrun for example_bash_operator to 2023-06-14T00:00:00+00:00, run_after=2023-06-15T00:00:00+00:00
[2023-06-15T18:14:17.607+0000] {processor.py:175} INFO - Processing /home/airflow/.local/lib/python3.7/site-packages/airflow/example_dags/example_bash_operator.py took 0.091 seconds
[2023-06-15T18:14:48.442+0000] {processor.py:153} INFO - Started process (PID=1848) to work on /home/airflow/.local/lib/python3.7/site-packages/airflow/example_dags/example_bash_operator.py
[2023-06-15T18:14:48.444+0000] {processor.py:743} INFO - Processing file /home/airflow/.local/lib/python3.7/site-packages/airflow/example_dags/example_bash_operator.py for tasks to queue
[2023-06-15T18:14:48.445+0000] {logging_mixin.py:137} INFO - [2023-06-15T18:14:48.445+0000] {dagbag.py:538} INFO - Filling up the DagBag from /home/airflow/.local/lib/python3.7/site-packages/airflow/example_dags/example_bash_operator.py
[2023-06-15T18:14:48.479+0000] {processor.py:753} INFO - DAG(s) dict_keys(['example_bash_operator']) retrieved from /home/airflow/.local/lib/python3.7/site-packages/airflow/example_dags/example_bash_operator.py
[2023-06-15T18:14:48.524+0000] {logging_mixin.py:137} INFO - [2023-06-15T18:14:48.524+0000] {dag.py:2690} INFO - Sync 1 DAGs
[2023-06-15T18:14:48.552+0000] {logging_mixin.py:137} INFO - [2023-06-15T18:14:48.552+0000] {dag.py:3441} INFO - Setting next_dagrun for example_bash_operator to 2023-06-14T00:00:00+00:00, run_after=2023-06-15T00:00:00+00:00
[2023-06-15T18:14:48.568+0000] {processor.py:175} INFO - Processing /home/airflow/.local/lib/python3.7/site-packages/airflow/example_dags/example_bash_operator.py took 0.131 seconds
[2023-06-15T18:15:18.990+0000] {processor.py:153} INFO - Started process (PID=1926) to work on /home/airflow/.local/lib/python3.7/site-packages/airflow/example_dags/example_bash_operator.py
[2023-06-15T18:15:18.992+0000] {processor.py:743} INFO - Processing file /home/airflow/.local/lib/python3.7/site-packages/airflow/example_dags/example_bash_operator.py for tasks to queue
[2023-06-15T18:15:18.993+0000] {logging_mixin.py:137} INFO - [2023-06-15T18:15:18.993+0000] {dagbag.py:538} INFO - Filling up the DagBag from /home/airflow/.local/lib/python3.7/site-packages/airflow/example_dags/example_bash_operator.py
[2023-06-15T18:15:19.012+0000] {processor.py:753} INFO - DAG(s) dict_keys(['example_bash_operator']) retrieved from /home/airflow/.local/lib/python3.7/site-packages/airflow/example_dags/example_bash_operator.py
[2023-06-15T18:15:19.043+0000] {logging_mixin.py:137} INFO - [2023-06-15T18:15:19.042+0000] {dag.py:2690} INFO - Sync 1 DAGs
[2023-06-15T18:15:19.063+0000] {logging_mixin.py:137} INFO - [2023-06-15T18:15:19.063+0000] {dag.py:3441} INFO - Setting next_dagrun for example_bash_operator to 2023-06-14T00:00:00+00:00, run_after=2023-06-15T00:00:00+00:00
[2023-06-15T18:15:19.079+0000] {processor.py:175} INFO - Processing /home/airflow/.local/lib/python3.7/site-packages/airflow/example_dags/example_bash_operator.py took 0.094 seconds
[2023-06-15T18:15:49.168+0000] {processor.py:153} INFO - Started process (PID=1992) to work on /home/airflow/.local/lib/python3.7/site-packages/airflow/example_dags/example_bash_operator.py
[2023-06-15T18:15:49.169+0000] {processor.py:743} INFO - Processing file /home/airflow/.local/lib/python3.7/site-packages/airflow/example_dags/example_bash_operator.py for tasks to queue
[2023-06-15T18:15:49.171+0000] {logging_mixin.py:137} INFO - [2023-06-15T18:15:49.171+0000] {dagbag.py:538} INFO - Filling up the DagBag from /home/airflow/.local/lib/python3.7/site-packages/airflow/example_dags/example_bash_operator.py
[2023-06-15T18:15:49.190+0000] {processor.py:753} INFO - DAG(s) dict_keys(['example_bash_operator']) retrieved from /home/airflow/.local/lib/python3.7/site-packages/airflow/example_dags/example_bash_operator.py
[2023-06-15T18:15:49.221+0000] {logging_mixin.py:137} INFO - [2023-06-15T18:15:49.220+0000] {dag.py:2690} INFO - Sync 1 DAGs
[2023-06-15T18:15:49.240+0000] {logging_mixin.py:137} INFO - [2023-06-15T18:15:49.240+0000] {dag.py:3441} INFO - Setting next_dagrun for example_bash_operator to 2023-06-14T00:00:00+00:00, run_after=2023-06-15T00:00:00+00:00
[2023-06-15T18:15:49.256+0000] {processor.py:175} INFO - Processing /home/airflow/.local/lib/python3.7/site-packages/airflow/example_dags/example_bash_operator.py took 0.092 seconds
[2023-06-15T18:16:19.882+0000] {processor.py:153} INFO - Started process (PID=2069) to work on /home/airflow/.local/lib/python3.7/site-packages/airflow/example_dags/example_bash_operator.py
[2023-06-15T18:16:19.883+0000] {processor.py:743} INFO - Processing file /home/airflow/.local/lib/python3.7/site-packages/airflow/example_dags/example_bash_operator.py for tasks to queue
[2023-06-15T18:16:19.884+0000] {logging_mixin.py:137} INFO - [2023-06-15T18:16:19.884+0000] {dagbag.py:538} INFO - Filling up the DagBag from /home/airflow/.local/lib/python3.7/site-packages/airflow/example_dags/example_bash_operator.py
[2023-06-15T18:16:19.906+0000] {processor.py:753} INFO - DAG(s) dict_keys(['example_bash_operator']) retrieved from /home/airflow/.local/lib/python3.7/site-packages/airflow/example_dags/example_bash_operator.py
[2023-06-15T18:16:19.938+0000] {logging_mixin.py:137} INFO - [2023-06-15T18:16:19.937+0000] {dag.py:2690} INFO - Sync 1 DAGs
[2023-06-15T18:16:19.962+0000] {logging_mixin.py:137} INFO - [2023-06-15T18:16:19.961+0000] {dag.py:3441} INFO - Setting next_dagrun for example_bash_operator to 2023-06-14T00:00:00+00:00, run_after=2023-06-15T00:00:00+00:00
[2023-06-15T18:16:19.978+0000] {processor.py:175} INFO - Processing /home/airflow/.local/lib/python3.7/site-packages/airflow/example_dags/example_bash_operator.py took 0.101 seconds
[2023-06-15T18:16:50.441+0000] {processor.py:153} INFO - Started process (PID=2134) to work on /home/airflow/.local/lib/python3.7/site-packages/airflow/example_dags/example_bash_operator.py
[2023-06-15T18:16:50.443+0000] {processor.py:743} INFO - Processing file /home/airflow/.local/lib/python3.7/site-packages/airflow/example_dags/example_bash_operator.py for tasks to queue
[2023-06-15T18:16:50.444+0000] {logging_mixin.py:137} INFO - [2023-06-15T18:16:50.443+0000] {dagbag.py:538} INFO - Filling up the DagBag from /home/airflow/.local/lib/python3.7/site-packages/airflow/example_dags/example_bash_operator.py
[2023-06-15T18:16:50.463+0000] {processor.py:753} INFO - DAG(s) dict_keys(['example_bash_operator']) retrieved from /home/airflow/.local/lib/python3.7/site-packages/airflow/example_dags/example_bash_operator.py
[2023-06-15T18:16:50.493+0000] {logging_mixin.py:137} INFO - [2023-06-15T18:16:50.493+0000] {dag.py:2690} INFO - Sync 1 DAGs
[2023-06-15T18:16:50.513+0000] {logging_mixin.py:137} INFO - [2023-06-15T18:16:50.513+0000] {dag.py:3441} INFO - Setting next_dagrun for example_bash_operator to 2023-06-14T00:00:00+00:00, run_after=2023-06-15T00:00:00+00:00
[2023-06-15T18:16:50.527+0000] {processor.py:175} INFO - Processing /home/airflow/.local/lib/python3.7/site-packages/airflow/example_dags/example_bash_operator.py took 0.090 seconds
[2023-06-15T18:17:20.923+0000] {processor.py:153} INFO - Started process (PID=2211) to work on /home/airflow/.local/lib/python3.7/site-packages/airflow/example_dags/example_bash_operator.py
[2023-06-15T18:17:20.924+0000] {processor.py:743} INFO - Processing file /home/airflow/.local/lib/python3.7/site-packages/airflow/example_dags/example_bash_operator.py for tasks to queue
[2023-06-15T18:17:20.925+0000] {logging_mixin.py:137} INFO - [2023-06-15T18:17:20.925+0000] {dagbag.py:538} INFO - Filling up the DagBag from /home/airflow/.local/lib/python3.7/site-packages/airflow/example_dags/example_bash_operator.py
[2023-06-15T18:17:20.945+0000] {processor.py:753} INFO - DAG(s) dict_keys(['example_bash_operator']) retrieved from /home/airflow/.local/lib/python3.7/site-packages/airflow/example_dags/example_bash_operator.py
[2023-06-15T18:17:20.978+0000] {logging_mixin.py:137} INFO - [2023-06-15T18:17:20.978+0000] {dag.py:2690} INFO - Sync 1 DAGs
[2023-06-15T18:17:20.999+0000] {logging_mixin.py:137} INFO - [2023-06-15T18:17:20.999+0000] {dag.py:3441} INFO - Setting next_dagrun for example_bash_operator to 2023-06-14T00:00:00+00:00, run_after=2023-06-15T00:00:00+00:00
[2023-06-15T18:17:21.016+0000] {processor.py:175} INFO - Processing /home/airflow/.local/lib/python3.7/site-packages/airflow/example_dags/example_bash_operator.py took 0.097 seconds
[2023-06-15T18:44:52.632+0000] {processor.py:153} INFO - Started process (PID=2295) to work on /home/airflow/.local/lib/python3.7/site-packages/airflow/example_dags/example_bash_operator.py
[2023-06-15T18:44:52.633+0000] {processor.py:743} INFO - Processing file /home/airflow/.local/lib/python3.7/site-packages/airflow/example_dags/example_bash_operator.py for tasks to queue
[2023-06-15T18:44:52.634+0000] {logging_mixin.py:137} INFO - [2023-06-15T18:44:52.634+0000] {dagbag.py:538} INFO - Filling up the DagBag from /home/airflow/.local/lib/python3.7/site-packages/airflow/example_dags/example_bash_operator.py
[2023-06-15T18:44:52.680+0000] {processor.py:753} INFO - DAG(s) dict_keys(['example_bash_operator']) retrieved from /home/airflow/.local/lib/python3.7/site-packages/airflow/example_dags/example_bash_operator.py
[2023-06-15T18:44:52.754+0000] {logging_mixin.py:137} INFO - [2023-06-15T18:44:52.754+0000] {dag.py:2690} INFO - Sync 1 DAGs
[2023-06-15T18:44:52.811+0000] {logging_mixin.py:137} INFO - [2023-06-15T18:44:52.811+0000] {dag.py:3441} INFO - Setting next_dagrun for example_bash_operator to 2023-06-14T00:00:00+00:00, run_after=2023-06-15T00:00:00+00:00
[2023-06-15T18:44:52.846+0000] {processor.py:175} INFO - Processing /home/airflow/.local/lib/python3.7/site-packages/airflow/example_dags/example_bash_operator.py took 0.218 seconds
[2023-06-15T18:45:23.379+0000] {processor.py:153} INFO - Started process (PID=2361) to work on /home/airflow/.local/lib/python3.7/site-packages/airflow/example_dags/example_bash_operator.py
[2023-06-15T18:45:23.380+0000] {processor.py:743} INFO - Processing file /home/airflow/.local/lib/python3.7/site-packages/airflow/example_dags/example_bash_operator.py for tasks to queue
[2023-06-15T18:45:23.382+0000] {logging_mixin.py:137} INFO - [2023-06-15T18:45:23.381+0000] {dagbag.py:538} INFO - Filling up the DagBag from /home/airflow/.local/lib/python3.7/site-packages/airflow/example_dags/example_bash_operator.py
[2023-06-15T18:45:23.400+0000] {processor.py:753} INFO - DAG(s) dict_keys(['example_bash_operator']) retrieved from /home/airflow/.local/lib/python3.7/site-packages/airflow/example_dags/example_bash_operator.py
[2023-06-15T18:45:23.430+0000] {logging_mixin.py:137} INFO - [2023-06-15T18:45:23.429+0000] {dag.py:2690} INFO - Sync 1 DAGs
[2023-06-15T18:45:23.449+0000] {logging_mixin.py:137} INFO - [2023-06-15T18:45:23.449+0000] {dag.py:3441} INFO - Setting next_dagrun for example_bash_operator to 2023-06-14T00:00:00+00:00, run_after=2023-06-15T00:00:00+00:00
[2023-06-15T18:45:23.464+0000] {processor.py:175} INFO - Processing /home/airflow/.local/lib/python3.7/site-packages/airflow/example_dags/example_bash_operator.py took 0.088 seconds
[2023-06-15T18:45:54.094+0000] {processor.py:153} INFO - Started process (PID=2438) to work on /home/airflow/.local/lib/python3.7/site-packages/airflow/example_dags/example_bash_operator.py
[2023-06-15T18:45:54.096+0000] {processor.py:743} INFO - Processing file /home/airflow/.local/lib/python3.7/site-packages/airflow/example_dags/example_bash_operator.py for tasks to queue
[2023-06-15T18:45:54.097+0000] {logging_mixin.py:137} INFO - [2023-06-15T18:45:54.097+0000] {dagbag.py:538} INFO - Filling up the DagBag from /home/airflow/.local/lib/python3.7/site-packages/airflow/example_dags/example_bash_operator.py
[2023-06-15T18:45:54.116+0000] {processor.py:753} INFO - DAG(s) dict_keys(['example_bash_operator']) retrieved from /home/airflow/.local/lib/python3.7/site-packages/airflow/example_dags/example_bash_operator.py
[2023-06-15T18:45:54.146+0000] {logging_mixin.py:137} INFO - [2023-06-15T18:45:54.146+0000] {dag.py:2690} INFO - Sync 1 DAGs
[2023-06-15T18:45:54.166+0000] {logging_mixin.py:137} INFO - [2023-06-15T18:45:54.166+0000] {dag.py:3441} INFO - Setting next_dagrun for example_bash_operator to 2023-06-14T00:00:00+00:00, run_after=2023-06-15T00:00:00+00:00
[2023-06-15T18:45:54.180+0000] {processor.py:175} INFO - Processing /home/airflow/.local/lib/python3.7/site-packages/airflow/example_dags/example_bash_operator.py took 0.089 seconds
[2023-06-15T18:46:25.113+0000] {processor.py:153} INFO - Started process (PID=2512) to work on /home/airflow/.local/lib/python3.7/site-packages/airflow/example_dags/example_bash_operator.py
[2023-06-15T18:46:25.115+0000] {processor.py:743} INFO - Processing file /home/airflow/.local/lib/python3.7/site-packages/airflow/example_dags/example_bash_operator.py for tasks to queue
[2023-06-15T18:46:25.116+0000] {logging_mixin.py:137} INFO - [2023-06-15T18:46:25.116+0000] {dagbag.py:538} INFO - Filling up the DagBag from /home/airflow/.local/lib/python3.7/site-packages/airflow/example_dags/example_bash_operator.py
[2023-06-15T18:46:25.135+0000] {processor.py:753} INFO - DAG(s) dict_keys(['example_bash_operator']) retrieved from /home/airflow/.local/lib/python3.7/site-packages/airflow/example_dags/example_bash_operator.py
[2023-06-15T18:46:25.170+0000] {logging_mixin.py:137} INFO - [2023-06-15T18:46:25.170+0000] {dag.py:2690} INFO - Sync 1 DAGs
[2023-06-15T18:46:25.192+0000] {logging_mixin.py:137} INFO - [2023-06-15T18:46:25.192+0000] {dag.py:3441} INFO - Setting next_dagrun for example_bash_operator to 2023-06-14T00:00:00+00:00, run_after=2023-06-15T00:00:00+00:00
[2023-06-15T18:46:25.206+0000] {processor.py:175} INFO - Processing /home/airflow/.local/lib/python3.7/site-packages/airflow/example_dags/example_bash_operator.py took 0.096 seconds
[2023-06-15T18:46:56.108+0000] {processor.py:153} INFO - Started process (PID=2580) to work on /home/airflow/.local/lib/python3.7/site-packages/airflow/example_dags/example_bash_operator.py
[2023-06-15T18:46:56.110+0000] {processor.py:743} INFO - Processing file /home/airflow/.local/lib/python3.7/site-packages/airflow/example_dags/example_bash_operator.py for tasks to queue
[2023-06-15T18:46:56.111+0000] {logging_mixin.py:137} INFO - [2023-06-15T18:46:56.111+0000] {dagbag.py:538} INFO - Filling up the DagBag from /home/airflow/.local/lib/python3.7/site-packages/airflow/example_dags/example_bash_operator.py
[2023-06-15T18:46:56.129+0000] {processor.py:753} INFO - DAG(s) dict_keys(['example_bash_operator']) retrieved from /home/airflow/.local/lib/python3.7/site-packages/airflow/example_dags/example_bash_operator.py
[2023-06-15T18:46:56.159+0000] {logging_mixin.py:137} INFO - [2023-06-15T18:46:56.159+0000] {dag.py:2690} INFO - Sync 1 DAGs
[2023-06-15T18:46:56.180+0000] {logging_mixin.py:137} INFO - [2023-06-15T18:46:56.180+0000] {dag.py:3441} INFO - Setting next_dagrun for example_bash_operator to 2023-06-14T00:00:00+00:00, run_after=2023-06-15T00:00:00+00:00
[2023-06-15T18:46:56.194+0000] {processor.py:175} INFO - Processing /home/airflow/.local/lib/python3.7/site-packages/airflow/example_dags/example_bash_operator.py took 0.089 seconds
[2023-06-15T18:47:26.440+0000] {processor.py:153} INFO - Started process (PID=2657) to work on /home/airflow/.local/lib/python3.7/site-packages/airflow/example_dags/example_bash_operator.py
[2023-06-15T18:47:26.442+0000] {processor.py:743} INFO - Processing file /home/airflow/.local/lib/python3.7/site-packages/airflow/example_dags/example_bash_operator.py for tasks to queue
[2023-06-15T18:47:26.443+0000] {logging_mixin.py:137} INFO - [2023-06-15T18:47:26.443+0000] {dagbag.py:538} INFO - Filling up the DagBag from /home/airflow/.local/lib/python3.7/site-packages/airflow/example_dags/example_bash_operator.py
[2023-06-15T18:47:26.466+0000] {processor.py:753} INFO - DAG(s) dict_keys(['example_bash_operator']) retrieved from /home/airflow/.local/lib/python3.7/site-packages/airflow/example_dags/example_bash_operator.py
[2023-06-15T18:47:26.499+0000] {logging_mixin.py:137} INFO - [2023-06-15T18:47:26.499+0000] {dag.py:2690} INFO - Sync 1 DAGs
[2023-06-15T18:47:26.520+0000] {logging_mixin.py:137} INFO - [2023-06-15T18:47:26.520+0000] {dag.py:3441} INFO - Setting next_dagrun for example_bash_operator to 2023-06-14T00:00:00+00:00, run_after=2023-06-15T00:00:00+00:00
[2023-06-15T18:47:26.536+0000] {processor.py:175} INFO - Processing /home/airflow/.local/lib/python3.7/site-packages/airflow/example_dags/example_bash_operator.py took 0.099 seconds
[2023-06-15T18:47:56.917+0000] {processor.py:153} INFO - Started process (PID=2727) to work on /home/airflow/.local/lib/python3.7/site-packages/airflow/example_dags/example_bash_operator.py
[2023-06-15T18:47:56.918+0000] {processor.py:743} INFO - Processing file /home/airflow/.local/lib/python3.7/site-packages/airflow/example_dags/example_bash_operator.py for tasks to queue
[2023-06-15T18:47:56.919+0000] {logging_mixin.py:137} INFO - [2023-06-15T18:47:56.919+0000] {dagbag.py:538} INFO - Filling up the DagBag from /home/airflow/.local/lib/python3.7/site-packages/airflow/example_dags/example_bash_operator.py
[2023-06-15T18:47:56.937+0000] {processor.py:753} INFO - DAG(s) dict_keys(['example_bash_operator']) retrieved from /home/airflow/.local/lib/python3.7/site-packages/airflow/example_dags/example_bash_operator.py
[2023-06-15T18:47:56.968+0000] {logging_mixin.py:137} INFO - [2023-06-15T18:47:56.967+0000] {dag.py:2690} INFO - Sync 1 DAGs
[2023-06-15T18:47:56.986+0000] {logging_mixin.py:137} INFO - [2023-06-15T18:47:56.986+0000] {dag.py:3441} INFO - Setting next_dagrun for example_bash_operator to 2023-06-14T00:00:00+00:00, run_after=2023-06-15T00:00:00+00:00
[2023-06-15T18:47:57.001+0000] {processor.py:175} INFO - Processing /home/airflow/.local/lib/python3.7/site-packages/airflow/example_dags/example_bash_operator.py took 0.088 seconds
[2023-06-15T18:48:30.353+0000] {processor.py:153} INFO - Started process (PID=2799) to work on /home/airflow/.local/lib/python3.7/site-packages/airflow/example_dags/example_bash_operator.py
[2023-06-15T18:48:30.356+0000] {processor.py:743} INFO - Processing file /home/airflow/.local/lib/python3.7/site-packages/airflow/example_dags/example_bash_operator.py for tasks to queue
[2023-06-15T18:48:30.360+0000] {logging_mixin.py:137} INFO - [2023-06-15T18:48:30.360+0000] {dagbag.py:538} INFO - Filling up the DagBag from /home/airflow/.local/lib/python3.7/site-packages/airflow/example_dags/example_bash_operator.py
[2023-06-15T18:48:30.382+0000] {processor.py:753} INFO - DAG(s) dict_keys(['example_bash_operator']) retrieved from /home/airflow/.local/lib/python3.7/site-packages/airflow/example_dags/example_bash_operator.py
[2023-06-15T18:48:30.412+0000] {logging_mixin.py:137} INFO - [2023-06-15T18:48:30.412+0000] {dag.py:2690} INFO - Sync 1 DAGs
[2023-06-15T18:48:30.435+0000] {logging_mixin.py:137} INFO - [2023-06-15T18:48:30.435+0000] {dag.py:3441} INFO - Setting next_dagrun for example_bash_operator to 2023-06-14T00:00:00+00:00, run_after=2023-06-15T00:00:00+00:00
[2023-06-15T18:48:30.451+0000] {processor.py:175} INFO - Processing /home/airflow/.local/lib/python3.7/site-packages/airflow/example_dags/example_bash_operator.py took 0.100 seconds
[2023-06-15T18:49:01.305+0000] {processor.py:153} INFO - Started process (PID=2864) to work on /home/airflow/.local/lib/python3.7/site-packages/airflow/example_dags/example_bash_operator.py
[2023-06-15T18:49:01.307+0000] {processor.py:743} INFO - Processing file /home/airflow/.local/lib/python3.7/site-packages/airflow/example_dags/example_bash_operator.py for tasks to queue
[2023-06-15T18:49:01.309+0000] {logging_mixin.py:137} INFO - [2023-06-15T18:49:01.309+0000] {dagbag.py:538} INFO - Filling up the DagBag from /home/airflow/.local/lib/python3.7/site-packages/airflow/example_dags/example_bash_operator.py
[2023-06-15T18:49:01.328+0000] {processor.py:753} INFO - DAG(s) dict_keys(['example_bash_operator']) retrieved from /home/airflow/.local/lib/python3.7/site-packages/airflow/example_dags/example_bash_operator.py
[2023-06-15T18:49:01.361+0000] {logging_mixin.py:137} INFO - [2023-06-15T18:49:01.361+0000] {dag.py:2690} INFO - Sync 1 DAGs
[2023-06-15T18:49:01.382+0000] {logging_mixin.py:137} INFO - [2023-06-15T18:49:01.382+0000] {dag.py:3441} INFO - Setting next_dagrun for example_bash_operator to 2023-06-14T00:00:00+00:00, run_after=2023-06-15T00:00:00+00:00
[2023-06-15T18:49:01.399+0000] {processor.py:175} INFO - Processing /home/airflow/.local/lib/python3.7/site-packages/airflow/example_dags/example_bash_operator.py took 0.097 seconds
[2023-06-15T18:49:31.849+0000] {processor.py:153} INFO - Started process (PID=2942) to work on /home/airflow/.local/lib/python3.7/site-packages/airflow/example_dags/example_bash_operator.py
[2023-06-15T18:49:31.850+0000] {processor.py:743} INFO - Processing file /home/airflow/.local/lib/python3.7/site-packages/airflow/example_dags/example_bash_operator.py for tasks to queue
[2023-06-15T18:49:31.851+0000] {logging_mixin.py:137} INFO - [2023-06-15T18:49:31.851+0000] {dagbag.py:538} INFO - Filling up the DagBag from /home/airflow/.local/lib/python3.7/site-packages/airflow/example_dags/example_bash_operator.py
[2023-06-15T18:49:31.870+0000] {processor.py:753} INFO - DAG(s) dict_keys(['example_bash_operator']) retrieved from /home/airflow/.local/lib/python3.7/site-packages/airflow/example_dags/example_bash_operator.py
[2023-06-15T18:49:31.904+0000] {logging_mixin.py:137} INFO - [2023-06-15T18:49:31.904+0000] {dag.py:2690} INFO - Sync 1 DAGs
[2023-06-15T18:49:31.926+0000] {logging_mixin.py:137} INFO - [2023-06-15T18:49:31.926+0000] {dag.py:3441} INFO - Setting next_dagrun for example_bash_operator to 2023-06-14T00:00:00+00:00, run_after=2023-06-15T00:00:00+00:00
[2023-06-15T18:49:31.940+0000] {processor.py:175} INFO - Processing /home/airflow/.local/lib/python3.7/site-packages/airflow/example_dags/example_bash_operator.py took 0.094 seconds
[2023-06-15T18:50:02.914+0000] {processor.py:153} INFO - Started process (PID=3020) to work on /home/airflow/.local/lib/python3.7/site-packages/airflow/example_dags/example_bash_operator.py
[2023-06-15T18:50:02.915+0000] {processor.py:743} INFO - Processing file /home/airflow/.local/lib/python3.7/site-packages/airflow/example_dags/example_bash_operator.py for tasks to queue
[2023-06-15T18:50:02.916+0000] {logging_mixin.py:137} INFO - [2023-06-15T18:50:02.916+0000] {dagbag.py:538} INFO - Filling up the DagBag from /home/airflow/.local/lib/python3.7/site-packages/airflow/example_dags/example_bash_operator.py
[2023-06-15T18:50:02.936+0000] {processor.py:753} INFO - DAG(s) dict_keys(['example_bash_operator']) retrieved from /home/airflow/.local/lib/python3.7/site-packages/airflow/example_dags/example_bash_operator.py
[2023-06-15T18:50:02.971+0000] {logging_mixin.py:137} INFO - [2023-06-15T18:50:02.970+0000] {dag.py:2690} INFO - Sync 1 DAGs
[2023-06-15T18:50:02.992+0000] {logging_mixin.py:137} INFO - [2023-06-15T18:50:02.992+0000] {dag.py:3441} INFO - Setting next_dagrun for example_bash_operator to 2023-06-14T00:00:00+00:00, run_after=2023-06-15T00:00:00+00:00
[2023-06-15T18:50:03.008+0000] {processor.py:175} INFO - Processing /home/airflow/.local/lib/python3.7/site-packages/airflow/example_dags/example_bash_operator.py took 0.097 seconds
[2023-06-15T18:50:34.043+0000] {processor.py:153} INFO - Started process (PID=3085) to work on /home/airflow/.local/lib/python3.7/site-packages/airflow/example_dags/example_bash_operator.py
[2023-06-15T18:50:34.046+0000] {processor.py:743} INFO - Processing file /home/airflow/.local/lib/python3.7/site-packages/airflow/example_dags/example_bash_operator.py for tasks to queue
[2023-06-15T18:50:34.047+0000] {logging_mixin.py:137} INFO - [2023-06-15T18:50:34.047+0000] {dagbag.py:538} INFO - Filling up the DagBag from /home/airflow/.local/lib/python3.7/site-packages/airflow/example_dags/example_bash_operator.py
[2023-06-15T18:50:34.066+0000] {processor.py:753} INFO - DAG(s) dict_keys(['example_bash_operator']) retrieved from /home/airflow/.local/lib/python3.7/site-packages/airflow/example_dags/example_bash_operator.py
[2023-06-15T18:50:34.097+0000] {logging_mixin.py:137} INFO - [2023-06-15T18:50:34.097+0000] {dag.py:2690} INFO - Sync 1 DAGs
[2023-06-15T18:50:34.119+0000] {logging_mixin.py:137} INFO - [2023-06-15T18:50:34.119+0000] {dag.py:3441} INFO - Setting next_dagrun for example_bash_operator to 2023-06-14T00:00:00+00:00, run_after=2023-06-15T00:00:00+00:00
[2023-06-15T18:50:34.134+0000] {processor.py:175} INFO - Processing /home/airflow/.local/lib/python3.7/site-packages/airflow/example_dags/example_bash_operator.py took 0.094 seconds
