[2023-06-15T18:02:00.159+0000] {processor.py:153} INFO - Started process (PID=49) to work on /home/airflow/.local/lib/python3.7/site-packages/airflow/example_dags/example_branch_day_of_week_operator.py
[2023-06-15T18:02:00.175+0000] {processor.py:743} INFO - Processing file /home/airflow/.local/lib/python3.7/site-packages/airflow/example_dags/example_branch_day_of_week_operator.py for tasks to queue
[2023-06-15T18:02:00.184+0000] {logging_mixin.py:137} INFO - [2023-06-15T18:02:00.184+0000] {dagbag.py:538} INFO - Filling up the DagBag from /home/airflow/.local/lib/python3.7/site-packages/airflow/example_dags/example_branch_day_of_week_operator.py
[2023-06-15T18:02:00.241+0000] {processor.py:753} INFO - DAG(s) dict_keys(['example_weekday_branch_operator']) retrieved from /home/airflow/.local/lib/python3.7/site-packages/airflow/example_dags/example_branch_day_of_week_operator.py
[2023-06-15T18:02:00.397+0000] {logging_mixin.py:137} INFO - [2023-06-15T18:02:00.397+0000] {dag.py:2690} INFO - Sync 1 DAGs
[2023-06-15T18:02:00.457+0000] {logging_mixin.py:137} INFO - [2023-06-15T18:02:00.457+0000] {dag.py:3441} INFO - Setting next_dagrun for example_weekday_branch_operator to 2023-06-14T00:00:00+00:00, run_after=2023-06-15T00:00:00+00:00
[2023-06-15T18:02:00.523+0000] {processor.py:175} INFO - Processing /home/airflow/.local/lib/python3.7/site-packages/airflow/example_dags/example_branch_day_of_week_operator.py took 0.370 seconds
[2023-06-15T18:02:31.090+0000] {processor.py:153} INFO - Started process (PID=116) to work on /home/airflow/.local/lib/python3.7/site-packages/airflow/example_dags/example_branch_day_of_week_operator.py
[2023-06-15T18:02:31.092+0000] {processor.py:743} INFO - Processing file /home/airflow/.local/lib/python3.7/site-packages/airflow/example_dags/example_branch_day_of_week_operator.py for tasks to queue
[2023-06-15T18:02:31.093+0000] {logging_mixin.py:137} INFO - [2023-06-15T18:02:31.093+0000] {dagbag.py:538} INFO - Filling up the DagBag from /home/airflow/.local/lib/python3.7/site-packages/airflow/example_dags/example_branch_day_of_week_operator.py
[2023-06-15T18:02:31.109+0000] {processor.py:753} INFO - DAG(s) dict_keys(['example_weekday_branch_operator']) retrieved from /home/airflow/.local/lib/python3.7/site-packages/airflow/example_dags/example_branch_day_of_week_operator.py
[2023-06-15T18:02:31.135+0000] {logging_mixin.py:137} INFO - [2023-06-15T18:02:31.135+0000] {dag.py:2690} INFO - Sync 1 DAGs
[2023-06-15T18:02:31.159+0000] {logging_mixin.py:137} INFO - [2023-06-15T18:02:31.159+0000] {dag.py:3441} INFO - Setting next_dagrun for example_weekday_branch_operator to 2023-06-14T00:00:00+00:00, run_after=2023-06-15T00:00:00+00:00
[2023-06-15T18:02:31.172+0000] {processor.py:175} INFO - Processing /home/airflow/.local/lib/python3.7/site-packages/airflow/example_dags/example_branch_day_of_week_operator.py took 0.086 seconds
[2023-06-15T18:03:02.031+0000] {processor.py:153} INFO - Started process (PID=180) to work on /home/airflow/.local/lib/python3.7/site-packages/airflow/example_dags/example_branch_day_of_week_operator.py
[2023-06-15T18:03:02.033+0000] {processor.py:743} INFO - Processing file /home/airflow/.local/lib/python3.7/site-packages/airflow/example_dags/example_branch_day_of_week_operator.py for tasks to queue
[2023-06-15T18:03:02.036+0000] {logging_mixin.py:137} INFO - [2023-06-15T18:03:02.036+0000] {dagbag.py:538} INFO - Filling up the DagBag from /home/airflow/.local/lib/python3.7/site-packages/airflow/example_dags/example_branch_day_of_week_operator.py
[2023-06-15T18:03:02.075+0000] {processor.py:753} INFO - DAG(s) dict_keys(['example_weekday_branch_operator']) retrieved from /home/airflow/.local/lib/python3.7/site-packages/airflow/example_dags/example_branch_day_of_week_operator.py
[2023-06-15T18:03:02.141+0000] {logging_mixin.py:137} INFO - [2023-06-15T18:03:02.141+0000] {dag.py:2690} INFO - Sync 1 DAGs
[2023-06-15T18:03:02.178+0000] {logging_mixin.py:137} INFO - [2023-06-15T18:03:02.178+0000] {dag.py:3441} INFO - Setting next_dagrun for example_weekday_branch_operator to 2023-06-14T00:00:00+00:00, run_after=2023-06-15T00:00:00+00:00
[2023-06-15T18:03:02.208+0000] {processor.py:175} INFO - Processing /home/airflow/.local/lib/python3.7/site-packages/airflow/example_dags/example_branch_day_of_week_operator.py took 0.181 seconds
[2023-06-15T18:03:32.922+0000] {processor.py:153} INFO - Started process (PID=256) to work on /home/airflow/.local/lib/python3.7/site-packages/airflow/example_dags/example_branch_day_of_week_operator.py
[2023-06-15T18:03:32.924+0000] {processor.py:743} INFO - Processing file /home/airflow/.local/lib/python3.7/site-packages/airflow/example_dags/example_branch_day_of_week_operator.py for tasks to queue
[2023-06-15T18:03:32.925+0000] {logging_mixin.py:137} INFO - [2023-06-15T18:03:32.925+0000] {dagbag.py:538} INFO - Filling up the DagBag from /home/airflow/.local/lib/python3.7/site-packages/airflow/example_dags/example_branch_day_of_week_operator.py
[2023-06-15T18:03:32.939+0000] {processor.py:753} INFO - DAG(s) dict_keys(['example_weekday_branch_operator']) retrieved from /home/airflow/.local/lib/python3.7/site-packages/airflow/example_dags/example_branch_day_of_week_operator.py
[2023-06-15T18:03:32.965+0000] {logging_mixin.py:137} INFO - [2023-06-15T18:03:32.965+0000] {dag.py:2690} INFO - Sync 1 DAGs
[2023-06-15T18:03:32.984+0000] {logging_mixin.py:137} INFO - [2023-06-15T18:03:32.984+0000] {dag.py:3441} INFO - Setting next_dagrun for example_weekday_branch_operator to 2023-06-14T00:00:00+00:00, run_after=2023-06-15T00:00:00+00:00
[2023-06-15T18:03:32.999+0000] {processor.py:175} INFO - Processing /home/airflow/.local/lib/python3.7/site-packages/airflow/example_dags/example_branch_day_of_week_operator.py took 0.080 seconds
[2023-06-15T18:04:03.755+0000] {processor.py:153} INFO - Started process (PID=333) to work on /home/airflow/.local/lib/python3.7/site-packages/airflow/example_dags/example_branch_day_of_week_operator.py
[2023-06-15T18:04:03.757+0000] {processor.py:743} INFO - Processing file /home/airflow/.local/lib/python3.7/site-packages/airflow/example_dags/example_branch_day_of_week_operator.py for tasks to queue
[2023-06-15T18:04:03.758+0000] {logging_mixin.py:137} INFO - [2023-06-15T18:04:03.758+0000] {dagbag.py:538} INFO - Filling up the DagBag from /home/airflow/.local/lib/python3.7/site-packages/airflow/example_dags/example_branch_day_of_week_operator.py
[2023-06-15T18:04:03.772+0000] {processor.py:753} INFO - DAG(s) dict_keys(['example_weekday_branch_operator']) retrieved from /home/airflow/.local/lib/python3.7/site-packages/airflow/example_dags/example_branch_day_of_week_operator.py
[2023-06-15T18:04:03.798+0000] {logging_mixin.py:137} INFO - [2023-06-15T18:04:03.798+0000] {dag.py:2690} INFO - Sync 1 DAGs
[2023-06-15T18:04:03.817+0000] {logging_mixin.py:137} INFO - [2023-06-15T18:04:03.817+0000] {dag.py:3441} INFO - Setting next_dagrun for example_weekday_branch_operator to 2023-06-14T00:00:00+00:00, run_after=2023-06-15T00:00:00+00:00
[2023-06-15T18:04:03.831+0000] {processor.py:175} INFO - Processing /home/airflow/.local/lib/python3.7/site-packages/airflow/example_dags/example_branch_day_of_week_operator.py took 0.080 seconds
[2023-06-15T18:04:34.246+0000] {processor.py:153} INFO - Started process (PID=397) to work on /home/airflow/.local/lib/python3.7/site-packages/airflow/example_dags/example_branch_day_of_week_operator.py
[2023-06-15T18:04:34.248+0000] {processor.py:743} INFO - Processing file /home/airflow/.local/lib/python3.7/site-packages/airflow/example_dags/example_branch_day_of_week_operator.py for tasks to queue
[2023-06-15T18:04:34.248+0000] {logging_mixin.py:137} INFO - [2023-06-15T18:04:34.248+0000] {dagbag.py:538} INFO - Filling up the DagBag from /home/airflow/.local/lib/python3.7/site-packages/airflow/example_dags/example_branch_day_of_week_operator.py
[2023-06-15T18:04:34.262+0000] {processor.py:753} INFO - DAG(s) dict_keys(['example_weekday_branch_operator']) retrieved from /home/airflow/.local/lib/python3.7/site-packages/airflow/example_dags/example_branch_day_of_week_operator.py
[2023-06-15T18:04:34.287+0000] {logging_mixin.py:137} INFO - [2023-06-15T18:04:34.287+0000] {dag.py:2690} INFO - Sync 1 DAGs
[2023-06-15T18:04:34.307+0000] {logging_mixin.py:137} INFO - [2023-06-15T18:04:34.307+0000] {dag.py:3441} INFO - Setting next_dagrun for example_weekday_branch_operator to 2023-06-14T00:00:00+00:00, run_after=2023-06-15T00:00:00+00:00
[2023-06-15T18:04:34.321+0000] {processor.py:175} INFO - Processing /home/airflow/.local/lib/python3.7/site-packages/airflow/example_dags/example_branch_day_of_week_operator.py took 0.078 seconds
[2023-06-15T18:05:05.076+0000] {processor.py:153} INFO - Started process (PID=475) to work on /home/airflow/.local/lib/python3.7/site-packages/airflow/example_dags/example_branch_day_of_week_operator.py
[2023-06-15T18:05:05.077+0000] {processor.py:743} INFO - Processing file /home/airflow/.local/lib/python3.7/site-packages/airflow/example_dags/example_branch_day_of_week_operator.py for tasks to queue
[2023-06-15T18:05:05.080+0000] {logging_mixin.py:137} INFO - [2023-06-15T18:05:05.080+0000] {dagbag.py:538} INFO - Filling up the DagBag from /home/airflow/.local/lib/python3.7/site-packages/airflow/example_dags/example_branch_day_of_week_operator.py
[2023-06-15T18:05:05.094+0000] {processor.py:753} INFO - DAG(s) dict_keys(['example_weekday_branch_operator']) retrieved from /home/airflow/.local/lib/python3.7/site-packages/airflow/example_dags/example_branch_day_of_week_operator.py
[2023-06-15T18:05:05.119+0000] {logging_mixin.py:137} INFO - [2023-06-15T18:05:05.119+0000] {dag.py:2690} INFO - Sync 1 DAGs
[2023-06-15T18:05:05.140+0000] {logging_mixin.py:137} INFO - [2023-06-15T18:05:05.139+0000] {dag.py:3441} INFO - Setting next_dagrun for example_weekday_branch_operator to 2023-06-14T00:00:00+00:00, run_after=2023-06-15T00:00:00+00:00
[2023-06-15T18:05:05.154+0000] {processor.py:175} INFO - Processing /home/airflow/.local/lib/python3.7/site-packages/airflow/example_dags/example_branch_day_of_week_operator.py took 0.082 seconds
[2023-06-15T18:05:35.667+0000] {processor.py:153} INFO - Started process (PID=547) to work on /home/airflow/.local/lib/python3.7/site-packages/airflow/example_dags/example_branch_day_of_week_operator.py
[2023-06-15T18:05:35.668+0000] {processor.py:743} INFO - Processing file /home/airflow/.local/lib/python3.7/site-packages/airflow/example_dags/example_branch_day_of_week_operator.py for tasks to queue
[2023-06-15T18:05:35.669+0000] {logging_mixin.py:137} INFO - [2023-06-15T18:05:35.669+0000] {dagbag.py:538} INFO - Filling up the DagBag from /home/airflow/.local/lib/python3.7/site-packages/airflow/example_dags/example_branch_day_of_week_operator.py
[2023-06-15T18:05:35.682+0000] {processor.py:753} INFO - DAG(s) dict_keys(['example_weekday_branch_operator']) retrieved from /home/airflow/.local/lib/python3.7/site-packages/airflow/example_dags/example_branch_day_of_week_operator.py
[2023-06-15T18:05:35.706+0000] {logging_mixin.py:137} INFO - [2023-06-15T18:05:35.705+0000] {dag.py:2690} INFO - Sync 1 DAGs
[2023-06-15T18:05:35.726+0000] {logging_mixin.py:137} INFO - [2023-06-15T18:05:35.726+0000] {dag.py:3441} INFO - Setting next_dagrun for example_weekday_branch_operator to 2023-06-14T00:00:00+00:00, run_after=2023-06-15T00:00:00+00:00
[2023-06-15T18:05:35.742+0000] {processor.py:175} INFO - Processing /home/airflow/.local/lib/python3.7/site-packages/airflow/example_dags/example_branch_day_of_week_operator.py took 0.079 seconds
[2023-06-15T18:06:07.385+0000] {processor.py:153} INFO - Started process (PID=615) to work on /home/airflow/.local/lib/python3.7/site-packages/airflow/example_dags/example_branch_day_of_week_operator.py
[2023-06-15T18:06:07.386+0000] {processor.py:743} INFO - Processing file /home/airflow/.local/lib/python3.7/site-packages/airflow/example_dags/example_branch_day_of_week_operator.py for tasks to queue
[2023-06-15T18:06:07.387+0000] {logging_mixin.py:137} INFO - [2023-06-15T18:06:07.387+0000] {dagbag.py:538} INFO - Filling up the DagBag from /home/airflow/.local/lib/python3.7/site-packages/airflow/example_dags/example_branch_day_of_week_operator.py
[2023-06-15T18:06:07.401+0000] {processor.py:753} INFO - DAG(s) dict_keys(['example_weekday_branch_operator']) retrieved from /home/airflow/.local/lib/python3.7/site-packages/airflow/example_dags/example_branch_day_of_week_operator.py
[2023-06-15T18:06:07.428+0000] {logging_mixin.py:137} INFO - [2023-06-15T18:06:07.428+0000] {dag.py:2690} INFO - Sync 1 DAGs
[2023-06-15T18:06:07.453+0000] {logging_mixin.py:137} INFO - [2023-06-15T18:06:07.453+0000] {dag.py:3441} INFO - Setting next_dagrun for example_weekday_branch_operator to 2023-06-14T00:00:00+00:00, run_after=2023-06-15T00:00:00+00:00
[2023-06-15T18:06:07.470+0000] {processor.py:175} INFO - Processing /home/airflow/.local/lib/python3.7/site-packages/airflow/example_dags/example_branch_day_of_week_operator.py took 0.088 seconds
[2023-06-15T18:06:37.749+0000] {processor.py:153} INFO - Started process (PID=690) to work on /home/airflow/.local/lib/python3.7/site-packages/airflow/example_dags/example_branch_day_of_week_operator.py
[2023-06-15T18:06:37.750+0000] {processor.py:743} INFO - Processing file /home/airflow/.local/lib/python3.7/site-packages/airflow/example_dags/example_branch_day_of_week_operator.py for tasks to queue
[2023-06-15T18:06:37.751+0000] {logging_mixin.py:137} INFO - [2023-06-15T18:06:37.751+0000] {dagbag.py:538} INFO - Filling up the DagBag from /home/airflow/.local/lib/python3.7/site-packages/airflow/example_dags/example_branch_day_of_week_operator.py
[2023-06-15T18:06:37.767+0000] {processor.py:753} INFO - DAG(s) dict_keys(['example_weekday_branch_operator']) retrieved from /home/airflow/.local/lib/python3.7/site-packages/airflow/example_dags/example_branch_day_of_week_operator.py
[2023-06-15T18:06:37.793+0000] {logging_mixin.py:137} INFO - [2023-06-15T18:06:37.793+0000] {dag.py:2690} INFO - Sync 1 DAGs
[2023-06-15T18:06:37.813+0000] {logging_mixin.py:137} INFO - [2023-06-15T18:06:37.813+0000] {dag.py:3441} INFO - Setting next_dagrun for example_weekday_branch_operator to 2023-06-14T00:00:00+00:00, run_after=2023-06-15T00:00:00+00:00
[2023-06-15T18:06:37.828+0000] {processor.py:175} INFO - Processing /home/airflow/.local/lib/python3.7/site-packages/airflow/example_dags/example_branch_day_of_week_operator.py took 0.083 seconds
[2023-06-15T18:07:08.223+0000] {processor.py:153} INFO - Started process (PID=755) to work on /home/airflow/.local/lib/python3.7/site-packages/airflow/example_dags/example_branch_day_of_week_operator.py
[2023-06-15T18:07:08.225+0000] {processor.py:743} INFO - Processing file /home/airflow/.local/lib/python3.7/site-packages/airflow/example_dags/example_branch_day_of_week_operator.py for tasks to queue
[2023-06-15T18:07:08.226+0000] {logging_mixin.py:137} INFO - [2023-06-15T18:07:08.226+0000] {dagbag.py:538} INFO - Filling up the DagBag from /home/airflow/.local/lib/python3.7/site-packages/airflow/example_dags/example_branch_day_of_week_operator.py
[2023-06-15T18:07:08.240+0000] {processor.py:753} INFO - DAG(s) dict_keys(['example_weekday_branch_operator']) retrieved from /home/airflow/.local/lib/python3.7/site-packages/airflow/example_dags/example_branch_day_of_week_operator.py
[2023-06-15T18:07:08.266+0000] {logging_mixin.py:137} INFO - [2023-06-15T18:07:08.266+0000] {dag.py:2690} INFO - Sync 1 DAGs
[2023-06-15T18:07:08.286+0000] {logging_mixin.py:137} INFO - [2023-06-15T18:07:08.286+0000] {dag.py:3441} INFO - Setting next_dagrun for example_weekday_branch_operator to 2023-06-14T00:00:00+00:00, run_after=2023-06-15T00:00:00+00:00
[2023-06-15T18:07:08.301+0000] {processor.py:175} INFO - Processing /home/airflow/.local/lib/python3.7/site-packages/airflow/example_dags/example_branch_day_of_week_operator.py took 0.082 seconds
[2023-06-15T18:07:39.023+0000] {processor.py:153} INFO - Started process (PID=832) to work on /home/airflow/.local/lib/python3.7/site-packages/airflow/example_dags/example_branch_day_of_week_operator.py
[2023-06-15T18:07:39.025+0000] {processor.py:743} INFO - Processing file /home/airflow/.local/lib/python3.7/site-packages/airflow/example_dags/example_branch_day_of_week_operator.py for tasks to queue
[2023-06-15T18:07:39.026+0000] {logging_mixin.py:137} INFO - [2023-06-15T18:07:39.026+0000] {dagbag.py:538} INFO - Filling up the DagBag from /home/airflow/.local/lib/python3.7/site-packages/airflow/example_dags/example_branch_day_of_week_operator.py
[2023-06-15T18:07:39.043+0000] {processor.py:753} INFO - DAG(s) dict_keys(['example_weekday_branch_operator']) retrieved from /home/airflow/.local/lib/python3.7/site-packages/airflow/example_dags/example_branch_day_of_week_operator.py
[2023-06-15T18:07:39.070+0000] {logging_mixin.py:137} INFO - [2023-06-15T18:07:39.069+0000] {dag.py:2690} INFO - Sync 1 DAGs
[2023-06-15T18:07:39.090+0000] {logging_mixin.py:137} INFO - [2023-06-15T18:07:39.090+0000] {dag.py:3441} INFO - Setting next_dagrun for example_weekday_branch_operator to 2023-06-14T00:00:00+00:00, run_after=2023-06-15T00:00:00+00:00
[2023-06-15T18:07:39.105+0000] {processor.py:175} INFO - Processing /home/airflow/.local/lib/python3.7/site-packages/airflow/example_dags/example_branch_day_of_week_operator.py took 0.086 seconds
[2023-06-15T18:08:09.300+0000] {processor.py:153} INFO - Started process (PID=908) to work on /home/airflow/.local/lib/python3.7/site-packages/airflow/example_dags/example_branch_day_of_week_operator.py
[2023-06-15T18:08:09.303+0000] {processor.py:743} INFO - Processing file /home/airflow/.local/lib/python3.7/site-packages/airflow/example_dags/example_branch_day_of_week_operator.py for tasks to queue
[2023-06-15T18:08:09.305+0000] {logging_mixin.py:137} INFO - [2023-06-15T18:08:09.305+0000] {dagbag.py:538} INFO - Filling up the DagBag from /home/airflow/.local/lib/python3.7/site-packages/airflow/example_dags/example_branch_day_of_week_operator.py
[2023-06-15T18:08:09.337+0000] {processor.py:753} INFO - DAG(s) dict_keys(['example_weekday_branch_operator']) retrieved from /home/airflow/.local/lib/python3.7/site-packages/airflow/example_dags/example_branch_day_of_week_operator.py
[2023-06-15T18:08:09.376+0000] {logging_mixin.py:137} INFO - [2023-06-15T18:08:09.376+0000] {dag.py:2690} INFO - Sync 1 DAGs
[2023-06-15T18:08:09.403+0000] {logging_mixin.py:137} INFO - [2023-06-15T18:08:09.403+0000] {dag.py:3441} INFO - Setting next_dagrun for example_weekday_branch_operator to 2023-06-14T00:00:00+00:00, run_after=2023-06-15T00:00:00+00:00
[2023-06-15T18:08:09.417+0000] {processor.py:175} INFO - Processing /home/airflow/.local/lib/python3.7/site-packages/airflow/example_dags/example_branch_day_of_week_operator.py took 0.121 seconds
[2023-06-15T18:08:40.280+0000] {processor.py:153} INFO - Started process (PID=972) to work on /home/airflow/.local/lib/python3.7/site-packages/airflow/example_dags/example_branch_day_of_week_operator.py
[2023-06-15T18:08:40.281+0000] {processor.py:743} INFO - Processing file /home/airflow/.local/lib/python3.7/site-packages/airflow/example_dags/example_branch_day_of_week_operator.py for tasks to queue
[2023-06-15T18:08:40.282+0000] {logging_mixin.py:137} INFO - [2023-06-15T18:08:40.282+0000] {dagbag.py:538} INFO - Filling up the DagBag from /home/airflow/.local/lib/python3.7/site-packages/airflow/example_dags/example_branch_day_of_week_operator.py
[2023-06-15T18:08:40.298+0000] {processor.py:753} INFO - DAG(s) dict_keys(['example_weekday_branch_operator']) retrieved from /home/airflow/.local/lib/python3.7/site-packages/airflow/example_dags/example_branch_day_of_week_operator.py
[2023-06-15T18:08:40.330+0000] {logging_mixin.py:137} INFO - [2023-06-15T18:08:40.330+0000] {dag.py:2690} INFO - Sync 1 DAGs
[2023-06-15T18:08:40.353+0000] {logging_mixin.py:137} INFO - [2023-06-15T18:08:40.353+0000] {dag.py:3441} INFO - Setting next_dagrun for example_weekday_branch_operator to 2023-06-14T00:00:00+00:00, run_after=2023-06-15T00:00:00+00:00
[2023-06-15T18:08:40.368+0000] {processor.py:175} INFO - Processing /home/airflow/.local/lib/python3.7/site-packages/airflow/example_dags/example_branch_day_of_week_operator.py took 0.092 seconds
[2023-06-15T18:09:10.883+0000] {processor.py:153} INFO - Started process (PID=1048) to work on /home/airflow/.local/lib/python3.7/site-packages/airflow/example_dags/example_branch_day_of_week_operator.py
[2023-06-15T18:09:10.884+0000] {processor.py:743} INFO - Processing file /home/airflow/.local/lib/python3.7/site-packages/airflow/example_dags/example_branch_day_of_week_operator.py for tasks to queue
[2023-06-15T18:09:10.885+0000] {logging_mixin.py:137} INFO - [2023-06-15T18:09:10.885+0000] {dagbag.py:538} INFO - Filling up the DagBag from /home/airflow/.local/lib/python3.7/site-packages/airflow/example_dags/example_branch_day_of_week_operator.py
[2023-06-15T18:09:10.902+0000] {processor.py:753} INFO - DAG(s) dict_keys(['example_weekday_branch_operator']) retrieved from /home/airflow/.local/lib/python3.7/site-packages/airflow/example_dags/example_branch_day_of_week_operator.py
[2023-06-15T18:09:10.931+0000] {logging_mixin.py:137} INFO - [2023-06-15T18:09:10.931+0000] {dag.py:2690} INFO - Sync 1 DAGs
[2023-06-15T18:09:10.955+0000] {logging_mixin.py:137} INFO - [2023-06-15T18:09:10.955+0000] {dag.py:3441} INFO - Setting next_dagrun for example_weekday_branch_operator to 2023-06-14T00:00:00+00:00, run_after=2023-06-15T00:00:00+00:00
[2023-06-15T18:09:10.974+0000] {processor.py:175} INFO - Processing /home/airflow/.local/lib/python3.7/site-packages/airflow/example_dags/example_branch_day_of_week_operator.py took 0.095 seconds
[2023-06-15T18:09:41.578+0000] {processor.py:153} INFO - Started process (PID=1124) to work on /home/airflow/.local/lib/python3.7/site-packages/airflow/example_dags/example_branch_day_of_week_operator.py
[2023-06-15T18:09:41.579+0000] {processor.py:743} INFO - Processing file /home/airflow/.local/lib/python3.7/site-packages/airflow/example_dags/example_branch_day_of_week_operator.py for tasks to queue
[2023-06-15T18:09:41.580+0000] {logging_mixin.py:137} INFO - [2023-06-15T18:09:41.580+0000] {dagbag.py:538} INFO - Filling up the DagBag from /home/airflow/.local/lib/python3.7/site-packages/airflow/example_dags/example_branch_day_of_week_operator.py
[2023-06-15T18:09:41.595+0000] {processor.py:753} INFO - DAG(s) dict_keys(['example_weekday_branch_operator']) retrieved from /home/airflow/.local/lib/python3.7/site-packages/airflow/example_dags/example_branch_day_of_week_operator.py
[2023-06-15T18:09:41.626+0000] {logging_mixin.py:137} INFO - [2023-06-15T18:09:41.626+0000] {dag.py:2690} INFO - Sync 1 DAGs
[2023-06-15T18:09:41.646+0000] {logging_mixin.py:137} INFO - [2023-06-15T18:09:41.646+0000] {dag.py:3441} INFO - Setting next_dagrun for example_weekday_branch_operator to 2023-06-14T00:00:00+00:00, run_after=2023-06-15T00:00:00+00:00
[2023-06-15T18:09:41.660+0000] {processor.py:175} INFO - Processing /home/airflow/.local/lib/python3.7/site-packages/airflow/example_dags/example_branch_day_of_week_operator.py took 0.086 seconds
[2023-06-15T18:10:12.135+0000] {processor.py:153} INFO - Started process (PID=1188) to work on /home/airflow/.local/lib/python3.7/site-packages/airflow/example_dags/example_branch_day_of_week_operator.py
[2023-06-15T18:10:12.137+0000] {processor.py:743} INFO - Processing file /home/airflow/.local/lib/python3.7/site-packages/airflow/example_dags/example_branch_day_of_week_operator.py for tasks to queue
[2023-06-15T18:10:12.138+0000] {logging_mixin.py:137} INFO - [2023-06-15T18:10:12.138+0000] {dagbag.py:538} INFO - Filling up the DagBag from /home/airflow/.local/lib/python3.7/site-packages/airflow/example_dags/example_branch_day_of_week_operator.py
[2023-06-15T18:10:12.154+0000] {processor.py:753} INFO - DAG(s) dict_keys(['example_weekday_branch_operator']) retrieved from /home/airflow/.local/lib/python3.7/site-packages/airflow/example_dags/example_branch_day_of_week_operator.py
[2023-06-15T18:10:12.181+0000] {logging_mixin.py:137} INFO - [2023-06-15T18:10:12.181+0000] {dag.py:2690} INFO - Sync 1 DAGs
[2023-06-15T18:10:12.201+0000] {logging_mixin.py:137} INFO - [2023-06-15T18:10:12.201+0000] {dag.py:3441} INFO - Setting next_dagrun for example_weekday_branch_operator to 2023-06-14T00:00:00+00:00, run_after=2023-06-15T00:00:00+00:00
[2023-06-15T18:10:12.218+0000] {processor.py:175} INFO - Processing /home/airflow/.local/lib/python3.7/site-packages/airflow/example_dags/example_branch_day_of_week_operator.py took 0.086 seconds
[2023-06-15T18:10:43.112+0000] {processor.py:153} INFO - Started process (PID=1264) to work on /home/airflow/.local/lib/python3.7/site-packages/airflow/example_dags/example_branch_day_of_week_operator.py
[2023-06-15T18:10:43.113+0000] {processor.py:743} INFO - Processing file /home/airflow/.local/lib/python3.7/site-packages/airflow/example_dags/example_branch_day_of_week_operator.py for tasks to queue
[2023-06-15T18:10:43.114+0000] {logging_mixin.py:137} INFO - [2023-06-15T18:10:43.114+0000] {dagbag.py:538} INFO - Filling up the DagBag from /home/airflow/.local/lib/python3.7/site-packages/airflow/example_dags/example_branch_day_of_week_operator.py
[2023-06-15T18:10:43.130+0000] {processor.py:753} INFO - DAG(s) dict_keys(['example_weekday_branch_operator']) retrieved from /home/airflow/.local/lib/python3.7/site-packages/airflow/example_dags/example_branch_day_of_week_operator.py
[2023-06-15T18:10:43.155+0000] {logging_mixin.py:137} INFO - [2023-06-15T18:10:43.155+0000] {dag.py:2690} INFO - Sync 1 DAGs
[2023-06-15T18:10:43.175+0000] {logging_mixin.py:137} INFO - [2023-06-15T18:10:43.175+0000] {dag.py:3441} INFO - Setting next_dagrun for example_weekday_branch_operator to 2023-06-14T00:00:00+00:00, run_after=2023-06-15T00:00:00+00:00
[2023-06-15T18:10:43.190+0000] {processor.py:175} INFO - Processing /home/airflow/.local/lib/python3.7/site-packages/airflow/example_dags/example_branch_day_of_week_operator.py took 0.082 seconds
[2023-06-15T18:11:13.597+0000] {processor.py:153} INFO - Started process (PID=1337) to work on /home/airflow/.local/lib/python3.7/site-packages/airflow/example_dags/example_branch_day_of_week_operator.py
[2023-06-15T18:11:13.599+0000] {processor.py:743} INFO - Processing file /home/airflow/.local/lib/python3.7/site-packages/airflow/example_dags/example_branch_day_of_week_operator.py for tasks to queue
[2023-06-15T18:11:13.601+0000] {logging_mixin.py:137} INFO - [2023-06-15T18:11:13.601+0000] {dagbag.py:538} INFO - Filling up the DagBag from /home/airflow/.local/lib/python3.7/site-packages/airflow/example_dags/example_branch_day_of_week_operator.py
[2023-06-15T18:11:13.642+0000] {processor.py:753} INFO - DAG(s) dict_keys(['example_weekday_branch_operator']) retrieved from /home/airflow/.local/lib/python3.7/site-packages/airflow/example_dags/example_branch_day_of_week_operator.py
[2023-06-15T18:11:13.693+0000] {logging_mixin.py:137} INFO - [2023-06-15T18:11:13.692+0000] {dag.py:2690} INFO - Sync 1 DAGs
[2023-06-15T18:11:13.723+0000] {logging_mixin.py:137} INFO - [2023-06-15T18:11:13.723+0000] {dag.py:3441} INFO - Setting next_dagrun for example_weekday_branch_operator to 2023-06-14T00:00:00+00:00, run_after=2023-06-15T00:00:00+00:00
[2023-06-15T18:11:13.747+0000] {processor.py:175} INFO - Processing /home/airflow/.local/lib/python3.7/site-packages/airflow/example_dags/example_branch_day_of_week_operator.py took 0.156 seconds
[2023-06-15T18:11:44.265+0000] {processor.py:153} INFO - Started process (PID=1405) to work on /home/airflow/.local/lib/python3.7/site-packages/airflow/example_dags/example_branch_day_of_week_operator.py
[2023-06-15T18:11:44.266+0000] {processor.py:743} INFO - Processing file /home/airflow/.local/lib/python3.7/site-packages/airflow/example_dags/example_branch_day_of_week_operator.py for tasks to queue
[2023-06-15T18:11:44.267+0000] {logging_mixin.py:137} INFO - [2023-06-15T18:11:44.267+0000] {dagbag.py:538} INFO - Filling up the DagBag from /home/airflow/.local/lib/python3.7/site-packages/airflow/example_dags/example_branch_day_of_week_operator.py
[2023-06-15T18:11:44.280+0000] {processor.py:753} INFO - DAG(s) dict_keys(['example_weekday_branch_operator']) retrieved from /home/airflow/.local/lib/python3.7/site-packages/airflow/example_dags/example_branch_day_of_week_operator.py
[2023-06-15T18:11:44.305+0000] {logging_mixin.py:137} INFO - [2023-06-15T18:11:44.305+0000] {dag.py:2690} INFO - Sync 1 DAGs
[2023-06-15T18:11:44.325+0000] {logging_mixin.py:137} INFO - [2023-06-15T18:11:44.325+0000] {dag.py:3441} INFO - Setting next_dagrun for example_weekday_branch_operator to 2023-06-14T00:00:00+00:00, run_after=2023-06-15T00:00:00+00:00
[2023-06-15T18:11:44.339+0000] {processor.py:175} INFO - Processing /home/airflow/.local/lib/python3.7/site-packages/airflow/example_dags/example_branch_day_of_week_operator.py took 0.077 seconds
[2023-06-15T18:12:14.945+0000] {processor.py:153} INFO - Started process (PID=1480) to work on /home/airflow/.local/lib/python3.7/site-packages/airflow/example_dags/example_branch_day_of_week_operator.py
[2023-06-15T18:12:14.947+0000] {processor.py:743} INFO - Processing file /home/airflow/.local/lib/python3.7/site-packages/airflow/example_dags/example_branch_day_of_week_operator.py for tasks to queue
[2023-06-15T18:12:14.948+0000] {logging_mixin.py:137} INFO - [2023-06-15T18:12:14.947+0000] {dagbag.py:538} INFO - Filling up the DagBag from /home/airflow/.local/lib/python3.7/site-packages/airflow/example_dags/example_branch_day_of_week_operator.py
[2023-06-15T18:12:14.961+0000] {processor.py:753} INFO - DAG(s) dict_keys(['example_weekday_branch_operator']) retrieved from /home/airflow/.local/lib/python3.7/site-packages/airflow/example_dags/example_branch_day_of_week_operator.py
[2023-06-15T18:12:14.987+0000] {logging_mixin.py:137} INFO - [2023-06-15T18:12:14.987+0000] {dag.py:2690} INFO - Sync 1 DAGs
[2023-06-15T18:12:15.007+0000] {logging_mixin.py:137} INFO - [2023-06-15T18:12:15.007+0000] {dag.py:3441} INFO - Setting next_dagrun for example_weekday_branch_operator to 2023-06-14T00:00:00+00:00, run_after=2023-06-15T00:00:00+00:00
[2023-06-15T18:12:15.020+0000] {processor.py:175} INFO - Processing /home/airflow/.local/lib/python3.7/site-packages/airflow/example_dags/example_branch_day_of_week_operator.py took 0.078 seconds
[2023-06-15T18:12:45.512+0000] {processor.py:153} INFO - Started process (PID=1548) to work on /home/airflow/.local/lib/python3.7/site-packages/airflow/example_dags/example_branch_day_of_week_operator.py
[2023-06-15T18:12:45.513+0000] {processor.py:743} INFO - Processing file /home/airflow/.local/lib/python3.7/site-packages/airflow/example_dags/example_branch_day_of_week_operator.py for tasks to queue
[2023-06-15T18:12:45.514+0000] {logging_mixin.py:137} INFO - [2023-06-15T18:12:45.514+0000] {dagbag.py:538} INFO - Filling up the DagBag from /home/airflow/.local/lib/python3.7/site-packages/airflow/example_dags/example_branch_day_of_week_operator.py
[2023-06-15T18:12:45.526+0000] {processor.py:753} INFO - DAG(s) dict_keys(['example_weekday_branch_operator']) retrieved from /home/airflow/.local/lib/python3.7/site-packages/airflow/example_dags/example_branch_day_of_week_operator.py
[2023-06-15T18:12:45.551+0000] {logging_mixin.py:137} INFO - [2023-06-15T18:12:45.551+0000] {dag.py:2690} INFO - Sync 1 DAGs
[2023-06-15T18:12:45.571+0000] {logging_mixin.py:137} INFO - [2023-06-15T18:12:45.571+0000] {dag.py:3441} INFO - Setting next_dagrun for example_weekday_branch_operator to 2023-06-14T00:00:00+00:00, run_after=2023-06-15T00:00:00+00:00
[2023-06-15T18:12:45.584+0000] {processor.py:175} INFO - Processing /home/airflow/.local/lib/python3.7/site-packages/airflow/example_dags/example_branch_day_of_week_operator.py took 0.075 seconds
[2023-06-15T18:13:16.178+0000] {processor.py:153} INFO - Started process (PID=1626) to work on /home/airflow/.local/lib/python3.7/site-packages/airflow/example_dags/example_branch_day_of_week_operator.py
[2023-06-15T18:13:16.179+0000] {processor.py:743} INFO - Processing file /home/airflow/.local/lib/python3.7/site-packages/airflow/example_dags/example_branch_day_of_week_operator.py for tasks to queue
[2023-06-15T18:13:16.180+0000] {logging_mixin.py:137} INFO - [2023-06-15T18:13:16.180+0000] {dagbag.py:538} INFO - Filling up the DagBag from /home/airflow/.local/lib/python3.7/site-packages/airflow/example_dags/example_branch_day_of_week_operator.py
[2023-06-15T18:13:16.192+0000] {processor.py:753} INFO - DAG(s) dict_keys(['example_weekday_branch_operator']) retrieved from /home/airflow/.local/lib/python3.7/site-packages/airflow/example_dags/example_branch_day_of_week_operator.py
[2023-06-15T18:13:16.218+0000] {logging_mixin.py:137} INFO - [2023-06-15T18:13:16.218+0000] {dag.py:2690} INFO - Sync 1 DAGs
[2023-06-15T18:13:16.237+0000] {logging_mixin.py:137} INFO - [2023-06-15T18:13:16.237+0000] {dag.py:3441} INFO - Setting next_dagrun for example_weekday_branch_operator to 2023-06-14T00:00:00+00:00, run_after=2023-06-15T00:00:00+00:00
[2023-06-15T18:13:16.250+0000] {processor.py:175} INFO - Processing /home/airflow/.local/lib/python3.7/site-packages/airflow/example_dags/example_branch_day_of_week_operator.py took 0.075 seconds
[2023-06-15T18:13:47.051+0000] {processor.py:153} INFO - Started process (PID=1704) to work on /home/airflow/.local/lib/python3.7/site-packages/airflow/example_dags/example_branch_day_of_week_operator.py
[2023-06-15T18:13:47.053+0000] {processor.py:743} INFO - Processing file /home/airflow/.local/lib/python3.7/site-packages/airflow/example_dags/example_branch_day_of_week_operator.py for tasks to queue
[2023-06-15T18:13:47.054+0000] {logging_mixin.py:137} INFO - [2023-06-15T18:13:47.054+0000] {dagbag.py:538} INFO - Filling up the DagBag from /home/airflow/.local/lib/python3.7/site-packages/airflow/example_dags/example_branch_day_of_week_operator.py
[2023-06-15T18:13:47.069+0000] {processor.py:753} INFO - DAG(s) dict_keys(['example_weekday_branch_operator']) retrieved from /home/airflow/.local/lib/python3.7/site-packages/airflow/example_dags/example_branch_day_of_week_operator.py
[2023-06-15T18:13:47.099+0000] {logging_mixin.py:137} INFO - [2023-06-15T18:13:47.098+0000] {dag.py:2690} INFO - Sync 1 DAGs
[2023-06-15T18:13:47.119+0000] {logging_mixin.py:137} INFO - [2023-06-15T18:13:47.119+0000] {dag.py:3441} INFO - Setting next_dagrun for example_weekday_branch_operator to 2023-06-14T00:00:00+00:00, run_after=2023-06-15T00:00:00+00:00
[2023-06-15T18:13:47.133+0000] {processor.py:175} INFO - Processing /home/airflow/.local/lib/python3.7/site-packages/airflow/example_dags/example_branch_day_of_week_operator.py took 0.085 seconds
[2023-06-15T18:14:17.310+0000] {processor.py:153} INFO - Started process (PID=1769) to work on /home/airflow/.local/lib/python3.7/site-packages/airflow/example_dags/example_branch_day_of_week_operator.py
[2023-06-15T18:14:17.311+0000] {processor.py:743} INFO - Processing file /home/airflow/.local/lib/python3.7/site-packages/airflow/example_dags/example_branch_day_of_week_operator.py for tasks to queue
[2023-06-15T18:14:17.313+0000] {logging_mixin.py:137} INFO - [2023-06-15T18:14:17.312+0000] {dagbag.py:538} INFO - Filling up the DagBag from /home/airflow/.local/lib/python3.7/site-packages/airflow/example_dags/example_branch_day_of_week_operator.py
[2023-06-15T18:14:17.328+0000] {processor.py:753} INFO - DAG(s) dict_keys(['example_weekday_branch_operator']) retrieved from /home/airflow/.local/lib/python3.7/site-packages/airflow/example_dags/example_branch_day_of_week_operator.py
[2023-06-15T18:14:17.352+0000] {logging_mixin.py:137} INFO - [2023-06-15T18:14:17.352+0000] {dag.py:2690} INFO - Sync 1 DAGs
[2023-06-15T18:14:17.372+0000] {logging_mixin.py:137} INFO - [2023-06-15T18:14:17.372+0000] {dag.py:3441} INFO - Setting next_dagrun for example_weekday_branch_operator to 2023-06-14T00:00:00+00:00, run_after=2023-06-15T00:00:00+00:00
[2023-06-15T18:14:17.386+0000] {processor.py:175} INFO - Processing /home/airflow/.local/lib/python3.7/site-packages/airflow/example_dags/example_branch_day_of_week_operator.py took 0.081 seconds
[2023-06-15T18:14:48.120+0000] {processor.py:153} INFO - Started process (PID=1846) to work on /home/airflow/.local/lib/python3.7/site-packages/airflow/example_dags/example_branch_day_of_week_operator.py
[2023-06-15T18:14:48.123+0000] {processor.py:743} INFO - Processing file /home/airflow/.local/lib/python3.7/site-packages/airflow/example_dags/example_branch_day_of_week_operator.py for tasks to queue
[2023-06-15T18:14:48.140+0000] {logging_mixin.py:137} INFO - [2023-06-15T18:14:48.140+0000] {dagbag.py:538} INFO - Filling up the DagBag from /home/airflow/.local/lib/python3.7/site-packages/airflow/example_dags/example_branch_day_of_week_operator.py
[2023-06-15T18:14:48.172+0000] {processor.py:753} INFO - DAG(s) dict_keys(['example_weekday_branch_operator']) retrieved from /home/airflow/.local/lib/python3.7/site-packages/airflow/example_dags/example_branch_day_of_week_operator.py
[2023-06-15T18:14:48.208+0000] {logging_mixin.py:137} INFO - [2023-06-15T18:14:48.208+0000] {dag.py:2690} INFO - Sync 1 DAGs
[2023-06-15T18:14:48.239+0000] {logging_mixin.py:137} INFO - [2023-06-15T18:14:48.239+0000] {dag.py:3441} INFO - Setting next_dagrun for example_weekday_branch_operator to 2023-06-14T00:00:00+00:00, run_after=2023-06-15T00:00:00+00:00
[2023-06-15T18:14:48.254+0000] {processor.py:175} INFO - Processing /home/airflow/.local/lib/python3.7/site-packages/airflow/example_dags/example_branch_day_of_week_operator.py took 0.148 seconds
[2023-06-15T18:15:18.694+0000] {processor.py:153} INFO - Started process (PID=1921) to work on /home/airflow/.local/lib/python3.7/site-packages/airflow/example_dags/example_branch_day_of_week_operator.py
[2023-06-15T18:15:18.695+0000] {processor.py:743} INFO - Processing file /home/airflow/.local/lib/python3.7/site-packages/airflow/example_dags/example_branch_day_of_week_operator.py for tasks to queue
[2023-06-15T18:15:18.696+0000] {logging_mixin.py:137} INFO - [2023-06-15T18:15:18.696+0000] {dagbag.py:538} INFO - Filling up the DagBag from /home/airflow/.local/lib/python3.7/site-packages/airflow/example_dags/example_branch_day_of_week_operator.py
[2023-06-15T18:15:18.710+0000] {processor.py:753} INFO - DAG(s) dict_keys(['example_weekday_branch_operator']) retrieved from /home/airflow/.local/lib/python3.7/site-packages/airflow/example_dags/example_branch_day_of_week_operator.py
[2023-06-15T18:15:18.743+0000] {logging_mixin.py:137} INFO - [2023-06-15T18:15:18.743+0000] {dag.py:2690} INFO - Sync 1 DAGs
[2023-06-15T18:15:18.776+0000] {logging_mixin.py:137} INFO - [2023-06-15T18:15:18.776+0000] {dag.py:3441} INFO - Setting next_dagrun for example_weekday_branch_operator to 2023-06-14T00:00:00+00:00, run_after=2023-06-15T00:00:00+00:00
[2023-06-15T18:15:18.816+0000] {processor.py:175} INFO - Processing /home/airflow/.local/lib/python3.7/site-packages/airflow/example_dags/example_branch_day_of_week_operator.py took 0.125 seconds
[2023-06-15T18:15:48.940+0000] {processor.py:153} INFO - Started process (PID=1990) to work on /home/airflow/.local/lib/python3.7/site-packages/airflow/example_dags/example_branch_day_of_week_operator.py
[2023-06-15T18:15:48.942+0000] {processor.py:743} INFO - Processing file /home/airflow/.local/lib/python3.7/site-packages/airflow/example_dags/example_branch_day_of_week_operator.py for tasks to queue
[2023-06-15T18:15:48.945+0000] {logging_mixin.py:137} INFO - [2023-06-15T18:15:48.944+0000] {dagbag.py:538} INFO - Filling up the DagBag from /home/airflow/.local/lib/python3.7/site-packages/airflow/example_dags/example_branch_day_of_week_operator.py
[2023-06-15T18:15:48.964+0000] {processor.py:753} INFO - DAG(s) dict_keys(['example_weekday_branch_operator']) retrieved from /home/airflow/.local/lib/python3.7/site-packages/airflow/example_dags/example_branch_day_of_week_operator.py
[2023-06-15T18:15:48.990+0000] {logging_mixin.py:137} INFO - [2023-06-15T18:15:48.990+0000] {dag.py:2690} INFO - Sync 1 DAGs
[2023-06-15T18:15:49.011+0000] {logging_mixin.py:137} INFO - [2023-06-15T18:15:49.011+0000] {dag.py:3441} INFO - Setting next_dagrun for example_weekday_branch_operator to 2023-06-14T00:00:00+00:00, run_after=2023-06-15T00:00:00+00:00
[2023-06-15T18:15:49.028+0000] {processor.py:175} INFO - Processing /home/airflow/.local/lib/python3.7/site-packages/airflow/example_dags/example_branch_day_of_week_operator.py took 0.092 seconds
[2023-06-15T18:16:19.764+0000] {processor.py:153} INFO - Started process (PID=2067) to work on /home/airflow/.local/lib/python3.7/site-packages/airflow/example_dags/example_branch_day_of_week_operator.py
[2023-06-15T18:16:19.765+0000] {processor.py:743} INFO - Processing file /home/airflow/.local/lib/python3.7/site-packages/airflow/example_dags/example_branch_day_of_week_operator.py for tasks to queue
[2023-06-15T18:16:19.766+0000] {logging_mixin.py:137} INFO - [2023-06-15T18:16:19.766+0000] {dagbag.py:538} INFO - Filling up the DagBag from /home/airflow/.local/lib/python3.7/site-packages/airflow/example_dags/example_branch_day_of_week_operator.py
[2023-06-15T18:16:19.779+0000] {processor.py:753} INFO - DAG(s) dict_keys(['example_weekday_branch_operator']) retrieved from /home/airflow/.local/lib/python3.7/site-packages/airflow/example_dags/example_branch_day_of_week_operator.py
[2023-06-15T18:16:19.803+0000] {logging_mixin.py:137} INFO - [2023-06-15T18:16:19.803+0000] {dag.py:2690} INFO - Sync 1 DAGs
[2023-06-15T18:16:19.823+0000] {logging_mixin.py:137} INFO - [2023-06-15T18:16:19.823+0000] {dag.py:3441} INFO - Setting next_dagrun for example_weekday_branch_operator to 2023-06-14T00:00:00+00:00, run_after=2023-06-15T00:00:00+00:00
[2023-06-15T18:16:19.849+0000] {processor.py:175} INFO - Processing /home/airflow/.local/lib/python3.7/site-packages/airflow/example_dags/example_branch_day_of_week_operator.py took 0.088 seconds
[2023-06-15T18:16:50.229+0000] {processor.py:153} INFO - Started process (PID=2132) to work on /home/airflow/.local/lib/python3.7/site-packages/airflow/example_dags/example_branch_day_of_week_operator.py
[2023-06-15T18:16:50.232+0000] {processor.py:743} INFO - Processing file /home/airflow/.local/lib/python3.7/site-packages/airflow/example_dags/example_branch_day_of_week_operator.py for tasks to queue
[2023-06-15T18:16:50.233+0000] {logging_mixin.py:137} INFO - [2023-06-15T18:16:50.233+0000] {dagbag.py:538} INFO - Filling up the DagBag from /home/airflow/.local/lib/python3.7/site-packages/airflow/example_dags/example_branch_day_of_week_operator.py
[2023-06-15T18:16:50.251+0000] {processor.py:753} INFO - DAG(s) dict_keys(['example_weekday_branch_operator']) retrieved from /home/airflow/.local/lib/python3.7/site-packages/airflow/example_dags/example_branch_day_of_week_operator.py
[2023-06-15T18:16:50.276+0000] {logging_mixin.py:137} INFO - [2023-06-15T18:16:50.276+0000] {dag.py:2690} INFO - Sync 1 DAGs
[2023-06-15T18:16:50.295+0000] {logging_mixin.py:137} INFO - [2023-06-15T18:16:50.294+0000] {dag.py:3441} INFO - Setting next_dagrun for example_weekday_branch_operator to 2023-06-14T00:00:00+00:00, run_after=2023-06-15T00:00:00+00:00
[2023-06-15T18:16:50.310+0000] {processor.py:175} INFO - Processing /home/airflow/.local/lib/python3.7/site-packages/airflow/example_dags/example_branch_day_of_week_operator.py took 0.086 seconds
[2023-06-15T18:17:20.690+0000] {processor.py:153} INFO - Started process (PID=2209) to work on /home/airflow/.local/lib/python3.7/site-packages/airflow/example_dags/example_branch_day_of_week_operator.py
[2023-06-15T18:17:20.692+0000] {processor.py:743} INFO - Processing file /home/airflow/.local/lib/python3.7/site-packages/airflow/example_dags/example_branch_day_of_week_operator.py for tasks to queue
[2023-06-15T18:17:20.693+0000] {logging_mixin.py:137} INFO - [2023-06-15T18:17:20.693+0000] {dagbag.py:538} INFO - Filling up the DagBag from /home/airflow/.local/lib/python3.7/site-packages/airflow/example_dags/example_branch_day_of_week_operator.py
[2023-06-15T18:17:20.710+0000] {processor.py:753} INFO - DAG(s) dict_keys(['example_weekday_branch_operator']) retrieved from /home/airflow/.local/lib/python3.7/site-packages/airflow/example_dags/example_branch_day_of_week_operator.py
[2023-06-15T18:17:20.738+0000] {logging_mixin.py:137} INFO - [2023-06-15T18:17:20.738+0000] {dag.py:2690} INFO - Sync 1 DAGs
[2023-06-15T18:17:20.758+0000] {logging_mixin.py:137} INFO - [2023-06-15T18:17:20.757+0000] {dag.py:3441} INFO - Setting next_dagrun for example_weekday_branch_operator to 2023-06-14T00:00:00+00:00, run_after=2023-06-15T00:00:00+00:00
[2023-06-15T18:17:20.774+0000] {processor.py:175} INFO - Processing /home/airflow/.local/lib/python3.7/site-packages/airflow/example_dags/example_branch_day_of_week_operator.py took 0.088 seconds
[2023-06-15T18:44:52.370+0000] {processor.py:153} INFO - Started process (PID=2293) to work on /home/airflow/.local/lib/python3.7/site-packages/airflow/example_dags/example_branch_day_of_week_operator.py
[2023-06-15T18:44:52.374+0000] {processor.py:743} INFO - Processing file /home/airflow/.local/lib/python3.7/site-packages/airflow/example_dags/example_branch_day_of_week_operator.py for tasks to queue
[2023-06-15T18:44:52.379+0000] {logging_mixin.py:137} INFO - [2023-06-15T18:44:52.378+0000] {dagbag.py:538} INFO - Filling up the DagBag from /home/airflow/.local/lib/python3.7/site-packages/airflow/example_dags/example_branch_day_of_week_operator.py
[2023-06-15T18:44:52.413+0000] {processor.py:753} INFO - DAG(s) dict_keys(['example_weekday_branch_operator']) retrieved from /home/airflow/.local/lib/python3.7/site-packages/airflow/example_dags/example_branch_day_of_week_operator.py
[2023-06-15T18:44:52.472+0000] {logging_mixin.py:137} INFO - [2023-06-15T18:44:52.470+0000] {dag.py:2690} INFO - Sync 1 DAGs
[2023-06-15T18:44:52.542+0000] {logging_mixin.py:137} INFO - [2023-06-15T18:44:52.542+0000] {dag.py:3441} INFO - Setting next_dagrun for example_weekday_branch_operator to 2023-06-14T00:00:00+00:00, run_after=2023-06-15T00:00:00+00:00
[2023-06-15T18:44:52.619+0000] {processor.py:175} INFO - Processing /home/airflow/.local/lib/python3.7/site-packages/airflow/example_dags/example_branch_day_of_week_operator.py took 0.256 seconds
[2023-06-15T18:45:23.276+0000] {processor.py:153} INFO - Started process (PID=2359) to work on /home/airflow/.local/lib/python3.7/site-packages/airflow/example_dags/example_branch_day_of_week_operator.py
[2023-06-15T18:45:23.278+0000] {processor.py:743} INFO - Processing file /home/airflow/.local/lib/python3.7/site-packages/airflow/example_dags/example_branch_day_of_week_operator.py for tasks to queue
[2023-06-15T18:45:23.279+0000] {logging_mixin.py:137} INFO - [2023-06-15T18:45:23.278+0000] {dagbag.py:538} INFO - Filling up the DagBag from /home/airflow/.local/lib/python3.7/site-packages/airflow/example_dags/example_branch_day_of_week_operator.py
[2023-06-15T18:45:23.293+0000] {processor.py:753} INFO - DAG(s) dict_keys(['example_weekday_branch_operator']) retrieved from /home/airflow/.local/lib/python3.7/site-packages/airflow/example_dags/example_branch_day_of_week_operator.py
[2023-06-15T18:45:23.317+0000] {logging_mixin.py:137} INFO - [2023-06-15T18:45:23.317+0000] {dag.py:2690} INFO - Sync 1 DAGs
[2023-06-15T18:45:23.337+0000] {logging_mixin.py:137} INFO - [2023-06-15T18:45:23.336+0000] {dag.py:3441} INFO - Setting next_dagrun for example_weekday_branch_operator to 2023-06-14T00:00:00+00:00, run_after=2023-06-15T00:00:00+00:00
[2023-06-15T18:45:23.351+0000] {processor.py:175} INFO - Processing /home/airflow/.local/lib/python3.7/site-packages/airflow/example_dags/example_branch_day_of_week_operator.py took 0.078 seconds
[2023-06-15T18:45:53.956+0000] {processor.py:153} INFO - Started process (PID=2436) to work on /home/airflow/.local/lib/python3.7/site-packages/airflow/example_dags/example_branch_day_of_week_operator.py
[2023-06-15T18:45:53.958+0000] {processor.py:743} INFO - Processing file /home/airflow/.local/lib/python3.7/site-packages/airflow/example_dags/example_branch_day_of_week_operator.py for tasks to queue
[2023-06-15T18:45:53.959+0000] {logging_mixin.py:137} INFO - [2023-06-15T18:45:53.959+0000] {dagbag.py:538} INFO - Filling up the DagBag from /home/airflow/.local/lib/python3.7/site-packages/airflow/example_dags/example_branch_day_of_week_operator.py
[2023-06-15T18:45:53.975+0000] {processor.py:753} INFO - DAG(s) dict_keys(['example_weekday_branch_operator']) retrieved from /home/airflow/.local/lib/python3.7/site-packages/airflow/example_dags/example_branch_day_of_week_operator.py
[2023-06-15T18:45:54.003+0000] {logging_mixin.py:137} INFO - [2023-06-15T18:45:54.003+0000] {dag.py:2690} INFO - Sync 1 DAGs
[2023-06-15T18:45:54.022+0000] {logging_mixin.py:137} INFO - [2023-06-15T18:45:54.022+0000] {dag.py:3441} INFO - Setting next_dagrun for example_weekday_branch_operator to 2023-06-14T00:00:00+00:00, run_after=2023-06-15T00:00:00+00:00
[2023-06-15T18:45:54.036+0000] {processor.py:175} INFO - Processing /home/airflow/.local/lib/python3.7/site-packages/airflow/example_dags/example_branch_day_of_week_operator.py took 0.087 seconds
[2023-06-15T18:46:24.982+0000] {processor.py:153} INFO - Started process (PID=2510) to work on /home/airflow/.local/lib/python3.7/site-packages/airflow/example_dags/example_branch_day_of_week_operator.py
[2023-06-15T18:46:24.983+0000] {processor.py:743} INFO - Processing file /home/airflow/.local/lib/python3.7/site-packages/airflow/example_dags/example_branch_day_of_week_operator.py for tasks to queue
[2023-06-15T18:46:24.984+0000] {logging_mixin.py:137} INFO - [2023-06-15T18:46:24.984+0000] {dagbag.py:538} INFO - Filling up the DagBag from /home/airflow/.local/lib/python3.7/site-packages/airflow/example_dags/example_branch_day_of_week_operator.py
[2023-06-15T18:46:24.999+0000] {processor.py:753} INFO - DAG(s) dict_keys(['example_weekday_branch_operator']) retrieved from /home/airflow/.local/lib/python3.7/site-packages/airflow/example_dags/example_branch_day_of_week_operator.py
[2023-06-15T18:46:25.026+0000] {logging_mixin.py:137} INFO - [2023-06-15T18:46:25.026+0000] {dag.py:2690} INFO - Sync 1 DAGs
[2023-06-15T18:46:25.046+0000] {logging_mixin.py:137} INFO - [2023-06-15T18:46:25.046+0000] {dag.py:3441} INFO - Setting next_dagrun for example_weekday_branch_operator to 2023-06-14T00:00:00+00:00, run_after=2023-06-15T00:00:00+00:00
[2023-06-15T18:46:25.065+0000] {processor.py:175} INFO - Processing /home/airflow/.local/lib/python3.7/site-packages/airflow/example_dags/example_branch_day_of_week_operator.py took 0.087 seconds
[2023-06-15T18:46:56.000+0000] {processor.py:153} INFO - Started process (PID=2578) to work on /home/airflow/.local/lib/python3.7/site-packages/airflow/example_dags/example_branch_day_of_week_operator.py
[2023-06-15T18:46:56.001+0000] {processor.py:743} INFO - Processing file /home/airflow/.local/lib/python3.7/site-packages/airflow/example_dags/example_branch_day_of_week_operator.py for tasks to queue
[2023-06-15T18:46:56.002+0000] {logging_mixin.py:137} INFO - [2023-06-15T18:46:56.002+0000] {dagbag.py:538} INFO - Filling up the DagBag from /home/airflow/.local/lib/python3.7/site-packages/airflow/example_dags/example_branch_day_of_week_operator.py
[2023-06-15T18:46:56.015+0000] {processor.py:753} INFO - DAG(s) dict_keys(['example_weekday_branch_operator']) retrieved from /home/airflow/.local/lib/python3.7/site-packages/airflow/example_dags/example_branch_day_of_week_operator.py
[2023-06-15T18:46:56.039+0000] {logging_mixin.py:137} INFO - [2023-06-15T18:46:56.038+0000] {dag.py:2690} INFO - Sync 1 DAGs
[2023-06-15T18:46:56.068+0000] {logging_mixin.py:137} INFO - [2023-06-15T18:46:56.067+0000] {dag.py:3441} INFO - Setting next_dagrun for example_weekday_branch_operator to 2023-06-14T00:00:00+00:00, run_after=2023-06-15T00:00:00+00:00
[2023-06-15T18:46:56.081+0000] {processor.py:175} INFO - Processing /home/airflow/.local/lib/python3.7/site-packages/airflow/example_dags/example_branch_day_of_week_operator.py took 0.084 seconds
[2023-06-15T18:47:26.207+0000] {processor.py:153} INFO - Started process (PID=2655) to work on /home/airflow/.local/lib/python3.7/site-packages/airflow/example_dags/example_branch_day_of_week_operator.py
[2023-06-15T18:47:26.208+0000] {processor.py:743} INFO - Processing file /home/airflow/.local/lib/python3.7/site-packages/airflow/example_dags/example_branch_day_of_week_operator.py for tasks to queue
[2023-06-15T18:47:26.210+0000] {logging_mixin.py:137} INFO - [2023-06-15T18:47:26.209+0000] {dagbag.py:538} INFO - Filling up the DagBag from /home/airflow/.local/lib/python3.7/site-packages/airflow/example_dags/example_branch_day_of_week_operator.py
[2023-06-15T18:47:26.224+0000] {processor.py:753} INFO - DAG(s) dict_keys(['example_weekday_branch_operator']) retrieved from /home/airflow/.local/lib/python3.7/site-packages/airflow/example_dags/example_branch_day_of_week_operator.py
[2023-06-15T18:47:26.249+0000] {logging_mixin.py:137} INFO - [2023-06-15T18:47:26.249+0000] {dag.py:2690} INFO - Sync 1 DAGs
[2023-06-15T18:47:26.270+0000] {logging_mixin.py:137} INFO - [2023-06-15T18:47:26.270+0000] {dag.py:3441} INFO - Setting next_dagrun for example_weekday_branch_operator to 2023-06-14T00:00:00+00:00, run_after=2023-06-15T00:00:00+00:00
[2023-06-15T18:47:26.285+0000] {processor.py:175} INFO - Processing /home/airflow/.local/lib/python3.7/site-packages/airflow/example_dags/example_branch_day_of_week_operator.py took 0.082 seconds
[2023-06-15T18:47:56.811+0000] {processor.py:153} INFO - Started process (PID=2718) to work on /home/airflow/.local/lib/python3.7/site-packages/airflow/example_dags/example_branch_day_of_week_operator.py
[2023-06-15T18:47:56.812+0000] {processor.py:743} INFO - Processing file /home/airflow/.local/lib/python3.7/site-packages/airflow/example_dags/example_branch_day_of_week_operator.py for tasks to queue
[2023-06-15T18:47:56.813+0000] {logging_mixin.py:137} INFO - [2023-06-15T18:47:56.813+0000] {dagbag.py:538} INFO - Filling up the DagBag from /home/airflow/.local/lib/python3.7/site-packages/airflow/example_dags/example_branch_day_of_week_operator.py
[2023-06-15T18:47:56.826+0000] {processor.py:753} INFO - DAG(s) dict_keys(['example_weekday_branch_operator']) retrieved from /home/airflow/.local/lib/python3.7/site-packages/airflow/example_dags/example_branch_day_of_week_operator.py
[2023-06-15T18:47:56.855+0000] {logging_mixin.py:137} INFO - [2023-06-15T18:47:56.855+0000] {dag.py:2690} INFO - Sync 1 DAGs
[2023-06-15T18:47:56.874+0000] {logging_mixin.py:137} INFO - [2023-06-15T18:47:56.874+0000] {dag.py:3441} INFO - Setting next_dagrun for example_weekday_branch_operator to 2023-06-14T00:00:00+00:00, run_after=2023-06-15T00:00:00+00:00
[2023-06-15T18:47:56.889+0000] {processor.py:175} INFO - Processing /home/airflow/.local/lib/python3.7/site-packages/airflow/example_dags/example_branch_day_of_week_operator.py took 0.082 seconds
[2023-06-15T18:48:30.247+0000] {processor.py:153} INFO - Started process (PID=2797) to work on /home/airflow/.local/lib/python3.7/site-packages/airflow/example_dags/example_branch_day_of_week_operator.py
[2023-06-15T18:48:30.249+0000] {processor.py:743} INFO - Processing file /home/airflow/.local/lib/python3.7/site-packages/airflow/example_dags/example_branch_day_of_week_operator.py for tasks to queue
[2023-06-15T18:48:30.250+0000] {logging_mixin.py:137} INFO - [2023-06-15T18:48:30.250+0000] {dagbag.py:538} INFO - Filling up the DagBag from /home/airflow/.local/lib/python3.7/site-packages/airflow/example_dags/example_branch_day_of_week_operator.py
[2023-06-15T18:48:30.263+0000] {processor.py:753} INFO - DAG(s) dict_keys(['example_weekday_branch_operator']) retrieved from /home/airflow/.local/lib/python3.7/site-packages/airflow/example_dags/example_branch_day_of_week_operator.py
[2023-06-15T18:48:30.288+0000] {logging_mixin.py:137} INFO - [2023-06-15T18:48:30.287+0000] {dag.py:2690} INFO - Sync 1 DAGs
[2023-06-15T18:48:30.309+0000] {logging_mixin.py:137} INFO - [2023-06-15T18:48:30.309+0000] {dag.py:3441} INFO - Setting next_dagrun for example_weekday_branch_operator to 2023-06-14T00:00:00+00:00, run_after=2023-06-15T00:00:00+00:00
[2023-06-15T18:48:30.325+0000] {processor.py:175} INFO - Processing /home/airflow/.local/lib/python3.7/site-packages/airflow/example_dags/example_branch_day_of_week_operator.py took 0.080 seconds
[2023-06-15T18:49:01.159+0000] {processor.py:153} INFO - Started process (PID=2862) to work on /home/airflow/.local/lib/python3.7/site-packages/airflow/example_dags/example_branch_day_of_week_operator.py
[2023-06-15T18:49:01.161+0000] {processor.py:743} INFO - Processing file /home/airflow/.local/lib/python3.7/site-packages/airflow/example_dags/example_branch_day_of_week_operator.py for tasks to queue
[2023-06-15T18:49:01.162+0000] {logging_mixin.py:137} INFO - [2023-06-15T18:49:01.162+0000] {dagbag.py:538} INFO - Filling up the DagBag from /home/airflow/.local/lib/python3.7/site-packages/airflow/example_dags/example_branch_day_of_week_operator.py
[2023-06-15T18:49:01.175+0000] {processor.py:753} INFO - DAG(s) dict_keys(['example_weekday_branch_operator']) retrieved from /home/airflow/.local/lib/python3.7/site-packages/airflow/example_dags/example_branch_day_of_week_operator.py
[2023-06-15T18:49:01.204+0000] {logging_mixin.py:137} INFO - [2023-06-15T18:49:01.204+0000] {dag.py:2690} INFO - Sync 1 DAGs
[2023-06-15T18:49:01.235+0000] {logging_mixin.py:137} INFO - [2023-06-15T18:49:01.234+0000] {dag.py:3441} INFO - Setting next_dagrun for example_weekday_branch_operator to 2023-06-14T00:00:00+00:00, run_after=2023-06-15T00:00:00+00:00
[2023-06-15T18:49:01.259+0000] {processor.py:175} INFO - Processing /home/airflow/.local/lib/python3.7/site-packages/airflow/example_dags/example_branch_day_of_week_operator.py took 0.103 seconds
[2023-06-15T18:49:31.603+0000] {processor.py:153} INFO - Started process (PID=2940) to work on /home/airflow/.local/lib/python3.7/site-packages/airflow/example_dags/example_branch_day_of_week_operator.py
[2023-06-15T18:49:31.605+0000] {processor.py:743} INFO - Processing file /home/airflow/.local/lib/python3.7/site-packages/airflow/example_dags/example_branch_day_of_week_operator.py for tasks to queue
[2023-06-15T18:49:31.606+0000] {logging_mixin.py:137} INFO - [2023-06-15T18:49:31.605+0000] {dagbag.py:538} INFO - Filling up the DagBag from /home/airflow/.local/lib/python3.7/site-packages/airflow/example_dags/example_branch_day_of_week_operator.py
[2023-06-15T18:49:31.621+0000] {processor.py:753} INFO - DAG(s) dict_keys(['example_weekday_branch_operator']) retrieved from /home/airflow/.local/lib/python3.7/site-packages/airflow/example_dags/example_branch_day_of_week_operator.py
[2023-06-15T18:49:31.652+0000] {logging_mixin.py:137} INFO - [2023-06-15T18:49:31.652+0000] {dag.py:2690} INFO - Sync 1 DAGs
[2023-06-15T18:49:31.677+0000] {logging_mixin.py:137} INFO - [2023-06-15T18:49:31.677+0000] {dag.py:3441} INFO - Setting next_dagrun for example_weekday_branch_operator to 2023-06-14T00:00:00+00:00, run_after=2023-06-15T00:00:00+00:00
[2023-06-15T18:49:31.693+0000] {processor.py:175} INFO - Processing /home/airflow/.local/lib/python3.7/site-packages/airflow/example_dags/example_branch_day_of_week_operator.py took 0.094 seconds
[2023-06-15T18:50:02.766+0000] {processor.py:153} INFO - Started process (PID=3015) to work on /home/airflow/.local/lib/python3.7/site-packages/airflow/example_dags/example_branch_day_of_week_operator.py
[2023-06-15T18:50:02.768+0000] {processor.py:743} INFO - Processing file /home/airflow/.local/lib/python3.7/site-packages/airflow/example_dags/example_branch_day_of_week_operator.py for tasks to queue
[2023-06-15T18:50:02.769+0000] {logging_mixin.py:137} INFO - [2023-06-15T18:50:02.769+0000] {dagbag.py:538} INFO - Filling up the DagBag from /home/airflow/.local/lib/python3.7/site-packages/airflow/example_dags/example_branch_day_of_week_operator.py
[2023-06-15T18:50:02.782+0000] {processor.py:753} INFO - DAG(s) dict_keys(['example_weekday_branch_operator']) retrieved from /home/airflow/.local/lib/python3.7/site-packages/airflow/example_dags/example_branch_day_of_week_operator.py
[2023-06-15T18:50:02.809+0000] {logging_mixin.py:137} INFO - [2023-06-15T18:50:02.808+0000] {dag.py:2690} INFO - Sync 1 DAGs
[2023-06-15T18:50:02.842+0000] {logging_mixin.py:137} INFO - [2023-06-15T18:50:02.842+0000] {dag.py:3441} INFO - Setting next_dagrun for example_weekday_branch_operator to 2023-06-14T00:00:00+00:00, run_after=2023-06-15T00:00:00+00:00
[2023-06-15T18:50:02.871+0000] {processor.py:175} INFO - Processing /home/airflow/.local/lib/python3.7/site-packages/airflow/example_dags/example_branch_day_of_week_operator.py took 0.108 seconds
[2023-06-15T18:50:33.928+0000] {processor.py:153} INFO - Started process (PID=3083) to work on /home/airflow/.local/lib/python3.7/site-packages/airflow/example_dags/example_branch_day_of_week_operator.py
[2023-06-15T18:50:33.930+0000] {processor.py:743} INFO - Processing file /home/airflow/.local/lib/python3.7/site-packages/airflow/example_dags/example_branch_day_of_week_operator.py for tasks to queue
[2023-06-15T18:50:33.931+0000] {logging_mixin.py:137} INFO - [2023-06-15T18:50:33.931+0000] {dagbag.py:538} INFO - Filling up the DagBag from /home/airflow/.local/lib/python3.7/site-packages/airflow/example_dags/example_branch_day_of_week_operator.py
[2023-06-15T18:50:33.945+0000] {processor.py:753} INFO - DAG(s) dict_keys(['example_weekday_branch_operator']) retrieved from /home/airflow/.local/lib/python3.7/site-packages/airflow/example_dags/example_branch_day_of_week_operator.py
[2023-06-15T18:50:33.974+0000] {logging_mixin.py:137} INFO - [2023-06-15T18:50:33.974+0000] {dag.py:2690} INFO - Sync 1 DAGs
[2023-06-15T18:50:33.996+0000] {logging_mixin.py:137} INFO - [2023-06-15T18:50:33.996+0000] {dag.py:3441} INFO - Setting next_dagrun for example_weekday_branch_operator to 2023-06-14T00:00:00+00:00, run_after=2023-06-15T00:00:00+00:00
[2023-06-15T18:50:34.011+0000] {processor.py:175} INFO - Processing /home/airflow/.local/lib/python3.7/site-packages/airflow/example_dags/example_branch_day_of_week_operator.py took 0.087 seconds
