[2023-06-15T18:02:02.401+0000] {processor.py:153} INFO - Started process (PID=63) to work on /home/airflow/.local/lib/python3.7/site-packages/airflow/example_dags/example_branch_python_dop_operator_3.py
[2023-06-15T18:02:02.407+0000] {processor.py:743} INFO - Processing file /home/airflow/.local/lib/python3.7/site-packages/airflow/example_dags/example_branch_python_dop_operator_3.py for tasks to queue
[2023-06-15T18:02:02.409+0000] {logging_mixin.py:137} INFO - [2023-06-15T18:02:02.409+0000] {dagbag.py:538} INFO - Filling up the DagBag from /home/airflow/.local/lib/python3.7/site-packages/airflow/example_dags/example_branch_python_dop_operator_3.py
[2023-06-15T18:02:02.478+0000] {processor.py:753} INFO - DAG(s) dict_keys(['example_branch_dop_operator_v3']) retrieved from /home/airflow/.local/lib/python3.7/site-packages/airflow/example_dags/example_branch_python_dop_operator_3.py
[2023-06-15T18:02:02.557+0000] {logging_mixin.py:137} INFO - [2023-06-15T18:02:02.556+0000] {dag.py:2690} INFO - Sync 1 DAGs
[2023-06-15T18:02:02.660+0000] {logging_mixin.py:137} INFO - [2023-06-15T18:02:02.659+0000] {dag.py:3441} INFO - Setting next_dagrun for example_branch_dop_operator_v3 to 2023-06-15T18:01:00+00:00, run_after=2023-06-15T18:02:00+00:00
[2023-06-15T18:02:02.722+0000] {processor.py:175} INFO - Processing /home/airflow/.local/lib/python3.7/site-packages/airflow/example_dags/example_branch_python_dop_operator_3.py took 0.329 seconds
[2023-06-15T18:02:32.904+0000] {processor.py:153} INFO - Started process (PID=127) to work on /home/airflow/.local/lib/python3.7/site-packages/airflow/example_dags/example_branch_python_dop_operator_3.py
[2023-06-15T18:02:32.906+0000] {processor.py:743} INFO - Processing file /home/airflow/.local/lib/python3.7/site-packages/airflow/example_dags/example_branch_python_dop_operator_3.py for tasks to queue
[2023-06-15T18:02:32.907+0000] {logging_mixin.py:137} INFO - [2023-06-15T18:02:32.907+0000] {dagbag.py:538} INFO - Filling up the DagBag from /home/airflow/.local/lib/python3.7/site-packages/airflow/example_dags/example_branch_python_dop_operator_3.py
[2023-06-15T18:02:32.930+0000] {processor.py:753} INFO - DAG(s) dict_keys(['example_branch_dop_operator_v3']) retrieved from /home/airflow/.local/lib/python3.7/site-packages/airflow/example_dags/example_branch_python_dop_operator_3.py
[2023-06-15T18:02:32.955+0000] {logging_mixin.py:137} INFO - [2023-06-15T18:02:32.955+0000] {dag.py:2690} INFO - Sync 1 DAGs
[2023-06-15T18:02:32.978+0000] {logging_mixin.py:137} INFO - [2023-06-15T18:02:32.978+0000] {dag.py:3441} INFO - Setting next_dagrun for example_branch_dop_operator_v3 to 2023-06-15T18:01:00+00:00, run_after=2023-06-15T18:02:00+00:00
[2023-06-15T18:02:32.991+0000] {processor.py:175} INFO - Processing /home/airflow/.local/lib/python3.7/site-packages/airflow/example_dags/example_branch_python_dop_operator_3.py took 0.092 seconds
[2023-06-15T18:03:03.775+0000] {processor.py:153} INFO - Started process (PID=203) to work on /home/airflow/.local/lib/python3.7/site-packages/airflow/example_dags/example_branch_python_dop_operator_3.py
[2023-06-15T18:03:03.776+0000] {processor.py:743} INFO - Processing file /home/airflow/.local/lib/python3.7/site-packages/airflow/example_dags/example_branch_python_dop_operator_3.py for tasks to queue
[2023-06-15T18:03:03.778+0000] {logging_mixin.py:137} INFO - [2023-06-15T18:03:03.777+0000] {dagbag.py:538} INFO - Filling up the DagBag from /home/airflow/.local/lib/python3.7/site-packages/airflow/example_dags/example_branch_python_dop_operator_3.py
[2023-06-15T18:03:03.796+0000] {processor.py:753} INFO - DAG(s) dict_keys(['example_branch_dop_operator_v3']) retrieved from /home/airflow/.local/lib/python3.7/site-packages/airflow/example_dags/example_branch_python_dop_operator_3.py
[2023-06-15T18:03:03.828+0000] {logging_mixin.py:137} INFO - [2023-06-15T18:03:03.827+0000] {dag.py:2690} INFO - Sync 1 DAGs
[2023-06-15T18:03:03.851+0000] {logging_mixin.py:137} INFO - [2023-06-15T18:03:03.850+0000] {dag.py:3441} INFO - Setting next_dagrun for example_branch_dop_operator_v3 to 2023-06-15T18:02:00+00:00, run_after=2023-06-15T18:03:00+00:00
[2023-06-15T18:03:03.866+0000] {processor.py:175} INFO - Processing /home/airflow/.local/lib/python3.7/site-packages/airflow/example_dags/example_branch_python_dop_operator_3.py took 0.094 seconds
[2023-06-15T18:03:34.696+0000] {processor.py:153} INFO - Started process (PID=268) to work on /home/airflow/.local/lib/python3.7/site-packages/airflow/example_dags/example_branch_python_dop_operator_3.py
[2023-06-15T18:03:34.698+0000] {processor.py:743} INFO - Processing file /home/airflow/.local/lib/python3.7/site-packages/airflow/example_dags/example_branch_python_dop_operator_3.py for tasks to queue
[2023-06-15T18:03:34.699+0000] {logging_mixin.py:137} INFO - [2023-06-15T18:03:34.699+0000] {dagbag.py:538} INFO - Filling up the DagBag from /home/airflow/.local/lib/python3.7/site-packages/airflow/example_dags/example_branch_python_dop_operator_3.py
[2023-06-15T18:03:34.732+0000] {processor.py:753} INFO - DAG(s) dict_keys(['example_branch_dop_operator_v3']) retrieved from /home/airflow/.local/lib/python3.7/site-packages/airflow/example_dags/example_branch_python_dop_operator_3.py
[2023-06-15T18:03:34.778+0000] {logging_mixin.py:137} INFO - [2023-06-15T18:03:34.777+0000] {dag.py:2690} INFO - Sync 1 DAGs
[2023-06-15T18:03:34.810+0000] {logging_mixin.py:137} INFO - [2023-06-15T18:03:34.810+0000] {dag.py:3441} INFO - Setting next_dagrun for example_branch_dop_operator_v3 to 2023-06-15T18:02:00+00:00, run_after=2023-06-15T18:03:00+00:00
[2023-06-15T18:03:34.826+0000] {processor.py:175} INFO - Processing /home/airflow/.local/lib/python3.7/site-packages/airflow/example_dags/example_branch_python_dop_operator_3.py took 0.134 seconds
[2023-06-15T18:04:05.460+0000] {processor.py:153} INFO - Started process (PID=345) to work on /home/airflow/.local/lib/python3.7/site-packages/airflow/example_dags/example_branch_python_dop_operator_3.py
[2023-06-15T18:04:05.462+0000] {processor.py:743} INFO - Processing file /home/airflow/.local/lib/python3.7/site-packages/airflow/example_dags/example_branch_python_dop_operator_3.py for tasks to queue
[2023-06-15T18:04:05.463+0000] {logging_mixin.py:137} INFO - [2023-06-15T18:04:05.463+0000] {dagbag.py:538} INFO - Filling up the DagBag from /home/airflow/.local/lib/python3.7/site-packages/airflow/example_dags/example_branch_python_dop_operator_3.py
[2023-06-15T18:04:05.482+0000] {processor.py:753} INFO - DAG(s) dict_keys(['example_branch_dop_operator_v3']) retrieved from /home/airflow/.local/lib/python3.7/site-packages/airflow/example_dags/example_branch_python_dop_operator_3.py
[2023-06-15T18:04:05.507+0000] {logging_mixin.py:137} INFO - [2023-06-15T18:04:05.507+0000] {dag.py:2690} INFO - Sync 1 DAGs
[2023-06-15T18:04:05.529+0000] {logging_mixin.py:137} INFO - [2023-06-15T18:04:05.529+0000] {dag.py:3441} INFO - Setting next_dagrun for example_branch_dop_operator_v3 to 2023-06-15T18:03:00+00:00, run_after=2023-06-15T18:04:00+00:00
[2023-06-15T18:04:05.543+0000] {processor.py:175} INFO - Processing /home/airflow/.local/lib/python3.7/site-packages/airflow/example_dags/example_branch_python_dop_operator_3.py took 0.087 seconds
[2023-06-15T18:04:36.905+0000] {processor.py:153} INFO - Started process (PID=419) to work on /home/airflow/.local/lib/python3.7/site-packages/airflow/example_dags/example_branch_python_dop_operator_3.py
[2023-06-15T18:04:36.907+0000] {processor.py:743} INFO - Processing file /home/airflow/.local/lib/python3.7/site-packages/airflow/example_dags/example_branch_python_dop_operator_3.py for tasks to queue
[2023-06-15T18:04:36.908+0000] {logging_mixin.py:137} INFO - [2023-06-15T18:04:36.908+0000] {dagbag.py:538} INFO - Filling up the DagBag from /home/airflow/.local/lib/python3.7/site-packages/airflow/example_dags/example_branch_python_dop_operator_3.py
[2023-06-15T18:04:36.931+0000] {processor.py:753} INFO - DAG(s) dict_keys(['example_branch_dop_operator_v3']) retrieved from /home/airflow/.local/lib/python3.7/site-packages/airflow/example_dags/example_branch_python_dop_operator_3.py
[2023-06-15T18:04:36.961+0000] {logging_mixin.py:137} INFO - [2023-06-15T18:04:36.961+0000] {dag.py:2690} INFO - Sync 1 DAGs
[2023-06-15T18:04:36.988+0000] {logging_mixin.py:137} INFO - [2023-06-15T18:04:36.988+0000] {dag.py:3441} INFO - Setting next_dagrun for example_branch_dop_operator_v3 to 2023-06-15T18:03:00+00:00, run_after=2023-06-15T18:04:00+00:00
[2023-06-15T18:04:37.004+0000] {processor.py:175} INFO - Processing /home/airflow/.local/lib/python3.7/site-packages/airflow/example_dags/example_branch_python_dop_operator_3.py took 0.103 seconds
[2023-06-15T18:05:07.789+0000] {processor.py:153} INFO - Started process (PID=486) to work on /home/airflow/.local/lib/python3.7/site-packages/airflow/example_dags/example_branch_python_dop_operator_3.py
[2023-06-15T18:05:07.791+0000] {processor.py:743} INFO - Processing file /home/airflow/.local/lib/python3.7/site-packages/airflow/example_dags/example_branch_python_dop_operator_3.py for tasks to queue
[2023-06-15T18:05:07.792+0000] {logging_mixin.py:137} INFO - [2023-06-15T18:05:07.792+0000] {dagbag.py:538} INFO - Filling up the DagBag from /home/airflow/.local/lib/python3.7/site-packages/airflow/example_dags/example_branch_python_dop_operator_3.py
[2023-06-15T18:05:07.810+0000] {processor.py:753} INFO - DAG(s) dict_keys(['example_branch_dop_operator_v3']) retrieved from /home/airflow/.local/lib/python3.7/site-packages/airflow/example_dags/example_branch_python_dop_operator_3.py
[2023-06-15T18:05:07.835+0000] {logging_mixin.py:137} INFO - [2023-06-15T18:05:07.835+0000] {dag.py:2690} INFO - Sync 1 DAGs
[2023-06-15T18:05:07.856+0000] {logging_mixin.py:137} INFO - [2023-06-15T18:05:07.856+0000] {dag.py:3441} INFO - Setting next_dagrun for example_branch_dop_operator_v3 to 2023-06-15T18:04:00+00:00, run_after=2023-06-15T18:05:00+00:00
[2023-06-15T18:05:07.870+0000] {processor.py:175} INFO - Processing /home/airflow/.local/lib/python3.7/site-packages/airflow/example_dags/example_branch_python_dop_operator_3.py took 0.084 seconds
[2023-06-15T18:05:38.538+0000] {processor.py:153} INFO - Started process (PID=561) to work on /home/airflow/.local/lib/python3.7/site-packages/airflow/example_dags/example_branch_python_dop_operator_3.py
[2023-06-15T18:05:38.540+0000] {processor.py:743} INFO - Processing file /home/airflow/.local/lib/python3.7/site-packages/airflow/example_dags/example_branch_python_dop_operator_3.py for tasks to queue
[2023-06-15T18:05:38.541+0000] {logging_mixin.py:137} INFO - [2023-06-15T18:05:38.541+0000] {dagbag.py:538} INFO - Filling up the DagBag from /home/airflow/.local/lib/python3.7/site-packages/airflow/example_dags/example_branch_python_dop_operator_3.py
[2023-06-15T18:05:38.561+0000] {processor.py:753} INFO - DAG(s) dict_keys(['example_branch_dop_operator_v3']) retrieved from /home/airflow/.local/lib/python3.7/site-packages/airflow/example_dags/example_branch_python_dop_operator_3.py
[2023-06-15T18:05:38.589+0000] {logging_mixin.py:137} INFO - [2023-06-15T18:05:38.589+0000] {dag.py:2690} INFO - Sync 1 DAGs
[2023-06-15T18:05:38.611+0000] {logging_mixin.py:137} INFO - [2023-06-15T18:05:38.611+0000] {dag.py:3441} INFO - Setting next_dagrun for example_branch_dop_operator_v3 to 2023-06-15T18:04:00+00:00, run_after=2023-06-15T18:05:00+00:00
[2023-06-15T18:05:38.626+0000] {processor.py:175} INFO - Processing /home/airflow/.local/lib/python3.7/site-packages/airflow/example_dags/example_branch_python_dop_operator_3.py took 0.091 seconds
[2023-06-15T18:06:09.428+0000] {processor.py:153} INFO - Started process (PID=626) to work on /home/airflow/.local/lib/python3.7/site-packages/airflow/example_dags/example_branch_python_dop_operator_3.py
[2023-06-15T18:06:09.429+0000] {processor.py:743} INFO - Processing file /home/airflow/.local/lib/python3.7/site-packages/airflow/example_dags/example_branch_python_dop_operator_3.py for tasks to queue
[2023-06-15T18:06:09.430+0000] {logging_mixin.py:137} INFO - [2023-06-15T18:06:09.430+0000] {dagbag.py:538} INFO - Filling up the DagBag from /home/airflow/.local/lib/python3.7/site-packages/airflow/example_dags/example_branch_python_dop_operator_3.py
[2023-06-15T18:06:09.452+0000] {processor.py:753} INFO - DAG(s) dict_keys(['example_branch_dop_operator_v3']) retrieved from /home/airflow/.local/lib/python3.7/site-packages/airflow/example_dags/example_branch_python_dop_operator_3.py
[2023-06-15T18:06:09.489+0000] {logging_mixin.py:137} INFO - [2023-06-15T18:06:09.488+0000] {dag.py:2690} INFO - Sync 1 DAGs
[2023-06-15T18:06:09.517+0000] {logging_mixin.py:137} INFO - [2023-06-15T18:06:09.517+0000] {dag.py:3441} INFO - Setting next_dagrun for example_branch_dop_operator_v3 to 2023-06-15T18:05:00+00:00, run_after=2023-06-15T18:06:00+00:00
[2023-06-15T18:06:09.537+0000] {processor.py:175} INFO - Processing /home/airflow/.local/lib/python3.7/site-packages/airflow/example_dags/example_branch_python_dop_operator_3.py took 0.112 seconds
[2023-06-15T18:06:40.468+0000] {processor.py:153} INFO - Started process (PID=701) to work on /home/airflow/.local/lib/python3.7/site-packages/airflow/example_dags/example_branch_python_dop_operator_3.py
[2023-06-15T18:06:40.470+0000] {processor.py:743} INFO - Processing file /home/airflow/.local/lib/python3.7/site-packages/airflow/example_dags/example_branch_python_dop_operator_3.py for tasks to queue
[2023-06-15T18:06:40.471+0000] {logging_mixin.py:137} INFO - [2023-06-15T18:06:40.471+0000] {dagbag.py:538} INFO - Filling up the DagBag from /home/airflow/.local/lib/python3.7/site-packages/airflow/example_dags/example_branch_python_dop_operator_3.py
[2023-06-15T18:06:40.491+0000] {processor.py:753} INFO - DAG(s) dict_keys(['example_branch_dop_operator_v3']) retrieved from /home/airflow/.local/lib/python3.7/site-packages/airflow/example_dags/example_branch_python_dop_operator_3.py
[2023-06-15T18:06:40.514+0000] {logging_mixin.py:137} INFO - [2023-06-15T18:06:40.514+0000] {dag.py:2690} INFO - Sync 1 DAGs
[2023-06-15T18:06:40.537+0000] {logging_mixin.py:137} INFO - [2023-06-15T18:06:40.536+0000] {dag.py:3441} INFO - Setting next_dagrun for example_branch_dop_operator_v3 to 2023-06-15T18:05:00+00:00, run_after=2023-06-15T18:06:00+00:00
[2023-06-15T18:06:40.552+0000] {processor.py:175} INFO - Processing /home/airflow/.local/lib/python3.7/site-packages/airflow/example_dags/example_branch_python_dop_operator_3.py took 0.086 seconds
[2023-06-15T18:07:10.967+0000] {processor.py:153} INFO - Started process (PID=778) to work on /home/airflow/.local/lib/python3.7/site-packages/airflow/example_dags/example_branch_python_dop_operator_3.py
[2023-06-15T18:07:10.969+0000] {processor.py:743} INFO - Processing file /home/airflow/.local/lib/python3.7/site-packages/airflow/example_dags/example_branch_python_dop_operator_3.py for tasks to queue
[2023-06-15T18:07:10.970+0000] {logging_mixin.py:137} INFO - [2023-06-15T18:07:10.970+0000] {dagbag.py:538} INFO - Filling up the DagBag from /home/airflow/.local/lib/python3.7/site-packages/airflow/example_dags/example_branch_python_dop_operator_3.py
[2023-06-15T18:07:10.990+0000] {processor.py:753} INFO - DAG(s) dict_keys(['example_branch_dop_operator_v3']) retrieved from /home/airflow/.local/lib/python3.7/site-packages/airflow/example_dags/example_branch_python_dop_operator_3.py
[2023-06-15T18:07:11.016+0000] {logging_mixin.py:137} INFO - [2023-06-15T18:07:11.016+0000] {dag.py:2690} INFO - Sync 1 DAGs
[2023-06-15T18:07:11.038+0000] {logging_mixin.py:137} INFO - [2023-06-15T18:07:11.038+0000] {dag.py:3441} INFO - Setting next_dagrun for example_branch_dop_operator_v3 to 2023-06-15T18:06:00+00:00, run_after=2023-06-15T18:07:00+00:00
[2023-06-15T18:07:11.054+0000] {processor.py:175} INFO - Processing /home/airflow/.local/lib/python3.7/site-packages/airflow/example_dags/example_branch_python_dop_operator_3.py took 0.090 seconds
[2023-06-15T18:07:41.927+0000] {processor.py:153} INFO - Started process (PID=843) to work on /home/airflow/.local/lib/python3.7/site-packages/airflow/example_dags/example_branch_python_dop_operator_3.py
[2023-06-15T18:07:41.929+0000] {processor.py:743} INFO - Processing file /home/airflow/.local/lib/python3.7/site-packages/airflow/example_dags/example_branch_python_dop_operator_3.py for tasks to queue
[2023-06-15T18:07:41.930+0000] {logging_mixin.py:137} INFO - [2023-06-15T18:07:41.930+0000] {dagbag.py:538} INFO - Filling up the DagBag from /home/airflow/.local/lib/python3.7/site-packages/airflow/example_dags/example_branch_python_dop_operator_3.py
[2023-06-15T18:07:41.952+0000] {processor.py:753} INFO - DAG(s) dict_keys(['example_branch_dop_operator_v3']) retrieved from /home/airflow/.local/lib/python3.7/site-packages/airflow/example_dags/example_branch_python_dop_operator_3.py
[2023-06-15T18:07:41.977+0000] {logging_mixin.py:137} INFO - [2023-06-15T18:07:41.977+0000] {dag.py:2690} INFO - Sync 1 DAGs
[2023-06-15T18:07:42.001+0000] {logging_mixin.py:137} INFO - [2023-06-15T18:07:42.001+0000] {dag.py:3441} INFO - Setting next_dagrun for example_branch_dop_operator_v3 to 2023-06-15T18:06:00+00:00, run_after=2023-06-15T18:07:00+00:00
[2023-06-15T18:07:42.015+0000] {processor.py:175} INFO - Processing /home/airflow/.local/lib/python3.7/site-packages/airflow/example_dags/example_branch_python_dop_operator_3.py took 0.092 seconds
[2023-06-15T18:08:12.212+0000] {processor.py:153} INFO - Started process (PID=919) to work on /home/airflow/.local/lib/python3.7/site-packages/airflow/example_dags/example_branch_python_dop_operator_3.py
[2023-06-15T18:08:12.214+0000] {processor.py:743} INFO - Processing file /home/airflow/.local/lib/python3.7/site-packages/airflow/example_dags/example_branch_python_dop_operator_3.py for tasks to queue
[2023-06-15T18:08:12.215+0000] {logging_mixin.py:137} INFO - [2023-06-15T18:08:12.215+0000] {dagbag.py:538} INFO - Filling up the DagBag from /home/airflow/.local/lib/python3.7/site-packages/airflow/example_dags/example_branch_python_dop_operator_3.py
[2023-06-15T18:08:12.235+0000] {processor.py:753} INFO - DAG(s) dict_keys(['example_branch_dop_operator_v3']) retrieved from /home/airflow/.local/lib/python3.7/site-packages/airflow/example_dags/example_branch_python_dop_operator_3.py
[2023-06-15T18:08:12.260+0000] {logging_mixin.py:137} INFO - [2023-06-15T18:08:12.260+0000] {dag.py:2690} INFO - Sync 1 DAGs
[2023-06-15T18:08:12.281+0000] {logging_mixin.py:137} INFO - [2023-06-15T18:08:12.281+0000] {dag.py:3441} INFO - Setting next_dagrun for example_branch_dop_operator_v3 to 2023-06-15T18:07:00+00:00, run_after=2023-06-15T18:08:00+00:00
[2023-06-15T18:08:12.296+0000] {processor.py:175} INFO - Processing /home/airflow/.local/lib/python3.7/site-packages/airflow/example_dags/example_branch_python_dop_operator_3.py took 0.087 seconds
[2023-06-15T18:08:43.033+0000] {processor.py:153} INFO - Started process (PID=995) to work on /home/airflow/.local/lib/python3.7/site-packages/airflow/example_dags/example_branch_python_dop_operator_3.py
[2023-06-15T18:08:43.035+0000] {processor.py:743} INFO - Processing file /home/airflow/.local/lib/python3.7/site-packages/airflow/example_dags/example_branch_python_dop_operator_3.py for tasks to queue
[2023-06-15T18:08:43.041+0000] {logging_mixin.py:137} INFO - [2023-06-15T18:08:43.040+0000] {dagbag.py:538} INFO - Filling up the DagBag from /home/airflow/.local/lib/python3.7/site-packages/airflow/example_dags/example_branch_python_dop_operator_3.py
[2023-06-15T18:08:43.069+0000] {processor.py:753} INFO - DAG(s) dict_keys(['example_branch_dop_operator_v3']) retrieved from /home/airflow/.local/lib/python3.7/site-packages/airflow/example_dags/example_branch_python_dop_operator_3.py
[2023-06-15T18:08:43.095+0000] {logging_mixin.py:137} INFO - [2023-06-15T18:08:43.095+0000] {dag.py:2690} INFO - Sync 1 DAGs
[2023-06-15T18:08:43.127+0000] {logging_mixin.py:137} INFO - [2023-06-15T18:08:43.126+0000] {dag.py:3441} INFO - Setting next_dagrun for example_branch_dop_operator_v3 to 2023-06-15T18:07:00+00:00, run_after=2023-06-15T18:08:00+00:00
[2023-06-15T18:08:43.146+0000] {processor.py:175} INFO - Processing /home/airflow/.local/lib/python3.7/site-packages/airflow/example_dags/example_branch_python_dop_operator_3.py took 0.118 seconds
[2023-06-15T18:09:13.591+0000] {processor.py:153} INFO - Started process (PID=1059) to work on /home/airflow/.local/lib/python3.7/site-packages/airflow/example_dags/example_branch_python_dop_operator_3.py
[2023-06-15T18:09:13.593+0000] {processor.py:743} INFO - Processing file /home/airflow/.local/lib/python3.7/site-packages/airflow/example_dags/example_branch_python_dop_operator_3.py for tasks to queue
[2023-06-15T18:09:13.593+0000] {logging_mixin.py:137} INFO - [2023-06-15T18:09:13.593+0000] {dagbag.py:538} INFO - Filling up the DagBag from /home/airflow/.local/lib/python3.7/site-packages/airflow/example_dags/example_branch_python_dop_operator_3.py
[2023-06-15T18:09:13.612+0000] {processor.py:753} INFO - DAG(s) dict_keys(['example_branch_dop_operator_v3']) retrieved from /home/airflow/.local/lib/python3.7/site-packages/airflow/example_dags/example_branch_python_dop_operator_3.py
[2023-06-15T18:09:13.636+0000] {logging_mixin.py:137} INFO - [2023-06-15T18:09:13.636+0000] {dag.py:2690} INFO - Sync 1 DAGs
[2023-06-15T18:09:13.657+0000] {logging_mixin.py:137} INFO - [2023-06-15T18:09:13.657+0000] {dag.py:3441} INFO - Setting next_dagrun for example_branch_dop_operator_v3 to 2023-06-15T18:08:00+00:00, run_after=2023-06-15T18:09:00+00:00
[2023-06-15T18:09:13.671+0000] {processor.py:175} INFO - Processing /home/airflow/.local/lib/python3.7/site-packages/airflow/example_dags/example_branch_python_dop_operator_3.py took 0.084 seconds
[2023-06-15T18:09:44.237+0000] {processor.py:153} INFO - Started process (PID=1135) to work on /home/airflow/.local/lib/python3.7/site-packages/airflow/example_dags/example_branch_python_dop_operator_3.py
[2023-06-15T18:09:44.238+0000] {processor.py:743} INFO - Processing file /home/airflow/.local/lib/python3.7/site-packages/airflow/example_dags/example_branch_python_dop_operator_3.py for tasks to queue
[2023-06-15T18:09:44.239+0000] {logging_mixin.py:137} INFO - [2023-06-15T18:09:44.239+0000] {dagbag.py:538} INFO - Filling up the DagBag from /home/airflow/.local/lib/python3.7/site-packages/airflow/example_dags/example_branch_python_dop_operator_3.py
[2023-06-15T18:09:44.258+0000] {processor.py:753} INFO - DAG(s) dict_keys(['example_branch_dop_operator_v3']) retrieved from /home/airflow/.local/lib/python3.7/site-packages/airflow/example_dags/example_branch_python_dop_operator_3.py
[2023-06-15T18:09:44.284+0000] {logging_mixin.py:137} INFO - [2023-06-15T18:09:44.284+0000] {dag.py:2690} INFO - Sync 1 DAGs
[2023-06-15T18:09:44.307+0000] {logging_mixin.py:137} INFO - [2023-06-15T18:09:44.307+0000] {dag.py:3441} INFO - Setting next_dagrun for example_branch_dop_operator_v3 to 2023-06-15T18:08:00+00:00, run_after=2023-06-15T18:09:00+00:00
[2023-06-15T18:09:44.322+0000] {processor.py:175} INFO - Processing /home/airflow/.local/lib/python3.7/site-packages/airflow/example_dags/example_branch_python_dop_operator_3.py took 0.089 seconds
[2023-06-15T18:10:14.879+0000] {processor.py:153} INFO - Started process (PID=1206) to work on /home/airflow/.local/lib/python3.7/site-packages/airflow/example_dags/example_branch_python_dop_operator_3.py
[2023-06-15T18:10:14.881+0000] {processor.py:743} INFO - Processing file /home/airflow/.local/lib/python3.7/site-packages/airflow/example_dags/example_branch_python_dop_operator_3.py for tasks to queue
[2023-06-15T18:10:14.881+0000] {logging_mixin.py:137} INFO - [2023-06-15T18:10:14.881+0000] {dagbag.py:538} INFO - Filling up the DagBag from /home/airflow/.local/lib/python3.7/site-packages/airflow/example_dags/example_branch_python_dop_operator_3.py
[2023-06-15T18:10:14.900+0000] {processor.py:753} INFO - DAG(s) dict_keys(['example_branch_dop_operator_v3']) retrieved from /home/airflow/.local/lib/python3.7/site-packages/airflow/example_dags/example_branch_python_dop_operator_3.py
[2023-06-15T18:10:14.924+0000] {logging_mixin.py:137} INFO - [2023-06-15T18:10:14.924+0000] {dag.py:2690} INFO - Sync 1 DAGs
[2023-06-15T18:10:14.947+0000] {logging_mixin.py:137} INFO - [2023-06-15T18:10:14.946+0000] {dag.py:3441} INFO - Setting next_dagrun for example_branch_dop_operator_v3 to 2023-06-15T18:09:00+00:00, run_after=2023-06-15T18:10:00+00:00
[2023-06-15T18:10:14.962+0000] {processor.py:175} INFO - Processing /home/airflow/.local/lib/python3.7/site-packages/airflow/example_dags/example_branch_python_dop_operator_3.py took 0.087 seconds
[2023-06-15T18:10:45.871+0000] {processor.py:153} INFO - Started process (PID=1275) to work on /home/airflow/.local/lib/python3.7/site-packages/airflow/example_dags/example_branch_python_dop_operator_3.py
[2023-06-15T18:10:45.872+0000] {processor.py:743} INFO - Processing file /home/airflow/.local/lib/python3.7/site-packages/airflow/example_dags/example_branch_python_dop_operator_3.py for tasks to queue
[2023-06-15T18:10:45.873+0000] {logging_mixin.py:137} INFO - [2023-06-15T18:10:45.872+0000] {dagbag.py:538} INFO - Filling up the DagBag from /home/airflow/.local/lib/python3.7/site-packages/airflow/example_dags/example_branch_python_dop_operator_3.py
[2023-06-15T18:10:45.892+0000] {processor.py:753} INFO - DAG(s) dict_keys(['example_branch_dop_operator_v3']) retrieved from /home/airflow/.local/lib/python3.7/site-packages/airflow/example_dags/example_branch_python_dop_operator_3.py
[2023-06-15T18:10:45.915+0000] {logging_mixin.py:137} INFO - [2023-06-15T18:10:45.915+0000] {dag.py:2690} INFO - Sync 1 DAGs
[2023-06-15T18:10:45.937+0000] {logging_mixin.py:137} INFO - [2023-06-15T18:10:45.936+0000] {dag.py:3441} INFO - Setting next_dagrun for example_branch_dop_operator_v3 to 2023-06-15T18:09:00+00:00, run_after=2023-06-15T18:10:00+00:00
[2023-06-15T18:10:45.951+0000] {processor.py:175} INFO - Processing /home/airflow/.local/lib/python3.7/site-packages/airflow/example_dags/example_branch_python_dop_operator_3.py took 0.083 seconds
[2023-06-15T18:11:16.474+0000] {processor.py:153} INFO - Started process (PID=1351) to work on /home/airflow/.local/lib/python3.7/site-packages/airflow/example_dags/example_branch_python_dop_operator_3.py
[2023-06-15T18:11:16.475+0000] {processor.py:743} INFO - Processing file /home/airflow/.local/lib/python3.7/site-packages/airflow/example_dags/example_branch_python_dop_operator_3.py for tasks to queue
[2023-06-15T18:11:16.476+0000] {logging_mixin.py:137} INFO - [2023-06-15T18:11:16.476+0000] {dagbag.py:538} INFO - Filling up the DagBag from /home/airflow/.local/lib/python3.7/site-packages/airflow/example_dags/example_branch_python_dop_operator_3.py
[2023-06-15T18:11:16.496+0000] {processor.py:753} INFO - DAG(s) dict_keys(['example_branch_dop_operator_v3']) retrieved from /home/airflow/.local/lib/python3.7/site-packages/airflow/example_dags/example_branch_python_dop_operator_3.py
[2023-06-15T18:11:16.521+0000] {logging_mixin.py:137} INFO - [2023-06-15T18:11:16.520+0000] {dag.py:2690} INFO - Sync 1 DAGs
[2023-06-15T18:11:16.542+0000] {logging_mixin.py:137} INFO - [2023-06-15T18:11:16.542+0000] {dag.py:3441} INFO - Setting next_dagrun for example_branch_dop_operator_v3 to 2023-06-15T18:10:00+00:00, run_after=2023-06-15T18:11:00+00:00
[2023-06-15T18:11:16.557+0000] {processor.py:175} INFO - Processing /home/airflow/.local/lib/python3.7/site-packages/airflow/example_dags/example_branch_python_dop_operator_3.py took 0.086 seconds
[2023-06-15T18:11:46.933+0000] {processor.py:153} INFO - Started process (PID=1416) to work on /home/airflow/.local/lib/python3.7/site-packages/airflow/example_dags/example_branch_python_dop_operator_3.py
[2023-06-15T18:11:46.935+0000] {processor.py:743} INFO - Processing file /home/airflow/.local/lib/python3.7/site-packages/airflow/example_dags/example_branch_python_dop_operator_3.py for tasks to queue
[2023-06-15T18:11:46.935+0000] {logging_mixin.py:137} INFO - [2023-06-15T18:11:46.935+0000] {dagbag.py:538} INFO - Filling up the DagBag from /home/airflow/.local/lib/python3.7/site-packages/airflow/example_dags/example_branch_python_dop_operator_3.py
[2023-06-15T18:11:46.954+0000] {processor.py:753} INFO - DAG(s) dict_keys(['example_branch_dop_operator_v3']) retrieved from /home/airflow/.local/lib/python3.7/site-packages/airflow/example_dags/example_branch_python_dop_operator_3.py
[2023-06-15T18:11:46.979+0000] {logging_mixin.py:137} INFO - [2023-06-15T18:11:46.978+0000] {dag.py:2690} INFO - Sync 1 DAGs
[2023-06-15T18:11:46.999+0000] {logging_mixin.py:137} INFO - [2023-06-15T18:11:46.999+0000] {dag.py:3441} INFO - Setting next_dagrun for example_branch_dop_operator_v3 to 2023-06-15T18:10:00+00:00, run_after=2023-06-15T18:11:00+00:00
[2023-06-15T18:11:47.014+0000] {processor.py:175} INFO - Processing /home/airflow/.local/lib/python3.7/site-packages/airflow/example_dags/example_branch_python_dop_operator_3.py took 0.084 seconds
[2023-06-15T18:12:17.564+0000] {processor.py:153} INFO - Started process (PID=1493) to work on /home/airflow/.local/lib/python3.7/site-packages/airflow/example_dags/example_branch_python_dop_operator_3.py
[2023-06-15T18:12:17.565+0000] {processor.py:743} INFO - Processing file /home/airflow/.local/lib/python3.7/site-packages/airflow/example_dags/example_branch_python_dop_operator_3.py for tasks to queue
[2023-06-15T18:12:17.566+0000] {logging_mixin.py:137} INFO - [2023-06-15T18:12:17.566+0000] {dagbag.py:538} INFO - Filling up the DagBag from /home/airflow/.local/lib/python3.7/site-packages/airflow/example_dags/example_branch_python_dop_operator_3.py
[2023-06-15T18:12:17.585+0000] {processor.py:753} INFO - DAG(s) dict_keys(['example_branch_dop_operator_v3']) retrieved from /home/airflow/.local/lib/python3.7/site-packages/airflow/example_dags/example_branch_python_dop_operator_3.py
[2023-06-15T18:12:17.608+0000] {logging_mixin.py:137} INFO - [2023-06-15T18:12:17.608+0000] {dag.py:2690} INFO - Sync 1 DAGs
[2023-06-15T18:12:17.629+0000] {logging_mixin.py:137} INFO - [2023-06-15T18:12:17.629+0000] {dag.py:3441} INFO - Setting next_dagrun for example_branch_dop_operator_v3 to 2023-06-15T18:11:00+00:00, run_after=2023-06-15T18:12:00+00:00
[2023-06-15T18:12:17.643+0000] {processor.py:175} INFO - Processing /home/airflow/.local/lib/python3.7/site-packages/airflow/example_dags/example_branch_python_dop_operator_3.py took 0.083 seconds
[2023-06-15T18:12:48.253+0000] {processor.py:153} INFO - Started process (PID=1571) to work on /home/airflow/.local/lib/python3.7/site-packages/airflow/example_dags/example_branch_python_dop_operator_3.py
[2023-06-15T18:12:48.254+0000] {processor.py:743} INFO - Processing file /home/airflow/.local/lib/python3.7/site-packages/airflow/example_dags/example_branch_python_dop_operator_3.py for tasks to queue
[2023-06-15T18:12:48.255+0000] {logging_mixin.py:137} INFO - [2023-06-15T18:12:48.255+0000] {dagbag.py:538} INFO - Filling up the DagBag from /home/airflow/.local/lib/python3.7/site-packages/airflow/example_dags/example_branch_python_dop_operator_3.py
[2023-06-15T18:12:48.275+0000] {processor.py:753} INFO - DAG(s) dict_keys(['example_branch_dop_operator_v3']) retrieved from /home/airflow/.local/lib/python3.7/site-packages/airflow/example_dags/example_branch_python_dop_operator_3.py
[2023-06-15T18:12:48.299+0000] {logging_mixin.py:137} INFO - [2023-06-15T18:12:48.299+0000] {dag.py:2690} INFO - Sync 1 DAGs
[2023-06-15T18:12:48.320+0000] {logging_mixin.py:137} INFO - [2023-06-15T18:12:48.320+0000] {dag.py:3441} INFO - Setting next_dagrun for example_branch_dop_operator_v3 to 2023-06-15T18:11:00+00:00, run_after=2023-06-15T18:12:00+00:00
[2023-06-15T18:12:48.334+0000] {processor.py:175} INFO - Processing /home/airflow/.local/lib/python3.7/site-packages/airflow/example_dags/example_branch_python_dop_operator_3.py took 0.084 seconds
[2023-06-15T18:13:18.941+0000] {processor.py:153} INFO - Started process (PID=1637) to work on /home/airflow/.local/lib/python3.7/site-packages/airflow/example_dags/example_branch_python_dop_operator_3.py
[2023-06-15T18:13:18.943+0000] {processor.py:743} INFO - Processing file /home/airflow/.local/lib/python3.7/site-packages/airflow/example_dags/example_branch_python_dop_operator_3.py for tasks to queue
[2023-06-15T18:13:18.944+0000] {logging_mixin.py:137} INFO - [2023-06-15T18:13:18.944+0000] {dagbag.py:538} INFO - Filling up the DagBag from /home/airflow/.local/lib/python3.7/site-packages/airflow/example_dags/example_branch_python_dop_operator_3.py
[2023-06-15T18:13:18.964+0000] {processor.py:753} INFO - DAG(s) dict_keys(['example_branch_dop_operator_v3']) retrieved from /home/airflow/.local/lib/python3.7/site-packages/airflow/example_dags/example_branch_python_dop_operator_3.py
[2023-06-15T18:13:18.989+0000] {logging_mixin.py:137} INFO - [2023-06-15T18:13:18.989+0000] {dag.py:2690} INFO - Sync 1 DAGs
[2023-06-15T18:13:19.012+0000] {logging_mixin.py:137} INFO - [2023-06-15T18:13:19.012+0000] {dag.py:3441} INFO - Setting next_dagrun for example_branch_dop_operator_v3 to 2023-06-15T18:12:00+00:00, run_after=2023-06-15T18:13:00+00:00
[2023-06-15T18:13:19.028+0000] {processor.py:175} INFO - Processing /home/airflow/.local/lib/python3.7/site-packages/airflow/example_dags/example_branch_python_dop_operator_3.py took 0.090 seconds
[2023-06-15T18:13:49.892+0000] {processor.py:153} INFO - Started process (PID=1715) to work on /home/airflow/.local/lib/python3.7/site-packages/airflow/example_dags/example_branch_python_dop_operator_3.py
[2023-06-15T18:13:49.894+0000] {processor.py:743} INFO - Processing file /home/airflow/.local/lib/python3.7/site-packages/airflow/example_dags/example_branch_python_dop_operator_3.py for tasks to queue
[2023-06-15T18:13:49.895+0000] {logging_mixin.py:137} INFO - [2023-06-15T18:13:49.895+0000] {dagbag.py:538} INFO - Filling up the DagBag from /home/airflow/.local/lib/python3.7/site-packages/airflow/example_dags/example_branch_python_dop_operator_3.py
[2023-06-15T18:13:49.915+0000] {processor.py:753} INFO - DAG(s) dict_keys(['example_branch_dop_operator_v3']) retrieved from /home/airflow/.local/lib/python3.7/site-packages/airflow/example_dags/example_branch_python_dop_operator_3.py
[2023-06-15T18:13:49.943+0000] {logging_mixin.py:137} INFO - [2023-06-15T18:13:49.943+0000] {dag.py:2690} INFO - Sync 1 DAGs
[2023-06-15T18:13:49.969+0000] {logging_mixin.py:137} INFO - [2023-06-15T18:13:49.969+0000] {dag.py:3441} INFO - Setting next_dagrun for example_branch_dop_operator_v3 to 2023-06-15T18:12:00+00:00, run_after=2023-06-15T18:13:00+00:00
[2023-06-15T18:13:49.987+0000] {processor.py:175} INFO - Processing /home/airflow/.local/lib/python3.7/site-packages/airflow/example_dags/example_branch_python_dop_operator_3.py took 0.097 seconds
[2023-06-15T18:14:20.165+0000] {processor.py:153} INFO - Started process (PID=1792) to work on /home/airflow/.local/lib/python3.7/site-packages/airflow/example_dags/example_branch_python_dop_operator_3.py
[2023-06-15T18:14:20.166+0000] {processor.py:743} INFO - Processing file /home/airflow/.local/lib/python3.7/site-packages/airflow/example_dags/example_branch_python_dop_operator_3.py for tasks to queue
[2023-06-15T18:14:20.167+0000] {logging_mixin.py:137} INFO - [2023-06-15T18:14:20.167+0000] {dagbag.py:538} INFO - Filling up the DagBag from /home/airflow/.local/lib/python3.7/site-packages/airflow/example_dags/example_branch_python_dop_operator_3.py
[2023-06-15T18:14:20.188+0000] {processor.py:753} INFO - DAG(s) dict_keys(['example_branch_dop_operator_v3']) retrieved from /home/airflow/.local/lib/python3.7/site-packages/airflow/example_dags/example_branch_python_dop_operator_3.py
[2023-06-15T18:14:20.212+0000] {logging_mixin.py:137} INFO - [2023-06-15T18:14:20.212+0000] {dag.py:2690} INFO - Sync 1 DAGs
[2023-06-15T18:14:20.235+0000] {logging_mixin.py:137} INFO - [2023-06-15T18:14:20.235+0000] {dag.py:3441} INFO - Setting next_dagrun for example_branch_dop_operator_v3 to 2023-06-15T18:13:00+00:00, run_after=2023-06-15T18:14:00+00:00
[2023-06-15T18:14:20.249+0000] {processor.py:175} INFO - Processing /home/airflow/.local/lib/python3.7/site-packages/airflow/example_dags/example_branch_python_dop_operator_3.py took 0.087 seconds
[2023-06-15T18:14:51.029+0000] {processor.py:153} INFO - Started process (PID=1857) to work on /home/airflow/.local/lib/python3.7/site-packages/airflow/example_dags/example_branch_python_dop_operator_3.py
[2023-06-15T18:14:51.031+0000] {processor.py:743} INFO - Processing file /home/airflow/.local/lib/python3.7/site-packages/airflow/example_dags/example_branch_python_dop_operator_3.py for tasks to queue
[2023-06-15T18:14:51.033+0000] {logging_mixin.py:137} INFO - [2023-06-15T18:14:51.032+0000] {dagbag.py:538} INFO - Filling up the DagBag from /home/airflow/.local/lib/python3.7/site-packages/airflow/example_dags/example_branch_python_dop_operator_3.py
[2023-06-15T18:14:51.057+0000] {processor.py:753} INFO - DAG(s) dict_keys(['example_branch_dop_operator_v3']) retrieved from /home/airflow/.local/lib/python3.7/site-packages/airflow/example_dags/example_branch_python_dop_operator_3.py
[2023-06-15T18:14:51.086+0000] {logging_mixin.py:137} INFO - [2023-06-15T18:14:51.086+0000] {dag.py:2690} INFO - Sync 1 DAGs
[2023-06-15T18:14:51.120+0000] {logging_mixin.py:137} INFO - [2023-06-15T18:14:51.120+0000] {dag.py:3441} INFO - Setting next_dagrun for example_branch_dop_operator_v3 to 2023-06-15T18:13:00+00:00, run_after=2023-06-15T18:14:00+00:00
[2023-06-15T18:14:51.141+0000] {processor.py:175} INFO - Processing /home/airflow/.local/lib/python3.7/site-packages/airflow/example_dags/example_branch_python_dop_operator_3.py took 0.117 seconds
[2023-06-15T18:15:21.560+0000] {processor.py:153} INFO - Started process (PID=1935) to work on /home/airflow/.local/lib/python3.7/site-packages/airflow/example_dags/example_branch_python_dop_operator_3.py
[2023-06-15T18:15:21.561+0000] {processor.py:743} INFO - Processing file /home/airflow/.local/lib/python3.7/site-packages/airflow/example_dags/example_branch_python_dop_operator_3.py for tasks to queue
[2023-06-15T18:15:21.562+0000] {logging_mixin.py:137} INFO - [2023-06-15T18:15:21.562+0000] {dagbag.py:538} INFO - Filling up the DagBag from /home/airflow/.local/lib/python3.7/site-packages/airflow/example_dags/example_branch_python_dop_operator_3.py
[2023-06-15T18:15:21.582+0000] {processor.py:753} INFO - DAG(s) dict_keys(['example_branch_dop_operator_v3']) retrieved from /home/airflow/.local/lib/python3.7/site-packages/airflow/example_dags/example_branch_python_dop_operator_3.py
[2023-06-15T18:15:21.606+0000] {logging_mixin.py:137} INFO - [2023-06-15T18:15:21.606+0000] {dag.py:2690} INFO - Sync 1 DAGs
[2023-06-15T18:15:21.627+0000] {logging_mixin.py:137} INFO - [2023-06-15T18:15:21.627+0000] {dag.py:3441} INFO - Setting next_dagrun for example_branch_dop_operator_v3 to 2023-06-15T18:14:00+00:00, run_after=2023-06-15T18:15:00+00:00
[2023-06-15T18:15:21.642+0000] {processor.py:175} INFO - Processing /home/airflow/.local/lib/python3.7/site-packages/airflow/example_dags/example_branch_python_dop_operator_3.py took 0.087 seconds
[2023-06-15T18:15:51.692+0000] {processor.py:153} INFO - Started process (PID=2001) to work on /home/airflow/.local/lib/python3.7/site-packages/airflow/example_dags/example_branch_python_dop_operator_3.py
[2023-06-15T18:15:51.693+0000] {processor.py:743} INFO - Processing file /home/airflow/.local/lib/python3.7/site-packages/airflow/example_dags/example_branch_python_dop_operator_3.py for tasks to queue
[2023-06-15T18:15:51.694+0000] {logging_mixin.py:137} INFO - [2023-06-15T18:15:51.694+0000] {dagbag.py:538} INFO - Filling up the DagBag from /home/airflow/.local/lib/python3.7/site-packages/airflow/example_dags/example_branch_python_dop_operator_3.py
[2023-06-15T18:15:51.714+0000] {processor.py:753} INFO - DAG(s) dict_keys(['example_branch_dop_operator_v3']) retrieved from /home/airflow/.local/lib/python3.7/site-packages/airflow/example_dags/example_branch_python_dop_operator_3.py
[2023-06-15T18:15:51.738+0000] {logging_mixin.py:137} INFO - [2023-06-15T18:15:51.738+0000] {dag.py:2690} INFO - Sync 1 DAGs
[2023-06-15T18:15:51.760+0000] {logging_mixin.py:137} INFO - [2023-06-15T18:15:51.760+0000] {dag.py:3441} INFO - Setting next_dagrun for example_branch_dop_operator_v3 to 2023-06-15T18:14:00+00:00, run_after=2023-06-15T18:15:00+00:00
[2023-06-15T18:15:51.773+0000] {processor.py:175} INFO - Processing /home/airflow/.local/lib/python3.7/site-packages/airflow/example_dags/example_branch_python_dop_operator_3.py took 0.084 seconds
[2023-06-15T18:16:22.506+0000] {processor.py:153} INFO - Started process (PID=2078) to work on /home/airflow/.local/lib/python3.7/site-packages/airflow/example_dags/example_branch_python_dop_operator_3.py
[2023-06-15T18:16:22.507+0000] {processor.py:743} INFO - Processing file /home/airflow/.local/lib/python3.7/site-packages/airflow/example_dags/example_branch_python_dop_operator_3.py for tasks to queue
[2023-06-15T18:16:22.508+0000] {logging_mixin.py:137} INFO - [2023-06-15T18:16:22.508+0000] {dagbag.py:538} INFO - Filling up the DagBag from /home/airflow/.local/lib/python3.7/site-packages/airflow/example_dags/example_branch_python_dop_operator_3.py
[2023-06-15T18:16:22.527+0000] {processor.py:753} INFO - DAG(s) dict_keys(['example_branch_dop_operator_v3']) retrieved from /home/airflow/.local/lib/python3.7/site-packages/airflow/example_dags/example_branch_python_dop_operator_3.py
[2023-06-15T18:16:22.550+0000] {logging_mixin.py:137} INFO - [2023-06-15T18:16:22.549+0000] {dag.py:2690} INFO - Sync 1 DAGs
[2023-06-15T18:16:22.571+0000] {logging_mixin.py:137} INFO - [2023-06-15T18:16:22.571+0000] {dag.py:3441} INFO - Setting next_dagrun for example_branch_dop_operator_v3 to 2023-06-15T18:15:00+00:00, run_after=2023-06-15T18:16:00+00:00
[2023-06-15T18:16:22.586+0000] {processor.py:175} INFO - Processing /home/airflow/.local/lib/python3.7/site-packages/airflow/example_dags/example_branch_python_dop_operator_3.py took 0.083 seconds
[2023-06-15T18:16:52.977+0000] {processor.py:153} INFO - Started process (PID=2155) to work on /home/airflow/.local/lib/python3.7/site-packages/airflow/example_dags/example_branch_python_dop_operator_3.py
[2023-06-15T18:16:52.980+0000] {processor.py:743} INFO - Processing file /home/airflow/.local/lib/python3.7/site-packages/airflow/example_dags/example_branch_python_dop_operator_3.py for tasks to queue
[2023-06-15T18:16:52.981+0000] {logging_mixin.py:137} INFO - [2023-06-15T18:16:52.981+0000] {dagbag.py:538} INFO - Filling up the DagBag from /home/airflow/.local/lib/python3.7/site-packages/airflow/example_dags/example_branch_python_dop_operator_3.py
[2023-06-15T18:16:53.001+0000] {processor.py:753} INFO - DAG(s) dict_keys(['example_branch_dop_operator_v3']) retrieved from /home/airflow/.local/lib/python3.7/site-packages/airflow/example_dags/example_branch_python_dop_operator_3.py
[2023-06-15T18:16:53.026+0000] {logging_mixin.py:137} INFO - [2023-06-15T18:16:53.025+0000] {dag.py:2690} INFO - Sync 1 DAGs
[2023-06-15T18:16:53.047+0000] {logging_mixin.py:137} INFO - [2023-06-15T18:16:53.047+0000] {dag.py:3441} INFO - Setting next_dagrun for example_branch_dop_operator_v3 to 2023-06-15T18:15:00+00:00, run_after=2023-06-15T18:16:00+00:00
[2023-06-15T18:16:53.061+0000] {processor.py:175} INFO - Processing /home/airflow/.local/lib/python3.7/site-packages/airflow/example_dags/example_branch_python_dop_operator_3.py took 0.087 seconds
[2023-06-15T18:17:23.417+0000] {processor.py:153} INFO - Started process (PID=2220) to work on /home/airflow/.local/lib/python3.7/site-packages/airflow/example_dags/example_branch_python_dop_operator_3.py
[2023-06-15T18:17:23.418+0000] {processor.py:743} INFO - Processing file /home/airflow/.local/lib/python3.7/site-packages/airflow/example_dags/example_branch_python_dop_operator_3.py for tasks to queue
[2023-06-15T18:17:23.419+0000] {logging_mixin.py:137} INFO - [2023-06-15T18:17:23.419+0000] {dagbag.py:538} INFO - Filling up the DagBag from /home/airflow/.local/lib/python3.7/site-packages/airflow/example_dags/example_branch_python_dop_operator_3.py
[2023-06-15T18:17:23.440+0000] {processor.py:753} INFO - DAG(s) dict_keys(['example_branch_dop_operator_v3']) retrieved from /home/airflow/.local/lib/python3.7/site-packages/airflow/example_dags/example_branch_python_dop_operator_3.py
[2023-06-15T18:17:23.464+0000] {logging_mixin.py:137} INFO - [2023-06-15T18:17:23.464+0000] {dag.py:2690} INFO - Sync 1 DAGs
[2023-06-15T18:17:23.484+0000] {logging_mixin.py:137} INFO - [2023-06-15T18:17:23.484+0000] {dag.py:3441} INFO - Setting next_dagrun for example_branch_dop_operator_v3 to 2023-06-15T18:16:00+00:00, run_after=2023-06-15T18:17:00+00:00
[2023-06-15T18:17:23.499+0000] {processor.py:175} INFO - Processing /home/airflow/.local/lib/python3.7/site-packages/airflow/example_dags/example_branch_python_dop_operator_3.py took 0.086 seconds
[2023-06-15T18:44:53.375+0000] {processor.py:153} INFO - Started process (PID=2304) to work on /home/airflow/.local/lib/python3.7/site-packages/airflow/example_dags/example_branch_python_dop_operator_3.py
[2023-06-15T18:44:53.377+0000] {processor.py:743} INFO - Processing file /home/airflow/.local/lib/python3.7/site-packages/airflow/example_dags/example_branch_python_dop_operator_3.py for tasks to queue
[2023-06-15T18:44:53.378+0000] {logging_mixin.py:137} INFO - [2023-06-15T18:44:53.378+0000] {dagbag.py:538} INFO - Filling up the DagBag from /home/airflow/.local/lib/python3.7/site-packages/airflow/example_dags/example_branch_python_dop_operator_3.py
[2023-06-15T18:44:53.399+0000] {processor.py:753} INFO - DAG(s) dict_keys(['example_branch_dop_operator_v3']) retrieved from /home/airflow/.local/lib/python3.7/site-packages/airflow/example_dags/example_branch_python_dop_operator_3.py
[2023-06-15T18:44:53.423+0000] {logging_mixin.py:137} INFO - [2023-06-15T18:44:53.423+0000] {dag.py:2690} INFO - Sync 1 DAGs
[2023-06-15T18:44:53.445+0000] {logging_mixin.py:137} INFO - [2023-06-15T18:44:53.444+0000] {dag.py:3441} INFO - Setting next_dagrun for example_branch_dop_operator_v3 to 2023-06-15T18:43:00+00:00, run_after=2023-06-15T18:44:00+00:00
[2023-06-15T18:44:53.459+0000] {processor.py:175} INFO - Processing /home/airflow/.local/lib/python3.7/site-packages/airflow/example_dags/example_branch_python_dop_operator_3.py took 0.087 seconds
[2023-06-15T18:45:23.900+0000] {processor.py:153} INFO - Started process (PID=2370) to work on /home/airflow/.local/lib/python3.7/site-packages/airflow/example_dags/example_branch_python_dop_operator_3.py
[2023-06-15T18:45:23.902+0000] {processor.py:743} INFO - Processing file /home/airflow/.local/lib/python3.7/site-packages/airflow/example_dags/example_branch_python_dop_operator_3.py for tasks to queue
[2023-06-15T18:45:23.903+0000] {logging_mixin.py:137} INFO - [2023-06-15T18:45:23.902+0000] {dagbag.py:538} INFO - Filling up the DagBag from /home/airflow/.local/lib/python3.7/site-packages/airflow/example_dags/example_branch_python_dop_operator_3.py
[2023-06-15T18:45:23.923+0000] {processor.py:753} INFO - DAG(s) dict_keys(['example_branch_dop_operator_v3']) retrieved from /home/airflow/.local/lib/python3.7/site-packages/airflow/example_dags/example_branch_python_dop_operator_3.py
[2023-06-15T18:45:23.948+0000] {logging_mixin.py:137} INFO - [2023-06-15T18:45:23.948+0000] {dag.py:2690} INFO - Sync 1 DAGs
[2023-06-15T18:45:23.970+0000] {logging_mixin.py:137} INFO - [2023-06-15T18:45:23.969+0000] {dag.py:3441} INFO - Setting next_dagrun for example_branch_dop_operator_v3 to 2023-06-15T18:44:00+00:00, run_after=2023-06-15T18:45:00+00:00
[2023-06-15T18:45:23.984+0000] {processor.py:175} INFO - Processing /home/airflow/.local/lib/python3.7/site-packages/airflow/example_dags/example_branch_python_dop_operator_3.py took 0.087 seconds
[2023-06-15T18:45:54.666+0000] {processor.py:153} INFO - Started process (PID=2447) to work on /home/airflow/.local/lib/python3.7/site-packages/airflow/example_dags/example_branch_python_dop_operator_3.py
[2023-06-15T18:45:54.668+0000] {processor.py:743} INFO - Processing file /home/airflow/.local/lib/python3.7/site-packages/airflow/example_dags/example_branch_python_dop_operator_3.py for tasks to queue
[2023-06-15T18:45:54.669+0000] {logging_mixin.py:137} INFO - [2023-06-15T18:45:54.669+0000] {dagbag.py:538} INFO - Filling up the DagBag from /home/airflow/.local/lib/python3.7/site-packages/airflow/example_dags/example_branch_python_dop_operator_3.py
[2023-06-15T18:45:54.689+0000] {processor.py:753} INFO - DAG(s) dict_keys(['example_branch_dop_operator_v3']) retrieved from /home/airflow/.local/lib/python3.7/site-packages/airflow/example_dags/example_branch_python_dop_operator_3.py
[2023-06-15T18:45:54.713+0000] {logging_mixin.py:137} INFO - [2023-06-15T18:45:54.713+0000] {dag.py:2690} INFO - Sync 1 DAGs
[2023-06-15T18:45:54.735+0000] {logging_mixin.py:137} INFO - [2023-06-15T18:45:54.735+0000] {dag.py:3441} INFO - Setting next_dagrun for example_branch_dop_operator_v3 to 2023-06-15T18:44:00+00:00, run_after=2023-06-15T18:45:00+00:00
[2023-06-15T18:45:54.749+0000] {processor.py:175} INFO - Processing /home/airflow/.local/lib/python3.7/site-packages/airflow/example_dags/example_branch_python_dop_operator_3.py took 0.086 seconds
[2023-06-15T18:46:25.812+0000] {processor.py:153} INFO - Started process (PID=2524) to work on /home/airflow/.local/lib/python3.7/site-packages/airflow/example_dags/example_branch_python_dop_operator_3.py
[2023-06-15T18:46:25.813+0000] {processor.py:743} INFO - Processing file /home/airflow/.local/lib/python3.7/site-packages/airflow/example_dags/example_branch_python_dop_operator_3.py for tasks to queue
[2023-06-15T18:46:25.814+0000] {logging_mixin.py:137} INFO - [2023-06-15T18:46:25.814+0000] {dagbag.py:538} INFO - Filling up the DagBag from /home/airflow/.local/lib/python3.7/site-packages/airflow/example_dags/example_branch_python_dop_operator_3.py
[2023-06-15T18:46:25.833+0000] {processor.py:753} INFO - DAG(s) dict_keys(['example_branch_dop_operator_v3']) retrieved from /home/airflow/.local/lib/python3.7/site-packages/airflow/example_dags/example_branch_python_dop_operator_3.py
[2023-06-15T18:46:25.856+0000] {logging_mixin.py:137} INFO - [2023-06-15T18:46:25.856+0000] {dag.py:2690} INFO - Sync 1 DAGs
[2023-06-15T18:46:25.879+0000] {logging_mixin.py:137} INFO - [2023-06-15T18:46:25.878+0000] {dag.py:3441} INFO - Setting next_dagrun for example_branch_dop_operator_v3 to 2023-06-15T18:45:00+00:00, run_after=2023-06-15T18:46:00+00:00
[2023-06-15T18:46:25.891+0000] {processor.py:175} INFO - Processing /home/airflow/.local/lib/python3.7/site-packages/airflow/example_dags/example_branch_python_dop_operator_3.py took 0.083 seconds
[2023-06-15T18:46:56.760+0000] {processor.py:153} INFO - Started process (PID=2589) to work on /home/airflow/.local/lib/python3.7/site-packages/airflow/example_dags/example_branch_python_dop_operator_3.py
[2023-06-15T18:46:56.762+0000] {processor.py:743} INFO - Processing file /home/airflow/.local/lib/python3.7/site-packages/airflow/example_dags/example_branch_python_dop_operator_3.py for tasks to queue
[2023-06-15T18:46:56.763+0000] {logging_mixin.py:137} INFO - [2023-06-15T18:46:56.763+0000] {dagbag.py:538} INFO - Filling up the DagBag from /home/airflow/.local/lib/python3.7/site-packages/airflow/example_dags/example_branch_python_dop_operator_3.py
[2023-06-15T18:46:56.782+0000] {processor.py:753} INFO - DAG(s) dict_keys(['example_branch_dop_operator_v3']) retrieved from /home/airflow/.local/lib/python3.7/site-packages/airflow/example_dags/example_branch_python_dop_operator_3.py
[2023-06-15T18:46:56.807+0000] {logging_mixin.py:137} INFO - [2023-06-15T18:46:56.807+0000] {dag.py:2690} INFO - Sync 1 DAGs
[2023-06-15T18:46:56.828+0000] {logging_mixin.py:137} INFO - [2023-06-15T18:46:56.828+0000] {dag.py:3441} INFO - Setting next_dagrun for example_branch_dop_operator_v3 to 2023-06-15T18:45:00+00:00, run_after=2023-06-15T18:46:00+00:00
[2023-06-15T18:46:56.841+0000] {processor.py:175} INFO - Processing /home/airflow/.local/lib/python3.7/site-packages/airflow/example_dags/example_branch_python_dop_operator_3.py took 0.084 seconds
[2023-06-15T18:47:27.035+0000] {processor.py:153} INFO - Started process (PID=2666) to work on /home/airflow/.local/lib/python3.7/site-packages/airflow/example_dags/example_branch_python_dop_operator_3.py
[2023-06-15T18:47:27.036+0000] {processor.py:743} INFO - Processing file /home/airflow/.local/lib/python3.7/site-packages/airflow/example_dags/example_branch_python_dop_operator_3.py for tasks to queue
[2023-06-15T18:47:27.037+0000] {logging_mixin.py:137} INFO - [2023-06-15T18:47:27.037+0000] {dagbag.py:538} INFO - Filling up the DagBag from /home/airflow/.local/lib/python3.7/site-packages/airflow/example_dags/example_branch_python_dop_operator_3.py
[2023-06-15T18:47:27.057+0000] {processor.py:753} INFO - DAG(s) dict_keys(['example_branch_dop_operator_v3']) retrieved from /home/airflow/.local/lib/python3.7/site-packages/airflow/example_dags/example_branch_python_dop_operator_3.py
[2023-06-15T18:47:27.081+0000] {logging_mixin.py:137} INFO - [2023-06-15T18:47:27.081+0000] {dag.py:2690} INFO - Sync 1 DAGs
[2023-06-15T18:47:27.103+0000] {logging_mixin.py:137} INFO - [2023-06-15T18:47:27.102+0000] {dag.py:3441} INFO - Setting next_dagrun for example_branch_dop_operator_v3 to 2023-06-15T18:46:00+00:00, run_after=2023-06-15T18:47:00+00:00
[2023-06-15T18:47:27.117+0000] {processor.py:175} INFO - Processing /home/airflow/.local/lib/python3.7/site-packages/airflow/example_dags/example_branch_python_dop_operator_3.py took 0.086 seconds
[2023-06-15T18:47:57.674+0000] {processor.py:153} INFO - Started process (PID=2743) to work on /home/airflow/.local/lib/python3.7/site-packages/airflow/example_dags/example_branch_python_dop_operator_3.py
[2023-06-15T18:47:57.676+0000] {processor.py:743} INFO - Processing file /home/airflow/.local/lib/python3.7/site-packages/airflow/example_dags/example_branch_python_dop_operator_3.py for tasks to queue
[2023-06-15T18:47:57.677+0000] {logging_mixin.py:137} INFO - [2023-06-15T18:47:57.677+0000] {dagbag.py:538} INFO - Filling up the DagBag from /home/airflow/.local/lib/python3.7/site-packages/airflow/example_dags/example_branch_python_dop_operator_3.py
[2023-06-15T18:47:57.696+0000] {processor.py:753} INFO - DAG(s) dict_keys(['example_branch_dop_operator_v3']) retrieved from /home/airflow/.local/lib/python3.7/site-packages/airflow/example_dags/example_branch_python_dop_operator_3.py
[2023-06-15T18:47:57.722+0000] {logging_mixin.py:137} INFO - [2023-06-15T18:47:57.722+0000] {dag.py:2690} INFO - Sync 1 DAGs
[2023-06-15T18:47:57.743+0000] {logging_mixin.py:137} INFO - [2023-06-15T18:47:57.743+0000] {dag.py:3441} INFO - Setting next_dagrun for example_branch_dop_operator_v3 to 2023-06-15T18:46:00+00:00, run_after=2023-06-15T18:47:00+00:00
[2023-06-15T18:47:57.758+0000] {processor.py:175} INFO - Processing /home/airflow/.local/lib/python3.7/site-packages/airflow/example_dags/example_branch_python_dop_operator_3.py took 0.086 seconds
[2023-06-15T18:48:30.925+0000] {processor.py:153} INFO - Started process (PID=2808) to work on /home/airflow/.local/lib/python3.7/site-packages/airflow/example_dags/example_branch_python_dop_operator_3.py
[2023-06-15T18:48:30.927+0000] {processor.py:743} INFO - Processing file /home/airflow/.local/lib/python3.7/site-packages/airflow/example_dags/example_branch_python_dop_operator_3.py for tasks to queue
[2023-06-15T18:48:30.928+0000] {logging_mixin.py:137} INFO - [2023-06-15T18:48:30.928+0000] {dagbag.py:538} INFO - Filling up the DagBag from /home/airflow/.local/lib/python3.7/site-packages/airflow/example_dags/example_branch_python_dop_operator_3.py
[2023-06-15T18:48:30.947+0000] {processor.py:753} INFO - DAG(s) dict_keys(['example_branch_dop_operator_v3']) retrieved from /home/airflow/.local/lib/python3.7/site-packages/airflow/example_dags/example_branch_python_dop_operator_3.py
[2023-06-15T18:48:30.974+0000] {logging_mixin.py:137} INFO - [2023-06-15T18:48:30.974+0000] {dag.py:2690} INFO - Sync 1 DAGs
[2023-06-15T18:48:30.999+0000] {logging_mixin.py:137} INFO - [2023-06-15T18:48:30.999+0000] {dag.py:3441} INFO - Setting next_dagrun for example_branch_dop_operator_v3 to 2023-06-15T18:47:00+00:00, run_after=2023-06-15T18:48:00+00:00
[2023-06-15T18:48:31.013+0000] {processor.py:175} INFO - Processing /home/airflow/.local/lib/python3.7/site-packages/airflow/example_dags/example_branch_python_dop_operator_3.py took 0.091 seconds
[2023-06-15T18:49:01.901+0000] {processor.py:153} INFO - Started process (PID=2873) to work on /home/airflow/.local/lib/python3.7/site-packages/airflow/example_dags/example_branch_python_dop_operator_3.py
[2023-06-15T18:49:01.903+0000] {processor.py:743} INFO - Processing file /home/airflow/.local/lib/python3.7/site-packages/airflow/example_dags/example_branch_python_dop_operator_3.py for tasks to queue
[2023-06-15T18:49:01.904+0000] {logging_mixin.py:137} INFO - [2023-06-15T18:49:01.904+0000] {dagbag.py:538} INFO - Filling up the DagBag from /home/airflow/.local/lib/python3.7/site-packages/airflow/example_dags/example_branch_python_dop_operator_3.py
[2023-06-15T18:49:01.936+0000] {processor.py:753} INFO - DAG(s) dict_keys(['example_branch_dop_operator_v3']) retrieved from /home/airflow/.local/lib/python3.7/site-packages/airflow/example_dags/example_branch_python_dop_operator_3.py
[2023-06-15T18:49:01.976+0000] {logging_mixin.py:137} INFO - [2023-06-15T18:49:01.976+0000] {dag.py:2690} INFO - Sync 1 DAGs
[2023-06-15T18:49:02.005+0000] {logging_mixin.py:137} INFO - [2023-06-15T18:49:02.005+0000] {dag.py:3441} INFO - Setting next_dagrun for example_branch_dop_operator_v3 to 2023-06-15T18:48:00+00:00, run_after=2023-06-15T18:49:00+00:00
[2023-06-15T18:49:02.029+0000] {processor.py:175} INFO - Processing /home/airflow/.local/lib/python3.7/site-packages/airflow/example_dags/example_branch_python_dop_operator_3.py took 0.131 seconds
[2023-06-15T18:49:32.431+0000] {processor.py:153} INFO - Started process (PID=2951) to work on /home/airflow/.local/lib/python3.7/site-packages/airflow/example_dags/example_branch_python_dop_operator_3.py
[2023-06-15T18:49:32.433+0000] {processor.py:743} INFO - Processing file /home/airflow/.local/lib/python3.7/site-packages/airflow/example_dags/example_branch_python_dop_operator_3.py for tasks to queue
[2023-06-15T18:49:32.434+0000] {logging_mixin.py:137} INFO - [2023-06-15T18:49:32.434+0000] {dagbag.py:538} INFO - Filling up the DagBag from /home/airflow/.local/lib/python3.7/site-packages/airflow/example_dags/example_branch_python_dop_operator_3.py
[2023-06-15T18:49:32.455+0000] {processor.py:753} INFO - DAG(s) dict_keys(['example_branch_dop_operator_v3']) retrieved from /home/airflow/.local/lib/python3.7/site-packages/airflow/example_dags/example_branch_python_dop_operator_3.py
[2023-06-15T18:49:32.481+0000] {logging_mixin.py:137} INFO - [2023-06-15T18:49:32.481+0000] {dag.py:2690} INFO - Sync 1 DAGs
[2023-06-15T18:49:32.504+0000] {logging_mixin.py:137} INFO - [2023-06-15T18:49:32.503+0000] {dag.py:3441} INFO - Setting next_dagrun for example_branch_dop_operator_v3 to 2023-06-15T18:48:00+00:00, run_after=2023-06-15T18:49:00+00:00
[2023-06-15T18:49:32.519+0000] {processor.py:175} INFO - Processing /home/airflow/.local/lib/python3.7/site-packages/airflow/example_dags/example_branch_python_dop_operator_3.py took 0.092 seconds
[2023-06-15T18:50:03.473+0000] {processor.py:153} INFO - Started process (PID=3029) to work on /home/airflow/.local/lib/python3.7/site-packages/airflow/example_dags/example_branch_python_dop_operator_3.py
[2023-06-15T18:50:03.475+0000] {processor.py:743} INFO - Processing file /home/airflow/.local/lib/python3.7/site-packages/airflow/example_dags/example_branch_python_dop_operator_3.py for tasks to queue
[2023-06-15T18:50:03.476+0000] {logging_mixin.py:137} INFO - [2023-06-15T18:50:03.476+0000] {dagbag.py:538} INFO - Filling up the DagBag from /home/airflow/.local/lib/python3.7/site-packages/airflow/example_dags/example_branch_python_dop_operator_3.py
[2023-06-15T18:50:03.495+0000] {processor.py:753} INFO - DAG(s) dict_keys(['example_branch_dop_operator_v3']) retrieved from /home/airflow/.local/lib/python3.7/site-packages/airflow/example_dags/example_branch_python_dop_operator_3.py
[2023-06-15T18:50:03.521+0000] {logging_mixin.py:137} INFO - [2023-06-15T18:50:03.521+0000] {dag.py:2690} INFO - Sync 1 DAGs
[2023-06-15T18:50:03.542+0000] {logging_mixin.py:137} INFO - [2023-06-15T18:50:03.542+0000] {dag.py:3441} INFO - Setting next_dagrun for example_branch_dop_operator_v3 to 2023-06-15T18:49:00+00:00, run_after=2023-06-15T18:50:00+00:00
[2023-06-15T18:50:03.557+0000] {processor.py:175} INFO - Processing /home/airflow/.local/lib/python3.7/site-packages/airflow/example_dags/example_branch_python_dop_operator_3.py took 0.087 seconds
[2023-06-15T18:50:34.743+0000] {processor.py:153} INFO - Started process (PID=3094) to work on /home/airflow/.local/lib/python3.7/site-packages/airflow/example_dags/example_branch_python_dop_operator_3.py
[2023-06-15T18:50:34.744+0000] {processor.py:743} INFO - Processing file /home/airflow/.local/lib/python3.7/site-packages/airflow/example_dags/example_branch_python_dop_operator_3.py for tasks to queue
[2023-06-15T18:50:34.745+0000] {logging_mixin.py:137} INFO - [2023-06-15T18:50:34.745+0000] {dagbag.py:538} INFO - Filling up the DagBag from /home/airflow/.local/lib/python3.7/site-packages/airflow/example_dags/example_branch_python_dop_operator_3.py
[2023-06-15T18:50:34.766+0000] {processor.py:753} INFO - DAG(s) dict_keys(['example_branch_dop_operator_v3']) retrieved from /home/airflow/.local/lib/python3.7/site-packages/airflow/example_dags/example_branch_python_dop_operator_3.py
[2023-06-15T18:50:34.794+0000] {logging_mixin.py:137} INFO - [2023-06-15T18:50:34.794+0000] {dag.py:2690} INFO - Sync 1 DAGs
[2023-06-15T18:50:34.823+0000] {logging_mixin.py:137} INFO - [2023-06-15T18:50:34.823+0000] {dag.py:3441} INFO - Setting next_dagrun for example_branch_dop_operator_v3 to 2023-06-15T18:49:00+00:00, run_after=2023-06-15T18:50:00+00:00
[2023-06-15T18:50:34.836+0000] {processor.py:175} INFO - Processing /home/airflow/.local/lib/python3.7/site-packages/airflow/example_dags/example_branch_python_dop_operator_3.py took 0.097 seconds
