[2023-06-15T18:02:03.696+0000] {processor.py:153} INFO - Started process (PID=69) to work on /home/airflow/.local/lib/python3.7/site-packages/airflow/example_dags/example_short_circuit_operator.py
[2023-06-15T18:02:03.705+0000] {processor.py:743} INFO - Processing file /home/airflow/.local/lib/python3.7/site-packages/airflow/example_dags/example_short_circuit_operator.py for tasks to queue
[2023-06-15T18:02:03.707+0000] {logging_mixin.py:137} INFO - [2023-06-15T18:02:03.707+0000] {dagbag.py:538} INFO - Filling up the DagBag from /home/airflow/.local/lib/python3.7/site-packages/airflow/example_dags/example_short_circuit_operator.py
[2023-06-15T18:02:03.735+0000] {processor.py:753} INFO - DAG(s) dict_keys(['example_short_circuit_operator']) retrieved from /home/airflow/.local/lib/python3.7/site-packages/airflow/example_dags/example_short_circuit_operator.py
[2023-06-15T18:02:03.818+0000] {logging_mixin.py:137} INFO - [2023-06-15T18:02:03.818+0000] {dag.py:2690} INFO - Sync 1 DAGs
[2023-06-15T18:02:03.894+0000] {logging_mixin.py:137} INFO - [2023-06-15T18:02:03.894+0000] {dag.py:3441} INFO - Setting next_dagrun for example_short_circuit_operator to 2023-06-14T18:02:03.893994+00:00, run_after=2023-06-15T18:02:03.893994+00:00
[2023-06-15T18:02:03.960+0000] {processor.py:175} INFO - Processing /home/airflow/.local/lib/python3.7/site-packages/airflow/example_dags/example_short_circuit_operator.py took 0.269 seconds
[2023-06-15T18:02:34.364+0000] {processor.py:153} INFO - Started process (PID=133) to work on /home/airflow/.local/lib/python3.7/site-packages/airflow/example_dags/example_short_circuit_operator.py
[2023-06-15T18:02:34.365+0000] {processor.py:743} INFO - Processing file /home/airflow/.local/lib/python3.7/site-packages/airflow/example_dags/example_short_circuit_operator.py for tasks to queue
[2023-06-15T18:02:34.366+0000] {logging_mixin.py:137} INFO - [2023-06-15T18:02:34.366+0000] {dagbag.py:538} INFO - Filling up the DagBag from /home/airflow/.local/lib/python3.7/site-packages/airflow/example_dags/example_short_circuit_operator.py
[2023-06-15T18:02:34.383+0000] {processor.py:753} INFO - DAG(s) dict_keys(['example_short_circuit_operator']) retrieved from /home/airflow/.local/lib/python3.7/site-packages/airflow/example_dags/example_short_circuit_operator.py
[2023-06-15T18:02:34.411+0000] {logging_mixin.py:137} INFO - [2023-06-15T18:02:34.410+0000] {dag.py:2690} INFO - Sync 1 DAGs
[2023-06-15T18:02:34.431+0000] {logging_mixin.py:137} INFO - [2023-06-15T18:02:34.431+0000] {dag.py:3441} INFO - Setting next_dagrun for example_short_circuit_operator to 2023-06-14T18:02:34.431136+00:00, run_after=2023-06-15T18:02:34.431136+00:00
[2023-06-15T18:02:34.447+0000] {processor.py:175} INFO - Processing /home/airflow/.local/lib/python3.7/site-packages/airflow/example_dags/example_short_circuit_operator.py took 0.086 seconds
[2023-06-15T18:03:05.212+0000] {processor.py:153} INFO - Started process (PID=209) to work on /home/airflow/.local/lib/python3.7/site-packages/airflow/example_dags/example_short_circuit_operator.py
[2023-06-15T18:03:05.214+0000] {processor.py:743} INFO - Processing file /home/airflow/.local/lib/python3.7/site-packages/airflow/example_dags/example_short_circuit_operator.py for tasks to queue
[2023-06-15T18:03:05.215+0000] {logging_mixin.py:137} INFO - [2023-06-15T18:03:05.215+0000] {dagbag.py:538} INFO - Filling up the DagBag from /home/airflow/.local/lib/python3.7/site-packages/airflow/example_dags/example_short_circuit_operator.py
[2023-06-15T18:03:05.231+0000] {processor.py:753} INFO - DAG(s) dict_keys(['example_short_circuit_operator']) retrieved from /home/airflow/.local/lib/python3.7/site-packages/airflow/example_dags/example_short_circuit_operator.py
[2023-06-15T18:03:05.255+0000] {logging_mixin.py:137} INFO - [2023-06-15T18:03:05.255+0000] {dag.py:2690} INFO - Sync 1 DAGs
[2023-06-15T18:03:05.275+0000] {logging_mixin.py:137} INFO - [2023-06-15T18:03:05.274+0000] {dag.py:3441} INFO - Setting next_dagrun for example_short_circuit_operator to 2023-06-14T18:03:05.274706+00:00, run_after=2023-06-15T18:03:05.274706+00:00
[2023-06-15T18:03:05.291+0000] {processor.py:175} INFO - Processing /home/airflow/.local/lib/python3.7/site-packages/airflow/example_dags/example_short_circuit_operator.py took 0.082 seconds
[2023-06-15T18:03:36.075+0000] {processor.py:153} INFO - Started process (PID=274) to work on /home/airflow/.local/lib/python3.7/site-packages/airflow/example_dags/example_short_circuit_operator.py
[2023-06-15T18:03:36.077+0000] {processor.py:743} INFO - Processing file /home/airflow/.local/lib/python3.7/site-packages/airflow/example_dags/example_short_circuit_operator.py for tasks to queue
[2023-06-15T18:03:36.079+0000] {logging_mixin.py:137} INFO - [2023-06-15T18:03:36.079+0000] {dagbag.py:538} INFO - Filling up the DagBag from /home/airflow/.local/lib/python3.7/site-packages/airflow/example_dags/example_short_circuit_operator.py
[2023-06-15T18:03:36.112+0000] {processor.py:753} INFO - DAG(s) dict_keys(['example_short_circuit_operator']) retrieved from /home/airflow/.local/lib/python3.7/site-packages/airflow/example_dags/example_short_circuit_operator.py
[2023-06-15T18:03:36.146+0000] {logging_mixin.py:137} INFO - [2023-06-15T18:03:36.146+0000] {dag.py:2690} INFO - Sync 1 DAGs
[2023-06-15T18:03:36.172+0000] {logging_mixin.py:137} INFO - [2023-06-15T18:03:36.172+0000] {dag.py:3441} INFO - Setting next_dagrun for example_short_circuit_operator to 2023-06-14T18:03:36.172251+00:00, run_after=2023-06-15T18:03:36.172251+00:00
[2023-06-15T18:03:36.191+0000] {processor.py:175} INFO - Processing /home/airflow/.local/lib/python3.7/site-packages/airflow/example_dags/example_short_circuit_operator.py took 0.120 seconds
[2023-06-15T18:04:06.832+0000] {processor.py:153} INFO - Started process (PID=351) to work on /home/airflow/.local/lib/python3.7/site-packages/airflow/example_dags/example_short_circuit_operator.py
[2023-06-15T18:04:06.833+0000] {processor.py:743} INFO - Processing file /home/airflow/.local/lib/python3.7/site-packages/airflow/example_dags/example_short_circuit_operator.py for tasks to queue
[2023-06-15T18:04:06.834+0000] {logging_mixin.py:137} INFO - [2023-06-15T18:04:06.834+0000] {dagbag.py:538} INFO - Filling up the DagBag from /home/airflow/.local/lib/python3.7/site-packages/airflow/example_dags/example_short_circuit_operator.py
[2023-06-15T18:04:06.848+0000] {processor.py:753} INFO - DAG(s) dict_keys(['example_short_circuit_operator']) retrieved from /home/airflow/.local/lib/python3.7/site-packages/airflow/example_dags/example_short_circuit_operator.py
[2023-06-15T18:04:06.894+0000] {logging_mixin.py:137} INFO - [2023-06-15T18:04:06.893+0000] {dag.py:2690} INFO - Sync 1 DAGs
[2023-06-15T18:04:06.914+0000] {logging_mixin.py:137} INFO - [2023-06-15T18:04:06.914+0000] {dag.py:3441} INFO - Setting next_dagrun for example_short_circuit_operator to 2023-06-14T18:04:06.914427+00:00, run_after=2023-06-15T18:04:06.914427+00:00
[2023-06-15T18:04:06.930+0000] {processor.py:175} INFO - Processing /home/airflow/.local/lib/python3.7/site-packages/airflow/example_dags/example_short_circuit_operator.py took 0.102 seconds
[2023-06-15T18:04:37.336+0000] {processor.py:153} INFO - Started process (PID=425) to work on /home/airflow/.local/lib/python3.7/site-packages/airflow/example_dags/example_short_circuit_operator.py
[2023-06-15T18:04:37.338+0000] {processor.py:743} INFO - Processing file /home/airflow/.local/lib/python3.7/site-packages/airflow/example_dags/example_short_circuit_operator.py for tasks to queue
[2023-06-15T18:04:37.339+0000] {logging_mixin.py:137} INFO - [2023-06-15T18:04:37.339+0000] {dagbag.py:538} INFO - Filling up the DagBag from /home/airflow/.local/lib/python3.7/site-packages/airflow/example_dags/example_short_circuit_operator.py
[2023-06-15T18:04:37.354+0000] {processor.py:753} INFO - DAG(s) dict_keys(['example_short_circuit_operator']) retrieved from /home/airflow/.local/lib/python3.7/site-packages/airflow/example_dags/example_short_circuit_operator.py
[2023-06-15T18:04:37.382+0000] {logging_mixin.py:137} INFO - [2023-06-15T18:04:37.382+0000] {dag.py:2690} INFO - Sync 1 DAGs
[2023-06-15T18:04:37.408+0000] {logging_mixin.py:137} INFO - [2023-06-15T18:04:37.408+0000] {dag.py:3441} INFO - Setting next_dagrun for example_short_circuit_operator to 2023-06-14T18:04:37.406582+00:00, run_after=2023-06-15T18:04:37.406582+00:00
[2023-06-15T18:04:37.436+0000] {processor.py:175} INFO - Processing /home/airflow/.local/lib/python3.7/site-packages/airflow/example_dags/example_short_circuit_operator.py took 0.106 seconds
[2023-06-15T18:05:08.222+0000] {processor.py:153} INFO - Started process (PID=492) to work on /home/airflow/.local/lib/python3.7/site-packages/airflow/example_dags/example_short_circuit_operator.py
[2023-06-15T18:05:08.223+0000] {processor.py:743} INFO - Processing file /home/airflow/.local/lib/python3.7/site-packages/airflow/example_dags/example_short_circuit_operator.py for tasks to queue
[2023-06-15T18:05:08.224+0000] {logging_mixin.py:137} INFO - [2023-06-15T18:05:08.224+0000] {dagbag.py:538} INFO - Filling up the DagBag from /home/airflow/.local/lib/python3.7/site-packages/airflow/example_dags/example_short_circuit_operator.py
[2023-06-15T18:05:08.239+0000] {processor.py:753} INFO - DAG(s) dict_keys(['example_short_circuit_operator']) retrieved from /home/airflow/.local/lib/python3.7/site-packages/airflow/example_dags/example_short_circuit_operator.py
[2023-06-15T18:05:08.263+0000] {logging_mixin.py:137} INFO - [2023-06-15T18:05:08.263+0000] {dag.py:2690} INFO - Sync 1 DAGs
[2023-06-15T18:05:08.282+0000] {logging_mixin.py:137} INFO - [2023-06-15T18:05:08.282+0000] {dag.py:3441} INFO - Setting next_dagrun for example_short_circuit_operator to 2023-06-14T18:05:08.281806+00:00, run_after=2023-06-15T18:05:08.281806+00:00
[2023-06-15T18:05:08.295+0000] {processor.py:175} INFO - Processing /home/airflow/.local/lib/python3.7/site-packages/airflow/example_dags/example_short_circuit_operator.py took 0.077 seconds
[2023-06-15T18:05:38.991+0000] {processor.py:153} INFO - Started process (PID=567) to work on /home/airflow/.local/lib/python3.7/site-packages/airflow/example_dags/example_short_circuit_operator.py
[2023-06-15T18:05:38.992+0000] {processor.py:743} INFO - Processing file /home/airflow/.local/lib/python3.7/site-packages/airflow/example_dags/example_short_circuit_operator.py for tasks to queue
[2023-06-15T18:05:38.993+0000] {logging_mixin.py:137} INFO - [2023-06-15T18:05:38.993+0000] {dagbag.py:538} INFO - Filling up the DagBag from /home/airflow/.local/lib/python3.7/site-packages/airflow/example_dags/example_short_circuit_operator.py
[2023-06-15T18:05:39.008+0000] {processor.py:753} INFO - DAG(s) dict_keys(['example_short_circuit_operator']) retrieved from /home/airflow/.local/lib/python3.7/site-packages/airflow/example_dags/example_short_circuit_operator.py
[2023-06-15T18:05:39.034+0000] {logging_mixin.py:137} INFO - [2023-06-15T18:05:39.034+0000] {dag.py:2690} INFO - Sync 1 DAGs
[2023-06-15T18:05:39.053+0000] {logging_mixin.py:137} INFO - [2023-06-15T18:05:39.053+0000] {dag.py:3441} INFO - Setting next_dagrun for example_short_circuit_operator to 2023-06-14T18:05:39.053080+00:00, run_after=2023-06-15T18:05:39.053080+00:00
[2023-06-15T18:05:39.067+0000] {processor.py:175} INFO - Processing /home/airflow/.local/lib/python3.7/site-packages/airflow/example_dags/example_short_circuit_operator.py took 0.080 seconds
[2023-06-15T18:06:09.987+0000] {processor.py:153} INFO - Started process (PID=638) to work on /home/airflow/.local/lib/python3.7/site-packages/airflow/example_dags/example_short_circuit_operator.py
[2023-06-15T18:06:09.988+0000] {processor.py:743} INFO - Processing file /home/airflow/.local/lib/python3.7/site-packages/airflow/example_dags/example_short_circuit_operator.py for tasks to queue
[2023-06-15T18:06:09.990+0000] {logging_mixin.py:137} INFO - [2023-06-15T18:06:09.989+0000] {dagbag.py:538} INFO - Filling up the DagBag from /home/airflow/.local/lib/python3.7/site-packages/airflow/example_dags/example_short_circuit_operator.py
[2023-06-15T18:06:10.005+0000] {processor.py:753} INFO - DAG(s) dict_keys(['example_short_circuit_operator']) retrieved from /home/airflow/.local/lib/python3.7/site-packages/airflow/example_dags/example_short_circuit_operator.py
[2023-06-15T18:06:10.036+0000] {logging_mixin.py:137} INFO - [2023-06-15T18:06:10.036+0000] {dag.py:2690} INFO - Sync 1 DAGs
[2023-06-15T18:06:10.113+0000] {logging_mixin.py:137} INFO - [2023-06-15T18:06:10.112+0000] {dag.py:3441} INFO - Setting next_dagrun for example_short_circuit_operator to 2023-06-14T18:06:10.112451+00:00, run_after=2023-06-15T18:06:10.112451+00:00
[2023-06-15T18:06:10.146+0000] {processor.py:175} INFO - Processing /home/airflow/.local/lib/python3.7/site-packages/airflow/example_dags/example_short_circuit_operator.py took 0.163 seconds
[2023-06-15T18:06:40.805+0000] {processor.py:153} INFO - Started process (PID=707) to work on /home/airflow/.local/lib/python3.7/site-packages/airflow/example_dags/example_short_circuit_operator.py
[2023-06-15T18:06:40.807+0000] {processor.py:743} INFO - Processing file /home/airflow/.local/lib/python3.7/site-packages/airflow/example_dags/example_short_circuit_operator.py for tasks to queue
[2023-06-15T18:06:40.808+0000] {logging_mixin.py:137} INFO - [2023-06-15T18:06:40.808+0000] {dagbag.py:538} INFO - Filling up the DagBag from /home/airflow/.local/lib/python3.7/site-packages/airflow/example_dags/example_short_circuit_operator.py
[2023-06-15T18:06:40.823+0000] {processor.py:753} INFO - DAG(s) dict_keys(['example_short_circuit_operator']) retrieved from /home/airflow/.local/lib/python3.7/site-packages/airflow/example_dags/example_short_circuit_operator.py
[2023-06-15T18:06:40.847+0000] {logging_mixin.py:137} INFO - [2023-06-15T18:06:40.847+0000] {dag.py:2690} INFO - Sync 1 DAGs
[2023-06-15T18:06:40.866+0000] {logging_mixin.py:137} INFO - [2023-06-15T18:06:40.866+0000] {dag.py:3441} INFO - Setting next_dagrun for example_short_circuit_operator to 2023-06-14T18:06:40.866349+00:00, run_after=2023-06-15T18:06:40.866349+00:00
[2023-06-15T18:06:40.880+0000] {processor.py:175} INFO - Processing /home/airflow/.local/lib/python3.7/site-packages/airflow/example_dags/example_short_circuit_operator.py took 0.078 seconds
[2023-06-15T18:07:11.436+0000] {processor.py:153} INFO - Started process (PID=784) to work on /home/airflow/.local/lib/python3.7/site-packages/airflow/example_dags/example_short_circuit_operator.py
[2023-06-15T18:07:11.437+0000] {processor.py:743} INFO - Processing file /home/airflow/.local/lib/python3.7/site-packages/airflow/example_dags/example_short_circuit_operator.py for tasks to queue
[2023-06-15T18:07:11.438+0000] {logging_mixin.py:137} INFO - [2023-06-15T18:07:11.438+0000] {dagbag.py:538} INFO - Filling up the DagBag from /home/airflow/.local/lib/python3.7/site-packages/airflow/example_dags/example_short_circuit_operator.py
[2023-06-15T18:07:11.453+0000] {processor.py:753} INFO - DAG(s) dict_keys(['example_short_circuit_operator']) retrieved from /home/airflow/.local/lib/python3.7/site-packages/airflow/example_dags/example_short_circuit_operator.py
[2023-06-15T18:07:11.477+0000] {logging_mixin.py:137} INFO - [2023-06-15T18:07:11.477+0000] {dag.py:2690} INFO - Sync 1 DAGs
[2023-06-15T18:07:11.496+0000] {logging_mixin.py:137} INFO - [2023-06-15T18:07:11.496+0000] {dag.py:3441} INFO - Setting next_dagrun for example_short_circuit_operator to 2023-06-14T18:07:11.495904+00:00, run_after=2023-06-15T18:07:11.495904+00:00
[2023-06-15T18:07:11.510+0000] {processor.py:175} INFO - Processing /home/airflow/.local/lib/python3.7/site-packages/airflow/example_dags/example_short_circuit_operator.py took 0.078 seconds
[2023-06-15T18:07:42.398+0000] {processor.py:153} INFO - Started process (PID=849) to work on /home/airflow/.local/lib/python3.7/site-packages/airflow/example_dags/example_short_circuit_operator.py
[2023-06-15T18:07:42.400+0000] {processor.py:743} INFO - Processing file /home/airflow/.local/lib/python3.7/site-packages/airflow/example_dags/example_short_circuit_operator.py for tasks to queue
[2023-06-15T18:07:42.401+0000] {logging_mixin.py:137} INFO - [2023-06-15T18:07:42.401+0000] {dagbag.py:538} INFO - Filling up the DagBag from /home/airflow/.local/lib/python3.7/site-packages/airflow/example_dags/example_short_circuit_operator.py
[2023-06-15T18:07:42.428+0000] {processor.py:753} INFO - DAG(s) dict_keys(['example_short_circuit_operator']) retrieved from /home/airflow/.local/lib/python3.7/site-packages/airflow/example_dags/example_short_circuit_operator.py
[2023-06-15T18:07:42.467+0000] {logging_mixin.py:137} INFO - [2023-06-15T18:07:42.467+0000] {dag.py:2690} INFO - Sync 1 DAGs
[2023-06-15T18:07:42.490+0000] {logging_mixin.py:137} INFO - [2023-06-15T18:07:42.490+0000] {dag.py:3441} INFO - Setting next_dagrun for example_short_circuit_operator to 2023-06-14T18:07:42.490112+00:00, run_after=2023-06-15T18:07:42.490112+00:00
[2023-06-15T18:07:42.527+0000] {processor.py:175} INFO - Processing /home/airflow/.local/lib/python3.7/site-packages/airflow/example_dags/example_short_circuit_operator.py took 0.132 seconds
[2023-06-15T18:08:12.663+0000] {processor.py:153} INFO - Started process (PID=925) to work on /home/airflow/.local/lib/python3.7/site-packages/airflow/example_dags/example_short_circuit_operator.py
[2023-06-15T18:08:12.664+0000] {processor.py:743} INFO - Processing file /home/airflow/.local/lib/python3.7/site-packages/airflow/example_dags/example_short_circuit_operator.py for tasks to queue
[2023-06-15T18:08:12.665+0000] {logging_mixin.py:137} INFO - [2023-06-15T18:08:12.665+0000] {dagbag.py:538} INFO - Filling up the DagBag from /home/airflow/.local/lib/python3.7/site-packages/airflow/example_dags/example_short_circuit_operator.py
[2023-06-15T18:08:12.679+0000] {processor.py:753} INFO - DAG(s) dict_keys(['example_short_circuit_operator']) retrieved from /home/airflow/.local/lib/python3.7/site-packages/airflow/example_dags/example_short_circuit_operator.py
[2023-06-15T18:08:12.710+0000] {logging_mixin.py:137} INFO - [2023-06-15T18:08:12.710+0000] {dag.py:2690} INFO - Sync 1 DAGs
[2023-06-15T18:08:12.729+0000] {logging_mixin.py:137} INFO - [2023-06-15T18:08:12.729+0000] {dag.py:3441} INFO - Setting next_dagrun for example_short_circuit_operator to 2023-06-14T18:08:12.729609+00:00, run_after=2023-06-15T18:08:12.729609+00:00
[2023-06-15T18:08:12.745+0000] {processor.py:175} INFO - Processing /home/airflow/.local/lib/python3.7/site-packages/airflow/example_dags/example_short_circuit_operator.py took 0.087 seconds
[2023-06-15T18:08:43.435+0000] {processor.py:153} INFO - Started process (PID=1001) to work on /home/airflow/.local/lib/python3.7/site-packages/airflow/example_dags/example_short_circuit_operator.py
[2023-06-15T18:08:43.436+0000] {processor.py:743} INFO - Processing file /home/airflow/.local/lib/python3.7/site-packages/airflow/example_dags/example_short_circuit_operator.py for tasks to queue
[2023-06-15T18:08:43.438+0000] {logging_mixin.py:137} INFO - [2023-06-15T18:08:43.437+0000] {dagbag.py:538} INFO - Filling up the DagBag from /home/airflow/.local/lib/python3.7/site-packages/airflow/example_dags/example_short_circuit_operator.py
[2023-06-15T18:08:43.452+0000] {processor.py:753} INFO - DAG(s) dict_keys(['example_short_circuit_operator']) retrieved from /home/airflow/.local/lib/python3.7/site-packages/airflow/example_dags/example_short_circuit_operator.py
[2023-06-15T18:08:43.480+0000] {logging_mixin.py:137} INFO - [2023-06-15T18:08:43.479+0000] {dag.py:2690} INFO - Sync 1 DAGs
[2023-06-15T18:08:43.500+0000] {logging_mixin.py:137} INFO - [2023-06-15T18:08:43.500+0000] {dag.py:3441} INFO - Setting next_dagrun for example_short_circuit_operator to 2023-06-14T18:08:43.500147+00:00, run_after=2023-06-15T18:08:43.500147+00:00
[2023-06-15T18:08:43.514+0000] {processor.py:175} INFO - Processing /home/airflow/.local/lib/python3.7/site-packages/airflow/example_dags/example_short_circuit_operator.py took 0.084 seconds
[2023-06-15T18:09:13.927+0000] {processor.py:153} INFO - Started process (PID=1065) to work on /home/airflow/.local/lib/python3.7/site-packages/airflow/example_dags/example_short_circuit_operator.py
[2023-06-15T18:09:13.929+0000] {processor.py:743} INFO - Processing file /home/airflow/.local/lib/python3.7/site-packages/airflow/example_dags/example_short_circuit_operator.py for tasks to queue
[2023-06-15T18:09:13.930+0000] {logging_mixin.py:137} INFO - [2023-06-15T18:09:13.930+0000] {dagbag.py:538} INFO - Filling up the DagBag from /home/airflow/.local/lib/python3.7/site-packages/airflow/example_dags/example_short_circuit_operator.py
[2023-06-15T18:09:13.944+0000] {processor.py:753} INFO - DAG(s) dict_keys(['example_short_circuit_operator']) retrieved from /home/airflow/.local/lib/python3.7/site-packages/airflow/example_dags/example_short_circuit_operator.py
[2023-06-15T18:09:13.969+0000] {logging_mixin.py:137} INFO - [2023-06-15T18:09:13.969+0000] {dag.py:2690} INFO - Sync 1 DAGs
[2023-06-15T18:09:13.987+0000] {logging_mixin.py:137} INFO - [2023-06-15T18:09:13.987+0000] {dag.py:3441} INFO - Setting next_dagrun for example_short_circuit_operator to 2023-06-14T18:09:13.987137+00:00, run_after=2023-06-15T18:09:13.987137+00:00
[2023-06-15T18:09:14.002+0000] {processor.py:175} INFO - Processing /home/airflow/.local/lib/python3.7/site-packages/airflow/example_dags/example_short_circuit_operator.py took 0.078 seconds
[2023-06-15T18:09:44.699+0000] {processor.py:153} INFO - Started process (PID=1141) to work on /home/airflow/.local/lib/python3.7/site-packages/airflow/example_dags/example_short_circuit_operator.py
[2023-06-15T18:09:44.700+0000] {processor.py:743} INFO - Processing file /home/airflow/.local/lib/python3.7/site-packages/airflow/example_dags/example_short_circuit_operator.py for tasks to queue
[2023-06-15T18:09:44.701+0000] {logging_mixin.py:137} INFO - [2023-06-15T18:09:44.701+0000] {dagbag.py:538} INFO - Filling up the DagBag from /home/airflow/.local/lib/python3.7/site-packages/airflow/example_dags/example_short_circuit_operator.py
[2023-06-15T18:09:44.715+0000] {processor.py:753} INFO - DAG(s) dict_keys(['example_short_circuit_operator']) retrieved from /home/airflow/.local/lib/python3.7/site-packages/airflow/example_dags/example_short_circuit_operator.py
[2023-06-15T18:09:44.741+0000] {logging_mixin.py:137} INFO - [2023-06-15T18:09:44.741+0000] {dag.py:2690} INFO - Sync 1 DAGs
[2023-06-15T18:09:44.761+0000] {logging_mixin.py:137} INFO - [2023-06-15T18:09:44.761+0000] {dag.py:3441} INFO - Setting next_dagrun for example_short_circuit_operator to 2023-06-14T18:09:44.760816+00:00, run_after=2023-06-15T18:09:44.760816+00:00
[2023-06-15T18:09:44.775+0000] {processor.py:175} INFO - Processing /home/airflow/.local/lib/python3.7/site-packages/airflow/example_dags/example_short_circuit_operator.py took 0.080 seconds
[2023-06-15T18:10:15.301+0000] {processor.py:153} INFO - Started process (PID=1214) to work on /home/airflow/.local/lib/python3.7/site-packages/airflow/example_dags/example_short_circuit_operator.py
[2023-06-15T18:10:15.302+0000] {processor.py:743} INFO - Processing file /home/airflow/.local/lib/python3.7/site-packages/airflow/example_dags/example_short_circuit_operator.py for tasks to queue
[2023-06-15T18:10:15.304+0000] {logging_mixin.py:137} INFO - [2023-06-15T18:10:15.303+0000] {dagbag.py:538} INFO - Filling up the DagBag from /home/airflow/.local/lib/python3.7/site-packages/airflow/example_dags/example_short_circuit_operator.py
[2023-06-15T18:10:15.319+0000] {processor.py:753} INFO - DAG(s) dict_keys(['example_short_circuit_operator']) retrieved from /home/airflow/.local/lib/python3.7/site-packages/airflow/example_dags/example_short_circuit_operator.py
[2023-06-15T18:10:15.349+0000] {logging_mixin.py:137} INFO - [2023-06-15T18:10:15.349+0000] {dag.py:2690} INFO - Sync 1 DAGs
[2023-06-15T18:10:15.374+0000] {logging_mixin.py:137} INFO - [2023-06-15T18:10:15.374+0000] {dag.py:3441} INFO - Setting next_dagrun for example_short_circuit_operator to 2023-06-14T18:10:15.373587+00:00, run_after=2023-06-15T18:10:15.373587+00:00
[2023-06-15T18:10:15.397+0000] {processor.py:175} INFO - Processing /home/airflow/.local/lib/python3.7/site-packages/airflow/example_dags/example_short_circuit_operator.py took 0.100 seconds
[2023-06-15T18:10:46.198+0000] {processor.py:153} INFO - Started process (PID=1281) to work on /home/airflow/.local/lib/python3.7/site-packages/airflow/example_dags/example_short_circuit_operator.py
[2023-06-15T18:10:46.200+0000] {processor.py:743} INFO - Processing file /home/airflow/.local/lib/python3.7/site-packages/airflow/example_dags/example_short_circuit_operator.py for tasks to queue
[2023-06-15T18:10:46.201+0000] {logging_mixin.py:137} INFO - [2023-06-15T18:10:46.201+0000] {dagbag.py:538} INFO - Filling up the DagBag from /home/airflow/.local/lib/python3.7/site-packages/airflow/example_dags/example_short_circuit_operator.py
[2023-06-15T18:10:46.216+0000] {processor.py:753} INFO - DAG(s) dict_keys(['example_short_circuit_operator']) retrieved from /home/airflow/.local/lib/python3.7/site-packages/airflow/example_dags/example_short_circuit_operator.py
[2023-06-15T18:10:46.240+0000] {logging_mixin.py:137} INFO - [2023-06-15T18:10:46.240+0000] {dag.py:2690} INFO - Sync 1 DAGs
[2023-06-15T18:10:46.259+0000] {logging_mixin.py:137} INFO - [2023-06-15T18:10:46.259+0000] {dag.py:3441} INFO - Setting next_dagrun for example_short_circuit_operator to 2023-06-14T18:10:46.258808+00:00, run_after=2023-06-15T18:10:46.258808+00:00
[2023-06-15T18:10:46.272+0000] {processor.py:175} INFO - Processing /home/airflow/.local/lib/python3.7/site-packages/airflow/example_dags/example_short_circuit_operator.py took 0.077 seconds
[2023-06-15T18:11:16.806+0000] {processor.py:153} INFO - Started process (PID=1357) to work on /home/airflow/.local/lib/python3.7/site-packages/airflow/example_dags/example_short_circuit_operator.py
[2023-06-15T18:11:16.808+0000] {processor.py:743} INFO - Processing file /home/airflow/.local/lib/python3.7/site-packages/airflow/example_dags/example_short_circuit_operator.py for tasks to queue
[2023-06-15T18:11:16.809+0000] {logging_mixin.py:137} INFO - [2023-06-15T18:11:16.809+0000] {dagbag.py:538} INFO - Filling up the DagBag from /home/airflow/.local/lib/python3.7/site-packages/airflow/example_dags/example_short_circuit_operator.py
[2023-06-15T18:11:16.824+0000] {processor.py:753} INFO - DAG(s) dict_keys(['example_short_circuit_operator']) retrieved from /home/airflow/.local/lib/python3.7/site-packages/airflow/example_dags/example_short_circuit_operator.py
[2023-06-15T18:11:16.849+0000] {logging_mixin.py:137} INFO - [2023-06-15T18:11:16.849+0000] {dag.py:2690} INFO - Sync 1 DAGs
[2023-06-15T18:11:16.869+0000] {logging_mixin.py:137} INFO - [2023-06-15T18:11:16.868+0000] {dag.py:3441} INFO - Setting next_dagrun for example_short_circuit_operator to 2023-06-14T18:11:16.868628+00:00, run_after=2023-06-15T18:11:16.868628+00:00
[2023-06-15T18:11:16.882+0000] {processor.py:175} INFO - Processing /home/airflow/.local/lib/python3.7/site-packages/airflow/example_dags/example_short_circuit_operator.py took 0.080 seconds
[2023-06-15T18:11:47.385+0000] {processor.py:153} INFO - Started process (PID=1422) to work on /home/airflow/.local/lib/python3.7/site-packages/airflow/example_dags/example_short_circuit_operator.py
[2023-06-15T18:11:47.387+0000] {processor.py:743} INFO - Processing file /home/airflow/.local/lib/python3.7/site-packages/airflow/example_dags/example_short_circuit_operator.py for tasks to queue
[2023-06-15T18:11:47.388+0000] {logging_mixin.py:137} INFO - [2023-06-15T18:11:47.388+0000] {dagbag.py:538} INFO - Filling up the DagBag from /home/airflow/.local/lib/python3.7/site-packages/airflow/example_dags/example_short_circuit_operator.py
[2023-06-15T18:11:47.402+0000] {processor.py:753} INFO - DAG(s) dict_keys(['example_short_circuit_operator']) retrieved from /home/airflow/.local/lib/python3.7/site-packages/airflow/example_dags/example_short_circuit_operator.py
[2023-06-15T18:11:47.426+0000] {logging_mixin.py:137} INFO - [2023-06-15T18:11:47.426+0000] {dag.py:2690} INFO - Sync 1 DAGs
[2023-06-15T18:11:47.445+0000] {logging_mixin.py:137} INFO - [2023-06-15T18:11:47.445+0000] {dag.py:3441} INFO - Setting next_dagrun for example_short_circuit_operator to 2023-06-14T18:11:47.445146+00:00, run_after=2023-06-15T18:11:47.445146+00:00
[2023-06-15T18:11:47.459+0000] {processor.py:175} INFO - Processing /home/airflow/.local/lib/python3.7/site-packages/airflow/example_dags/example_short_circuit_operator.py took 0.076 seconds
[2023-06-15T18:12:17.906+0000] {processor.py:153} INFO - Started process (PID=1499) to work on /home/airflow/.local/lib/python3.7/site-packages/airflow/example_dags/example_short_circuit_operator.py
[2023-06-15T18:12:17.908+0000] {processor.py:743} INFO - Processing file /home/airflow/.local/lib/python3.7/site-packages/airflow/example_dags/example_short_circuit_operator.py for tasks to queue
[2023-06-15T18:12:17.909+0000] {logging_mixin.py:137} INFO - [2023-06-15T18:12:17.909+0000] {dagbag.py:538} INFO - Filling up the DagBag from /home/airflow/.local/lib/python3.7/site-packages/airflow/example_dags/example_short_circuit_operator.py
[2023-06-15T18:12:17.924+0000] {processor.py:753} INFO - DAG(s) dict_keys(['example_short_circuit_operator']) retrieved from /home/airflow/.local/lib/python3.7/site-packages/airflow/example_dags/example_short_circuit_operator.py
[2023-06-15T18:12:17.948+0000] {logging_mixin.py:137} INFO - [2023-06-15T18:12:17.947+0000] {dag.py:2690} INFO - Sync 1 DAGs
[2023-06-15T18:12:17.968+0000] {logging_mixin.py:137} INFO - [2023-06-15T18:12:17.968+0000] {dag.py:3441} INFO - Setting next_dagrun for example_short_circuit_operator to 2023-06-14T18:12:17.968060+00:00, run_after=2023-06-15T18:12:17.968060+00:00
[2023-06-15T18:12:17.982+0000] {processor.py:175} INFO - Processing /home/airflow/.local/lib/python3.7/site-packages/airflow/example_dags/example_short_circuit_operator.py took 0.079 seconds
[2023-06-15T18:12:48.587+0000] {processor.py:153} INFO - Started process (PID=1577) to work on /home/airflow/.local/lib/python3.7/site-packages/airflow/example_dags/example_short_circuit_operator.py
[2023-06-15T18:12:48.589+0000] {processor.py:743} INFO - Processing file /home/airflow/.local/lib/python3.7/site-packages/airflow/example_dags/example_short_circuit_operator.py for tasks to queue
[2023-06-15T18:12:48.590+0000] {logging_mixin.py:137} INFO - [2023-06-15T18:12:48.590+0000] {dagbag.py:538} INFO - Filling up the DagBag from /home/airflow/.local/lib/python3.7/site-packages/airflow/example_dags/example_short_circuit_operator.py
[2023-06-15T18:12:48.603+0000] {processor.py:753} INFO - DAG(s) dict_keys(['example_short_circuit_operator']) retrieved from /home/airflow/.local/lib/python3.7/site-packages/airflow/example_dags/example_short_circuit_operator.py
[2023-06-15T18:12:48.628+0000] {logging_mixin.py:137} INFO - [2023-06-15T18:12:48.628+0000] {dag.py:2690} INFO - Sync 1 DAGs
[2023-06-15T18:12:48.646+0000] {logging_mixin.py:137} INFO - [2023-06-15T18:12:48.646+0000] {dag.py:3441} INFO - Setting next_dagrun for example_short_circuit_operator to 2023-06-14T18:12:48.646257+00:00, run_after=2023-06-15T18:12:48.646257+00:00
[2023-06-15T18:12:48.660+0000] {processor.py:175} INFO - Processing /home/airflow/.local/lib/python3.7/site-packages/airflow/example_dags/example_short_circuit_operator.py took 0.076 seconds
[2023-06-15T18:13:19.389+0000] {processor.py:153} INFO - Started process (PID=1643) to work on /home/airflow/.local/lib/python3.7/site-packages/airflow/example_dags/example_short_circuit_operator.py
[2023-06-15T18:13:19.391+0000] {processor.py:743} INFO - Processing file /home/airflow/.local/lib/python3.7/site-packages/airflow/example_dags/example_short_circuit_operator.py for tasks to queue
[2023-06-15T18:13:19.392+0000] {logging_mixin.py:137} INFO - [2023-06-15T18:13:19.391+0000] {dagbag.py:538} INFO - Filling up the DagBag from /home/airflow/.local/lib/python3.7/site-packages/airflow/example_dags/example_short_circuit_operator.py
[2023-06-15T18:13:19.406+0000] {processor.py:753} INFO - DAG(s) dict_keys(['example_short_circuit_operator']) retrieved from /home/airflow/.local/lib/python3.7/site-packages/airflow/example_dags/example_short_circuit_operator.py
[2023-06-15T18:13:19.432+0000] {logging_mixin.py:137} INFO - [2023-06-15T18:13:19.432+0000] {dag.py:2690} INFO - Sync 1 DAGs
[2023-06-15T18:13:19.451+0000] {logging_mixin.py:137} INFO - [2023-06-15T18:13:19.451+0000] {dag.py:3441} INFO - Setting next_dagrun for example_short_circuit_operator to 2023-06-14T18:13:19.451193+00:00, run_after=2023-06-15T18:13:19.451193+00:00
[2023-06-15T18:13:19.466+0000] {processor.py:175} INFO - Processing /home/airflow/.local/lib/python3.7/site-packages/airflow/example_dags/example_short_circuit_operator.py took 0.080 seconds
[2023-06-15T18:13:50.295+0000] {processor.py:153} INFO - Started process (PID=1721) to work on /home/airflow/.local/lib/python3.7/site-packages/airflow/example_dags/example_short_circuit_operator.py
[2023-06-15T18:13:50.297+0000] {processor.py:743} INFO - Processing file /home/airflow/.local/lib/python3.7/site-packages/airflow/example_dags/example_short_circuit_operator.py for tasks to queue
[2023-06-15T18:13:50.298+0000] {logging_mixin.py:137} INFO - [2023-06-15T18:13:50.297+0000] {dagbag.py:538} INFO - Filling up the DagBag from /home/airflow/.local/lib/python3.7/site-packages/airflow/example_dags/example_short_circuit_operator.py
[2023-06-15T18:13:50.313+0000] {processor.py:753} INFO - DAG(s) dict_keys(['example_short_circuit_operator']) retrieved from /home/airflow/.local/lib/python3.7/site-packages/airflow/example_dags/example_short_circuit_operator.py
[2023-06-15T18:13:50.338+0000] {logging_mixin.py:137} INFO - [2023-06-15T18:13:50.337+0000] {dag.py:2690} INFO - Sync 1 DAGs
[2023-06-15T18:13:50.358+0000] {logging_mixin.py:137} INFO - [2023-06-15T18:13:50.358+0000] {dag.py:3441} INFO - Setting next_dagrun for example_short_circuit_operator to 2023-06-14T18:13:50.357710+00:00, run_after=2023-06-15T18:13:50.357710+00:00
[2023-06-15T18:13:50.375+0000] {processor.py:175} INFO - Processing /home/airflow/.local/lib/python3.7/site-packages/airflow/example_dags/example_short_circuit_operator.py took 0.084 seconds
[2023-06-15T18:14:20.508+0000] {processor.py:153} INFO - Started process (PID=1798) to work on /home/airflow/.local/lib/python3.7/site-packages/airflow/example_dags/example_short_circuit_operator.py
[2023-06-15T18:14:20.510+0000] {processor.py:743} INFO - Processing file /home/airflow/.local/lib/python3.7/site-packages/airflow/example_dags/example_short_circuit_operator.py for tasks to queue
[2023-06-15T18:14:20.511+0000] {logging_mixin.py:137} INFO - [2023-06-15T18:14:20.511+0000] {dagbag.py:538} INFO - Filling up the DagBag from /home/airflow/.local/lib/python3.7/site-packages/airflow/example_dags/example_short_circuit_operator.py
[2023-06-15T18:14:20.526+0000] {processor.py:753} INFO - DAG(s) dict_keys(['example_short_circuit_operator']) retrieved from /home/airflow/.local/lib/python3.7/site-packages/airflow/example_dags/example_short_circuit_operator.py
[2023-06-15T18:14:20.552+0000] {logging_mixin.py:137} INFO - [2023-06-15T18:14:20.551+0000] {dag.py:2690} INFO - Sync 1 DAGs
[2023-06-15T18:14:20.571+0000] {logging_mixin.py:137} INFO - [2023-06-15T18:14:20.571+0000] {dag.py:3441} INFO - Setting next_dagrun for example_short_circuit_operator to 2023-06-14T18:14:20.571018+00:00, run_after=2023-06-15T18:14:20.571018+00:00
[2023-06-15T18:14:20.584+0000] {processor.py:175} INFO - Processing /home/airflow/.local/lib/python3.7/site-packages/airflow/example_dags/example_short_circuit_operator.py took 0.080 seconds
[2023-06-15T18:14:51.501+0000] {processor.py:153} INFO - Started process (PID=1863) to work on /home/airflow/.local/lib/python3.7/site-packages/airflow/example_dags/example_short_circuit_operator.py
[2023-06-15T18:14:51.503+0000] {processor.py:743} INFO - Processing file /home/airflow/.local/lib/python3.7/site-packages/airflow/example_dags/example_short_circuit_operator.py for tasks to queue
[2023-06-15T18:14:51.504+0000] {logging_mixin.py:137} INFO - [2023-06-15T18:14:51.504+0000] {dagbag.py:538} INFO - Filling up the DagBag from /home/airflow/.local/lib/python3.7/site-packages/airflow/example_dags/example_short_circuit_operator.py
[2023-06-15T18:14:51.519+0000] {processor.py:753} INFO - DAG(s) dict_keys(['example_short_circuit_operator']) retrieved from /home/airflow/.local/lib/python3.7/site-packages/airflow/example_dags/example_short_circuit_operator.py
[2023-06-15T18:14:51.546+0000] {logging_mixin.py:137} INFO - [2023-06-15T18:14:51.546+0000] {dag.py:2690} INFO - Sync 1 DAGs
[2023-06-15T18:14:51.571+0000] {logging_mixin.py:137} INFO - [2023-06-15T18:14:51.571+0000] {dag.py:3441} INFO - Setting next_dagrun for example_short_circuit_operator to 2023-06-14T18:14:51.571585+00:00, run_after=2023-06-15T18:14:51.571585+00:00
[2023-06-15T18:14:51.589+0000] {processor.py:175} INFO - Processing /home/airflow/.local/lib/python3.7/site-packages/airflow/example_dags/example_short_circuit_operator.py took 0.092 seconds
[2023-06-15T18:15:21.910+0000] {processor.py:153} INFO - Started process (PID=1941) to work on /home/airflow/.local/lib/python3.7/site-packages/airflow/example_dags/example_short_circuit_operator.py
[2023-06-15T18:15:21.912+0000] {processor.py:743} INFO - Processing file /home/airflow/.local/lib/python3.7/site-packages/airflow/example_dags/example_short_circuit_operator.py for tasks to queue
[2023-06-15T18:15:21.913+0000] {logging_mixin.py:137} INFO - [2023-06-15T18:15:21.913+0000] {dagbag.py:538} INFO - Filling up the DagBag from /home/airflow/.local/lib/python3.7/site-packages/airflow/example_dags/example_short_circuit_operator.py
[2023-06-15T18:15:21.927+0000] {processor.py:753} INFO - DAG(s) dict_keys(['example_short_circuit_operator']) retrieved from /home/airflow/.local/lib/python3.7/site-packages/airflow/example_dags/example_short_circuit_operator.py
[2023-06-15T18:15:21.953+0000] {logging_mixin.py:137} INFO - [2023-06-15T18:15:21.953+0000] {dag.py:2690} INFO - Sync 1 DAGs
[2023-06-15T18:15:21.977+0000] {logging_mixin.py:137} INFO - [2023-06-15T18:15:21.977+0000] {dag.py:3441} INFO - Setting next_dagrun for example_short_circuit_operator to 2023-06-14T18:15:21.977222+00:00, run_after=2023-06-15T18:15:21.977222+00:00
[2023-06-15T18:15:21.993+0000] {processor.py:175} INFO - Processing /home/airflow/.local/lib/python3.7/site-packages/airflow/example_dags/example_short_circuit_operator.py took 0.086 seconds
[2023-06-15T18:15:52.160+0000] {processor.py:153} INFO - Started process (PID=2007) to work on /home/airflow/.local/lib/python3.7/site-packages/airflow/example_dags/example_short_circuit_operator.py
[2023-06-15T18:15:52.162+0000] {processor.py:743} INFO - Processing file /home/airflow/.local/lib/python3.7/site-packages/airflow/example_dags/example_short_circuit_operator.py for tasks to queue
[2023-06-15T18:15:52.163+0000] {logging_mixin.py:137} INFO - [2023-06-15T18:15:52.163+0000] {dagbag.py:538} INFO - Filling up the DagBag from /home/airflow/.local/lib/python3.7/site-packages/airflow/example_dags/example_short_circuit_operator.py
[2023-06-15T18:15:52.179+0000] {processor.py:753} INFO - DAG(s) dict_keys(['example_short_circuit_operator']) retrieved from /home/airflow/.local/lib/python3.7/site-packages/airflow/example_dags/example_short_circuit_operator.py
[2023-06-15T18:15:52.205+0000] {logging_mixin.py:137} INFO - [2023-06-15T18:15:52.205+0000] {dag.py:2690} INFO - Sync 1 DAGs
[2023-06-15T18:15:52.226+0000] {logging_mixin.py:137} INFO - [2023-06-15T18:15:52.226+0000] {dag.py:3441} INFO - Setting next_dagrun for example_short_circuit_operator to 2023-06-14T18:15:52.226188+00:00, run_after=2023-06-15T18:15:52.226188+00:00
[2023-06-15T18:15:52.241+0000] {processor.py:175} INFO - Processing /home/airflow/.local/lib/python3.7/site-packages/airflow/example_dags/example_short_circuit_operator.py took 0.085 seconds
[2023-06-15T18:16:22.827+0000] {processor.py:153} INFO - Started process (PID=2084) to work on /home/airflow/.local/lib/python3.7/site-packages/airflow/example_dags/example_short_circuit_operator.py
[2023-06-15T18:16:22.828+0000] {processor.py:743} INFO - Processing file /home/airflow/.local/lib/python3.7/site-packages/airflow/example_dags/example_short_circuit_operator.py for tasks to queue
[2023-06-15T18:16:22.829+0000] {logging_mixin.py:137} INFO - [2023-06-15T18:16:22.829+0000] {dagbag.py:538} INFO - Filling up the DagBag from /home/airflow/.local/lib/python3.7/site-packages/airflow/example_dags/example_short_circuit_operator.py
[2023-06-15T18:16:22.844+0000] {processor.py:753} INFO - DAG(s) dict_keys(['example_short_circuit_operator']) retrieved from /home/airflow/.local/lib/python3.7/site-packages/airflow/example_dags/example_short_circuit_operator.py
[2023-06-15T18:16:22.871+0000] {logging_mixin.py:137} INFO - [2023-06-15T18:16:22.871+0000] {dag.py:2690} INFO - Sync 1 DAGs
[2023-06-15T18:16:22.890+0000] {logging_mixin.py:137} INFO - [2023-06-15T18:16:22.890+0000] {dag.py:3441} INFO - Setting next_dagrun for example_short_circuit_operator to 2023-06-14T18:16:22.889765+00:00, run_after=2023-06-15T18:16:22.889765+00:00
[2023-06-15T18:16:22.907+0000] {processor.py:175} INFO - Processing /home/airflow/.local/lib/python3.7/site-packages/airflow/example_dags/example_short_circuit_operator.py took 0.083 seconds
[2023-06-15T18:16:53.424+0000] {processor.py:153} INFO - Started process (PID=2161) to work on /home/airflow/.local/lib/python3.7/site-packages/airflow/example_dags/example_short_circuit_operator.py
[2023-06-15T18:16:53.425+0000] {processor.py:743} INFO - Processing file /home/airflow/.local/lib/python3.7/site-packages/airflow/example_dags/example_short_circuit_operator.py for tasks to queue
[2023-06-15T18:16:53.426+0000] {logging_mixin.py:137} INFO - [2023-06-15T18:16:53.426+0000] {dagbag.py:538} INFO - Filling up the DagBag from /home/airflow/.local/lib/python3.7/site-packages/airflow/example_dags/example_short_circuit_operator.py
[2023-06-15T18:16:53.439+0000] {processor.py:753} INFO - DAG(s) dict_keys(['example_short_circuit_operator']) retrieved from /home/airflow/.local/lib/python3.7/site-packages/airflow/example_dags/example_short_circuit_operator.py
[2023-06-15T18:16:53.464+0000] {logging_mixin.py:137} INFO - [2023-06-15T18:16:53.464+0000] {dag.py:2690} INFO - Sync 1 DAGs
[2023-06-15T18:16:53.483+0000] {logging_mixin.py:137} INFO - [2023-06-15T18:16:53.483+0000] {dag.py:3441} INFO - Setting next_dagrun for example_short_circuit_operator to 2023-06-14T18:16:53.483190+00:00, run_after=2023-06-15T18:16:53.483190+00:00
[2023-06-15T18:16:53.498+0000] {processor.py:175} INFO - Processing /home/airflow/.local/lib/python3.7/site-packages/airflow/example_dags/example_short_circuit_operator.py took 0.078 seconds
[2023-06-15T18:17:23.801+0000] {processor.py:153} INFO - Started process (PID=2226) to work on /home/airflow/.local/lib/python3.7/site-packages/airflow/example_dags/example_short_circuit_operator.py
[2023-06-15T18:17:23.803+0000] {processor.py:743} INFO - Processing file /home/airflow/.local/lib/python3.7/site-packages/airflow/example_dags/example_short_circuit_operator.py for tasks to queue
[2023-06-15T18:17:23.804+0000] {logging_mixin.py:137} INFO - [2023-06-15T18:17:23.804+0000] {dagbag.py:538} INFO - Filling up the DagBag from /home/airflow/.local/lib/python3.7/site-packages/airflow/example_dags/example_short_circuit_operator.py
[2023-06-15T18:17:23.819+0000] {processor.py:753} INFO - DAG(s) dict_keys(['example_short_circuit_operator']) retrieved from /home/airflow/.local/lib/python3.7/site-packages/airflow/example_dags/example_short_circuit_operator.py
[2023-06-15T18:17:23.847+0000] {logging_mixin.py:137} INFO - [2023-06-15T18:17:23.847+0000] {dag.py:2690} INFO - Sync 1 DAGs
[2023-06-15T18:17:23.867+0000] {logging_mixin.py:137} INFO - [2023-06-15T18:17:23.866+0000] {dag.py:3441} INFO - Setting next_dagrun for example_short_circuit_operator to 2023-06-14T18:17:23.866733+00:00, run_after=2023-06-15T18:17:23.866733+00:00
[2023-06-15T18:17:23.880+0000] {processor.py:175} INFO - Processing /home/airflow/.local/lib/python3.7/site-packages/airflow/example_dags/example_short_circuit_operator.py took 0.082 seconds
[2023-06-15T18:44:53.715+0000] {processor.py:153} INFO - Started process (PID=2310) to work on /home/airflow/.local/lib/python3.7/site-packages/airflow/example_dags/example_short_circuit_operator.py
[2023-06-15T18:44:53.716+0000] {processor.py:743} INFO - Processing file /home/airflow/.local/lib/python3.7/site-packages/airflow/example_dags/example_short_circuit_operator.py for tasks to queue
[2023-06-15T18:44:53.717+0000] {logging_mixin.py:137} INFO - [2023-06-15T18:44:53.717+0000] {dagbag.py:538} INFO - Filling up the DagBag from /home/airflow/.local/lib/python3.7/site-packages/airflow/example_dags/example_short_circuit_operator.py
[2023-06-15T18:44:53.732+0000] {processor.py:753} INFO - DAG(s) dict_keys(['example_short_circuit_operator']) retrieved from /home/airflow/.local/lib/python3.7/site-packages/airflow/example_dags/example_short_circuit_operator.py
[2023-06-15T18:44:53.757+0000] {logging_mixin.py:137} INFO - [2023-06-15T18:44:53.757+0000] {dag.py:2690} INFO - Sync 1 DAGs
[2023-06-15T18:44:53.777+0000] {logging_mixin.py:137} INFO - [2023-06-15T18:44:53.777+0000] {dag.py:3441} INFO - Setting next_dagrun for example_short_circuit_operator to 2023-06-14T18:44:53.777072+00:00, run_after=2023-06-15T18:44:53.777072+00:00
[2023-06-15T18:44:53.791+0000] {processor.py:175} INFO - Processing /home/airflow/.local/lib/python3.7/site-packages/airflow/example_dags/example_short_circuit_operator.py took 0.080 seconds
[2023-06-15T18:45:24.276+0000] {processor.py:153} INFO - Started process (PID=2376) to work on /home/airflow/.local/lib/python3.7/site-packages/airflow/example_dags/example_short_circuit_operator.py
[2023-06-15T18:45:24.278+0000] {processor.py:743} INFO - Processing file /home/airflow/.local/lib/python3.7/site-packages/airflow/example_dags/example_short_circuit_operator.py for tasks to queue
[2023-06-15T18:45:24.279+0000] {logging_mixin.py:137} INFO - [2023-06-15T18:45:24.278+0000] {dagbag.py:538} INFO - Filling up the DagBag from /home/airflow/.local/lib/python3.7/site-packages/airflow/example_dags/example_short_circuit_operator.py
[2023-06-15T18:45:24.293+0000] {processor.py:753} INFO - DAG(s) dict_keys(['example_short_circuit_operator']) retrieved from /home/airflow/.local/lib/python3.7/site-packages/airflow/example_dags/example_short_circuit_operator.py
[2023-06-15T18:45:24.323+0000] {logging_mixin.py:137} INFO - [2023-06-15T18:45:24.323+0000] {dag.py:2690} INFO - Sync 1 DAGs
[2023-06-15T18:45:24.341+0000] {logging_mixin.py:137} INFO - [2023-06-15T18:45:24.341+0000] {dag.py:3441} INFO - Setting next_dagrun for example_short_circuit_operator to 2023-06-14T18:45:24.341513+00:00, run_after=2023-06-15T18:45:24.341513+00:00
[2023-06-15T18:45:24.355+0000] {processor.py:175} INFO - Processing /home/airflow/.local/lib/python3.7/site-packages/airflow/example_dags/example_short_circuit_operator.py took 0.083 seconds
[2023-06-15T18:45:55.057+0000] {processor.py:153} INFO - Started process (PID=2453) to work on /home/airflow/.local/lib/python3.7/site-packages/airflow/example_dags/example_short_circuit_operator.py
[2023-06-15T18:45:55.060+0000] {processor.py:743} INFO - Processing file /home/airflow/.local/lib/python3.7/site-packages/airflow/example_dags/example_short_circuit_operator.py for tasks to queue
[2023-06-15T18:45:55.061+0000] {logging_mixin.py:137} INFO - [2023-06-15T18:45:55.061+0000] {dagbag.py:538} INFO - Filling up the DagBag from /home/airflow/.local/lib/python3.7/site-packages/airflow/example_dags/example_short_circuit_operator.py
[2023-06-15T18:45:55.081+0000] {processor.py:753} INFO - DAG(s) dict_keys(['example_short_circuit_operator']) retrieved from /home/airflow/.local/lib/python3.7/site-packages/airflow/example_dags/example_short_circuit_operator.py
[2023-06-15T18:45:55.112+0000] {logging_mixin.py:137} INFO - [2023-06-15T18:45:55.112+0000] {dag.py:2690} INFO - Sync 1 DAGs
[2023-06-15T18:45:55.133+0000] {logging_mixin.py:137} INFO - [2023-06-15T18:45:55.133+0000] {dag.py:3441} INFO - Setting next_dagrun for example_short_circuit_operator to 2023-06-14T18:45:55.133366+00:00, run_after=2023-06-15T18:45:55.133366+00:00
[2023-06-15T18:45:55.150+0000] {processor.py:175} INFO - Processing /home/airflow/.local/lib/python3.7/site-packages/airflow/example_dags/example_short_circuit_operator.py took 0.099 seconds
[2023-06-15T18:46:26.166+0000] {processor.py:153} INFO - Started process (PID=2530) to work on /home/airflow/.local/lib/python3.7/site-packages/airflow/example_dags/example_short_circuit_operator.py
[2023-06-15T18:46:26.168+0000] {processor.py:743} INFO - Processing file /home/airflow/.local/lib/python3.7/site-packages/airflow/example_dags/example_short_circuit_operator.py for tasks to queue
[2023-06-15T18:46:26.169+0000] {logging_mixin.py:137} INFO - [2023-06-15T18:46:26.169+0000] {dagbag.py:538} INFO - Filling up the DagBag from /home/airflow/.local/lib/python3.7/site-packages/airflow/example_dags/example_short_circuit_operator.py
[2023-06-15T18:46:26.183+0000] {processor.py:753} INFO - DAG(s) dict_keys(['example_short_circuit_operator']) retrieved from /home/airflow/.local/lib/python3.7/site-packages/airflow/example_dags/example_short_circuit_operator.py
[2023-06-15T18:46:26.209+0000] {logging_mixin.py:137} INFO - [2023-06-15T18:46:26.209+0000] {dag.py:2690} INFO - Sync 1 DAGs
[2023-06-15T18:46:26.229+0000] {logging_mixin.py:137} INFO - [2023-06-15T18:46:26.229+0000] {dag.py:3441} INFO - Setting next_dagrun for example_short_circuit_operator to 2023-06-14T18:46:26.228865+00:00, run_after=2023-06-15T18:46:26.228865+00:00
[2023-06-15T18:46:26.242+0000] {processor.py:175} INFO - Processing /home/airflow/.local/lib/python3.7/site-packages/airflow/example_dags/example_short_circuit_operator.py took 0.080 seconds
[2023-06-15T18:46:57.117+0000] {processor.py:153} INFO - Started process (PID=2595) to work on /home/airflow/.local/lib/python3.7/site-packages/airflow/example_dags/example_short_circuit_operator.py
[2023-06-15T18:46:57.118+0000] {processor.py:743} INFO - Processing file /home/airflow/.local/lib/python3.7/site-packages/airflow/example_dags/example_short_circuit_operator.py for tasks to queue
[2023-06-15T18:46:57.119+0000] {logging_mixin.py:137} INFO - [2023-06-15T18:46:57.119+0000] {dagbag.py:538} INFO - Filling up the DagBag from /home/airflow/.local/lib/python3.7/site-packages/airflow/example_dags/example_short_circuit_operator.py
[2023-06-15T18:46:57.133+0000] {processor.py:753} INFO - DAG(s) dict_keys(['example_short_circuit_operator']) retrieved from /home/airflow/.local/lib/python3.7/site-packages/airflow/example_dags/example_short_circuit_operator.py
[2023-06-15T18:46:57.156+0000] {logging_mixin.py:137} INFO - [2023-06-15T18:46:57.156+0000] {dag.py:2690} INFO - Sync 1 DAGs
[2023-06-15T18:46:57.174+0000] {logging_mixin.py:137} INFO - [2023-06-15T18:46:57.174+0000] {dag.py:3441} INFO - Setting next_dagrun for example_short_circuit_operator to 2023-06-14T18:46:57.174581+00:00, run_after=2023-06-15T18:46:57.174581+00:00
[2023-06-15T18:46:57.188+0000] {processor.py:175} INFO - Processing /home/airflow/.local/lib/python3.7/site-packages/airflow/example_dags/example_short_circuit_operator.py took 0.075 seconds
[2023-06-15T18:47:27.364+0000] {processor.py:153} INFO - Started process (PID=2672) to work on /home/airflow/.local/lib/python3.7/site-packages/airflow/example_dags/example_short_circuit_operator.py
[2023-06-15T18:47:27.365+0000] {processor.py:743} INFO - Processing file /home/airflow/.local/lib/python3.7/site-packages/airflow/example_dags/example_short_circuit_operator.py for tasks to queue
[2023-06-15T18:47:27.366+0000] {logging_mixin.py:137} INFO - [2023-06-15T18:47:27.366+0000] {dagbag.py:538} INFO - Filling up the DagBag from /home/airflow/.local/lib/python3.7/site-packages/airflow/example_dags/example_short_circuit_operator.py
[2023-06-15T18:47:27.380+0000] {processor.py:753} INFO - DAG(s) dict_keys(['example_short_circuit_operator']) retrieved from /home/airflow/.local/lib/python3.7/site-packages/airflow/example_dags/example_short_circuit_operator.py
[2023-06-15T18:47:27.405+0000] {logging_mixin.py:137} INFO - [2023-06-15T18:47:27.405+0000] {dag.py:2690} INFO - Sync 1 DAGs
[2023-06-15T18:47:27.427+0000] {logging_mixin.py:137} INFO - [2023-06-15T18:47:27.427+0000] {dag.py:3441} INFO - Setting next_dagrun for example_short_circuit_operator to 2023-06-14T18:47:27.427545+00:00, run_after=2023-06-15T18:47:27.427545+00:00
[2023-06-15T18:47:27.444+0000] {processor.py:175} INFO - Processing /home/airflow/.local/lib/python3.7/site-packages/airflow/example_dags/example_short_circuit_operator.py took 0.083 seconds
[2023-06-15T18:47:58.020+0000] {processor.py:153} INFO - Started process (PID=2749) to work on /home/airflow/.local/lib/python3.7/site-packages/airflow/example_dags/example_short_circuit_operator.py
[2023-06-15T18:47:58.022+0000] {processor.py:743} INFO - Processing file /home/airflow/.local/lib/python3.7/site-packages/airflow/example_dags/example_short_circuit_operator.py for tasks to queue
[2023-06-15T18:47:58.023+0000] {logging_mixin.py:137} INFO - [2023-06-15T18:47:58.023+0000] {dagbag.py:538} INFO - Filling up the DagBag from /home/airflow/.local/lib/python3.7/site-packages/airflow/example_dags/example_short_circuit_operator.py
[2023-06-15T18:47:58.037+0000] {processor.py:753} INFO - DAG(s) dict_keys(['example_short_circuit_operator']) retrieved from /home/airflow/.local/lib/python3.7/site-packages/airflow/example_dags/example_short_circuit_operator.py
[2023-06-15T18:47:58.063+0000] {logging_mixin.py:137} INFO - [2023-06-15T18:47:58.063+0000] {dag.py:2690} INFO - Sync 1 DAGs
[2023-06-15T18:47:58.081+0000] {logging_mixin.py:137} INFO - [2023-06-15T18:47:58.080+0000] {dag.py:3441} INFO - Setting next_dagrun for example_short_circuit_operator to 2023-06-14T18:47:58.080715+00:00, run_after=2023-06-15T18:47:58.080715+00:00
[2023-06-15T18:47:58.095+0000] {processor.py:175} INFO - Processing /home/airflow/.local/lib/python3.7/site-packages/airflow/example_dags/example_short_circuit_operator.py took 0.078 seconds
[2023-06-15T18:48:31.284+0000] {processor.py:153} INFO - Started process (PID=2814) to work on /home/airflow/.local/lib/python3.7/site-packages/airflow/example_dags/example_short_circuit_operator.py
[2023-06-15T18:48:31.285+0000] {processor.py:743} INFO - Processing file /home/airflow/.local/lib/python3.7/site-packages/airflow/example_dags/example_short_circuit_operator.py for tasks to queue
[2023-06-15T18:48:31.286+0000] {logging_mixin.py:137} INFO - [2023-06-15T18:48:31.286+0000] {dagbag.py:538} INFO - Filling up the DagBag from /home/airflow/.local/lib/python3.7/site-packages/airflow/example_dags/example_short_circuit_operator.py
[2023-06-15T18:48:31.300+0000] {processor.py:753} INFO - DAG(s) dict_keys(['example_short_circuit_operator']) retrieved from /home/airflow/.local/lib/python3.7/site-packages/airflow/example_dags/example_short_circuit_operator.py
[2023-06-15T18:48:31.325+0000] {logging_mixin.py:137} INFO - [2023-06-15T18:48:31.325+0000] {dag.py:2690} INFO - Sync 1 DAGs
[2023-06-15T18:48:31.345+0000] {logging_mixin.py:137} INFO - [2023-06-15T18:48:31.345+0000] {dag.py:3441} INFO - Setting next_dagrun for example_short_circuit_operator to 2023-06-14T18:48:31.345289+00:00, run_after=2023-06-15T18:48:31.345289+00:00
[2023-06-15T18:48:31.360+0000] {processor.py:175} INFO - Processing /home/airflow/.local/lib/python3.7/site-packages/airflow/example_dags/example_short_circuit_operator.py took 0.080 seconds
[2023-06-15T18:49:02.562+0000] {processor.py:153} INFO - Started process (PID=2879) to work on /home/airflow/.local/lib/python3.7/site-packages/airflow/example_dags/example_short_circuit_operator.py
[2023-06-15T18:49:02.564+0000] {processor.py:743} INFO - Processing file /home/airflow/.local/lib/python3.7/site-packages/airflow/example_dags/example_short_circuit_operator.py for tasks to queue
[2023-06-15T18:49:02.565+0000] {logging_mixin.py:137} INFO - [2023-06-15T18:49:02.565+0000] {dagbag.py:538} INFO - Filling up the DagBag from /home/airflow/.local/lib/python3.7/site-packages/airflow/example_dags/example_short_circuit_operator.py
[2023-06-15T18:49:02.587+0000] {processor.py:753} INFO - DAG(s) dict_keys(['example_short_circuit_operator']) retrieved from /home/airflow/.local/lib/python3.7/site-packages/airflow/example_dags/example_short_circuit_operator.py
[2023-06-15T18:49:02.616+0000] {logging_mixin.py:137} INFO - [2023-06-15T18:49:02.616+0000] {dag.py:2690} INFO - Sync 1 DAGs
[2023-06-15T18:49:02.638+0000] {logging_mixin.py:137} INFO - [2023-06-15T18:49:02.638+0000] {dag.py:3441} INFO - Setting next_dagrun for example_short_circuit_operator to 2023-06-14T18:49:02.638122+00:00, run_after=2023-06-15T18:49:02.638122+00:00
[2023-06-15T18:49:02.658+0000] {processor.py:175} INFO - Processing /home/airflow/.local/lib/python3.7/site-packages/airflow/example_dags/example_short_circuit_operator.py took 0.100 seconds
[2023-06-15T18:49:32.784+0000] {processor.py:153} INFO - Started process (PID=2957) to work on /home/airflow/.local/lib/python3.7/site-packages/airflow/example_dags/example_short_circuit_operator.py
[2023-06-15T18:49:32.786+0000] {processor.py:743} INFO - Processing file /home/airflow/.local/lib/python3.7/site-packages/airflow/example_dags/example_short_circuit_operator.py for tasks to queue
[2023-06-15T18:49:32.787+0000] {logging_mixin.py:137} INFO - [2023-06-15T18:49:32.787+0000] {dagbag.py:538} INFO - Filling up the DagBag from /home/airflow/.local/lib/python3.7/site-packages/airflow/example_dags/example_short_circuit_operator.py
[2023-06-15T18:49:32.802+0000] {processor.py:753} INFO - DAG(s) dict_keys(['example_short_circuit_operator']) retrieved from /home/airflow/.local/lib/python3.7/site-packages/airflow/example_dags/example_short_circuit_operator.py
[2023-06-15T18:49:32.828+0000] {logging_mixin.py:137} INFO - [2023-06-15T18:49:32.827+0000] {dag.py:2690} INFO - Sync 1 DAGs
[2023-06-15T18:49:32.849+0000] {logging_mixin.py:137} INFO - [2023-06-15T18:49:32.849+0000] {dag.py:3441} INFO - Setting next_dagrun for example_short_circuit_operator to 2023-06-14T18:49:32.849140+00:00, run_after=2023-06-15T18:49:32.849140+00:00
[2023-06-15T18:49:32.871+0000] {processor.py:175} INFO - Processing /home/airflow/.local/lib/python3.7/site-packages/airflow/example_dags/example_short_circuit_operator.py took 0.091 seconds
[2023-06-15T18:50:03.936+0000] {processor.py:153} INFO - Started process (PID=3035) to work on /home/airflow/.local/lib/python3.7/site-packages/airflow/example_dags/example_short_circuit_operator.py
[2023-06-15T18:50:03.937+0000] {processor.py:743} INFO - Processing file /home/airflow/.local/lib/python3.7/site-packages/airflow/example_dags/example_short_circuit_operator.py for tasks to queue
[2023-06-15T18:50:03.938+0000] {logging_mixin.py:137} INFO - [2023-06-15T18:50:03.938+0000] {dagbag.py:538} INFO - Filling up the DagBag from /home/airflow/.local/lib/python3.7/site-packages/airflow/example_dags/example_short_circuit_operator.py
[2023-06-15T18:50:03.952+0000] {processor.py:753} INFO - DAG(s) dict_keys(['example_short_circuit_operator']) retrieved from /home/airflow/.local/lib/python3.7/site-packages/airflow/example_dags/example_short_circuit_operator.py
[2023-06-15T18:50:03.977+0000] {logging_mixin.py:137} INFO - [2023-06-15T18:50:03.977+0000] {dag.py:2690} INFO - Sync 1 DAGs
[2023-06-15T18:50:03.996+0000] {logging_mixin.py:137} INFO - [2023-06-15T18:50:03.996+0000] {dag.py:3441} INFO - Setting next_dagrun for example_short_circuit_operator to 2023-06-14T18:50:03.995776+00:00, run_after=2023-06-15T18:50:03.995776+00:00
[2023-06-15T18:50:04.009+0000] {processor.py:175} INFO - Processing /home/airflow/.local/lib/python3.7/site-packages/airflow/example_dags/example_short_circuit_operator.py took 0.076 seconds
[2023-06-15T18:50:35.197+0000] {processor.py:153} INFO - Started process (PID=3100) to work on /home/airflow/.local/lib/python3.7/site-packages/airflow/example_dags/example_short_circuit_operator.py
[2023-06-15T18:50:35.199+0000] {processor.py:743} INFO - Processing file /home/airflow/.local/lib/python3.7/site-packages/airflow/example_dags/example_short_circuit_operator.py for tasks to queue
[2023-06-15T18:50:35.200+0000] {logging_mixin.py:137} INFO - [2023-06-15T18:50:35.199+0000] {dagbag.py:538} INFO - Filling up the DagBag from /home/airflow/.local/lib/python3.7/site-packages/airflow/example_dags/example_short_circuit_operator.py
[2023-06-15T18:50:35.213+0000] {processor.py:753} INFO - DAG(s) dict_keys(['example_short_circuit_operator']) retrieved from /home/airflow/.local/lib/python3.7/site-packages/airflow/example_dags/example_short_circuit_operator.py
[2023-06-15T18:50:35.237+0000] {logging_mixin.py:137} INFO - [2023-06-15T18:50:35.237+0000] {dag.py:2690} INFO - Sync 1 DAGs
[2023-06-15T18:50:35.256+0000] {logging_mixin.py:137} INFO - [2023-06-15T18:50:35.256+0000] {dag.py:3441} INFO - Setting next_dagrun for example_short_circuit_operator to 2023-06-14T18:50:35.256341+00:00, run_after=2023-06-15T18:50:35.256341+00:00
[2023-06-15T18:50:35.271+0000] {processor.py:175} INFO - Processing /home/airflow/.local/lib/python3.7/site-packages/airflow/example_dags/example_short_circuit_operator.py took 0.078 seconds
