[2023-06-15T18:02:02.806+0000] {processor.py:153} INFO - Started process (PID=65) to work on /home/airflow/.local/lib/python3.7/site-packages/airflow/example_dags/example_sensors.py
[2023-06-15T18:02:02.808+0000] {processor.py:743} INFO - Processing file /home/airflow/.local/lib/python3.7/site-packages/airflow/example_dags/example_sensors.py for tasks to queue
[2023-06-15T18:02:02.810+0000] {logging_mixin.py:137} INFO - [2023-06-15T18:02:02.810+0000] {dagbag.py:538} INFO - Filling up the DagBag from /home/airflow/.local/lib/python3.7/site-packages/airflow/example_dags/example_sensors.py
[2023-06-15T18:02:02.886+0000] {processor.py:753} INFO - DAG(s) dict_keys(['example_sensors']) retrieved from /home/airflow/.local/lib/python3.7/site-packages/airflow/example_dags/example_sensors.py
[2023-06-15T18:02:02.937+0000] {logging_mixin.py:137} INFO - [2023-06-15T18:02:02.937+0000] {dag.py:2690} INFO - Sync 1 DAGs
[2023-06-15T18:02:03.004+0000] {logging_mixin.py:137} INFO - [2023-06-15T18:02:03.004+0000] {dag.py:3441} INFO - Setting next_dagrun for example_sensors to None, run_after=None
[2023-06-15T18:02:03.039+0000] {processor.py:175} INFO - Processing /home/airflow/.local/lib/python3.7/site-packages/airflow/example_dags/example_sensors.py took 0.242 seconds
[2023-06-15T18:02:33.953+0000] {processor.py:153} INFO - Started process (PID=129) to work on /home/airflow/.local/lib/python3.7/site-packages/airflow/example_dags/example_sensors.py
[2023-06-15T18:02:33.954+0000] {processor.py:743} INFO - Processing file /home/airflow/.local/lib/python3.7/site-packages/airflow/example_dags/example_sensors.py for tasks to queue
[2023-06-15T18:02:33.956+0000] {logging_mixin.py:137} INFO - [2023-06-15T18:02:33.955+0000] {dagbag.py:538} INFO - Filling up the DagBag from /home/airflow/.local/lib/python3.7/site-packages/airflow/example_dags/example_sensors.py
[2023-06-15T18:02:33.975+0000] {processor.py:753} INFO - DAG(s) dict_keys(['example_sensors']) retrieved from /home/airflow/.local/lib/python3.7/site-packages/airflow/example_dags/example_sensors.py
[2023-06-15T18:02:34.000+0000] {logging_mixin.py:137} INFO - [2023-06-15T18:02:34.000+0000] {dag.py:2690} INFO - Sync 1 DAGs
[2023-06-15T18:02:34.019+0000] {logging_mixin.py:137} INFO - [2023-06-15T18:02:34.019+0000] {dag.py:3441} INFO - Setting next_dagrun for example_sensors to None, run_after=None
[2023-06-15T18:02:34.033+0000] {processor.py:175} INFO - Processing /home/airflow/.local/lib/python3.7/site-packages/airflow/example_dags/example_sensors.py took 0.084 seconds
[2023-06-15T18:03:04.860+0000] {processor.py:153} INFO - Started process (PID=205) to work on /home/airflow/.local/lib/python3.7/site-packages/airflow/example_dags/example_sensors.py
[2023-06-15T18:03:04.861+0000] {processor.py:743} INFO - Processing file /home/airflow/.local/lib/python3.7/site-packages/airflow/example_dags/example_sensors.py for tasks to queue
[2023-06-15T18:03:04.862+0000] {logging_mixin.py:137} INFO - [2023-06-15T18:03:04.862+0000] {dagbag.py:538} INFO - Filling up the DagBag from /home/airflow/.local/lib/python3.7/site-packages/airflow/example_dags/example_sensors.py
[2023-06-15T18:03:04.880+0000] {processor.py:753} INFO - DAG(s) dict_keys(['example_sensors']) retrieved from /home/airflow/.local/lib/python3.7/site-packages/airflow/example_dags/example_sensors.py
[2023-06-15T18:03:04.906+0000] {logging_mixin.py:137} INFO - [2023-06-15T18:03:04.906+0000] {dag.py:2690} INFO - Sync 1 DAGs
[2023-06-15T18:03:04.924+0000] {logging_mixin.py:137} INFO - [2023-06-15T18:03:04.924+0000] {dag.py:3441} INFO - Setting next_dagrun for example_sensors to None, run_after=None
[2023-06-15T18:03:04.939+0000] {processor.py:175} INFO - Processing /home/airflow/.local/lib/python3.7/site-packages/airflow/example_dags/example_sensors.py took 0.083 seconds
[2023-06-15T18:03:35.798+0000] {processor.py:153} INFO - Started process (PID=270) to work on /home/airflow/.local/lib/python3.7/site-packages/airflow/example_dags/example_sensors.py
[2023-06-15T18:03:35.800+0000] {processor.py:743} INFO - Processing file /home/airflow/.local/lib/python3.7/site-packages/airflow/example_dags/example_sensors.py for tasks to queue
[2023-06-15T18:03:35.801+0000] {logging_mixin.py:137} INFO - [2023-06-15T18:03:35.801+0000] {dagbag.py:538} INFO - Filling up the DagBag from /home/airflow/.local/lib/python3.7/site-packages/airflow/example_dags/example_sensors.py
[2023-06-15T18:03:35.819+0000] {processor.py:753} INFO - DAG(s) dict_keys(['example_sensors']) retrieved from /home/airflow/.local/lib/python3.7/site-packages/airflow/example_dags/example_sensors.py
[2023-06-15T18:03:35.852+0000] {logging_mixin.py:137} INFO - [2023-06-15T18:03:35.852+0000] {dag.py:2690} INFO - Sync 1 DAGs
[2023-06-15T18:03:35.875+0000] {logging_mixin.py:137} INFO - [2023-06-15T18:03:35.875+0000] {dag.py:3441} INFO - Setting next_dagrun for example_sensors to None, run_after=None
[2023-06-15T18:03:35.892+0000] {processor.py:175} INFO - Processing /home/airflow/.local/lib/python3.7/site-packages/airflow/example_dags/example_sensors.py took 0.097 seconds
[2023-06-15T18:04:06.563+0000] {processor.py:153} INFO - Started process (PID=347) to work on /home/airflow/.local/lib/python3.7/site-packages/airflow/example_dags/example_sensors.py
[2023-06-15T18:04:06.565+0000] {processor.py:743} INFO - Processing file /home/airflow/.local/lib/python3.7/site-packages/airflow/example_dags/example_sensors.py for tasks to queue
[2023-06-15T18:04:06.567+0000] {logging_mixin.py:137} INFO - [2023-06-15T18:04:06.567+0000] {dagbag.py:538} INFO - Filling up the DagBag from /home/airflow/.local/lib/python3.7/site-packages/airflow/example_dags/example_sensors.py
[2023-06-15T18:04:06.585+0000] {processor.py:753} INFO - DAG(s) dict_keys(['example_sensors']) retrieved from /home/airflow/.local/lib/python3.7/site-packages/airflow/example_dags/example_sensors.py
[2023-06-15T18:04:06.620+0000] {logging_mixin.py:137} INFO - [2023-06-15T18:04:06.619+0000] {dag.py:2690} INFO - Sync 1 DAGs
[2023-06-15T18:04:06.641+0000] {logging_mixin.py:137} INFO - [2023-06-15T18:04:06.640+0000] {dag.py:3441} INFO - Setting next_dagrun for example_sensors to None, run_after=None
[2023-06-15T18:04:06.656+0000] {processor.py:175} INFO - Processing /home/airflow/.local/lib/python3.7/site-packages/airflow/example_dags/example_sensors.py took 0.098 seconds
[2023-06-15T18:04:37.070+0000] {processor.py:153} INFO - Started process (PID=421) to work on /home/airflow/.local/lib/python3.7/site-packages/airflow/example_dags/example_sensors.py
[2023-06-15T18:04:37.072+0000] {processor.py:743} INFO - Processing file /home/airflow/.local/lib/python3.7/site-packages/airflow/example_dags/example_sensors.py for tasks to queue
[2023-06-15T18:04:37.075+0000] {logging_mixin.py:137} INFO - [2023-06-15T18:04:37.074+0000] {dagbag.py:538} INFO - Filling up the DagBag from /home/airflow/.local/lib/python3.7/site-packages/airflow/example_dags/example_sensors.py
[2023-06-15T18:04:37.094+0000] {processor.py:753} INFO - DAG(s) dict_keys(['example_sensors']) retrieved from /home/airflow/.local/lib/python3.7/site-packages/airflow/example_dags/example_sensors.py
[2023-06-15T18:04:37.131+0000] {logging_mixin.py:137} INFO - [2023-06-15T18:04:37.131+0000] {dag.py:2690} INFO - Sync 1 DAGs
[2023-06-15T18:04:37.152+0000] {logging_mixin.py:137} INFO - [2023-06-15T18:04:37.152+0000] {dag.py:3441} INFO - Setting next_dagrun for example_sensors to None, run_after=None
[2023-06-15T18:04:37.168+0000] {processor.py:175} INFO - Processing /home/airflow/.local/lib/python3.7/site-packages/airflow/example_dags/example_sensors.py took 0.101 seconds
[2023-06-15T18:05:07.900+0000] {processor.py:153} INFO - Started process (PID=488) to work on /home/airflow/.local/lib/python3.7/site-packages/airflow/example_dags/example_sensors.py
[2023-06-15T18:05:07.901+0000] {processor.py:743} INFO - Processing file /home/airflow/.local/lib/python3.7/site-packages/airflow/example_dags/example_sensors.py for tasks to queue
[2023-06-15T18:05:07.902+0000] {logging_mixin.py:137} INFO - [2023-06-15T18:05:07.902+0000] {dagbag.py:538} INFO - Filling up the DagBag from /home/airflow/.local/lib/python3.7/site-packages/airflow/example_dags/example_sensors.py
[2023-06-15T18:05:07.918+0000] {processor.py:753} INFO - DAG(s) dict_keys(['example_sensors']) retrieved from /home/airflow/.local/lib/python3.7/site-packages/airflow/example_dags/example_sensors.py
[2023-06-15T18:05:07.944+0000] {logging_mixin.py:137} INFO - [2023-06-15T18:05:07.944+0000] {dag.py:2690} INFO - Sync 1 DAGs
[2023-06-15T18:05:07.962+0000] {logging_mixin.py:137} INFO - [2023-06-15T18:05:07.962+0000] {dag.py:3441} INFO - Setting next_dagrun for example_sensors to None, run_after=None
[2023-06-15T18:05:07.975+0000] {processor.py:175} INFO - Processing /home/airflow/.local/lib/python3.7/site-packages/airflow/example_dags/example_sensors.py took 0.079 seconds
[2023-06-15T18:05:38.657+0000] {processor.py:153} INFO - Started process (PID=563) to work on /home/airflow/.local/lib/python3.7/site-packages/airflow/example_dags/example_sensors.py
[2023-06-15T18:05:38.659+0000] {processor.py:743} INFO - Processing file /home/airflow/.local/lib/python3.7/site-packages/airflow/example_dags/example_sensors.py for tasks to queue
[2023-06-15T18:05:38.660+0000] {logging_mixin.py:137} INFO - [2023-06-15T18:05:38.659+0000] {dagbag.py:538} INFO - Filling up the DagBag from /home/airflow/.local/lib/python3.7/site-packages/airflow/example_dags/example_sensors.py
[2023-06-15T18:05:38.676+0000] {processor.py:753} INFO - DAG(s) dict_keys(['example_sensors']) retrieved from /home/airflow/.local/lib/python3.7/site-packages/airflow/example_dags/example_sensors.py
[2023-06-15T18:05:38.705+0000] {logging_mixin.py:137} INFO - [2023-06-15T18:05:38.704+0000] {dag.py:2690} INFO - Sync 1 DAGs
[2023-06-15T18:05:38.724+0000] {logging_mixin.py:137} INFO - [2023-06-15T18:05:38.724+0000] {dag.py:3441} INFO - Setting next_dagrun for example_sensors to None, run_after=None
[2023-06-15T18:05:38.738+0000] {processor.py:175} INFO - Processing /home/airflow/.local/lib/python3.7/site-packages/airflow/example_dags/example_sensors.py took 0.084 seconds
[2023-06-15T18:06:09.676+0000] {processor.py:153} INFO - Started process (PID=628) to work on /home/airflow/.local/lib/python3.7/site-packages/airflow/example_dags/example_sensors.py
[2023-06-15T18:06:09.677+0000] {processor.py:743} INFO - Processing file /home/airflow/.local/lib/python3.7/site-packages/airflow/example_dags/example_sensors.py for tasks to queue
[2023-06-15T18:06:09.678+0000] {logging_mixin.py:137} INFO - [2023-06-15T18:06:09.678+0000] {dagbag.py:538} INFO - Filling up the DagBag from /home/airflow/.local/lib/python3.7/site-packages/airflow/example_dags/example_sensors.py
[2023-06-15T18:06:09.696+0000] {processor.py:753} INFO - DAG(s) dict_keys(['example_sensors']) retrieved from /home/airflow/.local/lib/python3.7/site-packages/airflow/example_dags/example_sensors.py
[2023-06-15T18:06:09.723+0000] {logging_mixin.py:137} INFO - [2023-06-15T18:06:09.723+0000] {dag.py:2690} INFO - Sync 1 DAGs
[2023-06-15T18:06:09.744+0000] {logging_mixin.py:137} INFO - [2023-06-15T18:06:09.743+0000] {dag.py:3441} INFO - Setting next_dagrun for example_sensors to None, run_after=None
[2023-06-15T18:06:09.762+0000] {processor.py:175} INFO - Processing /home/airflow/.local/lib/python3.7/site-packages/airflow/example_dags/example_sensors.py took 0.089 seconds
[2023-06-15T18:06:40.581+0000] {processor.py:153} INFO - Started process (PID=703) to work on /home/airflow/.local/lib/python3.7/site-packages/airflow/example_dags/example_sensors.py
[2023-06-15T18:06:40.582+0000] {processor.py:743} INFO - Processing file /home/airflow/.local/lib/python3.7/site-packages/airflow/example_dags/example_sensors.py for tasks to queue
[2023-06-15T18:06:40.583+0000] {logging_mixin.py:137} INFO - [2023-06-15T18:06:40.583+0000] {dagbag.py:538} INFO - Filling up the DagBag from /home/airflow/.local/lib/python3.7/site-packages/airflow/example_dags/example_sensors.py
[2023-06-15T18:06:40.601+0000] {processor.py:753} INFO - DAG(s) dict_keys(['example_sensors']) retrieved from /home/airflow/.local/lib/python3.7/site-packages/airflow/example_dags/example_sensors.py
[2023-06-15T18:06:40.626+0000] {logging_mixin.py:137} INFO - [2023-06-15T18:06:40.626+0000] {dag.py:2690} INFO - Sync 1 DAGs
[2023-06-15T18:06:40.646+0000] {logging_mixin.py:137} INFO - [2023-06-15T18:06:40.646+0000] {dag.py:3441} INFO - Setting next_dagrun for example_sensors to None, run_after=None
[2023-06-15T18:06:40.660+0000] {processor.py:175} INFO - Processing /home/airflow/.local/lib/python3.7/site-packages/airflow/example_dags/example_sensors.py took 0.083 seconds
[2023-06-15T18:07:11.083+0000] {processor.py:153} INFO - Started process (PID=780) to work on /home/airflow/.local/lib/python3.7/site-packages/airflow/example_dags/example_sensors.py
[2023-06-15T18:07:11.085+0000] {processor.py:743} INFO - Processing file /home/airflow/.local/lib/python3.7/site-packages/airflow/example_dags/example_sensors.py for tasks to queue
[2023-06-15T18:07:11.086+0000] {logging_mixin.py:137} INFO - [2023-06-15T18:07:11.086+0000] {dagbag.py:538} INFO - Filling up the DagBag from /home/airflow/.local/lib/python3.7/site-packages/airflow/example_dags/example_sensors.py
[2023-06-15T18:07:11.103+0000] {processor.py:753} INFO - DAG(s) dict_keys(['example_sensors']) retrieved from /home/airflow/.local/lib/python3.7/site-packages/airflow/example_dags/example_sensors.py
[2023-06-15T18:07:11.133+0000] {logging_mixin.py:137} INFO - [2023-06-15T18:07:11.133+0000] {dag.py:2690} INFO - Sync 1 DAGs
[2023-06-15T18:07:11.154+0000] {logging_mixin.py:137} INFO - [2023-06-15T18:07:11.154+0000] {dag.py:3441} INFO - Setting next_dagrun for example_sensors to None, run_after=None
[2023-06-15T18:07:11.169+0000] {processor.py:175} INFO - Processing /home/airflow/.local/lib/python3.7/site-packages/airflow/example_dags/example_sensors.py took 0.089 seconds
[2023-06-15T18:07:42.059+0000] {processor.py:153} INFO - Started process (PID=845) to work on /home/airflow/.local/lib/python3.7/site-packages/airflow/example_dags/example_sensors.py
[2023-06-15T18:07:42.062+0000] {processor.py:743} INFO - Processing file /home/airflow/.local/lib/python3.7/site-packages/airflow/example_dags/example_sensors.py for tasks to queue
[2023-06-15T18:07:42.063+0000] {logging_mixin.py:137} INFO - [2023-06-15T18:07:42.063+0000] {dagbag.py:538} INFO - Filling up the DagBag from /home/airflow/.local/lib/python3.7/site-packages/airflow/example_dags/example_sensors.py
[2023-06-15T18:07:42.094+0000] {processor.py:753} INFO - DAG(s) dict_keys(['example_sensors']) retrieved from /home/airflow/.local/lib/python3.7/site-packages/airflow/example_dags/example_sensors.py
[2023-06-15T18:07:42.140+0000] {logging_mixin.py:137} INFO - [2023-06-15T18:07:42.140+0000] {dag.py:2690} INFO - Sync 1 DAGs
[2023-06-15T18:07:42.163+0000] {logging_mixin.py:137} INFO - [2023-06-15T18:07:42.163+0000] {dag.py:3441} INFO - Setting next_dagrun for example_sensors to None, run_after=None
[2023-06-15T18:07:42.180+0000] {processor.py:175} INFO - Processing /home/airflow/.local/lib/python3.7/site-packages/airflow/example_dags/example_sensors.py took 0.131 seconds
[2023-06-15T18:08:12.323+0000] {processor.py:153} INFO - Started process (PID=921) to work on /home/airflow/.local/lib/python3.7/site-packages/airflow/example_dags/example_sensors.py
[2023-06-15T18:08:12.324+0000] {processor.py:743} INFO - Processing file /home/airflow/.local/lib/python3.7/site-packages/airflow/example_dags/example_sensors.py for tasks to queue
[2023-06-15T18:08:12.325+0000] {logging_mixin.py:137} INFO - [2023-06-15T18:08:12.325+0000] {dagbag.py:538} INFO - Filling up the DagBag from /home/airflow/.local/lib/python3.7/site-packages/airflow/example_dags/example_sensors.py
[2023-06-15T18:08:12.342+0000] {processor.py:753} INFO - DAG(s) dict_keys(['example_sensors']) retrieved from /home/airflow/.local/lib/python3.7/site-packages/airflow/example_dags/example_sensors.py
[2023-06-15T18:08:12.367+0000] {logging_mixin.py:137} INFO - [2023-06-15T18:08:12.367+0000] {dag.py:2690} INFO - Sync 1 DAGs
[2023-06-15T18:08:12.386+0000] {logging_mixin.py:137} INFO - [2023-06-15T18:08:12.386+0000] {dag.py:3441} INFO - Setting next_dagrun for example_sensors to None, run_after=None
[2023-06-15T18:08:12.401+0000] {processor.py:175} INFO - Processing /home/airflow/.local/lib/python3.7/site-packages/airflow/example_dags/example_sensors.py took 0.081 seconds
[2023-06-15T18:08:43.186+0000] {processor.py:153} INFO - Started process (PID=997) to work on /home/airflow/.local/lib/python3.7/site-packages/airflow/example_dags/example_sensors.py
[2023-06-15T18:08:43.188+0000] {processor.py:743} INFO - Processing file /home/airflow/.local/lib/python3.7/site-packages/airflow/example_dags/example_sensors.py for tasks to queue
[2023-06-15T18:08:43.188+0000] {logging_mixin.py:137} INFO - [2023-06-15T18:08:43.188+0000] {dagbag.py:538} INFO - Filling up the DagBag from /home/airflow/.local/lib/python3.7/site-packages/airflow/example_dags/example_sensors.py
[2023-06-15T18:08:43.205+0000] {processor.py:753} INFO - DAG(s) dict_keys(['example_sensors']) retrieved from /home/airflow/.local/lib/python3.7/site-packages/airflow/example_dags/example_sensors.py
[2023-06-15T18:08:43.231+0000] {logging_mixin.py:137} INFO - [2023-06-15T18:08:43.231+0000] {dag.py:2690} INFO - Sync 1 DAGs
[2023-06-15T18:08:43.251+0000] {logging_mixin.py:137} INFO - [2023-06-15T18:08:43.251+0000] {dag.py:3441} INFO - Setting next_dagrun for example_sensors to None, run_after=None
[2023-06-15T18:08:43.267+0000] {processor.py:175} INFO - Processing /home/airflow/.local/lib/python3.7/site-packages/airflow/example_dags/example_sensors.py took 0.085 seconds
[2023-06-15T18:09:13.702+0000] {processor.py:153} INFO - Started process (PID=1061) to work on /home/airflow/.local/lib/python3.7/site-packages/airflow/example_dags/example_sensors.py
[2023-06-15T18:09:13.703+0000] {processor.py:743} INFO - Processing file /home/airflow/.local/lib/python3.7/site-packages/airflow/example_dags/example_sensors.py for tasks to queue
[2023-06-15T18:09:13.704+0000] {logging_mixin.py:137} INFO - [2023-06-15T18:09:13.704+0000] {dagbag.py:538} INFO - Filling up the DagBag from /home/airflow/.local/lib/python3.7/site-packages/airflow/example_dags/example_sensors.py
[2023-06-15T18:09:13.721+0000] {processor.py:753} INFO - DAG(s) dict_keys(['example_sensors']) retrieved from /home/airflow/.local/lib/python3.7/site-packages/airflow/example_dags/example_sensors.py
[2023-06-15T18:09:13.746+0000] {logging_mixin.py:137} INFO - [2023-06-15T18:09:13.746+0000] {dag.py:2690} INFO - Sync 1 DAGs
[2023-06-15T18:09:13.764+0000] {logging_mixin.py:137} INFO - [2023-06-15T18:09:13.764+0000] {dag.py:3441} INFO - Setting next_dagrun for example_sensors to None, run_after=None
[2023-06-15T18:09:13.778+0000] {processor.py:175} INFO - Processing /home/airflow/.local/lib/python3.7/site-packages/airflow/example_dags/example_sensors.py took 0.079 seconds
[2023-06-15T18:09:44.355+0000] {processor.py:153} INFO - Started process (PID=1137) to work on /home/airflow/.local/lib/python3.7/site-packages/airflow/example_dags/example_sensors.py
[2023-06-15T18:09:44.356+0000] {processor.py:743} INFO - Processing file /home/airflow/.local/lib/python3.7/site-packages/airflow/example_dags/example_sensors.py for tasks to queue
[2023-06-15T18:09:44.357+0000] {logging_mixin.py:137} INFO - [2023-06-15T18:09:44.357+0000] {dagbag.py:538} INFO - Filling up the DagBag from /home/airflow/.local/lib/python3.7/site-packages/airflow/example_dags/example_sensors.py
[2023-06-15T18:09:44.373+0000] {processor.py:753} INFO - DAG(s) dict_keys(['example_sensors']) retrieved from /home/airflow/.local/lib/python3.7/site-packages/airflow/example_dags/example_sensors.py
[2023-06-15T18:09:44.399+0000] {logging_mixin.py:137} INFO - [2023-06-15T18:09:44.399+0000] {dag.py:2690} INFO - Sync 1 DAGs
[2023-06-15T18:09:44.417+0000] {logging_mixin.py:137} INFO - [2023-06-15T18:09:44.416+0000] {dag.py:3441} INFO - Setting next_dagrun for example_sensors to None, run_after=None
[2023-06-15T18:09:44.431+0000] {processor.py:175} INFO - Processing /home/airflow/.local/lib/python3.7/site-packages/airflow/example_dags/example_sensors.py took 0.080 seconds
[2023-06-15T18:10:15.003+0000] {processor.py:153} INFO - Started process (PID=1208) to work on /home/airflow/.local/lib/python3.7/site-packages/airflow/example_dags/example_sensors.py
[2023-06-15T18:10:15.006+0000] {processor.py:743} INFO - Processing file /home/airflow/.local/lib/python3.7/site-packages/airflow/example_dags/example_sensors.py for tasks to queue
[2023-06-15T18:10:15.008+0000] {logging_mixin.py:137} INFO - [2023-06-15T18:10:15.008+0000] {dagbag.py:538} INFO - Filling up the DagBag from /home/airflow/.local/lib/python3.7/site-packages/airflow/example_dags/example_sensors.py
[2023-06-15T18:10:15.027+0000] {processor.py:753} INFO - DAG(s) dict_keys(['example_sensors']) retrieved from /home/airflow/.local/lib/python3.7/site-packages/airflow/example_dags/example_sensors.py
[2023-06-15T18:10:15.060+0000] {logging_mixin.py:137} INFO - [2023-06-15T18:10:15.060+0000] {dag.py:2690} INFO - Sync 1 DAGs
[2023-06-15T18:10:15.088+0000] {logging_mixin.py:137} INFO - [2023-06-15T18:10:15.087+0000] {dag.py:3441} INFO - Setting next_dagrun for example_sensors to None, run_after=None
[2023-06-15T18:10:15.116+0000] {processor.py:175} INFO - Processing /home/airflow/.local/lib/python3.7/site-packages/airflow/example_dags/example_sensors.py took 0.116 seconds
[2023-06-15T18:10:45.979+0000] {processor.py:153} INFO - Started process (PID=1277) to work on /home/airflow/.local/lib/python3.7/site-packages/airflow/example_dags/example_sensors.py
[2023-06-15T18:10:45.980+0000] {processor.py:743} INFO - Processing file /home/airflow/.local/lib/python3.7/site-packages/airflow/example_dags/example_sensors.py for tasks to queue
[2023-06-15T18:10:45.982+0000] {logging_mixin.py:137} INFO - [2023-06-15T18:10:45.982+0000] {dagbag.py:538} INFO - Filling up the DagBag from /home/airflow/.local/lib/python3.7/site-packages/airflow/example_dags/example_sensors.py
[2023-06-15T18:10:45.999+0000] {processor.py:753} INFO - DAG(s) dict_keys(['example_sensors']) retrieved from /home/airflow/.local/lib/python3.7/site-packages/airflow/example_dags/example_sensors.py
[2023-06-15T18:10:46.024+0000] {logging_mixin.py:137} INFO - [2023-06-15T18:10:46.023+0000] {dag.py:2690} INFO - Sync 1 DAGs
[2023-06-15T18:10:46.042+0000] {logging_mixin.py:137} INFO - [2023-06-15T18:10:46.042+0000] {dag.py:3441} INFO - Setting next_dagrun for example_sensors to None, run_after=None
[2023-06-15T18:10:46.056+0000] {processor.py:175} INFO - Processing /home/airflow/.local/lib/python3.7/site-packages/airflow/example_dags/example_sensors.py took 0.081 seconds
[2023-06-15T18:11:16.584+0000] {processor.py:153} INFO - Started process (PID=1353) to work on /home/airflow/.local/lib/python3.7/site-packages/airflow/example_dags/example_sensors.py
[2023-06-15T18:11:16.586+0000] {processor.py:743} INFO - Processing file /home/airflow/.local/lib/python3.7/site-packages/airflow/example_dags/example_sensors.py for tasks to queue
[2023-06-15T18:11:16.587+0000] {logging_mixin.py:137} INFO - [2023-06-15T18:11:16.586+0000] {dagbag.py:538} INFO - Filling up the DagBag from /home/airflow/.local/lib/python3.7/site-packages/airflow/example_dags/example_sensors.py
[2023-06-15T18:11:16.603+0000] {processor.py:753} INFO - DAG(s) dict_keys(['example_sensors']) retrieved from /home/airflow/.local/lib/python3.7/site-packages/airflow/example_dags/example_sensors.py
[2023-06-15T18:11:16.628+0000] {logging_mixin.py:137} INFO - [2023-06-15T18:11:16.628+0000] {dag.py:2690} INFO - Sync 1 DAGs
[2023-06-15T18:11:16.646+0000] {logging_mixin.py:137} INFO - [2023-06-15T18:11:16.646+0000] {dag.py:3441} INFO - Setting next_dagrun for example_sensors to None, run_after=None
[2023-06-15T18:11:16.661+0000] {processor.py:175} INFO - Processing /home/airflow/.local/lib/python3.7/site-packages/airflow/example_dags/example_sensors.py took 0.079 seconds
[2023-06-15T18:11:47.156+0000] {processor.py:153} INFO - Started process (PID=1418) to work on /home/airflow/.local/lib/python3.7/site-packages/airflow/example_dags/example_sensors.py
[2023-06-15T18:11:47.157+0000] {processor.py:743} INFO - Processing file /home/airflow/.local/lib/python3.7/site-packages/airflow/example_dags/example_sensors.py for tasks to queue
[2023-06-15T18:11:47.158+0000] {logging_mixin.py:137} INFO - [2023-06-15T18:11:47.158+0000] {dagbag.py:538} INFO - Filling up the DagBag from /home/airflow/.local/lib/python3.7/site-packages/airflow/example_dags/example_sensors.py
[2023-06-15T18:11:47.175+0000] {processor.py:753} INFO - DAG(s) dict_keys(['example_sensors']) retrieved from /home/airflow/.local/lib/python3.7/site-packages/airflow/example_dags/example_sensors.py
[2023-06-15T18:11:47.200+0000] {logging_mixin.py:137} INFO - [2023-06-15T18:11:47.200+0000] {dag.py:2690} INFO - Sync 1 DAGs
[2023-06-15T18:11:47.219+0000] {logging_mixin.py:137} INFO - [2023-06-15T18:11:47.219+0000] {dag.py:3441} INFO - Setting next_dagrun for example_sensors to None, run_after=None
[2023-06-15T18:11:47.235+0000] {processor.py:175} INFO - Processing /home/airflow/.local/lib/python3.7/site-packages/airflow/example_dags/example_sensors.py took 0.082 seconds
[2023-06-15T18:12:17.680+0000] {processor.py:153} INFO - Started process (PID=1495) to work on /home/airflow/.local/lib/python3.7/site-packages/airflow/example_dags/example_sensors.py
[2023-06-15T18:12:17.681+0000] {processor.py:743} INFO - Processing file /home/airflow/.local/lib/python3.7/site-packages/airflow/example_dags/example_sensors.py for tasks to queue
[2023-06-15T18:12:17.682+0000] {logging_mixin.py:137} INFO - [2023-06-15T18:12:17.682+0000] {dagbag.py:538} INFO - Filling up the DagBag from /home/airflow/.local/lib/python3.7/site-packages/airflow/example_dags/example_sensors.py
[2023-06-15T18:12:17.700+0000] {processor.py:753} INFO - DAG(s) dict_keys(['example_sensors']) retrieved from /home/airflow/.local/lib/python3.7/site-packages/airflow/example_dags/example_sensors.py
[2023-06-15T18:12:17.726+0000] {logging_mixin.py:137} INFO - [2023-06-15T18:12:17.726+0000] {dag.py:2690} INFO - Sync 1 DAGs
[2023-06-15T18:12:17.744+0000] {logging_mixin.py:137} INFO - [2023-06-15T18:12:17.744+0000] {dag.py:3441} INFO - Setting next_dagrun for example_sensors to None, run_after=None
[2023-06-15T18:12:17.758+0000] {processor.py:175} INFO - Processing /home/airflow/.local/lib/python3.7/site-packages/airflow/example_dags/example_sensors.py took 0.081 seconds
[2023-06-15T18:12:48.364+0000] {processor.py:153} INFO - Started process (PID=1573) to work on /home/airflow/.local/lib/python3.7/site-packages/airflow/example_dags/example_sensors.py
[2023-06-15T18:12:48.365+0000] {processor.py:743} INFO - Processing file /home/airflow/.local/lib/python3.7/site-packages/airflow/example_dags/example_sensors.py for tasks to queue
[2023-06-15T18:12:48.367+0000] {logging_mixin.py:137} INFO - [2023-06-15T18:12:48.367+0000] {dagbag.py:538} INFO - Filling up the DagBag from /home/airflow/.local/lib/python3.7/site-packages/airflow/example_dags/example_sensors.py
[2023-06-15T18:12:48.382+0000] {processor.py:753} INFO - DAG(s) dict_keys(['example_sensors']) retrieved from /home/airflow/.local/lib/python3.7/site-packages/airflow/example_dags/example_sensors.py
[2023-06-15T18:12:48.408+0000] {logging_mixin.py:137} INFO - [2023-06-15T18:12:48.408+0000] {dag.py:2690} INFO - Sync 1 DAGs
[2023-06-15T18:12:48.427+0000] {logging_mixin.py:137} INFO - [2023-06-15T18:12:48.427+0000] {dag.py:3441} INFO - Setting next_dagrun for example_sensors to None, run_after=None
[2023-06-15T18:12:48.441+0000] {processor.py:175} INFO - Processing /home/airflow/.local/lib/python3.7/site-packages/airflow/example_dags/example_sensors.py took 0.081 seconds
[2023-06-15T18:13:19.056+0000] {processor.py:153} INFO - Started process (PID=1639) to work on /home/airflow/.local/lib/python3.7/site-packages/airflow/example_dags/example_sensors.py
[2023-06-15T18:13:19.058+0000] {processor.py:743} INFO - Processing file /home/airflow/.local/lib/python3.7/site-packages/airflow/example_dags/example_sensors.py for tasks to queue
[2023-06-15T18:13:19.059+0000] {logging_mixin.py:137} INFO - [2023-06-15T18:13:19.058+0000] {dagbag.py:538} INFO - Filling up the DagBag from /home/airflow/.local/lib/python3.7/site-packages/airflow/example_dags/example_sensors.py
[2023-06-15T18:13:19.075+0000] {processor.py:753} INFO - DAG(s) dict_keys(['example_sensors']) retrieved from /home/airflow/.local/lib/python3.7/site-packages/airflow/example_dags/example_sensors.py
[2023-06-15T18:13:19.102+0000] {logging_mixin.py:137} INFO - [2023-06-15T18:13:19.102+0000] {dag.py:2690} INFO - Sync 1 DAGs
[2023-06-15T18:13:19.120+0000] {logging_mixin.py:137} INFO - [2023-06-15T18:13:19.120+0000] {dag.py:3441} INFO - Setting next_dagrun for example_sensors to None, run_after=None
[2023-06-15T18:13:19.133+0000] {processor.py:175} INFO - Processing /home/airflow/.local/lib/python3.7/site-packages/airflow/example_dags/example_sensors.py took 0.080 seconds
[2023-06-15T18:13:50.017+0000] {processor.py:153} INFO - Started process (PID=1717) to work on /home/airflow/.local/lib/python3.7/site-packages/airflow/example_dags/example_sensors.py
[2023-06-15T18:13:50.019+0000] {processor.py:743} INFO - Processing file /home/airflow/.local/lib/python3.7/site-packages/airflow/example_dags/example_sensors.py for tasks to queue
[2023-06-15T18:13:50.020+0000] {logging_mixin.py:137} INFO - [2023-06-15T18:13:50.020+0000] {dagbag.py:538} INFO - Filling up the DagBag from /home/airflow/.local/lib/python3.7/site-packages/airflow/example_dags/example_sensors.py
[2023-06-15T18:13:50.038+0000] {processor.py:753} INFO - DAG(s) dict_keys(['example_sensors']) retrieved from /home/airflow/.local/lib/python3.7/site-packages/airflow/example_dags/example_sensors.py
[2023-06-15T18:13:50.065+0000] {logging_mixin.py:137} INFO - [2023-06-15T18:13:50.065+0000] {dag.py:2690} INFO - Sync 1 DAGs
[2023-06-15T18:13:50.086+0000] {logging_mixin.py:137} INFO - [2023-06-15T18:13:50.086+0000] {dag.py:3441} INFO - Setting next_dagrun for example_sensors to None, run_after=None
[2023-06-15T18:13:50.105+0000] {processor.py:175} INFO - Processing /home/airflow/.local/lib/python3.7/site-packages/airflow/example_dags/example_sensors.py took 0.091 seconds
[2023-06-15T18:14:20.280+0000] {processor.py:153} INFO - Started process (PID=1794) to work on /home/airflow/.local/lib/python3.7/site-packages/airflow/example_dags/example_sensors.py
[2023-06-15T18:14:20.281+0000] {processor.py:743} INFO - Processing file /home/airflow/.local/lib/python3.7/site-packages/airflow/example_dags/example_sensors.py for tasks to queue
[2023-06-15T18:14:20.282+0000] {logging_mixin.py:137} INFO - [2023-06-15T18:14:20.282+0000] {dagbag.py:538} INFO - Filling up the DagBag from /home/airflow/.local/lib/python3.7/site-packages/airflow/example_dags/example_sensors.py
[2023-06-15T18:14:20.299+0000] {processor.py:753} INFO - DAG(s) dict_keys(['example_sensors']) retrieved from /home/airflow/.local/lib/python3.7/site-packages/airflow/example_dags/example_sensors.py
[2023-06-15T18:14:20.325+0000] {logging_mixin.py:137} INFO - [2023-06-15T18:14:20.325+0000] {dag.py:2690} INFO - Sync 1 DAGs
[2023-06-15T18:14:20.343+0000] {logging_mixin.py:137} INFO - [2023-06-15T18:14:20.343+0000] {dag.py:3441} INFO - Setting next_dagrun for example_sensors to None, run_after=None
[2023-06-15T18:14:20.358+0000] {processor.py:175} INFO - Processing /home/airflow/.local/lib/python3.7/site-packages/airflow/example_dags/example_sensors.py took 0.081 seconds
[2023-06-15T18:14:51.196+0000] {processor.py:153} INFO - Started process (PID=1859) to work on /home/airflow/.local/lib/python3.7/site-packages/airflow/example_dags/example_sensors.py
[2023-06-15T18:14:51.202+0000] {processor.py:743} INFO - Processing file /home/airflow/.local/lib/python3.7/site-packages/airflow/example_dags/example_sensors.py for tasks to queue
[2023-06-15T18:14:51.205+0000] {logging_mixin.py:137} INFO - [2023-06-15T18:14:51.205+0000] {dagbag.py:538} INFO - Filling up the DagBag from /home/airflow/.local/lib/python3.7/site-packages/airflow/example_dags/example_sensors.py
[2023-06-15T18:14:51.230+0000] {processor.py:753} INFO - DAG(s) dict_keys(['example_sensors']) retrieved from /home/airflow/.local/lib/python3.7/site-packages/airflow/example_dags/example_sensors.py
[2023-06-15T18:14:51.265+0000] {logging_mixin.py:137} INFO - [2023-06-15T18:14:51.265+0000] {dag.py:2690} INFO - Sync 1 DAGs
[2023-06-15T18:14:51.288+0000] {logging_mixin.py:137} INFO - [2023-06-15T18:14:51.288+0000] {dag.py:3441} INFO - Setting next_dagrun for example_sensors to None, run_after=None
[2023-06-15T18:14:51.305+0000] {processor.py:175} INFO - Processing /home/airflow/.local/lib/python3.7/site-packages/airflow/example_dags/example_sensors.py took 0.117 seconds
[2023-06-15T18:15:21.673+0000] {processor.py:153} INFO - Started process (PID=1937) to work on /home/airflow/.local/lib/python3.7/site-packages/airflow/example_dags/example_sensors.py
[2023-06-15T18:15:21.674+0000] {processor.py:743} INFO - Processing file /home/airflow/.local/lib/python3.7/site-packages/airflow/example_dags/example_sensors.py for tasks to queue
[2023-06-15T18:15:21.675+0000] {logging_mixin.py:137} INFO - [2023-06-15T18:15:21.675+0000] {dagbag.py:538} INFO - Filling up the DagBag from /home/airflow/.local/lib/python3.7/site-packages/airflow/example_dags/example_sensors.py
[2023-06-15T18:15:21.692+0000] {processor.py:753} INFO - DAG(s) dict_keys(['example_sensors']) retrieved from /home/airflow/.local/lib/python3.7/site-packages/airflow/example_dags/example_sensors.py
[2023-06-15T18:15:21.717+0000] {logging_mixin.py:137} INFO - [2023-06-15T18:15:21.717+0000] {dag.py:2690} INFO - Sync 1 DAGs
[2023-06-15T18:15:21.735+0000] {logging_mixin.py:137} INFO - [2023-06-15T18:15:21.735+0000] {dag.py:3441} INFO - Setting next_dagrun for example_sensors to None, run_after=None
[2023-06-15T18:15:21.753+0000] {processor.py:175} INFO - Processing /home/airflow/.local/lib/python3.7/site-packages/airflow/example_dags/example_sensors.py took 0.083 seconds
[2023-06-15T18:15:51.804+0000] {processor.py:153} INFO - Started process (PID=2003) to work on /home/airflow/.local/lib/python3.7/site-packages/airflow/example_dags/example_sensors.py
[2023-06-15T18:15:51.805+0000] {processor.py:743} INFO - Processing file /home/airflow/.local/lib/python3.7/site-packages/airflow/example_dags/example_sensors.py for tasks to queue
[2023-06-15T18:15:51.806+0000] {logging_mixin.py:137} INFO - [2023-06-15T18:15:51.805+0000] {dagbag.py:538} INFO - Filling up the DagBag from /home/airflow/.local/lib/python3.7/site-packages/airflow/example_dags/example_sensors.py
[2023-06-15T18:15:51.821+0000] {processor.py:753} INFO - DAG(s) dict_keys(['example_sensors']) retrieved from /home/airflow/.local/lib/python3.7/site-packages/airflow/example_dags/example_sensors.py
[2023-06-15T18:15:51.847+0000] {logging_mixin.py:137} INFO - [2023-06-15T18:15:51.846+0000] {dag.py:2690} INFO - Sync 1 DAGs
[2023-06-15T18:15:51.865+0000] {logging_mixin.py:137} INFO - [2023-06-15T18:15:51.865+0000] {dag.py:3441} INFO - Setting next_dagrun for example_sensors to None, run_after=None
[2023-06-15T18:15:51.878+0000] {processor.py:175} INFO - Processing /home/airflow/.local/lib/python3.7/site-packages/airflow/example_dags/example_sensors.py took 0.078 seconds
[2023-06-15T18:16:22.613+0000] {processor.py:153} INFO - Started process (PID=2080) to work on /home/airflow/.local/lib/python3.7/site-packages/airflow/example_dags/example_sensors.py
[2023-06-15T18:16:22.615+0000] {processor.py:743} INFO - Processing file /home/airflow/.local/lib/python3.7/site-packages/airflow/example_dags/example_sensors.py for tasks to queue
[2023-06-15T18:16:22.616+0000] {logging_mixin.py:137} INFO - [2023-06-15T18:16:22.615+0000] {dagbag.py:538} INFO - Filling up the DagBag from /home/airflow/.local/lib/python3.7/site-packages/airflow/example_dags/example_sensors.py
[2023-06-15T18:16:22.633+0000] {processor.py:753} INFO - DAG(s) dict_keys(['example_sensors']) retrieved from /home/airflow/.local/lib/python3.7/site-packages/airflow/example_dags/example_sensors.py
[2023-06-15T18:16:22.657+0000] {logging_mixin.py:137} INFO - [2023-06-15T18:16:22.657+0000] {dag.py:2690} INFO - Sync 1 DAGs
[2023-06-15T18:16:22.675+0000] {logging_mixin.py:137} INFO - [2023-06-15T18:16:22.674+0000] {dag.py:3441} INFO - Setting next_dagrun for example_sensors to None, run_after=None
[2023-06-15T18:16:22.687+0000] {processor.py:175} INFO - Processing /home/airflow/.local/lib/python3.7/site-packages/airflow/example_dags/example_sensors.py took 0.077 seconds
[2023-06-15T18:16:53.091+0000] {processor.py:153} INFO - Started process (PID=2157) to work on /home/airflow/.local/lib/python3.7/site-packages/airflow/example_dags/example_sensors.py
[2023-06-15T18:16:53.092+0000] {processor.py:743} INFO - Processing file /home/airflow/.local/lib/python3.7/site-packages/airflow/example_dags/example_sensors.py for tasks to queue
[2023-06-15T18:16:53.093+0000] {logging_mixin.py:137} INFO - [2023-06-15T18:16:53.093+0000] {dagbag.py:538} INFO - Filling up the DagBag from /home/airflow/.local/lib/python3.7/site-packages/airflow/example_dags/example_sensors.py
[2023-06-15T18:16:53.109+0000] {processor.py:753} INFO - DAG(s) dict_keys(['example_sensors']) retrieved from /home/airflow/.local/lib/python3.7/site-packages/airflow/example_dags/example_sensors.py
[2023-06-15T18:16:53.135+0000] {logging_mixin.py:137} INFO - [2023-06-15T18:16:53.135+0000] {dag.py:2690} INFO - Sync 1 DAGs
[2023-06-15T18:16:53.155+0000] {logging_mixin.py:137} INFO - [2023-06-15T18:16:53.155+0000] {dag.py:3441} INFO - Setting next_dagrun for example_sensors to None, run_after=None
[2023-06-15T18:16:53.168+0000] {processor.py:175} INFO - Processing /home/airflow/.local/lib/python3.7/site-packages/airflow/example_dags/example_sensors.py took 0.080 seconds
[2023-06-15T18:17:23.528+0000] {processor.py:153} INFO - Started process (PID=2222) to work on /home/airflow/.local/lib/python3.7/site-packages/airflow/example_dags/example_sensors.py
[2023-06-15T18:17:23.529+0000] {processor.py:743} INFO - Processing file /home/airflow/.local/lib/python3.7/site-packages/airflow/example_dags/example_sensors.py for tasks to queue
[2023-06-15T18:17:23.530+0000] {logging_mixin.py:137} INFO - [2023-06-15T18:17:23.530+0000] {dagbag.py:538} INFO - Filling up the DagBag from /home/airflow/.local/lib/python3.7/site-packages/airflow/example_dags/example_sensors.py
[2023-06-15T18:17:23.547+0000] {processor.py:753} INFO - DAG(s) dict_keys(['example_sensors']) retrieved from /home/airflow/.local/lib/python3.7/site-packages/airflow/example_dags/example_sensors.py
[2023-06-15T18:17:23.572+0000] {logging_mixin.py:137} INFO - [2023-06-15T18:17:23.572+0000] {dag.py:2690} INFO - Sync 1 DAGs
[2023-06-15T18:17:23.590+0000] {logging_mixin.py:137} INFO - [2023-06-15T18:17:23.590+0000] {dag.py:3441} INFO - Setting next_dagrun for example_sensors to None, run_after=None
[2023-06-15T18:17:23.606+0000] {processor.py:175} INFO - Processing /home/airflow/.local/lib/python3.7/site-packages/airflow/example_dags/example_sensors.py took 0.082 seconds
[2023-06-15T18:44:53.488+0000] {processor.py:153} INFO - Started process (PID=2306) to work on /home/airflow/.local/lib/python3.7/site-packages/airflow/example_dags/example_sensors.py
[2023-06-15T18:44:53.489+0000] {processor.py:743} INFO - Processing file /home/airflow/.local/lib/python3.7/site-packages/airflow/example_dags/example_sensors.py for tasks to queue
[2023-06-15T18:44:53.490+0000] {logging_mixin.py:137} INFO - [2023-06-15T18:44:53.490+0000] {dagbag.py:538} INFO - Filling up the DagBag from /home/airflow/.local/lib/python3.7/site-packages/airflow/example_dags/example_sensors.py
[2023-06-15T18:44:53.508+0000] {processor.py:753} INFO - DAG(s) dict_keys(['example_sensors']) retrieved from /home/airflow/.local/lib/python3.7/site-packages/airflow/example_dags/example_sensors.py
[2023-06-15T18:44:53.534+0000] {logging_mixin.py:137} INFO - [2023-06-15T18:44:53.534+0000] {dag.py:2690} INFO - Sync 1 DAGs
[2023-06-15T18:44:53.554+0000] {logging_mixin.py:137} INFO - [2023-06-15T18:44:53.554+0000] {dag.py:3441} INFO - Setting next_dagrun for example_sensors to None, run_after=None
[2023-06-15T18:44:53.568+0000] {processor.py:175} INFO - Processing /home/airflow/.local/lib/python3.7/site-packages/airflow/example_dags/example_sensors.py took 0.083 seconds
[2023-06-15T18:45:24.014+0000] {processor.py:153} INFO - Started process (PID=2372) to work on /home/airflow/.local/lib/python3.7/site-packages/airflow/example_dags/example_sensors.py
[2023-06-15T18:45:24.016+0000] {processor.py:743} INFO - Processing file /home/airflow/.local/lib/python3.7/site-packages/airflow/example_dags/example_sensors.py for tasks to queue
[2023-06-15T18:45:24.017+0000] {logging_mixin.py:137} INFO - [2023-06-15T18:45:24.017+0000] {dagbag.py:538} INFO - Filling up the DagBag from /home/airflow/.local/lib/python3.7/site-packages/airflow/example_dags/example_sensors.py
[2023-06-15T18:45:24.035+0000] {processor.py:753} INFO - DAG(s) dict_keys(['example_sensors']) retrieved from /home/airflow/.local/lib/python3.7/site-packages/airflow/example_dags/example_sensors.py
[2023-06-15T18:45:24.065+0000] {logging_mixin.py:137} INFO - [2023-06-15T18:45:24.065+0000] {dag.py:2690} INFO - Sync 1 DAGs
[2023-06-15T18:45:24.084+0000] {logging_mixin.py:137} INFO - [2023-06-15T18:45:24.084+0000] {dag.py:3441} INFO - Setting next_dagrun for example_sensors to None, run_after=None
[2023-06-15T18:45:24.100+0000] {processor.py:175} INFO - Processing /home/airflow/.local/lib/python3.7/site-packages/airflow/example_dags/example_sensors.py took 0.089 seconds
[2023-06-15T18:45:54.780+0000] {processor.py:153} INFO - Started process (PID=2449) to work on /home/airflow/.local/lib/python3.7/site-packages/airflow/example_dags/example_sensors.py
[2023-06-15T18:45:54.781+0000] {processor.py:743} INFO - Processing file /home/airflow/.local/lib/python3.7/site-packages/airflow/example_dags/example_sensors.py for tasks to queue
[2023-06-15T18:45:54.782+0000] {logging_mixin.py:137} INFO - [2023-06-15T18:45:54.782+0000] {dagbag.py:538} INFO - Filling up the DagBag from /home/airflow/.local/lib/python3.7/site-packages/airflow/example_dags/example_sensors.py
[2023-06-15T18:45:54.800+0000] {processor.py:753} INFO - DAG(s) dict_keys(['example_sensors']) retrieved from /home/airflow/.local/lib/python3.7/site-packages/airflow/example_dags/example_sensors.py
[2023-06-15T18:45:54.825+0000] {logging_mixin.py:137} INFO - [2023-06-15T18:45:54.825+0000] {dag.py:2690} INFO - Sync 1 DAGs
[2023-06-15T18:45:54.844+0000] {logging_mixin.py:137} INFO - [2023-06-15T18:45:54.844+0000] {dag.py:3441} INFO - Setting next_dagrun for example_sensors to None, run_after=None
[2023-06-15T18:45:54.859+0000] {processor.py:175} INFO - Processing /home/airflow/.local/lib/python3.7/site-packages/airflow/example_dags/example_sensors.py took 0.082 seconds
[2023-06-15T18:46:25.922+0000] {processor.py:153} INFO - Started process (PID=2526) to work on /home/airflow/.local/lib/python3.7/site-packages/airflow/example_dags/example_sensors.py
[2023-06-15T18:46:25.923+0000] {processor.py:743} INFO - Processing file /home/airflow/.local/lib/python3.7/site-packages/airflow/example_dags/example_sensors.py for tasks to queue
[2023-06-15T18:46:25.924+0000] {logging_mixin.py:137} INFO - [2023-06-15T18:46:25.924+0000] {dagbag.py:538} INFO - Filling up the DagBag from /home/airflow/.local/lib/python3.7/site-packages/airflow/example_dags/example_sensors.py
[2023-06-15T18:46:25.939+0000] {processor.py:753} INFO - DAG(s) dict_keys(['example_sensors']) retrieved from /home/airflow/.local/lib/python3.7/site-packages/airflow/example_dags/example_sensors.py
[2023-06-15T18:46:25.964+0000] {logging_mixin.py:137} INFO - [2023-06-15T18:46:25.964+0000] {dag.py:2690} INFO - Sync 1 DAGs
[2023-06-15T18:46:25.982+0000] {logging_mixin.py:137} INFO - [2023-06-15T18:46:25.982+0000] {dag.py:3441} INFO - Setting next_dagrun for example_sensors to None, run_after=None
[2023-06-15T18:46:25.998+0000] {processor.py:175} INFO - Processing /home/airflow/.local/lib/python3.7/site-packages/airflow/example_dags/example_sensors.py took 0.080 seconds
[2023-06-15T18:46:56.870+0000] {processor.py:153} INFO - Started process (PID=2591) to work on /home/airflow/.local/lib/python3.7/site-packages/airflow/example_dags/example_sensors.py
[2023-06-15T18:46:56.871+0000] {processor.py:743} INFO - Processing file /home/airflow/.local/lib/python3.7/site-packages/airflow/example_dags/example_sensors.py for tasks to queue
[2023-06-15T18:46:56.872+0000] {logging_mixin.py:137} INFO - [2023-06-15T18:46:56.872+0000] {dagbag.py:538} INFO - Filling up the DagBag from /home/airflow/.local/lib/python3.7/site-packages/airflow/example_dags/example_sensors.py
[2023-06-15T18:46:56.889+0000] {processor.py:753} INFO - DAG(s) dict_keys(['example_sensors']) retrieved from /home/airflow/.local/lib/python3.7/site-packages/airflow/example_dags/example_sensors.py
[2023-06-15T18:46:56.919+0000] {logging_mixin.py:137} INFO - [2023-06-15T18:46:56.919+0000] {dag.py:2690} INFO - Sync 1 DAGs
[2023-06-15T18:46:56.938+0000] {logging_mixin.py:137} INFO - [2023-06-15T18:46:56.938+0000] {dag.py:3441} INFO - Setting next_dagrun for example_sensors to None, run_after=None
[2023-06-15T18:46:56.951+0000] {processor.py:175} INFO - Processing /home/airflow/.local/lib/python3.7/site-packages/airflow/example_dags/example_sensors.py took 0.085 seconds
[2023-06-15T18:47:27.145+0000] {processor.py:153} INFO - Started process (PID=2668) to work on /home/airflow/.local/lib/python3.7/site-packages/airflow/example_dags/example_sensors.py
[2023-06-15T18:47:27.146+0000] {processor.py:743} INFO - Processing file /home/airflow/.local/lib/python3.7/site-packages/airflow/example_dags/example_sensors.py for tasks to queue
[2023-06-15T18:47:27.147+0000] {logging_mixin.py:137} INFO - [2023-06-15T18:47:27.147+0000] {dagbag.py:538} INFO - Filling up the DagBag from /home/airflow/.local/lib/python3.7/site-packages/airflow/example_dags/example_sensors.py
[2023-06-15T18:47:27.164+0000] {processor.py:753} INFO - DAG(s) dict_keys(['example_sensors']) retrieved from /home/airflow/.local/lib/python3.7/site-packages/airflow/example_dags/example_sensors.py
[2023-06-15T18:47:27.189+0000] {logging_mixin.py:137} INFO - [2023-06-15T18:47:27.189+0000] {dag.py:2690} INFO - Sync 1 DAGs
[2023-06-15T18:47:27.208+0000] {logging_mixin.py:137} INFO - [2023-06-15T18:47:27.208+0000] {dag.py:3441} INFO - Setting next_dagrun for example_sensors to None, run_after=None
[2023-06-15T18:47:27.221+0000] {processor.py:175} INFO - Processing /home/airflow/.local/lib/python3.7/site-packages/airflow/example_dags/example_sensors.py took 0.079 seconds
[2023-06-15T18:47:57.787+0000] {processor.py:153} INFO - Started process (PID=2745) to work on /home/airflow/.local/lib/python3.7/site-packages/airflow/example_dags/example_sensors.py
[2023-06-15T18:47:57.788+0000] {processor.py:743} INFO - Processing file /home/airflow/.local/lib/python3.7/site-packages/airflow/example_dags/example_sensors.py for tasks to queue
[2023-06-15T18:47:57.789+0000] {logging_mixin.py:137} INFO - [2023-06-15T18:47:57.789+0000] {dagbag.py:538} INFO - Filling up the DagBag from /home/airflow/.local/lib/python3.7/site-packages/airflow/example_dags/example_sensors.py
[2023-06-15T18:47:57.806+0000] {processor.py:753} INFO - DAG(s) dict_keys(['example_sensors']) retrieved from /home/airflow/.local/lib/python3.7/site-packages/airflow/example_dags/example_sensors.py
[2023-06-15T18:47:57.838+0000] {logging_mixin.py:137} INFO - [2023-06-15T18:47:57.838+0000] {dag.py:2690} INFO - Sync 1 DAGs
[2023-06-15T18:47:57.857+0000] {logging_mixin.py:137} INFO - [2023-06-15T18:47:57.856+0000] {dag.py:3441} INFO - Setting next_dagrun for example_sensors to None, run_after=None
[2023-06-15T18:47:57.877+0000] {processor.py:175} INFO - Processing /home/airflow/.local/lib/python3.7/site-packages/airflow/example_dags/example_sensors.py took 0.094 seconds
[2023-06-15T18:48:31.056+0000] {processor.py:153} INFO - Started process (PID=2810) to work on /home/airflow/.local/lib/python3.7/site-packages/airflow/example_dags/example_sensors.py
[2023-06-15T18:48:31.057+0000] {processor.py:743} INFO - Processing file /home/airflow/.local/lib/python3.7/site-packages/airflow/example_dags/example_sensors.py for tasks to queue
[2023-06-15T18:48:31.058+0000] {logging_mixin.py:137} INFO - [2023-06-15T18:48:31.058+0000] {dagbag.py:538} INFO - Filling up the DagBag from /home/airflow/.local/lib/python3.7/site-packages/airflow/example_dags/example_sensors.py
[2023-06-15T18:48:31.075+0000] {processor.py:753} INFO - DAG(s) dict_keys(['example_sensors']) retrieved from /home/airflow/.local/lib/python3.7/site-packages/airflow/example_dags/example_sensors.py
[2023-06-15T18:48:31.101+0000] {logging_mixin.py:137} INFO - [2023-06-15T18:48:31.101+0000] {dag.py:2690} INFO - Sync 1 DAGs
[2023-06-15T18:48:31.120+0000] {logging_mixin.py:137} INFO - [2023-06-15T18:48:31.120+0000] {dag.py:3441} INFO - Setting next_dagrun for example_sensors to None, run_after=None
[2023-06-15T18:48:31.134+0000] {processor.py:175} INFO - Processing /home/airflow/.local/lib/python3.7/site-packages/airflow/example_dags/example_sensors.py took 0.081 seconds
[2023-06-15T18:49:02.074+0000] {processor.py:153} INFO - Started process (PID=2875) to work on /home/airflow/.local/lib/python3.7/site-packages/airflow/example_dags/example_sensors.py
[2023-06-15T18:49:02.076+0000] {processor.py:743} INFO - Processing file /home/airflow/.local/lib/python3.7/site-packages/airflow/example_dags/example_sensors.py for tasks to queue
[2023-06-15T18:49:02.077+0000] {logging_mixin.py:137} INFO - [2023-06-15T18:49:02.077+0000] {dagbag.py:538} INFO - Filling up the DagBag from /home/airflow/.local/lib/python3.7/site-packages/airflow/example_dags/example_sensors.py
[2023-06-15T18:49:02.105+0000] {processor.py:753} INFO - DAG(s) dict_keys(['example_sensors']) retrieved from /home/airflow/.local/lib/python3.7/site-packages/airflow/example_dags/example_sensors.py
[2023-06-15T18:49:02.132+0000] {logging_mixin.py:137} INFO - [2023-06-15T18:49:02.132+0000] {dag.py:2690} INFO - Sync 1 DAGs
[2023-06-15T18:49:02.152+0000] {logging_mixin.py:137} INFO - [2023-06-15T18:49:02.152+0000] {dag.py:3441} INFO - Setting next_dagrun for example_sensors to None, run_after=None
[2023-06-15T18:49:02.168+0000] {processor.py:175} INFO - Processing /home/airflow/.local/lib/python3.7/site-packages/airflow/example_dags/example_sensors.py took 0.098 seconds
[2023-06-15T18:49:32.550+0000] {processor.py:153} INFO - Started process (PID=2953) to work on /home/airflow/.local/lib/python3.7/site-packages/airflow/example_dags/example_sensors.py
[2023-06-15T18:49:32.552+0000] {processor.py:743} INFO - Processing file /home/airflow/.local/lib/python3.7/site-packages/airflow/example_dags/example_sensors.py for tasks to queue
[2023-06-15T18:49:32.553+0000] {logging_mixin.py:137} INFO - [2023-06-15T18:49:32.553+0000] {dagbag.py:538} INFO - Filling up the DagBag from /home/airflow/.local/lib/python3.7/site-packages/airflow/example_dags/example_sensors.py
[2023-06-15T18:49:32.570+0000] {processor.py:753} INFO - DAG(s) dict_keys(['example_sensors']) retrieved from /home/airflow/.local/lib/python3.7/site-packages/airflow/example_dags/example_sensors.py
[2023-06-15T18:49:32.596+0000] {logging_mixin.py:137} INFO - [2023-06-15T18:49:32.596+0000] {dag.py:2690} INFO - Sync 1 DAGs
[2023-06-15T18:49:32.615+0000] {logging_mixin.py:137} INFO - [2023-06-15T18:49:32.615+0000] {dag.py:3441} INFO - Setting next_dagrun for example_sensors to None, run_after=None
[2023-06-15T18:49:32.631+0000] {processor.py:175} INFO - Processing /home/airflow/.local/lib/python3.7/site-packages/airflow/example_dags/example_sensors.py took 0.084 seconds
[2023-06-15T18:50:03.590+0000] {processor.py:153} INFO - Started process (PID=3031) to work on /home/airflow/.local/lib/python3.7/site-packages/airflow/example_dags/example_sensors.py
[2023-06-15T18:50:03.592+0000] {processor.py:743} INFO - Processing file /home/airflow/.local/lib/python3.7/site-packages/airflow/example_dags/example_sensors.py for tasks to queue
[2023-06-15T18:50:03.592+0000] {logging_mixin.py:137} INFO - [2023-06-15T18:50:03.592+0000] {dagbag.py:538} INFO - Filling up the DagBag from /home/airflow/.local/lib/python3.7/site-packages/airflow/example_dags/example_sensors.py
[2023-06-15T18:50:03.608+0000] {processor.py:753} INFO - DAG(s) dict_keys(['example_sensors']) retrieved from /home/airflow/.local/lib/python3.7/site-packages/airflow/example_dags/example_sensors.py
[2023-06-15T18:50:03.636+0000] {logging_mixin.py:137} INFO - [2023-06-15T18:50:03.636+0000] {dag.py:2690} INFO - Sync 1 DAGs
[2023-06-15T18:50:03.657+0000] {logging_mixin.py:137} INFO - [2023-06-15T18:50:03.656+0000] {dag.py:3441} INFO - Setting next_dagrun for example_sensors to None, run_after=None
[2023-06-15T18:50:03.678+0000] {processor.py:175} INFO - Processing /home/airflow/.local/lib/python3.7/site-packages/airflow/example_dags/example_sensors.py took 0.092 seconds
[2023-06-15T18:50:34.865+0000] {processor.py:153} INFO - Started process (PID=3096) to work on /home/airflow/.local/lib/python3.7/site-packages/airflow/example_dags/example_sensors.py
[2023-06-15T18:50:34.866+0000] {processor.py:743} INFO - Processing file /home/airflow/.local/lib/python3.7/site-packages/airflow/example_dags/example_sensors.py for tasks to queue
[2023-06-15T18:50:34.867+0000] {logging_mixin.py:137} INFO - [2023-06-15T18:50:34.867+0000] {dagbag.py:538} INFO - Filling up the DagBag from /home/airflow/.local/lib/python3.7/site-packages/airflow/example_dags/example_sensors.py
[2023-06-15T18:50:34.884+0000] {processor.py:753} INFO - DAG(s) dict_keys(['example_sensors']) retrieved from /home/airflow/.local/lib/python3.7/site-packages/airflow/example_dags/example_sensors.py
[2023-06-15T18:50:34.909+0000] {logging_mixin.py:137} INFO - [2023-06-15T18:50:34.909+0000] {dag.py:2690} INFO - Sync 1 DAGs
[2023-06-15T18:50:34.928+0000] {logging_mixin.py:137} INFO - [2023-06-15T18:50:34.928+0000] {dag.py:3441} INFO - Setting next_dagrun for example_sensors to None, run_after=None
[2023-06-15T18:50:34.942+0000] {processor.py:175} INFO - Processing /home/airflow/.local/lib/python3.7/site-packages/airflow/example_dags/example_sensors.py took 0.079 seconds
