[2023-06-15T18:02:04.768+0000] {processor.py:153} INFO - Started process (PID=73) to work on /home/airflow/.local/lib/python3.7/site-packages/airflow/example_dags/example_branch_datetime_operator.py
[2023-06-15T18:02:04.775+0000] {processor.py:743} INFO - Processing file /home/airflow/.local/lib/python3.7/site-packages/airflow/example_dags/example_branch_datetime_operator.py for tasks to queue
[2023-06-15T18:02:04.776+0000] {logging_mixin.py:137} INFO - [2023-06-15T18:02:04.776+0000] {dagbag.py:538} INFO - Filling up the DagBag from /home/airflow/.local/lib/python3.7/site-packages/airflow/example_dags/example_branch_datetime_operator.py
[2023-06-15T18:02:04.858+0000] {processor.py:753} INFO - DAG(s) dict_keys(['example_branch_datetime_operator', 'example_branch_datetime_operator_2', 'example_branch_datetime_operator_3']) retrieved from /home/airflow/.local/lib/python3.7/site-packages/airflow/example_dags/example_branch_datetime_operator.py
[2023-06-15T18:02:04.913+0000] {logging_mixin.py:137} INFO - [2023-06-15T18:02:04.913+0000] {dag.py:2690} INFO - Sync 3 DAGs
[2023-06-15T18:02:04.953+0000] {logging_mixin.py:137} INFO - [2023-06-15T18:02:04.953+0000] {dag.py:3441} INFO - Setting next_dagrun for example_branch_datetime_operator to 2023-06-14T00:00:00+00:00, run_after=2023-06-15T00:00:00+00:00
[2023-06-15T18:02:04.958+0000] {logging_mixin.py:137} INFO - [2023-06-15T18:02:04.958+0000] {dag.py:3441} INFO - Setting next_dagrun for example_branch_datetime_operator_2 to 2023-06-14T00:00:00+00:00, run_after=2023-06-15T00:00:00+00:00
[2023-06-15T18:02:04.962+0000] {logging_mixin.py:137} INFO - [2023-06-15T18:02:04.962+0000] {dag.py:3441} INFO - Setting next_dagrun for example_branch_datetime_operator_3 to 2023-06-14T00:00:00+00:00, run_after=2023-06-15T00:00:00+00:00
[2023-06-15T18:02:05.039+0000] {processor.py:175} INFO - Processing /home/airflow/.local/lib/python3.7/site-packages/airflow/example_dags/example_branch_datetime_operator.py took 0.282 seconds
[2023-06-15T18:02:35.693+0000] {processor.py:153} INFO - Started process (PID=137) to work on /home/airflow/.local/lib/python3.7/site-packages/airflow/example_dags/example_branch_datetime_operator.py
[2023-06-15T18:02:35.695+0000] {processor.py:743} INFO - Processing file /home/airflow/.local/lib/python3.7/site-packages/airflow/example_dags/example_branch_datetime_operator.py for tasks to queue
[2023-06-15T18:02:35.696+0000] {logging_mixin.py:137} INFO - [2023-06-15T18:02:35.696+0000] {dagbag.py:538} INFO - Filling up the DagBag from /home/airflow/.local/lib/python3.7/site-packages/airflow/example_dags/example_branch_datetime_operator.py
[2023-06-15T18:02:35.712+0000] {processor.py:753} INFO - DAG(s) dict_keys(['example_branch_datetime_operator', 'example_branch_datetime_operator_2', 'example_branch_datetime_operator_3']) retrieved from /home/airflow/.local/lib/python3.7/site-packages/airflow/example_dags/example_branch_datetime_operator.py
[2023-06-15T18:02:35.743+0000] {logging_mixin.py:137} INFO - [2023-06-15T18:02:35.743+0000] {dag.py:2690} INFO - Sync 3 DAGs
[2023-06-15T18:02:35.763+0000] {logging_mixin.py:137} INFO - [2023-06-15T18:02:35.763+0000] {dag.py:3441} INFO - Setting next_dagrun for example_branch_datetime_operator to 2023-06-14T00:00:00+00:00, run_after=2023-06-15T00:00:00+00:00
[2023-06-15T18:02:35.768+0000] {logging_mixin.py:137} INFO - [2023-06-15T18:02:35.768+0000] {dag.py:3441} INFO - Setting next_dagrun for example_branch_datetime_operator_2 to 2023-06-14T00:00:00+00:00, run_after=2023-06-15T00:00:00+00:00
[2023-06-15T18:02:35.771+0000] {logging_mixin.py:137} INFO - [2023-06-15T18:02:35.771+0000] {dag.py:3441} INFO - Setting next_dagrun for example_branch_datetime_operator_3 to 2023-06-14T00:00:00+00:00, run_after=2023-06-15T00:00:00+00:00
[2023-06-15T18:02:35.785+0000] {processor.py:175} INFO - Processing /home/airflow/.local/lib/python3.7/site-packages/airflow/example_dags/example_branch_datetime_operator.py took 0.097 seconds
[2023-06-15T18:03:06.518+0000] {processor.py:153} INFO - Started process (PID=213) to work on /home/airflow/.local/lib/python3.7/site-packages/airflow/example_dags/example_branch_datetime_operator.py
[2023-06-15T18:03:06.520+0000] {processor.py:743} INFO - Processing file /home/airflow/.local/lib/python3.7/site-packages/airflow/example_dags/example_branch_datetime_operator.py for tasks to queue
[2023-06-15T18:03:06.521+0000] {logging_mixin.py:137} INFO - [2023-06-15T18:03:06.521+0000] {dagbag.py:538} INFO - Filling up the DagBag from /home/airflow/.local/lib/python3.7/site-packages/airflow/example_dags/example_branch_datetime_operator.py
[2023-06-15T18:03:06.536+0000] {processor.py:753} INFO - DAG(s) dict_keys(['example_branch_datetime_operator_2', 'example_branch_datetime_operator_3', 'example_branch_datetime_operator']) retrieved from /home/airflow/.local/lib/python3.7/site-packages/airflow/example_dags/example_branch_datetime_operator.py
[2023-06-15T18:03:06.566+0000] {logging_mixin.py:137} INFO - [2023-06-15T18:03:06.566+0000] {dag.py:2690} INFO - Sync 3 DAGs
[2023-06-15T18:03:06.589+0000] {logging_mixin.py:137} INFO - [2023-06-15T18:03:06.589+0000] {dag.py:3441} INFO - Setting next_dagrun for example_branch_datetime_operator to 2023-06-14T00:00:00+00:00, run_after=2023-06-15T00:00:00+00:00
[2023-06-15T18:03:06.593+0000] {logging_mixin.py:137} INFO - [2023-06-15T18:03:06.593+0000] {dag.py:3441} INFO - Setting next_dagrun for example_branch_datetime_operator_2 to 2023-06-14T00:00:00+00:00, run_after=2023-06-15T00:00:00+00:00
[2023-06-15T18:03:06.595+0000] {logging_mixin.py:137} INFO - [2023-06-15T18:03:06.595+0000] {dag.py:3441} INFO - Setting next_dagrun for example_branch_datetime_operator_3 to 2023-06-14T00:00:00+00:00, run_after=2023-06-15T00:00:00+00:00
[2023-06-15T18:03:06.609+0000] {processor.py:175} INFO - Processing /home/airflow/.local/lib/python3.7/site-packages/airflow/example_dags/example_branch_datetime_operator.py took 0.094 seconds
[2023-06-15T18:03:37.355+0000] {processor.py:153} INFO - Started process (PID=278) to work on /home/airflow/.local/lib/python3.7/site-packages/airflow/example_dags/example_branch_datetime_operator.py
[2023-06-15T18:03:37.356+0000] {processor.py:743} INFO - Processing file /home/airflow/.local/lib/python3.7/site-packages/airflow/example_dags/example_branch_datetime_operator.py for tasks to queue
[2023-06-15T18:03:37.357+0000] {logging_mixin.py:137} INFO - [2023-06-15T18:03:37.357+0000] {dagbag.py:538} INFO - Filling up the DagBag from /home/airflow/.local/lib/python3.7/site-packages/airflow/example_dags/example_branch_datetime_operator.py
[2023-06-15T18:03:37.372+0000] {processor.py:753} INFO - DAG(s) dict_keys(['example_branch_datetime_operator_2', 'example_branch_datetime_operator', 'example_branch_datetime_operator_3']) retrieved from /home/airflow/.local/lib/python3.7/site-packages/airflow/example_dags/example_branch_datetime_operator.py
[2023-06-15T18:03:37.402+0000] {logging_mixin.py:137} INFO - [2023-06-15T18:03:37.402+0000] {dag.py:2690} INFO - Sync 3 DAGs
[2023-06-15T18:03:37.421+0000] {logging_mixin.py:137} INFO - [2023-06-15T18:03:37.421+0000] {dag.py:3441} INFO - Setting next_dagrun for example_branch_datetime_operator to 2023-06-14T00:00:00+00:00, run_after=2023-06-15T00:00:00+00:00
[2023-06-15T18:03:37.425+0000] {logging_mixin.py:137} INFO - [2023-06-15T18:03:37.425+0000] {dag.py:3441} INFO - Setting next_dagrun for example_branch_datetime_operator_2 to 2023-06-14T00:00:00+00:00, run_after=2023-06-15T00:00:00+00:00
[2023-06-15T18:03:37.427+0000] {logging_mixin.py:137} INFO - [2023-06-15T18:03:37.427+0000] {dag.py:3441} INFO - Setting next_dagrun for example_branch_datetime_operator_3 to 2023-06-14T00:00:00+00:00, run_after=2023-06-15T00:00:00+00:00
[2023-06-15T18:03:37.443+0000] {processor.py:175} INFO - Processing /home/airflow/.local/lib/python3.7/site-packages/airflow/example_dags/example_branch_datetime_operator.py took 0.092 seconds
[2023-06-15T18:04:08.085+0000] {processor.py:153} INFO - Started process (PID=355) to work on /home/airflow/.local/lib/python3.7/site-packages/airflow/example_dags/example_branch_datetime_operator.py
[2023-06-15T18:04:08.086+0000] {processor.py:743} INFO - Processing file /home/airflow/.local/lib/python3.7/site-packages/airflow/example_dags/example_branch_datetime_operator.py for tasks to queue
[2023-06-15T18:04:08.088+0000] {logging_mixin.py:137} INFO - [2023-06-15T18:04:08.088+0000] {dagbag.py:538} INFO - Filling up the DagBag from /home/airflow/.local/lib/python3.7/site-packages/airflow/example_dags/example_branch_datetime_operator.py
[2023-06-15T18:04:08.102+0000] {processor.py:753} INFO - DAG(s) dict_keys(['example_branch_datetime_operator_3', 'example_branch_datetime_operator_2', 'example_branch_datetime_operator']) retrieved from /home/airflow/.local/lib/python3.7/site-packages/airflow/example_dags/example_branch_datetime_operator.py
[2023-06-15T18:04:08.131+0000] {logging_mixin.py:137} INFO - [2023-06-15T18:04:08.131+0000] {dag.py:2690} INFO - Sync 3 DAGs
[2023-06-15T18:04:08.150+0000] {logging_mixin.py:137} INFO - [2023-06-15T18:04:08.150+0000] {dag.py:3441} INFO - Setting next_dagrun for example_branch_datetime_operator to 2023-06-14T00:00:00+00:00, run_after=2023-06-15T00:00:00+00:00
[2023-06-15T18:04:08.154+0000] {logging_mixin.py:137} INFO - [2023-06-15T18:04:08.154+0000] {dag.py:3441} INFO - Setting next_dagrun for example_branch_datetime_operator_2 to 2023-06-14T00:00:00+00:00, run_after=2023-06-15T00:00:00+00:00
[2023-06-15T18:04:08.156+0000] {logging_mixin.py:137} INFO - [2023-06-15T18:04:08.156+0000] {dag.py:3441} INFO - Setting next_dagrun for example_branch_datetime_operator_3 to 2023-06-14T00:00:00+00:00, run_after=2023-06-15T00:00:00+00:00
[2023-06-15T18:04:08.167+0000] {processor.py:175} INFO - Processing /home/airflow/.local/lib/python3.7/site-packages/airflow/example_dags/example_branch_datetime_operator.py took 0.085 seconds
[2023-06-15T18:04:38.598+0000] {processor.py:153} INFO - Started process (PID=432) to work on /home/airflow/.local/lib/python3.7/site-packages/airflow/example_dags/example_branch_datetime_operator.py
[2023-06-15T18:04:38.599+0000] {processor.py:743} INFO - Processing file /home/airflow/.local/lib/python3.7/site-packages/airflow/example_dags/example_branch_datetime_operator.py for tasks to queue
[2023-06-15T18:04:38.600+0000] {logging_mixin.py:137} INFO - [2023-06-15T18:04:38.600+0000] {dagbag.py:538} INFO - Filling up the DagBag from /home/airflow/.local/lib/python3.7/site-packages/airflow/example_dags/example_branch_datetime_operator.py
[2023-06-15T18:04:38.615+0000] {processor.py:753} INFO - DAG(s) dict_keys(['example_branch_datetime_operator_3', 'example_branch_datetime_operator', 'example_branch_datetime_operator_2']) retrieved from /home/airflow/.local/lib/python3.7/site-packages/airflow/example_dags/example_branch_datetime_operator.py
[2023-06-15T18:04:38.646+0000] {logging_mixin.py:137} INFO - [2023-06-15T18:04:38.646+0000] {dag.py:2690} INFO - Sync 3 DAGs
[2023-06-15T18:04:38.665+0000] {logging_mixin.py:137} INFO - [2023-06-15T18:04:38.665+0000] {dag.py:3441} INFO - Setting next_dagrun for example_branch_datetime_operator to 2023-06-14T00:00:00+00:00, run_after=2023-06-15T00:00:00+00:00
[2023-06-15T18:04:38.670+0000] {logging_mixin.py:137} INFO - [2023-06-15T18:04:38.670+0000] {dag.py:3441} INFO - Setting next_dagrun for example_branch_datetime_operator_2 to 2023-06-14T00:00:00+00:00, run_after=2023-06-15T00:00:00+00:00
[2023-06-15T18:04:38.672+0000] {logging_mixin.py:137} INFO - [2023-06-15T18:04:38.672+0000] {dag.py:3441} INFO - Setting next_dagrun for example_branch_datetime_operator_3 to 2023-06-14T00:00:00+00:00, run_after=2023-06-15T00:00:00+00:00
[2023-06-15T18:04:38.684+0000] {processor.py:175} INFO - Processing /home/airflow/.local/lib/python3.7/site-packages/airflow/example_dags/example_branch_datetime_operator.py took 0.090 seconds
[2023-06-15T18:05:09.353+0000] {processor.py:153} INFO - Started process (PID=496) to work on /home/airflow/.local/lib/python3.7/site-packages/airflow/example_dags/example_branch_datetime_operator.py
[2023-06-15T18:05:09.354+0000] {processor.py:743} INFO - Processing file /home/airflow/.local/lib/python3.7/site-packages/airflow/example_dags/example_branch_datetime_operator.py for tasks to queue
[2023-06-15T18:05:09.356+0000] {logging_mixin.py:137} INFO - [2023-06-15T18:05:09.356+0000] {dagbag.py:538} INFO - Filling up the DagBag from /home/airflow/.local/lib/python3.7/site-packages/airflow/example_dags/example_branch_datetime_operator.py
[2023-06-15T18:05:09.370+0000] {processor.py:753} INFO - DAG(s) dict_keys(['example_branch_datetime_operator_3', 'example_branch_datetime_operator', 'example_branch_datetime_operator_2']) retrieved from /home/airflow/.local/lib/python3.7/site-packages/airflow/example_dags/example_branch_datetime_operator.py
[2023-06-15T18:05:09.400+0000] {logging_mixin.py:137} INFO - [2023-06-15T18:05:09.400+0000] {dag.py:2690} INFO - Sync 3 DAGs
[2023-06-15T18:05:09.421+0000] {logging_mixin.py:137} INFO - [2023-06-15T18:05:09.421+0000] {dag.py:3441} INFO - Setting next_dagrun for example_branch_datetime_operator to 2023-06-14T00:00:00+00:00, run_after=2023-06-15T00:00:00+00:00
[2023-06-15T18:05:09.424+0000] {logging_mixin.py:137} INFO - [2023-06-15T18:05:09.424+0000] {dag.py:3441} INFO - Setting next_dagrun for example_branch_datetime_operator_2 to 2023-06-14T00:00:00+00:00, run_after=2023-06-15T00:00:00+00:00
[2023-06-15T18:05:09.427+0000] {logging_mixin.py:137} INFO - [2023-06-15T18:05:09.427+0000] {dag.py:3441} INFO - Setting next_dagrun for example_branch_datetime_operator_3 to 2023-06-14T00:00:00+00:00, run_after=2023-06-15T00:00:00+00:00
[2023-06-15T18:05:09.440+0000] {processor.py:175} INFO - Processing /home/airflow/.local/lib/python3.7/site-packages/airflow/example_dags/example_branch_datetime_operator.py took 0.090 seconds
[2023-06-15T18:05:40.137+0000] {processor.py:153} INFO - Started process (PID=571) to work on /home/airflow/.local/lib/python3.7/site-packages/airflow/example_dags/example_branch_datetime_operator.py
[2023-06-15T18:05:40.138+0000] {processor.py:743} INFO - Processing file /home/airflow/.local/lib/python3.7/site-packages/airflow/example_dags/example_branch_datetime_operator.py for tasks to queue
[2023-06-15T18:05:40.139+0000] {logging_mixin.py:137} INFO - [2023-06-15T18:05:40.139+0000] {dagbag.py:538} INFO - Filling up the DagBag from /home/airflow/.local/lib/python3.7/site-packages/airflow/example_dags/example_branch_datetime_operator.py
[2023-06-15T18:05:40.153+0000] {processor.py:753} INFO - DAG(s) dict_keys(['example_branch_datetime_operator_3', 'example_branch_datetime_operator', 'example_branch_datetime_operator_2']) retrieved from /home/airflow/.local/lib/python3.7/site-packages/airflow/example_dags/example_branch_datetime_operator.py
[2023-06-15T18:05:40.183+0000] {logging_mixin.py:137} INFO - [2023-06-15T18:05:40.183+0000] {dag.py:2690} INFO - Sync 3 DAGs
[2023-06-15T18:05:40.202+0000] {logging_mixin.py:137} INFO - [2023-06-15T18:05:40.202+0000] {dag.py:3441} INFO - Setting next_dagrun for example_branch_datetime_operator to 2023-06-14T00:00:00+00:00, run_after=2023-06-15T00:00:00+00:00
[2023-06-15T18:05:40.205+0000] {logging_mixin.py:137} INFO - [2023-06-15T18:05:40.205+0000] {dag.py:3441} INFO - Setting next_dagrun for example_branch_datetime_operator_2 to 2023-06-14T00:00:00+00:00, run_after=2023-06-15T00:00:00+00:00
[2023-06-15T18:05:40.208+0000] {logging_mixin.py:137} INFO - [2023-06-15T18:05:40.207+0000] {dag.py:3441} INFO - Setting next_dagrun for example_branch_datetime_operator_3 to 2023-06-14T00:00:00+00:00, run_after=2023-06-15T00:00:00+00:00
[2023-06-15T18:05:40.219+0000] {processor.py:175} INFO - Processing /home/airflow/.local/lib/python3.7/site-packages/airflow/example_dags/example_branch_datetime_operator.py took 0.086 seconds
[2023-06-15T18:06:10.369+0000] {processor.py:153} INFO - Started process (PID=644) to work on /home/airflow/.local/lib/python3.7/site-packages/airflow/example_dags/example_branch_datetime_operator.py
[2023-06-15T18:06:10.371+0000] {processor.py:743} INFO - Processing file /home/airflow/.local/lib/python3.7/site-packages/airflow/example_dags/example_branch_datetime_operator.py for tasks to queue
[2023-06-15T18:06:10.373+0000] {logging_mixin.py:137} INFO - [2023-06-15T18:06:10.373+0000] {dagbag.py:538} INFO - Filling up the DagBag from /home/airflow/.local/lib/python3.7/site-packages/airflow/example_dags/example_branch_datetime_operator.py
[2023-06-15T18:06:10.390+0000] {processor.py:753} INFO - DAG(s) dict_keys(['example_branch_datetime_operator', 'example_branch_datetime_operator_3', 'example_branch_datetime_operator_2']) retrieved from /home/airflow/.local/lib/python3.7/site-packages/airflow/example_dags/example_branch_datetime_operator.py
[2023-06-15T18:06:10.432+0000] {logging_mixin.py:137} INFO - [2023-06-15T18:06:10.432+0000] {dag.py:2690} INFO - Sync 3 DAGs
[2023-06-15T18:06:10.474+0000] {logging_mixin.py:137} INFO - [2023-06-15T18:06:10.474+0000] {dag.py:3441} INFO - Setting next_dagrun for example_branch_datetime_operator to 2023-06-14T00:00:00+00:00, run_after=2023-06-15T00:00:00+00:00
[2023-06-15T18:06:10.479+0000] {logging_mixin.py:137} INFO - [2023-06-15T18:06:10.479+0000] {dag.py:3441} INFO - Setting next_dagrun for example_branch_datetime_operator_2 to 2023-06-14T00:00:00+00:00, run_after=2023-06-15T00:00:00+00:00
[2023-06-15T18:06:10.482+0000] {logging_mixin.py:137} INFO - [2023-06-15T18:06:10.482+0000] {dag.py:3441} INFO - Setting next_dagrun for example_branch_datetime_operator_3 to 2023-06-14T00:00:00+00:00, run_after=2023-06-15T00:00:00+00:00
[2023-06-15T18:06:10.507+0000] {processor.py:175} INFO - Processing /home/airflow/.local/lib/python3.7/site-packages/airflow/example_dags/example_branch_datetime_operator.py took 0.141 seconds
[2023-06-15T18:06:41.016+0000] {processor.py:153} INFO - Started process (PID=711) to work on /home/airflow/.local/lib/python3.7/site-packages/airflow/example_dags/example_branch_datetime_operator.py
[2023-06-15T18:06:41.018+0000] {processor.py:743} INFO - Processing file /home/airflow/.local/lib/python3.7/site-packages/airflow/example_dags/example_branch_datetime_operator.py for tasks to queue
[2023-06-15T18:06:41.019+0000] {logging_mixin.py:137} INFO - [2023-06-15T18:06:41.019+0000] {dagbag.py:538} INFO - Filling up the DagBag from /home/airflow/.local/lib/python3.7/site-packages/airflow/example_dags/example_branch_datetime_operator.py
[2023-06-15T18:06:41.034+0000] {processor.py:753} INFO - DAG(s) dict_keys(['example_branch_datetime_operator_2', 'example_branch_datetime_operator', 'example_branch_datetime_operator_3']) retrieved from /home/airflow/.local/lib/python3.7/site-packages/airflow/example_dags/example_branch_datetime_operator.py
[2023-06-15T18:06:41.062+0000] {logging_mixin.py:137} INFO - [2023-06-15T18:06:41.062+0000] {dag.py:2690} INFO - Sync 3 DAGs
[2023-06-15T18:06:41.082+0000] {logging_mixin.py:137} INFO - [2023-06-15T18:06:41.082+0000] {dag.py:3441} INFO - Setting next_dagrun for example_branch_datetime_operator to 2023-06-14T00:00:00+00:00, run_after=2023-06-15T00:00:00+00:00
[2023-06-15T18:06:41.086+0000] {logging_mixin.py:137} INFO - [2023-06-15T18:06:41.086+0000] {dag.py:3441} INFO - Setting next_dagrun for example_branch_datetime_operator_2 to 2023-06-14T00:00:00+00:00, run_after=2023-06-15T00:00:00+00:00
[2023-06-15T18:06:41.088+0000] {logging_mixin.py:137} INFO - [2023-06-15T18:06:41.088+0000] {dag.py:3441} INFO - Setting next_dagrun for example_branch_datetime_operator_3 to 2023-06-14T00:00:00+00:00, run_after=2023-06-15T00:00:00+00:00
[2023-06-15T18:06:41.102+0000] {processor.py:175} INFO - Processing /home/airflow/.local/lib/python3.7/site-packages/airflow/example_dags/example_branch_datetime_operator.py took 0.089 seconds
[2023-06-15T18:07:11.734+0000] {processor.py:153} INFO - Started process (PID=788) to work on /home/airflow/.local/lib/python3.7/site-packages/airflow/example_dags/example_branch_datetime_operator.py
[2023-06-15T18:07:11.736+0000] {processor.py:743} INFO - Processing file /home/airflow/.local/lib/python3.7/site-packages/airflow/example_dags/example_branch_datetime_operator.py for tasks to queue
[2023-06-15T18:07:11.737+0000] {logging_mixin.py:137} INFO - [2023-06-15T18:07:11.736+0000] {dagbag.py:538} INFO - Filling up the DagBag from /home/airflow/.local/lib/python3.7/site-packages/airflow/example_dags/example_branch_datetime_operator.py
[2023-06-15T18:07:11.751+0000] {processor.py:753} INFO - DAG(s) dict_keys(['example_branch_datetime_operator', 'example_branch_datetime_operator_2', 'example_branch_datetime_operator_3']) retrieved from /home/airflow/.local/lib/python3.7/site-packages/airflow/example_dags/example_branch_datetime_operator.py
[2023-06-15T18:07:11.780+0000] {logging_mixin.py:137} INFO - [2023-06-15T18:07:11.780+0000] {dag.py:2690} INFO - Sync 3 DAGs
[2023-06-15T18:07:11.800+0000] {logging_mixin.py:137} INFO - [2023-06-15T18:07:11.800+0000] {dag.py:3441} INFO - Setting next_dagrun for example_branch_datetime_operator to 2023-06-14T00:00:00+00:00, run_after=2023-06-15T00:00:00+00:00
[2023-06-15T18:07:11.805+0000] {logging_mixin.py:137} INFO - [2023-06-15T18:07:11.804+0000] {dag.py:3441} INFO - Setting next_dagrun for example_branch_datetime_operator_2 to 2023-06-14T00:00:00+00:00, run_after=2023-06-15T00:00:00+00:00
[2023-06-15T18:07:11.807+0000] {logging_mixin.py:137} INFO - [2023-06-15T18:07:11.807+0000] {dag.py:3441} INFO - Setting next_dagrun for example_branch_datetime_operator_3 to 2023-06-14T00:00:00+00:00, run_after=2023-06-15T00:00:00+00:00
[2023-06-15T18:07:11.819+0000] {processor.py:175} INFO - Processing /home/airflow/.local/lib/python3.7/site-packages/airflow/example_dags/example_branch_datetime_operator.py took 0.088 seconds
[2023-06-15T18:07:42.693+0000] {processor.py:153} INFO - Started process (PID=853) to work on /home/airflow/.local/lib/python3.7/site-packages/airflow/example_dags/example_branch_datetime_operator.py
[2023-06-15T18:07:42.694+0000] {processor.py:743} INFO - Processing file /home/airflow/.local/lib/python3.7/site-packages/airflow/example_dags/example_branch_datetime_operator.py for tasks to queue
[2023-06-15T18:07:42.695+0000] {logging_mixin.py:137} INFO - [2023-06-15T18:07:42.695+0000] {dagbag.py:538} INFO - Filling up the DagBag from /home/airflow/.local/lib/python3.7/site-packages/airflow/example_dags/example_branch_datetime_operator.py
[2023-06-15T18:07:42.710+0000] {processor.py:753} INFO - DAG(s) dict_keys(['example_branch_datetime_operator_2', 'example_branch_datetime_operator_3', 'example_branch_datetime_operator']) retrieved from /home/airflow/.local/lib/python3.7/site-packages/airflow/example_dags/example_branch_datetime_operator.py
[2023-06-15T18:07:42.739+0000] {logging_mixin.py:137} INFO - [2023-06-15T18:07:42.739+0000] {dag.py:2690} INFO - Sync 3 DAGs
[2023-06-15T18:07:42.760+0000] {logging_mixin.py:137} INFO - [2023-06-15T18:07:42.760+0000] {dag.py:3441} INFO - Setting next_dagrun for example_branch_datetime_operator to 2023-06-14T00:00:00+00:00, run_after=2023-06-15T00:00:00+00:00
[2023-06-15T18:07:42.763+0000] {logging_mixin.py:137} INFO - [2023-06-15T18:07:42.763+0000] {dag.py:3441} INFO - Setting next_dagrun for example_branch_datetime_operator_2 to 2023-06-14T00:00:00+00:00, run_after=2023-06-15T00:00:00+00:00
[2023-06-15T18:07:42.766+0000] {logging_mixin.py:137} INFO - [2023-06-15T18:07:42.765+0000] {dag.py:3441} INFO - Setting next_dagrun for example_branch_datetime_operator_3 to 2023-06-14T00:00:00+00:00, run_after=2023-06-15T00:00:00+00:00
[2023-06-15T18:07:42.779+0000] {processor.py:175} INFO - Processing /home/airflow/.local/lib/python3.7/site-packages/airflow/example_dags/example_branch_datetime_operator.py took 0.090 seconds
[2023-06-15T18:08:12.915+0000] {processor.py:153} INFO - Started process (PID=929) to work on /home/airflow/.local/lib/python3.7/site-packages/airflow/example_dags/example_branch_datetime_operator.py
[2023-06-15T18:08:12.917+0000] {processor.py:743} INFO - Processing file /home/airflow/.local/lib/python3.7/site-packages/airflow/example_dags/example_branch_datetime_operator.py for tasks to queue
[2023-06-15T18:08:12.918+0000] {logging_mixin.py:137} INFO - [2023-06-15T18:08:12.917+0000] {dagbag.py:538} INFO - Filling up the DagBag from /home/airflow/.local/lib/python3.7/site-packages/airflow/example_dags/example_branch_datetime_operator.py
[2023-06-15T18:08:12.935+0000] {processor.py:753} INFO - DAG(s) dict_keys(['example_branch_datetime_operator', 'example_branch_datetime_operator_2', 'example_branch_datetime_operator_3']) retrieved from /home/airflow/.local/lib/python3.7/site-packages/airflow/example_dags/example_branch_datetime_operator.py
[2023-06-15T18:08:12.967+0000] {logging_mixin.py:137} INFO - [2023-06-15T18:08:12.967+0000] {dag.py:2690} INFO - Sync 3 DAGs
[2023-06-15T18:08:12.988+0000] {logging_mixin.py:137} INFO - [2023-06-15T18:08:12.988+0000] {dag.py:3441} INFO - Setting next_dagrun for example_branch_datetime_operator to 2023-06-14T00:00:00+00:00, run_after=2023-06-15T00:00:00+00:00
[2023-06-15T18:08:12.992+0000] {logging_mixin.py:137} INFO - [2023-06-15T18:08:12.992+0000] {dag.py:3441} INFO - Setting next_dagrun for example_branch_datetime_operator_2 to 2023-06-14T00:00:00+00:00, run_after=2023-06-15T00:00:00+00:00
[2023-06-15T18:08:12.994+0000] {logging_mixin.py:137} INFO - [2023-06-15T18:08:12.994+0000] {dag.py:3441} INFO - Setting next_dagrun for example_branch_datetime_operator_3 to 2023-06-14T00:00:00+00:00, run_after=2023-06-15T00:00:00+00:00
[2023-06-15T18:08:13.011+0000] {processor.py:175} INFO - Processing /home/airflow/.local/lib/python3.7/site-packages/airflow/example_dags/example_branch_datetime_operator.py took 0.099 seconds
[2023-06-15T18:08:43.651+0000] {processor.py:153} INFO - Started process (PID=1005) to work on /home/airflow/.local/lib/python3.7/site-packages/airflow/example_dags/example_branch_datetime_operator.py
[2023-06-15T18:08:43.652+0000] {processor.py:743} INFO - Processing file /home/airflow/.local/lib/python3.7/site-packages/airflow/example_dags/example_branch_datetime_operator.py for tasks to queue
[2023-06-15T18:08:43.653+0000] {logging_mixin.py:137} INFO - [2023-06-15T18:08:43.653+0000] {dagbag.py:538} INFO - Filling up the DagBag from /home/airflow/.local/lib/python3.7/site-packages/airflow/example_dags/example_branch_datetime_operator.py
[2023-06-15T18:08:43.668+0000] {processor.py:753} INFO - DAG(s) dict_keys(['example_branch_datetime_operator_2', 'example_branch_datetime_operator_3', 'example_branch_datetime_operator']) retrieved from /home/airflow/.local/lib/python3.7/site-packages/airflow/example_dags/example_branch_datetime_operator.py
[2023-06-15T18:08:43.697+0000] {logging_mixin.py:137} INFO - [2023-06-15T18:08:43.697+0000] {dag.py:2690} INFO - Sync 3 DAGs
[2023-06-15T18:08:43.718+0000] {logging_mixin.py:137} INFO - [2023-06-15T18:08:43.718+0000] {dag.py:3441} INFO - Setting next_dagrun for example_branch_datetime_operator to 2023-06-14T00:00:00+00:00, run_after=2023-06-15T00:00:00+00:00
[2023-06-15T18:08:43.722+0000] {logging_mixin.py:137} INFO - [2023-06-15T18:08:43.721+0000] {dag.py:3441} INFO - Setting next_dagrun for example_branch_datetime_operator_2 to 2023-06-14T00:00:00+00:00, run_after=2023-06-15T00:00:00+00:00
[2023-06-15T18:08:43.724+0000] {logging_mixin.py:137} INFO - [2023-06-15T18:08:43.724+0000] {dag.py:3441} INFO - Setting next_dagrun for example_branch_datetime_operator_3 to 2023-06-14T00:00:00+00:00, run_after=2023-06-15T00:00:00+00:00
[2023-06-15T18:08:43.737+0000] {processor.py:175} INFO - Processing /home/airflow/.local/lib/python3.7/site-packages/airflow/example_dags/example_branch_datetime_operator.py took 0.090 seconds
[2023-06-15T18:09:14.239+0000] {processor.py:153} INFO - Started process (PID=1069) to work on /home/airflow/.local/lib/python3.7/site-packages/airflow/example_dags/example_branch_datetime_operator.py
[2023-06-15T18:09:14.240+0000] {processor.py:743} INFO - Processing file /home/airflow/.local/lib/python3.7/site-packages/airflow/example_dags/example_branch_datetime_operator.py for tasks to queue
[2023-06-15T18:09:14.241+0000] {logging_mixin.py:137} INFO - [2023-06-15T18:09:14.241+0000] {dagbag.py:538} INFO - Filling up the DagBag from /home/airflow/.local/lib/python3.7/site-packages/airflow/example_dags/example_branch_datetime_operator.py
[2023-06-15T18:09:14.255+0000] {processor.py:753} INFO - DAG(s) dict_keys(['example_branch_datetime_operator', 'example_branch_datetime_operator_3', 'example_branch_datetime_operator_2']) retrieved from /home/airflow/.local/lib/python3.7/site-packages/airflow/example_dags/example_branch_datetime_operator.py
[2023-06-15T18:09:14.287+0000] {logging_mixin.py:137} INFO - [2023-06-15T18:09:14.287+0000] {dag.py:2690} INFO - Sync 3 DAGs
[2023-06-15T18:09:14.318+0000] {logging_mixin.py:137} INFO - [2023-06-15T18:09:14.318+0000] {dag.py:3441} INFO - Setting next_dagrun for example_branch_datetime_operator to 2023-06-14T00:00:00+00:00, run_after=2023-06-15T00:00:00+00:00
[2023-06-15T18:09:14.322+0000] {logging_mixin.py:137} INFO - [2023-06-15T18:09:14.322+0000] {dag.py:3441} INFO - Setting next_dagrun for example_branch_datetime_operator_2 to 2023-06-14T00:00:00+00:00, run_after=2023-06-15T00:00:00+00:00
[2023-06-15T18:09:14.325+0000] {logging_mixin.py:137} INFO - [2023-06-15T18:09:14.325+0000] {dag.py:3441} INFO - Setting next_dagrun for example_branch_datetime_operator_3 to 2023-06-14T00:00:00+00:00, run_after=2023-06-15T00:00:00+00:00
[2023-06-15T18:09:14.339+0000] {processor.py:175} INFO - Processing /home/airflow/.local/lib/python3.7/site-packages/airflow/example_dags/example_branch_datetime_operator.py took 0.103 seconds
[2023-06-15T18:09:44.928+0000] {processor.py:153} INFO - Started process (PID=1145) to work on /home/airflow/.local/lib/python3.7/site-packages/airflow/example_dags/example_branch_datetime_operator.py
[2023-06-15T18:09:44.930+0000] {processor.py:743} INFO - Processing file /home/airflow/.local/lib/python3.7/site-packages/airflow/example_dags/example_branch_datetime_operator.py for tasks to queue
[2023-06-15T18:09:44.931+0000] {logging_mixin.py:137} INFO - [2023-06-15T18:09:44.931+0000] {dagbag.py:538} INFO - Filling up the DagBag from /home/airflow/.local/lib/python3.7/site-packages/airflow/example_dags/example_branch_datetime_operator.py
[2023-06-15T18:09:44.946+0000] {processor.py:753} INFO - DAG(s) dict_keys(['example_branch_datetime_operator_3', 'example_branch_datetime_operator_2', 'example_branch_datetime_operator']) retrieved from /home/airflow/.local/lib/python3.7/site-packages/airflow/example_dags/example_branch_datetime_operator.py
[2023-06-15T18:09:44.975+0000] {logging_mixin.py:137} INFO - [2023-06-15T18:09:44.975+0000] {dag.py:2690} INFO - Sync 3 DAGs
[2023-06-15T18:09:44.996+0000] {logging_mixin.py:137} INFO - [2023-06-15T18:09:44.995+0000] {dag.py:3441} INFO - Setting next_dagrun for example_branch_datetime_operator to 2023-06-14T00:00:00+00:00, run_after=2023-06-15T00:00:00+00:00
[2023-06-15T18:09:45.000+0000] {logging_mixin.py:137} INFO - [2023-06-15T18:09:44.999+0000] {dag.py:3441} INFO - Setting next_dagrun for example_branch_datetime_operator_2 to 2023-06-14T00:00:00+00:00, run_after=2023-06-15T00:00:00+00:00
[2023-06-15T18:09:45.002+0000] {logging_mixin.py:137} INFO - [2023-06-15T18:09:45.002+0000] {dag.py:3441} INFO - Setting next_dagrun for example_branch_datetime_operator_3 to 2023-06-14T00:00:00+00:00, run_after=2023-06-15T00:00:00+00:00
[2023-06-15T18:09:45.015+0000] {processor.py:175} INFO - Processing /home/airflow/.local/lib/python3.7/site-packages/airflow/example_dags/example_branch_datetime_operator.py took 0.090 seconds
[2023-06-15T18:10:15.668+0000] {processor.py:153} INFO - Started process (PID=1218) to work on /home/airflow/.local/lib/python3.7/site-packages/airflow/example_dags/example_branch_datetime_operator.py
[2023-06-15T18:10:15.670+0000] {processor.py:743} INFO - Processing file /home/airflow/.local/lib/python3.7/site-packages/airflow/example_dags/example_branch_datetime_operator.py for tasks to queue
[2023-06-15T18:10:15.671+0000] {logging_mixin.py:137} INFO - [2023-06-15T18:10:15.671+0000] {dagbag.py:538} INFO - Filling up the DagBag from /home/airflow/.local/lib/python3.7/site-packages/airflow/example_dags/example_branch_datetime_operator.py
[2023-06-15T18:10:15.704+0000] {processor.py:753} INFO - DAG(s) dict_keys(['example_branch_datetime_operator_2', 'example_branch_datetime_operator', 'example_branch_datetime_operator_3']) retrieved from /home/airflow/.local/lib/python3.7/site-packages/airflow/example_dags/example_branch_datetime_operator.py
[2023-06-15T18:10:15.737+0000] {logging_mixin.py:137} INFO - [2023-06-15T18:10:15.737+0000] {dag.py:2690} INFO - Sync 3 DAGs
[2023-06-15T18:10:15.758+0000] {logging_mixin.py:137} INFO - [2023-06-15T18:10:15.758+0000] {dag.py:3441} INFO - Setting next_dagrun for example_branch_datetime_operator to 2023-06-14T00:00:00+00:00, run_after=2023-06-15T00:00:00+00:00
[2023-06-15T18:10:15.762+0000] {logging_mixin.py:137} INFO - [2023-06-15T18:10:15.762+0000] {dag.py:3441} INFO - Setting next_dagrun for example_branch_datetime_operator_2 to 2023-06-14T00:00:00+00:00, run_after=2023-06-15T00:00:00+00:00
[2023-06-15T18:10:15.764+0000] {logging_mixin.py:137} INFO - [2023-06-15T18:10:15.764+0000] {dag.py:3441} INFO - Setting next_dagrun for example_branch_datetime_operator_3 to 2023-06-14T00:00:00+00:00, run_after=2023-06-15T00:00:00+00:00
[2023-06-15T18:10:15.778+0000] {processor.py:175} INFO - Processing /home/airflow/.local/lib/python3.7/site-packages/airflow/example_dags/example_branch_datetime_operator.py took 0.114 seconds
[2023-06-15T18:10:46.404+0000] {processor.py:153} INFO - Started process (PID=1285) to work on /home/airflow/.local/lib/python3.7/site-packages/airflow/example_dags/example_branch_datetime_operator.py
[2023-06-15T18:10:46.406+0000] {processor.py:743} INFO - Processing file /home/airflow/.local/lib/python3.7/site-packages/airflow/example_dags/example_branch_datetime_operator.py for tasks to queue
[2023-06-15T18:10:46.407+0000] {logging_mixin.py:137} INFO - [2023-06-15T18:10:46.407+0000] {dagbag.py:538} INFO - Filling up the DagBag from /home/airflow/.local/lib/python3.7/site-packages/airflow/example_dags/example_branch_datetime_operator.py
[2023-06-15T18:10:46.421+0000] {processor.py:753} INFO - DAG(s) dict_keys(['example_branch_datetime_operator', 'example_branch_datetime_operator_3', 'example_branch_datetime_operator_2']) retrieved from /home/airflow/.local/lib/python3.7/site-packages/airflow/example_dags/example_branch_datetime_operator.py
[2023-06-15T18:10:46.449+0000] {logging_mixin.py:137} INFO - [2023-06-15T18:10:46.449+0000] {dag.py:2690} INFO - Sync 3 DAGs
[2023-06-15T18:10:46.468+0000] {logging_mixin.py:137} INFO - [2023-06-15T18:10:46.468+0000] {dag.py:3441} INFO - Setting next_dagrun for example_branch_datetime_operator to 2023-06-14T00:00:00+00:00, run_after=2023-06-15T00:00:00+00:00
[2023-06-15T18:10:46.472+0000] {logging_mixin.py:137} INFO - [2023-06-15T18:10:46.472+0000] {dag.py:3441} INFO - Setting next_dagrun for example_branch_datetime_operator_2 to 2023-06-14T00:00:00+00:00, run_after=2023-06-15T00:00:00+00:00
[2023-06-15T18:10:46.474+0000] {logging_mixin.py:137} INFO - [2023-06-15T18:10:46.474+0000] {dag.py:3441} INFO - Setting next_dagrun for example_branch_datetime_operator_3 to 2023-06-14T00:00:00+00:00, run_after=2023-06-15T00:00:00+00:00
[2023-06-15T18:10:46.486+0000] {processor.py:175} INFO - Processing /home/airflow/.local/lib/python3.7/site-packages/airflow/example_dags/example_branch_datetime_operator.py took 0.085 seconds
[2023-06-15T18:11:17.046+0000] {processor.py:153} INFO - Started process (PID=1361) to work on /home/airflow/.local/lib/python3.7/site-packages/airflow/example_dags/example_branch_datetime_operator.py
[2023-06-15T18:11:17.047+0000] {processor.py:743} INFO - Processing file /home/airflow/.local/lib/python3.7/site-packages/airflow/example_dags/example_branch_datetime_operator.py for tasks to queue
[2023-06-15T18:11:17.048+0000] {logging_mixin.py:137} INFO - [2023-06-15T18:11:17.048+0000] {dagbag.py:538} INFO - Filling up the DagBag from /home/airflow/.local/lib/python3.7/site-packages/airflow/example_dags/example_branch_datetime_operator.py
[2023-06-15T18:11:17.062+0000] {processor.py:753} INFO - DAG(s) dict_keys(['example_branch_datetime_operator', 'example_branch_datetime_operator_2', 'example_branch_datetime_operator_3']) retrieved from /home/airflow/.local/lib/python3.7/site-packages/airflow/example_dags/example_branch_datetime_operator.py
[2023-06-15T18:11:17.092+0000] {logging_mixin.py:137} INFO - [2023-06-15T18:11:17.091+0000] {dag.py:2690} INFO - Sync 3 DAGs
[2023-06-15T18:11:17.113+0000] {logging_mixin.py:137} INFO - [2023-06-15T18:11:17.112+0000] {dag.py:3441} INFO - Setting next_dagrun for example_branch_datetime_operator to 2023-06-14T00:00:00+00:00, run_after=2023-06-15T00:00:00+00:00
[2023-06-15T18:11:17.116+0000] {logging_mixin.py:137} INFO - [2023-06-15T18:11:17.116+0000] {dag.py:3441} INFO - Setting next_dagrun for example_branch_datetime_operator_2 to 2023-06-14T00:00:00+00:00, run_after=2023-06-15T00:00:00+00:00
[2023-06-15T18:11:17.118+0000] {logging_mixin.py:137} INFO - [2023-06-15T18:11:17.118+0000] {dag.py:3441} INFO - Setting next_dagrun for example_branch_datetime_operator_3 to 2023-06-14T00:00:00+00:00, run_after=2023-06-15T00:00:00+00:00
[2023-06-15T18:11:17.131+0000] {processor.py:175} INFO - Processing /home/airflow/.local/lib/python3.7/site-packages/airflow/example_dags/example_branch_datetime_operator.py took 0.088 seconds
[2023-06-15T18:11:47.594+0000] {processor.py:153} INFO - Started process (PID=1426) to work on /home/airflow/.local/lib/python3.7/site-packages/airflow/example_dags/example_branch_datetime_operator.py
[2023-06-15T18:11:47.596+0000] {processor.py:743} INFO - Processing file /home/airflow/.local/lib/python3.7/site-packages/airflow/example_dags/example_branch_datetime_operator.py for tasks to queue
[2023-06-15T18:11:47.597+0000] {logging_mixin.py:137} INFO - [2023-06-15T18:11:47.597+0000] {dagbag.py:538} INFO - Filling up the DagBag from /home/airflow/.local/lib/python3.7/site-packages/airflow/example_dags/example_branch_datetime_operator.py
[2023-06-15T18:11:47.612+0000] {processor.py:753} INFO - DAG(s) dict_keys(['example_branch_datetime_operator_2', 'example_branch_datetime_operator', 'example_branch_datetime_operator_3']) retrieved from /home/airflow/.local/lib/python3.7/site-packages/airflow/example_dags/example_branch_datetime_operator.py
[2023-06-15T18:11:47.639+0000] {logging_mixin.py:137} INFO - [2023-06-15T18:11:47.639+0000] {dag.py:2690} INFO - Sync 3 DAGs
[2023-06-15T18:11:47.658+0000] {logging_mixin.py:137} INFO - [2023-06-15T18:11:47.658+0000] {dag.py:3441} INFO - Setting next_dagrun for example_branch_datetime_operator to 2023-06-14T00:00:00+00:00, run_after=2023-06-15T00:00:00+00:00
[2023-06-15T18:11:47.662+0000] {logging_mixin.py:137} INFO - [2023-06-15T18:11:47.662+0000] {dag.py:3441} INFO - Setting next_dagrun for example_branch_datetime_operator_2 to 2023-06-14T00:00:00+00:00, run_after=2023-06-15T00:00:00+00:00
[2023-06-15T18:11:47.665+0000] {logging_mixin.py:137} INFO - [2023-06-15T18:11:47.665+0000] {dag.py:3441} INFO - Setting next_dagrun for example_branch_datetime_operator_3 to 2023-06-14T00:00:00+00:00, run_after=2023-06-15T00:00:00+00:00
[2023-06-15T18:11:47.676+0000] {processor.py:175} INFO - Processing /home/airflow/.local/lib/python3.7/site-packages/airflow/example_dags/example_branch_datetime_operator.py took 0.086 seconds
[2023-06-15T18:12:18.231+0000] {processor.py:153} INFO - Started process (PID=1503) to work on /home/airflow/.local/lib/python3.7/site-packages/airflow/example_dags/example_branch_datetime_operator.py
[2023-06-15T18:12:18.233+0000] {processor.py:743} INFO - Processing file /home/airflow/.local/lib/python3.7/site-packages/airflow/example_dags/example_branch_datetime_operator.py for tasks to queue
[2023-06-15T18:12:18.234+0000] {logging_mixin.py:137} INFO - [2023-06-15T18:12:18.234+0000] {dagbag.py:538} INFO - Filling up the DagBag from /home/airflow/.local/lib/python3.7/site-packages/airflow/example_dags/example_branch_datetime_operator.py
[2023-06-15T18:12:18.251+0000] {processor.py:753} INFO - DAG(s) dict_keys(['example_branch_datetime_operator', 'example_branch_datetime_operator_2', 'example_branch_datetime_operator_3']) retrieved from /home/airflow/.local/lib/python3.7/site-packages/airflow/example_dags/example_branch_datetime_operator.py
[2023-06-15T18:12:18.280+0000] {logging_mixin.py:137} INFO - [2023-06-15T18:12:18.280+0000] {dag.py:2690} INFO - Sync 3 DAGs
[2023-06-15T18:12:18.301+0000] {logging_mixin.py:137} INFO - [2023-06-15T18:12:18.301+0000] {dag.py:3441} INFO - Setting next_dagrun for example_branch_datetime_operator to 2023-06-14T00:00:00+00:00, run_after=2023-06-15T00:00:00+00:00
[2023-06-15T18:12:18.305+0000] {logging_mixin.py:137} INFO - [2023-06-15T18:12:18.305+0000] {dag.py:3441} INFO - Setting next_dagrun for example_branch_datetime_operator_2 to 2023-06-14T00:00:00+00:00, run_after=2023-06-15T00:00:00+00:00
[2023-06-15T18:12:18.308+0000] {logging_mixin.py:137} INFO - [2023-06-15T18:12:18.307+0000] {dag.py:3441} INFO - Setting next_dagrun for example_branch_datetime_operator_3 to 2023-06-14T00:00:00+00:00, run_after=2023-06-15T00:00:00+00:00
[2023-06-15T18:12:18.321+0000] {processor.py:175} INFO - Processing /home/airflow/.local/lib/python3.7/site-packages/airflow/example_dags/example_branch_datetime_operator.py took 0.093 seconds
[2023-06-15T18:12:48.885+0000] {processor.py:153} INFO - Started process (PID=1581) to work on /home/airflow/.local/lib/python3.7/site-packages/airflow/example_dags/example_branch_datetime_operator.py
[2023-06-15T18:12:48.887+0000] {processor.py:743} INFO - Processing file /home/airflow/.local/lib/python3.7/site-packages/airflow/example_dags/example_branch_datetime_operator.py for tasks to queue
[2023-06-15T18:12:48.887+0000] {logging_mixin.py:137} INFO - [2023-06-15T18:12:48.887+0000] {dagbag.py:538} INFO - Filling up the DagBag from /home/airflow/.local/lib/python3.7/site-packages/airflow/example_dags/example_branch_datetime_operator.py
[2023-06-15T18:12:48.901+0000] {processor.py:753} INFO - DAG(s) dict_keys(['example_branch_datetime_operator_3', 'example_branch_datetime_operator_2', 'example_branch_datetime_operator']) retrieved from /home/airflow/.local/lib/python3.7/site-packages/airflow/example_dags/example_branch_datetime_operator.py
[2023-06-15T18:12:48.930+0000] {logging_mixin.py:137} INFO - [2023-06-15T18:12:48.930+0000] {dag.py:2690} INFO - Sync 3 DAGs
[2023-06-15T18:12:48.950+0000] {logging_mixin.py:137} INFO - [2023-06-15T18:12:48.950+0000] {dag.py:3441} INFO - Setting next_dagrun for example_branch_datetime_operator to 2023-06-14T00:00:00+00:00, run_after=2023-06-15T00:00:00+00:00
[2023-06-15T18:12:48.953+0000] {logging_mixin.py:137} INFO - [2023-06-15T18:12:48.953+0000] {dag.py:3441} INFO - Setting next_dagrun for example_branch_datetime_operator_2 to 2023-06-14T00:00:00+00:00, run_after=2023-06-15T00:00:00+00:00
[2023-06-15T18:12:48.955+0000] {logging_mixin.py:137} INFO - [2023-06-15T18:12:48.955+0000] {dag.py:3441} INFO - Setting next_dagrun for example_branch_datetime_operator_3 to 2023-06-14T00:00:00+00:00, run_after=2023-06-15T00:00:00+00:00
[2023-06-15T18:12:48.968+0000] {processor.py:175} INFO - Processing /home/airflow/.local/lib/python3.7/site-packages/airflow/example_dags/example_branch_datetime_operator.py took 0.085 seconds
[2023-06-15T18:13:19.696+0000] {processor.py:153} INFO - Started process (PID=1647) to work on /home/airflow/.local/lib/python3.7/site-packages/airflow/example_dags/example_branch_datetime_operator.py
[2023-06-15T18:13:19.697+0000] {processor.py:743} INFO - Processing file /home/airflow/.local/lib/python3.7/site-packages/airflow/example_dags/example_branch_datetime_operator.py for tasks to queue
[2023-06-15T18:13:19.698+0000] {logging_mixin.py:137} INFO - [2023-06-15T18:13:19.698+0000] {dagbag.py:538} INFO - Filling up the DagBag from /home/airflow/.local/lib/python3.7/site-packages/airflow/example_dags/example_branch_datetime_operator.py
[2023-06-15T18:13:19.712+0000] {processor.py:753} INFO - DAG(s) dict_keys(['example_branch_datetime_operator_2', 'example_branch_datetime_operator', 'example_branch_datetime_operator_3']) retrieved from /home/airflow/.local/lib/python3.7/site-packages/airflow/example_dags/example_branch_datetime_operator.py
[2023-06-15T18:13:19.741+0000] {logging_mixin.py:137} INFO - [2023-06-15T18:13:19.741+0000] {dag.py:2690} INFO - Sync 3 DAGs
[2023-06-15T18:13:19.763+0000] {logging_mixin.py:137} INFO - [2023-06-15T18:13:19.763+0000] {dag.py:3441} INFO - Setting next_dagrun for example_branch_datetime_operator to 2023-06-14T00:00:00+00:00, run_after=2023-06-15T00:00:00+00:00
[2023-06-15T18:13:19.767+0000] {logging_mixin.py:137} INFO - [2023-06-15T18:13:19.767+0000] {dag.py:3441} INFO - Setting next_dagrun for example_branch_datetime_operator_2 to 2023-06-14T00:00:00+00:00, run_after=2023-06-15T00:00:00+00:00
[2023-06-15T18:13:19.770+0000] {logging_mixin.py:137} INFO - [2023-06-15T18:13:19.770+0000] {dag.py:3441} INFO - Setting next_dagrun for example_branch_datetime_operator_3 to 2023-06-14T00:00:00+00:00, run_after=2023-06-15T00:00:00+00:00
[2023-06-15T18:13:19.782+0000] {processor.py:175} INFO - Processing /home/airflow/.local/lib/python3.7/site-packages/airflow/example_dags/example_branch_datetime_operator.py took 0.091 seconds
[2023-06-15T18:13:50.515+0000] {processor.py:153} INFO - Started process (PID=1725) to work on /home/airflow/.local/lib/python3.7/site-packages/airflow/example_dags/example_branch_datetime_operator.py
[2023-06-15T18:13:50.516+0000] {processor.py:743} INFO - Processing file /home/airflow/.local/lib/python3.7/site-packages/airflow/example_dags/example_branch_datetime_operator.py for tasks to queue
[2023-06-15T18:13:50.517+0000] {logging_mixin.py:137} INFO - [2023-06-15T18:13:50.517+0000] {dagbag.py:538} INFO - Filling up the DagBag from /home/airflow/.local/lib/python3.7/site-packages/airflow/example_dags/example_branch_datetime_operator.py
[2023-06-15T18:13:50.533+0000] {processor.py:753} INFO - DAG(s) dict_keys(['example_branch_datetime_operator_3', 'example_branch_datetime_operator', 'example_branch_datetime_operator_2']) retrieved from /home/airflow/.local/lib/python3.7/site-packages/airflow/example_dags/example_branch_datetime_operator.py
[2023-06-15T18:13:50.561+0000] {logging_mixin.py:137} INFO - [2023-06-15T18:13:50.561+0000] {dag.py:2690} INFO - Sync 3 DAGs
[2023-06-15T18:13:50.590+0000] {logging_mixin.py:137} INFO - [2023-06-15T18:13:50.590+0000] {dag.py:3441} INFO - Setting next_dagrun for example_branch_datetime_operator to 2023-06-14T00:00:00+00:00, run_after=2023-06-15T00:00:00+00:00
[2023-06-15T18:13:50.597+0000] {logging_mixin.py:137} INFO - [2023-06-15T18:13:50.597+0000] {dag.py:3441} INFO - Setting next_dagrun for example_branch_datetime_operator_2 to 2023-06-14T00:00:00+00:00, run_after=2023-06-15T00:00:00+00:00
[2023-06-15T18:13:50.601+0000] {logging_mixin.py:137} INFO - [2023-06-15T18:13:50.601+0000] {dag.py:3441} INFO - Setting next_dagrun for example_branch_datetime_operator_3 to 2023-06-14T00:00:00+00:00, run_after=2023-06-15T00:00:00+00:00
[2023-06-15T18:13:50.622+0000] {processor.py:175} INFO - Processing /home/airflow/.local/lib/python3.7/site-packages/airflow/example_dags/example_branch_datetime_operator.py took 0.110 seconds
[2023-06-15T18:14:20.725+0000] {processor.py:153} INFO - Started process (PID=1802) to work on /home/airflow/.local/lib/python3.7/site-packages/airflow/example_dags/example_branch_datetime_operator.py
[2023-06-15T18:14:20.726+0000] {processor.py:743} INFO - Processing file /home/airflow/.local/lib/python3.7/site-packages/airflow/example_dags/example_branch_datetime_operator.py for tasks to queue
[2023-06-15T18:14:20.727+0000] {logging_mixin.py:137} INFO - [2023-06-15T18:14:20.727+0000] {dagbag.py:538} INFO - Filling up the DagBag from /home/airflow/.local/lib/python3.7/site-packages/airflow/example_dags/example_branch_datetime_operator.py
[2023-06-15T18:14:20.746+0000] {processor.py:753} INFO - DAG(s) dict_keys(['example_branch_datetime_operator_3', 'example_branch_datetime_operator', 'example_branch_datetime_operator_2']) retrieved from /home/airflow/.local/lib/python3.7/site-packages/airflow/example_dags/example_branch_datetime_operator.py
[2023-06-15T18:14:20.780+0000] {logging_mixin.py:137} INFO - [2023-06-15T18:14:20.780+0000] {dag.py:2690} INFO - Sync 3 DAGs
[2023-06-15T18:14:20.801+0000] {logging_mixin.py:137} INFO - [2023-06-15T18:14:20.801+0000] {dag.py:3441} INFO - Setting next_dagrun for example_branch_datetime_operator to 2023-06-14T00:00:00+00:00, run_after=2023-06-15T00:00:00+00:00
[2023-06-15T18:14:20.805+0000] {logging_mixin.py:137} INFO - [2023-06-15T18:14:20.805+0000] {dag.py:3441} INFO - Setting next_dagrun for example_branch_datetime_operator_2 to 2023-06-14T00:00:00+00:00, run_after=2023-06-15T00:00:00+00:00
[2023-06-15T18:14:20.808+0000] {logging_mixin.py:137} INFO - [2023-06-15T18:14:20.808+0000] {dag.py:3441} INFO - Setting next_dagrun for example_branch_datetime_operator_3 to 2023-06-14T00:00:00+00:00, run_after=2023-06-15T00:00:00+00:00
[2023-06-15T18:14:20.822+0000] {processor.py:175} INFO - Processing /home/airflow/.local/lib/python3.7/site-packages/airflow/example_dags/example_branch_datetime_operator.py took 0.102 seconds
[2023-06-15T18:14:51.738+0000] {processor.py:153} INFO - Started process (PID=1867) to work on /home/airflow/.local/lib/python3.7/site-packages/airflow/example_dags/example_branch_datetime_operator.py
[2023-06-15T18:14:51.739+0000] {processor.py:743} INFO - Processing file /home/airflow/.local/lib/python3.7/site-packages/airflow/example_dags/example_branch_datetime_operator.py for tasks to queue
[2023-06-15T18:14:51.740+0000] {logging_mixin.py:137} INFO - [2023-06-15T18:14:51.740+0000] {dagbag.py:538} INFO - Filling up the DagBag from /home/airflow/.local/lib/python3.7/site-packages/airflow/example_dags/example_branch_datetime_operator.py
[2023-06-15T18:14:51.758+0000] {processor.py:753} INFO - DAG(s) dict_keys(['example_branch_datetime_operator', 'example_branch_datetime_operator_2', 'example_branch_datetime_operator_3']) retrieved from /home/airflow/.local/lib/python3.7/site-packages/airflow/example_dags/example_branch_datetime_operator.py
[2023-06-15T18:14:51.793+0000] {logging_mixin.py:137} INFO - [2023-06-15T18:14:51.793+0000] {dag.py:2690} INFO - Sync 3 DAGs
[2023-06-15T18:14:51.814+0000] {logging_mixin.py:137} INFO - [2023-06-15T18:14:51.814+0000] {dag.py:3441} INFO - Setting next_dagrun for example_branch_datetime_operator to 2023-06-14T00:00:00+00:00, run_after=2023-06-15T00:00:00+00:00
[2023-06-15T18:14:51.818+0000] {logging_mixin.py:137} INFO - [2023-06-15T18:14:51.818+0000] {dag.py:3441} INFO - Setting next_dagrun for example_branch_datetime_operator_2 to 2023-06-14T00:00:00+00:00, run_after=2023-06-15T00:00:00+00:00
[2023-06-15T18:14:51.821+0000] {logging_mixin.py:137} INFO - [2023-06-15T18:14:51.820+0000] {dag.py:3441} INFO - Setting next_dagrun for example_branch_datetime_operator_3 to 2023-06-14T00:00:00+00:00, run_after=2023-06-15T00:00:00+00:00
[2023-06-15T18:14:51.835+0000] {processor.py:175} INFO - Processing /home/airflow/.local/lib/python3.7/site-packages/airflow/example_dags/example_branch_datetime_operator.py took 0.102 seconds
[2023-06-15T18:15:22.134+0000] {processor.py:153} INFO - Started process (PID=1945) to work on /home/airflow/.local/lib/python3.7/site-packages/airflow/example_dags/example_branch_datetime_operator.py
[2023-06-15T18:15:22.136+0000] {processor.py:743} INFO - Processing file /home/airflow/.local/lib/python3.7/site-packages/airflow/example_dags/example_branch_datetime_operator.py for tasks to queue
[2023-06-15T18:15:22.136+0000] {logging_mixin.py:137} INFO - [2023-06-15T18:15:22.136+0000] {dagbag.py:538} INFO - Filling up the DagBag from /home/airflow/.local/lib/python3.7/site-packages/airflow/example_dags/example_branch_datetime_operator.py
[2023-06-15T18:15:22.151+0000] {processor.py:753} INFO - DAG(s) dict_keys(['example_branch_datetime_operator', 'example_branch_datetime_operator_2', 'example_branch_datetime_operator_3']) retrieved from /home/airflow/.local/lib/python3.7/site-packages/airflow/example_dags/example_branch_datetime_operator.py
[2023-06-15T18:15:22.190+0000] {logging_mixin.py:137} INFO - [2023-06-15T18:15:22.190+0000] {dag.py:2690} INFO - Sync 3 DAGs
[2023-06-15T18:15:22.210+0000] {logging_mixin.py:137} INFO - [2023-06-15T18:15:22.210+0000] {dag.py:3441} INFO - Setting next_dagrun for example_branch_datetime_operator to 2023-06-14T00:00:00+00:00, run_after=2023-06-15T00:00:00+00:00
[2023-06-15T18:15:22.214+0000] {logging_mixin.py:137} INFO - [2023-06-15T18:15:22.214+0000] {dag.py:3441} INFO - Setting next_dagrun for example_branch_datetime_operator_2 to 2023-06-14T00:00:00+00:00, run_after=2023-06-15T00:00:00+00:00
[2023-06-15T18:15:22.216+0000] {logging_mixin.py:137} INFO - [2023-06-15T18:15:22.216+0000] {dag.py:3441} INFO - Setting next_dagrun for example_branch_datetime_operator_3 to 2023-06-14T00:00:00+00:00, run_after=2023-06-15T00:00:00+00:00
[2023-06-15T18:15:22.229+0000] {processor.py:175} INFO - Processing /home/airflow/.local/lib/python3.7/site-packages/airflow/example_dags/example_branch_datetime_operator.py took 0.098 seconds
[2023-06-15T18:15:52.478+0000] {processor.py:153} INFO - Started process (PID=2011) to work on /home/airflow/.local/lib/python3.7/site-packages/airflow/example_dags/example_branch_datetime_operator.py
[2023-06-15T18:15:52.480+0000] {processor.py:743} INFO - Processing file /home/airflow/.local/lib/python3.7/site-packages/airflow/example_dags/example_branch_datetime_operator.py for tasks to queue
[2023-06-15T18:15:52.481+0000] {logging_mixin.py:137} INFO - [2023-06-15T18:15:52.481+0000] {dagbag.py:538} INFO - Filling up the DagBag from /home/airflow/.local/lib/python3.7/site-packages/airflow/example_dags/example_branch_datetime_operator.py
[2023-06-15T18:15:52.495+0000] {processor.py:753} INFO - DAG(s) dict_keys(['example_branch_datetime_operator_2', 'example_branch_datetime_operator', 'example_branch_datetime_operator_3']) retrieved from /home/airflow/.local/lib/python3.7/site-packages/airflow/example_dags/example_branch_datetime_operator.py
[2023-06-15T18:15:52.524+0000] {logging_mixin.py:137} INFO - [2023-06-15T18:15:52.524+0000] {dag.py:2690} INFO - Sync 3 DAGs
[2023-06-15T18:15:52.545+0000] {logging_mixin.py:137} INFO - [2023-06-15T18:15:52.545+0000] {dag.py:3441} INFO - Setting next_dagrun for example_branch_datetime_operator to 2023-06-14T00:00:00+00:00, run_after=2023-06-15T00:00:00+00:00
[2023-06-15T18:15:52.550+0000] {logging_mixin.py:137} INFO - [2023-06-15T18:15:52.550+0000] {dag.py:3441} INFO - Setting next_dagrun for example_branch_datetime_operator_2 to 2023-06-14T00:00:00+00:00, run_after=2023-06-15T00:00:00+00:00
[2023-06-15T18:15:52.552+0000] {logging_mixin.py:137} INFO - [2023-06-15T18:15:52.552+0000] {dag.py:3441} INFO - Setting next_dagrun for example_branch_datetime_operator_3 to 2023-06-14T00:00:00+00:00, run_after=2023-06-15T00:00:00+00:00
[2023-06-15T18:15:52.565+0000] {processor.py:175} INFO - Processing /home/airflow/.local/lib/python3.7/site-packages/airflow/example_dags/example_branch_datetime_operator.py took 0.091 seconds
[2023-06-15T18:16:23.035+0000] {processor.py:153} INFO - Started process (PID=2088) to work on /home/airflow/.local/lib/python3.7/site-packages/airflow/example_dags/example_branch_datetime_operator.py
[2023-06-15T18:16:23.037+0000] {processor.py:743} INFO - Processing file /home/airflow/.local/lib/python3.7/site-packages/airflow/example_dags/example_branch_datetime_operator.py for tasks to queue
[2023-06-15T18:16:23.038+0000] {logging_mixin.py:137} INFO - [2023-06-15T18:16:23.037+0000] {dagbag.py:538} INFO - Filling up the DagBag from /home/airflow/.local/lib/python3.7/site-packages/airflow/example_dags/example_branch_datetime_operator.py
[2023-06-15T18:16:23.053+0000] {processor.py:753} INFO - DAG(s) dict_keys(['example_branch_datetime_operator', 'example_branch_datetime_operator_2', 'example_branch_datetime_operator_3']) retrieved from /home/airflow/.local/lib/python3.7/site-packages/airflow/example_dags/example_branch_datetime_operator.py
[2023-06-15T18:16:23.080+0000] {logging_mixin.py:137} INFO - [2023-06-15T18:16:23.080+0000] {dag.py:2690} INFO - Sync 3 DAGs
[2023-06-15T18:16:23.101+0000] {logging_mixin.py:137} INFO - [2023-06-15T18:16:23.101+0000] {dag.py:3441} INFO - Setting next_dagrun for example_branch_datetime_operator to 2023-06-14T00:00:00+00:00, run_after=2023-06-15T00:00:00+00:00
[2023-06-15T18:16:23.104+0000] {logging_mixin.py:137} INFO - [2023-06-15T18:16:23.104+0000] {dag.py:3441} INFO - Setting next_dagrun for example_branch_datetime_operator_2 to 2023-06-14T00:00:00+00:00, run_after=2023-06-15T00:00:00+00:00
[2023-06-15T18:16:23.106+0000] {logging_mixin.py:137} INFO - [2023-06-15T18:16:23.106+0000] {dag.py:3441} INFO - Setting next_dagrun for example_branch_datetime_operator_3 to 2023-06-14T00:00:00+00:00, run_after=2023-06-15T00:00:00+00:00
[2023-06-15T18:16:23.119+0000] {processor.py:175} INFO - Processing /home/airflow/.local/lib/python3.7/site-packages/airflow/example_dags/example_branch_datetime_operator.py took 0.087 seconds
[2023-06-15T18:16:53.637+0000] {processor.py:153} INFO - Started process (PID=2165) to work on /home/airflow/.local/lib/python3.7/site-packages/airflow/example_dags/example_branch_datetime_operator.py
[2023-06-15T18:16:53.638+0000] {processor.py:743} INFO - Processing file /home/airflow/.local/lib/python3.7/site-packages/airflow/example_dags/example_branch_datetime_operator.py for tasks to queue
[2023-06-15T18:16:53.639+0000] {logging_mixin.py:137} INFO - [2023-06-15T18:16:53.639+0000] {dagbag.py:538} INFO - Filling up the DagBag from /home/airflow/.local/lib/python3.7/site-packages/airflow/example_dags/example_branch_datetime_operator.py
[2023-06-15T18:16:53.652+0000] {processor.py:753} INFO - DAG(s) dict_keys(['example_branch_datetime_operator_3', 'example_branch_datetime_operator', 'example_branch_datetime_operator_2']) retrieved from /home/airflow/.local/lib/python3.7/site-packages/airflow/example_dags/example_branch_datetime_operator.py
[2023-06-15T18:16:53.681+0000] {logging_mixin.py:137} INFO - [2023-06-15T18:16:53.681+0000] {dag.py:2690} INFO - Sync 3 DAGs
[2023-06-15T18:16:53.700+0000] {logging_mixin.py:137} INFO - [2023-06-15T18:16:53.700+0000] {dag.py:3441} INFO - Setting next_dagrun for example_branch_datetime_operator to 2023-06-14T00:00:00+00:00, run_after=2023-06-15T00:00:00+00:00
[2023-06-15T18:16:53.704+0000] {logging_mixin.py:137} INFO - [2023-06-15T18:16:53.704+0000] {dag.py:3441} INFO - Setting next_dagrun for example_branch_datetime_operator_2 to 2023-06-14T00:00:00+00:00, run_after=2023-06-15T00:00:00+00:00
[2023-06-15T18:16:53.706+0000] {logging_mixin.py:137} INFO - [2023-06-15T18:16:53.706+0000] {dag.py:3441} INFO - Setting next_dagrun for example_branch_datetime_operator_3 to 2023-06-14T00:00:00+00:00, run_after=2023-06-15T00:00:00+00:00
[2023-06-15T18:16:53.719+0000] {processor.py:175} INFO - Processing /home/airflow/.local/lib/python3.7/site-packages/airflow/example_dags/example_branch_datetime_operator.py took 0.086 seconds
[2023-06-15T18:17:24.017+0000] {processor.py:153} INFO - Started process (PID=2230) to work on /home/airflow/.local/lib/python3.7/site-packages/airflow/example_dags/example_branch_datetime_operator.py
[2023-06-15T18:17:24.019+0000] {processor.py:743} INFO - Processing file /home/airflow/.local/lib/python3.7/site-packages/airflow/example_dags/example_branch_datetime_operator.py for tasks to queue
[2023-06-15T18:17:24.020+0000] {logging_mixin.py:137} INFO - [2023-06-15T18:17:24.020+0000] {dagbag.py:538} INFO - Filling up the DagBag from /home/airflow/.local/lib/python3.7/site-packages/airflow/example_dags/example_branch_datetime_operator.py
[2023-06-15T18:17:24.037+0000] {processor.py:753} INFO - DAG(s) dict_keys(['example_branch_datetime_operator_3', 'example_branch_datetime_operator_2', 'example_branch_datetime_operator']) retrieved from /home/airflow/.local/lib/python3.7/site-packages/airflow/example_dags/example_branch_datetime_operator.py
[2023-06-15T18:17:24.065+0000] {logging_mixin.py:137} INFO - [2023-06-15T18:17:24.065+0000] {dag.py:2690} INFO - Sync 3 DAGs
[2023-06-15T18:17:24.085+0000] {logging_mixin.py:137} INFO - [2023-06-15T18:17:24.085+0000] {dag.py:3441} INFO - Setting next_dagrun for example_branch_datetime_operator to 2023-06-14T00:00:00+00:00, run_after=2023-06-15T00:00:00+00:00
[2023-06-15T18:17:24.089+0000] {logging_mixin.py:137} INFO - [2023-06-15T18:17:24.089+0000] {dag.py:3441} INFO - Setting next_dagrun for example_branch_datetime_operator_2 to 2023-06-14T00:00:00+00:00, run_after=2023-06-15T00:00:00+00:00
[2023-06-15T18:17:24.091+0000] {logging_mixin.py:137} INFO - [2023-06-15T18:17:24.091+0000] {dag.py:3441} INFO - Setting next_dagrun for example_branch_datetime_operator_3 to 2023-06-14T00:00:00+00:00, run_after=2023-06-15T00:00:00+00:00
[2023-06-15T18:17:24.105+0000] {processor.py:175} INFO - Processing /home/airflow/.local/lib/python3.7/site-packages/airflow/example_dags/example_branch_datetime_operator.py took 0.091 seconds
[2023-06-15T18:44:53.923+0000] {processor.py:153} INFO - Started process (PID=2314) to work on /home/airflow/.local/lib/python3.7/site-packages/airflow/example_dags/example_branch_datetime_operator.py
[2023-06-15T18:44:53.924+0000] {processor.py:743} INFO - Processing file /home/airflow/.local/lib/python3.7/site-packages/airflow/example_dags/example_branch_datetime_operator.py for tasks to queue
[2023-06-15T18:44:53.925+0000] {logging_mixin.py:137} INFO - [2023-06-15T18:44:53.925+0000] {dagbag.py:538} INFO - Filling up the DagBag from /home/airflow/.local/lib/python3.7/site-packages/airflow/example_dags/example_branch_datetime_operator.py
[2023-06-15T18:44:53.939+0000] {processor.py:753} INFO - DAG(s) dict_keys(['example_branch_datetime_operator', 'example_branch_datetime_operator_2', 'example_branch_datetime_operator_3']) retrieved from /home/airflow/.local/lib/python3.7/site-packages/airflow/example_dags/example_branch_datetime_operator.py
[2023-06-15T18:44:53.968+0000] {logging_mixin.py:137} INFO - [2023-06-15T18:44:53.968+0000] {dag.py:2690} INFO - Sync 3 DAGs
[2023-06-15T18:44:53.989+0000] {logging_mixin.py:137} INFO - [2023-06-15T18:44:53.989+0000] {dag.py:3441} INFO - Setting next_dagrun for example_branch_datetime_operator to 2023-06-14T00:00:00+00:00, run_after=2023-06-15T00:00:00+00:00
[2023-06-15T18:44:53.993+0000] {logging_mixin.py:137} INFO - [2023-06-15T18:44:53.993+0000] {dag.py:3441} INFO - Setting next_dagrun for example_branch_datetime_operator_2 to 2023-06-14T00:00:00+00:00, run_after=2023-06-15T00:00:00+00:00
[2023-06-15T18:44:53.996+0000] {logging_mixin.py:137} INFO - [2023-06-15T18:44:53.995+0000] {dag.py:3441} INFO - Setting next_dagrun for example_branch_datetime_operator_3 to 2023-06-14T00:00:00+00:00, run_after=2023-06-15T00:00:00+00:00
[2023-06-15T18:44:54.008+0000] {processor.py:175} INFO - Processing /home/airflow/.local/lib/python3.7/site-packages/airflow/example_dags/example_branch_datetime_operator.py took 0.089 seconds
[2023-06-15T18:45:24.533+0000] {processor.py:153} INFO - Started process (PID=2380) to work on /home/airflow/.local/lib/python3.7/site-packages/airflow/example_dags/example_branch_datetime_operator.py
[2023-06-15T18:45:24.535+0000] {processor.py:743} INFO - Processing file /home/airflow/.local/lib/python3.7/site-packages/airflow/example_dags/example_branch_datetime_operator.py for tasks to queue
[2023-06-15T18:45:24.536+0000] {logging_mixin.py:137} INFO - [2023-06-15T18:45:24.536+0000] {dagbag.py:538} INFO - Filling up the DagBag from /home/airflow/.local/lib/python3.7/site-packages/airflow/example_dags/example_branch_datetime_operator.py
[2023-06-15T18:45:24.552+0000] {processor.py:753} INFO - DAG(s) dict_keys(['example_branch_datetime_operator_3', 'example_branch_datetime_operator', 'example_branch_datetime_operator_2']) retrieved from /home/airflow/.local/lib/python3.7/site-packages/airflow/example_dags/example_branch_datetime_operator.py
[2023-06-15T18:45:24.582+0000] {logging_mixin.py:137} INFO - [2023-06-15T18:45:24.582+0000] {dag.py:2690} INFO - Sync 3 DAGs
[2023-06-15T18:45:24.603+0000] {logging_mixin.py:137} INFO - [2023-06-15T18:45:24.603+0000] {dag.py:3441} INFO - Setting next_dagrun for example_branch_datetime_operator to 2023-06-14T00:00:00+00:00, run_after=2023-06-15T00:00:00+00:00
[2023-06-15T18:45:24.607+0000] {logging_mixin.py:137} INFO - [2023-06-15T18:45:24.607+0000] {dag.py:3441} INFO - Setting next_dagrun for example_branch_datetime_operator_2 to 2023-06-14T00:00:00+00:00, run_after=2023-06-15T00:00:00+00:00
[2023-06-15T18:45:24.610+0000] {logging_mixin.py:137} INFO - [2023-06-15T18:45:24.610+0000] {dag.py:3441} INFO - Setting next_dagrun for example_branch_datetime_operator_3 to 2023-06-14T00:00:00+00:00, run_after=2023-06-15T00:00:00+00:00
[2023-06-15T18:45:24.624+0000] {processor.py:175} INFO - Processing /home/airflow/.local/lib/python3.7/site-packages/airflow/example_dags/example_branch_datetime_operator.py took 0.094 seconds
[2023-06-15T18:45:55.290+0000] {processor.py:153} INFO - Started process (PID=2457) to work on /home/airflow/.local/lib/python3.7/site-packages/airflow/example_dags/example_branch_datetime_operator.py
[2023-06-15T18:45:55.293+0000] {processor.py:743} INFO - Processing file /home/airflow/.local/lib/python3.7/site-packages/airflow/example_dags/example_branch_datetime_operator.py for tasks to queue
[2023-06-15T18:45:55.295+0000] {logging_mixin.py:137} INFO - [2023-06-15T18:45:55.294+0000] {dagbag.py:538} INFO - Filling up the DagBag from /home/airflow/.local/lib/python3.7/site-packages/airflow/example_dags/example_branch_datetime_operator.py
[2023-06-15T18:45:55.315+0000] {processor.py:753} INFO - DAG(s) dict_keys(['example_branch_datetime_operator_3', 'example_branch_datetime_operator', 'example_branch_datetime_operator_2']) retrieved from /home/airflow/.local/lib/python3.7/site-packages/airflow/example_dags/example_branch_datetime_operator.py
[2023-06-15T18:45:55.348+0000] {logging_mixin.py:137} INFO - [2023-06-15T18:45:55.348+0000] {dag.py:2690} INFO - Sync 3 DAGs
[2023-06-15T18:45:55.371+0000] {logging_mixin.py:137} INFO - [2023-06-15T18:45:55.371+0000] {dag.py:3441} INFO - Setting next_dagrun for example_branch_datetime_operator to 2023-06-14T00:00:00+00:00, run_after=2023-06-15T00:00:00+00:00
[2023-06-15T18:45:55.375+0000] {logging_mixin.py:137} INFO - [2023-06-15T18:45:55.375+0000] {dag.py:3441} INFO - Setting next_dagrun for example_branch_datetime_operator_2 to 2023-06-14T00:00:00+00:00, run_after=2023-06-15T00:00:00+00:00
[2023-06-15T18:45:55.378+0000] {logging_mixin.py:137} INFO - [2023-06-15T18:45:55.378+0000] {dag.py:3441} INFO - Setting next_dagrun for example_branch_datetime_operator_3 to 2023-06-14T00:00:00+00:00, run_after=2023-06-15T00:00:00+00:00
[2023-06-15T18:45:55.391+0000] {processor.py:175} INFO - Processing /home/airflow/.local/lib/python3.7/site-packages/airflow/example_dags/example_branch_datetime_operator.py took 0.105 seconds
[2023-06-15T18:46:26.475+0000] {processor.py:153} INFO - Started process (PID=2534) to work on /home/airflow/.local/lib/python3.7/site-packages/airflow/example_dags/example_branch_datetime_operator.py
[2023-06-15T18:46:26.476+0000] {processor.py:743} INFO - Processing file /home/airflow/.local/lib/python3.7/site-packages/airflow/example_dags/example_branch_datetime_operator.py for tasks to queue
[2023-06-15T18:46:26.477+0000] {logging_mixin.py:137} INFO - [2023-06-15T18:46:26.477+0000] {dagbag.py:538} INFO - Filling up the DagBag from /home/airflow/.local/lib/python3.7/site-packages/airflow/example_dags/example_branch_datetime_operator.py
[2023-06-15T18:46:26.491+0000] {processor.py:753} INFO - DAG(s) dict_keys(['example_branch_datetime_operator', 'example_branch_datetime_operator_3', 'example_branch_datetime_operator_2']) retrieved from /home/airflow/.local/lib/python3.7/site-packages/airflow/example_dags/example_branch_datetime_operator.py
[2023-06-15T18:46:26.519+0000] {logging_mixin.py:137} INFO - [2023-06-15T18:46:26.519+0000] {dag.py:2690} INFO - Sync 3 DAGs
[2023-06-15T18:46:26.539+0000] {logging_mixin.py:137} INFO - [2023-06-15T18:46:26.539+0000] {dag.py:3441} INFO - Setting next_dagrun for example_branch_datetime_operator to 2023-06-14T00:00:00+00:00, run_after=2023-06-15T00:00:00+00:00
[2023-06-15T18:46:26.543+0000] {logging_mixin.py:137} INFO - [2023-06-15T18:46:26.543+0000] {dag.py:3441} INFO - Setting next_dagrun for example_branch_datetime_operator_2 to 2023-06-14T00:00:00+00:00, run_after=2023-06-15T00:00:00+00:00
[2023-06-15T18:46:26.545+0000] {logging_mixin.py:137} INFO - [2023-06-15T18:46:26.545+0000] {dag.py:3441} INFO - Setting next_dagrun for example_branch_datetime_operator_3 to 2023-06-14T00:00:00+00:00, run_after=2023-06-15T00:00:00+00:00
[2023-06-15T18:46:26.558+0000] {processor.py:175} INFO - Processing /home/airflow/.local/lib/python3.7/site-packages/airflow/example_dags/example_branch_datetime_operator.py took 0.086 seconds
[2023-06-15T18:46:57.424+0000] {processor.py:153} INFO - Started process (PID=2599) to work on /home/airflow/.local/lib/python3.7/site-packages/airflow/example_dags/example_branch_datetime_operator.py
[2023-06-15T18:46:57.426+0000] {processor.py:743} INFO - Processing file /home/airflow/.local/lib/python3.7/site-packages/airflow/example_dags/example_branch_datetime_operator.py for tasks to queue
[2023-06-15T18:46:57.426+0000] {logging_mixin.py:137} INFO - [2023-06-15T18:46:57.426+0000] {dagbag.py:538} INFO - Filling up the DagBag from /home/airflow/.local/lib/python3.7/site-packages/airflow/example_dags/example_branch_datetime_operator.py
[2023-06-15T18:46:57.440+0000] {processor.py:753} INFO - DAG(s) dict_keys(['example_branch_datetime_operator_2', 'example_branch_datetime_operator_3', 'example_branch_datetime_operator']) retrieved from /home/airflow/.local/lib/python3.7/site-packages/airflow/example_dags/example_branch_datetime_operator.py
[2023-06-15T18:46:57.467+0000] {logging_mixin.py:137} INFO - [2023-06-15T18:46:57.467+0000] {dag.py:2690} INFO - Sync 3 DAGs
[2023-06-15T18:46:57.491+0000] {logging_mixin.py:137} INFO - [2023-06-15T18:46:57.491+0000] {dag.py:3441} INFO - Setting next_dagrun for example_branch_datetime_operator to 2023-06-14T00:00:00+00:00, run_after=2023-06-15T00:00:00+00:00
[2023-06-15T18:46:57.495+0000] {logging_mixin.py:137} INFO - [2023-06-15T18:46:57.494+0000] {dag.py:3441} INFO - Setting next_dagrun for example_branch_datetime_operator_2 to 2023-06-14T00:00:00+00:00, run_after=2023-06-15T00:00:00+00:00
[2023-06-15T18:46:57.497+0000] {logging_mixin.py:137} INFO - [2023-06-15T18:46:57.496+0000] {dag.py:3441} INFO - Setting next_dagrun for example_branch_datetime_operator_3 to 2023-06-14T00:00:00+00:00, run_after=2023-06-15T00:00:00+00:00
[2023-06-15T18:46:57.509+0000] {processor.py:175} INFO - Processing /home/airflow/.local/lib/python3.7/site-packages/airflow/example_dags/example_branch_datetime_operator.py took 0.088 seconds
[2023-06-15T18:47:27.579+0000] {processor.py:153} INFO - Started process (PID=2676) to work on /home/airflow/.local/lib/python3.7/site-packages/airflow/example_dags/example_branch_datetime_operator.py
[2023-06-15T18:47:27.581+0000] {processor.py:743} INFO - Processing file /home/airflow/.local/lib/python3.7/site-packages/airflow/example_dags/example_branch_datetime_operator.py for tasks to queue
[2023-06-15T18:47:27.581+0000] {logging_mixin.py:137} INFO - [2023-06-15T18:47:27.581+0000] {dagbag.py:538} INFO - Filling up the DagBag from /home/airflow/.local/lib/python3.7/site-packages/airflow/example_dags/example_branch_datetime_operator.py
[2023-06-15T18:47:27.596+0000] {processor.py:753} INFO - DAG(s) dict_keys(['example_branch_datetime_operator', 'example_branch_datetime_operator_3', 'example_branch_datetime_operator_2']) retrieved from /home/airflow/.local/lib/python3.7/site-packages/airflow/example_dags/example_branch_datetime_operator.py
[2023-06-15T18:47:27.624+0000] {logging_mixin.py:137} INFO - [2023-06-15T18:47:27.624+0000] {dag.py:2690} INFO - Sync 3 DAGs
[2023-06-15T18:47:27.643+0000] {logging_mixin.py:137} INFO - [2023-06-15T18:47:27.642+0000] {dag.py:3441} INFO - Setting next_dagrun for example_branch_datetime_operator to 2023-06-14T00:00:00+00:00, run_after=2023-06-15T00:00:00+00:00
[2023-06-15T18:47:27.646+0000] {logging_mixin.py:137} INFO - [2023-06-15T18:47:27.646+0000] {dag.py:3441} INFO - Setting next_dagrun for example_branch_datetime_operator_2 to 2023-06-14T00:00:00+00:00, run_after=2023-06-15T00:00:00+00:00
[2023-06-15T18:47:27.649+0000] {logging_mixin.py:137} INFO - [2023-06-15T18:47:27.649+0000] {dag.py:3441} INFO - Setting next_dagrun for example_branch_datetime_operator_3 to 2023-06-14T00:00:00+00:00, run_after=2023-06-15T00:00:00+00:00
[2023-06-15T18:47:27.662+0000] {processor.py:175} INFO - Processing /home/airflow/.local/lib/python3.7/site-packages/airflow/example_dags/example_branch_datetime_operator.py took 0.086 seconds
[2023-06-15T18:47:58.245+0000] {processor.py:153} INFO - Started process (PID=2753) to work on /home/airflow/.local/lib/python3.7/site-packages/airflow/example_dags/example_branch_datetime_operator.py
[2023-06-15T18:47:58.247+0000] {processor.py:743} INFO - Processing file /home/airflow/.local/lib/python3.7/site-packages/airflow/example_dags/example_branch_datetime_operator.py for tasks to queue
[2023-06-15T18:47:58.248+0000] {logging_mixin.py:137} INFO - [2023-06-15T18:47:58.248+0000] {dagbag.py:538} INFO - Filling up the DagBag from /home/airflow/.local/lib/python3.7/site-packages/airflow/example_dags/example_branch_datetime_operator.py
[2023-06-15T18:47:58.263+0000] {processor.py:753} INFO - DAG(s) dict_keys(['example_branch_datetime_operator', 'example_branch_datetime_operator_3', 'example_branch_datetime_operator_2']) retrieved from /home/airflow/.local/lib/python3.7/site-packages/airflow/example_dags/example_branch_datetime_operator.py
[2023-06-15T18:47:58.290+0000] {logging_mixin.py:137} INFO - [2023-06-15T18:47:58.290+0000] {dag.py:2690} INFO - Sync 3 DAGs
[2023-06-15T18:47:58.310+0000] {logging_mixin.py:137} INFO - [2023-06-15T18:47:58.310+0000] {dag.py:3441} INFO - Setting next_dagrun for example_branch_datetime_operator to 2023-06-14T00:00:00+00:00, run_after=2023-06-15T00:00:00+00:00
[2023-06-15T18:47:58.314+0000] {logging_mixin.py:137} INFO - [2023-06-15T18:47:58.314+0000] {dag.py:3441} INFO - Setting next_dagrun for example_branch_datetime_operator_2 to 2023-06-14T00:00:00+00:00, run_after=2023-06-15T00:00:00+00:00
[2023-06-15T18:47:58.317+0000] {logging_mixin.py:137} INFO - [2023-06-15T18:47:58.316+0000] {dag.py:3441} INFO - Setting next_dagrun for example_branch_datetime_operator_3 to 2023-06-14T00:00:00+00:00, run_after=2023-06-15T00:00:00+00:00
[2023-06-15T18:47:58.334+0000] {processor.py:175} INFO - Processing /home/airflow/.local/lib/python3.7/site-packages/airflow/example_dags/example_branch_datetime_operator.py took 0.093 seconds
[2023-06-15T18:48:31.496+0000] {processor.py:153} INFO - Started process (PID=2818) to work on /home/airflow/.local/lib/python3.7/site-packages/airflow/example_dags/example_branch_datetime_operator.py
[2023-06-15T18:48:31.498+0000] {processor.py:743} INFO - Processing file /home/airflow/.local/lib/python3.7/site-packages/airflow/example_dags/example_branch_datetime_operator.py for tasks to queue
[2023-06-15T18:48:31.499+0000] {logging_mixin.py:137} INFO - [2023-06-15T18:48:31.499+0000] {dagbag.py:538} INFO - Filling up the DagBag from /home/airflow/.local/lib/python3.7/site-packages/airflow/example_dags/example_branch_datetime_operator.py
[2023-06-15T18:48:31.514+0000] {processor.py:753} INFO - DAG(s) dict_keys(['example_branch_datetime_operator', 'example_branch_datetime_operator_2', 'example_branch_datetime_operator_3']) retrieved from /home/airflow/.local/lib/python3.7/site-packages/airflow/example_dags/example_branch_datetime_operator.py
[2023-06-15T18:48:31.549+0000] {logging_mixin.py:137} INFO - [2023-06-15T18:48:31.549+0000] {dag.py:2690} INFO - Sync 3 DAGs
[2023-06-15T18:48:31.580+0000] {logging_mixin.py:137} INFO - [2023-06-15T18:48:31.580+0000] {dag.py:3441} INFO - Setting next_dagrun for example_branch_datetime_operator to 2023-06-14T00:00:00+00:00, run_after=2023-06-15T00:00:00+00:00
[2023-06-15T18:48:31.586+0000] {logging_mixin.py:137} INFO - [2023-06-15T18:48:31.586+0000] {dag.py:3441} INFO - Setting next_dagrun for example_branch_datetime_operator_2 to 2023-06-14T00:00:00+00:00, run_after=2023-06-15T00:00:00+00:00
[2023-06-15T18:48:31.591+0000] {logging_mixin.py:137} INFO - [2023-06-15T18:48:31.591+0000] {dag.py:3441} INFO - Setting next_dagrun for example_branch_datetime_operator_3 to 2023-06-14T00:00:00+00:00, run_after=2023-06-15T00:00:00+00:00
[2023-06-15T18:48:31.611+0000] {processor.py:175} INFO - Processing /home/airflow/.local/lib/python3.7/site-packages/airflow/example_dags/example_branch_datetime_operator.py took 0.118 seconds
[2023-06-15T18:49:02.837+0000] {processor.py:153} INFO - Started process (PID=2883) to work on /home/airflow/.local/lib/python3.7/site-packages/airflow/example_dags/example_branch_datetime_operator.py
[2023-06-15T18:49:02.839+0000] {processor.py:743} INFO - Processing file /home/airflow/.local/lib/python3.7/site-packages/airflow/example_dags/example_branch_datetime_operator.py for tasks to queue
[2023-06-15T18:49:02.840+0000] {logging_mixin.py:137} INFO - [2023-06-15T18:49:02.840+0000] {dagbag.py:538} INFO - Filling up the DagBag from /home/airflow/.local/lib/python3.7/site-packages/airflow/example_dags/example_branch_datetime_operator.py
[2023-06-15T18:49:02.856+0000] {processor.py:753} INFO - DAG(s) dict_keys(['example_branch_datetime_operator_3', 'example_branch_datetime_operator_2', 'example_branch_datetime_operator']) retrieved from /home/airflow/.local/lib/python3.7/site-packages/airflow/example_dags/example_branch_datetime_operator.py
[2023-06-15T18:49:02.886+0000] {logging_mixin.py:137} INFO - [2023-06-15T18:49:02.886+0000] {dag.py:2690} INFO - Sync 3 DAGs
[2023-06-15T18:49:02.908+0000] {logging_mixin.py:137} INFO - [2023-06-15T18:49:02.908+0000] {dag.py:3441} INFO - Setting next_dagrun for example_branch_datetime_operator to 2023-06-14T00:00:00+00:00, run_after=2023-06-15T00:00:00+00:00
[2023-06-15T18:49:02.911+0000] {logging_mixin.py:137} INFO - [2023-06-15T18:49:02.911+0000] {dag.py:3441} INFO - Setting next_dagrun for example_branch_datetime_operator_2 to 2023-06-14T00:00:00+00:00, run_after=2023-06-15T00:00:00+00:00
[2023-06-15T18:49:02.914+0000] {logging_mixin.py:137} INFO - [2023-06-15T18:49:02.914+0000] {dag.py:3441} INFO - Setting next_dagrun for example_branch_datetime_operator_3 to 2023-06-14T00:00:00+00:00, run_after=2023-06-15T00:00:00+00:00
[2023-06-15T18:49:02.926+0000] {processor.py:175} INFO - Processing /home/airflow/.local/lib/python3.7/site-packages/airflow/example_dags/example_branch_datetime_operator.py took 0.093 seconds
[2023-06-15T18:49:33.014+0000] {processor.py:153} INFO - Started process (PID=2961) to work on /home/airflow/.local/lib/python3.7/site-packages/airflow/example_dags/example_branch_datetime_operator.py
[2023-06-15T18:49:33.016+0000] {processor.py:743} INFO - Processing file /home/airflow/.local/lib/python3.7/site-packages/airflow/example_dags/example_branch_datetime_operator.py for tasks to queue
[2023-06-15T18:49:33.017+0000] {logging_mixin.py:137} INFO - [2023-06-15T18:49:33.017+0000] {dagbag.py:538} INFO - Filling up the DagBag from /home/airflow/.local/lib/python3.7/site-packages/airflow/example_dags/example_branch_datetime_operator.py
[2023-06-15T18:49:33.032+0000] {processor.py:753} INFO - DAG(s) dict_keys(['example_branch_datetime_operator_3', 'example_branch_datetime_operator', 'example_branch_datetime_operator_2']) retrieved from /home/airflow/.local/lib/python3.7/site-packages/airflow/example_dags/example_branch_datetime_operator.py
[2023-06-15T18:49:33.062+0000] {logging_mixin.py:137} INFO - [2023-06-15T18:49:33.062+0000] {dag.py:2690} INFO - Sync 3 DAGs
[2023-06-15T18:49:33.082+0000] {logging_mixin.py:137} INFO - [2023-06-15T18:49:33.082+0000] {dag.py:3441} INFO - Setting next_dagrun for example_branch_datetime_operator to 2023-06-14T00:00:00+00:00, run_after=2023-06-15T00:00:00+00:00
[2023-06-15T18:49:33.087+0000] {logging_mixin.py:137} INFO - [2023-06-15T18:49:33.087+0000] {dag.py:3441} INFO - Setting next_dagrun for example_branch_datetime_operator_2 to 2023-06-14T00:00:00+00:00, run_after=2023-06-15T00:00:00+00:00
[2023-06-15T18:49:33.089+0000] {logging_mixin.py:137} INFO - [2023-06-15T18:49:33.089+0000] {dag.py:3441} INFO - Setting next_dagrun for example_branch_datetime_operator_3 to 2023-06-14T00:00:00+00:00, run_after=2023-06-15T00:00:00+00:00
[2023-06-15T18:49:33.104+0000] {processor.py:175} INFO - Processing /home/airflow/.local/lib/python3.7/site-packages/airflow/example_dags/example_branch_datetime_operator.py took 0.093 seconds
[2023-06-15T18:50:04.236+0000] {processor.py:153} INFO - Started process (PID=3039) to work on /home/airflow/.local/lib/python3.7/site-packages/airflow/example_dags/example_branch_datetime_operator.py
[2023-06-15T18:50:04.237+0000] {processor.py:743} INFO - Processing file /home/airflow/.local/lib/python3.7/site-packages/airflow/example_dags/example_branch_datetime_operator.py for tasks to queue
[2023-06-15T18:50:04.238+0000] {logging_mixin.py:137} INFO - [2023-06-15T18:50:04.238+0000] {dagbag.py:538} INFO - Filling up the DagBag from /home/airflow/.local/lib/python3.7/site-packages/airflow/example_dags/example_branch_datetime_operator.py
[2023-06-15T18:50:04.252+0000] {processor.py:753} INFO - DAG(s) dict_keys(['example_branch_datetime_operator_2', 'example_branch_datetime_operator', 'example_branch_datetime_operator_3']) retrieved from /home/airflow/.local/lib/python3.7/site-packages/airflow/example_dags/example_branch_datetime_operator.py
[2023-06-15T18:50:04.282+0000] {logging_mixin.py:137} INFO - [2023-06-15T18:50:04.282+0000] {dag.py:2690} INFO - Sync 3 DAGs
[2023-06-15T18:50:04.301+0000] {logging_mixin.py:137} INFO - [2023-06-15T18:50:04.301+0000] {dag.py:3441} INFO - Setting next_dagrun for example_branch_datetime_operator to 2023-06-14T00:00:00+00:00, run_after=2023-06-15T00:00:00+00:00
[2023-06-15T18:50:04.305+0000] {logging_mixin.py:137} INFO - [2023-06-15T18:50:04.305+0000] {dag.py:3441} INFO - Setting next_dagrun for example_branch_datetime_operator_2 to 2023-06-14T00:00:00+00:00, run_after=2023-06-15T00:00:00+00:00
[2023-06-15T18:50:04.307+0000] {logging_mixin.py:137} INFO - [2023-06-15T18:50:04.307+0000] {dag.py:3441} INFO - Setting next_dagrun for example_branch_datetime_operator_3 to 2023-06-14T00:00:00+00:00, run_after=2023-06-15T00:00:00+00:00
[2023-06-15T18:50:04.318+0000] {processor.py:175} INFO - Processing /home/airflow/.local/lib/python3.7/site-packages/airflow/example_dags/example_branch_datetime_operator.py took 0.087 seconds
[2023-06-15T18:50:35.417+0000] {processor.py:153} INFO - Started process (PID=3104) to work on /home/airflow/.local/lib/python3.7/site-packages/airflow/example_dags/example_branch_datetime_operator.py
[2023-06-15T18:50:35.418+0000] {processor.py:743} INFO - Processing file /home/airflow/.local/lib/python3.7/site-packages/airflow/example_dags/example_branch_datetime_operator.py for tasks to queue
[2023-06-15T18:50:35.419+0000] {logging_mixin.py:137} INFO - [2023-06-15T18:50:35.419+0000] {dagbag.py:538} INFO - Filling up the DagBag from /home/airflow/.local/lib/python3.7/site-packages/airflow/example_dags/example_branch_datetime_operator.py
[2023-06-15T18:50:35.433+0000] {processor.py:753} INFO - DAG(s) dict_keys(['example_branch_datetime_operator_3', 'example_branch_datetime_operator_2', 'example_branch_datetime_operator']) retrieved from /home/airflow/.local/lib/python3.7/site-packages/airflow/example_dags/example_branch_datetime_operator.py
[2023-06-15T18:50:35.461+0000] {logging_mixin.py:137} INFO - [2023-06-15T18:50:35.461+0000] {dag.py:2690} INFO - Sync 3 DAGs
[2023-06-15T18:50:35.481+0000] {logging_mixin.py:137} INFO - [2023-06-15T18:50:35.480+0000] {dag.py:3441} INFO - Setting next_dagrun for example_branch_datetime_operator to 2023-06-14T00:00:00+00:00, run_after=2023-06-15T00:00:00+00:00
[2023-06-15T18:50:35.484+0000] {logging_mixin.py:137} INFO - [2023-06-15T18:50:35.484+0000] {dag.py:3441} INFO - Setting next_dagrun for example_branch_datetime_operator_2 to 2023-06-14T00:00:00+00:00, run_after=2023-06-15T00:00:00+00:00
[2023-06-15T18:50:35.486+0000] {logging_mixin.py:137} INFO - [2023-06-15T18:50:35.486+0000] {dag.py:3441} INFO - Setting next_dagrun for example_branch_datetime_operator_3 to 2023-06-14T00:00:00+00:00, run_after=2023-06-15T00:00:00+00:00
[2023-06-15T18:50:35.498+0000] {processor.py:175} INFO - Processing /home/airflow/.local/lib/python3.7/site-packages/airflow/example_dags/example_branch_datetime_operator.py took 0.085 seconds
