[2023-06-15T18:02:06.074+0000] {processor.py:153} INFO - Started process (PID=82) to work on /home/airflow/.local/lib/python3.7/site-packages/airflow/example_dags/example_sla_dag.py
[2023-06-15T18:02:06.077+0000] {processor.py:743} INFO - Processing file /home/airflow/.local/lib/python3.7/site-packages/airflow/example_dags/example_sla_dag.py for tasks to queue
[2023-06-15T18:02:06.080+0000] {logging_mixin.py:137} INFO - [2023-06-15T18:02:06.080+0000] {dagbag.py:538} INFO - Filling up the DagBag from /home/airflow/.local/lib/python3.7/site-packages/airflow/example_dags/example_sla_dag.py
[2023-06-15T18:02:06.112+0000] {processor.py:753} INFO - DAG(s) dict_keys(['example_sla_dag']) retrieved from /home/airflow/.local/lib/python3.7/site-packages/airflow/example_dags/example_sla_dag.py
[2023-06-15T18:02:06.134+0000] {logging_mixin.py:137} INFO - [2023-06-15T18:02:06.134+0000] {dag.py:2690} INFO - Sync 1 DAGs
[2023-06-15T18:02:06.193+0000] {logging_mixin.py:137} INFO - [2023-06-15T18:02:06.192+0000] {dag.py:3441} INFO - Setting next_dagrun for example_sla_dag to 2023-06-15T18:00:00+00:00, run_after=2023-06-15T18:02:00+00:00
[2023-06-15T18:02:06.237+0000] {processor.py:175} INFO - Processing /home/airflow/.local/lib/python3.7/site-packages/airflow/example_dags/example_sla_dag.py took 0.169 seconds
[2023-06-15T18:02:36.307+0000] {processor.py:153} INFO - Started process (PID=147) to work on /home/airflow/.local/lib/python3.7/site-packages/airflow/example_dags/example_sla_dag.py
[2023-06-15T18:02:36.308+0000] {processor.py:743} INFO - Processing file /home/airflow/.local/lib/python3.7/site-packages/airflow/example_dags/example_sla_dag.py for tasks to queue
[2023-06-15T18:02:36.309+0000] {logging_mixin.py:137} INFO - [2023-06-15T18:02:36.309+0000] {dagbag.py:538} INFO - Filling up the DagBag from /home/airflow/.local/lib/python3.7/site-packages/airflow/example_dags/example_sla_dag.py
[2023-06-15T18:02:36.330+0000] {processor.py:753} INFO - DAG(s) dict_keys(['example_sla_dag']) retrieved from /home/airflow/.local/lib/python3.7/site-packages/airflow/example_dags/example_sla_dag.py
[2023-06-15T18:02:36.356+0000] {logging_mixin.py:137} INFO - [2023-06-15T18:02:36.356+0000] {dag.py:2690} INFO - Sync 1 DAGs
[2023-06-15T18:02:36.379+0000] {logging_mixin.py:137} INFO - [2023-06-15T18:02:36.378+0000] {dag.py:3441} INFO - Setting next_dagrun for example_sla_dag to 2023-06-15T18:00:00+00:00, run_after=2023-06-15T18:02:00+00:00
[2023-06-15T18:02:36.393+0000] {processor.py:175} INFO - Processing /home/airflow/.local/lib/python3.7/site-packages/airflow/example_dags/example_sla_dag.py took 0.090 seconds
[2023-06-15T18:03:07.176+0000] {processor.py:153} INFO - Started process (PID=223) to work on /home/airflow/.local/lib/python3.7/site-packages/airflow/example_dags/example_sla_dag.py
[2023-06-15T18:03:07.177+0000] {processor.py:743} INFO - Processing file /home/airflow/.local/lib/python3.7/site-packages/airflow/example_dags/example_sla_dag.py for tasks to queue
[2023-06-15T18:03:07.178+0000] {logging_mixin.py:137} INFO - [2023-06-15T18:03:07.178+0000] {dagbag.py:538} INFO - Filling up the DagBag from /home/airflow/.local/lib/python3.7/site-packages/airflow/example_dags/example_sla_dag.py
[2023-06-15T18:03:07.196+0000] {processor.py:753} INFO - DAG(s) dict_keys(['example_sla_dag']) retrieved from /home/airflow/.local/lib/python3.7/site-packages/airflow/example_dags/example_sla_dag.py
[2023-06-15T18:03:07.221+0000] {logging_mixin.py:137} INFO - [2023-06-15T18:03:07.221+0000] {dag.py:2690} INFO - Sync 1 DAGs
[2023-06-15T18:03:07.243+0000] {logging_mixin.py:137} INFO - [2023-06-15T18:03:07.242+0000] {dag.py:3441} INFO - Setting next_dagrun for example_sla_dag to 2023-06-15T18:00:00+00:00, run_after=2023-06-15T18:02:00+00:00
[2023-06-15T18:03:07.255+0000] {processor.py:175} INFO - Processing /home/airflow/.local/lib/python3.7/site-packages/airflow/example_dags/example_sla_dag.py took 0.083 seconds
[2023-06-15T18:03:37.956+0000] {processor.py:153} INFO - Started process (PID=298) to work on /home/airflow/.local/lib/python3.7/site-packages/airflow/example_dags/example_sla_dag.py
[2023-06-15T18:03:37.958+0000] {processor.py:743} INFO - Processing file /home/airflow/.local/lib/python3.7/site-packages/airflow/example_dags/example_sla_dag.py for tasks to queue
[2023-06-15T18:03:37.960+0000] {logging_mixin.py:137} INFO - [2023-06-15T18:03:37.959+0000] {dagbag.py:538} INFO - Filling up the DagBag from /home/airflow/.local/lib/python3.7/site-packages/airflow/example_dags/example_sla_dag.py
[2023-06-15T18:03:37.980+0000] {processor.py:753} INFO - DAG(s) dict_keys(['example_sla_dag']) retrieved from /home/airflow/.local/lib/python3.7/site-packages/airflow/example_dags/example_sla_dag.py
[2023-06-15T18:03:38.007+0000] {logging_mixin.py:137} INFO - [2023-06-15T18:03:38.007+0000] {dag.py:2690} INFO - Sync 1 DAGs
[2023-06-15T18:03:38.028+0000] {logging_mixin.py:137} INFO - [2023-06-15T18:03:38.028+0000] {dag.py:3441} INFO - Setting next_dagrun for example_sla_dag to 2023-06-15T18:00:00+00:00, run_after=2023-06-15T18:02:00+00:00
[2023-06-15T18:03:38.041+0000] {processor.py:175} INFO - Processing /home/airflow/.local/lib/python3.7/site-packages/airflow/example_dags/example_sla_dag.py took 0.088 seconds
[2023-06-15T18:04:08.650+0000] {processor.py:153} INFO - Started process (PID=365) to work on /home/airflow/.local/lib/python3.7/site-packages/airflow/example_dags/example_sla_dag.py
[2023-06-15T18:04:08.651+0000] {processor.py:743} INFO - Processing file /home/airflow/.local/lib/python3.7/site-packages/airflow/example_dags/example_sla_dag.py for tasks to queue
[2023-06-15T18:04:08.652+0000] {logging_mixin.py:137} INFO - [2023-06-15T18:04:08.652+0000] {dagbag.py:538} INFO - Filling up the DagBag from /home/airflow/.local/lib/python3.7/site-packages/airflow/example_dags/example_sla_dag.py
[2023-06-15T18:04:08.671+0000] {processor.py:753} INFO - DAG(s) dict_keys(['example_sla_dag']) retrieved from /home/airflow/.local/lib/python3.7/site-packages/airflow/example_dags/example_sla_dag.py
[2023-06-15T18:04:08.695+0000] {logging_mixin.py:137} INFO - [2023-06-15T18:04:08.694+0000] {dag.py:2690} INFO - Sync 1 DAGs
[2023-06-15T18:04:08.715+0000] {logging_mixin.py:137} INFO - [2023-06-15T18:04:08.715+0000] {dag.py:3441} INFO - Setting next_dagrun for example_sla_dag to 2023-06-15T18:02:00+00:00, run_after=2023-06-15T18:04:00+00:00
[2023-06-15T18:04:08.728+0000] {processor.py:175} INFO - Processing /home/airflow/.local/lib/python3.7/site-packages/airflow/example_dags/example_sla_dag.py took 0.082 seconds
[2023-06-15T18:04:39.236+0000] {processor.py:153} INFO - Started process (PID=441) to work on /home/airflow/.local/lib/python3.7/site-packages/airflow/example_dags/example_sla_dag.py
[2023-06-15T18:04:39.237+0000] {processor.py:743} INFO - Processing file /home/airflow/.local/lib/python3.7/site-packages/airflow/example_dags/example_sla_dag.py for tasks to queue
[2023-06-15T18:04:39.238+0000] {logging_mixin.py:137} INFO - [2023-06-15T18:04:39.238+0000] {dagbag.py:538} INFO - Filling up the DagBag from /home/airflow/.local/lib/python3.7/site-packages/airflow/example_dags/example_sla_dag.py
[2023-06-15T18:04:39.259+0000] {processor.py:753} INFO - DAG(s) dict_keys(['example_sla_dag']) retrieved from /home/airflow/.local/lib/python3.7/site-packages/airflow/example_dags/example_sla_dag.py
[2023-06-15T18:04:39.283+0000] {logging_mixin.py:137} INFO - [2023-06-15T18:04:39.283+0000] {dag.py:2690} INFO - Sync 1 DAGs
[2023-06-15T18:04:39.309+0000] {logging_mixin.py:137} INFO - [2023-06-15T18:04:39.309+0000] {dag.py:3441} INFO - Setting next_dagrun for example_sla_dag to 2023-06-15T18:02:00+00:00, run_after=2023-06-15T18:04:00+00:00
[2023-06-15T18:04:39.324+0000] {processor.py:175} INFO - Processing /home/airflow/.local/lib/python3.7/site-packages/airflow/example_dags/example_sla_dag.py took 0.091 seconds
[2023-06-15T18:05:10.018+0000] {processor.py:153} INFO - Started process (PID=505) to work on /home/airflow/.local/lib/python3.7/site-packages/airflow/example_dags/example_sla_dag.py
[2023-06-15T18:05:10.019+0000] {processor.py:743} INFO - Processing file /home/airflow/.local/lib/python3.7/site-packages/airflow/example_dags/example_sla_dag.py for tasks to queue
[2023-06-15T18:05:10.021+0000] {logging_mixin.py:137} INFO - [2023-06-15T18:05:10.021+0000] {dagbag.py:538} INFO - Filling up the DagBag from /home/airflow/.local/lib/python3.7/site-packages/airflow/example_dags/example_sla_dag.py
[2023-06-15T18:05:10.044+0000] {processor.py:753} INFO - DAG(s) dict_keys(['example_sla_dag']) retrieved from /home/airflow/.local/lib/python3.7/site-packages/airflow/example_dags/example_sla_dag.py
[2023-06-15T18:05:10.076+0000] {logging_mixin.py:137} INFO - [2023-06-15T18:05:10.076+0000] {dag.py:2690} INFO - Sync 1 DAGs
[2023-06-15T18:05:10.103+0000] {logging_mixin.py:137} INFO - [2023-06-15T18:05:10.103+0000] {dag.py:3441} INFO - Setting next_dagrun for example_sla_dag to 2023-06-15T18:02:00+00:00, run_after=2023-06-15T18:04:00+00:00
[2023-06-15T18:05:10.119+0000] {processor.py:175} INFO - Processing /home/airflow/.local/lib/python3.7/site-packages/airflow/example_dags/example_sla_dag.py took 0.105 seconds
[2023-06-15T18:05:40.761+0000] {processor.py:153} INFO - Started process (PID=580) to work on /home/airflow/.local/lib/python3.7/site-packages/airflow/example_dags/example_sla_dag.py
[2023-06-15T18:05:40.763+0000] {processor.py:743} INFO - Processing file /home/airflow/.local/lib/python3.7/site-packages/airflow/example_dags/example_sla_dag.py for tasks to queue
[2023-06-15T18:05:40.764+0000] {logging_mixin.py:137} INFO - [2023-06-15T18:05:40.763+0000] {dagbag.py:538} INFO - Filling up the DagBag from /home/airflow/.local/lib/python3.7/site-packages/airflow/example_dags/example_sla_dag.py
[2023-06-15T18:05:40.783+0000] {processor.py:753} INFO - DAG(s) dict_keys(['example_sla_dag']) retrieved from /home/airflow/.local/lib/python3.7/site-packages/airflow/example_dags/example_sla_dag.py
[2023-06-15T18:05:40.811+0000] {logging_mixin.py:137} INFO - [2023-06-15T18:05:40.811+0000] {dag.py:2690} INFO - Sync 1 DAGs
[2023-06-15T18:05:40.832+0000] {logging_mixin.py:137} INFO - [2023-06-15T18:05:40.832+0000] {dag.py:3441} INFO - Setting next_dagrun for example_sla_dag to 2023-06-15T18:02:00+00:00, run_after=2023-06-15T18:04:00+00:00
[2023-06-15T18:05:40.849+0000] {processor.py:175} INFO - Processing /home/airflow/.local/lib/python3.7/site-packages/airflow/example_dags/example_sla_dag.py took 0.091 seconds
[2023-06-15T18:06:11.072+0000] {processor.py:153} INFO - Started process (PID=656) to work on /home/airflow/.local/lib/python3.7/site-packages/airflow/example_dags/example_sla_dag.py
[2023-06-15T18:06:11.073+0000] {processor.py:743} INFO - Processing file /home/airflow/.local/lib/python3.7/site-packages/airflow/example_dags/example_sla_dag.py for tasks to queue
[2023-06-15T18:06:11.074+0000] {logging_mixin.py:137} INFO - [2023-06-15T18:06:11.074+0000] {dagbag.py:538} INFO - Filling up the DagBag from /home/airflow/.local/lib/python3.7/site-packages/airflow/example_dags/example_sla_dag.py
[2023-06-15T18:06:11.094+0000] {processor.py:753} INFO - DAG(s) dict_keys(['example_sla_dag']) retrieved from /home/airflow/.local/lib/python3.7/site-packages/airflow/example_dags/example_sla_dag.py
[2023-06-15T18:06:11.119+0000] {logging_mixin.py:137} INFO - [2023-06-15T18:06:11.119+0000] {dag.py:2690} INFO - Sync 1 DAGs
[2023-06-15T18:06:11.141+0000] {logging_mixin.py:137} INFO - [2023-06-15T18:06:11.141+0000] {dag.py:3441} INFO - Setting next_dagrun for example_sla_dag to 2023-06-15T18:04:00+00:00, run_after=2023-06-15T18:06:00+00:00
[2023-06-15T18:06:11.160+0000] {processor.py:175} INFO - Processing /home/airflow/.local/lib/python3.7/site-packages/airflow/example_dags/example_sla_dag.py took 0.092 seconds
[2023-06-15T18:06:41.574+0000] {processor.py:153} INFO - Started process (PID=720) to work on /home/airflow/.local/lib/python3.7/site-packages/airflow/example_dags/example_sla_dag.py
[2023-06-15T18:06:41.575+0000] {processor.py:743} INFO - Processing file /home/airflow/.local/lib/python3.7/site-packages/airflow/example_dags/example_sla_dag.py for tasks to queue
[2023-06-15T18:06:41.577+0000] {logging_mixin.py:137} INFO - [2023-06-15T18:06:41.576+0000] {dagbag.py:538} INFO - Filling up the DagBag from /home/airflow/.local/lib/python3.7/site-packages/airflow/example_dags/example_sla_dag.py
[2023-06-15T18:06:41.596+0000] {processor.py:753} INFO - DAG(s) dict_keys(['example_sla_dag']) retrieved from /home/airflow/.local/lib/python3.7/site-packages/airflow/example_dags/example_sla_dag.py
[2023-06-15T18:06:41.621+0000] {logging_mixin.py:137} INFO - [2023-06-15T18:06:41.621+0000] {dag.py:2690} INFO - Sync 1 DAGs
[2023-06-15T18:06:41.643+0000] {logging_mixin.py:137} INFO - [2023-06-15T18:06:41.643+0000] {dag.py:3441} INFO - Setting next_dagrun for example_sla_dag to 2023-06-15T18:04:00+00:00, run_after=2023-06-15T18:06:00+00:00
[2023-06-15T18:06:41.658+0000] {processor.py:175} INFO - Processing /home/airflow/.local/lib/python3.7/site-packages/airflow/example_dags/example_sla_dag.py took 0.088 seconds
[2023-06-15T18:07:12.286+0000] {processor.py:153} INFO - Started process (PID=797) to work on /home/airflow/.local/lib/python3.7/site-packages/airflow/example_dags/example_sla_dag.py
[2023-06-15T18:07:12.287+0000] {processor.py:743} INFO - Processing file /home/airflow/.local/lib/python3.7/site-packages/airflow/example_dags/example_sla_dag.py for tasks to queue
[2023-06-15T18:07:12.288+0000] {logging_mixin.py:137} INFO - [2023-06-15T18:07:12.288+0000] {dagbag.py:538} INFO - Filling up the DagBag from /home/airflow/.local/lib/python3.7/site-packages/airflow/example_dags/example_sla_dag.py
[2023-06-15T18:07:12.309+0000] {processor.py:753} INFO - DAG(s) dict_keys(['example_sla_dag']) retrieved from /home/airflow/.local/lib/python3.7/site-packages/airflow/example_dags/example_sla_dag.py
[2023-06-15T18:07:12.338+0000] {logging_mixin.py:137} INFO - [2023-06-15T18:07:12.338+0000] {dag.py:2690} INFO - Sync 1 DAGs
[2023-06-15T18:07:12.360+0000] {logging_mixin.py:137} INFO - [2023-06-15T18:07:12.360+0000] {dag.py:3441} INFO - Setting next_dagrun for example_sla_dag to 2023-06-15T18:04:00+00:00, run_after=2023-06-15T18:06:00+00:00
[2023-06-15T18:07:12.373+0000] {processor.py:175} INFO - Processing /home/airflow/.local/lib/python3.7/site-packages/airflow/example_dags/example_sla_dag.py took 0.091 seconds
[2023-06-15T18:07:43.238+0000] {processor.py:153} INFO - Started process (PID=869) to work on /home/airflow/.local/lib/python3.7/site-packages/airflow/example_dags/example_sla_dag.py
[2023-06-15T18:07:43.240+0000] {processor.py:743} INFO - Processing file /home/airflow/.local/lib/python3.7/site-packages/airflow/example_dags/example_sla_dag.py for tasks to queue
[2023-06-15T18:07:43.241+0000] {logging_mixin.py:137} INFO - [2023-06-15T18:07:43.241+0000] {dagbag.py:538} INFO - Filling up the DagBag from /home/airflow/.local/lib/python3.7/site-packages/airflow/example_dags/example_sla_dag.py
[2023-06-15T18:07:43.261+0000] {processor.py:753} INFO - DAG(s) dict_keys(['example_sla_dag']) retrieved from /home/airflow/.local/lib/python3.7/site-packages/airflow/example_dags/example_sla_dag.py
[2023-06-15T18:07:43.287+0000] {logging_mixin.py:137} INFO - [2023-06-15T18:07:43.287+0000] {dag.py:2690} INFO - Sync 1 DAGs
[2023-06-15T18:07:43.309+0000] {logging_mixin.py:137} INFO - [2023-06-15T18:07:43.309+0000] {dag.py:3441} INFO - Setting next_dagrun for example_sla_dag to 2023-06-15T18:04:00+00:00, run_after=2023-06-15T18:06:00+00:00
[2023-06-15T18:07:43.328+0000] {processor.py:175} INFO - Processing /home/airflow/.local/lib/python3.7/site-packages/airflow/example_dags/example_sla_dag.py took 0.093 seconds
[2023-06-15T18:08:13.495+0000] {processor.py:153} INFO - Started process (PID=938) to work on /home/airflow/.local/lib/python3.7/site-packages/airflow/example_dags/example_sla_dag.py
[2023-06-15T18:08:13.496+0000] {processor.py:743} INFO - Processing file /home/airflow/.local/lib/python3.7/site-packages/airflow/example_dags/example_sla_dag.py for tasks to queue
[2023-06-15T18:08:13.497+0000] {logging_mixin.py:137} INFO - [2023-06-15T18:08:13.497+0000] {dagbag.py:538} INFO - Filling up the DagBag from /home/airflow/.local/lib/python3.7/site-packages/airflow/example_dags/example_sla_dag.py
[2023-06-15T18:08:13.516+0000] {processor.py:753} INFO - DAG(s) dict_keys(['example_sla_dag']) retrieved from /home/airflow/.local/lib/python3.7/site-packages/airflow/example_dags/example_sla_dag.py
[2023-06-15T18:08:13.540+0000] {logging_mixin.py:137} INFO - [2023-06-15T18:08:13.540+0000] {dag.py:2690} INFO - Sync 1 DAGs
[2023-06-15T18:08:13.561+0000] {logging_mixin.py:137} INFO - [2023-06-15T18:08:13.561+0000] {dag.py:3441} INFO - Setting next_dagrun for example_sla_dag to 2023-06-15T18:06:00+00:00, run_after=2023-06-15T18:08:00+00:00
[2023-06-15T18:08:13.576+0000] {processor.py:175} INFO - Processing /home/airflow/.local/lib/python3.7/site-packages/airflow/example_dags/example_sla_dag.py took 0.085 seconds
[2023-06-15T18:08:44.216+0000] {processor.py:153} INFO - Started process (PID=1014) to work on /home/airflow/.local/lib/python3.7/site-packages/airflow/example_dags/example_sla_dag.py
[2023-06-15T18:08:44.217+0000] {processor.py:743} INFO - Processing file /home/airflow/.local/lib/python3.7/site-packages/airflow/example_dags/example_sla_dag.py for tasks to queue
[2023-06-15T18:08:44.218+0000] {logging_mixin.py:137} INFO - [2023-06-15T18:08:44.218+0000] {dagbag.py:538} INFO - Filling up the DagBag from /home/airflow/.local/lib/python3.7/site-packages/airflow/example_dags/example_sla_dag.py
[2023-06-15T18:08:44.237+0000] {processor.py:753} INFO - DAG(s) dict_keys(['example_sla_dag']) retrieved from /home/airflow/.local/lib/python3.7/site-packages/airflow/example_dags/example_sla_dag.py
[2023-06-15T18:08:44.261+0000] {logging_mixin.py:137} INFO - [2023-06-15T18:08:44.261+0000] {dag.py:2690} INFO - Sync 1 DAGs
[2023-06-15T18:08:44.282+0000] {logging_mixin.py:137} INFO - [2023-06-15T18:08:44.282+0000] {dag.py:3441} INFO - Setting next_dagrun for example_sla_dag to 2023-06-15T18:06:00+00:00, run_after=2023-06-15T18:08:00+00:00
[2023-06-15T18:08:44.297+0000] {processor.py:175} INFO - Processing /home/airflow/.local/lib/python3.7/site-packages/airflow/example_dags/example_sla_dag.py took 0.085 seconds
[2023-06-15T18:09:14.866+0000] {processor.py:153} INFO - Started process (PID=1078) to work on /home/airflow/.local/lib/python3.7/site-packages/airflow/example_dags/example_sla_dag.py
[2023-06-15T18:09:14.868+0000] {processor.py:743} INFO - Processing file /home/airflow/.local/lib/python3.7/site-packages/airflow/example_dags/example_sla_dag.py for tasks to queue
[2023-06-15T18:09:14.869+0000] {logging_mixin.py:137} INFO - [2023-06-15T18:09:14.868+0000] {dagbag.py:538} INFO - Filling up the DagBag from /home/airflow/.local/lib/python3.7/site-packages/airflow/example_dags/example_sla_dag.py
[2023-06-15T18:09:14.887+0000] {processor.py:753} INFO - DAG(s) dict_keys(['example_sla_dag']) retrieved from /home/airflow/.local/lib/python3.7/site-packages/airflow/example_dags/example_sla_dag.py
[2023-06-15T18:09:14.914+0000] {logging_mixin.py:137} INFO - [2023-06-15T18:09:14.913+0000] {dag.py:2690} INFO - Sync 1 DAGs
[2023-06-15T18:09:14.936+0000] {logging_mixin.py:137} INFO - [2023-06-15T18:09:14.935+0000] {dag.py:3441} INFO - Setting next_dagrun for example_sla_dag to 2023-06-15T18:06:00+00:00, run_after=2023-06-15T18:08:00+00:00
[2023-06-15T18:09:14.952+0000] {processor.py:175} INFO - Processing /home/airflow/.local/lib/python3.7/site-packages/airflow/example_dags/example_sla_dag.py took 0.090 seconds
[2023-06-15T18:09:45.460+0000] {processor.py:153} INFO - Started process (PID=1154) to work on /home/airflow/.local/lib/python3.7/site-packages/airflow/example_dags/example_sla_dag.py
[2023-06-15T18:09:45.462+0000] {processor.py:743} INFO - Processing file /home/airflow/.local/lib/python3.7/site-packages/airflow/example_dags/example_sla_dag.py for tasks to queue
[2023-06-15T18:09:45.463+0000] {logging_mixin.py:137} INFO - [2023-06-15T18:09:45.463+0000] {dagbag.py:538} INFO - Filling up the DagBag from /home/airflow/.local/lib/python3.7/site-packages/airflow/example_dags/example_sla_dag.py
[2023-06-15T18:09:45.483+0000] {processor.py:753} INFO - DAG(s) dict_keys(['example_sla_dag']) retrieved from /home/airflow/.local/lib/python3.7/site-packages/airflow/example_dags/example_sla_dag.py
[2023-06-15T18:09:45.507+0000] {logging_mixin.py:137} INFO - [2023-06-15T18:09:45.507+0000] {dag.py:2690} INFO - Sync 1 DAGs
[2023-06-15T18:09:45.527+0000] {logging_mixin.py:137} INFO - [2023-06-15T18:09:45.527+0000] {dag.py:3441} INFO - Setting next_dagrun for example_sla_dag to 2023-06-15T18:06:00+00:00, run_after=2023-06-15T18:08:00+00:00
[2023-06-15T18:09:45.541+0000] {processor.py:175} INFO - Processing /home/airflow/.local/lib/python3.7/site-packages/airflow/example_dags/example_sla_dag.py took 0.085 seconds
[2023-06-15T18:10:16.427+0000] {processor.py:153} INFO - Started process (PID=1230) to work on /home/airflow/.local/lib/python3.7/site-packages/airflow/example_dags/example_sla_dag.py
[2023-06-15T18:10:16.429+0000] {processor.py:743} INFO - Processing file /home/airflow/.local/lib/python3.7/site-packages/airflow/example_dags/example_sla_dag.py for tasks to queue
[2023-06-15T18:10:16.429+0000] {logging_mixin.py:137} INFO - [2023-06-15T18:10:16.429+0000] {dagbag.py:538} INFO - Filling up the DagBag from /home/airflow/.local/lib/python3.7/site-packages/airflow/example_dags/example_sla_dag.py
[2023-06-15T18:10:16.450+0000] {processor.py:753} INFO - DAG(s) dict_keys(['example_sla_dag']) retrieved from /home/airflow/.local/lib/python3.7/site-packages/airflow/example_dags/example_sla_dag.py
[2023-06-15T18:10:16.478+0000] {logging_mixin.py:137} INFO - [2023-06-15T18:10:16.477+0000] {dag.py:2690} INFO - Sync 1 DAGs
[2023-06-15T18:10:16.501+0000] {logging_mixin.py:137} INFO - [2023-06-15T18:10:16.501+0000] {dag.py:3441} INFO - Setting next_dagrun for example_sla_dag to 2023-06-15T18:08:00+00:00, run_after=2023-06-15T18:10:00+00:00
[2023-06-15T18:10:16.516+0000] {processor.py:175} INFO - Processing /home/airflow/.local/lib/python3.7/site-packages/airflow/example_dags/example_sla_dag.py took 0.093 seconds
[2023-06-15T18:10:46.962+0000] {processor.py:153} INFO - Started process (PID=1294) to work on /home/airflow/.local/lib/python3.7/site-packages/airflow/example_dags/example_sla_dag.py
[2023-06-15T18:10:46.963+0000] {processor.py:743} INFO - Processing file /home/airflow/.local/lib/python3.7/site-packages/airflow/example_dags/example_sla_dag.py for tasks to queue
[2023-06-15T18:10:46.964+0000] {logging_mixin.py:137} INFO - [2023-06-15T18:10:46.964+0000] {dagbag.py:538} INFO - Filling up the DagBag from /home/airflow/.local/lib/python3.7/site-packages/airflow/example_dags/example_sla_dag.py
[2023-06-15T18:10:46.985+0000] {processor.py:753} INFO - DAG(s) dict_keys(['example_sla_dag']) retrieved from /home/airflow/.local/lib/python3.7/site-packages/airflow/example_dags/example_sla_dag.py
[2023-06-15T18:10:47.015+0000] {logging_mixin.py:137} INFO - [2023-06-15T18:10:47.014+0000] {dag.py:2690} INFO - Sync 1 DAGs
[2023-06-15T18:10:47.036+0000] {logging_mixin.py:137} INFO - [2023-06-15T18:10:47.036+0000] {dag.py:3441} INFO - Setting next_dagrun for example_sla_dag to 2023-06-15T18:08:00+00:00, run_after=2023-06-15T18:10:00+00:00
[2023-06-15T18:10:47.049+0000] {processor.py:175} INFO - Processing /home/airflow/.local/lib/python3.7/site-packages/airflow/example_dags/example_sla_dag.py took 0.090 seconds
[2023-06-15T18:11:17.611+0000] {processor.py:153} INFO - Started process (PID=1370) to work on /home/airflow/.local/lib/python3.7/site-packages/airflow/example_dags/example_sla_dag.py
[2023-06-15T18:11:17.613+0000] {processor.py:743} INFO - Processing file /home/airflow/.local/lib/python3.7/site-packages/airflow/example_dags/example_sla_dag.py for tasks to queue
[2023-06-15T18:11:17.614+0000] {logging_mixin.py:137} INFO - [2023-06-15T18:11:17.614+0000] {dagbag.py:538} INFO - Filling up the DagBag from /home/airflow/.local/lib/python3.7/site-packages/airflow/example_dags/example_sla_dag.py
[2023-06-15T18:11:17.633+0000] {processor.py:753} INFO - DAG(s) dict_keys(['example_sla_dag']) retrieved from /home/airflow/.local/lib/python3.7/site-packages/airflow/example_dags/example_sla_dag.py
[2023-06-15T18:11:17.657+0000] {logging_mixin.py:137} INFO - [2023-06-15T18:11:17.657+0000] {dag.py:2690} INFO - Sync 1 DAGs
[2023-06-15T18:11:17.678+0000] {logging_mixin.py:137} INFO - [2023-06-15T18:11:17.678+0000] {dag.py:3441} INFO - Setting next_dagrun for example_sla_dag to 2023-06-15T18:08:00+00:00, run_after=2023-06-15T18:10:00+00:00
[2023-06-15T18:11:17.692+0000] {processor.py:175} INFO - Processing /home/airflow/.local/lib/python3.7/site-packages/airflow/example_dags/example_sla_dag.py took 0.084 seconds
[2023-06-15T18:11:48.197+0000] {processor.py:153} INFO - Started process (PID=1443) to work on /home/airflow/.local/lib/python3.7/site-packages/airflow/example_dags/example_sla_dag.py
[2023-06-15T18:11:48.199+0000] {processor.py:743} INFO - Processing file /home/airflow/.local/lib/python3.7/site-packages/airflow/example_dags/example_sla_dag.py for tasks to queue
[2023-06-15T18:11:48.201+0000] {logging_mixin.py:137} INFO - [2023-06-15T18:11:48.200+0000] {dagbag.py:538} INFO - Filling up the DagBag from /home/airflow/.local/lib/python3.7/site-packages/airflow/example_dags/example_sla_dag.py
[2023-06-15T18:11:48.223+0000] {processor.py:753} INFO - DAG(s) dict_keys(['example_sla_dag']) retrieved from /home/airflow/.local/lib/python3.7/site-packages/airflow/example_dags/example_sla_dag.py
[2023-06-15T18:11:48.247+0000] {logging_mixin.py:137} INFO - [2023-06-15T18:11:48.247+0000] {dag.py:2690} INFO - Sync 1 DAGs
[2023-06-15T18:11:48.270+0000] {logging_mixin.py:137} INFO - [2023-06-15T18:11:48.269+0000] {dag.py:3441} INFO - Setting next_dagrun for example_sla_dag to 2023-06-15T18:08:00+00:00, run_after=2023-06-15T18:10:00+00:00
[2023-06-15T18:11:48.287+0000] {processor.py:175} INFO - Processing /home/airflow/.local/lib/python3.7/site-packages/airflow/example_dags/example_sla_dag.py took 0.096 seconds
[2023-06-15T18:12:18.805+0000] {processor.py:153} INFO - Started process (PID=1512) to work on /home/airflow/.local/lib/python3.7/site-packages/airflow/example_dags/example_sla_dag.py
[2023-06-15T18:12:18.807+0000] {processor.py:743} INFO - Processing file /home/airflow/.local/lib/python3.7/site-packages/airflow/example_dags/example_sla_dag.py for tasks to queue
[2023-06-15T18:12:18.808+0000] {logging_mixin.py:137} INFO - [2023-06-15T18:12:18.808+0000] {dagbag.py:538} INFO - Filling up the DagBag from /home/airflow/.local/lib/python3.7/site-packages/airflow/example_dags/example_sla_dag.py
[2023-06-15T18:12:18.826+0000] {processor.py:753} INFO - DAG(s) dict_keys(['example_sla_dag']) retrieved from /home/airflow/.local/lib/python3.7/site-packages/airflow/example_dags/example_sla_dag.py
[2023-06-15T18:12:18.852+0000] {logging_mixin.py:137} INFO - [2023-06-15T18:12:18.852+0000] {dag.py:2690} INFO - Sync 1 DAGs
[2023-06-15T18:12:18.874+0000] {logging_mixin.py:137} INFO - [2023-06-15T18:12:18.874+0000] {dag.py:3441} INFO - Setting next_dagrun for example_sla_dag to 2023-06-15T18:10:00+00:00, run_after=2023-06-15T18:12:00+00:00
[2023-06-15T18:12:18.888+0000] {processor.py:175} INFO - Processing /home/airflow/.local/lib/python3.7/site-packages/airflow/example_dags/example_sla_dag.py took 0.086 seconds
[2023-06-15T18:12:49.511+0000] {processor.py:153} INFO - Started process (PID=1590) to work on /home/airflow/.local/lib/python3.7/site-packages/airflow/example_dags/example_sla_dag.py
[2023-06-15T18:12:49.513+0000] {processor.py:743} INFO - Processing file /home/airflow/.local/lib/python3.7/site-packages/airflow/example_dags/example_sla_dag.py for tasks to queue
[2023-06-15T18:12:49.513+0000] {logging_mixin.py:137} INFO - [2023-06-15T18:12:49.513+0000] {dagbag.py:538} INFO - Filling up the DagBag from /home/airflow/.local/lib/python3.7/site-packages/airflow/example_dags/example_sla_dag.py
[2023-06-15T18:12:49.532+0000] {processor.py:753} INFO - DAG(s) dict_keys(['example_sla_dag']) retrieved from /home/airflow/.local/lib/python3.7/site-packages/airflow/example_dags/example_sla_dag.py
[2023-06-15T18:12:49.559+0000] {logging_mixin.py:137} INFO - [2023-06-15T18:12:49.559+0000] {dag.py:2690} INFO - Sync 1 DAGs
[2023-06-15T18:12:49.579+0000] {logging_mixin.py:137} INFO - [2023-06-15T18:12:49.579+0000] {dag.py:3441} INFO - Setting next_dagrun for example_sla_dag to 2023-06-15T18:10:00+00:00, run_after=2023-06-15T18:12:00+00:00
[2023-06-15T18:12:49.593+0000] {processor.py:175} INFO - Processing /home/airflow/.local/lib/python3.7/site-packages/airflow/example_dags/example_sla_dag.py took 0.085 seconds
[2023-06-15T18:13:20.243+0000] {processor.py:153} INFO - Started process (PID=1656) to work on /home/airflow/.local/lib/python3.7/site-packages/airflow/example_dags/example_sla_dag.py
[2023-06-15T18:13:20.244+0000] {processor.py:743} INFO - Processing file /home/airflow/.local/lib/python3.7/site-packages/airflow/example_dags/example_sla_dag.py for tasks to queue
[2023-06-15T18:13:20.246+0000] {logging_mixin.py:137} INFO - [2023-06-15T18:13:20.245+0000] {dagbag.py:538} INFO - Filling up the DagBag from /home/airflow/.local/lib/python3.7/site-packages/airflow/example_dags/example_sla_dag.py
[2023-06-15T18:13:20.265+0000] {processor.py:753} INFO - DAG(s) dict_keys(['example_sla_dag']) retrieved from /home/airflow/.local/lib/python3.7/site-packages/airflow/example_dags/example_sla_dag.py
[2023-06-15T18:13:20.290+0000] {logging_mixin.py:137} INFO - [2023-06-15T18:13:20.290+0000] {dag.py:2690} INFO - Sync 1 DAGs
[2023-06-15T18:13:20.312+0000] {logging_mixin.py:137} INFO - [2023-06-15T18:13:20.312+0000] {dag.py:3441} INFO - Setting next_dagrun for example_sla_dag to 2023-06-15T18:10:00+00:00, run_after=2023-06-15T18:12:00+00:00
[2023-06-15T18:13:20.327+0000] {processor.py:175} INFO - Processing /home/airflow/.local/lib/python3.7/site-packages/airflow/example_dags/example_sla_dag.py took 0.088 seconds
[2023-06-15T18:13:51.111+0000] {processor.py:153} INFO - Started process (PID=1734) to work on /home/airflow/.local/lib/python3.7/site-packages/airflow/example_dags/example_sla_dag.py
[2023-06-15T18:13:51.113+0000] {processor.py:743} INFO - Processing file /home/airflow/.local/lib/python3.7/site-packages/airflow/example_dags/example_sla_dag.py for tasks to queue
[2023-06-15T18:13:51.114+0000] {logging_mixin.py:137} INFO - [2023-06-15T18:13:51.113+0000] {dagbag.py:538} INFO - Filling up the DagBag from /home/airflow/.local/lib/python3.7/site-packages/airflow/example_dags/example_sla_dag.py
[2023-06-15T18:13:51.135+0000] {processor.py:753} INFO - DAG(s) dict_keys(['example_sla_dag']) retrieved from /home/airflow/.local/lib/python3.7/site-packages/airflow/example_dags/example_sla_dag.py
[2023-06-15T18:13:51.160+0000] {logging_mixin.py:137} INFO - [2023-06-15T18:13:51.160+0000] {dag.py:2690} INFO - Sync 1 DAGs
[2023-06-15T18:13:51.185+0000] {logging_mixin.py:137} INFO - [2023-06-15T18:13:51.185+0000] {dag.py:3441} INFO - Setting next_dagrun for example_sla_dag to 2023-06-15T18:10:00+00:00, run_after=2023-06-15T18:12:00+00:00
[2023-06-15T18:13:51.201+0000] {processor.py:175} INFO - Processing /home/airflow/.local/lib/python3.7/site-packages/airflow/example_dags/example_sla_dag.py took 0.093 seconds
[2023-06-15T18:14:21.356+0000] {processor.py:153} INFO - Started process (PID=1812) to work on /home/airflow/.local/lib/python3.7/site-packages/airflow/example_dags/example_sla_dag.py
[2023-06-15T18:14:21.358+0000] {processor.py:743} INFO - Processing file /home/airflow/.local/lib/python3.7/site-packages/airflow/example_dags/example_sla_dag.py for tasks to queue
[2023-06-15T18:14:21.359+0000] {logging_mixin.py:137} INFO - [2023-06-15T18:14:21.358+0000] {dagbag.py:538} INFO - Filling up the DagBag from /home/airflow/.local/lib/python3.7/site-packages/airflow/example_dags/example_sla_dag.py
[2023-06-15T18:14:21.379+0000] {processor.py:753} INFO - DAG(s) dict_keys(['example_sla_dag']) retrieved from /home/airflow/.local/lib/python3.7/site-packages/airflow/example_dags/example_sla_dag.py
[2023-06-15T18:14:21.404+0000] {logging_mixin.py:137} INFO - [2023-06-15T18:14:21.404+0000] {dag.py:2690} INFO - Sync 1 DAGs
[2023-06-15T18:14:21.425+0000] {logging_mixin.py:137} INFO - [2023-06-15T18:14:21.425+0000] {dag.py:3441} INFO - Setting next_dagrun for example_sla_dag to 2023-06-15T18:12:00+00:00, run_after=2023-06-15T18:14:00+00:00
[2023-06-15T18:14:21.438+0000] {processor.py:175} INFO - Processing /home/airflow/.local/lib/python3.7/site-packages/airflow/example_dags/example_sla_dag.py took 0.086 seconds
[2023-06-15T18:14:52.259+0000] {processor.py:153} INFO - Started process (PID=1876) to work on /home/airflow/.local/lib/python3.7/site-packages/airflow/example_dags/example_sla_dag.py
[2023-06-15T18:14:52.260+0000] {processor.py:743} INFO - Processing file /home/airflow/.local/lib/python3.7/site-packages/airflow/example_dags/example_sla_dag.py for tasks to queue
[2023-06-15T18:14:52.262+0000] {logging_mixin.py:137} INFO - [2023-06-15T18:14:52.262+0000] {dagbag.py:538} INFO - Filling up the DagBag from /home/airflow/.local/lib/python3.7/site-packages/airflow/example_dags/example_sla_dag.py
[2023-06-15T18:14:52.285+0000] {processor.py:753} INFO - DAG(s) dict_keys(['example_sla_dag']) retrieved from /home/airflow/.local/lib/python3.7/site-packages/airflow/example_dags/example_sla_dag.py
[2023-06-15T18:14:52.314+0000] {logging_mixin.py:137} INFO - [2023-06-15T18:14:52.314+0000] {dag.py:2690} INFO - Sync 1 DAGs
[2023-06-15T18:14:52.343+0000] {logging_mixin.py:137} INFO - [2023-06-15T18:14:52.342+0000] {dag.py:3441} INFO - Setting next_dagrun for example_sla_dag to 2023-06-15T18:12:00+00:00, run_after=2023-06-15T18:14:00+00:00
[2023-06-15T18:14:52.365+0000] {processor.py:175} INFO - Processing /home/airflow/.local/lib/python3.7/site-packages/airflow/example_dags/example_sla_dag.py took 0.110 seconds
[2023-06-15T18:15:22.711+0000] {processor.py:153} INFO - Started process (PID=1954) to work on /home/airflow/.local/lib/python3.7/site-packages/airflow/example_dags/example_sla_dag.py
[2023-06-15T18:15:22.713+0000] {processor.py:743} INFO - Processing file /home/airflow/.local/lib/python3.7/site-packages/airflow/example_dags/example_sla_dag.py for tasks to queue
[2023-06-15T18:15:22.715+0000] {logging_mixin.py:137} INFO - [2023-06-15T18:15:22.714+0000] {dagbag.py:538} INFO - Filling up the DagBag from /home/airflow/.local/lib/python3.7/site-packages/airflow/example_dags/example_sla_dag.py
[2023-06-15T18:15:22.737+0000] {processor.py:753} INFO - DAG(s) dict_keys(['example_sla_dag']) retrieved from /home/airflow/.local/lib/python3.7/site-packages/airflow/example_dags/example_sla_dag.py
[2023-06-15T18:15:22.768+0000] {logging_mixin.py:137} INFO - [2023-06-15T18:15:22.768+0000] {dag.py:2690} INFO - Sync 1 DAGs
[2023-06-15T18:15:22.789+0000] {logging_mixin.py:137} INFO - [2023-06-15T18:15:22.789+0000] {dag.py:3441} INFO - Setting next_dagrun for example_sla_dag to 2023-06-15T18:12:00+00:00, run_after=2023-06-15T18:14:00+00:00
[2023-06-15T18:15:22.812+0000] {processor.py:175} INFO - Processing /home/airflow/.local/lib/python3.7/site-packages/airflow/example_dags/example_sla_dag.py took 0.106 seconds
[2023-06-15T18:15:53.060+0000] {processor.py:153} INFO - Started process (PID=2026) to work on /home/airflow/.local/lib/python3.7/site-packages/airflow/example_dags/example_sla_dag.py
[2023-06-15T18:15:53.062+0000] {processor.py:743} INFO - Processing file /home/airflow/.local/lib/python3.7/site-packages/airflow/example_dags/example_sla_dag.py for tasks to queue
[2023-06-15T18:15:53.065+0000] {logging_mixin.py:137} INFO - [2023-06-15T18:15:53.064+0000] {dagbag.py:538} INFO - Filling up the DagBag from /home/airflow/.local/lib/python3.7/site-packages/airflow/example_dags/example_sla_dag.py
[2023-06-15T18:15:53.086+0000] {processor.py:753} INFO - DAG(s) dict_keys(['example_sla_dag']) retrieved from /home/airflow/.local/lib/python3.7/site-packages/airflow/example_dags/example_sla_dag.py
[2023-06-15T18:15:53.124+0000] {logging_mixin.py:137} INFO - [2023-06-15T18:15:53.124+0000] {dag.py:2690} INFO - Sync 1 DAGs
[2023-06-15T18:15:53.167+0000] {logging_mixin.py:137} INFO - [2023-06-15T18:15:53.167+0000] {dag.py:3441} INFO - Setting next_dagrun for example_sla_dag to 2023-06-15T18:12:00+00:00, run_after=2023-06-15T18:14:00+00:00
[2023-06-15T18:15:53.184+0000] {processor.py:175} INFO - Processing /home/airflow/.local/lib/python3.7/site-packages/airflow/example_dags/example_sla_dag.py took 0.128 seconds
[2023-06-15T18:16:23.570+0000] {processor.py:153} INFO - Started process (PID=2097) to work on /home/airflow/.local/lib/python3.7/site-packages/airflow/example_dags/example_sla_dag.py
[2023-06-15T18:16:23.572+0000] {processor.py:743} INFO - Processing file /home/airflow/.local/lib/python3.7/site-packages/airflow/example_dags/example_sla_dag.py for tasks to queue
[2023-06-15T18:16:23.573+0000] {logging_mixin.py:137} INFO - [2023-06-15T18:16:23.573+0000] {dagbag.py:538} INFO - Filling up the DagBag from /home/airflow/.local/lib/python3.7/site-packages/airflow/example_dags/example_sla_dag.py
[2023-06-15T18:16:23.592+0000] {processor.py:753} INFO - DAG(s) dict_keys(['example_sla_dag']) retrieved from /home/airflow/.local/lib/python3.7/site-packages/airflow/example_dags/example_sla_dag.py
[2023-06-15T18:16:23.617+0000] {logging_mixin.py:137} INFO - [2023-06-15T18:16:23.617+0000] {dag.py:2690} INFO - Sync 1 DAGs
[2023-06-15T18:16:23.637+0000] {logging_mixin.py:137} INFO - [2023-06-15T18:16:23.637+0000] {dag.py:3441} INFO - Setting next_dagrun for example_sla_dag to 2023-06-15T18:14:00+00:00, run_after=2023-06-15T18:16:00+00:00
[2023-06-15T18:16:23.651+0000] {processor.py:175} INFO - Processing /home/airflow/.local/lib/python3.7/site-packages/airflow/example_dags/example_sla_dag.py took 0.084 seconds
[2023-06-15T18:16:54.165+0000] {processor.py:153} INFO - Started process (PID=2174) to work on /home/airflow/.local/lib/python3.7/site-packages/airflow/example_dags/example_sla_dag.py
[2023-06-15T18:16:54.167+0000] {processor.py:743} INFO - Processing file /home/airflow/.local/lib/python3.7/site-packages/airflow/example_dags/example_sla_dag.py for tasks to queue
[2023-06-15T18:16:54.168+0000] {logging_mixin.py:137} INFO - [2023-06-15T18:16:54.168+0000] {dagbag.py:538} INFO - Filling up the DagBag from /home/airflow/.local/lib/python3.7/site-packages/airflow/example_dags/example_sla_dag.py
[2023-06-15T18:16:54.187+0000] {processor.py:753} INFO - DAG(s) dict_keys(['example_sla_dag']) retrieved from /home/airflow/.local/lib/python3.7/site-packages/airflow/example_dags/example_sla_dag.py
[2023-06-15T18:16:54.212+0000] {logging_mixin.py:137} INFO - [2023-06-15T18:16:54.212+0000] {dag.py:2690} INFO - Sync 1 DAGs
[2023-06-15T18:16:54.234+0000] {logging_mixin.py:137} INFO - [2023-06-15T18:16:54.234+0000] {dag.py:3441} INFO - Setting next_dagrun for example_sla_dag to 2023-06-15T18:14:00+00:00, run_after=2023-06-15T18:16:00+00:00
[2023-06-15T18:16:54.248+0000] {processor.py:175} INFO - Processing /home/airflow/.local/lib/python3.7/site-packages/airflow/example_dags/example_sla_dag.py took 0.086 seconds
[2023-06-15T18:17:24.559+0000] {processor.py:153} INFO - Started process (PID=2240) to work on /home/airflow/.local/lib/python3.7/site-packages/airflow/example_dags/example_sla_dag.py
[2023-06-15T18:17:24.561+0000] {processor.py:743} INFO - Processing file /home/airflow/.local/lib/python3.7/site-packages/airflow/example_dags/example_sla_dag.py for tasks to queue
[2023-06-15T18:17:24.561+0000] {logging_mixin.py:137} INFO - [2023-06-15T18:17:24.561+0000] {dagbag.py:538} INFO - Filling up the DagBag from /home/airflow/.local/lib/python3.7/site-packages/airflow/example_dags/example_sla_dag.py
[2023-06-15T18:17:24.584+0000] {processor.py:753} INFO - DAG(s) dict_keys(['example_sla_dag']) retrieved from /home/airflow/.local/lib/python3.7/site-packages/airflow/example_dags/example_sla_dag.py
[2023-06-15T18:17:24.613+0000] {logging_mixin.py:137} INFO - [2023-06-15T18:17:24.612+0000] {dag.py:2690} INFO - Sync 1 DAGs
[2023-06-15T18:17:24.634+0000] {logging_mixin.py:137} INFO - [2023-06-15T18:17:24.634+0000] {dag.py:3441} INFO - Setting next_dagrun for example_sla_dag to 2023-06-15T18:14:00+00:00, run_after=2023-06-15T18:16:00+00:00
[2023-06-15T18:17:24.648+0000] {processor.py:175} INFO - Processing /home/airflow/.local/lib/python3.7/site-packages/airflow/example_dags/example_sla_dag.py took 0.092 seconds
[2023-06-15T18:44:54.420+0000] {processor.py:153} INFO - Started process (PID=2323) to work on /home/airflow/.local/lib/python3.7/site-packages/airflow/example_dags/example_sla_dag.py
[2023-06-15T18:44:54.421+0000] {processor.py:743} INFO - Processing file /home/airflow/.local/lib/python3.7/site-packages/airflow/example_dags/example_sla_dag.py for tasks to queue
[2023-06-15T18:44:54.423+0000] {logging_mixin.py:137} INFO - [2023-06-15T18:44:54.423+0000] {dagbag.py:538} INFO - Filling up the DagBag from /home/airflow/.local/lib/python3.7/site-packages/airflow/example_dags/example_sla_dag.py
[2023-06-15T18:44:54.442+0000] {processor.py:753} INFO - DAG(s) dict_keys(['example_sla_dag']) retrieved from /home/airflow/.local/lib/python3.7/site-packages/airflow/example_dags/example_sla_dag.py
[2023-06-15T18:44:54.467+0000] {logging_mixin.py:137} INFO - [2023-06-15T18:44:54.467+0000] {dag.py:2690} INFO - Sync 1 DAGs
[2023-06-15T18:44:54.489+0000] {logging_mixin.py:137} INFO - [2023-06-15T18:44:54.489+0000] {dag.py:3441} INFO - Setting next_dagrun for example_sla_dag to 2023-06-15T18:42:00+00:00, run_after=2023-06-15T18:44:00+00:00
[2023-06-15T18:44:54.503+0000] {processor.py:175} INFO - Processing /home/airflow/.local/lib/python3.7/site-packages/airflow/example_dags/example_sla_dag.py took 0.086 seconds
[2023-06-15T18:45:25.039+0000] {processor.py:153} INFO - Started process (PID=2389) to work on /home/airflow/.local/lib/python3.7/site-packages/airflow/example_dags/example_sla_dag.py
[2023-06-15T18:45:25.041+0000] {processor.py:743} INFO - Processing file /home/airflow/.local/lib/python3.7/site-packages/airflow/example_dags/example_sla_dag.py for tasks to queue
[2023-06-15T18:45:25.041+0000] {logging_mixin.py:137} INFO - [2023-06-15T18:45:25.041+0000] {dagbag.py:538} INFO - Filling up the DagBag from /home/airflow/.local/lib/python3.7/site-packages/airflow/example_dags/example_sla_dag.py
[2023-06-15T18:45:25.061+0000] {processor.py:753} INFO - DAG(s) dict_keys(['example_sla_dag']) retrieved from /home/airflow/.local/lib/python3.7/site-packages/airflow/example_dags/example_sla_dag.py
[2023-06-15T18:45:25.090+0000] {logging_mixin.py:137} INFO - [2023-06-15T18:45:25.090+0000] {dag.py:2690} INFO - Sync 1 DAGs
[2023-06-15T18:45:25.111+0000] {logging_mixin.py:137} INFO - [2023-06-15T18:45:25.111+0000] {dag.py:3441} INFO - Setting next_dagrun for example_sla_dag to 2023-06-15T18:42:00+00:00, run_after=2023-06-15T18:44:00+00:00
[2023-06-15T18:45:25.126+0000] {processor.py:175} INFO - Processing /home/airflow/.local/lib/python3.7/site-packages/airflow/example_dags/example_sla_dag.py took 0.091 seconds
[2023-06-15T18:45:55.888+0000] {processor.py:153} INFO - Started process (PID=2466) to work on /home/airflow/.local/lib/python3.7/site-packages/airflow/example_dags/example_sla_dag.py
[2023-06-15T18:45:55.889+0000] {processor.py:743} INFO - Processing file /home/airflow/.local/lib/python3.7/site-packages/airflow/example_dags/example_sla_dag.py for tasks to queue
[2023-06-15T18:45:55.890+0000] {logging_mixin.py:137} INFO - [2023-06-15T18:45:55.890+0000] {dagbag.py:538} INFO - Filling up the DagBag from /home/airflow/.local/lib/python3.7/site-packages/airflow/example_dags/example_sla_dag.py
[2023-06-15T18:45:55.911+0000] {processor.py:753} INFO - DAG(s) dict_keys(['example_sla_dag']) retrieved from /home/airflow/.local/lib/python3.7/site-packages/airflow/example_dags/example_sla_dag.py
[2023-06-15T18:45:55.937+0000] {logging_mixin.py:137} INFO - [2023-06-15T18:45:55.937+0000] {dag.py:2690} INFO - Sync 1 DAGs
[2023-06-15T18:45:55.958+0000] {logging_mixin.py:137} INFO - [2023-06-15T18:45:55.958+0000] {dag.py:3441} INFO - Setting next_dagrun for example_sla_dag to 2023-06-15T18:42:00+00:00, run_after=2023-06-15T18:44:00+00:00
[2023-06-15T18:45:55.976+0000] {processor.py:175} INFO - Processing /home/airflow/.local/lib/python3.7/site-packages/airflow/example_dags/example_sla_dag.py took 0.091 seconds
[2023-06-15T18:46:27.021+0000] {processor.py:153} INFO - Started process (PID=2543) to work on /home/airflow/.local/lib/python3.7/site-packages/airflow/example_dags/example_sla_dag.py
[2023-06-15T18:46:27.023+0000] {processor.py:743} INFO - Processing file /home/airflow/.local/lib/python3.7/site-packages/airflow/example_dags/example_sla_dag.py for tasks to queue
[2023-06-15T18:46:27.024+0000] {logging_mixin.py:137} INFO - [2023-06-15T18:46:27.024+0000] {dagbag.py:538} INFO - Filling up the DagBag from /home/airflow/.local/lib/python3.7/site-packages/airflow/example_dags/example_sla_dag.py
[2023-06-15T18:46:27.043+0000] {processor.py:753} INFO - DAG(s) dict_keys(['example_sla_dag']) retrieved from /home/airflow/.local/lib/python3.7/site-packages/airflow/example_dags/example_sla_dag.py
[2023-06-15T18:46:27.067+0000] {logging_mixin.py:137} INFO - [2023-06-15T18:46:27.067+0000] {dag.py:2690} INFO - Sync 1 DAGs
[2023-06-15T18:46:27.089+0000] {logging_mixin.py:137} INFO - [2023-06-15T18:46:27.089+0000] {dag.py:3441} INFO - Setting next_dagrun for example_sla_dag to 2023-06-15T18:44:00+00:00, run_after=2023-06-15T18:46:00+00:00
[2023-06-15T18:46:27.102+0000] {processor.py:175} INFO - Processing /home/airflow/.local/lib/python3.7/site-packages/airflow/example_dags/example_sla_dag.py took 0.085 seconds
[2023-06-15T18:46:58.175+0000] {processor.py:153} INFO - Started process (PID=2608) to work on /home/airflow/.local/lib/python3.7/site-packages/airflow/example_dags/example_sla_dag.py
[2023-06-15T18:46:58.176+0000] {processor.py:743} INFO - Processing file /home/airflow/.local/lib/python3.7/site-packages/airflow/example_dags/example_sla_dag.py for tasks to queue
[2023-06-15T18:46:58.177+0000] {logging_mixin.py:137} INFO - [2023-06-15T18:46:58.177+0000] {dagbag.py:538} INFO - Filling up the DagBag from /home/airflow/.local/lib/python3.7/site-packages/airflow/example_dags/example_sla_dag.py
[2023-06-15T18:46:58.198+0000] {processor.py:753} INFO - DAG(s) dict_keys(['example_sla_dag']) retrieved from /home/airflow/.local/lib/python3.7/site-packages/airflow/example_dags/example_sla_dag.py
[2023-06-15T18:46:58.224+0000] {logging_mixin.py:137} INFO - [2023-06-15T18:46:58.224+0000] {dag.py:2690} INFO - Sync 1 DAGs
[2023-06-15T18:46:58.251+0000] {logging_mixin.py:137} INFO - [2023-06-15T18:46:58.250+0000] {dag.py:3441} INFO - Setting next_dagrun for example_sla_dag to 2023-06-15T18:44:00+00:00, run_after=2023-06-15T18:46:00+00:00
[2023-06-15T18:46:58.267+0000] {processor.py:175} INFO - Processing /home/airflow/.local/lib/python3.7/site-packages/airflow/example_dags/example_sla_dag.py took 0.097 seconds
[2023-06-15T18:47:29.062+0000] {processor.py:153} INFO - Started process (PID=2685) to work on /home/airflow/.local/lib/python3.7/site-packages/airflow/example_dags/example_sla_dag.py
[2023-06-15T18:47:29.064+0000] {processor.py:743} INFO - Processing file /home/airflow/.local/lib/python3.7/site-packages/airflow/example_dags/example_sla_dag.py for tasks to queue
[2023-06-15T18:47:29.065+0000] {logging_mixin.py:137} INFO - [2023-06-15T18:47:29.065+0000] {dagbag.py:538} INFO - Filling up the DagBag from /home/airflow/.local/lib/python3.7/site-packages/airflow/example_dags/example_sla_dag.py
[2023-06-15T18:47:29.083+0000] {processor.py:753} INFO - DAG(s) dict_keys(['example_sla_dag']) retrieved from /home/airflow/.local/lib/python3.7/site-packages/airflow/example_dags/example_sla_dag.py
[2023-06-15T18:47:29.108+0000] {logging_mixin.py:137} INFO - [2023-06-15T18:47:29.107+0000] {dag.py:2690} INFO - Sync 1 DAGs
[2023-06-15T18:47:29.128+0000] {logging_mixin.py:137} INFO - [2023-06-15T18:47:29.128+0000] {dag.py:3441} INFO - Setting next_dagrun for example_sla_dag to 2023-06-15T18:44:00+00:00, run_after=2023-06-15T18:46:00+00:00
[2023-06-15T18:47:29.142+0000] {processor.py:175} INFO - Processing /home/airflow/.local/lib/python3.7/site-packages/airflow/example_dags/example_sla_dag.py took 0.083 seconds
[2023-06-15T18:47:59.801+0000] {processor.py:153} INFO - Started process (PID=2762) to work on /home/airflow/.local/lib/python3.7/site-packages/airflow/example_dags/example_sla_dag.py
[2023-06-15T18:47:59.802+0000] {processor.py:743} INFO - Processing file /home/airflow/.local/lib/python3.7/site-packages/airflow/example_dags/example_sla_dag.py for tasks to queue
[2023-06-15T18:47:59.803+0000] {logging_mixin.py:137} INFO - [2023-06-15T18:47:59.803+0000] {dagbag.py:538} INFO - Filling up the DagBag from /home/airflow/.local/lib/python3.7/site-packages/airflow/example_dags/example_sla_dag.py
[2023-06-15T18:47:59.823+0000] {processor.py:753} INFO - DAG(s) dict_keys(['example_sla_dag']) retrieved from /home/airflow/.local/lib/python3.7/site-packages/airflow/example_dags/example_sla_dag.py
[2023-06-15T18:47:59.848+0000] {logging_mixin.py:137} INFO - [2023-06-15T18:47:59.848+0000] {dag.py:2690} INFO - Sync 1 DAGs
[2023-06-15T18:47:59.870+0000] {logging_mixin.py:137} INFO - [2023-06-15T18:47:59.870+0000] {dag.py:3441} INFO - Setting next_dagrun for example_sla_dag to 2023-06-15T18:44:00+00:00, run_after=2023-06-15T18:46:00+00:00
[2023-06-15T18:47:59.885+0000] {processor.py:175} INFO - Processing /home/airflow/.local/lib/python3.7/site-packages/airflow/example_dags/example_sla_dag.py took 0.088 seconds
[2023-06-15T18:48:32.062+0000] {processor.py:153} INFO - Started process (PID=2827) to work on /home/airflow/.local/lib/python3.7/site-packages/airflow/example_dags/example_sla_dag.py
[2023-06-15T18:48:32.063+0000] {processor.py:743} INFO - Processing file /home/airflow/.local/lib/python3.7/site-packages/airflow/example_dags/example_sla_dag.py for tasks to queue
[2023-06-15T18:48:32.064+0000] {logging_mixin.py:137} INFO - [2023-06-15T18:48:32.064+0000] {dagbag.py:538} INFO - Filling up the DagBag from /home/airflow/.local/lib/python3.7/site-packages/airflow/example_dags/example_sla_dag.py
[2023-06-15T18:48:32.084+0000] {processor.py:753} INFO - DAG(s) dict_keys(['example_sla_dag']) retrieved from /home/airflow/.local/lib/python3.7/site-packages/airflow/example_dags/example_sla_dag.py
[2023-06-15T18:48:32.110+0000] {logging_mixin.py:137} INFO - [2023-06-15T18:48:32.110+0000] {dag.py:2690} INFO - Sync 1 DAGs
[2023-06-15T18:48:32.134+0000] {logging_mixin.py:137} INFO - [2023-06-15T18:48:32.134+0000] {dag.py:3441} INFO - Setting next_dagrun for example_sla_dag to 2023-06-15T18:46:00+00:00, run_after=2023-06-15T18:48:00+00:00
[2023-06-15T18:48:32.148+0000] {processor.py:175} INFO - Processing /home/airflow/.local/lib/python3.7/site-packages/airflow/example_dags/example_sla_dag.py took 0.090 seconds
[2023-06-15T18:49:03.435+0000] {processor.py:153} INFO - Started process (PID=2892) to work on /home/airflow/.local/lib/python3.7/site-packages/airflow/example_dags/example_sla_dag.py
[2023-06-15T18:49:03.436+0000] {processor.py:743} INFO - Processing file /home/airflow/.local/lib/python3.7/site-packages/airflow/example_dags/example_sla_dag.py for tasks to queue
[2023-06-15T18:49:03.437+0000] {logging_mixin.py:137} INFO - [2023-06-15T18:49:03.437+0000] {dagbag.py:538} INFO - Filling up the DagBag from /home/airflow/.local/lib/python3.7/site-packages/airflow/example_dags/example_sla_dag.py
[2023-06-15T18:49:03.457+0000] {processor.py:753} INFO - DAG(s) dict_keys(['example_sla_dag']) retrieved from /home/airflow/.local/lib/python3.7/site-packages/airflow/example_dags/example_sla_dag.py
[2023-06-15T18:49:03.491+0000] {logging_mixin.py:137} INFO - [2023-06-15T18:49:03.491+0000] {dag.py:2690} INFO - Sync 1 DAGs
[2023-06-15T18:49:03.516+0000] {logging_mixin.py:137} INFO - [2023-06-15T18:49:03.516+0000] {dag.py:3441} INFO - Setting next_dagrun for example_sla_dag to 2023-06-15T18:46:00+00:00, run_after=2023-06-15T18:48:00+00:00
[2023-06-15T18:49:03.537+0000] {processor.py:175} INFO - Processing /home/airflow/.local/lib/python3.7/site-packages/airflow/example_dags/example_sla_dag.py took 0.106 seconds
