[2023-06-15T18:02:03.102+0000] {processor.py:153} INFO - Started process (PID=66) to work on /home/airflow/.local/lib/python3.7/site-packages/airflow/example_dags/example_task_group_decorator.py
[2023-06-15T18:02:03.106+0000] {processor.py:743} INFO - Processing file /home/airflow/.local/lib/python3.7/site-packages/airflow/example_dags/example_task_group_decorator.py for tasks to queue
[2023-06-15T18:02:03.107+0000] {logging_mixin.py:137} INFO - [2023-06-15T18:02:03.107+0000] {dagbag.py:538} INFO - Filling up the DagBag from /home/airflow/.local/lib/python3.7/site-packages/airflow/example_dags/example_task_group_decorator.py
[2023-06-15T18:02:03.186+0000] {processor.py:753} INFO - DAG(s) dict_keys(['example_task_group_decorator']) retrieved from /home/airflow/.local/lib/python3.7/site-packages/airflow/example_dags/example_task_group_decorator.py
[2023-06-15T18:02:03.232+0000] {logging_mixin.py:137} INFO - [2023-06-15T18:02:03.232+0000] {dag.py:2690} INFO - Sync 1 DAGs
[2023-06-15T18:02:03.359+0000] {logging_mixin.py:137} INFO - [2023-06-15T18:02:03.359+0000] {dag.py:3441} INFO - Setting next_dagrun for example_task_group_decorator to 2023-06-14T18:02:03.359208+00:00, run_after=2023-06-15T18:02:03.359208+00:00
[2023-06-15T18:02:03.421+0000] {processor.py:175} INFO - Processing /home/airflow/.local/lib/python3.7/site-packages/airflow/example_dags/example_task_group_decorator.py took 0.326 seconds
[2023-06-15T18:02:34.060+0000] {processor.py:153} INFO - Started process (PID=130) to work on /home/airflow/.local/lib/python3.7/site-packages/airflow/example_dags/example_task_group_decorator.py
[2023-06-15T18:02:34.061+0000] {processor.py:743} INFO - Processing file /home/airflow/.local/lib/python3.7/site-packages/airflow/example_dags/example_task_group_decorator.py for tasks to queue
[2023-06-15T18:02:34.062+0000] {logging_mixin.py:137} INFO - [2023-06-15T18:02:34.062+0000] {dagbag.py:538} INFO - Filling up the DagBag from /home/airflow/.local/lib/python3.7/site-packages/airflow/example_dags/example_task_group_decorator.py
[2023-06-15T18:02:34.086+0000] {processor.py:753} INFO - DAG(s) dict_keys(['example_task_group_decorator']) retrieved from /home/airflow/.local/lib/python3.7/site-packages/airflow/example_dags/example_task_group_decorator.py
[2023-06-15T18:02:34.111+0000] {logging_mixin.py:137} INFO - [2023-06-15T18:02:34.111+0000] {dag.py:2690} INFO - Sync 1 DAGs
[2023-06-15T18:02:34.135+0000] {logging_mixin.py:137} INFO - [2023-06-15T18:02:34.135+0000] {dag.py:3441} INFO - Setting next_dagrun for example_task_group_decorator to 2023-06-14T18:02:34.135148+00:00, run_after=2023-06-15T18:02:34.135148+00:00
[2023-06-15T18:02:34.152+0000] {processor.py:175} INFO - Processing /home/airflow/.local/lib/python3.7/site-packages/airflow/example_dags/example_task_group_decorator.py took 0.096 seconds
[2023-06-15T18:03:04.967+0000] {processor.py:153} INFO - Started process (PID=206) to work on /home/airflow/.local/lib/python3.7/site-packages/airflow/example_dags/example_task_group_decorator.py
[2023-06-15T18:03:04.968+0000] {processor.py:743} INFO - Processing file /home/airflow/.local/lib/python3.7/site-packages/airflow/example_dags/example_task_group_decorator.py for tasks to queue
[2023-06-15T18:03:04.969+0000] {logging_mixin.py:137} INFO - [2023-06-15T18:03:04.969+0000] {dagbag.py:538} INFO - Filling up the DagBag from /home/airflow/.local/lib/python3.7/site-packages/airflow/example_dags/example_task_group_decorator.py
[2023-06-15T18:03:04.993+0000] {processor.py:753} INFO - DAG(s) dict_keys(['example_task_group_decorator']) retrieved from /home/airflow/.local/lib/python3.7/site-packages/airflow/example_dags/example_task_group_decorator.py
[2023-06-15T18:03:05.019+0000] {logging_mixin.py:137} INFO - [2023-06-15T18:03:05.018+0000] {dag.py:2690} INFO - Sync 1 DAGs
[2023-06-15T18:03:05.039+0000] {logging_mixin.py:137} INFO - [2023-06-15T18:03:05.039+0000] {dag.py:3441} INFO - Setting next_dagrun for example_task_group_decorator to 2023-06-14T18:03:05.039426+00:00, run_after=2023-06-15T18:03:05.039426+00:00
[2023-06-15T18:03:05.058+0000] {processor.py:175} INFO - Processing /home/airflow/.local/lib/python3.7/site-packages/airflow/example_dags/example_task_group_decorator.py took 0.094 seconds
[2023-06-15T18:03:35.918+0000] {processor.py:153} INFO - Started process (PID=271) to work on /home/airflow/.local/lib/python3.7/site-packages/airflow/example_dags/example_task_group_decorator.py
[2023-06-15T18:03:35.920+0000] {processor.py:743} INFO - Processing file /home/airflow/.local/lib/python3.7/site-packages/airflow/example_dags/example_task_group_decorator.py for tasks to queue
[2023-06-15T18:03:35.920+0000] {logging_mixin.py:137} INFO - [2023-06-15T18:03:35.920+0000] {dagbag.py:538} INFO - Filling up the DagBag from /home/airflow/.local/lib/python3.7/site-packages/airflow/example_dags/example_task_group_decorator.py
[2023-06-15T18:03:35.944+0000] {processor.py:753} INFO - DAG(s) dict_keys(['example_task_group_decorator']) retrieved from /home/airflow/.local/lib/python3.7/site-packages/airflow/example_dags/example_task_group_decorator.py
[2023-06-15T18:03:35.970+0000] {logging_mixin.py:137} INFO - [2023-06-15T18:03:35.969+0000] {dag.py:2690} INFO - Sync 1 DAGs
[2023-06-15T18:03:35.997+0000] {logging_mixin.py:137} INFO - [2023-06-15T18:03:35.997+0000] {dag.py:3441} INFO - Setting next_dagrun for example_task_group_decorator to 2023-06-14T18:03:35.996759+00:00, run_after=2023-06-15T18:03:35.996759+00:00
[2023-06-15T18:03:36.020+0000] {processor.py:175} INFO - Processing /home/airflow/.local/lib/python3.7/site-packages/airflow/example_dags/example_task_group_decorator.py took 0.104 seconds
[2023-06-15T18:04:06.682+0000] {processor.py:153} INFO - Started process (PID=348) to work on /home/airflow/.local/lib/python3.7/site-packages/airflow/example_dags/example_task_group_decorator.py
[2023-06-15T18:04:06.684+0000] {processor.py:743} INFO - Processing file /home/airflow/.local/lib/python3.7/site-packages/airflow/example_dags/example_task_group_decorator.py for tasks to queue
[2023-06-15T18:04:06.685+0000] {logging_mixin.py:137} INFO - [2023-06-15T18:04:06.685+0000] {dagbag.py:538} INFO - Filling up the DagBag from /home/airflow/.local/lib/python3.7/site-packages/airflow/example_dags/example_task_group_decorator.py
[2023-06-15T18:04:06.712+0000] {processor.py:753} INFO - DAG(s) dict_keys(['example_task_group_decorator']) retrieved from /home/airflow/.local/lib/python3.7/site-packages/airflow/example_dags/example_task_group_decorator.py
[2023-06-15T18:04:06.754+0000] {logging_mixin.py:137} INFO - [2023-06-15T18:04:06.753+0000] {dag.py:2690} INFO - Sync 1 DAGs
[2023-06-15T18:04:06.773+0000] {logging_mixin.py:137} INFO - [2023-06-15T18:04:06.773+0000] {dag.py:3441} INFO - Setting next_dagrun for example_task_group_decorator to 2023-06-14T18:04:06.773125+00:00, run_after=2023-06-15T18:04:06.773125+00:00
[2023-06-15T18:04:06.788+0000] {processor.py:175} INFO - Processing /home/airflow/.local/lib/python3.7/site-packages/airflow/example_dags/example_task_group_decorator.py took 0.108 seconds
[2023-06-15T18:04:37.184+0000] {processor.py:153} INFO - Started process (PID=422) to work on /home/airflow/.local/lib/python3.7/site-packages/airflow/example_dags/example_task_group_decorator.py
[2023-06-15T18:04:37.185+0000] {processor.py:743} INFO - Processing file /home/airflow/.local/lib/python3.7/site-packages/airflow/example_dags/example_task_group_decorator.py for tasks to queue
[2023-06-15T18:04:37.186+0000] {logging_mixin.py:137} INFO - [2023-06-15T18:04:37.186+0000] {dagbag.py:538} INFO - Filling up the DagBag from /home/airflow/.local/lib/python3.7/site-packages/airflow/example_dags/example_task_group_decorator.py
[2023-06-15T18:04:37.212+0000] {processor.py:753} INFO - DAG(s) dict_keys(['example_task_group_decorator']) retrieved from /home/airflow/.local/lib/python3.7/site-packages/airflow/example_dags/example_task_group_decorator.py
[2023-06-15T18:04:37.237+0000] {logging_mixin.py:137} INFO - [2023-06-15T18:04:37.237+0000] {dag.py:2690} INFO - Sync 1 DAGs
[2023-06-15T18:04:37.257+0000] {logging_mixin.py:137} INFO - [2023-06-15T18:04:37.257+0000] {dag.py:3441} INFO - Setting next_dagrun for example_task_group_decorator to 2023-06-14T18:04:37.257123+00:00, run_after=2023-06-15T18:04:37.257123+00:00
[2023-06-15T18:04:37.272+0000] {processor.py:175} INFO - Processing /home/airflow/.local/lib/python3.7/site-packages/airflow/example_dags/example_task_group_decorator.py took 0.092 seconds
[2023-06-15T18:05:08.002+0000] {processor.py:153} INFO - Started process (PID=489) to work on /home/airflow/.local/lib/python3.7/site-packages/airflow/example_dags/example_task_group_decorator.py
[2023-06-15T18:05:08.003+0000] {processor.py:743} INFO - Processing file /home/airflow/.local/lib/python3.7/site-packages/airflow/example_dags/example_task_group_decorator.py for tasks to queue
[2023-06-15T18:05:08.004+0000] {logging_mixin.py:137} INFO - [2023-06-15T18:05:08.004+0000] {dagbag.py:538} INFO - Filling up the DagBag from /home/airflow/.local/lib/python3.7/site-packages/airflow/example_dags/example_task_group_decorator.py
[2023-06-15T18:05:08.026+0000] {processor.py:753} INFO - DAG(s) dict_keys(['example_task_group_decorator']) retrieved from /home/airflow/.local/lib/python3.7/site-packages/airflow/example_dags/example_task_group_decorator.py
[2023-06-15T18:05:08.051+0000] {logging_mixin.py:137} INFO - [2023-06-15T18:05:08.051+0000] {dag.py:2690} INFO - Sync 1 DAGs
[2023-06-15T18:05:08.069+0000] {logging_mixin.py:137} INFO - [2023-06-15T18:05:08.069+0000] {dag.py:3441} INFO - Setting next_dagrun for example_task_group_decorator to 2023-06-14T18:05:08.068933+00:00, run_after=2023-06-15T18:05:08.068933+00:00
[2023-06-15T18:05:08.083+0000] {processor.py:175} INFO - Processing /home/airflow/.local/lib/python3.7/site-packages/airflow/example_dags/example_task_group_decorator.py took 0.085 seconds
[2023-06-15T18:05:38.765+0000] {processor.py:153} INFO - Started process (PID=564) to work on /home/airflow/.local/lib/python3.7/site-packages/airflow/example_dags/example_task_group_decorator.py
[2023-06-15T18:05:38.767+0000] {processor.py:743} INFO - Processing file /home/airflow/.local/lib/python3.7/site-packages/airflow/example_dags/example_task_group_decorator.py for tasks to queue
[2023-06-15T18:05:38.768+0000] {logging_mixin.py:137} INFO - [2023-06-15T18:05:38.768+0000] {dagbag.py:538} INFO - Filling up the DagBag from /home/airflow/.local/lib/python3.7/site-packages/airflow/example_dags/example_task_group_decorator.py
[2023-06-15T18:05:38.792+0000] {processor.py:753} INFO - DAG(s) dict_keys(['example_task_group_decorator']) retrieved from /home/airflow/.local/lib/python3.7/site-packages/airflow/example_dags/example_task_group_decorator.py
[2023-06-15T18:05:38.816+0000] {logging_mixin.py:137} INFO - [2023-06-15T18:05:38.816+0000] {dag.py:2690} INFO - Sync 1 DAGs
[2023-06-15T18:05:38.834+0000] {logging_mixin.py:137} INFO - [2023-06-15T18:05:38.834+0000] {dag.py:3441} INFO - Setting next_dagrun for example_task_group_decorator to 2023-06-14T18:05:38.834541+00:00, run_after=2023-06-15T18:05:38.834541+00:00
[2023-06-15T18:05:38.848+0000] {processor.py:175} INFO - Processing /home/airflow/.local/lib/python3.7/site-packages/airflow/example_dags/example_task_group_decorator.py took 0.086 seconds
[2023-06-15T18:06:09.796+0000] {processor.py:153} INFO - Started process (PID=629) to work on /home/airflow/.local/lib/python3.7/site-packages/airflow/example_dags/example_task_group_decorator.py
[2023-06-15T18:06:09.801+0000] {processor.py:743} INFO - Processing file /home/airflow/.local/lib/python3.7/site-packages/airflow/example_dags/example_task_group_decorator.py for tasks to queue
[2023-06-15T18:06:09.805+0000] {logging_mixin.py:137} INFO - [2023-06-15T18:06:09.804+0000] {dagbag.py:538} INFO - Filling up the DagBag from /home/airflow/.local/lib/python3.7/site-packages/airflow/example_dags/example_task_group_decorator.py
[2023-06-15T18:06:09.837+0000] {processor.py:753} INFO - DAG(s) dict_keys(['example_task_group_decorator']) retrieved from /home/airflow/.local/lib/python3.7/site-packages/airflow/example_dags/example_task_group_decorator.py
[2023-06-15T18:06:09.871+0000] {logging_mixin.py:137} INFO - [2023-06-15T18:06:09.871+0000] {dag.py:2690} INFO - Sync 1 DAGs
[2023-06-15T18:06:09.907+0000] {logging_mixin.py:137} INFO - [2023-06-15T18:06:09.907+0000] {dag.py:3441} INFO - Setting next_dagrun for example_task_group_decorator to 2023-06-14T18:06:09.907466+00:00, run_after=2023-06-15T18:06:09.907466+00:00
[2023-06-15T18:06:09.924+0000] {processor.py:175} INFO - Processing /home/airflow/.local/lib/python3.7/site-packages/airflow/example_dags/example_task_group_decorator.py took 0.133 seconds
[2023-06-15T18:06:40.597+0000] {processor.py:153} INFO - Started process (PID=704) to work on /home/airflow/.local/lib/python3.7/site-packages/airflow/example_dags/example_task_group_decorator.py
[2023-06-15T18:06:40.599+0000] {processor.py:743} INFO - Processing file /home/airflow/.local/lib/python3.7/site-packages/airflow/example_dags/example_task_group_decorator.py for tasks to queue
[2023-06-15T18:06:40.600+0000] {logging_mixin.py:137} INFO - [2023-06-15T18:06:40.600+0000] {dagbag.py:538} INFO - Filling up the DagBag from /home/airflow/.local/lib/python3.7/site-packages/airflow/example_dags/example_task_group_decorator.py
[2023-06-15T18:06:40.622+0000] {processor.py:753} INFO - DAG(s) dict_keys(['example_task_group_decorator']) retrieved from /home/airflow/.local/lib/python3.7/site-packages/airflow/example_dags/example_task_group_decorator.py
[2023-06-15T18:06:40.648+0000] {logging_mixin.py:137} INFO - [2023-06-15T18:06:40.648+0000] {dag.py:2690} INFO - Sync 1 DAGs
[2023-06-15T18:06:40.668+0000] {logging_mixin.py:137} INFO - [2023-06-15T18:06:40.668+0000] {dag.py:3441} INFO - Setting next_dagrun for example_task_group_decorator to 2023-06-14T18:06:40.667894+00:00, run_after=2023-06-15T18:06:40.667894+00:00
[2023-06-15T18:06:40.682+0000] {processor.py:175} INFO - Processing /home/airflow/.local/lib/python3.7/site-packages/airflow/example_dags/example_task_group_decorator.py took 0.088 seconds
[2023-06-15T18:07:11.199+0000] {processor.py:153} INFO - Started process (PID=781) to work on /home/airflow/.local/lib/python3.7/site-packages/airflow/example_dags/example_task_group_decorator.py
[2023-06-15T18:07:11.201+0000] {processor.py:743} INFO - Processing file /home/airflow/.local/lib/python3.7/site-packages/airflow/example_dags/example_task_group_decorator.py for tasks to queue
[2023-06-15T18:07:11.202+0000] {logging_mixin.py:137} INFO - [2023-06-15T18:07:11.202+0000] {dagbag.py:538} INFO - Filling up the DagBag from /home/airflow/.local/lib/python3.7/site-packages/airflow/example_dags/example_task_group_decorator.py
[2023-06-15T18:07:11.225+0000] {processor.py:753} INFO - DAG(s) dict_keys(['example_task_group_decorator']) retrieved from /home/airflow/.local/lib/python3.7/site-packages/airflow/example_dags/example_task_group_decorator.py
[2023-06-15T18:07:11.251+0000] {logging_mixin.py:137} INFO - [2023-06-15T18:07:11.251+0000] {dag.py:2690} INFO - Sync 1 DAGs
[2023-06-15T18:07:11.272+0000] {logging_mixin.py:137} INFO - [2023-06-15T18:07:11.271+0000] {dag.py:3441} INFO - Setting next_dagrun for example_task_group_decorator to 2023-06-14T18:07:11.271530+00:00, run_after=2023-06-15T18:07:11.271530+00:00
[2023-06-15T18:07:11.287+0000] {processor.py:175} INFO - Processing /home/airflow/.local/lib/python3.7/site-packages/airflow/example_dags/example_task_group_decorator.py took 0.092 seconds
[2023-06-15T18:07:42.152+0000] {processor.py:153} INFO - Started process (PID=846) to work on /home/airflow/.local/lib/python3.7/site-packages/airflow/example_dags/example_task_group_decorator.py
[2023-06-15T18:07:42.154+0000] {processor.py:743} INFO - Processing file /home/airflow/.local/lib/python3.7/site-packages/airflow/example_dags/example_task_group_decorator.py for tasks to queue
[2023-06-15T18:07:42.155+0000] {logging_mixin.py:137} INFO - [2023-06-15T18:07:42.155+0000] {dagbag.py:538} INFO - Filling up the DagBag from /home/airflow/.local/lib/python3.7/site-packages/airflow/example_dags/example_task_group_decorator.py
[2023-06-15T18:07:42.182+0000] {processor.py:753} INFO - DAG(s) dict_keys(['example_task_group_decorator']) retrieved from /home/airflow/.local/lib/python3.7/site-packages/airflow/example_dags/example_task_group_decorator.py
[2023-06-15T18:07:42.219+0000] {logging_mixin.py:137} INFO - [2023-06-15T18:07:42.219+0000] {dag.py:2690} INFO - Sync 1 DAGs
[2023-06-15T18:07:42.244+0000] {logging_mixin.py:137} INFO - [2023-06-15T18:07:42.243+0000] {dag.py:3441} INFO - Setting next_dagrun for example_task_group_decorator to 2023-06-14T18:07:42.243677+00:00, run_after=2023-06-15T18:07:42.243677+00:00
[2023-06-15T18:07:42.261+0000] {processor.py:175} INFO - Processing /home/airflow/.local/lib/python3.7/site-packages/airflow/example_dags/example_task_group_decorator.py took 0.112 seconds
[2023-06-15T18:08:12.429+0000] {processor.py:153} INFO - Started process (PID=922) to work on /home/airflow/.local/lib/python3.7/site-packages/airflow/example_dags/example_task_group_decorator.py
[2023-06-15T18:08:12.431+0000] {processor.py:743} INFO - Processing file /home/airflow/.local/lib/python3.7/site-packages/airflow/example_dags/example_task_group_decorator.py for tasks to queue
[2023-06-15T18:08:12.433+0000] {logging_mixin.py:137} INFO - [2023-06-15T18:08:12.433+0000] {dagbag.py:538} INFO - Filling up the DagBag from /home/airflow/.local/lib/python3.7/site-packages/airflow/example_dags/example_task_group_decorator.py
[2023-06-15T18:08:12.456+0000] {processor.py:753} INFO - DAG(s) dict_keys(['example_task_group_decorator']) retrieved from /home/airflow/.local/lib/python3.7/site-packages/airflow/example_dags/example_task_group_decorator.py
[2023-06-15T18:08:12.481+0000] {logging_mixin.py:137} INFO - [2023-06-15T18:08:12.481+0000] {dag.py:2690} INFO - Sync 1 DAGs
[2023-06-15T18:08:12.501+0000] {logging_mixin.py:137} INFO - [2023-06-15T18:08:12.501+0000] {dag.py:3441} INFO - Setting next_dagrun for example_task_group_decorator to 2023-06-14T18:08:12.500919+00:00, run_after=2023-06-15T18:08:12.500919+00:00
[2023-06-15T18:08:12.515+0000] {processor.py:175} INFO - Processing /home/airflow/.local/lib/python3.7/site-packages/airflow/example_dags/example_task_group_decorator.py took 0.089 seconds
[2023-06-15T18:08:43.206+0000] {processor.py:153} INFO - Started process (PID=998) to work on /home/airflow/.local/lib/python3.7/site-packages/airflow/example_dags/example_task_group_decorator.py
[2023-06-15T18:08:43.207+0000] {processor.py:743} INFO - Processing file /home/airflow/.local/lib/python3.7/site-packages/airflow/example_dags/example_task_group_decorator.py for tasks to queue
[2023-06-15T18:08:43.209+0000] {logging_mixin.py:137} INFO - [2023-06-15T18:08:43.208+0000] {dagbag.py:538} INFO - Filling up the DagBag from /home/airflow/.local/lib/python3.7/site-packages/airflow/example_dags/example_task_group_decorator.py
[2023-06-15T18:08:43.231+0000] {processor.py:753} INFO - DAG(s) dict_keys(['example_task_group_decorator']) retrieved from /home/airflow/.local/lib/python3.7/site-packages/airflow/example_dags/example_task_group_decorator.py
[2023-06-15T18:08:43.259+0000] {logging_mixin.py:137} INFO - [2023-06-15T18:08:43.259+0000] {dag.py:2690} INFO - Sync 1 DAGs
[2023-06-15T18:08:43.280+0000] {logging_mixin.py:137} INFO - [2023-06-15T18:08:43.280+0000] {dag.py:3441} INFO - Setting next_dagrun for example_task_group_decorator to 2023-06-14T18:08:43.280311+00:00, run_after=2023-06-15T18:08:43.280311+00:00
[2023-06-15T18:08:43.296+0000] {processor.py:175} INFO - Processing /home/airflow/.local/lib/python3.7/site-packages/airflow/example_dags/example_task_group_decorator.py took 0.093 seconds
[2023-06-15T18:09:13.798+0000] {processor.py:153} INFO - Started process (PID=1062) to work on /home/airflow/.local/lib/python3.7/site-packages/airflow/example_dags/example_task_group_decorator.py
[2023-06-15T18:09:13.799+0000] {processor.py:743} INFO - Processing file /home/airflow/.local/lib/python3.7/site-packages/airflow/example_dags/example_task_group_decorator.py for tasks to queue
[2023-06-15T18:09:13.800+0000] {logging_mixin.py:137} INFO - [2023-06-15T18:09:13.800+0000] {dagbag.py:538} INFO - Filling up the DagBag from /home/airflow/.local/lib/python3.7/site-packages/airflow/example_dags/example_task_group_decorator.py
[2023-06-15T18:09:13.822+0000] {processor.py:753} INFO - DAG(s) dict_keys(['example_task_group_decorator']) retrieved from /home/airflow/.local/lib/python3.7/site-packages/airflow/example_dags/example_task_group_decorator.py
[2023-06-15T18:09:13.848+0000] {logging_mixin.py:137} INFO - [2023-06-15T18:09:13.848+0000] {dag.py:2690} INFO - Sync 1 DAGs
[2023-06-15T18:09:13.867+0000] {logging_mixin.py:137} INFO - [2023-06-15T18:09:13.867+0000] {dag.py:3441} INFO - Setting next_dagrun for example_task_group_decorator to 2023-06-14T18:09:13.866942+00:00, run_after=2023-06-15T18:09:13.866942+00:00
[2023-06-15T18:09:13.881+0000] {processor.py:175} INFO - Processing /home/airflow/.local/lib/python3.7/site-packages/airflow/example_dags/example_task_group_decorator.py took 0.087 seconds
[2023-06-15T18:09:44.461+0000] {processor.py:153} INFO - Started process (PID=1138) to work on /home/airflow/.local/lib/python3.7/site-packages/airflow/example_dags/example_task_group_decorator.py
[2023-06-15T18:09:44.462+0000] {processor.py:743} INFO - Processing file /home/airflow/.local/lib/python3.7/site-packages/airflow/example_dags/example_task_group_decorator.py for tasks to queue
[2023-06-15T18:09:44.463+0000] {logging_mixin.py:137} INFO - [2023-06-15T18:09:44.463+0000] {dagbag.py:538} INFO - Filling up the DagBag from /home/airflow/.local/lib/python3.7/site-packages/airflow/example_dags/example_task_group_decorator.py
[2023-06-15T18:09:44.487+0000] {processor.py:753} INFO - DAG(s) dict_keys(['example_task_group_decorator']) retrieved from /home/airflow/.local/lib/python3.7/site-packages/airflow/example_dags/example_task_group_decorator.py
[2023-06-15T18:09:44.514+0000] {logging_mixin.py:137} INFO - [2023-06-15T18:09:44.513+0000] {dag.py:2690} INFO - Sync 1 DAGs
[2023-06-15T18:09:44.533+0000] {logging_mixin.py:137} INFO - [2023-06-15T18:09:44.533+0000] {dag.py:3441} INFO - Setting next_dagrun for example_task_group_decorator to 2023-06-14T18:09:44.533343+00:00, run_after=2023-06-15T18:09:44.533343+00:00
[2023-06-15T18:09:44.547+0000] {processor.py:175} INFO - Processing /home/airflow/.local/lib/python3.7/site-packages/airflow/example_dags/example_task_group_decorator.py took 0.090 seconds
[2023-06-15T18:10:15.133+0000] {processor.py:153} INFO - Started process (PID=1211) to work on /home/airflow/.local/lib/python3.7/site-packages/airflow/example_dags/example_task_group_decorator.py
[2023-06-15T18:10:15.135+0000] {processor.py:743} INFO - Processing file /home/airflow/.local/lib/python3.7/site-packages/airflow/example_dags/example_task_group_decorator.py for tasks to queue
[2023-06-15T18:10:15.136+0000] {logging_mixin.py:137} INFO - [2023-06-15T18:10:15.135+0000] {dagbag.py:538} INFO - Filling up the DagBag from /home/airflow/.local/lib/python3.7/site-packages/airflow/example_dags/example_task_group_decorator.py
[2023-06-15T18:10:15.161+0000] {processor.py:753} INFO - DAG(s) dict_keys(['example_task_group_decorator']) retrieved from /home/airflow/.local/lib/python3.7/site-packages/airflow/example_dags/example_task_group_decorator.py
[2023-06-15T18:10:15.194+0000] {logging_mixin.py:137} INFO - [2023-06-15T18:10:15.194+0000] {dag.py:2690} INFO - Sync 1 DAGs
[2023-06-15T18:10:15.216+0000] {logging_mixin.py:137} INFO - [2023-06-15T18:10:15.216+0000] {dag.py:3441} INFO - Setting next_dagrun for example_task_group_decorator to 2023-06-14T18:10:15.216361+00:00, run_after=2023-06-15T18:10:15.216361+00:00
[2023-06-15T18:10:15.239+0000] {processor.py:175} INFO - Processing /home/airflow/.local/lib/python3.7/site-packages/airflow/example_dags/example_task_group_decorator.py took 0.110 seconds
[2023-06-15T18:10:45.994+0000] {processor.py:153} INFO - Started process (PID=1278) to work on /home/airflow/.local/lib/python3.7/site-packages/airflow/example_dags/example_task_group_decorator.py
[2023-06-15T18:10:45.996+0000] {processor.py:743} INFO - Processing file /home/airflow/.local/lib/python3.7/site-packages/airflow/example_dags/example_task_group_decorator.py for tasks to queue
[2023-06-15T18:10:45.996+0000] {logging_mixin.py:137} INFO - [2023-06-15T18:10:45.996+0000] {dagbag.py:538} INFO - Filling up the DagBag from /home/airflow/.local/lib/python3.7/site-packages/airflow/example_dags/example_task_group_decorator.py
[2023-06-15T18:10:46.019+0000] {processor.py:753} INFO - DAG(s) dict_keys(['example_task_group_decorator']) retrieved from /home/airflow/.local/lib/python3.7/site-packages/airflow/example_dags/example_task_group_decorator.py
[2023-06-15T18:10:46.044+0000] {logging_mixin.py:137} INFO - [2023-06-15T18:10:46.044+0000] {dag.py:2690} INFO - Sync 1 DAGs
[2023-06-15T18:10:46.062+0000] {logging_mixin.py:137} INFO - [2023-06-15T18:10:46.062+0000] {dag.py:3441} INFO - Setting next_dagrun for example_task_group_decorator to 2023-06-14T18:10:46.062511+00:00, run_after=2023-06-15T18:10:46.062511+00:00
[2023-06-15T18:10:46.076+0000] {processor.py:175} INFO - Processing /home/airflow/.local/lib/python3.7/site-packages/airflow/example_dags/example_task_group_decorator.py took 0.086 seconds
[2023-06-15T18:11:16.595+0000] {processor.py:153} INFO - Started process (PID=1354) to work on /home/airflow/.local/lib/python3.7/site-packages/airflow/example_dags/example_task_group_decorator.py
[2023-06-15T18:11:16.596+0000] {processor.py:743} INFO - Processing file /home/airflow/.local/lib/python3.7/site-packages/airflow/example_dags/example_task_group_decorator.py for tasks to queue
[2023-06-15T18:11:16.597+0000] {logging_mixin.py:137} INFO - [2023-06-15T18:11:16.597+0000] {dagbag.py:538} INFO - Filling up the DagBag from /home/airflow/.local/lib/python3.7/site-packages/airflow/example_dags/example_task_group_decorator.py
[2023-06-15T18:11:16.620+0000] {processor.py:753} INFO - DAG(s) dict_keys(['example_task_group_decorator']) retrieved from /home/airflow/.local/lib/python3.7/site-packages/airflow/example_dags/example_task_group_decorator.py
[2023-06-15T18:11:16.645+0000] {logging_mixin.py:137} INFO - [2023-06-15T18:11:16.645+0000] {dag.py:2690} INFO - Sync 1 DAGs
[2023-06-15T18:11:16.664+0000] {logging_mixin.py:137} INFO - [2023-06-15T18:11:16.664+0000] {dag.py:3441} INFO - Setting next_dagrun for example_task_group_decorator to 2023-06-14T18:11:16.663831+00:00, run_after=2023-06-15T18:11:16.663831+00:00
[2023-06-15T18:11:16.678+0000] {processor.py:175} INFO - Processing /home/airflow/.local/lib/python3.7/site-packages/airflow/example_dags/example_task_group_decorator.py took 0.087 seconds
[2023-06-15T18:11:47.161+0000] {processor.py:153} INFO - Started process (PID=1419) to work on /home/airflow/.local/lib/python3.7/site-packages/airflow/example_dags/example_task_group_decorator.py
[2023-06-15T18:11:47.162+0000] {processor.py:743} INFO - Processing file /home/airflow/.local/lib/python3.7/site-packages/airflow/example_dags/example_task_group_decorator.py for tasks to queue
[2023-06-15T18:11:47.163+0000] {logging_mixin.py:137} INFO - [2023-06-15T18:11:47.163+0000] {dagbag.py:538} INFO - Filling up the DagBag from /home/airflow/.local/lib/python3.7/site-packages/airflow/example_dags/example_task_group_decorator.py
[2023-06-15T18:11:47.184+0000] {processor.py:753} INFO - DAG(s) dict_keys(['example_task_group_decorator']) retrieved from /home/airflow/.local/lib/python3.7/site-packages/airflow/example_dags/example_task_group_decorator.py
[2023-06-15T18:11:47.207+0000] {logging_mixin.py:137} INFO - [2023-06-15T18:11:47.207+0000] {dag.py:2690} INFO - Sync 1 DAGs
[2023-06-15T18:11:47.226+0000] {logging_mixin.py:137} INFO - [2023-06-15T18:11:47.226+0000] {dag.py:3441} INFO - Setting next_dagrun for example_task_group_decorator to 2023-06-14T18:11:47.226283+00:00, run_after=2023-06-15T18:11:47.226283+00:00
[2023-06-15T18:11:47.242+0000] {processor.py:175} INFO - Processing /home/airflow/.local/lib/python3.7/site-packages/airflow/example_dags/example_task_group_decorator.py took 0.085 seconds
[2023-06-15T18:12:17.775+0000] {processor.py:153} INFO - Started process (PID=1496) to work on /home/airflow/.local/lib/python3.7/site-packages/airflow/example_dags/example_task_group_decorator.py
[2023-06-15T18:12:17.776+0000] {processor.py:743} INFO - Processing file /home/airflow/.local/lib/python3.7/site-packages/airflow/example_dags/example_task_group_decorator.py for tasks to queue
[2023-06-15T18:12:17.777+0000] {logging_mixin.py:137} INFO - [2023-06-15T18:12:17.777+0000] {dagbag.py:538} INFO - Filling up the DagBag from /home/airflow/.local/lib/python3.7/site-packages/airflow/example_dags/example_task_group_decorator.py
[2023-06-15T18:12:17.800+0000] {processor.py:753} INFO - DAG(s) dict_keys(['example_task_group_decorator']) retrieved from /home/airflow/.local/lib/python3.7/site-packages/airflow/example_dags/example_task_group_decorator.py
[2023-06-15T18:12:17.827+0000] {logging_mixin.py:137} INFO - [2023-06-15T18:12:17.827+0000] {dag.py:2690} INFO - Sync 1 DAGs
[2023-06-15T18:12:17.847+0000] {logging_mixin.py:137} INFO - [2023-06-15T18:12:17.847+0000] {dag.py:3441} INFO - Setting next_dagrun for example_task_group_decorator to 2023-06-14T18:12:17.846778+00:00, run_after=2023-06-15T18:12:17.846778+00:00
[2023-06-15T18:12:17.860+0000] {processor.py:175} INFO - Processing /home/airflow/.local/lib/python3.7/site-packages/airflow/example_dags/example_task_group_decorator.py took 0.089 seconds
[2023-06-15T18:12:48.467+0000] {processor.py:153} INFO - Started process (PID=1574) to work on /home/airflow/.local/lib/python3.7/site-packages/airflow/example_dags/example_task_group_decorator.py
[2023-06-15T18:12:48.469+0000] {processor.py:743} INFO - Processing file /home/airflow/.local/lib/python3.7/site-packages/airflow/example_dags/example_task_group_decorator.py for tasks to queue
[2023-06-15T18:12:48.470+0000] {logging_mixin.py:137} INFO - [2023-06-15T18:12:48.470+0000] {dagbag.py:538} INFO - Filling up the DagBag from /home/airflow/.local/lib/python3.7/site-packages/airflow/example_dags/example_task_group_decorator.py
[2023-06-15T18:12:48.491+0000] {processor.py:753} INFO - DAG(s) dict_keys(['example_task_group_decorator']) retrieved from /home/airflow/.local/lib/python3.7/site-packages/airflow/example_dags/example_task_group_decorator.py
[2023-06-15T18:12:48.516+0000] {logging_mixin.py:137} INFO - [2023-06-15T18:12:48.516+0000] {dag.py:2690} INFO - Sync 1 DAGs
[2023-06-15T18:12:48.534+0000] {logging_mixin.py:137} INFO - [2023-06-15T18:12:48.534+0000] {dag.py:3441} INFO - Setting next_dagrun for example_task_group_decorator to 2023-06-14T18:12:48.534666+00:00, run_after=2023-06-15T18:12:48.534666+00:00
[2023-06-15T18:12:48.549+0000] {processor.py:175} INFO - Processing /home/airflow/.local/lib/python3.7/site-packages/airflow/example_dags/example_task_group_decorator.py took 0.085 seconds
[2023-06-15T18:13:19.161+0000] {processor.py:153} INFO - Started process (PID=1640) to work on /home/airflow/.local/lib/python3.7/site-packages/airflow/example_dags/example_task_group_decorator.py
[2023-06-15T18:13:19.162+0000] {processor.py:743} INFO - Processing file /home/airflow/.local/lib/python3.7/site-packages/airflow/example_dags/example_task_group_decorator.py for tasks to queue
[2023-06-15T18:13:19.163+0000] {logging_mixin.py:137} INFO - [2023-06-15T18:13:19.163+0000] {dagbag.py:538} INFO - Filling up the DagBag from /home/airflow/.local/lib/python3.7/site-packages/airflow/example_dags/example_task_group_decorator.py
[2023-06-15T18:13:19.185+0000] {processor.py:753} INFO - DAG(s) dict_keys(['example_task_group_decorator']) retrieved from /home/airflow/.local/lib/python3.7/site-packages/airflow/example_dags/example_task_group_decorator.py
[2023-06-15T18:13:19.211+0000] {logging_mixin.py:137} INFO - [2023-06-15T18:13:19.211+0000] {dag.py:2690} INFO - Sync 1 DAGs
[2023-06-15T18:13:19.230+0000] {logging_mixin.py:137} INFO - [2023-06-15T18:13:19.230+0000] {dag.py:3441} INFO - Setting next_dagrun for example_task_group_decorator to 2023-06-14T18:13:19.230635+00:00, run_after=2023-06-15T18:13:19.230635+00:00
[2023-06-15T18:13:19.244+0000] {processor.py:175} INFO - Processing /home/airflow/.local/lib/python3.7/site-packages/airflow/example_dags/example_task_group_decorator.py took 0.087 seconds
[2023-06-15T18:13:50.035+0000] {processor.py:153} INFO - Started process (PID=1718) to work on /home/airflow/.local/lib/python3.7/site-packages/airflow/example_dags/example_task_group_decorator.py
[2023-06-15T18:13:50.037+0000] {processor.py:743} INFO - Processing file /home/airflow/.local/lib/python3.7/site-packages/airflow/example_dags/example_task_group_decorator.py for tasks to queue
[2023-06-15T18:13:50.038+0000] {logging_mixin.py:137} INFO - [2023-06-15T18:13:50.038+0000] {dagbag.py:538} INFO - Filling up the DagBag from /home/airflow/.local/lib/python3.7/site-packages/airflow/example_dags/example_task_group_decorator.py
[2023-06-15T18:13:50.062+0000] {processor.py:753} INFO - DAG(s) dict_keys(['example_task_group_decorator']) retrieved from /home/airflow/.local/lib/python3.7/site-packages/airflow/example_dags/example_task_group_decorator.py
[2023-06-15T18:13:50.092+0000] {logging_mixin.py:137} INFO - [2023-06-15T18:13:50.092+0000] {dag.py:2690} INFO - Sync 1 DAGs
[2023-06-15T18:13:50.114+0000] {logging_mixin.py:137} INFO - [2023-06-15T18:13:50.114+0000] {dag.py:3441} INFO - Setting next_dagrun for example_task_group_decorator to 2023-06-14T18:13:50.113741+00:00, run_after=2023-06-15T18:13:50.113741+00:00
[2023-06-15T18:13:50.130+0000] {processor.py:175} INFO - Processing /home/airflow/.local/lib/python3.7/site-packages/airflow/example_dags/example_task_group_decorator.py took 0.099 seconds
[2023-06-15T18:14:20.294+0000] {processor.py:153} INFO - Started process (PID=1795) to work on /home/airflow/.local/lib/python3.7/site-packages/airflow/example_dags/example_task_group_decorator.py
[2023-06-15T18:14:20.295+0000] {processor.py:743} INFO - Processing file /home/airflow/.local/lib/python3.7/site-packages/airflow/example_dags/example_task_group_decorator.py for tasks to queue
[2023-06-15T18:14:20.296+0000] {logging_mixin.py:137} INFO - [2023-06-15T18:14:20.296+0000] {dagbag.py:538} INFO - Filling up the DagBag from /home/airflow/.local/lib/python3.7/site-packages/airflow/example_dags/example_task_group_decorator.py
[2023-06-15T18:14:20.319+0000] {processor.py:753} INFO - DAG(s) dict_keys(['example_task_group_decorator']) retrieved from /home/airflow/.local/lib/python3.7/site-packages/airflow/example_dags/example_task_group_decorator.py
[2023-06-15T18:14:20.344+0000] {logging_mixin.py:137} INFO - [2023-06-15T18:14:20.344+0000] {dag.py:2690} INFO - Sync 1 DAGs
[2023-06-15T18:14:20.366+0000] {logging_mixin.py:137} INFO - [2023-06-15T18:14:20.366+0000] {dag.py:3441} INFO - Setting next_dagrun for example_task_group_decorator to 2023-06-14T18:14:20.366272+00:00, run_after=2023-06-15T18:14:20.366272+00:00
[2023-06-15T18:14:20.380+0000] {processor.py:175} INFO - Processing /home/airflow/.local/lib/python3.7/site-packages/airflow/example_dags/example_task_group_decorator.py took 0.090 seconds
[2023-06-15T18:14:51.231+0000] {processor.py:153} INFO - Started process (PID=1860) to work on /home/airflow/.local/lib/python3.7/site-packages/airflow/example_dags/example_task_group_decorator.py
[2023-06-15T18:14:51.232+0000] {processor.py:743} INFO - Processing file /home/airflow/.local/lib/python3.7/site-packages/airflow/example_dags/example_task_group_decorator.py for tasks to queue
[2023-06-15T18:14:51.233+0000] {logging_mixin.py:137} INFO - [2023-06-15T18:14:51.233+0000] {dagbag.py:538} INFO - Filling up the DagBag from /home/airflow/.local/lib/python3.7/site-packages/airflow/example_dags/example_task_group_decorator.py
[2023-06-15T18:14:51.266+0000] {processor.py:753} INFO - DAG(s) dict_keys(['example_task_group_decorator']) retrieved from /home/airflow/.local/lib/python3.7/site-packages/airflow/example_dags/example_task_group_decorator.py
[2023-06-15T18:14:51.296+0000] {logging_mixin.py:137} INFO - [2023-06-15T18:14:51.296+0000] {dag.py:2690} INFO - Sync 1 DAGs
[2023-06-15T18:14:51.320+0000] {logging_mixin.py:137} INFO - [2023-06-15T18:14:51.320+0000] {dag.py:3441} INFO - Setting next_dagrun for example_task_group_decorator to 2023-06-14T18:14:51.320557+00:00, run_after=2023-06-15T18:14:51.320557+00:00
[2023-06-15T18:14:51.340+0000] {processor.py:175} INFO - Processing /home/airflow/.local/lib/python3.7/site-packages/airflow/example_dags/example_task_group_decorator.py took 0.113 seconds
[2023-06-15T18:15:21.767+0000] {processor.py:153} INFO - Started process (PID=1938) to work on /home/airflow/.local/lib/python3.7/site-packages/airflow/example_dags/example_task_group_decorator.py
[2023-06-15T18:15:21.768+0000] {processor.py:743} INFO - Processing file /home/airflow/.local/lib/python3.7/site-packages/airflow/example_dags/example_task_group_decorator.py for tasks to queue
[2023-06-15T18:15:21.769+0000] {logging_mixin.py:137} INFO - [2023-06-15T18:15:21.769+0000] {dagbag.py:538} INFO - Filling up the DagBag from /home/airflow/.local/lib/python3.7/site-packages/airflow/example_dags/example_task_group_decorator.py
[2023-06-15T18:15:21.792+0000] {processor.py:753} INFO - DAG(s) dict_keys(['example_task_group_decorator']) retrieved from /home/airflow/.local/lib/python3.7/site-packages/airflow/example_dags/example_task_group_decorator.py
[2023-06-15T18:15:21.817+0000] {logging_mixin.py:137} INFO - [2023-06-15T18:15:21.817+0000] {dag.py:2690} INFO - Sync 1 DAGs
[2023-06-15T18:15:21.836+0000] {logging_mixin.py:137} INFO - [2023-06-15T18:15:21.836+0000] {dag.py:3441} INFO - Setting next_dagrun for example_task_group_decorator to 2023-06-14T18:15:21.835915+00:00, run_after=2023-06-15T18:15:21.835915+00:00
[2023-06-15T18:15:21.850+0000] {processor.py:175} INFO - Processing /home/airflow/.local/lib/python3.7/site-packages/airflow/example_dags/example_task_group_decorator.py took 0.087 seconds
[2023-06-15T18:15:51.906+0000] {processor.py:153} INFO - Started process (PID=2004) to work on /home/airflow/.local/lib/python3.7/site-packages/airflow/example_dags/example_task_group_decorator.py
[2023-06-15T18:15:51.908+0000] {processor.py:743} INFO - Processing file /home/airflow/.local/lib/python3.7/site-packages/airflow/example_dags/example_task_group_decorator.py for tasks to queue
[2023-06-15T18:15:51.908+0000] {logging_mixin.py:137} INFO - [2023-06-15T18:15:51.908+0000] {dagbag.py:538} INFO - Filling up the DagBag from /home/airflow/.local/lib/python3.7/site-packages/airflow/example_dags/example_task_group_decorator.py
[2023-06-15T18:15:51.931+0000] {processor.py:753} INFO - DAG(s) dict_keys(['example_task_group_decorator']) retrieved from /home/airflow/.local/lib/python3.7/site-packages/airflow/example_dags/example_task_group_decorator.py
[2023-06-15T18:15:51.955+0000] {logging_mixin.py:137} INFO - [2023-06-15T18:15:51.955+0000] {dag.py:2690} INFO - Sync 1 DAGs
[2023-06-15T18:15:51.975+0000] {logging_mixin.py:137} INFO - [2023-06-15T18:15:51.975+0000] {dag.py:3441} INFO - Setting next_dagrun for example_task_group_decorator to 2023-06-14T18:15:51.975387+00:00, run_after=2023-06-15T18:15:51.975387+00:00
[2023-06-15T18:15:51.989+0000] {processor.py:175} INFO - Processing /home/airflow/.local/lib/python3.7/site-packages/airflow/example_dags/example_task_group_decorator.py took 0.087 seconds
[2023-06-15T18:16:22.630+0000] {processor.py:153} INFO - Started process (PID=2081) to work on /home/airflow/.local/lib/python3.7/site-packages/airflow/example_dags/example_task_group_decorator.py
[2023-06-15T18:16:22.631+0000] {processor.py:743} INFO - Processing file /home/airflow/.local/lib/python3.7/site-packages/airflow/example_dags/example_task_group_decorator.py for tasks to queue
[2023-06-15T18:16:22.632+0000] {logging_mixin.py:137} INFO - [2023-06-15T18:16:22.632+0000] {dagbag.py:538} INFO - Filling up the DagBag from /home/airflow/.local/lib/python3.7/site-packages/airflow/example_dags/example_task_group_decorator.py
[2023-06-15T18:16:22.654+0000] {processor.py:753} INFO - DAG(s) dict_keys(['example_task_group_decorator']) retrieved from /home/airflow/.local/lib/python3.7/site-packages/airflow/example_dags/example_task_group_decorator.py
[2023-06-15T18:16:22.679+0000] {logging_mixin.py:137} INFO - [2023-06-15T18:16:22.679+0000] {dag.py:2690} INFO - Sync 1 DAGs
[2023-06-15T18:16:22.698+0000] {logging_mixin.py:137} INFO - [2023-06-15T18:16:22.698+0000] {dag.py:3441} INFO - Setting next_dagrun for example_task_group_decorator to 2023-06-14T18:16:22.698262+00:00, run_after=2023-06-15T18:16:22.698262+00:00
[2023-06-15T18:16:22.713+0000] {processor.py:175} INFO - Processing /home/airflow/.local/lib/python3.7/site-packages/airflow/example_dags/example_task_group_decorator.py took 0.087 seconds
[2023-06-15T18:16:53.199+0000] {processor.py:153} INFO - Started process (PID=2158) to work on /home/airflow/.local/lib/python3.7/site-packages/airflow/example_dags/example_task_group_decorator.py
[2023-06-15T18:16:53.200+0000] {processor.py:743} INFO - Processing file /home/airflow/.local/lib/python3.7/site-packages/airflow/example_dags/example_task_group_decorator.py for tasks to queue
[2023-06-15T18:16:53.201+0000] {logging_mixin.py:137} INFO - [2023-06-15T18:16:53.201+0000] {dagbag.py:538} INFO - Filling up the DagBag from /home/airflow/.local/lib/python3.7/site-packages/airflow/example_dags/example_task_group_decorator.py
[2023-06-15T18:16:53.224+0000] {processor.py:753} INFO - DAG(s) dict_keys(['example_task_group_decorator']) retrieved from /home/airflow/.local/lib/python3.7/site-packages/airflow/example_dags/example_task_group_decorator.py
[2023-06-15T18:16:53.249+0000] {logging_mixin.py:137} INFO - [2023-06-15T18:16:53.249+0000] {dag.py:2690} INFO - Sync 1 DAGs
[2023-06-15T18:16:53.268+0000] {logging_mixin.py:137} INFO - [2023-06-15T18:16:53.268+0000] {dag.py:3441} INFO - Setting next_dagrun for example_task_group_decorator to 2023-06-14T18:16:53.268320+00:00, run_after=2023-06-15T18:16:53.268320+00:00
[2023-06-15T18:16:53.282+0000] {processor.py:175} INFO - Processing /home/airflow/.local/lib/python3.7/site-packages/airflow/example_dags/example_task_group_decorator.py took 0.086 seconds
[2023-06-15T18:17:23.544+0000] {processor.py:153} INFO - Started process (PID=2223) to work on /home/airflow/.local/lib/python3.7/site-packages/airflow/example_dags/example_task_group_decorator.py
[2023-06-15T18:17:23.546+0000] {processor.py:743} INFO - Processing file /home/airflow/.local/lib/python3.7/site-packages/airflow/example_dags/example_task_group_decorator.py for tasks to queue
[2023-06-15T18:17:23.547+0000] {logging_mixin.py:137} INFO - [2023-06-15T18:17:23.547+0000] {dagbag.py:538} INFO - Filling up the DagBag from /home/airflow/.local/lib/python3.7/site-packages/airflow/example_dags/example_task_group_decorator.py
[2023-06-15T18:17:23.569+0000] {processor.py:753} INFO - DAG(s) dict_keys(['example_task_group_decorator']) retrieved from /home/airflow/.local/lib/python3.7/site-packages/airflow/example_dags/example_task_group_decorator.py
[2023-06-15T18:17:23.594+0000] {logging_mixin.py:137} INFO - [2023-06-15T18:17:23.594+0000] {dag.py:2690} INFO - Sync 1 DAGs
[2023-06-15T18:17:23.615+0000] {logging_mixin.py:137} INFO - [2023-06-15T18:17:23.614+0000] {dag.py:3441} INFO - Setting next_dagrun for example_task_group_decorator to 2023-06-14T18:17:23.613694+00:00, run_after=2023-06-15T18:17:23.613694+00:00
[2023-06-15T18:17:23.632+0000] {processor.py:175} INFO - Processing /home/airflow/.local/lib/python3.7/site-packages/airflow/example_dags/example_task_group_decorator.py took 0.091 seconds
[2023-06-15T18:44:53.504+0000] {processor.py:153} INFO - Started process (PID=2307) to work on /home/airflow/.local/lib/python3.7/site-packages/airflow/example_dags/example_task_group_decorator.py
[2023-06-15T18:44:53.506+0000] {processor.py:743} INFO - Processing file /home/airflow/.local/lib/python3.7/site-packages/airflow/example_dags/example_task_group_decorator.py for tasks to queue
[2023-06-15T18:44:53.506+0000] {logging_mixin.py:137} INFO - [2023-06-15T18:44:53.506+0000] {dagbag.py:538} INFO - Filling up the DagBag from /home/airflow/.local/lib/python3.7/site-packages/airflow/example_dags/example_task_group_decorator.py
[2023-06-15T18:44:53.529+0000] {processor.py:753} INFO - DAG(s) dict_keys(['example_task_group_decorator']) retrieved from /home/airflow/.local/lib/python3.7/site-packages/airflow/example_dags/example_task_group_decorator.py
[2023-06-15T18:44:53.554+0000] {logging_mixin.py:137} INFO - [2023-06-15T18:44:53.554+0000] {dag.py:2690} INFO - Sync 1 DAGs
[2023-06-15T18:44:53.574+0000] {logging_mixin.py:137} INFO - [2023-06-15T18:44:53.574+0000] {dag.py:3441} INFO - Setting next_dagrun for example_task_group_decorator to 2023-06-14T18:44:53.573916+00:00, run_after=2023-06-15T18:44:53.573916+00:00
[2023-06-15T18:44:53.591+0000] {processor.py:175} INFO - Processing /home/airflow/.local/lib/python3.7/site-packages/airflow/example_dags/example_task_group_decorator.py took 0.091 seconds
[2023-06-15T18:45:24.043+0000] {processor.py:153} INFO - Started process (PID=2373) to work on /home/airflow/.local/lib/python3.7/site-packages/airflow/example_dags/example_task_group_decorator.py
[2023-06-15T18:45:24.045+0000] {processor.py:743} INFO - Processing file /home/airflow/.local/lib/python3.7/site-packages/airflow/example_dags/example_task_group_decorator.py for tasks to queue
[2023-06-15T18:45:24.046+0000] {logging_mixin.py:137} INFO - [2023-06-15T18:45:24.045+0000] {dagbag.py:538} INFO - Filling up the DagBag from /home/airflow/.local/lib/python3.7/site-packages/airflow/example_dags/example_task_group_decorator.py
[2023-06-15T18:45:24.069+0000] {processor.py:753} INFO - DAG(s) dict_keys(['example_task_group_decorator']) retrieved from /home/airflow/.local/lib/python3.7/site-packages/airflow/example_dags/example_task_group_decorator.py
[2023-06-15T18:45:24.097+0000] {logging_mixin.py:137} INFO - [2023-06-15T18:45:24.097+0000] {dag.py:2690} INFO - Sync 1 DAGs
[2023-06-15T18:45:24.121+0000] {logging_mixin.py:137} INFO - [2023-06-15T18:45:24.121+0000] {dag.py:3441} INFO - Setting next_dagrun for example_task_group_decorator to 2023-06-14T18:45:24.121151+00:00, run_after=2023-06-15T18:45:24.121151+00:00
[2023-06-15T18:45:24.138+0000] {processor.py:175} INFO - Processing /home/airflow/.local/lib/python3.7/site-packages/airflow/example_dags/example_task_group_decorator.py took 0.098 seconds
[2023-06-15T18:45:54.855+0000] {processor.py:153} INFO - Started process (PID=2450) to work on /home/airflow/.local/lib/python3.7/site-packages/airflow/example_dags/example_task_group_decorator.py
[2023-06-15T18:45:54.857+0000] {processor.py:743} INFO - Processing file /home/airflow/.local/lib/python3.7/site-packages/airflow/example_dags/example_task_group_decorator.py for tasks to queue
[2023-06-15T18:45:54.858+0000] {logging_mixin.py:137} INFO - [2023-06-15T18:45:54.858+0000] {dagbag.py:538} INFO - Filling up the DagBag from /home/airflow/.local/lib/python3.7/site-packages/airflow/example_dags/example_task_group_decorator.py
[2023-06-15T18:45:54.880+0000] {processor.py:753} INFO - DAG(s) dict_keys(['example_task_group_decorator']) retrieved from /home/airflow/.local/lib/python3.7/site-packages/airflow/example_dags/example_task_group_decorator.py
[2023-06-15T18:45:54.905+0000] {logging_mixin.py:137} INFO - [2023-06-15T18:45:54.905+0000] {dag.py:2690} INFO - Sync 1 DAGs
[2023-06-15T18:45:54.925+0000] {logging_mixin.py:137} INFO - [2023-06-15T18:45:54.925+0000] {dag.py:3441} INFO - Setting next_dagrun for example_task_group_decorator to 2023-06-14T18:45:54.925065+00:00, run_after=2023-06-15T18:45:54.925065+00:00
[2023-06-15T18:45:54.943+0000] {processor.py:175} INFO - Processing /home/airflow/.local/lib/python3.7/site-packages/airflow/example_dags/example_task_group_decorator.py took 0.091 seconds
[2023-06-15T18:46:26.031+0000] {processor.py:153} INFO - Started process (PID=2527) to work on /home/airflow/.local/lib/python3.7/site-packages/airflow/example_dags/example_task_group_decorator.py
[2023-06-15T18:46:26.033+0000] {processor.py:743} INFO - Processing file /home/airflow/.local/lib/python3.7/site-packages/airflow/example_dags/example_task_group_decorator.py for tasks to queue
[2023-06-15T18:46:26.034+0000] {logging_mixin.py:137} INFO - [2023-06-15T18:46:26.034+0000] {dagbag.py:538} INFO - Filling up the DagBag from /home/airflow/.local/lib/python3.7/site-packages/airflow/example_dags/example_task_group_decorator.py
[2023-06-15T18:46:26.057+0000] {processor.py:753} INFO - DAG(s) dict_keys(['example_task_group_decorator']) retrieved from /home/airflow/.local/lib/python3.7/site-packages/airflow/example_dags/example_task_group_decorator.py
[2023-06-15T18:46:26.084+0000] {logging_mixin.py:137} INFO - [2023-06-15T18:46:26.084+0000] {dag.py:2690} INFO - Sync 1 DAGs
[2023-06-15T18:46:26.106+0000] {logging_mixin.py:137} INFO - [2023-06-15T18:46:26.106+0000] {dag.py:3441} INFO - Setting next_dagrun for example_task_group_decorator to 2023-06-14T18:46:26.106109+00:00, run_after=2023-06-15T18:46:26.106109+00:00
[2023-06-15T18:46:26.121+0000] {processor.py:175} INFO - Processing /home/airflow/.local/lib/python3.7/site-packages/airflow/example_dags/example_task_group_decorator.py took 0.096 seconds
[2023-06-15T18:46:56.978+0000] {processor.py:153} INFO - Started process (PID=2592) to work on /home/airflow/.local/lib/python3.7/site-packages/airflow/example_dags/example_task_group_decorator.py
[2023-06-15T18:46:56.979+0000] {processor.py:743} INFO - Processing file /home/airflow/.local/lib/python3.7/site-packages/airflow/example_dags/example_task_group_decorator.py for tasks to queue
[2023-06-15T18:46:56.980+0000] {logging_mixin.py:137} INFO - [2023-06-15T18:46:56.980+0000] {dagbag.py:538} INFO - Filling up the DagBag from /home/airflow/.local/lib/python3.7/site-packages/airflow/example_dags/example_task_group_decorator.py
[2023-06-15T18:46:57.003+0000] {processor.py:753} INFO - DAG(s) dict_keys(['example_task_group_decorator']) retrieved from /home/airflow/.local/lib/python3.7/site-packages/airflow/example_dags/example_task_group_decorator.py
[2023-06-15T18:46:57.029+0000] {logging_mixin.py:137} INFO - [2023-06-15T18:46:57.029+0000] {dag.py:2690} INFO - Sync 1 DAGs
[2023-06-15T18:46:57.051+0000] {logging_mixin.py:137} INFO - [2023-06-15T18:46:57.050+0000] {dag.py:3441} INFO - Setting next_dagrun for example_task_group_decorator to 2023-06-14T18:46:57.050670+00:00, run_after=2023-06-15T18:46:57.050670+00:00
[2023-06-15T18:46:57.070+0000] {processor.py:175} INFO - Processing /home/airflow/.local/lib/python3.7/site-packages/airflow/example_dags/example_task_group_decorator.py took 0.096 seconds
[2023-06-15T18:47:27.182+0000] {processor.py:153} INFO - Started process (PID=2669) to work on /home/airflow/.local/lib/python3.7/site-packages/airflow/example_dags/example_task_group_decorator.py
[2023-06-15T18:47:27.183+0000] {processor.py:743} INFO - Processing file /home/airflow/.local/lib/python3.7/site-packages/airflow/example_dags/example_task_group_decorator.py for tasks to queue
[2023-06-15T18:47:27.184+0000] {logging_mixin.py:137} INFO - [2023-06-15T18:47:27.184+0000] {dagbag.py:538} INFO - Filling up the DagBag from /home/airflow/.local/lib/python3.7/site-packages/airflow/example_dags/example_task_group_decorator.py
[2023-06-15T18:47:27.207+0000] {processor.py:753} INFO - DAG(s) dict_keys(['example_task_group_decorator']) retrieved from /home/airflow/.local/lib/python3.7/site-packages/airflow/example_dags/example_task_group_decorator.py
[2023-06-15T18:47:27.232+0000] {logging_mixin.py:137} INFO - [2023-06-15T18:47:27.232+0000] {dag.py:2690} INFO - Sync 1 DAGs
[2023-06-15T18:47:27.252+0000] {logging_mixin.py:137} INFO - [2023-06-15T18:47:27.252+0000] {dag.py:3441} INFO - Setting next_dagrun for example_task_group_decorator to 2023-06-14T18:47:27.252221+00:00, run_after=2023-06-15T18:47:27.252221+00:00
[2023-06-15T18:47:27.266+0000] {processor.py:175} INFO - Processing /home/airflow/.local/lib/python3.7/site-packages/airflow/example_dags/example_task_group_decorator.py took 0.087 seconds
[2023-06-15T18:47:57.825+0000] {processor.py:153} INFO - Started process (PID=2746) to work on /home/airflow/.local/lib/python3.7/site-packages/airflow/example_dags/example_task_group_decorator.py
[2023-06-15T18:47:57.827+0000] {processor.py:743} INFO - Processing file /home/airflow/.local/lib/python3.7/site-packages/airflow/example_dags/example_task_group_decorator.py for tasks to queue
[2023-06-15T18:47:57.828+0000] {logging_mixin.py:137} INFO - [2023-06-15T18:47:57.828+0000] {dagbag.py:538} INFO - Filling up the DagBag from /home/airflow/.local/lib/python3.7/site-packages/airflow/example_dags/example_task_group_decorator.py
[2023-06-15T18:47:57.852+0000] {processor.py:753} INFO - DAG(s) dict_keys(['example_task_group_decorator']) retrieved from /home/airflow/.local/lib/python3.7/site-packages/airflow/example_dags/example_task_group_decorator.py
[2023-06-15T18:47:57.891+0000] {logging_mixin.py:137} INFO - [2023-06-15T18:47:57.891+0000] {dag.py:2690} INFO - Sync 1 DAGs
[2023-06-15T18:47:57.911+0000] {logging_mixin.py:137} INFO - [2023-06-15T18:47:57.910+0000] {dag.py:3441} INFO - Setting next_dagrun for example_task_group_decorator to 2023-06-14T18:47:57.910681+00:00, run_after=2023-06-15T18:47:57.910681+00:00
[2023-06-15T18:47:57.925+0000] {processor.py:175} INFO - Processing /home/airflow/.local/lib/python3.7/site-packages/airflow/example_dags/example_task_group_decorator.py took 0.103 seconds
[2023-06-15T18:48:31.142+0000] {processor.py:153} INFO - Started process (PID=2811) to work on /home/airflow/.local/lib/python3.7/site-packages/airflow/example_dags/example_task_group_decorator.py
[2023-06-15T18:48:31.144+0000] {processor.py:743} INFO - Processing file /home/airflow/.local/lib/python3.7/site-packages/airflow/example_dags/example_task_group_decorator.py for tasks to queue
[2023-06-15T18:48:31.144+0000] {logging_mixin.py:137} INFO - [2023-06-15T18:48:31.144+0000] {dagbag.py:538} INFO - Filling up the DagBag from /home/airflow/.local/lib/python3.7/site-packages/airflow/example_dags/example_task_group_decorator.py
[2023-06-15T18:48:31.167+0000] {processor.py:753} INFO - DAG(s) dict_keys(['example_task_group_decorator']) retrieved from /home/airflow/.local/lib/python3.7/site-packages/airflow/example_dags/example_task_group_decorator.py
[2023-06-15T18:48:31.192+0000] {logging_mixin.py:137} INFO - [2023-06-15T18:48:31.191+0000] {dag.py:2690} INFO - Sync 1 DAGs
[2023-06-15T18:48:31.211+0000] {logging_mixin.py:137} INFO - [2023-06-15T18:48:31.210+0000] {dag.py:3441} INFO - Setting next_dagrun for example_task_group_decorator to 2023-06-14T18:48:31.210709+00:00, run_after=2023-06-15T18:48:31.210709+00:00
[2023-06-15T18:48:31.224+0000] {processor.py:175} INFO - Processing /home/airflow/.local/lib/python3.7/site-packages/airflow/example_dags/example_task_group_decorator.py took 0.085 seconds
[2023-06-15T18:49:02.208+0000] {processor.py:153} INFO - Started process (PID=2876) to work on /home/airflow/.local/lib/python3.7/site-packages/airflow/example_dags/example_task_group_decorator.py
[2023-06-15T18:49:02.210+0000] {processor.py:743} INFO - Processing file /home/airflow/.local/lib/python3.7/site-packages/airflow/example_dags/example_task_group_decorator.py for tasks to queue
[2023-06-15T18:49:02.211+0000] {logging_mixin.py:137} INFO - [2023-06-15T18:49:02.211+0000] {dagbag.py:538} INFO - Filling up the DagBag from /home/airflow/.local/lib/python3.7/site-packages/airflow/example_dags/example_task_group_decorator.py
[2023-06-15T18:49:02.235+0000] {processor.py:753} INFO - DAG(s) dict_keys(['example_task_group_decorator']) retrieved from /home/airflow/.local/lib/python3.7/site-packages/airflow/example_dags/example_task_group_decorator.py
[2023-06-15T18:49:02.261+0000] {logging_mixin.py:137} INFO - [2023-06-15T18:49:02.261+0000] {dag.py:2690} INFO - Sync 1 DAGs
[2023-06-15T18:49:02.282+0000] {logging_mixin.py:137} INFO - [2023-06-15T18:49:02.282+0000] {dag.py:3441} INFO - Setting next_dagrun for example_task_group_decorator to 2023-06-14T18:49:02.281868+00:00, run_after=2023-06-15T18:49:02.281868+00:00
[2023-06-15T18:49:02.297+0000] {processor.py:175} INFO - Processing /home/airflow/.local/lib/python3.7/site-packages/airflow/example_dags/example_task_group_decorator.py took 0.095 seconds
