[2023-06-15T18:01:59.741+0000] {processor.py:153} INFO - Started process (PID=44) to work on /home/airflow/.local/lib/python3.7/site-packages/airflow/example_dags/example_skip_dag.py
[2023-06-15T18:01:59.752+0000] {processor.py:743} INFO - Processing file /home/airflow/.local/lib/python3.7/site-packages/airflow/example_dags/example_skip_dag.py for tasks to queue
[2023-06-15T18:01:59.754+0000] {logging_mixin.py:137} INFO - [2023-06-15T18:01:59.754+0000] {dagbag.py:538} INFO - Filling up the DagBag from /home/airflow/.local/lib/python3.7/site-packages/airflow/example_dags/example_skip_dag.py
[2023-06-15T18:01:59.790+0000] {processor.py:753} INFO - DAG(s) dict_keys(['example_skip_dag']) retrieved from /home/airflow/.local/lib/python3.7/site-packages/airflow/example_dags/example_skip_dag.py
[2023-06-15T18:01:59.835+0000] {logging_mixin.py:137} INFO - [2023-06-15T18:01:59.835+0000] {dag.py:2690} INFO - Sync 1 DAGs
[2023-06-15T18:01:59.898+0000] {logging_mixin.py:137} INFO - [2023-06-15T18:01:59.898+0000] {dag.py:3441} INFO - Setting next_dagrun for example_skip_dag to 2023-06-14T18:01:59.898594+00:00, run_after=2023-06-15T18:01:59.898594+00:00
[2023-06-15T18:01:59.946+0000] {processor.py:175} INFO - Processing /home/airflow/.local/lib/python3.7/site-packages/airflow/example_dags/example_skip_dag.py took 0.223 seconds
[2023-06-15T18:02:30.788+0000] {processor.py:153} INFO - Started process (PID=113) to work on /home/airflow/.local/lib/python3.7/site-packages/airflow/example_dags/example_skip_dag.py
[2023-06-15T18:02:30.792+0000] {processor.py:743} INFO - Processing file /home/airflow/.local/lib/python3.7/site-packages/airflow/example_dags/example_skip_dag.py for tasks to queue
[2023-06-15T18:02:30.794+0000] {logging_mixin.py:137} INFO - [2023-06-15T18:02:30.794+0000] {dagbag.py:538} INFO - Filling up the DagBag from /home/airflow/.local/lib/python3.7/site-packages/airflow/example_dags/example_skip_dag.py
[2023-06-15T18:02:30.817+0000] {processor.py:753} INFO - DAG(s) dict_keys(['example_skip_dag']) retrieved from /home/airflow/.local/lib/python3.7/site-packages/airflow/example_dags/example_skip_dag.py
[2023-06-15T18:02:30.852+0000] {logging_mixin.py:137} INFO - [2023-06-15T18:02:30.852+0000] {dag.py:2690} INFO - Sync 1 DAGs
[2023-06-15T18:02:30.878+0000] {logging_mixin.py:137} INFO - [2023-06-15T18:02:30.878+0000] {dag.py:3441} INFO - Setting next_dagrun for example_skip_dag to 2023-06-14T18:02:30.878064+00:00, run_after=2023-06-15T18:02:30.878064+00:00
[2023-06-15T18:02:30.901+0000] {processor.py:175} INFO - Processing /home/airflow/.local/lib/python3.7/site-packages/airflow/example_dags/example_skip_dag.py took 0.120 seconds
[2023-06-15T18:03:01.794+0000] {processor.py:153} INFO - Started process (PID=177) to work on /home/airflow/.local/lib/python3.7/site-packages/airflow/example_dags/example_skip_dag.py
[2023-06-15T18:03:01.797+0000] {processor.py:743} INFO - Processing file /home/airflow/.local/lib/python3.7/site-packages/airflow/example_dags/example_skip_dag.py for tasks to queue
[2023-06-15T18:03:01.798+0000] {logging_mixin.py:137} INFO - [2023-06-15T18:03:01.798+0000] {dagbag.py:538} INFO - Filling up the DagBag from /home/airflow/.local/lib/python3.7/site-packages/airflow/example_dags/example_skip_dag.py
[2023-06-15T18:03:01.811+0000] {processor.py:753} INFO - DAG(s) dict_keys(['example_skip_dag']) retrieved from /home/airflow/.local/lib/python3.7/site-packages/airflow/example_dags/example_skip_dag.py
[2023-06-15T18:03:01.840+0000] {logging_mixin.py:137} INFO - [2023-06-15T18:03:01.840+0000] {dag.py:2690} INFO - Sync 1 DAGs
[2023-06-15T18:03:01.863+0000] {logging_mixin.py:137} INFO - [2023-06-15T18:03:01.862+0000] {dag.py:3441} INFO - Setting next_dagrun for example_skip_dag to 2023-06-14T18:03:01.862565+00:00, run_after=2023-06-15T18:03:01.862565+00:00
[2023-06-15T18:03:01.879+0000] {processor.py:175} INFO - Processing /home/airflow/.local/lib/python3.7/site-packages/airflow/example_dags/example_skip_dag.py took 0.088 seconds
[2023-06-15T18:03:32.696+0000] {processor.py:153} INFO - Started process (PID=253) to work on /home/airflow/.local/lib/python3.7/site-packages/airflow/example_dags/example_skip_dag.py
[2023-06-15T18:03:32.698+0000] {processor.py:743} INFO - Processing file /home/airflow/.local/lib/python3.7/site-packages/airflow/example_dags/example_skip_dag.py for tasks to queue
[2023-06-15T18:03:32.700+0000] {logging_mixin.py:137} INFO - [2023-06-15T18:03:32.700+0000] {dagbag.py:538} INFO - Filling up the DagBag from /home/airflow/.local/lib/python3.7/site-packages/airflow/example_dags/example_skip_dag.py
[2023-06-15T18:03:32.718+0000] {processor.py:753} INFO - DAG(s) dict_keys(['example_skip_dag']) retrieved from /home/airflow/.local/lib/python3.7/site-packages/airflow/example_dags/example_skip_dag.py
[2023-06-15T18:03:32.746+0000] {logging_mixin.py:137} INFO - [2023-06-15T18:03:32.746+0000] {dag.py:2690} INFO - Sync 1 DAGs
[2023-06-15T18:03:32.766+0000] {logging_mixin.py:137} INFO - [2023-06-15T18:03:32.766+0000] {dag.py:3441} INFO - Setting next_dagrun for example_skip_dag to 2023-06-14T18:03:32.765668+00:00, run_after=2023-06-15T18:03:32.765668+00:00
[2023-06-15T18:03:32.781+0000] {processor.py:175} INFO - Processing /home/airflow/.local/lib/python3.7/site-packages/airflow/example_dags/example_skip_dag.py took 0.091 seconds
[2023-06-15T18:04:03.520+0000] {processor.py:153} INFO - Started process (PID=330) to work on /home/airflow/.local/lib/python3.7/site-packages/airflow/example_dags/example_skip_dag.py
[2023-06-15T18:04:03.523+0000] {processor.py:743} INFO - Processing file /home/airflow/.local/lib/python3.7/site-packages/airflow/example_dags/example_skip_dag.py for tasks to queue
[2023-06-15T18:04:03.524+0000] {logging_mixin.py:137} INFO - [2023-06-15T18:04:03.523+0000] {dagbag.py:538} INFO - Filling up the DagBag from /home/airflow/.local/lib/python3.7/site-packages/airflow/example_dags/example_skip_dag.py
[2023-06-15T18:04:03.537+0000] {processor.py:753} INFO - DAG(s) dict_keys(['example_skip_dag']) retrieved from /home/airflow/.local/lib/python3.7/site-packages/airflow/example_dags/example_skip_dag.py
[2023-06-15T18:04:03.561+0000] {logging_mixin.py:137} INFO - [2023-06-15T18:04:03.561+0000] {dag.py:2690} INFO - Sync 1 DAGs
[2023-06-15T18:04:03.581+0000] {logging_mixin.py:137} INFO - [2023-06-15T18:04:03.581+0000] {dag.py:3441} INFO - Setting next_dagrun for example_skip_dag to 2023-06-14T18:04:03.581553+00:00, run_after=2023-06-15T18:04:03.581553+00:00
[2023-06-15T18:04:03.598+0000] {processor.py:175} INFO - Processing /home/airflow/.local/lib/python3.7/site-packages/airflow/example_dags/example_skip_dag.py took 0.081 seconds
[2023-06-15T18:04:34.128+0000] {processor.py:153} INFO - Started process (PID=394) to work on /home/airflow/.local/lib/python3.7/site-packages/airflow/example_dags/example_skip_dag.py
[2023-06-15T18:04:34.130+0000] {processor.py:743} INFO - Processing file /home/airflow/.local/lib/python3.7/site-packages/airflow/example_dags/example_skip_dag.py for tasks to queue
[2023-06-15T18:04:34.131+0000] {logging_mixin.py:137} INFO - [2023-06-15T18:04:34.131+0000] {dagbag.py:538} INFO - Filling up the DagBag from /home/airflow/.local/lib/python3.7/site-packages/airflow/example_dags/example_skip_dag.py
[2023-06-15T18:04:34.145+0000] {processor.py:753} INFO - DAG(s) dict_keys(['example_skip_dag']) retrieved from /home/airflow/.local/lib/python3.7/site-packages/airflow/example_dags/example_skip_dag.py
[2023-06-15T18:04:34.172+0000] {logging_mixin.py:137} INFO - [2023-06-15T18:04:34.172+0000] {dag.py:2690} INFO - Sync 1 DAGs
[2023-06-15T18:04:34.192+0000] {logging_mixin.py:137} INFO - [2023-06-15T18:04:34.192+0000] {dag.py:3441} INFO - Setting next_dagrun for example_skip_dag to 2023-06-14T18:04:34.192344+00:00, run_after=2023-06-15T18:04:34.192344+00:00
[2023-06-15T18:04:34.207+0000] {processor.py:175} INFO - Processing /home/airflow/.local/lib/python3.7/site-packages/airflow/example_dags/example_skip_dag.py took 0.083 seconds
[2023-06-15T18:05:04.848+0000] {processor.py:153} INFO - Started process (PID=472) to work on /home/airflow/.local/lib/python3.7/site-packages/airflow/example_dags/example_skip_dag.py
[2023-06-15T18:05:04.851+0000] {processor.py:743} INFO - Processing file /home/airflow/.local/lib/python3.7/site-packages/airflow/example_dags/example_skip_dag.py for tasks to queue
[2023-06-15T18:05:04.852+0000] {logging_mixin.py:137} INFO - [2023-06-15T18:05:04.852+0000] {dagbag.py:538} INFO - Filling up the DagBag from /home/airflow/.local/lib/python3.7/site-packages/airflow/example_dags/example_skip_dag.py
[2023-06-15T18:05:04.867+0000] {processor.py:753} INFO - DAG(s) dict_keys(['example_skip_dag']) retrieved from /home/airflow/.local/lib/python3.7/site-packages/airflow/example_dags/example_skip_dag.py
[2023-06-15T18:05:04.893+0000] {logging_mixin.py:137} INFO - [2023-06-15T18:05:04.893+0000] {dag.py:2690} INFO - Sync 1 DAGs
[2023-06-15T18:05:04.914+0000] {logging_mixin.py:137} INFO - [2023-06-15T18:05:04.914+0000] {dag.py:3441} INFO - Setting next_dagrun for example_skip_dag to 2023-06-14T18:05:04.913790+00:00, run_after=2023-06-15T18:05:04.913790+00:00
[2023-06-15T18:05:04.930+0000] {processor.py:175} INFO - Processing /home/airflow/.local/lib/python3.7/site-packages/airflow/example_dags/example_skip_dag.py took 0.086 seconds
[2023-06-15T18:05:35.535+0000] {processor.py:153} INFO - Started process (PID=544) to work on /home/airflow/.local/lib/python3.7/site-packages/airflow/example_dags/example_skip_dag.py
[2023-06-15T18:05:35.537+0000] {processor.py:743} INFO - Processing file /home/airflow/.local/lib/python3.7/site-packages/airflow/example_dags/example_skip_dag.py for tasks to queue
[2023-06-15T18:05:35.538+0000] {logging_mixin.py:137} INFO - [2023-06-15T18:05:35.538+0000] {dagbag.py:538} INFO - Filling up the DagBag from /home/airflow/.local/lib/python3.7/site-packages/airflow/example_dags/example_skip_dag.py
[2023-06-15T18:05:35.551+0000] {processor.py:753} INFO - DAG(s) dict_keys(['example_skip_dag']) retrieved from /home/airflow/.local/lib/python3.7/site-packages/airflow/example_dags/example_skip_dag.py
[2023-06-15T18:05:35.578+0000] {logging_mixin.py:137} INFO - [2023-06-15T18:05:35.578+0000] {dag.py:2690} INFO - Sync 1 DAGs
[2023-06-15T18:05:35.600+0000] {logging_mixin.py:137} INFO - [2023-06-15T18:05:35.599+0000] {dag.py:3441} INFO - Setting next_dagrun for example_skip_dag to 2023-06-14T18:05:35.599716+00:00, run_after=2023-06-15T18:05:35.599716+00:00
[2023-06-15T18:05:35.618+0000] {processor.py:175} INFO - Processing /home/airflow/.local/lib/python3.7/site-packages/airflow/example_dags/example_skip_dag.py took 0.086 seconds
[2023-06-15T18:06:06.368+0000] {processor.py:153} INFO - Started process (PID=612) to work on /home/airflow/.local/lib/python3.7/site-packages/airflow/example_dags/example_skip_dag.py
[2023-06-15T18:06:06.373+0000] {processor.py:743} INFO - Processing file /home/airflow/.local/lib/python3.7/site-packages/airflow/example_dags/example_skip_dag.py for tasks to queue
[2023-06-15T18:06:06.374+0000] {logging_mixin.py:137} INFO - [2023-06-15T18:06:06.374+0000] {dagbag.py:538} INFO - Filling up the DagBag from /home/airflow/.local/lib/python3.7/site-packages/airflow/example_dags/example_skip_dag.py
[2023-06-15T18:06:06.395+0000] {processor.py:753} INFO - DAG(s) dict_keys(['example_skip_dag']) retrieved from /home/airflow/.local/lib/python3.7/site-packages/airflow/example_dags/example_skip_dag.py
[2023-06-15T18:06:06.428+0000] {logging_mixin.py:137} INFO - [2023-06-15T18:06:06.428+0000] {dag.py:2690} INFO - Sync 1 DAGs
[2023-06-15T18:06:06.452+0000] {logging_mixin.py:137} INFO - [2023-06-15T18:06:06.451+0000] {dag.py:3441} INFO - Setting next_dagrun for example_skip_dag to 2023-06-14T18:06:06.451591+00:00, run_after=2023-06-15T18:06:06.451591+00:00
[2023-06-15T18:06:06.469+0000] {processor.py:175} INFO - Processing /home/airflow/.local/lib/python3.7/site-packages/airflow/example_dags/example_skip_dag.py took 0.106 seconds
[2023-06-15T18:06:36.593+0000] {processor.py:153} INFO - Started process (PID=687) to work on /home/airflow/.local/lib/python3.7/site-packages/airflow/example_dags/example_skip_dag.py
[2023-06-15T18:06:36.596+0000] {processor.py:743} INFO - Processing file /home/airflow/.local/lib/python3.7/site-packages/airflow/example_dags/example_skip_dag.py for tasks to queue
[2023-06-15T18:06:36.598+0000] {logging_mixin.py:137} INFO - [2023-06-15T18:06:36.597+0000] {dagbag.py:538} INFO - Filling up the DagBag from /home/airflow/.local/lib/python3.7/site-packages/airflow/example_dags/example_skip_dag.py
[2023-06-15T18:06:36.614+0000] {processor.py:753} INFO - DAG(s) dict_keys(['example_skip_dag']) retrieved from /home/airflow/.local/lib/python3.7/site-packages/airflow/example_dags/example_skip_dag.py
[2023-06-15T18:06:36.641+0000] {logging_mixin.py:137} INFO - [2023-06-15T18:06:36.641+0000] {dag.py:2690} INFO - Sync 1 DAGs
[2023-06-15T18:06:36.661+0000] {logging_mixin.py:137} INFO - [2023-06-15T18:06:36.661+0000] {dag.py:3441} INFO - Setting next_dagrun for example_skip_dag to 2023-06-14T18:06:36.661083+00:00, run_after=2023-06-15T18:06:36.661083+00:00
[2023-06-15T18:06:36.677+0000] {processor.py:175} INFO - Processing /home/airflow/.local/lib/python3.7/site-packages/airflow/example_dags/example_skip_dag.py took 0.089 seconds
[2023-06-15T18:07:07.064+0000] {processor.py:153} INFO - Started process (PID=752) to work on /home/airflow/.local/lib/python3.7/site-packages/airflow/example_dags/example_skip_dag.py
[2023-06-15T18:07:07.066+0000] {processor.py:743} INFO - Processing file /home/airflow/.local/lib/python3.7/site-packages/airflow/example_dags/example_skip_dag.py for tasks to queue
[2023-06-15T18:07:07.067+0000] {logging_mixin.py:137} INFO - [2023-06-15T18:07:07.067+0000] {dagbag.py:538} INFO - Filling up the DagBag from /home/airflow/.local/lib/python3.7/site-packages/airflow/example_dags/example_skip_dag.py
[2023-06-15T18:07:07.081+0000] {processor.py:753} INFO - DAG(s) dict_keys(['example_skip_dag']) retrieved from /home/airflow/.local/lib/python3.7/site-packages/airflow/example_dags/example_skip_dag.py
[2023-06-15T18:07:07.109+0000] {logging_mixin.py:137} INFO - [2023-06-15T18:07:07.109+0000] {dag.py:2690} INFO - Sync 1 DAGs
[2023-06-15T18:07:07.136+0000] {logging_mixin.py:137} INFO - [2023-06-15T18:07:07.136+0000] {dag.py:3441} INFO - Setting next_dagrun for example_skip_dag to 2023-06-14T18:07:07.136478+00:00, run_after=2023-06-15T18:07:07.136478+00:00
[2023-06-15T18:07:07.167+0000] {processor.py:175} INFO - Processing /home/airflow/.local/lib/python3.7/site-packages/airflow/example_dags/example_skip_dag.py took 0.107 seconds
[2023-06-15T18:07:37.882+0000] {processor.py:153} INFO - Started process (PID=829) to work on /home/airflow/.local/lib/python3.7/site-packages/airflow/example_dags/example_skip_dag.py
[2023-06-15T18:07:37.884+0000] {processor.py:743} INFO - Processing file /home/airflow/.local/lib/python3.7/site-packages/airflow/example_dags/example_skip_dag.py for tasks to queue
[2023-06-15T18:07:37.886+0000] {logging_mixin.py:137} INFO - [2023-06-15T18:07:37.886+0000] {dagbag.py:538} INFO - Filling up the DagBag from /home/airflow/.local/lib/python3.7/site-packages/airflow/example_dags/example_skip_dag.py
[2023-06-15T18:07:37.899+0000] {processor.py:753} INFO - DAG(s) dict_keys(['example_skip_dag']) retrieved from /home/airflow/.local/lib/python3.7/site-packages/airflow/example_dags/example_skip_dag.py
[2023-06-15T18:07:37.926+0000] {logging_mixin.py:137} INFO - [2023-06-15T18:07:37.926+0000] {dag.py:2690} INFO - Sync 1 DAGs
[2023-06-15T18:07:37.947+0000] {logging_mixin.py:137} INFO - [2023-06-15T18:07:37.947+0000] {dag.py:3441} INFO - Setting next_dagrun for example_skip_dag to 2023-06-14T18:07:37.947026+00:00, run_after=2023-06-15T18:07:37.947026+00:00
[2023-06-15T18:07:37.962+0000] {processor.py:175} INFO - Processing /home/airflow/.local/lib/python3.7/site-packages/airflow/example_dags/example_skip_dag.py took 0.084 seconds
[2023-06-15T18:08:08.261+0000] {processor.py:153} INFO - Started process (PID=905) to work on /home/airflow/.local/lib/python3.7/site-packages/airflow/example_dags/example_skip_dag.py
[2023-06-15T18:08:08.262+0000] {processor.py:743} INFO - Processing file /home/airflow/.local/lib/python3.7/site-packages/airflow/example_dags/example_skip_dag.py for tasks to queue
[2023-06-15T18:08:08.264+0000] {logging_mixin.py:137} INFO - [2023-06-15T18:08:08.264+0000] {dagbag.py:538} INFO - Filling up the DagBag from /home/airflow/.local/lib/python3.7/site-packages/airflow/example_dags/example_skip_dag.py
[2023-06-15T18:08:08.278+0000] {processor.py:753} INFO - DAG(s) dict_keys(['example_skip_dag']) retrieved from /home/airflow/.local/lib/python3.7/site-packages/airflow/example_dags/example_skip_dag.py
[2023-06-15T18:08:08.307+0000] {logging_mixin.py:137} INFO - [2023-06-15T18:08:08.307+0000] {dag.py:2690} INFO - Sync 1 DAGs
[2023-06-15T18:08:08.327+0000] {logging_mixin.py:137} INFO - [2023-06-15T18:08:08.327+0000] {dag.py:3441} INFO - Setting next_dagrun for example_skip_dag to 2023-06-14T18:08:08.327438+00:00, run_after=2023-06-15T18:08:08.327438+00:00
[2023-06-15T18:08:08.341+0000] {processor.py:175} INFO - Processing /home/airflow/.local/lib/python3.7/site-packages/airflow/example_dags/example_skip_dag.py took 0.084 seconds
[2023-06-15T18:08:39.167+0000] {processor.py:153} INFO - Started process (PID=969) to work on /home/airflow/.local/lib/python3.7/site-packages/airflow/example_dags/example_skip_dag.py
[2023-06-15T18:08:39.170+0000] {processor.py:743} INFO - Processing file /home/airflow/.local/lib/python3.7/site-packages/airflow/example_dags/example_skip_dag.py for tasks to queue
[2023-06-15T18:08:39.172+0000] {logging_mixin.py:137} INFO - [2023-06-15T18:08:39.171+0000] {dagbag.py:538} INFO - Filling up the DagBag from /home/airflow/.local/lib/python3.7/site-packages/airflow/example_dags/example_skip_dag.py
[2023-06-15T18:08:39.193+0000] {processor.py:753} INFO - DAG(s) dict_keys(['example_skip_dag']) retrieved from /home/airflow/.local/lib/python3.7/site-packages/airflow/example_dags/example_skip_dag.py
[2023-06-15T18:08:39.227+0000] {logging_mixin.py:137} INFO - [2023-06-15T18:08:39.227+0000] {dag.py:2690} INFO - Sync 1 DAGs
[2023-06-15T18:08:39.253+0000] {logging_mixin.py:137} INFO - [2023-06-15T18:08:39.253+0000] {dag.py:3441} INFO - Setting next_dagrun for example_skip_dag to 2023-06-14T18:08:39.253297+00:00, run_after=2023-06-15T18:08:39.253297+00:00
[2023-06-15T18:08:39.269+0000] {processor.py:175} INFO - Processing /home/airflow/.local/lib/python3.7/site-packages/airflow/example_dags/example_skip_dag.py took 0.110 seconds
[2023-06-15T18:09:09.722+0000] {processor.py:153} INFO - Started process (PID=1045) to work on /home/airflow/.local/lib/python3.7/site-packages/airflow/example_dags/example_skip_dag.py
[2023-06-15T18:09:09.724+0000] {processor.py:743} INFO - Processing file /home/airflow/.local/lib/python3.7/site-packages/airflow/example_dags/example_skip_dag.py for tasks to queue
[2023-06-15T18:09:09.725+0000] {logging_mixin.py:137} INFO - [2023-06-15T18:09:09.725+0000] {dagbag.py:538} INFO - Filling up the DagBag from /home/airflow/.local/lib/python3.7/site-packages/airflow/example_dags/example_skip_dag.py
[2023-06-15T18:09:09.740+0000] {processor.py:753} INFO - DAG(s) dict_keys(['example_skip_dag']) retrieved from /home/airflow/.local/lib/python3.7/site-packages/airflow/example_dags/example_skip_dag.py
[2023-06-15T18:09:09.773+0000] {logging_mixin.py:137} INFO - [2023-06-15T18:09:09.773+0000] {dag.py:2690} INFO - Sync 1 DAGs
[2023-06-15T18:09:09.797+0000] {logging_mixin.py:137} INFO - [2023-06-15T18:09:09.797+0000] {dag.py:3441} INFO - Setting next_dagrun for example_skip_dag to 2023-06-14T18:09:09.797524+00:00, run_after=2023-06-15T18:09:09.797524+00:00
[2023-06-15T18:09:09.816+0000] {processor.py:175} INFO - Processing /home/airflow/.local/lib/python3.7/site-packages/airflow/example_dags/example_skip_dag.py took 0.098 seconds
[2023-06-15T18:09:40.423+0000] {processor.py:153} INFO - Started process (PID=1118) to work on /home/airflow/.local/lib/python3.7/site-packages/airflow/example_dags/example_skip_dag.py
[2023-06-15T18:09:40.426+0000] {processor.py:743} INFO - Processing file /home/airflow/.local/lib/python3.7/site-packages/airflow/example_dags/example_skip_dag.py for tasks to queue
[2023-06-15T18:09:40.427+0000] {logging_mixin.py:137} INFO - [2023-06-15T18:09:40.426+0000] {dagbag.py:538} INFO - Filling up the DagBag from /home/airflow/.local/lib/python3.7/site-packages/airflow/example_dags/example_skip_dag.py
[2023-06-15T18:09:40.446+0000] {processor.py:753} INFO - DAG(s) dict_keys(['example_skip_dag']) retrieved from /home/airflow/.local/lib/python3.7/site-packages/airflow/example_dags/example_skip_dag.py
[2023-06-15T18:09:40.485+0000] {logging_mixin.py:137} INFO - [2023-06-15T18:09:40.485+0000] {dag.py:2690} INFO - Sync 1 DAGs
[2023-06-15T18:09:40.518+0000] {logging_mixin.py:137} INFO - [2023-06-15T18:09:40.518+0000] {dag.py:3441} INFO - Setting next_dagrun for example_skip_dag to 2023-06-14T18:09:40.517754+00:00, run_after=2023-06-15T18:09:40.517754+00:00
[2023-06-15T18:09:40.536+0000] {processor.py:175} INFO - Processing /home/airflow/.local/lib/python3.7/site-packages/airflow/example_dags/example_skip_dag.py took 0.118 seconds
[2023-06-15T18:10:11.015+0000] {processor.py:153} INFO - Started process (PID=1185) to work on /home/airflow/.local/lib/python3.7/site-packages/airflow/example_dags/example_skip_dag.py
[2023-06-15T18:10:11.016+0000] {processor.py:743} INFO - Processing file /home/airflow/.local/lib/python3.7/site-packages/airflow/example_dags/example_skip_dag.py for tasks to queue
[2023-06-15T18:10:11.018+0000] {logging_mixin.py:137} INFO - [2023-06-15T18:10:11.017+0000] {dagbag.py:538} INFO - Filling up the DagBag from /home/airflow/.local/lib/python3.7/site-packages/airflow/example_dags/example_skip_dag.py
[2023-06-15T18:10:11.031+0000] {processor.py:753} INFO - DAG(s) dict_keys(['example_skip_dag']) retrieved from /home/airflow/.local/lib/python3.7/site-packages/airflow/example_dags/example_skip_dag.py
[2023-06-15T18:10:11.056+0000] {logging_mixin.py:137} INFO - [2023-06-15T18:10:11.056+0000] {dag.py:2690} INFO - Sync 1 DAGs
[2023-06-15T18:10:11.076+0000] {logging_mixin.py:137} INFO - [2023-06-15T18:10:11.076+0000] {dag.py:3441} INFO - Setting next_dagrun for example_skip_dag to 2023-06-14T18:10:11.075976+00:00, run_after=2023-06-15T18:10:11.075976+00:00
[2023-06-15T18:10:11.090+0000] {processor.py:175} INFO - Processing /home/airflow/.local/lib/python3.7/site-packages/airflow/example_dags/example_skip_dag.py took 0.080 seconds
[2023-06-15T18:10:41.962+0000] {processor.py:153} INFO - Started process (PID=1261) to work on /home/airflow/.local/lib/python3.7/site-packages/airflow/example_dags/example_skip_dag.py
[2023-06-15T18:10:41.965+0000] {processor.py:743} INFO - Processing file /home/airflow/.local/lib/python3.7/site-packages/airflow/example_dags/example_skip_dag.py for tasks to queue
[2023-06-15T18:10:41.967+0000] {logging_mixin.py:137} INFO - [2023-06-15T18:10:41.967+0000] {dagbag.py:538} INFO - Filling up the DagBag from /home/airflow/.local/lib/python3.7/site-packages/airflow/example_dags/example_skip_dag.py
[2023-06-15T18:10:41.985+0000] {processor.py:753} INFO - DAG(s) dict_keys(['example_skip_dag']) retrieved from /home/airflow/.local/lib/python3.7/site-packages/airflow/example_dags/example_skip_dag.py
[2023-06-15T18:10:42.010+0000] {logging_mixin.py:137} INFO - [2023-06-15T18:10:42.009+0000] {dag.py:2690} INFO - Sync 1 DAGs
[2023-06-15T18:10:42.029+0000] {logging_mixin.py:137} INFO - [2023-06-15T18:10:42.029+0000] {dag.py:3441} INFO - Setting next_dagrun for example_skip_dag to 2023-06-14T18:10:42.029046+00:00, run_after=2023-06-15T18:10:42.029046+00:00
[2023-06-15T18:10:42.043+0000] {processor.py:175} INFO - Processing /home/airflow/.local/lib/python3.7/site-packages/airflow/example_dags/example_skip_dag.py took 0.088 seconds
[2023-06-15T18:11:12.488+0000] {processor.py:153} INFO - Started process (PID=1324) to work on /home/airflow/.local/lib/python3.7/site-packages/airflow/example_dags/example_skip_dag.py
[2023-06-15T18:11:12.490+0000] {processor.py:743} INFO - Processing file /home/airflow/.local/lib/python3.7/site-packages/airflow/example_dags/example_skip_dag.py for tasks to queue
[2023-06-15T18:11:12.491+0000] {logging_mixin.py:137} INFO - [2023-06-15T18:11:12.491+0000] {dagbag.py:538} INFO - Filling up the DagBag from /home/airflow/.local/lib/python3.7/site-packages/airflow/example_dags/example_skip_dag.py
[2023-06-15T18:11:12.504+0000] {processor.py:753} INFO - DAG(s) dict_keys(['example_skip_dag']) retrieved from /home/airflow/.local/lib/python3.7/site-packages/airflow/example_dags/example_skip_dag.py
[2023-06-15T18:11:12.528+0000] {logging_mixin.py:137} INFO - [2023-06-15T18:11:12.528+0000] {dag.py:2690} INFO - Sync 1 DAGs
[2023-06-15T18:11:12.548+0000] {logging_mixin.py:137} INFO - [2023-06-15T18:11:12.547+0000] {dag.py:3441} INFO - Setting next_dagrun for example_skip_dag to 2023-06-14T18:11:12.547705+00:00, run_after=2023-06-15T18:11:12.547705+00:00
[2023-06-15T18:11:12.562+0000] {processor.py:175} INFO - Processing /home/airflow/.local/lib/python3.7/site-packages/airflow/example_dags/example_skip_dag.py took 0.078 seconds
[2023-06-15T18:11:43.185+0000] {processor.py:153} INFO - Started process (PID=1402) to work on /home/airflow/.local/lib/python3.7/site-packages/airflow/example_dags/example_skip_dag.py
[2023-06-15T18:11:43.187+0000] {processor.py:743} INFO - Processing file /home/airflow/.local/lib/python3.7/site-packages/airflow/example_dags/example_skip_dag.py for tasks to queue
[2023-06-15T18:11:43.188+0000] {logging_mixin.py:137} INFO - [2023-06-15T18:11:43.188+0000] {dagbag.py:538} INFO - Filling up the DagBag from /home/airflow/.local/lib/python3.7/site-packages/airflow/example_dags/example_skip_dag.py
[2023-06-15T18:11:43.203+0000] {processor.py:753} INFO - DAG(s) dict_keys(['example_skip_dag']) retrieved from /home/airflow/.local/lib/python3.7/site-packages/airflow/example_dags/example_skip_dag.py
[2023-06-15T18:11:43.228+0000] {logging_mixin.py:137} INFO - [2023-06-15T18:11:43.228+0000] {dag.py:2690} INFO - Sync 1 DAGs
[2023-06-15T18:11:43.251+0000] {logging_mixin.py:137} INFO - [2023-06-15T18:11:43.251+0000] {dag.py:3441} INFO - Setting next_dagrun for example_skip_dag to 2023-06-14T18:11:43.250836+00:00, run_after=2023-06-15T18:11:43.250836+00:00
[2023-06-15T18:11:43.266+0000] {processor.py:175} INFO - Processing /home/airflow/.local/lib/python3.7/site-packages/airflow/example_dags/example_skip_dag.py took 0.085 seconds
[2023-06-15T18:12:13.807+0000] {processor.py:153} INFO - Started process (PID=1477) to work on /home/airflow/.local/lib/python3.7/site-packages/airflow/example_dags/example_skip_dag.py
[2023-06-15T18:12:13.810+0000] {processor.py:743} INFO - Processing file /home/airflow/.local/lib/python3.7/site-packages/airflow/example_dags/example_skip_dag.py for tasks to queue
[2023-06-15T18:12:13.812+0000] {logging_mixin.py:137} INFO - [2023-06-15T18:12:13.811+0000] {dagbag.py:538} INFO - Filling up the DagBag from /home/airflow/.local/lib/python3.7/site-packages/airflow/example_dags/example_skip_dag.py
[2023-06-15T18:12:13.828+0000] {processor.py:753} INFO - DAG(s) dict_keys(['example_skip_dag']) retrieved from /home/airflow/.local/lib/python3.7/site-packages/airflow/example_dags/example_skip_dag.py
[2023-06-15T18:12:13.854+0000] {logging_mixin.py:137} INFO - [2023-06-15T18:12:13.854+0000] {dag.py:2690} INFO - Sync 1 DAGs
[2023-06-15T18:12:13.874+0000] {logging_mixin.py:137} INFO - [2023-06-15T18:12:13.874+0000] {dag.py:3441} INFO - Setting next_dagrun for example_skip_dag to 2023-06-14T18:12:13.873505+00:00, run_after=2023-06-15T18:12:13.873505+00:00
[2023-06-15T18:12:13.888+0000] {processor.py:175} INFO - Processing /home/airflow/.local/lib/python3.7/site-packages/airflow/example_dags/example_skip_dag.py took 0.088 seconds
[2023-06-15T18:12:44.395+0000] {processor.py:153} INFO - Started process (PID=1545) to work on /home/airflow/.local/lib/python3.7/site-packages/airflow/example_dags/example_skip_dag.py
[2023-06-15T18:12:44.397+0000] {processor.py:743} INFO - Processing file /home/airflow/.local/lib/python3.7/site-packages/airflow/example_dags/example_skip_dag.py for tasks to queue
[2023-06-15T18:12:44.399+0000] {logging_mixin.py:137} INFO - [2023-06-15T18:12:44.398+0000] {dagbag.py:538} INFO - Filling up the DagBag from /home/airflow/.local/lib/python3.7/site-packages/airflow/example_dags/example_skip_dag.py
[2023-06-15T18:12:44.415+0000] {processor.py:753} INFO - DAG(s) dict_keys(['example_skip_dag']) retrieved from /home/airflow/.local/lib/python3.7/site-packages/airflow/example_dags/example_skip_dag.py
[2023-06-15T18:12:44.440+0000] {logging_mixin.py:137} INFO - [2023-06-15T18:12:44.440+0000] {dag.py:2690} INFO - Sync 1 DAGs
[2023-06-15T18:12:44.459+0000] {logging_mixin.py:137} INFO - [2023-06-15T18:12:44.459+0000] {dag.py:3441} INFO - Setting next_dagrun for example_skip_dag to 2023-06-14T18:12:44.459021+00:00, run_after=2023-06-15T18:12:44.459021+00:00
[2023-06-15T18:12:44.473+0000] {processor.py:175} INFO - Processing /home/airflow/.local/lib/python3.7/site-packages/airflow/example_dags/example_skip_dag.py took 0.084 seconds
[2023-06-15T18:13:15.075+0000] {processor.py:153} INFO - Started process (PID=1623) to work on /home/airflow/.local/lib/python3.7/site-packages/airflow/example_dags/example_skip_dag.py
[2023-06-15T18:13:15.077+0000] {processor.py:743} INFO - Processing file /home/airflow/.local/lib/python3.7/site-packages/airflow/example_dags/example_skip_dag.py for tasks to queue
[2023-06-15T18:13:15.078+0000] {logging_mixin.py:137} INFO - [2023-06-15T18:13:15.078+0000] {dagbag.py:538} INFO - Filling up the DagBag from /home/airflow/.local/lib/python3.7/site-packages/airflow/example_dags/example_skip_dag.py
[2023-06-15T18:13:15.090+0000] {processor.py:753} INFO - DAG(s) dict_keys(['example_skip_dag']) retrieved from /home/airflow/.local/lib/python3.7/site-packages/airflow/example_dags/example_skip_dag.py
[2023-06-15T18:13:15.115+0000] {logging_mixin.py:137} INFO - [2023-06-15T18:13:15.115+0000] {dag.py:2690} INFO - Sync 1 DAGs
[2023-06-15T18:13:15.134+0000] {logging_mixin.py:137} INFO - [2023-06-15T18:13:15.134+0000] {dag.py:3441} INFO - Setting next_dagrun for example_skip_dag to 2023-06-14T18:13:15.134284+00:00, run_after=2023-06-15T18:13:15.134284+00:00
[2023-06-15T18:13:15.149+0000] {processor.py:175} INFO - Processing /home/airflow/.local/lib/python3.7/site-packages/airflow/example_dags/example_skip_dag.py took 0.078 seconds
[2023-06-15T18:13:45.901+0000] {processor.py:153} INFO - Started process (PID=1701) to work on /home/airflow/.local/lib/python3.7/site-packages/airflow/example_dags/example_skip_dag.py
[2023-06-15T18:13:45.903+0000] {processor.py:743} INFO - Processing file /home/airflow/.local/lib/python3.7/site-packages/airflow/example_dags/example_skip_dag.py for tasks to queue
[2023-06-15T18:13:45.904+0000] {logging_mixin.py:137} INFO - [2023-06-15T18:13:45.904+0000] {dagbag.py:538} INFO - Filling up the DagBag from /home/airflow/.local/lib/python3.7/site-packages/airflow/example_dags/example_skip_dag.py
[2023-06-15T18:13:45.918+0000] {processor.py:753} INFO - DAG(s) dict_keys(['example_skip_dag']) retrieved from /home/airflow/.local/lib/python3.7/site-packages/airflow/example_dags/example_skip_dag.py
[2023-06-15T18:13:45.943+0000] {logging_mixin.py:137} INFO - [2023-06-15T18:13:45.943+0000] {dag.py:2690} INFO - Sync 1 DAGs
[2023-06-15T18:13:45.962+0000] {logging_mixin.py:137} INFO - [2023-06-15T18:13:45.962+0000] {dag.py:3441} INFO - Setting next_dagrun for example_skip_dag to 2023-06-14T18:13:45.962486+00:00, run_after=2023-06-15T18:13:45.962486+00:00
[2023-06-15T18:13:45.977+0000] {processor.py:175} INFO - Processing /home/airflow/.local/lib/python3.7/site-packages/airflow/example_dags/example_skip_dag.py took 0.081 seconds
[2023-06-15T18:14:16.211+0000] {processor.py:153} INFO - Started process (PID=1766) to work on /home/airflow/.local/lib/python3.7/site-packages/airflow/example_dags/example_skip_dag.py
[2023-06-15T18:14:16.213+0000] {processor.py:743} INFO - Processing file /home/airflow/.local/lib/python3.7/site-packages/airflow/example_dags/example_skip_dag.py for tasks to queue
[2023-06-15T18:14:16.215+0000] {logging_mixin.py:137} INFO - [2023-06-15T18:14:16.215+0000] {dagbag.py:538} INFO - Filling up the DagBag from /home/airflow/.local/lib/python3.7/site-packages/airflow/example_dags/example_skip_dag.py
[2023-06-15T18:14:16.230+0000] {processor.py:753} INFO - DAG(s) dict_keys(['example_skip_dag']) retrieved from /home/airflow/.local/lib/python3.7/site-packages/airflow/example_dags/example_skip_dag.py
[2023-06-15T18:14:16.255+0000] {logging_mixin.py:137} INFO - [2023-06-15T18:14:16.255+0000] {dag.py:2690} INFO - Sync 1 DAGs
[2023-06-15T18:14:16.274+0000] {logging_mixin.py:137} INFO - [2023-06-15T18:14:16.274+0000] {dag.py:3441} INFO - Setting next_dagrun for example_skip_dag to 2023-06-14T18:14:16.274108+00:00, run_after=2023-06-15T18:14:16.274108+00:00
[2023-06-15T18:14:16.289+0000] {processor.py:175} INFO - Processing /home/airflow/.local/lib/python3.7/site-packages/airflow/example_dags/example_skip_dag.py took 0.083 seconds
[2023-06-15T18:14:46.942+0000] {processor.py:153} INFO - Started process (PID=1843) to work on /home/airflow/.local/lib/python3.7/site-packages/airflow/example_dags/example_skip_dag.py
[2023-06-15T18:14:46.944+0000] {processor.py:743} INFO - Processing file /home/airflow/.local/lib/python3.7/site-packages/airflow/example_dags/example_skip_dag.py for tasks to queue
[2023-06-15T18:14:46.946+0000] {logging_mixin.py:137} INFO - [2023-06-15T18:14:46.946+0000] {dagbag.py:538} INFO - Filling up the DagBag from /home/airflow/.local/lib/python3.7/site-packages/airflow/example_dags/example_skip_dag.py
[2023-06-15T18:14:46.963+0000] {processor.py:753} INFO - DAG(s) dict_keys(['example_skip_dag']) retrieved from /home/airflow/.local/lib/python3.7/site-packages/airflow/example_dags/example_skip_dag.py
[2023-06-15T18:14:46.995+0000] {logging_mixin.py:137} INFO - [2023-06-15T18:14:46.995+0000] {dag.py:2690} INFO - Sync 1 DAGs
[2023-06-15T18:14:47.019+0000] {logging_mixin.py:137} INFO - [2023-06-15T18:14:47.019+0000] {dag.py:3441} INFO - Setting next_dagrun for example_skip_dag to 2023-06-14T18:14:47.018744+00:00, run_after=2023-06-15T18:14:47.018744+00:00
[2023-06-15T18:14:47.056+0000] {processor.py:175} INFO - Processing /home/airflow/.local/lib/python3.7/site-packages/airflow/example_dags/example_skip_dag.py took 0.119 seconds
[2023-06-15T18:15:17.577+0000] {processor.py:153} INFO - Started process (PID=1908) to work on /home/airflow/.local/lib/python3.7/site-packages/airflow/example_dags/example_skip_dag.py
[2023-06-15T18:15:17.579+0000] {processor.py:743} INFO - Processing file /home/airflow/.local/lib/python3.7/site-packages/airflow/example_dags/example_skip_dag.py for tasks to queue
[2023-06-15T18:15:17.580+0000] {logging_mixin.py:137} INFO - [2023-06-15T18:15:17.579+0000] {dagbag.py:538} INFO - Filling up the DagBag from /home/airflow/.local/lib/python3.7/site-packages/airflow/example_dags/example_skip_dag.py
[2023-06-15T18:15:17.593+0000] {processor.py:753} INFO - DAG(s) dict_keys(['example_skip_dag']) retrieved from /home/airflow/.local/lib/python3.7/site-packages/airflow/example_dags/example_skip_dag.py
[2023-06-15T18:15:17.618+0000] {logging_mixin.py:137} INFO - [2023-06-15T18:15:17.617+0000] {dag.py:2690} INFO - Sync 1 DAGs
[2023-06-15T18:15:17.637+0000] {logging_mixin.py:137} INFO - [2023-06-15T18:15:17.637+0000] {dag.py:3441} INFO - Setting next_dagrun for example_skip_dag to 2023-06-14T18:15:17.637507+00:00, run_after=2023-06-15T18:15:17.637507+00:00
[2023-06-15T18:15:17.652+0000] {processor.py:175} INFO - Processing /home/airflow/.local/lib/python3.7/site-packages/airflow/example_dags/example_skip_dag.py took 0.078 seconds
[2023-06-15T18:15:47.822+0000] {processor.py:153} INFO - Started process (PID=1987) to work on /home/airflow/.local/lib/python3.7/site-packages/airflow/example_dags/example_skip_dag.py
[2023-06-15T18:15:47.824+0000] {processor.py:743} INFO - Processing file /home/airflow/.local/lib/python3.7/site-packages/airflow/example_dags/example_skip_dag.py for tasks to queue
[2023-06-15T18:15:47.830+0000] {logging_mixin.py:137} INFO - [2023-06-15T18:15:47.830+0000] {dagbag.py:538} INFO - Filling up the DagBag from /home/airflow/.local/lib/python3.7/site-packages/airflow/example_dags/example_skip_dag.py
[2023-06-15T18:15:47.845+0000] {processor.py:753} INFO - DAG(s) dict_keys(['example_skip_dag']) retrieved from /home/airflow/.local/lib/python3.7/site-packages/airflow/example_dags/example_skip_dag.py
[2023-06-15T18:15:47.870+0000] {logging_mixin.py:137} INFO - [2023-06-15T18:15:47.870+0000] {dag.py:2690} INFO - Sync 1 DAGs
[2023-06-15T18:15:47.890+0000] {logging_mixin.py:137} INFO - [2023-06-15T18:15:47.890+0000] {dag.py:3441} INFO - Setting next_dagrun for example_skip_dag to 2023-06-14T18:15:47.890128+00:00, run_after=2023-06-15T18:15:47.890128+00:00
[2023-06-15T18:15:47.906+0000] {processor.py:175} INFO - Processing /home/airflow/.local/lib/python3.7/site-packages/airflow/example_dags/example_skip_dag.py took 0.089 seconds
[2023-06-15T18:16:18.643+0000] {processor.py:153} INFO - Started process (PID=2064) to work on /home/airflow/.local/lib/python3.7/site-packages/airflow/example_dags/example_skip_dag.py
[2023-06-15T18:16:18.645+0000] {processor.py:743} INFO - Processing file /home/airflow/.local/lib/python3.7/site-packages/airflow/example_dags/example_skip_dag.py for tasks to queue
[2023-06-15T18:16:18.646+0000] {logging_mixin.py:137} INFO - [2023-06-15T18:16:18.646+0000] {dagbag.py:538} INFO - Filling up the DagBag from /home/airflow/.local/lib/python3.7/site-packages/airflow/example_dags/example_skip_dag.py
[2023-06-15T18:16:18.661+0000] {processor.py:753} INFO - DAG(s) dict_keys(['example_skip_dag']) retrieved from /home/airflow/.local/lib/python3.7/site-packages/airflow/example_dags/example_skip_dag.py
[2023-06-15T18:16:18.688+0000] {logging_mixin.py:137} INFO - [2023-06-15T18:16:18.687+0000] {dag.py:2690} INFO - Sync 1 DAGs
[2023-06-15T18:16:18.708+0000] {logging_mixin.py:137} INFO - [2023-06-15T18:16:18.708+0000] {dag.py:3441} INFO - Setting next_dagrun for example_skip_dag to 2023-06-14T18:16:18.708444+00:00, run_after=2023-06-15T18:16:18.708444+00:00
[2023-06-15T18:16:18.724+0000] {processor.py:175} INFO - Processing /home/airflow/.local/lib/python3.7/site-packages/airflow/example_dags/example_skip_dag.py took 0.085 seconds
[2023-06-15T18:16:49.075+0000] {processor.py:153} INFO - Started process (PID=2129) to work on /home/airflow/.local/lib/python3.7/site-packages/airflow/example_dags/example_skip_dag.py
[2023-06-15T18:16:49.077+0000] {processor.py:743} INFO - Processing file /home/airflow/.local/lib/python3.7/site-packages/airflow/example_dags/example_skip_dag.py for tasks to queue
[2023-06-15T18:16:49.079+0000] {logging_mixin.py:137} INFO - [2023-06-15T18:16:49.079+0000] {dagbag.py:538} INFO - Filling up the DagBag from /home/airflow/.local/lib/python3.7/site-packages/airflow/example_dags/example_skip_dag.py
[2023-06-15T18:16:49.092+0000] {processor.py:753} INFO - DAG(s) dict_keys(['example_skip_dag']) retrieved from /home/airflow/.local/lib/python3.7/site-packages/airflow/example_dags/example_skip_dag.py
[2023-06-15T18:16:49.118+0000] {logging_mixin.py:137} INFO - [2023-06-15T18:16:49.118+0000] {dag.py:2690} INFO - Sync 1 DAGs
[2023-06-15T18:16:49.137+0000] {logging_mixin.py:137} INFO - [2023-06-15T18:16:49.136+0000] {dag.py:3441} INFO - Setting next_dagrun for example_skip_dag to 2023-06-14T18:16:49.136688+00:00, run_after=2023-06-15T18:16:49.136688+00:00
[2023-06-15T18:16:49.153+0000] {processor.py:175} INFO - Processing /home/airflow/.local/lib/python3.7/site-packages/airflow/example_dags/example_skip_dag.py took 0.081 seconds
[2023-06-15T18:17:19.654+0000] {processor.py:153} INFO - Started process (PID=2206) to work on /home/airflow/.local/lib/python3.7/site-packages/airflow/example_dags/example_skip_dag.py
[2023-06-15T18:17:19.655+0000] {processor.py:743} INFO - Processing file /home/airflow/.local/lib/python3.7/site-packages/airflow/example_dags/example_skip_dag.py for tasks to queue
[2023-06-15T18:17:19.656+0000] {logging_mixin.py:137} INFO - [2023-06-15T18:17:19.656+0000] {dagbag.py:538} INFO - Filling up the DagBag from /home/airflow/.local/lib/python3.7/site-packages/airflow/example_dags/example_skip_dag.py
[2023-06-15T18:17:19.670+0000] {processor.py:753} INFO - DAG(s) dict_keys(['example_skip_dag']) retrieved from /home/airflow/.local/lib/python3.7/site-packages/airflow/example_dags/example_skip_dag.py
[2023-06-15T18:17:19.697+0000] {logging_mixin.py:137} INFO - [2023-06-15T18:17:19.697+0000] {dag.py:2690} INFO - Sync 1 DAGs
[2023-06-15T18:17:19.718+0000] {logging_mixin.py:137} INFO - [2023-06-15T18:17:19.718+0000] {dag.py:3441} INFO - Setting next_dagrun for example_skip_dag to 2023-06-14T18:17:19.718431+00:00, run_after=2023-06-15T18:17:19.718431+00:00
[2023-06-15T18:17:19.735+0000] {processor.py:175} INFO - Processing /home/airflow/.local/lib/python3.7/site-packages/airflow/example_dags/example_skip_dag.py took 0.084 seconds
[2023-06-15T18:44:51.978+0000] {processor.py:153} INFO - Started process (PID=2287) to work on /home/airflow/.local/lib/python3.7/site-packages/airflow/example_dags/example_skip_dag.py
[2023-06-15T18:44:51.980+0000] {processor.py:743} INFO - Processing file /home/airflow/.local/lib/python3.7/site-packages/airflow/example_dags/example_skip_dag.py for tasks to queue
[2023-06-15T18:44:51.981+0000] {logging_mixin.py:137} INFO - [2023-06-15T18:44:51.981+0000] {dagbag.py:538} INFO - Filling up the DagBag from /home/airflow/.local/lib/python3.7/site-packages/airflow/example_dags/example_skip_dag.py
[2023-06-15T18:44:52.026+0000] {processor.py:753} INFO - DAG(s) dict_keys(['example_skip_dag']) retrieved from /home/airflow/.local/lib/python3.7/site-packages/airflow/example_dags/example_skip_dag.py
[2023-06-15T18:44:52.091+0000] {logging_mixin.py:137} INFO - [2023-06-15T18:44:52.091+0000] {dag.py:2690} INFO - Sync 1 DAGs
[2023-06-15T18:44:52.146+0000] {logging_mixin.py:137} INFO - [2023-06-15T18:44:52.146+0000] {dag.py:3441} INFO - Setting next_dagrun for example_skip_dag to 2023-06-14T18:44:52.145831+00:00, run_after=2023-06-15T18:44:52.145831+00:00
[2023-06-15T18:44:52.200+0000] {processor.py:175} INFO - Processing /home/airflow/.local/lib/python3.7/site-packages/airflow/example_dags/example_skip_dag.py took 0.231 seconds
[2023-06-15T18:45:22.961+0000] {processor.py:153} INFO - Started process (PID=2356) to work on /home/airflow/.local/lib/python3.7/site-packages/airflow/example_dags/example_skip_dag.py
[2023-06-15T18:45:22.963+0000] {processor.py:743} INFO - Processing file /home/airflow/.local/lib/python3.7/site-packages/airflow/example_dags/example_skip_dag.py for tasks to queue
[2023-06-15T18:45:22.963+0000] {logging_mixin.py:137} INFO - [2023-06-15T18:45:22.963+0000] {dagbag.py:538} INFO - Filling up the DagBag from /home/airflow/.local/lib/python3.7/site-packages/airflow/example_dags/example_skip_dag.py
[2023-06-15T18:45:22.977+0000] {processor.py:753} INFO - DAG(s) dict_keys(['example_skip_dag']) retrieved from /home/airflow/.local/lib/python3.7/site-packages/airflow/example_dags/example_skip_dag.py
[2023-06-15T18:45:23.003+0000] {logging_mixin.py:137} INFO - [2023-06-15T18:45:23.003+0000] {dag.py:2690} INFO - Sync 1 DAGs
[2023-06-15T18:45:23.024+0000] {logging_mixin.py:137} INFO - [2023-06-15T18:45:23.024+0000] {dag.py:3441} INFO - Setting next_dagrun for example_skip_dag to 2023-06-14T18:45:23.024378+00:00, run_after=2023-06-15T18:45:23.024378+00:00
[2023-06-15T18:45:23.043+0000] {processor.py:175} INFO - Processing /home/airflow/.local/lib/python3.7/site-packages/airflow/example_dags/example_skip_dag.py took 0.086 seconds
[2023-06-15T18:45:53.563+0000] {processor.py:153} INFO - Started process (PID=2433) to work on /home/airflow/.local/lib/python3.7/site-packages/airflow/example_dags/example_skip_dag.py
[2023-06-15T18:45:53.564+0000] {processor.py:743} INFO - Processing file /home/airflow/.local/lib/python3.7/site-packages/airflow/example_dags/example_skip_dag.py for tasks to queue
[2023-06-15T18:45:53.566+0000] {logging_mixin.py:137} INFO - [2023-06-15T18:45:53.565+0000] {dagbag.py:538} INFO - Filling up the DagBag from /home/airflow/.local/lib/python3.7/site-packages/airflow/example_dags/example_skip_dag.py
[2023-06-15T18:45:53.578+0000] {processor.py:753} INFO - DAG(s) dict_keys(['example_skip_dag']) retrieved from /home/airflow/.local/lib/python3.7/site-packages/airflow/example_dags/example_skip_dag.py
[2023-06-15T18:45:53.605+0000] {logging_mixin.py:137} INFO - [2023-06-15T18:45:53.605+0000] {dag.py:2690} INFO - Sync 1 DAGs
[2023-06-15T18:45:53.625+0000] {logging_mixin.py:137} INFO - [2023-06-15T18:45:53.625+0000] {dag.py:3441} INFO - Setting next_dagrun for example_skip_dag to 2023-06-14T18:45:53.625092+00:00, run_after=2023-06-15T18:45:53.625092+00:00
[2023-06-15T18:45:53.640+0000] {processor.py:175} INFO - Processing /home/airflow/.local/lib/python3.7/site-packages/airflow/example_dags/example_skip_dag.py took 0.081 seconds
[2023-06-15T18:46:24.582+0000] {processor.py:153} INFO - Started process (PID=2505) to work on /home/airflow/.local/lib/python3.7/site-packages/airflow/example_dags/example_skip_dag.py
[2023-06-15T18:46:24.584+0000] {processor.py:743} INFO - Processing file /home/airflow/.local/lib/python3.7/site-packages/airflow/example_dags/example_skip_dag.py for tasks to queue
[2023-06-15T18:46:24.585+0000] {logging_mixin.py:137} INFO - [2023-06-15T18:46:24.585+0000] {dagbag.py:538} INFO - Filling up the DagBag from /home/airflow/.local/lib/python3.7/site-packages/airflow/example_dags/example_skip_dag.py
[2023-06-15T18:46:24.604+0000] {processor.py:753} INFO - DAG(s) dict_keys(['example_skip_dag']) retrieved from /home/airflow/.local/lib/python3.7/site-packages/airflow/example_dags/example_skip_dag.py
[2023-06-15T18:46:24.637+0000] {logging_mixin.py:137} INFO - [2023-06-15T18:46:24.637+0000] {dag.py:2690} INFO - Sync 1 DAGs
[2023-06-15T18:46:24.668+0000] {logging_mixin.py:137} INFO - [2023-06-15T18:46:24.668+0000] {dag.py:3441} INFO - Setting next_dagrun for example_skip_dag to 2023-06-14T18:46:24.668133+00:00, run_after=2023-06-15T18:46:24.668133+00:00
[2023-06-15T18:46:24.690+0000] {processor.py:175} INFO - Processing /home/airflow/.local/lib/python3.7/site-packages/airflow/example_dags/example_skip_dag.py took 0.112 seconds
[2023-06-15T18:46:55.676+0000] {processor.py:153} INFO - Started process (PID=2574) to work on /home/airflow/.local/lib/python3.7/site-packages/airflow/example_dags/example_skip_dag.py
[2023-06-15T18:46:55.679+0000] {processor.py:743} INFO - Processing file /home/airflow/.local/lib/python3.7/site-packages/airflow/example_dags/example_skip_dag.py for tasks to queue
[2023-06-15T18:46:55.681+0000] {logging_mixin.py:137} INFO - [2023-06-15T18:46:55.681+0000] {dagbag.py:538} INFO - Filling up the DagBag from /home/airflow/.local/lib/python3.7/site-packages/airflow/example_dags/example_skip_dag.py
[2023-06-15T18:46:55.698+0000] {processor.py:753} INFO - DAG(s) dict_keys(['example_skip_dag']) retrieved from /home/airflow/.local/lib/python3.7/site-packages/airflow/example_dags/example_skip_dag.py
[2023-06-15T18:46:55.724+0000] {logging_mixin.py:137} INFO - [2023-06-15T18:46:55.724+0000] {dag.py:2690} INFO - Sync 1 DAGs
[2023-06-15T18:46:55.744+0000] {logging_mixin.py:137} INFO - [2023-06-15T18:46:55.744+0000] {dag.py:3441} INFO - Setting next_dagrun for example_skip_dag to 2023-06-14T18:46:55.744201+00:00, run_after=2023-06-15T18:46:55.744201+00:00
[2023-06-15T18:46:55.758+0000] {processor.py:175} INFO - Processing /home/airflow/.local/lib/python3.7/site-packages/airflow/example_dags/example_skip_dag.py took 0.089 seconds
[2023-06-15T18:47:25.873+0000] {processor.py:153} INFO - Started process (PID=2650) to work on /home/airflow/.local/lib/python3.7/site-packages/airflow/example_dags/example_skip_dag.py
[2023-06-15T18:47:25.876+0000] {processor.py:743} INFO - Processing file /home/airflow/.local/lib/python3.7/site-packages/airflow/example_dags/example_skip_dag.py for tasks to queue
[2023-06-15T18:47:25.877+0000] {logging_mixin.py:137} INFO - [2023-06-15T18:47:25.877+0000] {dagbag.py:538} INFO - Filling up the DagBag from /home/airflow/.local/lib/python3.7/site-packages/airflow/example_dags/example_skip_dag.py
[2023-06-15T18:47:25.895+0000] {processor.py:753} INFO - DAG(s) dict_keys(['example_skip_dag']) retrieved from /home/airflow/.local/lib/python3.7/site-packages/airflow/example_dags/example_skip_dag.py
[2023-06-15T18:47:25.919+0000] {logging_mixin.py:137} INFO - [2023-06-15T18:47:25.919+0000] {dag.py:2690} INFO - Sync 1 DAGs
[2023-06-15T18:47:25.938+0000] {logging_mixin.py:137} INFO - [2023-06-15T18:47:25.938+0000] {dag.py:3441} INFO - Setting next_dagrun for example_skip_dag to 2023-06-14T18:47:25.938299+00:00, run_after=2023-06-15T18:47:25.938299+00:00
[2023-06-15T18:47:25.953+0000] {processor.py:175} INFO - Processing /home/airflow/.local/lib/python3.7/site-packages/airflow/example_dags/example_skip_dag.py took 0.087 seconds
[2023-06-15T18:47:56.595+0000] {processor.py:153} INFO - Started process (PID=2715) to work on /home/airflow/.local/lib/python3.7/site-packages/airflow/example_dags/example_skip_dag.py
[2023-06-15T18:47:56.597+0000] {processor.py:743} INFO - Processing file /home/airflow/.local/lib/python3.7/site-packages/airflow/example_dags/example_skip_dag.py for tasks to queue
[2023-06-15T18:47:56.598+0000] {logging_mixin.py:137} INFO - [2023-06-15T18:47:56.598+0000] {dagbag.py:538} INFO - Filling up the DagBag from /home/airflow/.local/lib/python3.7/site-packages/airflow/example_dags/example_skip_dag.py
[2023-06-15T18:47:56.611+0000] {processor.py:753} INFO - DAG(s) dict_keys(['example_skip_dag']) retrieved from /home/airflow/.local/lib/python3.7/site-packages/airflow/example_dags/example_skip_dag.py
[2023-06-15T18:47:56.637+0000] {logging_mixin.py:137} INFO - [2023-06-15T18:47:56.637+0000] {dag.py:2690} INFO - Sync 1 DAGs
[2023-06-15T18:47:56.658+0000] {logging_mixin.py:137} INFO - [2023-06-15T18:47:56.658+0000] {dag.py:3441} INFO - Setting next_dagrun for example_skip_dag to 2023-06-14T18:47:56.657854+00:00, run_after=2023-06-15T18:47:56.657854+00:00
[2023-06-15T18:47:56.673+0000] {processor.py:175} INFO - Processing /home/airflow/.local/lib/python3.7/site-packages/airflow/example_dags/example_skip_dag.py took 0.083 seconds
[2023-06-15T18:48:30.001+0000] {processor.py:153} INFO - Started process (PID=2794) to work on /home/airflow/.local/lib/python3.7/site-packages/airflow/example_dags/example_skip_dag.py
[2023-06-15T18:48:30.003+0000] {processor.py:743} INFO - Processing file /home/airflow/.local/lib/python3.7/site-packages/airflow/example_dags/example_skip_dag.py for tasks to queue
[2023-06-15T18:48:30.004+0000] {logging_mixin.py:137} INFO - [2023-06-15T18:48:30.004+0000] {dagbag.py:538} INFO - Filling up the DagBag from /home/airflow/.local/lib/python3.7/site-packages/airflow/example_dags/example_skip_dag.py
[2023-06-15T18:48:30.017+0000] {processor.py:753} INFO - DAG(s) dict_keys(['example_skip_dag']) retrieved from /home/airflow/.local/lib/python3.7/site-packages/airflow/example_dags/example_skip_dag.py
[2023-06-15T18:48:30.046+0000] {logging_mixin.py:137} INFO - [2023-06-15T18:48:30.046+0000] {dag.py:2690} INFO - Sync 1 DAGs
[2023-06-15T18:48:30.068+0000] {logging_mixin.py:137} INFO - [2023-06-15T18:48:30.068+0000] {dag.py:3441} INFO - Setting next_dagrun for example_skip_dag to 2023-06-14T18:48:30.067730+00:00, run_after=2023-06-15T18:48:30.067730+00:00
[2023-06-15T18:48:30.101+0000] {processor.py:175} INFO - Processing /home/airflow/.local/lib/python3.7/site-packages/airflow/example_dags/example_skip_dag.py took 0.104 seconds
[2023-06-15T18:49:00.932+0000] {processor.py:153} INFO - Started process (PID=2859) to work on /home/airflow/.local/lib/python3.7/site-packages/airflow/example_dags/example_skip_dag.py
[2023-06-15T18:49:00.934+0000] {processor.py:743} INFO - Processing file /home/airflow/.local/lib/python3.7/site-packages/airflow/example_dags/example_skip_dag.py for tasks to queue
[2023-06-15T18:49:00.935+0000] {logging_mixin.py:137} INFO - [2023-06-15T18:49:00.935+0000] {dagbag.py:538} INFO - Filling up the DagBag from /home/airflow/.local/lib/python3.7/site-packages/airflow/example_dags/example_skip_dag.py
[2023-06-15T18:49:00.948+0000] {processor.py:753} INFO - DAG(s) dict_keys(['example_skip_dag']) retrieved from /home/airflow/.local/lib/python3.7/site-packages/airflow/example_dags/example_skip_dag.py
[2023-06-15T18:49:00.974+0000] {logging_mixin.py:137} INFO - [2023-06-15T18:49:00.974+0000] {dag.py:2690} INFO - Sync 1 DAGs
[2023-06-15T18:49:00.993+0000] {logging_mixin.py:137} INFO - [2023-06-15T18:49:00.993+0000] {dag.py:3441} INFO - Setting next_dagrun for example_skip_dag to 2023-06-14T18:49:00.993238+00:00, run_after=2023-06-15T18:49:00.993238+00:00
[2023-06-15T18:49:01.006+0000] {processor.py:175} INFO - Processing /home/airflow/.local/lib/python3.7/site-packages/airflow/example_dags/example_skip_dag.py took 0.078 seconds
[2023-06-15T18:49:31.182+0000] {processor.py:153} INFO - Started process (PID=2935) to work on /home/airflow/.local/lib/python3.7/site-packages/airflow/example_dags/example_skip_dag.py
[2023-06-15T18:49:31.184+0000] {processor.py:743} INFO - Processing file /home/airflow/.local/lib/python3.7/site-packages/airflow/example_dags/example_skip_dag.py for tasks to queue
[2023-06-15T18:49:31.185+0000] {logging_mixin.py:137} INFO - [2023-06-15T18:49:31.185+0000] {dagbag.py:538} INFO - Filling up the DagBag from /home/airflow/.local/lib/python3.7/site-packages/airflow/example_dags/example_skip_dag.py
[2023-06-15T18:49:31.198+0000] {processor.py:753} INFO - DAG(s) dict_keys(['example_skip_dag']) retrieved from /home/airflow/.local/lib/python3.7/site-packages/airflow/example_dags/example_skip_dag.py
[2023-06-15T18:49:31.224+0000] {logging_mixin.py:137} INFO - [2023-06-15T18:49:31.224+0000] {dag.py:2690} INFO - Sync 1 DAGs
[2023-06-15T18:49:31.245+0000] {logging_mixin.py:137} INFO - [2023-06-15T18:49:31.245+0000] {dag.py:3441} INFO - Setting next_dagrun for example_skip_dag to 2023-06-14T18:49:31.244860+00:00, run_after=2023-06-15T18:49:31.244860+00:00
[2023-06-15T18:49:31.260+0000] {processor.py:175} INFO - Processing /home/airflow/.local/lib/python3.7/site-packages/airflow/example_dags/example_skip_dag.py took 0.081 seconds
[2023-06-15T18:50:02.516+0000] {processor.py:153} INFO - Started process (PID=3012) to work on /home/airflow/.local/lib/python3.7/site-packages/airflow/example_dags/example_skip_dag.py
[2023-06-15T18:50:02.517+0000] {processor.py:743} INFO - Processing file /home/airflow/.local/lib/python3.7/site-packages/airflow/example_dags/example_skip_dag.py for tasks to queue
[2023-06-15T18:50:02.518+0000] {logging_mixin.py:137} INFO - [2023-06-15T18:50:02.518+0000] {dagbag.py:538} INFO - Filling up the DagBag from /home/airflow/.local/lib/python3.7/site-packages/airflow/example_dags/example_skip_dag.py
[2023-06-15T18:50:02.531+0000] {processor.py:753} INFO - DAG(s) dict_keys(['example_skip_dag']) retrieved from /home/airflow/.local/lib/python3.7/site-packages/airflow/example_dags/example_skip_dag.py
[2023-06-15T18:50:02.558+0000] {logging_mixin.py:137} INFO - [2023-06-15T18:50:02.558+0000] {dag.py:2690} INFO - Sync 1 DAGs
[2023-06-15T18:50:02.577+0000] {logging_mixin.py:137} INFO - [2023-06-15T18:50:02.577+0000] {dag.py:3441} INFO - Setting next_dagrun for example_skip_dag to 2023-06-14T18:50:02.577416+00:00, run_after=2023-06-15T18:50:02.577416+00:00
[2023-06-15T18:50:02.593+0000] {processor.py:175} INFO - Processing /home/airflow/.local/lib/python3.7/site-packages/airflow/example_dags/example_skip_dag.py took 0.081 seconds
[2023-06-15T18:50:33.680+0000] {processor.py:153} INFO - Started process (PID=3080) to work on /home/airflow/.local/lib/python3.7/site-packages/airflow/example_dags/example_skip_dag.py
[2023-06-15T18:50:33.682+0000] {processor.py:743} INFO - Processing file /home/airflow/.local/lib/python3.7/site-packages/airflow/example_dags/example_skip_dag.py for tasks to queue
[2023-06-15T18:50:33.687+0000] {logging_mixin.py:137} INFO - [2023-06-15T18:50:33.687+0000] {dagbag.py:538} INFO - Filling up the DagBag from /home/airflow/.local/lib/python3.7/site-packages/airflow/example_dags/example_skip_dag.py
[2023-06-15T18:50:33.701+0000] {processor.py:753} INFO - DAG(s) dict_keys(['example_skip_dag']) retrieved from /home/airflow/.local/lib/python3.7/site-packages/airflow/example_dags/example_skip_dag.py
[2023-06-15T18:50:33.731+0000] {logging_mixin.py:137} INFO - [2023-06-15T18:50:33.731+0000] {dag.py:2690} INFO - Sync 1 DAGs
[2023-06-15T18:50:33.758+0000] {logging_mixin.py:137} INFO - [2023-06-15T18:50:33.757+0000] {dag.py:3441} INFO - Setting next_dagrun for example_skip_dag to 2023-06-14T18:50:33.757578+00:00, run_after=2023-06-15T18:50:33.757578+00:00
[2023-06-15T18:50:33.777+0000] {processor.py:175} INFO - Processing /home/airflow/.local/lib/python3.7/site-packages/airflow/example_dags/example_skip_dag.py took 0.102 seconds
