[2023-06-15T18:01:59.785+0000] {processor.py:153} INFO - Started process (PID=45) to work on /home/airflow/.local/lib/python3.7/site-packages/airflow/example_dags/example_branch_labels.py
[2023-06-15T18:01:59.792+0000] {processor.py:743} INFO - Processing file /home/airflow/.local/lib/python3.7/site-packages/airflow/example_dags/example_branch_labels.py for tasks to queue
[2023-06-15T18:01:59.793+0000] {logging_mixin.py:137} INFO - [2023-06-15T18:01:59.793+0000] {dagbag.py:538} INFO - Filling up the DagBag from /home/airflow/.local/lib/python3.7/site-packages/airflow/example_dags/example_branch_labels.py
[2023-06-15T18:01:59.834+0000] {processor.py:753} INFO - DAG(s) dict_keys(['example_branch_labels']) retrieved from /home/airflow/.local/lib/python3.7/site-packages/airflow/example_dags/example_branch_labels.py
[2023-06-15T18:01:59.876+0000] {logging_mixin.py:137} INFO - [2023-06-15T18:01:59.876+0000] {dag.py:2690} INFO - Sync 1 DAGs
[2023-06-15T18:01:59.941+0000] {logging_mixin.py:137} INFO - [2023-06-15T18:01:59.940+0000] {dag.py:3441} INFO - Setting next_dagrun for example_branch_labels to 2023-06-14T00:00:00+00:00, run_after=2023-06-15T00:00:00+00:00
[2023-06-15T18:02:00.015+0000] {processor.py:175} INFO - Processing /home/airflow/.local/lib/python3.7/site-packages/airflow/example_dags/example_branch_labels.py took 0.243 seconds
[2023-06-15T18:02:30.791+0000] {processor.py:153} INFO - Started process (PID=114) to work on /home/airflow/.local/lib/python3.7/site-packages/airflow/example_dags/example_branch_labels.py
[2023-06-15T18:02:30.794+0000] {processor.py:743} INFO - Processing file /home/airflow/.local/lib/python3.7/site-packages/airflow/example_dags/example_branch_labels.py for tasks to queue
[2023-06-15T18:02:30.795+0000] {logging_mixin.py:137} INFO - [2023-06-15T18:02:30.795+0000] {dagbag.py:538} INFO - Filling up the DagBag from /home/airflow/.local/lib/python3.7/site-packages/airflow/example_dags/example_branch_labels.py
[2023-06-15T18:02:30.819+0000] {processor.py:753} INFO - DAG(s) dict_keys(['example_branch_labels']) retrieved from /home/airflow/.local/lib/python3.7/site-packages/airflow/example_dags/example_branch_labels.py
[2023-06-15T18:02:30.859+0000] {logging_mixin.py:137} INFO - [2023-06-15T18:02:30.858+0000] {dag.py:2690} INFO - Sync 1 DAGs
[2023-06-15T18:02:30.886+0000] {logging_mixin.py:137} INFO - [2023-06-15T18:02:30.886+0000] {dag.py:3441} INFO - Setting next_dagrun for example_branch_labels to 2023-06-14T00:00:00+00:00, run_after=2023-06-15T00:00:00+00:00
[2023-06-15T18:02:30.906+0000] {processor.py:175} INFO - Processing /home/airflow/.local/lib/python3.7/site-packages/airflow/example_dags/example_branch_labels.py took 0.118 seconds
[2023-06-15T18:03:01.799+0000] {processor.py:153} INFO - Started process (PID=178) to work on /home/airflow/.local/lib/python3.7/site-packages/airflow/example_dags/example_branch_labels.py
[2023-06-15T18:03:01.800+0000] {processor.py:743} INFO - Processing file /home/airflow/.local/lib/python3.7/site-packages/airflow/example_dags/example_branch_labels.py for tasks to queue
[2023-06-15T18:03:01.801+0000] {logging_mixin.py:137} INFO - [2023-06-15T18:03:01.801+0000] {dagbag.py:538} INFO - Filling up the DagBag from /home/airflow/.local/lib/python3.7/site-packages/airflow/example_dags/example_branch_labels.py
[2023-06-15T18:03:01.815+0000] {processor.py:753} INFO - DAG(s) dict_keys(['example_branch_labels']) retrieved from /home/airflow/.local/lib/python3.7/site-packages/airflow/example_dags/example_branch_labels.py
[2023-06-15T18:03:01.844+0000] {logging_mixin.py:137} INFO - [2023-06-15T18:03:01.844+0000] {dag.py:2690} INFO - Sync 1 DAGs
[2023-06-15T18:03:01.867+0000] {logging_mixin.py:137} INFO - [2023-06-15T18:03:01.867+0000] {dag.py:3441} INFO - Setting next_dagrun for example_branch_labels to 2023-06-14T00:00:00+00:00, run_after=2023-06-15T00:00:00+00:00
[2023-06-15T18:03:01.882+0000] {processor.py:175} INFO - Processing /home/airflow/.local/lib/python3.7/site-packages/airflow/example_dags/example_branch_labels.py took 0.086 seconds
[2023-06-15T18:03:32.698+0000] {processor.py:153} INFO - Started process (PID=254) to work on /home/airflow/.local/lib/python3.7/site-packages/airflow/example_dags/example_branch_labels.py
[2023-06-15T18:03:32.701+0000] {processor.py:743} INFO - Processing file /home/airflow/.local/lib/python3.7/site-packages/airflow/example_dags/example_branch_labels.py for tasks to queue
[2023-06-15T18:03:32.702+0000] {logging_mixin.py:137} INFO - [2023-06-15T18:03:32.702+0000] {dagbag.py:538} INFO - Filling up the DagBag from /home/airflow/.local/lib/python3.7/site-packages/airflow/example_dags/example_branch_labels.py
[2023-06-15T18:03:32.719+0000] {processor.py:753} INFO - DAG(s) dict_keys(['example_branch_labels']) retrieved from /home/airflow/.local/lib/python3.7/site-packages/airflow/example_dags/example_branch_labels.py
[2023-06-15T18:03:32.746+0000] {logging_mixin.py:137} INFO - [2023-06-15T18:03:32.746+0000] {dag.py:2690} INFO - Sync 1 DAGs
[2023-06-15T18:03:32.767+0000] {logging_mixin.py:137} INFO - [2023-06-15T18:03:32.767+0000] {dag.py:3441} INFO - Setting next_dagrun for example_branch_labels to 2023-06-14T00:00:00+00:00, run_after=2023-06-15T00:00:00+00:00
[2023-06-15T18:03:32.781+0000] {processor.py:175} INFO - Processing /home/airflow/.local/lib/python3.7/site-packages/airflow/example_dags/example_branch_labels.py took 0.088 seconds
[2023-06-15T18:04:03.526+0000] {processor.py:153} INFO - Started process (PID=331) to work on /home/airflow/.local/lib/python3.7/site-packages/airflow/example_dags/example_branch_labels.py
[2023-06-15T18:04:03.529+0000] {processor.py:743} INFO - Processing file /home/airflow/.local/lib/python3.7/site-packages/airflow/example_dags/example_branch_labels.py for tasks to queue
[2023-06-15T18:04:03.530+0000] {logging_mixin.py:137} INFO - [2023-06-15T18:04:03.530+0000] {dagbag.py:538} INFO - Filling up the DagBag from /home/airflow/.local/lib/python3.7/site-packages/airflow/example_dags/example_branch_labels.py
[2023-06-15T18:04:03.545+0000] {processor.py:753} INFO - DAG(s) dict_keys(['example_branch_labels']) retrieved from /home/airflow/.local/lib/python3.7/site-packages/airflow/example_dags/example_branch_labels.py
[2023-06-15T18:04:03.569+0000] {logging_mixin.py:137} INFO - [2023-06-15T18:04:03.568+0000] {dag.py:2690} INFO - Sync 1 DAGs
[2023-06-15T18:04:03.591+0000] {logging_mixin.py:137} INFO - [2023-06-15T18:04:03.591+0000] {dag.py:3441} INFO - Setting next_dagrun for example_branch_labels to 2023-06-14T00:00:00+00:00, run_after=2023-06-15T00:00:00+00:00
[2023-06-15T18:04:03.605+0000] {processor.py:175} INFO - Processing /home/airflow/.local/lib/python3.7/site-packages/airflow/example_dags/example_branch_labels.py took 0.082 seconds
[2023-06-15T18:04:34.129+0000] {processor.py:153} INFO - Started process (PID=395) to work on /home/airflow/.local/lib/python3.7/site-packages/airflow/example_dags/example_branch_labels.py
[2023-06-15T18:04:34.131+0000] {processor.py:743} INFO - Processing file /home/airflow/.local/lib/python3.7/site-packages/airflow/example_dags/example_branch_labels.py for tasks to queue
[2023-06-15T18:04:34.132+0000] {logging_mixin.py:137} INFO - [2023-06-15T18:04:34.132+0000] {dagbag.py:538} INFO - Filling up the DagBag from /home/airflow/.local/lib/python3.7/site-packages/airflow/example_dags/example_branch_labels.py
[2023-06-15T18:04:34.145+0000] {processor.py:753} INFO - DAG(s) dict_keys(['example_branch_labels']) retrieved from /home/airflow/.local/lib/python3.7/site-packages/airflow/example_dags/example_branch_labels.py
[2023-06-15T18:04:34.172+0000] {logging_mixin.py:137} INFO - [2023-06-15T18:04:34.172+0000] {dag.py:2690} INFO - Sync 1 DAGs
[2023-06-15T18:04:34.193+0000] {logging_mixin.py:137} INFO - [2023-06-15T18:04:34.193+0000] {dag.py:3441} INFO - Setting next_dagrun for example_branch_labels to 2023-06-14T00:00:00+00:00, run_after=2023-06-15T00:00:00+00:00
[2023-06-15T18:04:34.207+0000] {processor.py:175} INFO - Processing /home/airflow/.local/lib/python3.7/site-packages/airflow/example_dags/example_branch_labels.py took 0.082 seconds
[2023-06-15T18:05:04.853+0000] {processor.py:153} INFO - Started process (PID=473) to work on /home/airflow/.local/lib/python3.7/site-packages/airflow/example_dags/example_branch_labels.py
[2023-06-15T18:05:04.854+0000] {processor.py:743} INFO - Processing file /home/airflow/.local/lib/python3.7/site-packages/airflow/example_dags/example_branch_labels.py for tasks to queue
[2023-06-15T18:05:04.856+0000] {logging_mixin.py:137} INFO - [2023-06-15T18:05:04.855+0000] {dagbag.py:538} INFO - Filling up the DagBag from /home/airflow/.local/lib/python3.7/site-packages/airflow/example_dags/example_branch_labels.py
[2023-06-15T18:05:04.870+0000] {processor.py:753} INFO - DAG(s) dict_keys(['example_branch_labels']) retrieved from /home/airflow/.local/lib/python3.7/site-packages/airflow/example_dags/example_branch_labels.py
[2023-06-15T18:05:04.895+0000] {logging_mixin.py:137} INFO - [2023-06-15T18:05:04.895+0000] {dag.py:2690} INFO - Sync 1 DAGs
[2023-06-15T18:05:04.915+0000] {logging_mixin.py:137} INFO - [2023-06-15T18:05:04.915+0000] {dag.py:3441} INFO - Setting next_dagrun for example_branch_labels to 2023-06-14T00:00:00+00:00, run_after=2023-06-15T00:00:00+00:00
[2023-06-15T18:05:04.930+0000] {processor.py:175} INFO - Processing /home/airflow/.local/lib/python3.7/site-packages/airflow/example_dags/example_branch_labels.py took 0.081 seconds
[2023-06-15T18:05:35.539+0000] {processor.py:153} INFO - Started process (PID=545) to work on /home/airflow/.local/lib/python3.7/site-packages/airflow/example_dags/example_branch_labels.py
[2023-06-15T18:05:35.541+0000] {processor.py:743} INFO - Processing file /home/airflow/.local/lib/python3.7/site-packages/airflow/example_dags/example_branch_labels.py for tasks to queue
[2023-06-15T18:05:35.542+0000] {logging_mixin.py:137} INFO - [2023-06-15T18:05:35.542+0000] {dagbag.py:538} INFO - Filling up the DagBag from /home/airflow/.local/lib/python3.7/site-packages/airflow/example_dags/example_branch_labels.py
[2023-06-15T18:05:35.553+0000] {processor.py:753} INFO - DAG(s) dict_keys(['example_branch_labels']) retrieved from /home/airflow/.local/lib/python3.7/site-packages/airflow/example_dags/example_branch_labels.py
[2023-06-15T18:05:35.581+0000] {logging_mixin.py:137} INFO - [2023-06-15T18:05:35.581+0000] {dag.py:2690} INFO - Sync 1 DAGs
[2023-06-15T18:05:35.612+0000] {logging_mixin.py:137} INFO - [2023-06-15T18:05:35.612+0000] {dag.py:3441} INFO - Setting next_dagrun for example_branch_labels to 2023-06-14T00:00:00+00:00, run_after=2023-06-15T00:00:00+00:00
[2023-06-15T18:05:35.631+0000] {processor.py:175} INFO - Processing /home/airflow/.local/lib/python3.7/site-packages/airflow/example_dags/example_branch_labels.py took 0.095 seconds
[2023-06-15T18:06:06.373+0000] {processor.py:153} INFO - Started process (PID=613) to work on /home/airflow/.local/lib/python3.7/site-packages/airflow/example_dags/example_branch_labels.py
[2023-06-15T18:06:06.375+0000] {processor.py:743} INFO - Processing file /home/airflow/.local/lib/python3.7/site-packages/airflow/example_dags/example_branch_labels.py for tasks to queue
[2023-06-15T18:06:06.376+0000] {logging_mixin.py:137} INFO - [2023-06-15T18:06:06.376+0000] {dagbag.py:538} INFO - Filling up the DagBag from /home/airflow/.local/lib/python3.7/site-packages/airflow/example_dags/example_branch_labels.py
[2023-06-15T18:06:06.396+0000] {processor.py:753} INFO - DAG(s) dict_keys(['example_branch_labels']) retrieved from /home/airflow/.local/lib/python3.7/site-packages/airflow/example_dags/example_branch_labels.py
[2023-06-15T18:06:06.428+0000] {logging_mixin.py:137} INFO - [2023-06-15T18:06:06.428+0000] {dag.py:2690} INFO - Sync 1 DAGs
[2023-06-15T18:06:06.452+0000] {logging_mixin.py:137} INFO - [2023-06-15T18:06:06.452+0000] {dag.py:3441} INFO - Setting next_dagrun for example_branch_labels to 2023-06-14T00:00:00+00:00, run_after=2023-06-15T00:00:00+00:00
[2023-06-15T18:06:06.469+0000] {processor.py:175} INFO - Processing /home/airflow/.local/lib/python3.7/site-packages/airflow/example_dags/example_branch_labels.py took 0.100 seconds
[2023-06-15T18:06:36.600+0000] {processor.py:153} INFO - Started process (PID=688) to work on /home/airflow/.local/lib/python3.7/site-packages/airflow/example_dags/example_branch_labels.py
[2023-06-15T18:06:36.602+0000] {processor.py:743} INFO - Processing file /home/airflow/.local/lib/python3.7/site-packages/airflow/example_dags/example_branch_labels.py for tasks to queue
[2023-06-15T18:06:36.603+0000] {logging_mixin.py:137} INFO - [2023-06-15T18:06:36.603+0000] {dagbag.py:538} INFO - Filling up the DagBag from /home/airflow/.local/lib/python3.7/site-packages/airflow/example_dags/example_branch_labels.py
[2023-06-15T18:06:36.619+0000] {processor.py:753} INFO - DAG(s) dict_keys(['example_branch_labels']) retrieved from /home/airflow/.local/lib/python3.7/site-packages/airflow/example_dags/example_branch_labels.py
[2023-06-15T18:06:36.645+0000] {logging_mixin.py:137} INFO - [2023-06-15T18:06:36.645+0000] {dag.py:2690} INFO - Sync 1 DAGs
[2023-06-15T18:06:36.666+0000] {logging_mixin.py:137} INFO - [2023-06-15T18:06:36.666+0000] {dag.py:3441} INFO - Setting next_dagrun for example_branch_labels to 2023-06-14T00:00:00+00:00, run_after=2023-06-15T00:00:00+00:00
[2023-06-15T18:06:36.680+0000] {processor.py:175} INFO - Processing /home/airflow/.local/lib/python3.7/site-packages/airflow/example_dags/example_branch_labels.py took 0.084 seconds
[2023-06-15T18:07:07.067+0000] {processor.py:153} INFO - Started process (PID=753) to work on /home/airflow/.local/lib/python3.7/site-packages/airflow/example_dags/example_branch_labels.py
[2023-06-15T18:07:07.069+0000] {processor.py:743} INFO - Processing file /home/airflow/.local/lib/python3.7/site-packages/airflow/example_dags/example_branch_labels.py for tasks to queue
[2023-06-15T18:07:07.070+0000] {logging_mixin.py:137} INFO - [2023-06-15T18:07:07.069+0000] {dagbag.py:538} INFO - Filling up the DagBag from /home/airflow/.local/lib/python3.7/site-packages/airflow/example_dags/example_branch_labels.py
[2023-06-15T18:07:07.084+0000] {processor.py:753} INFO - DAG(s) dict_keys(['example_branch_labels']) retrieved from /home/airflow/.local/lib/python3.7/site-packages/airflow/example_dags/example_branch_labels.py
[2023-06-15T18:07:07.112+0000] {logging_mixin.py:137} INFO - [2023-06-15T18:07:07.112+0000] {dag.py:2690} INFO - Sync 1 DAGs
[2023-06-15T18:07:07.138+0000] {logging_mixin.py:137} INFO - [2023-06-15T18:07:07.138+0000] {dag.py:3441} INFO - Setting next_dagrun for example_branch_labels to 2023-06-14T00:00:00+00:00, run_after=2023-06-15T00:00:00+00:00
[2023-06-15T18:07:07.157+0000] {processor.py:175} INFO - Processing /home/airflow/.local/lib/python3.7/site-packages/airflow/example_dags/example_branch_labels.py took 0.093 seconds
[2023-06-15T18:07:37.886+0000] {processor.py:153} INFO - Started process (PID=830) to work on /home/airflow/.local/lib/python3.7/site-packages/airflow/example_dags/example_branch_labels.py
[2023-06-15T18:07:37.888+0000] {processor.py:743} INFO - Processing file /home/airflow/.local/lib/python3.7/site-packages/airflow/example_dags/example_branch_labels.py for tasks to queue
[2023-06-15T18:07:37.890+0000] {logging_mixin.py:137} INFO - [2023-06-15T18:07:37.890+0000] {dagbag.py:538} INFO - Filling up the DagBag from /home/airflow/.local/lib/python3.7/site-packages/airflow/example_dags/example_branch_labels.py
[2023-06-15T18:07:37.902+0000] {processor.py:753} INFO - DAG(s) dict_keys(['example_branch_labels']) retrieved from /home/airflow/.local/lib/python3.7/site-packages/airflow/example_dags/example_branch_labels.py
[2023-06-15T18:07:37.928+0000] {logging_mixin.py:137} INFO - [2023-06-15T18:07:37.928+0000] {dag.py:2690} INFO - Sync 1 DAGs
[2023-06-15T18:07:37.947+0000] {logging_mixin.py:137} INFO - [2023-06-15T18:07:37.947+0000] {dag.py:3441} INFO - Setting next_dagrun for example_branch_labels to 2023-06-14T00:00:00+00:00, run_after=2023-06-15T00:00:00+00:00
[2023-06-15T18:07:37.962+0000] {processor.py:175} INFO - Processing /home/airflow/.local/lib/python3.7/site-packages/airflow/example_dags/example_branch_labels.py took 0.079 seconds
[2023-06-15T18:08:08.264+0000] {processor.py:153} INFO - Started process (PID=906) to work on /home/airflow/.local/lib/python3.7/site-packages/airflow/example_dags/example_branch_labels.py
[2023-06-15T18:08:08.266+0000] {processor.py:743} INFO - Processing file /home/airflow/.local/lib/python3.7/site-packages/airflow/example_dags/example_branch_labels.py for tasks to queue
[2023-06-15T18:08:08.267+0000] {logging_mixin.py:137} INFO - [2023-06-15T18:08:08.267+0000] {dagbag.py:538} INFO - Filling up the DagBag from /home/airflow/.local/lib/python3.7/site-packages/airflow/example_dags/example_branch_labels.py
[2023-06-15T18:08:08.281+0000] {processor.py:753} INFO - DAG(s) dict_keys(['example_branch_labels']) retrieved from /home/airflow/.local/lib/python3.7/site-packages/airflow/example_dags/example_branch_labels.py
[2023-06-15T18:08:08.309+0000] {logging_mixin.py:137} INFO - [2023-06-15T18:08:08.309+0000] {dag.py:2690} INFO - Sync 1 DAGs
[2023-06-15T18:08:08.328+0000] {logging_mixin.py:137} INFO - [2023-06-15T18:08:08.328+0000] {dag.py:3441} INFO - Setting next_dagrun for example_branch_labels to 2023-06-14T00:00:00+00:00, run_after=2023-06-15T00:00:00+00:00
[2023-06-15T18:08:08.341+0000] {processor.py:175} INFO - Processing /home/airflow/.local/lib/python3.7/site-packages/airflow/example_dags/example_branch_labels.py took 0.081 seconds
[2023-06-15T18:08:39.172+0000] {processor.py:153} INFO - Started process (PID=970) to work on /home/airflow/.local/lib/python3.7/site-packages/airflow/example_dags/example_branch_labels.py
[2023-06-15T18:08:39.174+0000] {processor.py:743} INFO - Processing file /home/airflow/.local/lib/python3.7/site-packages/airflow/example_dags/example_branch_labels.py for tasks to queue
[2023-06-15T18:08:39.175+0000] {logging_mixin.py:137} INFO - [2023-06-15T18:08:39.175+0000] {dagbag.py:538} INFO - Filling up the DagBag from /home/airflow/.local/lib/python3.7/site-packages/airflow/example_dags/example_branch_labels.py
[2023-06-15T18:08:39.194+0000] {processor.py:753} INFO - DAG(s) dict_keys(['example_branch_labels']) retrieved from /home/airflow/.local/lib/python3.7/site-packages/airflow/example_dags/example_branch_labels.py
[2023-06-15T18:08:39.229+0000] {logging_mixin.py:137} INFO - [2023-06-15T18:08:39.229+0000] {dag.py:2690} INFO - Sync 1 DAGs
[2023-06-15T18:08:39.256+0000] {logging_mixin.py:137} INFO - [2023-06-15T18:08:39.256+0000] {dag.py:3441} INFO - Setting next_dagrun for example_branch_labels to 2023-06-14T00:00:00+00:00, run_after=2023-06-15T00:00:00+00:00
[2023-06-15T18:08:39.270+0000] {processor.py:175} INFO - Processing /home/airflow/.local/lib/python3.7/site-packages/airflow/example_dags/example_branch_labels.py took 0.104 seconds
[2023-06-15T18:09:09.729+0000] {processor.py:153} INFO - Started process (PID=1046) to work on /home/airflow/.local/lib/python3.7/site-packages/airflow/example_dags/example_branch_labels.py
[2023-06-15T18:09:09.731+0000] {processor.py:743} INFO - Processing file /home/airflow/.local/lib/python3.7/site-packages/airflow/example_dags/example_branch_labels.py for tasks to queue
[2023-06-15T18:09:09.733+0000] {logging_mixin.py:137} INFO - [2023-06-15T18:09:09.732+0000] {dagbag.py:538} INFO - Filling up the DagBag from /home/airflow/.local/lib/python3.7/site-packages/airflow/example_dags/example_branch_labels.py
[2023-06-15T18:09:09.748+0000] {processor.py:753} INFO - DAG(s) dict_keys(['example_branch_labels']) retrieved from /home/airflow/.local/lib/python3.7/site-packages/airflow/example_dags/example_branch_labels.py
[2023-06-15T18:09:09.784+0000] {logging_mixin.py:137} INFO - [2023-06-15T18:09:09.784+0000] {dag.py:2690} INFO - Sync 1 DAGs
[2023-06-15T18:09:09.807+0000] {logging_mixin.py:137} INFO - [2023-06-15T18:09:09.807+0000] {dag.py:3441} INFO - Setting next_dagrun for example_branch_labels to 2023-06-14T00:00:00+00:00, run_after=2023-06-15T00:00:00+00:00
[2023-06-15T18:09:09.827+0000] {processor.py:175} INFO - Processing /home/airflow/.local/lib/python3.7/site-packages/airflow/example_dags/example_branch_labels.py took 0.101 seconds
[2023-06-15T18:09:40.447+0000] {processor.py:153} INFO - Started process (PID=1119) to work on /home/airflow/.local/lib/python3.7/site-packages/airflow/example_dags/example_branch_labels.py
[2023-06-15T18:09:40.449+0000] {processor.py:743} INFO - Processing file /home/airflow/.local/lib/python3.7/site-packages/airflow/example_dags/example_branch_labels.py for tasks to queue
[2023-06-15T18:09:40.451+0000] {logging_mixin.py:137} INFO - [2023-06-15T18:09:40.450+0000] {dagbag.py:538} INFO - Filling up the DagBag from /home/airflow/.local/lib/python3.7/site-packages/airflow/example_dags/example_branch_labels.py
[2023-06-15T18:09:40.471+0000] {processor.py:753} INFO - DAG(s) dict_keys(['example_branch_labels']) retrieved from /home/airflow/.local/lib/python3.7/site-packages/airflow/example_dags/example_branch_labels.py
[2023-06-15T18:09:40.518+0000] {logging_mixin.py:137} INFO - [2023-06-15T18:09:40.518+0000] {dag.py:2690} INFO - Sync 1 DAGs
[2023-06-15T18:09:40.545+0000] {logging_mixin.py:137} INFO - [2023-06-15T18:09:40.545+0000] {dag.py:3441} INFO - Setting next_dagrun for example_branch_labels to 2023-06-14T00:00:00+00:00, run_after=2023-06-15T00:00:00+00:00
[2023-06-15T18:09:40.559+0000] {processor.py:175} INFO - Processing /home/airflow/.local/lib/python3.7/site-packages/airflow/example_dags/example_branch_labels.py took 0.116 seconds
[2023-06-15T18:10:11.019+0000] {processor.py:153} INFO - Started process (PID=1186) to work on /home/airflow/.local/lib/python3.7/site-packages/airflow/example_dags/example_branch_labels.py
[2023-06-15T18:10:11.021+0000] {processor.py:743} INFO - Processing file /home/airflow/.local/lib/python3.7/site-packages/airflow/example_dags/example_branch_labels.py for tasks to queue
[2023-06-15T18:10:11.022+0000] {logging_mixin.py:137} INFO - [2023-06-15T18:10:11.021+0000] {dagbag.py:538} INFO - Filling up the DagBag from /home/airflow/.local/lib/python3.7/site-packages/airflow/example_dags/example_branch_labels.py
[2023-06-15T18:10:11.034+0000] {processor.py:753} INFO - DAG(s) dict_keys(['example_branch_labels']) retrieved from /home/airflow/.local/lib/python3.7/site-packages/airflow/example_dags/example_branch_labels.py
[2023-06-15T18:10:11.058+0000] {logging_mixin.py:137} INFO - [2023-06-15T18:10:11.058+0000] {dag.py:2690} INFO - Sync 1 DAGs
[2023-06-15T18:10:11.077+0000] {logging_mixin.py:137} INFO - [2023-06-15T18:10:11.076+0000] {dag.py:3441} INFO - Setting next_dagrun for example_branch_labels to 2023-06-14T00:00:00+00:00, run_after=2023-06-15T00:00:00+00:00
[2023-06-15T18:10:11.090+0000] {processor.py:175} INFO - Processing /home/airflow/.local/lib/python3.7/site-packages/airflow/example_dags/example_branch_labels.py took 0.075 seconds
[2023-06-15T18:10:41.971+0000] {processor.py:153} INFO - Started process (PID=1262) to work on /home/airflow/.local/lib/python3.7/site-packages/airflow/example_dags/example_branch_labels.py
[2023-06-15T18:10:41.973+0000] {processor.py:743} INFO - Processing file /home/airflow/.local/lib/python3.7/site-packages/airflow/example_dags/example_branch_labels.py for tasks to queue
[2023-06-15T18:10:41.975+0000] {logging_mixin.py:137} INFO - [2023-06-15T18:10:41.975+0000] {dagbag.py:538} INFO - Filling up the DagBag from /home/airflow/.local/lib/python3.7/site-packages/airflow/example_dags/example_branch_labels.py
[2023-06-15T18:10:41.990+0000] {processor.py:753} INFO - DAG(s) dict_keys(['example_branch_labels']) retrieved from /home/airflow/.local/lib/python3.7/site-packages/airflow/example_dags/example_branch_labels.py
[2023-06-15T18:10:42.014+0000] {logging_mixin.py:137} INFO - [2023-06-15T18:10:42.014+0000] {dag.py:2690} INFO - Sync 1 DAGs
[2023-06-15T18:10:42.033+0000] {logging_mixin.py:137} INFO - [2023-06-15T18:10:42.033+0000] {dag.py:3441} INFO - Setting next_dagrun for example_branch_labels to 2023-06-14T00:00:00+00:00, run_after=2023-06-15T00:00:00+00:00
[2023-06-15T18:10:42.046+0000] {processor.py:175} INFO - Processing /home/airflow/.local/lib/python3.7/site-packages/airflow/example_dags/example_branch_labels.py took 0.080 seconds
[2023-06-15T18:11:12.493+0000] {processor.py:153} INFO - Started process (PID=1325) to work on /home/airflow/.local/lib/python3.7/site-packages/airflow/example_dags/example_branch_labels.py
[2023-06-15T18:11:12.494+0000] {processor.py:743} INFO - Processing file /home/airflow/.local/lib/python3.7/site-packages/airflow/example_dags/example_branch_labels.py for tasks to queue
[2023-06-15T18:11:12.495+0000] {logging_mixin.py:137} INFO - [2023-06-15T18:11:12.495+0000] {dagbag.py:538} INFO - Filling up the DagBag from /home/airflow/.local/lib/python3.7/site-packages/airflow/example_dags/example_branch_labels.py
[2023-06-15T18:11:12.507+0000] {processor.py:753} INFO - DAG(s) dict_keys(['example_branch_labels']) retrieved from /home/airflow/.local/lib/python3.7/site-packages/airflow/example_dags/example_branch_labels.py
[2023-06-15T18:11:12.531+0000] {logging_mixin.py:137} INFO - [2023-06-15T18:11:12.531+0000] {dag.py:2690} INFO - Sync 1 DAGs
[2023-06-15T18:11:12.550+0000] {logging_mixin.py:137} INFO - [2023-06-15T18:11:12.550+0000] {dag.py:3441} INFO - Setting next_dagrun for example_branch_labels to 2023-06-14T00:00:00+00:00, run_after=2023-06-15T00:00:00+00:00
[2023-06-15T18:11:12.562+0000] {processor.py:175} INFO - Processing /home/airflow/.local/lib/python3.7/site-packages/airflow/example_dags/example_branch_labels.py took 0.073 seconds
[2023-06-15T18:11:43.190+0000] {processor.py:153} INFO - Started process (PID=1403) to work on /home/airflow/.local/lib/python3.7/site-packages/airflow/example_dags/example_branch_labels.py
[2023-06-15T18:11:43.192+0000] {processor.py:743} INFO - Processing file /home/airflow/.local/lib/python3.7/site-packages/airflow/example_dags/example_branch_labels.py for tasks to queue
[2023-06-15T18:11:43.193+0000] {logging_mixin.py:137} INFO - [2023-06-15T18:11:43.192+0000] {dagbag.py:538} INFO - Filling up the DagBag from /home/airflow/.local/lib/python3.7/site-packages/airflow/example_dags/example_branch_labels.py
[2023-06-15T18:11:43.207+0000] {processor.py:753} INFO - DAG(s) dict_keys(['example_branch_labels']) retrieved from /home/airflow/.local/lib/python3.7/site-packages/airflow/example_dags/example_branch_labels.py
[2023-06-15T18:11:43.233+0000] {logging_mixin.py:137} INFO - [2023-06-15T18:11:43.232+0000] {dag.py:2690} INFO - Sync 1 DAGs
[2023-06-15T18:11:43.253+0000] {logging_mixin.py:137} INFO - [2023-06-15T18:11:43.253+0000] {dag.py:3441} INFO - Setting next_dagrun for example_branch_labels to 2023-06-14T00:00:00+00:00, run_after=2023-06-15T00:00:00+00:00
[2023-06-15T18:11:43.266+0000] {processor.py:175} INFO - Processing /home/airflow/.local/lib/python3.7/site-packages/airflow/example_dags/example_branch_labels.py took 0.080 seconds
[2023-06-15T18:12:13.815+0000] {processor.py:153} INFO - Started process (PID=1478) to work on /home/airflow/.local/lib/python3.7/site-packages/airflow/example_dags/example_branch_labels.py
[2023-06-15T18:12:13.817+0000] {processor.py:743} INFO - Processing file /home/airflow/.local/lib/python3.7/site-packages/airflow/example_dags/example_branch_labels.py for tasks to queue
[2023-06-15T18:12:13.818+0000] {logging_mixin.py:137} INFO - [2023-06-15T18:12:13.818+0000] {dagbag.py:538} INFO - Filling up the DagBag from /home/airflow/.local/lib/python3.7/site-packages/airflow/example_dags/example_branch_labels.py
[2023-06-15T18:12:13.832+0000] {processor.py:753} INFO - DAG(s) dict_keys(['example_branch_labels']) retrieved from /home/airflow/.local/lib/python3.7/site-packages/airflow/example_dags/example_branch_labels.py
[2023-06-15T18:12:13.858+0000] {logging_mixin.py:137} INFO - [2023-06-15T18:12:13.858+0000] {dag.py:2690} INFO - Sync 1 DAGs
[2023-06-15T18:12:13.877+0000] {logging_mixin.py:137} INFO - [2023-06-15T18:12:13.877+0000] {dag.py:3441} INFO - Setting next_dagrun for example_branch_labels to 2023-06-14T00:00:00+00:00, run_after=2023-06-15T00:00:00+00:00
[2023-06-15T18:12:13.890+0000] {processor.py:175} INFO - Processing /home/airflow/.local/lib/python3.7/site-packages/airflow/example_dags/example_branch_labels.py took 0.082 seconds
[2023-06-15T18:12:44.401+0000] {processor.py:153} INFO - Started process (PID=1546) to work on /home/airflow/.local/lib/python3.7/site-packages/airflow/example_dags/example_branch_labels.py
[2023-06-15T18:12:44.403+0000] {processor.py:743} INFO - Processing file /home/airflow/.local/lib/python3.7/site-packages/airflow/example_dags/example_branch_labels.py for tasks to queue
[2023-06-15T18:12:44.404+0000] {logging_mixin.py:137} INFO - [2023-06-15T18:12:44.404+0000] {dagbag.py:538} INFO - Filling up the DagBag from /home/airflow/.local/lib/python3.7/site-packages/airflow/example_dags/example_branch_labels.py
[2023-06-15T18:12:44.418+0000] {processor.py:753} INFO - DAG(s) dict_keys(['example_branch_labels']) retrieved from /home/airflow/.local/lib/python3.7/site-packages/airflow/example_dags/example_branch_labels.py
[2023-06-15T18:12:44.443+0000] {logging_mixin.py:137} INFO - [2023-06-15T18:12:44.443+0000] {dag.py:2690} INFO - Sync 1 DAGs
[2023-06-15T18:12:44.463+0000] {logging_mixin.py:137} INFO - [2023-06-15T18:12:44.463+0000] {dag.py:3441} INFO - Setting next_dagrun for example_branch_labels to 2023-06-14T00:00:00+00:00, run_after=2023-06-15T00:00:00+00:00
[2023-06-15T18:12:44.475+0000] {processor.py:175} INFO - Processing /home/airflow/.local/lib/python3.7/site-packages/airflow/example_dags/example_branch_labels.py took 0.079 seconds
[2023-06-15T18:13:15.080+0000] {processor.py:153} INFO - Started process (PID=1624) to work on /home/airflow/.local/lib/python3.7/site-packages/airflow/example_dags/example_branch_labels.py
[2023-06-15T18:13:15.081+0000] {processor.py:743} INFO - Processing file /home/airflow/.local/lib/python3.7/site-packages/airflow/example_dags/example_branch_labels.py for tasks to queue
[2023-06-15T18:13:15.082+0000] {logging_mixin.py:137} INFO - [2023-06-15T18:13:15.082+0000] {dagbag.py:538} INFO - Filling up the DagBag from /home/airflow/.local/lib/python3.7/site-packages/airflow/example_dags/example_branch_labels.py
[2023-06-15T18:13:15.093+0000] {processor.py:753} INFO - DAG(s) dict_keys(['example_branch_labels']) retrieved from /home/airflow/.local/lib/python3.7/site-packages/airflow/example_dags/example_branch_labels.py
[2023-06-15T18:13:15.118+0000] {logging_mixin.py:137} INFO - [2023-06-15T18:13:15.118+0000] {dag.py:2690} INFO - Sync 1 DAGs
[2023-06-15T18:13:15.137+0000] {logging_mixin.py:137} INFO - [2023-06-15T18:13:15.137+0000] {dag.py:3441} INFO - Setting next_dagrun for example_branch_labels to 2023-06-14T00:00:00+00:00, run_after=2023-06-15T00:00:00+00:00
[2023-06-15T18:13:15.150+0000] {processor.py:175} INFO - Processing /home/airflow/.local/lib/python3.7/site-packages/airflow/example_dags/example_branch_labels.py took 0.074 seconds
[2023-06-15T18:13:45.904+0000] {processor.py:153} INFO - Started process (PID=1702) to work on /home/airflow/.local/lib/python3.7/site-packages/airflow/example_dags/example_branch_labels.py
[2023-06-15T18:13:45.906+0000] {processor.py:743} INFO - Processing file /home/airflow/.local/lib/python3.7/site-packages/airflow/example_dags/example_branch_labels.py for tasks to queue
[2023-06-15T18:13:45.907+0000] {logging_mixin.py:137} INFO - [2023-06-15T18:13:45.907+0000] {dagbag.py:538} INFO - Filling up the DagBag from /home/airflow/.local/lib/python3.7/site-packages/airflow/example_dags/example_branch_labels.py
[2023-06-15T18:13:45.920+0000] {processor.py:753} INFO - DAG(s) dict_keys(['example_branch_labels']) retrieved from /home/airflow/.local/lib/python3.7/site-packages/airflow/example_dags/example_branch_labels.py
[2023-06-15T18:13:45.944+0000] {logging_mixin.py:137} INFO - [2023-06-15T18:13:45.944+0000] {dag.py:2690} INFO - Sync 1 DAGs
[2023-06-15T18:13:45.963+0000] {logging_mixin.py:137} INFO - [2023-06-15T18:13:45.963+0000] {dag.py:3441} INFO - Setting next_dagrun for example_branch_labels to 2023-06-14T00:00:00+00:00, run_after=2023-06-15T00:00:00+00:00
[2023-06-15T18:13:45.977+0000] {processor.py:175} INFO - Processing /home/airflow/.local/lib/python3.7/site-packages/airflow/example_dags/example_branch_labels.py took 0.077 seconds
[2023-06-15T18:14:16.215+0000] {processor.py:153} INFO - Started process (PID=1767) to work on /home/airflow/.local/lib/python3.7/site-packages/airflow/example_dags/example_branch_labels.py
[2023-06-15T18:14:16.217+0000] {processor.py:743} INFO - Processing file /home/airflow/.local/lib/python3.7/site-packages/airflow/example_dags/example_branch_labels.py for tasks to queue
[2023-06-15T18:14:16.219+0000] {logging_mixin.py:137} INFO - [2023-06-15T18:14:16.219+0000] {dagbag.py:538} INFO - Filling up the DagBag from /home/airflow/.local/lib/python3.7/site-packages/airflow/example_dags/example_branch_labels.py
[2023-06-15T18:14:16.233+0000] {processor.py:753} INFO - DAG(s) dict_keys(['example_branch_labels']) retrieved from /home/airflow/.local/lib/python3.7/site-packages/airflow/example_dags/example_branch_labels.py
[2023-06-15T18:14:16.256+0000] {logging_mixin.py:137} INFO - [2023-06-15T18:14:16.256+0000] {dag.py:2690} INFO - Sync 1 DAGs
[2023-06-15T18:14:16.276+0000] {logging_mixin.py:137} INFO - [2023-06-15T18:14:16.275+0000] {dag.py:3441} INFO - Setting next_dagrun for example_branch_labels to 2023-06-14T00:00:00+00:00, run_after=2023-06-15T00:00:00+00:00
[2023-06-15T18:14:16.289+0000] {processor.py:175} INFO - Processing /home/airflow/.local/lib/python3.7/site-packages/airflow/example_dags/example_branch_labels.py took 0.078 seconds
[2023-06-15T18:14:46.945+0000] {processor.py:153} INFO - Started process (PID=1844) to work on /home/airflow/.local/lib/python3.7/site-packages/airflow/example_dags/example_branch_labels.py
[2023-06-15T18:14:46.946+0000] {processor.py:743} INFO - Processing file /home/airflow/.local/lib/python3.7/site-packages/airflow/example_dags/example_branch_labels.py for tasks to queue
[2023-06-15T18:14:46.947+0000] {logging_mixin.py:137} INFO - [2023-06-15T18:14:46.947+0000] {dagbag.py:538} INFO - Filling up the DagBag from /home/airflow/.local/lib/python3.7/site-packages/airflow/example_dags/example_branch_labels.py
[2023-06-15T18:14:46.964+0000] {processor.py:753} INFO - DAG(s) dict_keys(['example_branch_labels']) retrieved from /home/airflow/.local/lib/python3.7/site-packages/airflow/example_dags/example_branch_labels.py
[2023-06-15T18:14:46.995+0000] {logging_mixin.py:137} INFO - [2023-06-15T18:14:46.995+0000] {dag.py:2690} INFO - Sync 1 DAGs
[2023-06-15T18:14:47.020+0000] {logging_mixin.py:137} INFO - [2023-06-15T18:14:47.020+0000] {dag.py:3441} INFO - Setting next_dagrun for example_branch_labels to 2023-06-14T00:00:00+00:00, run_after=2023-06-15T00:00:00+00:00
[2023-06-15T18:14:47.056+0000] {processor.py:175} INFO - Processing /home/airflow/.local/lib/python3.7/site-packages/airflow/example_dags/example_branch_labels.py took 0.115 seconds
[2023-06-15T18:15:17.583+0000] {processor.py:153} INFO - Started process (PID=1909) to work on /home/airflow/.local/lib/python3.7/site-packages/airflow/example_dags/example_branch_labels.py
[2023-06-15T18:15:17.584+0000] {processor.py:743} INFO - Processing file /home/airflow/.local/lib/python3.7/site-packages/airflow/example_dags/example_branch_labels.py for tasks to queue
[2023-06-15T18:15:17.585+0000] {logging_mixin.py:137} INFO - [2023-06-15T18:15:17.585+0000] {dagbag.py:538} INFO - Filling up the DagBag from /home/airflow/.local/lib/python3.7/site-packages/airflow/example_dags/example_branch_labels.py
[2023-06-15T18:15:17.598+0000] {processor.py:753} INFO - DAG(s) dict_keys(['example_branch_labels']) retrieved from /home/airflow/.local/lib/python3.7/site-packages/airflow/example_dags/example_branch_labels.py
[2023-06-15T18:15:17.622+0000] {logging_mixin.py:137} INFO - [2023-06-15T18:15:17.622+0000] {dag.py:2690} INFO - Sync 1 DAGs
[2023-06-15T18:15:17.640+0000] {logging_mixin.py:137} INFO - [2023-06-15T18:15:17.640+0000] {dag.py:3441} INFO - Setting next_dagrun for example_branch_labels to 2023-06-14T00:00:00+00:00, run_after=2023-06-15T00:00:00+00:00
[2023-06-15T18:15:17.653+0000] {processor.py:175} INFO - Processing /home/airflow/.local/lib/python3.7/site-packages/airflow/example_dags/example_branch_labels.py took 0.075 seconds
[2023-06-15T18:15:47.829+0000] {processor.py:153} INFO - Started process (PID=1988) to work on /home/airflow/.local/lib/python3.7/site-packages/airflow/example_dags/example_branch_labels.py
[2023-06-15T18:15:47.831+0000] {processor.py:743} INFO - Processing file /home/airflow/.local/lib/python3.7/site-packages/airflow/example_dags/example_branch_labels.py for tasks to queue
[2023-06-15T18:15:47.833+0000] {logging_mixin.py:137} INFO - [2023-06-15T18:15:47.833+0000] {dagbag.py:538} INFO - Filling up the DagBag from /home/airflow/.local/lib/python3.7/site-packages/airflow/example_dags/example_branch_labels.py
[2023-06-15T18:15:47.846+0000] {processor.py:753} INFO - DAG(s) dict_keys(['example_branch_labels']) retrieved from /home/airflow/.local/lib/python3.7/site-packages/airflow/example_dags/example_branch_labels.py
[2023-06-15T18:15:47.870+0000] {logging_mixin.py:137} INFO - [2023-06-15T18:15:47.870+0000] {dag.py:2690} INFO - Sync 1 DAGs
[2023-06-15T18:15:47.891+0000] {logging_mixin.py:137} INFO - [2023-06-15T18:15:47.891+0000] {dag.py:3441} INFO - Setting next_dagrun for example_branch_labels to 2023-06-14T00:00:00+00:00, run_after=2023-06-15T00:00:00+00:00
[2023-06-15T18:15:47.906+0000] {processor.py:175} INFO - Processing /home/airflow/.local/lib/python3.7/site-packages/airflow/example_dags/example_branch_labels.py took 0.081 seconds
[2023-06-15T18:16:18.644+0000] {processor.py:153} INFO - Started process (PID=2065) to work on /home/airflow/.local/lib/python3.7/site-packages/airflow/example_dags/example_branch_labels.py
[2023-06-15T18:16:18.646+0000] {processor.py:743} INFO - Processing file /home/airflow/.local/lib/python3.7/site-packages/airflow/example_dags/example_branch_labels.py for tasks to queue
[2023-06-15T18:16:18.651+0000] {logging_mixin.py:137} INFO - [2023-06-15T18:16:18.651+0000] {dagbag.py:538} INFO - Filling up the DagBag from /home/airflow/.local/lib/python3.7/site-packages/airflow/example_dags/example_branch_labels.py
[2023-06-15T18:16:18.665+0000] {processor.py:753} INFO - DAG(s) dict_keys(['example_branch_labels']) retrieved from /home/airflow/.local/lib/python3.7/site-packages/airflow/example_dags/example_branch_labels.py
[2023-06-15T18:16:18.692+0000] {logging_mixin.py:137} INFO - [2023-06-15T18:16:18.692+0000] {dag.py:2690} INFO - Sync 1 DAGs
[2023-06-15T18:16:18.712+0000] {logging_mixin.py:137} INFO - [2023-06-15T18:16:18.711+0000] {dag.py:3441} INFO - Setting next_dagrun for example_branch_labels to 2023-06-14T00:00:00+00:00, run_after=2023-06-15T00:00:00+00:00
[2023-06-15T18:16:18.732+0000] {processor.py:175} INFO - Processing /home/airflow/.local/lib/python3.7/site-packages/airflow/example_dags/example_branch_labels.py took 0.091 seconds
[2023-06-15T18:16:49.077+0000] {processor.py:153} INFO - Started process (PID=2130) to work on /home/airflow/.local/lib/python3.7/site-packages/airflow/example_dags/example_branch_labels.py
[2023-06-15T18:16:49.078+0000] {processor.py:743} INFO - Processing file /home/airflow/.local/lib/python3.7/site-packages/airflow/example_dags/example_branch_labels.py for tasks to queue
[2023-06-15T18:16:49.079+0000] {logging_mixin.py:137} INFO - [2023-06-15T18:16:49.079+0000] {dagbag.py:538} INFO - Filling up the DagBag from /home/airflow/.local/lib/python3.7/site-packages/airflow/example_dags/example_branch_labels.py
[2023-06-15T18:16:49.092+0000] {processor.py:753} INFO - DAG(s) dict_keys(['example_branch_labels']) retrieved from /home/airflow/.local/lib/python3.7/site-packages/airflow/example_dags/example_branch_labels.py
[2023-06-15T18:16:49.118+0000] {logging_mixin.py:137} INFO - [2023-06-15T18:16:49.118+0000] {dag.py:2690} INFO - Sync 1 DAGs
[2023-06-15T18:16:49.137+0000] {logging_mixin.py:137} INFO - [2023-06-15T18:16:49.137+0000] {dag.py:3441} INFO - Setting next_dagrun for example_branch_labels to 2023-06-14T00:00:00+00:00, run_after=2023-06-15T00:00:00+00:00
[2023-06-15T18:16:49.153+0000] {processor.py:175} INFO - Processing /home/airflow/.local/lib/python3.7/site-packages/airflow/example_dags/example_branch_labels.py took 0.080 seconds
[2023-06-15T18:17:19.661+0000] {processor.py:153} INFO - Started process (PID=2207) to work on /home/airflow/.local/lib/python3.7/site-packages/airflow/example_dags/example_branch_labels.py
[2023-06-15T18:17:19.662+0000] {processor.py:743} INFO - Processing file /home/airflow/.local/lib/python3.7/site-packages/airflow/example_dags/example_branch_labels.py for tasks to queue
[2023-06-15T18:17:19.664+0000] {logging_mixin.py:137} INFO - [2023-06-15T18:17:19.663+0000] {dagbag.py:538} INFO - Filling up the DagBag from /home/airflow/.local/lib/python3.7/site-packages/airflow/example_dags/example_branch_labels.py
[2023-06-15T18:17:19.677+0000] {processor.py:753} INFO - DAG(s) dict_keys(['example_branch_labels']) retrieved from /home/airflow/.local/lib/python3.7/site-packages/airflow/example_dags/example_branch_labels.py
[2023-06-15T18:17:19.703+0000] {logging_mixin.py:137} INFO - [2023-06-15T18:17:19.703+0000] {dag.py:2690} INFO - Sync 1 DAGs
[2023-06-15T18:17:19.724+0000] {logging_mixin.py:137} INFO - [2023-06-15T18:17:19.724+0000] {dag.py:3441} INFO - Setting next_dagrun for example_branch_labels to 2023-06-14T00:00:00+00:00, run_after=2023-06-15T00:00:00+00:00
[2023-06-15T18:17:19.738+0000] {processor.py:175} INFO - Processing /home/airflow/.local/lib/python3.7/site-packages/airflow/example_dags/example_branch_labels.py took 0.082 seconds
[2023-06-15T18:44:52.243+0000] {processor.py:153} INFO - Started process (PID=2291) to work on /home/airflow/.local/lib/python3.7/site-packages/airflow/example_dags/example_branch_labels.py
[2023-06-15T18:44:52.245+0000] {processor.py:743} INFO - Processing file /home/airflow/.local/lib/python3.7/site-packages/airflow/example_dags/example_branch_labels.py for tasks to queue
[2023-06-15T18:44:52.246+0000] {logging_mixin.py:137} INFO - [2023-06-15T18:44:52.246+0000] {dagbag.py:538} INFO - Filling up the DagBag from /home/airflow/.local/lib/python3.7/site-packages/airflow/example_dags/example_branch_labels.py
[2023-06-15T18:44:52.260+0000] {processor.py:753} INFO - DAG(s) dict_keys(['example_branch_labels']) retrieved from /home/airflow/.local/lib/python3.7/site-packages/airflow/example_dags/example_branch_labels.py
[2023-06-15T18:44:52.285+0000] {logging_mixin.py:137} INFO - [2023-06-15T18:44:52.285+0000] {dag.py:2690} INFO - Sync 1 DAGs
[2023-06-15T18:44:52.307+0000] {logging_mixin.py:137} INFO - [2023-06-15T18:44:52.307+0000] {dag.py:3441} INFO - Setting next_dagrun for example_branch_labels to 2023-06-14T00:00:00+00:00, run_after=2023-06-15T00:00:00+00:00
[2023-06-15T18:44:52.322+0000] {processor.py:175} INFO - Processing /home/airflow/.local/lib/python3.7/site-packages/airflow/example_dags/example_branch_labels.py took 0.083 seconds
[2023-06-15T18:45:23.073+0000] {processor.py:153} INFO - Started process (PID=2357) to work on /home/airflow/.local/lib/python3.7/site-packages/airflow/example_dags/example_branch_labels.py
[2023-06-15T18:45:23.074+0000] {processor.py:743} INFO - Processing file /home/airflow/.local/lib/python3.7/site-packages/airflow/example_dags/example_branch_labels.py for tasks to queue
[2023-06-15T18:45:23.075+0000] {logging_mixin.py:137} INFO - [2023-06-15T18:45:23.075+0000] {dagbag.py:538} INFO - Filling up the DagBag from /home/airflow/.local/lib/python3.7/site-packages/airflow/example_dags/example_branch_labels.py
[2023-06-15T18:45:23.090+0000] {processor.py:753} INFO - DAG(s) dict_keys(['example_branch_labels']) retrieved from /home/airflow/.local/lib/python3.7/site-packages/airflow/example_dags/example_branch_labels.py
[2023-06-15T18:45:23.118+0000] {logging_mixin.py:137} INFO - [2023-06-15T18:45:23.118+0000] {dag.py:2690} INFO - Sync 1 DAGs
[2023-06-15T18:45:23.140+0000] {logging_mixin.py:137} INFO - [2023-06-15T18:45:23.140+0000] {dag.py:3441} INFO - Setting next_dagrun for example_branch_labels to 2023-06-14T00:00:00+00:00, run_after=2023-06-15T00:00:00+00:00
[2023-06-15T18:45:23.154+0000] {processor.py:175} INFO - Processing /home/airflow/.local/lib/python3.7/site-packages/airflow/example_dags/example_branch_labels.py took 0.085 seconds
[2023-06-15T18:45:53.669+0000] {processor.py:153} INFO - Started process (PID=2434) to work on /home/airflow/.local/lib/python3.7/site-packages/airflow/example_dags/example_branch_labels.py
[2023-06-15T18:45:53.671+0000] {processor.py:743} INFO - Processing file /home/airflow/.local/lib/python3.7/site-packages/airflow/example_dags/example_branch_labels.py for tasks to queue
[2023-06-15T18:45:53.673+0000] {logging_mixin.py:137} INFO - [2023-06-15T18:45:53.672+0000] {dagbag.py:538} INFO - Filling up the DagBag from /home/airflow/.local/lib/python3.7/site-packages/airflow/example_dags/example_branch_labels.py
[2023-06-15T18:45:53.686+0000] {processor.py:753} INFO - DAG(s) dict_keys(['example_branch_labels']) retrieved from /home/airflow/.local/lib/python3.7/site-packages/airflow/example_dags/example_branch_labels.py
[2023-06-15T18:45:53.714+0000] {logging_mixin.py:137} INFO - [2023-06-15T18:45:53.714+0000] {dag.py:2690} INFO - Sync 1 DAGs
[2023-06-15T18:45:53.736+0000] {logging_mixin.py:137} INFO - [2023-06-15T18:45:53.736+0000] {dag.py:3441} INFO - Setting next_dagrun for example_branch_labels to 2023-06-14T00:00:00+00:00, run_after=2023-06-15T00:00:00+00:00
[2023-06-15T18:45:53.752+0000] {processor.py:175} INFO - Processing /home/airflow/.local/lib/python3.7/site-packages/airflow/example_dags/example_branch_labels.py took 0.087 seconds
[2023-06-15T18:46:24.730+0000] {processor.py:153} INFO - Started process (PID=2506) to work on /home/airflow/.local/lib/python3.7/site-packages/airflow/example_dags/example_branch_labels.py
[2023-06-15T18:46:24.731+0000] {processor.py:743} INFO - Processing file /home/airflow/.local/lib/python3.7/site-packages/airflow/example_dags/example_branch_labels.py for tasks to queue
[2023-06-15T18:46:24.732+0000] {logging_mixin.py:137} INFO - [2023-06-15T18:46:24.732+0000] {dagbag.py:538} INFO - Filling up the DagBag from /home/airflow/.local/lib/python3.7/site-packages/airflow/example_dags/example_branch_labels.py
[2023-06-15T18:46:24.746+0000] {processor.py:753} INFO - DAG(s) dict_keys(['example_branch_labels']) retrieved from /home/airflow/.local/lib/python3.7/site-packages/airflow/example_dags/example_branch_labels.py
[2023-06-15T18:46:24.775+0000] {logging_mixin.py:137} INFO - [2023-06-15T18:46:24.774+0000] {dag.py:2690} INFO - Sync 1 DAGs
[2023-06-15T18:46:24.797+0000] {logging_mixin.py:137} INFO - [2023-06-15T18:46:24.797+0000] {dag.py:3441} INFO - Setting next_dagrun for example_branch_labels to 2023-06-14T00:00:00+00:00, run_after=2023-06-15T00:00:00+00:00
[2023-06-15T18:46:24.812+0000] {processor.py:175} INFO - Processing /home/airflow/.local/lib/python3.7/site-packages/airflow/example_dags/example_branch_labels.py took 0.087 seconds
[2023-06-15T18:46:55.786+0000] {processor.py:153} INFO - Started process (PID=2576) to work on /home/airflow/.local/lib/python3.7/site-packages/airflow/example_dags/example_branch_labels.py
[2023-06-15T18:46:55.787+0000] {processor.py:743} INFO - Processing file /home/airflow/.local/lib/python3.7/site-packages/airflow/example_dags/example_branch_labels.py for tasks to queue
[2023-06-15T18:46:55.788+0000] {logging_mixin.py:137} INFO - [2023-06-15T18:46:55.788+0000] {dagbag.py:538} INFO - Filling up the DagBag from /home/airflow/.local/lib/python3.7/site-packages/airflow/example_dags/example_branch_labels.py
[2023-06-15T18:46:55.800+0000] {processor.py:753} INFO - DAG(s) dict_keys(['example_branch_labels']) retrieved from /home/airflow/.local/lib/python3.7/site-packages/airflow/example_dags/example_branch_labels.py
[2023-06-15T18:46:55.825+0000] {logging_mixin.py:137} INFO - [2023-06-15T18:46:55.824+0000] {dag.py:2690} INFO - Sync 1 DAGs
[2023-06-15T18:46:55.845+0000] {logging_mixin.py:137} INFO - [2023-06-15T18:46:55.845+0000] {dag.py:3441} INFO - Setting next_dagrun for example_branch_labels to 2023-06-14T00:00:00+00:00, run_after=2023-06-15T00:00:00+00:00
[2023-06-15T18:46:55.859+0000] {processor.py:175} INFO - Processing /home/airflow/.local/lib/python3.7/site-packages/airflow/example_dags/example_branch_labels.py took 0.077 seconds
[2023-06-15T18:47:25.982+0000] {processor.py:153} INFO - Started process (PID=2651) to work on /home/airflow/.local/lib/python3.7/site-packages/airflow/example_dags/example_branch_labels.py
[2023-06-15T18:47:25.983+0000] {processor.py:743} INFO - Processing file /home/airflow/.local/lib/python3.7/site-packages/airflow/example_dags/example_branch_labels.py for tasks to queue
[2023-06-15T18:47:25.984+0000] {logging_mixin.py:137} INFO - [2023-06-15T18:47:25.984+0000] {dagbag.py:538} INFO - Filling up the DagBag from /home/airflow/.local/lib/python3.7/site-packages/airflow/example_dags/example_branch_labels.py
[2023-06-15T18:47:25.997+0000] {processor.py:753} INFO - DAG(s) dict_keys(['example_branch_labels']) retrieved from /home/airflow/.local/lib/python3.7/site-packages/airflow/example_dags/example_branch_labels.py
[2023-06-15T18:47:26.024+0000] {logging_mixin.py:137} INFO - [2023-06-15T18:47:26.024+0000] {dag.py:2690} INFO - Sync 1 DAGs
[2023-06-15T18:47:26.045+0000] {logging_mixin.py:137} INFO - [2023-06-15T18:47:26.045+0000] {dag.py:3441} INFO - Setting next_dagrun for example_branch_labels to 2023-06-14T00:00:00+00:00, run_after=2023-06-15T00:00:00+00:00
[2023-06-15T18:47:26.058+0000] {processor.py:175} INFO - Processing /home/airflow/.local/lib/python3.7/site-packages/airflow/example_dags/example_branch_labels.py took 0.079 seconds
[2023-06-15T18:47:56.599+0000] {processor.py:153} INFO - Started process (PID=2716) to work on /home/airflow/.local/lib/python3.7/site-packages/airflow/example_dags/example_branch_labels.py
[2023-06-15T18:47:56.601+0000] {processor.py:743} INFO - Processing file /home/airflow/.local/lib/python3.7/site-packages/airflow/example_dags/example_branch_labels.py for tasks to queue
[2023-06-15T18:47:56.601+0000] {logging_mixin.py:137} INFO - [2023-06-15T18:47:56.601+0000] {dagbag.py:538} INFO - Filling up the DagBag from /home/airflow/.local/lib/python3.7/site-packages/airflow/example_dags/example_branch_labels.py
[2023-06-15T18:47:56.614+0000] {processor.py:753} INFO - DAG(s) dict_keys(['example_branch_labels']) retrieved from /home/airflow/.local/lib/python3.7/site-packages/airflow/example_dags/example_branch_labels.py
[2023-06-15T18:47:56.638+0000] {logging_mixin.py:137} INFO - [2023-06-15T18:47:56.638+0000] {dag.py:2690} INFO - Sync 1 DAGs
[2023-06-15T18:47:56.659+0000] {logging_mixin.py:137} INFO - [2023-06-15T18:47:56.659+0000] {dag.py:3441} INFO - Setting next_dagrun for example_branch_labels to 2023-06-14T00:00:00+00:00, run_after=2023-06-15T00:00:00+00:00
[2023-06-15T18:47:56.673+0000] {processor.py:175} INFO - Processing /home/airflow/.local/lib/python3.7/site-packages/airflow/example_dags/example_branch_labels.py took 0.077 seconds
[2023-06-15T18:48:30.135+0000] {processor.py:153} INFO - Started process (PID=2795) to work on /home/airflow/.local/lib/python3.7/site-packages/airflow/example_dags/example_branch_labels.py
[2023-06-15T18:48:30.137+0000] {processor.py:743} INFO - Processing file /home/airflow/.local/lib/python3.7/site-packages/airflow/example_dags/example_branch_labels.py for tasks to queue
[2023-06-15T18:48:30.137+0000] {logging_mixin.py:137} INFO - [2023-06-15T18:48:30.137+0000] {dagbag.py:538} INFO - Filling up the DagBag from /home/airflow/.local/lib/python3.7/site-packages/airflow/example_dags/example_branch_labels.py
[2023-06-15T18:48:30.150+0000] {processor.py:753} INFO - DAG(s) dict_keys(['example_branch_labels']) retrieved from /home/airflow/.local/lib/python3.7/site-packages/airflow/example_dags/example_branch_labels.py
[2023-06-15T18:48:30.178+0000] {logging_mixin.py:137} INFO - [2023-06-15T18:48:30.178+0000] {dag.py:2690} INFO - Sync 1 DAGs
[2023-06-15T18:48:30.199+0000] {logging_mixin.py:137} INFO - [2023-06-15T18:48:30.199+0000] {dag.py:3441} INFO - Setting next_dagrun for example_branch_labels to 2023-06-14T00:00:00+00:00, run_after=2023-06-15T00:00:00+00:00
[2023-06-15T18:48:30.216+0000] {processor.py:175} INFO - Processing /home/airflow/.local/lib/python3.7/site-packages/airflow/example_dags/example_branch_labels.py took 0.086 seconds
[2023-06-15T18:49:01.033+0000] {processor.py:153} INFO - Started process (PID=2860) to work on /home/airflow/.local/lib/python3.7/site-packages/airflow/example_dags/example_branch_labels.py
[2023-06-15T18:49:01.035+0000] {processor.py:743} INFO - Processing file /home/airflow/.local/lib/python3.7/site-packages/airflow/example_dags/example_branch_labels.py for tasks to queue
[2023-06-15T18:49:01.036+0000] {logging_mixin.py:137} INFO - [2023-06-15T18:49:01.036+0000] {dagbag.py:538} INFO - Filling up the DagBag from /home/airflow/.local/lib/python3.7/site-packages/airflow/example_dags/example_branch_labels.py
[2023-06-15T18:49:01.051+0000] {processor.py:753} INFO - DAG(s) dict_keys(['example_branch_labels']) retrieved from /home/airflow/.local/lib/python3.7/site-packages/airflow/example_dags/example_branch_labels.py
[2023-06-15T18:49:01.087+0000] {logging_mixin.py:137} INFO - [2023-06-15T18:49:01.087+0000] {dag.py:2690} INFO - Sync 1 DAGs
[2023-06-15T18:49:01.111+0000] {logging_mixin.py:137} INFO - [2023-06-15T18:49:01.111+0000] {dag.py:3441} INFO - Setting next_dagrun for example_branch_labels to 2023-06-14T00:00:00+00:00, run_after=2023-06-15T00:00:00+00:00
[2023-06-15T18:49:01.128+0000] {processor.py:175} INFO - Processing /home/airflow/.local/lib/python3.7/site-packages/airflow/example_dags/example_branch_labels.py took 0.098 seconds
[2023-06-15T18:49:31.299+0000] {processor.py:153} INFO - Started process (PID=2937) to work on /home/airflow/.local/lib/python3.7/site-packages/airflow/example_dags/example_branch_labels.py
[2023-06-15T18:49:31.301+0000] {processor.py:743} INFO - Processing file /home/airflow/.local/lib/python3.7/site-packages/airflow/example_dags/example_branch_labels.py for tasks to queue
[2023-06-15T18:49:31.302+0000] {logging_mixin.py:137} INFO - [2023-06-15T18:49:31.302+0000] {dagbag.py:538} INFO - Filling up the DagBag from /home/airflow/.local/lib/python3.7/site-packages/airflow/example_dags/example_branch_labels.py
[2023-06-15T18:49:31.316+0000] {processor.py:753} INFO - DAG(s) dict_keys(['example_branch_labels']) retrieved from /home/airflow/.local/lib/python3.7/site-packages/airflow/example_dags/example_branch_labels.py
[2023-06-15T18:49:31.351+0000] {logging_mixin.py:137} INFO - [2023-06-15T18:49:31.351+0000] {dag.py:2690} INFO - Sync 1 DAGs
[2023-06-15T18:49:31.377+0000] {logging_mixin.py:137} INFO - [2023-06-15T18:49:31.377+0000] {dag.py:3441} INFO - Setting next_dagrun for example_branch_labels to 2023-06-14T00:00:00+00:00, run_after=2023-06-15T00:00:00+00:00
[2023-06-15T18:49:31.395+0000] {processor.py:175} INFO - Processing /home/airflow/.local/lib/python3.7/site-packages/airflow/example_dags/example_branch_labels.py took 0.100 seconds
[2023-06-15T18:50:02.622+0000] {processor.py:153} INFO - Started process (PID=3013) to work on /home/airflow/.local/lib/python3.7/site-packages/airflow/example_dags/example_branch_labels.py
[2023-06-15T18:50:02.624+0000] {processor.py:743} INFO - Processing file /home/airflow/.local/lib/python3.7/site-packages/airflow/example_dags/example_branch_labels.py for tasks to queue
[2023-06-15T18:50:02.625+0000] {logging_mixin.py:137} INFO - [2023-06-15T18:50:02.625+0000] {dagbag.py:538} INFO - Filling up the DagBag from /home/airflow/.local/lib/python3.7/site-packages/airflow/example_dags/example_branch_labels.py
[2023-06-15T18:50:02.637+0000] {processor.py:753} INFO - DAG(s) dict_keys(['example_branch_labels']) retrieved from /home/airflow/.local/lib/python3.7/site-packages/airflow/example_dags/example_branch_labels.py
[2023-06-15T18:50:02.667+0000] {logging_mixin.py:137} INFO - [2023-06-15T18:50:02.667+0000] {dag.py:2690} INFO - Sync 1 DAGs
[2023-06-15T18:50:02.687+0000] {logging_mixin.py:137} INFO - [2023-06-15T18:50:02.687+0000] {dag.py:3441} INFO - Setting next_dagrun for example_branch_labels to 2023-06-14T00:00:00+00:00, run_after=2023-06-15T00:00:00+00:00
[2023-06-15T18:50:02.711+0000] {processor.py:175} INFO - Processing /home/airflow/.local/lib/python3.7/site-packages/airflow/example_dags/example_branch_labels.py took 0.092 seconds
[2023-06-15T18:50:33.810+0000] {processor.py:153} INFO - Started process (PID=3081) to work on /home/airflow/.local/lib/python3.7/site-packages/airflow/example_dags/example_branch_labels.py
[2023-06-15T18:50:33.812+0000] {processor.py:743} INFO - Processing file /home/airflow/.local/lib/python3.7/site-packages/airflow/example_dags/example_branch_labels.py for tasks to queue
[2023-06-15T18:50:33.813+0000] {logging_mixin.py:137} INFO - [2023-06-15T18:50:33.813+0000] {dagbag.py:538} INFO - Filling up the DagBag from /home/airflow/.local/lib/python3.7/site-packages/airflow/example_dags/example_branch_labels.py
[2023-06-15T18:50:33.827+0000] {processor.py:753} INFO - DAG(s) dict_keys(['example_branch_labels']) retrieved from /home/airflow/.local/lib/python3.7/site-packages/airflow/example_dags/example_branch_labels.py
[2023-06-15T18:50:33.859+0000] {logging_mixin.py:137} INFO - [2023-06-15T18:50:33.858+0000] {dag.py:2690} INFO - Sync 1 DAGs
[2023-06-15T18:50:33.884+0000] {logging_mixin.py:137} INFO - [2023-06-15T18:50:33.883+0000] {dag.py:3441} INFO - Setting next_dagrun for example_branch_labels to 2023-06-14T00:00:00+00:00, run_after=2023-06-15T00:00:00+00:00
[2023-06-15T18:50:33.898+0000] {processor.py:175} INFO - Processing /home/airflow/.local/lib/python3.7/site-packages/airflow/example_dags/example_branch_labels.py took 0.091 seconds
