[2023-06-15T18:02:02.684+0000] {processor.py:153} INFO - Started process (PID=64) to work on /home/airflow/.local/lib/python3.7/site-packages/airflow/example_dags/example_short_circuit_decorator.py
[2023-06-15T18:02:02.690+0000] {processor.py:743} INFO - Processing file /home/airflow/.local/lib/python3.7/site-packages/airflow/example_dags/example_short_circuit_decorator.py for tasks to queue
[2023-06-15T18:02:02.691+0000] {logging_mixin.py:137} INFO - [2023-06-15T18:02:02.691+0000] {dagbag.py:538} INFO - Filling up the DagBag from /home/airflow/.local/lib/python3.7/site-packages/airflow/example_dags/example_short_circuit_decorator.py
[2023-06-15T18:02:02.807+0000] {processor.py:753} INFO - DAG(s) dict_keys(['example_short_circuit_decorator']) retrieved from /home/airflow/.local/lib/python3.7/site-packages/airflow/example_dags/example_short_circuit_decorator.py
[2023-06-15T18:02:02.861+0000] {logging_mixin.py:137} INFO - [2023-06-15T18:02:02.861+0000] {dag.py:2690} INFO - Sync 1 DAGs
[2023-06-15T18:02:03.137+0000] {logging_mixin.py:137} INFO - [2023-06-15T18:02:03.135+0000] {dag.py:3441} INFO - Setting next_dagrun for example_short_circuit_decorator to 2023-06-14T18:02:03.131593+00:00, run_after=2023-06-15T18:02:03.131593+00:00
[2023-06-15T18:02:03.204+0000] {processor.py:175} INFO - Processing /home/airflow/.local/lib/python3.7/site-packages/airflow/example_dags/example_short_circuit_decorator.py took 0.523 seconds
[2023-06-15T18:02:33.942+0000] {processor.py:153} INFO - Started process (PID=128) to work on /home/airflow/.local/lib/python3.7/site-packages/airflow/example_dags/example_short_circuit_decorator.py
[2023-06-15T18:02:33.945+0000] {processor.py:743} INFO - Processing file /home/airflow/.local/lib/python3.7/site-packages/airflow/example_dags/example_short_circuit_decorator.py for tasks to queue
[2023-06-15T18:02:33.947+0000] {logging_mixin.py:137} INFO - [2023-06-15T18:02:33.947+0000] {dagbag.py:538} INFO - Filling up the DagBag from /home/airflow/.local/lib/python3.7/site-packages/airflow/example_dags/example_short_circuit_decorator.py
[2023-06-15T18:02:33.974+0000] {processor.py:753} INFO - DAG(s) dict_keys(['example_short_circuit_decorator']) retrieved from /home/airflow/.local/lib/python3.7/site-packages/airflow/example_dags/example_short_circuit_decorator.py
[2023-06-15T18:02:33.999+0000] {logging_mixin.py:137} INFO - [2023-06-15T18:02:33.999+0000] {dag.py:2690} INFO - Sync 1 DAGs
[2023-06-15T18:02:34.019+0000] {logging_mixin.py:137} INFO - [2023-06-15T18:02:34.019+0000] {dag.py:3441} INFO - Setting next_dagrun for example_short_circuit_decorator to 2023-06-14T18:02:34.018762+00:00, run_after=2023-06-15T18:02:34.018762+00:00
[2023-06-15T18:02:34.033+0000] {processor.py:175} INFO - Processing /home/airflow/.local/lib/python3.7/site-packages/airflow/example_dags/example_short_circuit_decorator.py took 0.095 seconds
[2023-06-15T18:03:04.855+0000] {processor.py:153} INFO - Started process (PID=204) to work on /home/airflow/.local/lib/python3.7/site-packages/airflow/example_dags/example_short_circuit_decorator.py
[2023-06-15T18:03:04.858+0000] {processor.py:743} INFO - Processing file /home/airflow/.local/lib/python3.7/site-packages/airflow/example_dags/example_short_circuit_decorator.py for tasks to queue
[2023-06-15T18:03:04.859+0000] {logging_mixin.py:137} INFO - [2023-06-15T18:03:04.859+0000] {dagbag.py:538} INFO - Filling up the DagBag from /home/airflow/.local/lib/python3.7/site-packages/airflow/example_dags/example_short_circuit_decorator.py
[2023-06-15T18:03:04.879+0000] {processor.py:753} INFO - DAG(s) dict_keys(['example_short_circuit_decorator']) retrieved from /home/airflow/.local/lib/python3.7/site-packages/airflow/example_dags/example_short_circuit_decorator.py
[2023-06-15T18:03:04.905+0000] {logging_mixin.py:137} INFO - [2023-06-15T18:03:04.905+0000] {dag.py:2690} INFO - Sync 1 DAGs
[2023-06-15T18:03:04.925+0000] {logging_mixin.py:137} INFO - [2023-06-15T18:03:04.925+0000] {dag.py:3441} INFO - Setting next_dagrun for example_short_circuit_decorator to 2023-06-14T18:03:04.925415+00:00, run_after=2023-06-15T18:03:04.925415+00:00
[2023-06-15T18:03:04.939+0000] {processor.py:175} INFO - Processing /home/airflow/.local/lib/python3.7/site-packages/airflow/example_dags/example_short_circuit_decorator.py took 0.088 seconds
[2023-06-15T18:03:35.796+0000] {processor.py:153} INFO - Started process (PID=269) to work on /home/airflow/.local/lib/python3.7/site-packages/airflow/example_dags/example_short_circuit_decorator.py
[2023-06-15T18:03:35.799+0000] {processor.py:743} INFO - Processing file /home/airflow/.local/lib/python3.7/site-packages/airflow/example_dags/example_short_circuit_decorator.py for tasks to queue
[2023-06-15T18:03:35.800+0000] {logging_mixin.py:137} INFO - [2023-06-15T18:03:35.800+0000] {dagbag.py:538} INFO - Filling up the DagBag from /home/airflow/.local/lib/python3.7/site-packages/airflow/example_dags/example_short_circuit_decorator.py
[2023-06-15T18:03:35.822+0000] {processor.py:753} INFO - DAG(s) dict_keys(['example_short_circuit_decorator']) retrieved from /home/airflow/.local/lib/python3.7/site-packages/airflow/example_dags/example_short_circuit_decorator.py
[2023-06-15T18:03:35.852+0000] {logging_mixin.py:137} INFO - [2023-06-15T18:03:35.852+0000] {dag.py:2690} INFO - Sync 1 DAGs
[2023-06-15T18:03:35.876+0000] {logging_mixin.py:137} INFO - [2023-06-15T18:03:35.876+0000] {dag.py:3441} INFO - Setting next_dagrun for example_short_circuit_decorator to 2023-06-14T18:03:35.876147+00:00, run_after=2023-06-15T18:03:35.876147+00:00
[2023-06-15T18:03:35.892+0000] {processor.py:175} INFO - Processing /home/airflow/.local/lib/python3.7/site-packages/airflow/example_dags/example_short_circuit_decorator.py took 0.099 seconds
[2023-06-15T18:04:06.559+0000] {processor.py:153} INFO - Started process (PID=346) to work on /home/airflow/.local/lib/python3.7/site-packages/airflow/example_dags/example_short_circuit_decorator.py
[2023-06-15T18:04:06.563+0000] {processor.py:743} INFO - Processing file /home/airflow/.local/lib/python3.7/site-packages/airflow/example_dags/example_short_circuit_decorator.py for tasks to queue
[2023-06-15T18:04:06.565+0000] {logging_mixin.py:137} INFO - [2023-06-15T18:04:06.565+0000] {dagbag.py:538} INFO - Filling up the DagBag from /home/airflow/.local/lib/python3.7/site-packages/airflow/example_dags/example_short_circuit_decorator.py
[2023-06-15T18:04:06.591+0000] {processor.py:753} INFO - DAG(s) dict_keys(['example_short_circuit_decorator']) retrieved from /home/airflow/.local/lib/python3.7/site-packages/airflow/example_dags/example_short_circuit_decorator.py
[2023-06-15T18:04:06.625+0000] {logging_mixin.py:137} INFO - [2023-06-15T18:04:06.625+0000] {dag.py:2690} INFO - Sync 1 DAGs
[2023-06-15T18:04:06.645+0000] {logging_mixin.py:137} INFO - [2023-06-15T18:04:06.645+0000] {dag.py:3441} INFO - Setting next_dagrun for example_short_circuit_decorator to 2023-06-14T18:04:06.645623+00:00, run_after=2023-06-15T18:04:06.645623+00:00
[2023-06-15T18:04:06.661+0000] {processor.py:175} INFO - Processing /home/airflow/.local/lib/python3.7/site-packages/airflow/example_dags/example_short_circuit_decorator.py took 0.106 seconds
[2023-06-15T18:04:37.025+0000] {processor.py:153} INFO - Started process (PID=420) to work on /home/airflow/.local/lib/python3.7/site-packages/airflow/example_dags/example_short_circuit_decorator.py
[2023-06-15T18:04:37.028+0000] {processor.py:743} INFO - Processing file /home/airflow/.local/lib/python3.7/site-packages/airflow/example_dags/example_short_circuit_decorator.py for tasks to queue
[2023-06-15T18:04:37.031+0000] {logging_mixin.py:137} INFO - [2023-06-15T18:04:37.030+0000] {dagbag.py:538} INFO - Filling up the DagBag from /home/airflow/.local/lib/python3.7/site-packages/airflow/example_dags/example_short_circuit_decorator.py
[2023-06-15T18:04:37.063+0000] {processor.py:753} INFO - DAG(s) dict_keys(['example_short_circuit_decorator']) retrieved from /home/airflow/.local/lib/python3.7/site-packages/airflow/example_dags/example_short_circuit_decorator.py
[2023-06-15T18:04:37.091+0000] {logging_mixin.py:137} INFO - [2023-06-15T18:04:37.091+0000] {dag.py:2690} INFO - Sync 1 DAGs
[2023-06-15T18:04:37.133+0000] {logging_mixin.py:137} INFO - [2023-06-15T18:04:37.133+0000] {dag.py:3441} INFO - Setting next_dagrun for example_short_circuit_decorator to 2023-06-14T18:04:37.133198+00:00, run_after=2023-06-15T18:04:37.133198+00:00
[2023-06-15T18:04:37.148+0000] {processor.py:175} INFO - Processing /home/airflow/.local/lib/python3.7/site-packages/airflow/example_dags/example_short_circuit_decorator.py took 0.126 seconds
[2023-06-15T18:05:07.794+0000] {processor.py:153} INFO - Started process (PID=487) to work on /home/airflow/.local/lib/python3.7/site-packages/airflow/example_dags/example_short_circuit_decorator.py
[2023-06-15T18:05:07.795+0000] {processor.py:743} INFO - Processing file /home/airflow/.local/lib/python3.7/site-packages/airflow/example_dags/example_short_circuit_decorator.py for tasks to queue
[2023-06-15T18:05:07.796+0000] {logging_mixin.py:137} INFO - [2023-06-15T18:05:07.796+0000] {dagbag.py:538} INFO - Filling up the DagBag from /home/airflow/.local/lib/python3.7/site-packages/airflow/example_dags/example_short_circuit_decorator.py
[2023-06-15T18:05:07.816+0000] {processor.py:753} INFO - DAG(s) dict_keys(['example_short_circuit_decorator']) retrieved from /home/airflow/.local/lib/python3.7/site-packages/airflow/example_dags/example_short_circuit_decorator.py
[2023-06-15T18:05:07.840+0000] {logging_mixin.py:137} INFO - [2023-06-15T18:05:07.840+0000] {dag.py:2690} INFO - Sync 1 DAGs
[2023-06-15T18:05:07.858+0000] {logging_mixin.py:137} INFO - [2023-06-15T18:05:07.858+0000] {dag.py:3441} INFO - Setting next_dagrun for example_short_circuit_decorator to 2023-06-14T18:05:07.857993+00:00, run_after=2023-06-15T18:05:07.857993+00:00
[2023-06-15T18:05:07.870+0000] {processor.py:175} INFO - Processing /home/airflow/.local/lib/python3.7/site-packages/airflow/example_dags/example_short_circuit_decorator.py took 0.079 seconds
[2023-06-15T18:05:38.543+0000] {processor.py:153} INFO - Started process (PID=562) to work on /home/airflow/.local/lib/python3.7/site-packages/airflow/example_dags/example_short_circuit_decorator.py
[2023-06-15T18:05:38.544+0000] {processor.py:743} INFO - Processing file /home/airflow/.local/lib/python3.7/site-packages/airflow/example_dags/example_short_circuit_decorator.py for tasks to queue
[2023-06-15T18:05:38.545+0000] {logging_mixin.py:137} INFO - [2023-06-15T18:05:38.545+0000] {dagbag.py:538} INFO - Filling up the DagBag from /home/airflow/.local/lib/python3.7/site-packages/airflow/example_dags/example_short_circuit_decorator.py
[2023-06-15T18:05:38.566+0000] {processor.py:753} INFO - DAG(s) dict_keys(['example_short_circuit_decorator']) retrieved from /home/airflow/.local/lib/python3.7/site-packages/airflow/example_dags/example_short_circuit_decorator.py
[2023-06-15T18:05:38.591+0000] {logging_mixin.py:137} INFO - [2023-06-15T18:05:38.591+0000] {dag.py:2690} INFO - Sync 1 DAGs
[2023-06-15T18:05:38.610+0000] {logging_mixin.py:137} INFO - [2023-06-15T18:05:38.610+0000] {dag.py:3441} INFO - Setting next_dagrun for example_short_circuit_decorator to 2023-06-14T18:05:38.610507+00:00, run_after=2023-06-15T18:05:38.610507+00:00
[2023-06-15T18:05:38.626+0000] {processor.py:175} INFO - Processing /home/airflow/.local/lib/python3.7/site-packages/airflow/example_dags/example_short_circuit_decorator.py took 0.086 seconds
[2023-06-15T18:06:09.561+0000] {processor.py:153} INFO - Started process (PID=627) to work on /home/airflow/.local/lib/python3.7/site-packages/airflow/example_dags/example_short_circuit_decorator.py
[2023-06-15T18:06:09.562+0000] {processor.py:743} INFO - Processing file /home/airflow/.local/lib/python3.7/site-packages/airflow/example_dags/example_short_circuit_decorator.py for tasks to queue
[2023-06-15T18:06:09.563+0000] {logging_mixin.py:137} INFO - [2023-06-15T18:06:09.563+0000] {dagbag.py:538} INFO - Filling up the DagBag from /home/airflow/.local/lib/python3.7/site-packages/airflow/example_dags/example_short_circuit_decorator.py
[2023-06-15T18:06:09.584+0000] {processor.py:753} INFO - DAG(s) dict_keys(['example_short_circuit_decorator']) retrieved from /home/airflow/.local/lib/python3.7/site-packages/airflow/example_dags/example_short_circuit_decorator.py
[2023-06-15T18:06:09.610+0000] {logging_mixin.py:137} INFO - [2023-06-15T18:06:09.610+0000] {dag.py:2690} INFO - Sync 1 DAGs
[2023-06-15T18:06:09.630+0000] {logging_mixin.py:137} INFO - [2023-06-15T18:06:09.630+0000] {dag.py:3441} INFO - Setting next_dagrun for example_short_circuit_decorator to 2023-06-14T18:06:09.629861+00:00, run_after=2023-06-15T18:06:09.629861+00:00
[2023-06-15T18:06:09.646+0000] {processor.py:175} INFO - Processing /home/airflow/.local/lib/python3.7/site-packages/airflow/example_dags/example_short_circuit_decorator.py took 0.089 seconds
[2023-06-15T18:06:40.479+0000] {processor.py:153} INFO - Started process (PID=702) to work on /home/airflow/.local/lib/python3.7/site-packages/airflow/example_dags/example_short_circuit_decorator.py
[2023-06-15T18:06:40.481+0000] {processor.py:743} INFO - Processing file /home/airflow/.local/lib/python3.7/site-packages/airflow/example_dags/example_short_circuit_decorator.py for tasks to queue
[2023-06-15T18:06:40.481+0000] {logging_mixin.py:137} INFO - [2023-06-15T18:06:40.481+0000] {dagbag.py:538} INFO - Filling up the DagBag from /home/airflow/.local/lib/python3.7/site-packages/airflow/example_dags/example_short_circuit_decorator.py
[2023-06-15T18:06:40.502+0000] {processor.py:753} INFO - DAG(s) dict_keys(['example_short_circuit_decorator']) retrieved from /home/airflow/.local/lib/python3.7/site-packages/airflow/example_dags/example_short_circuit_decorator.py
[2023-06-15T18:06:40.526+0000] {logging_mixin.py:137} INFO - [2023-06-15T18:06:40.526+0000] {dag.py:2690} INFO - Sync 1 DAGs
[2023-06-15T18:06:40.545+0000] {logging_mixin.py:137} INFO - [2023-06-15T18:06:40.545+0000] {dag.py:3441} INFO - Setting next_dagrun for example_short_circuit_decorator to 2023-06-14T18:06:40.545573+00:00, run_after=2023-06-15T18:06:40.545573+00:00
[2023-06-15T18:06:40.565+0000] {processor.py:175} INFO - Processing /home/airflow/.local/lib/python3.7/site-packages/airflow/example_dags/example_short_circuit_decorator.py took 0.090 seconds
[2023-06-15T18:07:10.977+0000] {processor.py:153} INFO - Started process (PID=779) to work on /home/airflow/.local/lib/python3.7/site-packages/airflow/example_dags/example_short_circuit_decorator.py
[2023-06-15T18:07:10.978+0000] {processor.py:743} INFO - Processing file /home/airflow/.local/lib/python3.7/site-packages/airflow/example_dags/example_short_circuit_decorator.py for tasks to queue
[2023-06-15T18:07:10.979+0000] {logging_mixin.py:137} INFO - [2023-06-15T18:07:10.979+0000] {dagbag.py:538} INFO - Filling up the DagBag from /home/airflow/.local/lib/python3.7/site-packages/airflow/example_dags/example_short_circuit_decorator.py
[2023-06-15T18:07:10.999+0000] {processor.py:753} INFO - DAG(s) dict_keys(['example_short_circuit_decorator']) retrieved from /home/airflow/.local/lib/python3.7/site-packages/airflow/example_dags/example_short_circuit_decorator.py
[2023-06-15T18:07:11.025+0000] {logging_mixin.py:137} INFO - [2023-06-15T18:07:11.025+0000] {dag.py:2690} INFO - Sync 1 DAGs
[2023-06-15T18:07:11.045+0000] {logging_mixin.py:137} INFO - [2023-06-15T18:07:11.045+0000] {dag.py:3441} INFO - Setting next_dagrun for example_short_circuit_decorator to 2023-06-14T18:07:11.045098+00:00, run_after=2023-06-15T18:07:11.045098+00:00
[2023-06-15T18:07:11.059+0000] {processor.py:175} INFO - Processing /home/airflow/.local/lib/python3.7/site-packages/airflow/example_dags/example_short_circuit_decorator.py took 0.086 seconds
[2023-06-15T18:07:41.992+0000] {processor.py:153} INFO - Started process (PID=844) to work on /home/airflow/.local/lib/python3.7/site-packages/airflow/example_dags/example_short_circuit_decorator.py
[2023-06-15T18:07:41.994+0000] {processor.py:743} INFO - Processing file /home/airflow/.local/lib/python3.7/site-packages/airflow/example_dags/example_short_circuit_decorator.py for tasks to queue
[2023-06-15T18:07:41.996+0000] {logging_mixin.py:137} INFO - [2023-06-15T18:07:41.996+0000] {dagbag.py:538} INFO - Filling up the DagBag from /home/airflow/.local/lib/python3.7/site-packages/airflow/example_dags/example_short_circuit_decorator.py
[2023-06-15T18:07:42.019+0000] {processor.py:753} INFO - DAG(s) dict_keys(['example_short_circuit_decorator']) retrieved from /home/airflow/.local/lib/python3.7/site-packages/airflow/example_dags/example_short_circuit_decorator.py
[2023-06-15T18:07:42.060+0000] {logging_mixin.py:137} INFO - [2023-06-15T18:07:42.060+0000] {dag.py:2690} INFO - Sync 1 DAGs
[2023-06-15T18:07:42.088+0000] {logging_mixin.py:137} INFO - [2023-06-15T18:07:42.088+0000] {dag.py:3441} INFO - Setting next_dagrun for example_short_circuit_decorator to 2023-06-14T18:07:42.088506+00:00, run_after=2023-06-15T18:07:42.088506+00:00
[2023-06-15T18:07:42.117+0000] {processor.py:175} INFO - Processing /home/airflow/.local/lib/python3.7/site-packages/airflow/example_dags/example_short_circuit_decorator.py took 0.128 seconds
[2023-06-15T18:08:12.216+0000] {processor.py:153} INFO - Started process (PID=920) to work on /home/airflow/.local/lib/python3.7/site-packages/airflow/example_dags/example_short_circuit_decorator.py
[2023-06-15T18:08:12.217+0000] {processor.py:743} INFO - Processing file /home/airflow/.local/lib/python3.7/site-packages/airflow/example_dags/example_short_circuit_decorator.py for tasks to queue
[2023-06-15T18:08:12.218+0000] {logging_mixin.py:137} INFO - [2023-06-15T18:08:12.218+0000] {dagbag.py:538} INFO - Filling up the DagBag from /home/airflow/.local/lib/python3.7/site-packages/airflow/example_dags/example_short_circuit_decorator.py
[2023-06-15T18:08:12.238+0000] {processor.py:753} INFO - DAG(s) dict_keys(['example_short_circuit_decorator']) retrieved from /home/airflow/.local/lib/python3.7/site-packages/airflow/example_dags/example_short_circuit_decorator.py
[2023-06-15T18:08:12.261+0000] {logging_mixin.py:137} INFO - [2023-06-15T18:08:12.261+0000] {dag.py:2690} INFO - Sync 1 DAGs
[2023-06-15T18:08:12.280+0000] {logging_mixin.py:137} INFO - [2023-06-15T18:08:12.279+0000] {dag.py:3441} INFO - Setting next_dagrun for example_short_circuit_decorator to 2023-06-14T18:08:12.278885+00:00, run_after=2023-06-15T18:08:12.278885+00:00
[2023-06-15T18:08:12.295+0000] {processor.py:175} INFO - Processing /home/airflow/.local/lib/python3.7/site-packages/airflow/example_dags/example_short_circuit_decorator.py took 0.082 seconds
[2023-06-15T18:08:43.057+0000] {processor.py:153} INFO - Started process (PID=996) to work on /home/airflow/.local/lib/python3.7/site-packages/airflow/example_dags/example_short_circuit_decorator.py
[2023-06-15T18:08:43.060+0000] {processor.py:743} INFO - Processing file /home/airflow/.local/lib/python3.7/site-packages/airflow/example_dags/example_short_circuit_decorator.py for tasks to queue
[2023-06-15T18:08:43.062+0000] {logging_mixin.py:137} INFO - [2023-06-15T18:08:43.062+0000] {dagbag.py:538} INFO - Filling up the DagBag from /home/airflow/.local/lib/python3.7/site-packages/airflow/example_dags/example_short_circuit_decorator.py
[2023-06-15T18:08:43.084+0000] {processor.py:753} INFO - DAG(s) dict_keys(['example_short_circuit_decorator']) retrieved from /home/airflow/.local/lib/python3.7/site-packages/airflow/example_dags/example_short_circuit_decorator.py
[2023-06-15T18:08:43.120+0000] {logging_mixin.py:137} INFO - [2023-06-15T18:08:43.119+0000] {dag.py:2690} INFO - Sync 1 DAGs
[2023-06-15T18:08:43.154+0000] {logging_mixin.py:137} INFO - [2023-06-15T18:08:43.154+0000] {dag.py:3441} INFO - Setting next_dagrun for example_short_circuit_decorator to 2023-06-14T18:08:43.154510+00:00, run_after=2023-06-15T18:08:43.154510+00:00
[2023-06-15T18:08:43.172+0000] {processor.py:175} INFO - Processing /home/airflow/.local/lib/python3.7/site-packages/airflow/example_dags/example_short_circuit_decorator.py took 0.120 seconds
[2023-06-15T18:09:13.687+0000] {processor.py:153} INFO - Started process (PID=1060) to work on /home/airflow/.local/lib/python3.7/site-packages/airflow/example_dags/example_short_circuit_decorator.py
[2023-06-15T18:09:13.688+0000] {processor.py:743} INFO - Processing file /home/airflow/.local/lib/python3.7/site-packages/airflow/example_dags/example_short_circuit_decorator.py for tasks to queue
[2023-06-15T18:09:13.690+0000] {logging_mixin.py:137} INFO - [2023-06-15T18:09:13.689+0000] {dagbag.py:538} INFO - Filling up the DagBag from /home/airflow/.local/lib/python3.7/site-packages/airflow/example_dags/example_short_circuit_decorator.py
[2023-06-15T18:09:13.711+0000] {processor.py:753} INFO - DAG(s) dict_keys(['example_short_circuit_decorator']) retrieved from /home/airflow/.local/lib/python3.7/site-packages/airflow/example_dags/example_short_circuit_decorator.py
[2023-06-15T18:09:13.735+0000] {logging_mixin.py:137} INFO - [2023-06-15T18:09:13.735+0000] {dag.py:2690} INFO - Sync 1 DAGs
[2023-06-15T18:09:13.753+0000] {logging_mixin.py:137} INFO - [2023-06-15T18:09:13.753+0000] {dag.py:3441} INFO - Setting next_dagrun for example_short_circuit_decorator to 2023-06-14T18:09:13.753397+00:00, run_after=2023-06-15T18:09:13.753397+00:00
[2023-06-15T18:09:13.768+0000] {processor.py:175} INFO - Processing /home/airflow/.local/lib/python3.7/site-packages/airflow/example_dags/example_short_circuit_decorator.py took 0.084 seconds
[2023-06-15T18:09:44.353+0000] {processor.py:153} INFO - Started process (PID=1136) to work on /home/airflow/.local/lib/python3.7/site-packages/airflow/example_dags/example_short_circuit_decorator.py
[2023-06-15T18:09:44.354+0000] {processor.py:743} INFO - Processing file /home/airflow/.local/lib/python3.7/site-packages/airflow/example_dags/example_short_circuit_decorator.py for tasks to queue
[2023-06-15T18:09:44.355+0000] {logging_mixin.py:137} INFO - [2023-06-15T18:09:44.355+0000] {dagbag.py:538} INFO - Filling up the DagBag from /home/airflow/.local/lib/python3.7/site-packages/airflow/example_dags/example_short_circuit_decorator.py
[2023-06-15T18:09:44.375+0000] {processor.py:753} INFO - DAG(s) dict_keys(['example_short_circuit_decorator']) retrieved from /home/airflow/.local/lib/python3.7/site-packages/airflow/example_dags/example_short_circuit_decorator.py
[2023-06-15T18:09:44.398+0000] {logging_mixin.py:137} INFO - [2023-06-15T18:09:44.398+0000] {dag.py:2690} INFO - Sync 1 DAGs
[2023-06-15T18:09:44.417+0000] {logging_mixin.py:137} INFO - [2023-06-15T18:09:44.417+0000] {dag.py:3441} INFO - Setting next_dagrun for example_short_circuit_decorator to 2023-06-14T18:09:44.416837+00:00, run_after=2023-06-15T18:09:44.416837+00:00
[2023-06-15T18:09:44.431+0000] {processor.py:175} INFO - Processing /home/airflow/.local/lib/python3.7/site-packages/airflow/example_dags/example_short_circuit_decorator.py took 0.081 seconds
[2023-06-15T18:10:14.994+0000] {processor.py:153} INFO - Started process (PID=1207) to work on /home/airflow/.local/lib/python3.7/site-packages/airflow/example_dags/example_short_circuit_decorator.py
[2023-06-15T18:10:14.998+0000] {processor.py:743} INFO - Processing file /home/airflow/.local/lib/python3.7/site-packages/airflow/example_dags/example_short_circuit_decorator.py for tasks to queue
[2023-06-15T18:10:15.000+0000] {logging_mixin.py:137} INFO - [2023-06-15T18:10:14.999+0000] {dagbag.py:538} INFO - Filling up the DagBag from /home/airflow/.local/lib/python3.7/site-packages/airflow/example_dags/example_short_circuit_decorator.py
[2023-06-15T18:10:15.026+0000] {processor.py:753} INFO - DAG(s) dict_keys(['example_short_circuit_decorator']) retrieved from /home/airflow/.local/lib/python3.7/site-packages/airflow/example_dags/example_short_circuit_decorator.py
[2023-06-15T18:10:15.052+0000] {logging_mixin.py:137} INFO - [2023-06-15T18:10:15.052+0000] {dag.py:2690} INFO - Sync 1 DAGs
[2023-06-15T18:10:15.073+0000] {logging_mixin.py:137} INFO - [2023-06-15T18:10:15.073+0000] {dag.py:3441} INFO - Setting next_dagrun for example_short_circuit_decorator to 2023-06-14T18:10:15.073078+00:00, run_after=2023-06-15T18:10:15.073078+00:00
[2023-06-15T18:10:15.095+0000] {processor.py:175} INFO - Processing /home/airflow/.local/lib/python3.7/site-packages/airflow/example_dags/example_short_circuit_decorator.py took 0.105 seconds
[2023-06-15T18:10:45.882+0000] {processor.py:153} INFO - Started process (PID=1276) to work on /home/airflow/.local/lib/python3.7/site-packages/airflow/example_dags/example_short_circuit_decorator.py
[2023-06-15T18:10:45.884+0000] {processor.py:743} INFO - Processing file /home/airflow/.local/lib/python3.7/site-packages/airflow/example_dags/example_short_circuit_decorator.py for tasks to queue
[2023-06-15T18:10:45.885+0000] {logging_mixin.py:137} INFO - [2023-06-15T18:10:45.885+0000] {dagbag.py:538} INFO - Filling up the DagBag from /home/airflow/.local/lib/python3.7/site-packages/airflow/example_dags/example_short_circuit_decorator.py
[2023-06-15T18:10:45.904+0000] {processor.py:753} INFO - DAG(s) dict_keys(['example_short_circuit_decorator']) retrieved from /home/airflow/.local/lib/python3.7/site-packages/airflow/example_dags/example_short_circuit_decorator.py
[2023-06-15T18:10:45.929+0000] {logging_mixin.py:137} INFO - [2023-06-15T18:10:45.929+0000] {dag.py:2690} INFO - Sync 1 DAGs
[2023-06-15T18:10:45.949+0000] {logging_mixin.py:137} INFO - [2023-06-15T18:10:45.949+0000] {dag.py:3441} INFO - Setting next_dagrun for example_short_circuit_decorator to 2023-06-14T18:10:45.948854+00:00, run_after=2023-06-15T18:10:45.948854+00:00
[2023-06-15T18:10:45.963+0000] {processor.py:175} INFO - Processing /home/airflow/.local/lib/python3.7/site-packages/airflow/example_dags/example_short_circuit_decorator.py took 0.084 seconds
[2023-06-15T18:11:16.484+0000] {processor.py:153} INFO - Started process (PID=1352) to work on /home/airflow/.local/lib/python3.7/site-packages/airflow/example_dags/example_short_circuit_decorator.py
[2023-06-15T18:11:16.485+0000] {processor.py:743} INFO - Processing file /home/airflow/.local/lib/python3.7/site-packages/airflow/example_dags/example_short_circuit_decorator.py for tasks to queue
[2023-06-15T18:11:16.486+0000] {logging_mixin.py:137} INFO - [2023-06-15T18:11:16.486+0000] {dagbag.py:538} INFO - Filling up the DagBag from /home/airflow/.local/lib/python3.7/site-packages/airflow/example_dags/example_short_circuit_decorator.py
[2023-06-15T18:11:16.507+0000] {processor.py:753} INFO - DAG(s) dict_keys(['example_short_circuit_decorator']) retrieved from /home/airflow/.local/lib/python3.7/site-packages/airflow/example_dags/example_short_circuit_decorator.py
[2023-06-15T18:11:16.531+0000] {logging_mixin.py:137} INFO - [2023-06-15T18:11:16.531+0000] {dag.py:2690} INFO - Sync 1 DAGs
[2023-06-15T18:11:16.549+0000] {logging_mixin.py:137} INFO - [2023-06-15T18:11:16.549+0000] {dag.py:3441} INFO - Setting next_dagrun for example_short_circuit_decorator to 2023-06-14T18:11:16.549580+00:00, run_after=2023-06-15T18:11:16.549580+00:00
[2023-06-15T18:11:16.564+0000] {processor.py:175} INFO - Processing /home/airflow/.local/lib/python3.7/site-packages/airflow/example_dags/example_short_circuit_decorator.py took 0.084 seconds
[2023-06-15T18:11:47.041+0000] {processor.py:153} INFO - Started process (PID=1417) to work on /home/airflow/.local/lib/python3.7/site-packages/airflow/example_dags/example_short_circuit_decorator.py
[2023-06-15T18:11:47.043+0000] {processor.py:743} INFO - Processing file /home/airflow/.local/lib/python3.7/site-packages/airflow/example_dags/example_short_circuit_decorator.py for tasks to queue
[2023-06-15T18:11:47.044+0000] {logging_mixin.py:137} INFO - [2023-06-15T18:11:47.044+0000] {dagbag.py:538} INFO - Filling up the DagBag from /home/airflow/.local/lib/python3.7/site-packages/airflow/example_dags/example_short_circuit_decorator.py
[2023-06-15T18:11:47.065+0000] {processor.py:753} INFO - DAG(s) dict_keys(['example_short_circuit_decorator']) retrieved from /home/airflow/.local/lib/python3.7/site-packages/airflow/example_dags/example_short_circuit_decorator.py
[2023-06-15T18:11:47.093+0000] {logging_mixin.py:137} INFO - [2023-06-15T18:11:47.093+0000] {dag.py:2690} INFO - Sync 1 DAGs
[2023-06-15T18:11:47.112+0000] {logging_mixin.py:137} INFO - [2023-06-15T18:11:47.112+0000] {dag.py:3441} INFO - Setting next_dagrun for example_short_circuit_decorator to 2023-06-14T18:11:47.112246+00:00, run_after=2023-06-15T18:11:47.112246+00:00
[2023-06-15T18:11:47.128+0000] {processor.py:175} INFO - Processing /home/airflow/.local/lib/python3.7/site-packages/airflow/example_dags/example_short_circuit_decorator.py took 0.090 seconds
[2023-06-15T18:12:17.666+0000] {processor.py:153} INFO - Started process (PID=1494) to work on /home/airflow/.local/lib/python3.7/site-packages/airflow/example_dags/example_short_circuit_decorator.py
[2023-06-15T18:12:17.667+0000] {processor.py:743} INFO - Processing file /home/airflow/.local/lib/python3.7/site-packages/airflow/example_dags/example_short_circuit_decorator.py for tasks to queue
[2023-06-15T18:12:17.668+0000] {logging_mixin.py:137} INFO - [2023-06-15T18:12:17.668+0000] {dagbag.py:538} INFO - Filling up the DagBag from /home/airflow/.local/lib/python3.7/site-packages/airflow/example_dags/example_short_circuit_decorator.py
[2023-06-15T18:12:17.690+0000] {processor.py:753} INFO - DAG(s) dict_keys(['example_short_circuit_decorator']) retrieved from /home/airflow/.local/lib/python3.7/site-packages/airflow/example_dags/example_short_circuit_decorator.py
[2023-06-15T18:12:17.716+0000] {logging_mixin.py:137} INFO - [2023-06-15T18:12:17.716+0000] {dag.py:2690} INFO - Sync 1 DAGs
[2023-06-15T18:12:17.735+0000] {logging_mixin.py:137} INFO - [2023-06-15T18:12:17.735+0000] {dag.py:3441} INFO - Setting next_dagrun for example_short_circuit_decorator to 2023-06-14T18:12:17.734976+00:00, run_after=2023-06-15T18:12:17.734976+00:00
[2023-06-15T18:12:17.748+0000] {processor.py:175} INFO - Processing /home/airflow/.local/lib/python3.7/site-packages/airflow/example_dags/example_short_circuit_decorator.py took 0.085 seconds
[2023-06-15T18:12:48.263+0000] {processor.py:153} INFO - Started process (PID=1572) to work on /home/airflow/.local/lib/python3.7/site-packages/airflow/example_dags/example_short_circuit_decorator.py
[2023-06-15T18:12:48.264+0000] {processor.py:743} INFO - Processing file /home/airflow/.local/lib/python3.7/site-packages/airflow/example_dags/example_short_circuit_decorator.py for tasks to queue
[2023-06-15T18:12:48.265+0000] {logging_mixin.py:137} INFO - [2023-06-15T18:12:48.265+0000] {dagbag.py:538} INFO - Filling up the DagBag from /home/airflow/.local/lib/python3.7/site-packages/airflow/example_dags/example_short_circuit_decorator.py
[2023-06-15T18:12:48.284+0000] {processor.py:753} INFO - DAG(s) dict_keys(['example_short_circuit_decorator']) retrieved from /home/airflow/.local/lib/python3.7/site-packages/airflow/example_dags/example_short_circuit_decorator.py
[2023-06-15T18:12:48.308+0000] {logging_mixin.py:137} INFO - [2023-06-15T18:12:48.308+0000] {dag.py:2690} INFO - Sync 1 DAGs
[2023-06-15T18:12:48.325+0000] {logging_mixin.py:137} INFO - [2023-06-15T18:12:48.325+0000] {dag.py:3441} INFO - Setting next_dagrun for example_short_circuit_decorator to 2023-06-14T18:12:48.325602+00:00, run_after=2023-06-15T18:12:48.325602+00:00
[2023-06-15T18:12:48.339+0000] {processor.py:175} INFO - Processing /home/airflow/.local/lib/python3.7/site-packages/airflow/example_dags/example_short_circuit_decorator.py took 0.080 seconds
[2023-06-15T18:13:18.951+0000] {processor.py:153} INFO - Started process (PID=1638) to work on /home/airflow/.local/lib/python3.7/site-packages/airflow/example_dags/example_short_circuit_decorator.py
[2023-06-15T18:13:18.952+0000] {processor.py:743} INFO - Processing file /home/airflow/.local/lib/python3.7/site-packages/airflow/example_dags/example_short_circuit_decorator.py for tasks to queue
[2023-06-15T18:13:18.953+0000] {logging_mixin.py:137} INFO - [2023-06-15T18:13:18.953+0000] {dagbag.py:538} INFO - Filling up the DagBag from /home/airflow/.local/lib/python3.7/site-packages/airflow/example_dags/example_short_circuit_decorator.py
[2023-06-15T18:13:18.974+0000] {processor.py:753} INFO - DAG(s) dict_keys(['example_short_circuit_decorator']) retrieved from /home/airflow/.local/lib/python3.7/site-packages/airflow/example_dags/example_short_circuit_decorator.py
[2023-06-15T18:13:18.998+0000] {logging_mixin.py:137} INFO - [2023-06-15T18:13:18.998+0000] {dag.py:2690} INFO - Sync 1 DAGs
[2023-06-15T18:13:19.018+0000] {logging_mixin.py:137} INFO - [2023-06-15T18:13:19.018+0000] {dag.py:3441} INFO - Setting next_dagrun for example_short_circuit_decorator to 2023-06-14T18:13:19.018585+00:00, run_after=2023-06-15T18:13:19.018585+00:00
[2023-06-15T18:13:19.033+0000] {processor.py:175} INFO - Processing /home/airflow/.local/lib/python3.7/site-packages/airflow/example_dags/example_short_circuit_decorator.py took 0.086 seconds
[2023-06-15T18:13:49.903+0000] {processor.py:153} INFO - Started process (PID=1716) to work on /home/airflow/.local/lib/python3.7/site-packages/airflow/example_dags/example_short_circuit_decorator.py
[2023-06-15T18:13:49.905+0000] {processor.py:743} INFO - Processing file /home/airflow/.local/lib/python3.7/site-packages/airflow/example_dags/example_short_circuit_decorator.py for tasks to queue
[2023-06-15T18:13:49.906+0000] {logging_mixin.py:137} INFO - [2023-06-15T18:13:49.906+0000] {dagbag.py:538} INFO - Filling up the DagBag from /home/airflow/.local/lib/python3.7/site-packages/airflow/example_dags/example_short_circuit_decorator.py
[2023-06-15T18:13:49.927+0000] {processor.py:753} INFO - DAG(s) dict_keys(['example_short_circuit_decorator']) retrieved from /home/airflow/.local/lib/python3.7/site-packages/airflow/example_dags/example_short_circuit_decorator.py
[2023-06-15T18:13:49.954+0000] {logging_mixin.py:137} INFO - [2023-06-15T18:13:49.954+0000] {dag.py:2690} INFO - Sync 1 DAGs
[2023-06-15T18:13:49.979+0000] {logging_mixin.py:137} INFO - [2023-06-15T18:13:49.979+0000] {dag.py:3441} INFO - Setting next_dagrun for example_short_circuit_decorator to 2023-06-14T18:13:49.979017+00:00, run_after=2023-06-15T18:13:49.979017+00:00
[2023-06-15T18:13:49.999+0000] {processor.py:175} INFO - Processing /home/airflow/.local/lib/python3.7/site-packages/airflow/example_dags/example_short_circuit_decorator.py took 0.100 seconds
[2023-06-15T18:14:20.179+0000] {processor.py:153} INFO - Started process (PID=1793) to work on /home/airflow/.local/lib/python3.7/site-packages/airflow/example_dags/example_short_circuit_decorator.py
[2023-06-15T18:14:20.180+0000] {processor.py:743} INFO - Processing file /home/airflow/.local/lib/python3.7/site-packages/airflow/example_dags/example_short_circuit_decorator.py for tasks to queue
[2023-06-15T18:14:20.181+0000] {logging_mixin.py:137} INFO - [2023-06-15T18:14:20.181+0000] {dagbag.py:538} INFO - Filling up the DagBag from /home/airflow/.local/lib/python3.7/site-packages/airflow/example_dags/example_short_circuit_decorator.py
[2023-06-15T18:14:20.201+0000] {processor.py:753} INFO - DAG(s) dict_keys(['example_short_circuit_decorator']) retrieved from /home/airflow/.local/lib/python3.7/site-packages/airflow/example_dags/example_short_circuit_decorator.py
[2023-06-15T18:14:20.228+0000] {logging_mixin.py:137} INFO - [2023-06-15T18:14:20.228+0000] {dag.py:2690} INFO - Sync 1 DAGs
[2023-06-15T18:14:20.248+0000] {logging_mixin.py:137} INFO - [2023-06-15T18:14:20.248+0000] {dag.py:3441} INFO - Setting next_dagrun for example_short_circuit_decorator to 2023-06-14T18:14:20.248166+00:00, run_after=2023-06-15T18:14:20.248166+00:00
[2023-06-15T18:14:20.262+0000] {processor.py:175} INFO - Processing /home/airflow/.local/lib/python3.7/site-packages/airflow/example_dags/example_short_circuit_decorator.py took 0.087 seconds
[2023-06-15T18:14:51.053+0000] {processor.py:153} INFO - Started process (PID=1858) to work on /home/airflow/.local/lib/python3.7/site-packages/airflow/example_dags/example_short_circuit_decorator.py
[2023-06-15T18:14:51.054+0000] {processor.py:743} INFO - Processing file /home/airflow/.local/lib/python3.7/site-packages/airflow/example_dags/example_short_circuit_decorator.py for tasks to queue
[2023-06-15T18:14:51.056+0000] {logging_mixin.py:137} INFO - [2023-06-15T18:14:51.056+0000] {dagbag.py:538} INFO - Filling up the DagBag from /home/airflow/.local/lib/python3.7/site-packages/airflow/example_dags/example_short_circuit_decorator.py
[2023-06-15T18:14:51.081+0000] {processor.py:753} INFO - DAG(s) dict_keys(['example_short_circuit_decorator']) retrieved from /home/airflow/.local/lib/python3.7/site-packages/airflow/example_dags/example_short_circuit_decorator.py
[2023-06-15T18:14:51.119+0000] {logging_mixin.py:137} INFO - [2023-06-15T18:14:51.119+0000] {dag.py:2690} INFO - Sync 1 DAGs
[2023-06-15T18:14:51.146+0000] {logging_mixin.py:137} INFO - [2023-06-15T18:14:51.146+0000] {dag.py:3441} INFO - Setting next_dagrun for example_short_circuit_decorator to 2023-06-14T18:14:51.145986+00:00, run_after=2023-06-15T18:14:51.145986+00:00
[2023-06-15T18:14:51.175+0000] {processor.py:175} INFO - Processing /home/airflow/.local/lib/python3.7/site-packages/airflow/example_dags/example_short_circuit_decorator.py took 0.126 seconds
[2023-06-15T18:15:21.657+0000] {processor.py:153} INFO - Started process (PID=1936) to work on /home/airflow/.local/lib/python3.7/site-packages/airflow/example_dags/example_short_circuit_decorator.py
[2023-06-15T18:15:21.658+0000] {processor.py:743} INFO - Processing file /home/airflow/.local/lib/python3.7/site-packages/airflow/example_dags/example_short_circuit_decorator.py for tasks to queue
[2023-06-15T18:15:21.660+0000] {logging_mixin.py:137} INFO - [2023-06-15T18:15:21.659+0000] {dagbag.py:538} INFO - Filling up the DagBag from /home/airflow/.local/lib/python3.7/site-packages/airflow/example_dags/example_short_circuit_decorator.py
[2023-06-15T18:15:21.681+0000] {processor.py:753} INFO - DAG(s) dict_keys(['example_short_circuit_decorator']) retrieved from /home/airflow/.local/lib/python3.7/site-packages/airflow/example_dags/example_short_circuit_decorator.py
[2023-06-15T18:15:21.705+0000] {logging_mixin.py:137} INFO - [2023-06-15T18:15:21.705+0000] {dag.py:2690} INFO - Sync 1 DAGs
[2023-06-15T18:15:21.723+0000] {logging_mixin.py:137} INFO - [2023-06-15T18:15:21.723+0000] {dag.py:3441} INFO - Setting next_dagrun for example_short_circuit_decorator to 2023-06-14T18:15:21.723531+00:00, run_after=2023-06-15T18:15:21.723531+00:00
[2023-06-15T18:15:21.738+0000] {processor.py:175} INFO - Processing /home/airflow/.local/lib/python3.7/site-packages/airflow/example_dags/example_short_circuit_decorator.py took 0.085 seconds
[2023-06-15T18:15:51.794+0000] {processor.py:153} INFO - Started process (PID=2002) to work on /home/airflow/.local/lib/python3.7/site-packages/airflow/example_dags/example_short_circuit_decorator.py
[2023-06-15T18:15:51.795+0000] {processor.py:743} INFO - Processing file /home/airflow/.local/lib/python3.7/site-packages/airflow/example_dags/example_short_circuit_decorator.py for tasks to queue
[2023-06-15T18:15:51.796+0000] {logging_mixin.py:137} INFO - [2023-06-15T18:15:51.796+0000] {dagbag.py:538} INFO - Filling up the DagBag from /home/airflow/.local/lib/python3.7/site-packages/airflow/example_dags/example_short_circuit_decorator.py
[2023-06-15T18:15:51.817+0000] {processor.py:753} INFO - DAG(s) dict_keys(['example_short_circuit_decorator']) retrieved from /home/airflow/.local/lib/python3.7/site-packages/airflow/example_dags/example_short_circuit_decorator.py
[2023-06-15T18:15:51.841+0000] {logging_mixin.py:137} INFO - [2023-06-15T18:15:51.841+0000] {dag.py:2690} INFO - Sync 1 DAGs
[2023-06-15T18:15:51.861+0000] {logging_mixin.py:137} INFO - [2023-06-15T18:15:51.861+0000] {dag.py:3441} INFO - Setting next_dagrun for example_short_circuit_decorator to 2023-06-14T18:15:51.860896+00:00, run_after=2023-06-15T18:15:51.860896+00:00
[2023-06-15T18:15:51.875+0000] {processor.py:175} INFO - Processing /home/airflow/.local/lib/python3.7/site-packages/airflow/example_dags/example_short_circuit_decorator.py took 0.084 seconds
[2023-06-15T18:16:22.518+0000] {processor.py:153} INFO - Started process (PID=2079) to work on /home/airflow/.local/lib/python3.7/site-packages/airflow/example_dags/example_short_circuit_decorator.py
[2023-06-15T18:16:22.519+0000] {processor.py:743} INFO - Processing file /home/airflow/.local/lib/python3.7/site-packages/airflow/example_dags/example_short_circuit_decorator.py for tasks to queue
[2023-06-15T18:16:22.520+0000] {logging_mixin.py:137} INFO - [2023-06-15T18:16:22.520+0000] {dagbag.py:538} INFO - Filling up the DagBag from /home/airflow/.local/lib/python3.7/site-packages/airflow/example_dags/example_short_circuit_decorator.py
[2023-06-15T18:16:22.540+0000] {processor.py:753} INFO - DAG(s) dict_keys(['example_short_circuit_decorator']) retrieved from /home/airflow/.local/lib/python3.7/site-packages/airflow/example_dags/example_short_circuit_decorator.py
[2023-06-15T18:16:22.564+0000] {logging_mixin.py:137} INFO - [2023-06-15T18:16:22.564+0000] {dag.py:2690} INFO - Sync 1 DAGs
[2023-06-15T18:16:22.582+0000] {logging_mixin.py:137} INFO - [2023-06-15T18:16:22.582+0000] {dag.py:3441} INFO - Setting next_dagrun for example_short_circuit_decorator to 2023-06-14T18:16:22.582100+00:00, run_after=2023-06-15T18:16:22.582100+00:00
[2023-06-15T18:16:22.595+0000] {processor.py:175} INFO - Processing /home/airflow/.local/lib/python3.7/site-packages/airflow/example_dags/example_short_circuit_decorator.py took 0.080 seconds
[2023-06-15T18:16:53.088+0000] {processor.py:153} INFO - Started process (PID=2156) to work on /home/airflow/.local/lib/python3.7/site-packages/airflow/example_dags/example_short_circuit_decorator.py
[2023-06-15T18:16:53.089+0000] {processor.py:743} INFO - Processing file /home/airflow/.local/lib/python3.7/site-packages/airflow/example_dags/example_short_circuit_decorator.py for tasks to queue
[2023-06-15T18:16:53.090+0000] {logging_mixin.py:137} INFO - [2023-06-15T18:16:53.090+0000] {dagbag.py:538} INFO - Filling up the DagBag from /home/airflow/.local/lib/python3.7/site-packages/airflow/example_dags/example_short_circuit_decorator.py
[2023-06-15T18:16:53.110+0000] {processor.py:753} INFO - DAG(s) dict_keys(['example_short_circuit_decorator']) retrieved from /home/airflow/.local/lib/python3.7/site-packages/airflow/example_dags/example_short_circuit_decorator.py
[2023-06-15T18:16:53.134+0000] {logging_mixin.py:137} INFO - [2023-06-15T18:16:53.134+0000] {dag.py:2690} INFO - Sync 1 DAGs
[2023-06-15T18:16:53.153+0000] {logging_mixin.py:137} INFO - [2023-06-15T18:16:53.153+0000] {dag.py:3441} INFO - Setting next_dagrun for example_short_circuit_decorator to 2023-06-14T18:16:53.153268+00:00, run_after=2023-06-15T18:16:53.153268+00:00
[2023-06-15T18:16:53.168+0000] {processor.py:175} INFO - Processing /home/airflow/.local/lib/python3.7/site-packages/airflow/example_dags/example_short_circuit_decorator.py took 0.083 seconds
[2023-06-15T18:17:23.434+0000] {processor.py:153} INFO - Started process (PID=2221) to work on /home/airflow/.local/lib/python3.7/site-packages/airflow/example_dags/example_short_circuit_decorator.py
[2023-06-15T18:17:23.436+0000] {processor.py:743} INFO - Processing file /home/airflow/.local/lib/python3.7/site-packages/airflow/example_dags/example_short_circuit_decorator.py for tasks to queue
[2023-06-15T18:17:23.437+0000] {logging_mixin.py:137} INFO - [2023-06-15T18:17:23.437+0000] {dagbag.py:538} INFO - Filling up the DagBag from /home/airflow/.local/lib/python3.7/site-packages/airflow/example_dags/example_short_circuit_decorator.py
[2023-06-15T18:17:23.458+0000] {processor.py:753} INFO - DAG(s) dict_keys(['example_short_circuit_decorator']) retrieved from /home/airflow/.local/lib/python3.7/site-packages/airflow/example_dags/example_short_circuit_decorator.py
[2023-06-15T18:17:23.482+0000] {logging_mixin.py:137} INFO - [2023-06-15T18:17:23.482+0000] {dag.py:2690} INFO - Sync 1 DAGs
[2023-06-15T18:17:23.500+0000] {logging_mixin.py:137} INFO - [2023-06-15T18:17:23.500+0000] {dag.py:3441} INFO - Setting next_dagrun for example_short_circuit_decorator to 2023-06-14T18:17:23.500225+00:00, run_after=2023-06-15T18:17:23.500225+00:00
[2023-06-15T18:17:23.516+0000] {processor.py:175} INFO - Processing /home/airflow/.local/lib/python3.7/site-packages/airflow/example_dags/example_short_circuit_decorator.py took 0.085 seconds
[2023-06-15T18:44:53.390+0000] {processor.py:153} INFO - Started process (PID=2305) to work on /home/airflow/.local/lib/python3.7/site-packages/airflow/example_dags/example_short_circuit_decorator.py
[2023-06-15T18:44:53.392+0000] {processor.py:743} INFO - Processing file /home/airflow/.local/lib/python3.7/site-packages/airflow/example_dags/example_short_circuit_decorator.py for tasks to queue
[2023-06-15T18:44:53.393+0000] {logging_mixin.py:137} INFO - [2023-06-15T18:44:53.392+0000] {dagbag.py:538} INFO - Filling up the DagBag from /home/airflow/.local/lib/python3.7/site-packages/airflow/example_dags/example_short_circuit_decorator.py
[2023-06-15T18:44:53.413+0000] {processor.py:753} INFO - DAG(s) dict_keys(['example_short_circuit_decorator']) retrieved from /home/airflow/.local/lib/python3.7/site-packages/airflow/example_dags/example_short_circuit_decorator.py
[2023-06-15T18:44:53.437+0000] {logging_mixin.py:137} INFO - [2023-06-15T18:44:53.437+0000] {dag.py:2690} INFO - Sync 1 DAGs
[2023-06-15T18:44:53.457+0000] {logging_mixin.py:137} INFO - [2023-06-15T18:44:53.457+0000] {dag.py:3441} INFO - Setting next_dagrun for example_short_circuit_decorator to 2023-06-14T18:44:53.457547+00:00, run_after=2023-06-15T18:44:53.457547+00:00
[2023-06-15T18:44:53.472+0000] {processor.py:175} INFO - Processing /home/airflow/.local/lib/python3.7/site-packages/airflow/example_dags/example_short_circuit_decorator.py took 0.085 seconds
[2023-06-15T18:45:23.932+0000] {processor.py:153} INFO - Started process (PID=2371) to work on /home/airflow/.local/lib/python3.7/site-packages/airflow/example_dags/example_short_circuit_decorator.py
[2023-06-15T18:45:23.933+0000] {processor.py:743} INFO - Processing file /home/airflow/.local/lib/python3.7/site-packages/airflow/example_dags/example_short_circuit_decorator.py for tasks to queue
[2023-06-15T18:45:23.934+0000] {logging_mixin.py:137} INFO - [2023-06-15T18:45:23.934+0000] {dagbag.py:538} INFO - Filling up the DagBag from /home/airflow/.local/lib/python3.7/site-packages/airflow/example_dags/example_short_circuit_decorator.py
[2023-06-15T18:45:23.954+0000] {processor.py:753} INFO - DAG(s) dict_keys(['example_short_circuit_decorator']) retrieved from /home/airflow/.local/lib/python3.7/site-packages/airflow/example_dags/example_short_circuit_decorator.py
[2023-06-15T18:45:23.978+0000] {logging_mixin.py:137} INFO - [2023-06-15T18:45:23.978+0000] {dag.py:2690} INFO - Sync 1 DAGs
[2023-06-15T18:45:23.997+0000] {logging_mixin.py:137} INFO - [2023-06-15T18:45:23.997+0000] {dag.py:3441} INFO - Setting next_dagrun for example_short_circuit_decorator to 2023-06-14T18:45:23.997452+00:00, run_after=2023-06-15T18:45:23.997452+00:00
[2023-06-15T18:45:24.012+0000] {processor.py:175} INFO - Processing /home/airflow/.local/lib/python3.7/site-packages/airflow/example_dags/example_short_circuit_decorator.py took 0.084 seconds
[2023-06-15T18:45:54.742+0000] {processor.py:153} INFO - Started process (PID=2448) to work on /home/airflow/.local/lib/python3.7/site-packages/airflow/example_dags/example_short_circuit_decorator.py
[2023-06-15T18:45:54.744+0000] {processor.py:743} INFO - Processing file /home/airflow/.local/lib/python3.7/site-packages/airflow/example_dags/example_short_circuit_decorator.py for tasks to queue
[2023-06-15T18:45:54.745+0000] {logging_mixin.py:137} INFO - [2023-06-15T18:45:54.744+0000] {dagbag.py:538} INFO - Filling up the DagBag from /home/airflow/.local/lib/python3.7/site-packages/airflow/example_dags/example_short_circuit_decorator.py
[2023-06-15T18:45:54.767+0000] {processor.py:753} INFO - DAG(s) dict_keys(['example_short_circuit_decorator']) retrieved from /home/airflow/.local/lib/python3.7/site-packages/airflow/example_dags/example_short_circuit_decorator.py
[2023-06-15T18:45:54.791+0000] {logging_mixin.py:137} INFO - [2023-06-15T18:45:54.791+0000] {dag.py:2690} INFO - Sync 1 DAGs
[2023-06-15T18:45:54.811+0000] {logging_mixin.py:137} INFO - [2023-06-15T18:45:54.811+0000] {dag.py:3441} INFO - Setting next_dagrun for example_short_circuit_decorator to 2023-06-14T18:45:54.810820+00:00, run_after=2023-06-15T18:45:54.810820+00:00
[2023-06-15T18:45:54.825+0000] {processor.py:175} INFO - Processing /home/airflow/.local/lib/python3.7/site-packages/airflow/example_dags/example_short_circuit_decorator.py took 0.086 seconds
[2023-06-15T18:46:25.814+0000] {processor.py:153} INFO - Started process (PID=2525) to work on /home/airflow/.local/lib/python3.7/site-packages/airflow/example_dags/example_short_circuit_decorator.py
[2023-06-15T18:46:25.816+0000] {processor.py:743} INFO - Processing file /home/airflow/.local/lib/python3.7/site-packages/airflow/example_dags/example_short_circuit_decorator.py for tasks to queue
[2023-06-15T18:46:25.817+0000] {logging_mixin.py:137} INFO - [2023-06-15T18:46:25.816+0000] {dagbag.py:538} INFO - Filling up the DagBag from /home/airflow/.local/lib/python3.7/site-packages/airflow/example_dags/example_short_circuit_decorator.py
[2023-06-15T18:46:25.835+0000] {processor.py:753} INFO - DAG(s) dict_keys(['example_short_circuit_decorator']) retrieved from /home/airflow/.local/lib/python3.7/site-packages/airflow/example_dags/example_short_circuit_decorator.py
[2023-06-15T18:46:25.857+0000] {logging_mixin.py:137} INFO - [2023-06-15T18:46:25.857+0000] {dag.py:2690} INFO - Sync 1 DAGs
[2023-06-15T18:46:25.876+0000] {logging_mixin.py:137} INFO - [2023-06-15T18:46:25.876+0000] {dag.py:3441} INFO - Setting next_dagrun for example_short_circuit_decorator to 2023-06-14T18:46:25.875959+00:00, run_after=2023-06-15T18:46:25.875959+00:00
[2023-06-15T18:46:25.890+0000] {processor.py:175} INFO - Processing /home/airflow/.local/lib/python3.7/site-packages/airflow/example_dags/example_short_circuit_decorator.py took 0.079 seconds
[2023-06-15T18:46:56.763+0000] {processor.py:153} INFO - Started process (PID=2590) to work on /home/airflow/.local/lib/python3.7/site-packages/airflow/example_dags/example_short_circuit_decorator.py
[2023-06-15T18:46:56.765+0000] {processor.py:743} INFO - Processing file /home/airflow/.local/lib/python3.7/site-packages/airflow/example_dags/example_short_circuit_decorator.py for tasks to queue
[2023-06-15T18:46:56.766+0000] {logging_mixin.py:137} INFO - [2023-06-15T18:46:56.765+0000] {dagbag.py:538} INFO - Filling up the DagBag from /home/airflow/.local/lib/python3.7/site-packages/airflow/example_dags/example_short_circuit_decorator.py
[2023-06-15T18:46:56.785+0000] {processor.py:753} INFO - DAG(s) dict_keys(['example_short_circuit_decorator']) retrieved from /home/airflow/.local/lib/python3.7/site-packages/airflow/example_dags/example_short_circuit_decorator.py
[2023-06-15T18:46:56.808+0000] {logging_mixin.py:137} INFO - [2023-06-15T18:46:56.808+0000] {dag.py:2690} INFO - Sync 1 DAGs
[2023-06-15T18:46:56.826+0000] {logging_mixin.py:137} INFO - [2023-06-15T18:46:56.826+0000] {dag.py:3441} INFO - Setting next_dagrun for example_short_circuit_decorator to 2023-06-14T18:46:56.826614+00:00, run_after=2023-06-15T18:46:56.826614+00:00
[2023-06-15T18:46:56.841+0000] {processor.py:175} INFO - Processing /home/airflow/.local/lib/python3.7/site-packages/airflow/example_dags/example_short_circuit_decorator.py took 0.081 seconds
[2023-06-15T18:47:27.070+0000] {processor.py:153} INFO - Started process (PID=2667) to work on /home/airflow/.local/lib/python3.7/site-packages/airflow/example_dags/example_short_circuit_decorator.py
[2023-06-15T18:47:27.071+0000] {processor.py:743} INFO - Processing file /home/airflow/.local/lib/python3.7/site-packages/airflow/example_dags/example_short_circuit_decorator.py for tasks to queue
[2023-06-15T18:47:27.072+0000] {logging_mixin.py:137} INFO - [2023-06-15T18:47:27.072+0000] {dagbag.py:538} INFO - Filling up the DagBag from /home/airflow/.local/lib/python3.7/site-packages/airflow/example_dags/example_short_circuit_decorator.py
[2023-06-15T18:47:27.093+0000] {processor.py:753} INFO - DAG(s) dict_keys(['example_short_circuit_decorator']) retrieved from /home/airflow/.local/lib/python3.7/site-packages/airflow/example_dags/example_short_circuit_decorator.py
[2023-06-15T18:47:27.119+0000] {logging_mixin.py:137} INFO - [2023-06-15T18:47:27.119+0000] {dag.py:2690} INFO - Sync 1 DAGs
[2023-06-15T18:47:27.138+0000] {logging_mixin.py:137} INFO - [2023-06-15T18:47:27.138+0000] {dag.py:3441} INFO - Setting next_dagrun for example_short_circuit_decorator to 2023-06-14T18:47:27.138410+00:00, run_after=2023-06-15T18:47:27.138410+00:00
[2023-06-15T18:47:27.152+0000] {processor.py:175} INFO - Processing /home/airflow/.local/lib/python3.7/site-packages/airflow/example_dags/example_short_circuit_decorator.py took 0.085 seconds
[2023-06-15T18:47:57.716+0000] {processor.py:153} INFO - Started process (PID=2744) to work on /home/airflow/.local/lib/python3.7/site-packages/airflow/example_dags/example_short_circuit_decorator.py
[2023-06-15T18:47:57.718+0000] {processor.py:743} INFO - Processing file /home/airflow/.local/lib/python3.7/site-packages/airflow/example_dags/example_short_circuit_decorator.py for tasks to queue
[2023-06-15T18:47:57.719+0000] {logging_mixin.py:137} INFO - [2023-06-15T18:47:57.719+0000] {dagbag.py:538} INFO - Filling up the DagBag from /home/airflow/.local/lib/python3.7/site-packages/airflow/example_dags/example_short_circuit_decorator.py
[2023-06-15T18:47:57.739+0000] {processor.py:753} INFO - DAG(s) dict_keys(['example_short_circuit_decorator']) retrieved from /home/airflow/.local/lib/python3.7/site-packages/airflow/example_dags/example_short_circuit_decorator.py
[2023-06-15T18:47:57.762+0000] {logging_mixin.py:137} INFO - [2023-06-15T18:47:57.762+0000] {dag.py:2690} INFO - Sync 1 DAGs
[2023-06-15T18:47:57.781+0000] {logging_mixin.py:137} INFO - [2023-06-15T18:47:57.781+0000] {dag.py:3441} INFO - Setting next_dagrun for example_short_circuit_decorator to 2023-06-14T18:47:57.781481+00:00, run_after=2023-06-15T18:47:57.781481+00:00
[2023-06-15T18:47:57.797+0000] {processor.py:175} INFO - Processing /home/airflow/.local/lib/python3.7/site-packages/airflow/example_dags/example_short_circuit_decorator.py took 0.084 seconds
[2023-06-15T18:48:31.016+0000] {processor.py:153} INFO - Started process (PID=2809) to work on /home/airflow/.local/lib/python3.7/site-packages/airflow/example_dags/example_short_circuit_decorator.py
[2023-06-15T18:48:31.020+0000] {processor.py:743} INFO - Processing file /home/airflow/.local/lib/python3.7/site-packages/airflow/example_dags/example_short_circuit_decorator.py for tasks to queue
[2023-06-15T18:48:31.021+0000] {logging_mixin.py:137} INFO - [2023-06-15T18:48:31.021+0000] {dagbag.py:538} INFO - Filling up the DagBag from /home/airflow/.local/lib/python3.7/site-packages/airflow/example_dags/example_short_circuit_decorator.py
[2023-06-15T18:48:31.052+0000] {processor.py:753} INFO - DAG(s) dict_keys(['example_short_circuit_decorator']) retrieved from /home/airflow/.local/lib/python3.7/site-packages/airflow/example_dags/example_short_circuit_decorator.py
[2023-06-15T18:48:31.075+0000] {logging_mixin.py:137} INFO - [2023-06-15T18:48:31.075+0000] {dag.py:2690} INFO - Sync 1 DAGs
[2023-06-15T18:48:31.096+0000] {logging_mixin.py:137} INFO - [2023-06-15T18:48:31.096+0000] {dag.py:3441} INFO - Setting next_dagrun for example_short_circuit_decorator to 2023-06-14T18:48:31.095825+00:00, run_after=2023-06-15T18:48:31.095825+00:00
[2023-06-15T18:48:31.110+0000] {processor.py:175} INFO - Processing /home/airflow/.local/lib/python3.7/site-packages/airflow/example_dags/example_short_circuit_decorator.py took 0.098 seconds
[2023-06-15T18:49:02.019+0000] {processor.py:153} INFO - Started process (PID=2874) to work on /home/airflow/.local/lib/python3.7/site-packages/airflow/example_dags/example_short_circuit_decorator.py
[2023-06-15T18:49:02.021+0000] {processor.py:743} INFO - Processing file /home/airflow/.local/lib/python3.7/site-packages/airflow/example_dags/example_short_circuit_decorator.py for tasks to queue
[2023-06-15T18:49:02.022+0000] {logging_mixin.py:137} INFO - [2023-06-15T18:49:02.022+0000] {dagbag.py:538} INFO - Filling up the DagBag from /home/airflow/.local/lib/python3.7/site-packages/airflow/example_dags/example_short_circuit_decorator.py
[2023-06-15T18:49:02.089+0000] {processor.py:753} INFO - DAG(s) dict_keys(['example_short_circuit_decorator']) retrieved from /home/airflow/.local/lib/python3.7/site-packages/airflow/example_dags/example_short_circuit_decorator.py
[2023-06-15T18:49:02.131+0000] {logging_mixin.py:137} INFO - [2023-06-15T18:49:02.131+0000] {dag.py:2690} INFO - Sync 1 DAGs
[2023-06-15T18:49:02.152+0000] {logging_mixin.py:137} INFO - [2023-06-15T18:49:02.152+0000] {dag.py:3441} INFO - Setting next_dagrun for example_short_circuit_decorator to 2023-06-14T18:49:02.152283+00:00, run_after=2023-06-15T18:49:02.152283+00:00
[2023-06-15T18:49:02.171+0000] {processor.py:175} INFO - Processing /home/airflow/.local/lib/python3.7/site-packages/airflow/example_dags/example_short_circuit_decorator.py took 0.156 seconds
