[2023-06-15T18:02:02.067+0000] {processor.py:153} INFO - Started process (PID=60) to work on /home/airflow/.local/lib/python3.7/site-packages/airflow/example_dags/example_nested_branch_dag.py
[2023-06-15T18:02:02.070+0000] {processor.py:743} INFO - Processing file /home/airflow/.local/lib/python3.7/site-packages/airflow/example_dags/example_nested_branch_dag.py for tasks to queue
[2023-06-15T18:02:02.073+0000] {logging_mixin.py:137} INFO - [2023-06-15T18:02:02.072+0000] {dagbag.py:538} INFO - Filling up the DagBag from /home/airflow/.local/lib/python3.7/site-packages/airflow/example_dags/example_nested_branch_dag.py
[2023-06-15T18:02:02.184+0000] {processor.py:753} INFO - DAG(s) dict_keys(['example_nested_branch_dag']) retrieved from /home/airflow/.local/lib/python3.7/site-packages/airflow/example_dags/example_nested_branch_dag.py
[2023-06-15T18:02:02.242+0000] {logging_mixin.py:137} INFO - [2023-06-15T18:02:02.242+0000] {dag.py:2690} INFO - Sync 1 DAGs
[2023-06-15T18:02:02.307+0000] {logging_mixin.py:137} INFO - [2023-06-15T18:02:02.307+0000] {dag.py:3441} INFO - Setting next_dagrun for example_nested_branch_dag to 2023-06-14T00:00:00+00:00, run_after=2023-06-15T00:00:00+00:00
[2023-06-15T18:02:02.348+0000] {processor.py:175} INFO - Processing /home/airflow/.local/lib/python3.7/site-packages/airflow/example_dags/example_nested_branch_dag.py took 0.288 seconds
[2023-06-15T18:02:32.689+0000] {processor.py:153} INFO - Started process (PID=124) to work on /home/airflow/.local/lib/python3.7/site-packages/airflow/example_dags/example_nested_branch_dag.py
[2023-06-15T18:02:32.691+0000] {processor.py:743} INFO - Processing file /home/airflow/.local/lib/python3.7/site-packages/airflow/example_dags/example_nested_branch_dag.py for tasks to queue
[2023-06-15T18:02:32.692+0000] {logging_mixin.py:137} INFO - [2023-06-15T18:02:32.691+0000] {dagbag.py:538} INFO - Filling up the DagBag from /home/airflow/.local/lib/python3.7/site-packages/airflow/example_dags/example_nested_branch_dag.py
[2023-06-15T18:02:32.713+0000] {processor.py:753} INFO - DAG(s) dict_keys(['example_nested_branch_dag']) retrieved from /home/airflow/.local/lib/python3.7/site-packages/airflow/example_dags/example_nested_branch_dag.py
[2023-06-15T18:02:32.737+0000] {logging_mixin.py:137} INFO - [2023-06-15T18:02:32.737+0000] {dag.py:2690} INFO - Sync 1 DAGs
[2023-06-15T18:02:32.756+0000] {logging_mixin.py:137} INFO - [2023-06-15T18:02:32.756+0000] {dag.py:3441} INFO - Setting next_dagrun for example_nested_branch_dag to 2023-06-14T00:00:00+00:00, run_after=2023-06-15T00:00:00+00:00
[2023-06-15T18:02:32.769+0000] {processor.py:175} INFO - Processing /home/airflow/.local/lib/python3.7/site-packages/airflow/example_dags/example_nested_branch_dag.py took 0.083 seconds
[2023-06-15T18:03:03.611+0000] {processor.py:153} INFO - Started process (PID=200) to work on /home/airflow/.local/lib/python3.7/site-packages/airflow/example_dags/example_nested_branch_dag.py
[2023-06-15T18:03:03.612+0000] {processor.py:743} INFO - Processing file /home/airflow/.local/lib/python3.7/site-packages/airflow/example_dags/example_nested_branch_dag.py for tasks to queue
[2023-06-15T18:03:03.613+0000] {logging_mixin.py:137} INFO - [2023-06-15T18:03:03.613+0000] {dagbag.py:538} INFO - Filling up the DagBag from /home/airflow/.local/lib/python3.7/site-packages/airflow/example_dags/example_nested_branch_dag.py
[2023-06-15T18:03:03.634+0000] {processor.py:753} INFO - DAG(s) dict_keys(['example_nested_branch_dag']) retrieved from /home/airflow/.local/lib/python3.7/site-packages/airflow/example_dags/example_nested_branch_dag.py
[2023-06-15T18:03:03.660+0000] {logging_mixin.py:137} INFO - [2023-06-15T18:03:03.660+0000] {dag.py:2690} INFO - Sync 1 DAGs
[2023-06-15T18:03:03.680+0000] {logging_mixin.py:137} INFO - [2023-06-15T18:03:03.680+0000] {dag.py:3441} INFO - Setting next_dagrun for example_nested_branch_dag to 2023-06-14T00:00:00+00:00, run_after=2023-06-15T00:00:00+00:00
[2023-06-15T18:03:03.694+0000] {processor.py:175} INFO - Processing /home/airflow/.local/lib/python3.7/site-packages/airflow/example_dags/example_nested_branch_dag.py took 0.087 seconds
[2023-06-15T18:03:34.524+0000] {processor.py:153} INFO - Started process (PID=265) to work on /home/airflow/.local/lib/python3.7/site-packages/airflow/example_dags/example_nested_branch_dag.py
[2023-06-15T18:03:34.525+0000] {processor.py:743} INFO - Processing file /home/airflow/.local/lib/python3.7/site-packages/airflow/example_dags/example_nested_branch_dag.py for tasks to queue
[2023-06-15T18:03:34.526+0000] {logging_mixin.py:137} INFO - [2023-06-15T18:03:34.526+0000] {dagbag.py:538} INFO - Filling up the DagBag from /home/airflow/.local/lib/python3.7/site-packages/airflow/example_dags/example_nested_branch_dag.py
[2023-06-15T18:03:34.546+0000] {processor.py:753} INFO - DAG(s) dict_keys(['example_nested_branch_dag']) retrieved from /home/airflow/.local/lib/python3.7/site-packages/airflow/example_dags/example_nested_branch_dag.py
[2023-06-15T18:03:34.573+0000] {logging_mixin.py:137} INFO - [2023-06-15T18:03:34.573+0000] {dag.py:2690} INFO - Sync 1 DAGs
[2023-06-15T18:03:34.593+0000] {logging_mixin.py:137} INFO - [2023-06-15T18:03:34.593+0000] {dag.py:3441} INFO - Setting next_dagrun for example_nested_branch_dag to 2023-06-14T00:00:00+00:00, run_after=2023-06-15T00:00:00+00:00
[2023-06-15T18:03:34.606+0000] {processor.py:175} INFO - Processing /home/airflow/.local/lib/python3.7/site-packages/airflow/example_dags/example_nested_branch_dag.py took 0.085 seconds
[2023-06-15T18:04:05.334+0000] {processor.py:153} INFO - Started process (PID=342) to work on /home/airflow/.local/lib/python3.7/site-packages/airflow/example_dags/example_nested_branch_dag.py
[2023-06-15T18:04:05.335+0000] {processor.py:743} INFO - Processing file /home/airflow/.local/lib/python3.7/site-packages/airflow/example_dags/example_nested_branch_dag.py for tasks to queue
[2023-06-15T18:04:05.336+0000] {logging_mixin.py:137} INFO - [2023-06-15T18:04:05.336+0000] {dagbag.py:538} INFO - Filling up the DagBag from /home/airflow/.local/lib/python3.7/site-packages/airflow/example_dags/example_nested_branch_dag.py
[2023-06-15T18:04:05.356+0000] {processor.py:753} INFO - DAG(s) dict_keys(['example_nested_branch_dag']) retrieved from /home/airflow/.local/lib/python3.7/site-packages/airflow/example_dags/example_nested_branch_dag.py
[2023-06-15T18:04:05.380+0000] {logging_mixin.py:137} INFO - [2023-06-15T18:04:05.380+0000] {dag.py:2690} INFO - Sync 1 DAGs
[2023-06-15T18:04:05.399+0000] {logging_mixin.py:137} INFO - [2023-06-15T18:04:05.399+0000] {dag.py:3441} INFO - Setting next_dagrun for example_nested_branch_dag to 2023-06-14T00:00:00+00:00, run_after=2023-06-15T00:00:00+00:00
[2023-06-15T18:04:05.412+0000] {processor.py:175} INFO - Processing /home/airflow/.local/lib/python3.7/site-packages/airflow/example_dags/example_nested_branch_dag.py took 0.081 seconds
[2023-06-15T18:04:36.767+0000] {processor.py:153} INFO - Started process (PID=416) to work on /home/airflow/.local/lib/python3.7/site-packages/airflow/example_dags/example_nested_branch_dag.py
[2023-06-15T18:04:36.768+0000] {processor.py:743} INFO - Processing file /home/airflow/.local/lib/python3.7/site-packages/airflow/example_dags/example_nested_branch_dag.py for tasks to queue
[2023-06-15T18:04:36.769+0000] {logging_mixin.py:137} INFO - [2023-06-15T18:04:36.769+0000] {dagbag.py:538} INFO - Filling up the DagBag from /home/airflow/.local/lib/python3.7/site-packages/airflow/example_dags/example_nested_branch_dag.py
[2023-06-15T18:04:36.792+0000] {processor.py:753} INFO - DAG(s) dict_keys(['example_nested_branch_dag']) retrieved from /home/airflow/.local/lib/python3.7/site-packages/airflow/example_dags/example_nested_branch_dag.py
[2023-06-15T18:04:36.819+0000] {logging_mixin.py:137} INFO - [2023-06-15T18:04:36.819+0000] {dag.py:2690} INFO - Sync 1 DAGs
[2023-06-15T18:04:36.841+0000] {logging_mixin.py:137} INFO - [2023-06-15T18:04:36.841+0000] {dag.py:3441} INFO - Setting next_dagrun for example_nested_branch_dag to 2023-06-14T00:00:00+00:00, run_after=2023-06-15T00:00:00+00:00
[2023-06-15T18:04:36.858+0000] {processor.py:175} INFO - Processing /home/airflow/.local/lib/python3.7/site-packages/airflow/example_dags/example_nested_branch_dag.py took 0.096 seconds
[2023-06-15T18:05:07.583+0000] {processor.py:153} INFO - Started process (PID=483) to work on /home/airflow/.local/lib/python3.7/site-packages/airflow/example_dags/example_nested_branch_dag.py
[2023-06-15T18:05:07.585+0000] {processor.py:743} INFO - Processing file /home/airflow/.local/lib/python3.7/site-packages/airflow/example_dags/example_nested_branch_dag.py for tasks to queue
[2023-06-15T18:05:07.586+0000] {logging_mixin.py:137} INFO - [2023-06-15T18:05:07.586+0000] {dagbag.py:538} INFO - Filling up the DagBag from /home/airflow/.local/lib/python3.7/site-packages/airflow/example_dags/example_nested_branch_dag.py
[2023-06-15T18:05:07.605+0000] {processor.py:753} INFO - DAG(s) dict_keys(['example_nested_branch_dag']) retrieved from /home/airflow/.local/lib/python3.7/site-packages/airflow/example_dags/example_nested_branch_dag.py
[2023-06-15T18:05:07.630+0000] {logging_mixin.py:137} INFO - [2023-06-15T18:05:07.630+0000] {dag.py:2690} INFO - Sync 1 DAGs
[2023-06-15T18:05:07.648+0000] {logging_mixin.py:137} INFO - [2023-06-15T18:05:07.648+0000] {dag.py:3441} INFO - Setting next_dagrun for example_nested_branch_dag to 2023-06-14T00:00:00+00:00, run_after=2023-06-15T00:00:00+00:00
[2023-06-15T18:05:07.661+0000] {processor.py:175} INFO - Processing /home/airflow/.local/lib/python3.7/site-packages/airflow/example_dags/example_nested_branch_dag.py took 0.082 seconds
[2023-06-15T18:05:38.318+0000] {processor.py:153} INFO - Started process (PID=558) to work on /home/airflow/.local/lib/python3.7/site-packages/airflow/example_dags/example_nested_branch_dag.py
[2023-06-15T18:05:38.320+0000] {processor.py:743} INFO - Processing file /home/airflow/.local/lib/python3.7/site-packages/airflow/example_dags/example_nested_branch_dag.py for tasks to queue
[2023-06-15T18:05:38.321+0000] {logging_mixin.py:137} INFO - [2023-06-15T18:05:38.321+0000] {dagbag.py:538} INFO - Filling up the DagBag from /home/airflow/.local/lib/python3.7/site-packages/airflow/example_dags/example_nested_branch_dag.py
[2023-06-15T18:05:38.341+0000] {processor.py:753} INFO - DAG(s) dict_keys(['example_nested_branch_dag']) retrieved from /home/airflow/.local/lib/python3.7/site-packages/airflow/example_dags/example_nested_branch_dag.py
[2023-06-15T18:05:38.365+0000] {logging_mixin.py:137} INFO - [2023-06-15T18:05:38.365+0000] {dag.py:2690} INFO - Sync 1 DAGs
[2023-06-15T18:05:38.384+0000] {logging_mixin.py:137} INFO - [2023-06-15T18:05:38.384+0000] {dag.py:3441} INFO - Setting next_dagrun for example_nested_branch_dag to 2023-06-14T00:00:00+00:00, run_after=2023-06-15T00:00:00+00:00
[2023-06-15T18:05:38.397+0000] {processor.py:175} INFO - Processing /home/airflow/.local/lib/python3.7/site-packages/airflow/example_dags/example_nested_branch_dag.py took 0.082 seconds
[2023-06-15T18:06:09.020+0000] {processor.py:153} INFO - Started process (PID=623) to work on /home/airflow/.local/lib/python3.7/site-packages/airflow/example_dags/example_nested_branch_dag.py
[2023-06-15T18:06:09.024+0000] {processor.py:743} INFO - Processing file /home/airflow/.local/lib/python3.7/site-packages/airflow/example_dags/example_nested_branch_dag.py for tasks to queue
[2023-06-15T18:06:09.026+0000] {logging_mixin.py:137} INFO - [2023-06-15T18:06:09.026+0000] {dagbag.py:538} INFO - Filling up the DagBag from /home/airflow/.local/lib/python3.7/site-packages/airflow/example_dags/example_nested_branch_dag.py
[2023-06-15T18:06:09.104+0000] {processor.py:753} INFO - DAG(s) dict_keys(['example_nested_branch_dag']) retrieved from /home/airflow/.local/lib/python3.7/site-packages/airflow/example_dags/example_nested_branch_dag.py
[2023-06-15T18:06:09.195+0000] {logging_mixin.py:137} INFO - [2023-06-15T18:06:09.194+0000] {dag.py:2690} INFO - Sync 1 DAGs
[2023-06-15T18:06:09.223+0000] {logging_mixin.py:137} INFO - [2023-06-15T18:06:09.223+0000] {dag.py:3441} INFO - Setting next_dagrun for example_nested_branch_dag to 2023-06-14T00:00:00+00:00, run_after=2023-06-15T00:00:00+00:00
[2023-06-15T18:06:09.242+0000] {processor.py:175} INFO - Processing /home/airflow/.local/lib/python3.7/site-packages/airflow/example_dags/example_nested_branch_dag.py took 0.229 seconds
[2023-06-15T18:06:40.239+0000] {processor.py:153} INFO - Started process (PID=698) to work on /home/airflow/.local/lib/python3.7/site-packages/airflow/example_dags/example_nested_branch_dag.py
[2023-06-15T18:06:40.240+0000] {processor.py:743} INFO - Processing file /home/airflow/.local/lib/python3.7/site-packages/airflow/example_dags/example_nested_branch_dag.py for tasks to queue
[2023-06-15T18:06:40.242+0000] {logging_mixin.py:137} INFO - [2023-06-15T18:06:40.242+0000] {dagbag.py:538} INFO - Filling up the DagBag from /home/airflow/.local/lib/python3.7/site-packages/airflow/example_dags/example_nested_branch_dag.py
[2023-06-15T18:06:40.264+0000] {processor.py:753} INFO - DAG(s) dict_keys(['example_nested_branch_dag']) retrieved from /home/airflow/.local/lib/python3.7/site-packages/airflow/example_dags/example_nested_branch_dag.py
[2023-06-15T18:06:40.290+0000] {logging_mixin.py:137} INFO - [2023-06-15T18:06:40.290+0000] {dag.py:2690} INFO - Sync 1 DAGs
[2023-06-15T18:06:40.313+0000] {logging_mixin.py:137} INFO - [2023-06-15T18:06:40.313+0000] {dag.py:3441} INFO - Setting next_dagrun for example_nested_branch_dag to 2023-06-14T00:00:00+00:00, run_after=2023-06-15T00:00:00+00:00
[2023-06-15T18:06:40.327+0000] {processor.py:175} INFO - Processing /home/airflow/.local/lib/python3.7/site-packages/airflow/example_dags/example_nested_branch_dag.py took 0.093 seconds
[2023-06-15T18:07:10.739+0000] {processor.py:153} INFO - Started process (PID=775) to work on /home/airflow/.local/lib/python3.7/site-packages/airflow/example_dags/example_nested_branch_dag.py
[2023-06-15T18:07:10.741+0000] {processor.py:743} INFO - Processing file /home/airflow/.local/lib/python3.7/site-packages/airflow/example_dags/example_nested_branch_dag.py for tasks to queue
[2023-06-15T18:07:10.743+0000] {logging_mixin.py:137} INFO - [2023-06-15T18:07:10.742+0000] {dagbag.py:538} INFO - Filling up the DagBag from /home/airflow/.local/lib/python3.7/site-packages/airflow/example_dags/example_nested_branch_dag.py
[2023-06-15T18:07:10.765+0000] {processor.py:753} INFO - DAG(s) dict_keys(['example_nested_branch_dag']) retrieved from /home/airflow/.local/lib/python3.7/site-packages/airflow/example_dags/example_nested_branch_dag.py
[2023-06-15T18:07:10.789+0000] {logging_mixin.py:137} INFO - [2023-06-15T18:07:10.789+0000] {dag.py:2690} INFO - Sync 1 DAGs
[2023-06-15T18:07:10.811+0000] {logging_mixin.py:137} INFO - [2023-06-15T18:07:10.810+0000] {dag.py:3441} INFO - Setting next_dagrun for example_nested_branch_dag to 2023-06-14T00:00:00+00:00, run_after=2023-06-15T00:00:00+00:00
[2023-06-15T18:07:10.827+0000] {processor.py:175} INFO - Processing /home/airflow/.local/lib/python3.7/site-packages/airflow/example_dags/example_nested_branch_dag.py took 0.093 seconds
[2023-06-15T18:07:41.534+0000] {processor.py:153} INFO - Started process (PID=840) to work on /home/airflow/.local/lib/python3.7/site-packages/airflow/example_dags/example_nested_branch_dag.py
[2023-06-15T18:07:41.538+0000] {processor.py:743} INFO - Processing file /home/airflow/.local/lib/python3.7/site-packages/airflow/example_dags/example_nested_branch_dag.py for tasks to queue
[2023-06-15T18:07:41.539+0000] {logging_mixin.py:137} INFO - [2023-06-15T18:07:41.539+0000] {dagbag.py:538} INFO - Filling up the DagBag from /home/airflow/.local/lib/python3.7/site-packages/airflow/example_dags/example_nested_branch_dag.py
[2023-06-15T18:07:41.613+0000] {processor.py:753} INFO - DAG(s) dict_keys(['example_nested_branch_dag']) retrieved from /home/airflow/.local/lib/python3.7/site-packages/airflow/example_dags/example_nested_branch_dag.py
[2023-06-15T18:07:41.666+0000] {logging_mixin.py:137} INFO - [2023-06-15T18:07:41.666+0000] {dag.py:2690} INFO - Sync 1 DAGs
[2023-06-15T18:07:41.710+0000] {logging_mixin.py:137} INFO - [2023-06-15T18:07:41.710+0000] {dag.py:3441} INFO - Setting next_dagrun for example_nested_branch_dag to 2023-06-14T00:00:00+00:00, run_after=2023-06-15T00:00:00+00:00
[2023-06-15T18:07:41.729+0000] {processor.py:175} INFO - Processing /home/airflow/.local/lib/python3.7/site-packages/airflow/example_dags/example_nested_branch_dag.py took 0.206 seconds
[2023-06-15T18:08:11.882+0000] {processor.py:153} INFO - Started process (PID=916) to work on /home/airflow/.local/lib/python3.7/site-packages/airflow/example_dags/example_nested_branch_dag.py
[2023-06-15T18:08:11.883+0000] {processor.py:743} INFO - Processing file /home/airflow/.local/lib/python3.7/site-packages/airflow/example_dags/example_nested_branch_dag.py for tasks to queue
[2023-06-15T18:08:11.884+0000] {logging_mixin.py:137} INFO - [2023-06-15T18:08:11.884+0000] {dagbag.py:538} INFO - Filling up the DagBag from /home/airflow/.local/lib/python3.7/site-packages/airflow/example_dags/example_nested_branch_dag.py
[2023-06-15T18:08:11.906+0000] {processor.py:753} INFO - DAG(s) dict_keys(['example_nested_branch_dag']) retrieved from /home/airflow/.local/lib/python3.7/site-packages/airflow/example_dags/example_nested_branch_dag.py
[2023-06-15T18:08:11.931+0000] {logging_mixin.py:137} INFO - [2023-06-15T18:08:11.931+0000] {dag.py:2690} INFO - Sync 1 DAGs
[2023-06-15T18:08:11.952+0000] {logging_mixin.py:137} INFO - [2023-06-15T18:08:11.951+0000] {dag.py:3441} INFO - Setting next_dagrun for example_nested_branch_dag to 2023-06-14T00:00:00+00:00, run_after=2023-06-15T00:00:00+00:00
[2023-06-15T18:08:11.969+0000] {processor.py:175} INFO - Processing /home/airflow/.local/lib/python3.7/site-packages/airflow/example_dags/example_nested_branch_dag.py took 0.091 seconds
[2023-06-15T18:08:42.799+0000] {processor.py:153} INFO - Started process (PID=992) to work on /home/airflow/.local/lib/python3.7/site-packages/airflow/example_dags/example_nested_branch_dag.py
[2023-06-15T18:08:42.800+0000] {processor.py:743} INFO - Processing file /home/airflow/.local/lib/python3.7/site-packages/airflow/example_dags/example_nested_branch_dag.py for tasks to queue
[2023-06-15T18:08:42.801+0000] {logging_mixin.py:137} INFO - [2023-06-15T18:08:42.801+0000] {dagbag.py:538} INFO - Filling up the DagBag from /home/airflow/.local/lib/python3.7/site-packages/airflow/example_dags/example_nested_branch_dag.py
[2023-06-15T18:08:42.820+0000] {processor.py:753} INFO - DAG(s) dict_keys(['example_nested_branch_dag']) retrieved from /home/airflow/.local/lib/python3.7/site-packages/airflow/example_dags/example_nested_branch_dag.py
[2023-06-15T18:08:42.845+0000] {logging_mixin.py:137} INFO - [2023-06-15T18:08:42.845+0000] {dag.py:2690} INFO - Sync 1 DAGs
[2023-06-15T18:08:42.865+0000] {logging_mixin.py:137} INFO - [2023-06-15T18:08:42.865+0000] {dag.py:3441} INFO - Setting next_dagrun for example_nested_branch_dag to 2023-06-14T00:00:00+00:00, run_after=2023-06-15T00:00:00+00:00
[2023-06-15T18:08:42.880+0000] {processor.py:175} INFO - Processing /home/airflow/.local/lib/python3.7/site-packages/airflow/example_dags/example_nested_branch_dag.py took 0.085 seconds
[2023-06-15T18:09:13.358+0000] {processor.py:153} INFO - Started process (PID=1056) to work on /home/airflow/.local/lib/python3.7/site-packages/airflow/example_dags/example_nested_branch_dag.py
[2023-06-15T18:09:13.361+0000] {processor.py:743} INFO - Processing file /home/airflow/.local/lib/python3.7/site-packages/airflow/example_dags/example_nested_branch_dag.py for tasks to queue
[2023-06-15T18:09:13.362+0000] {logging_mixin.py:137} INFO - [2023-06-15T18:09:13.362+0000] {dagbag.py:538} INFO - Filling up the DagBag from /home/airflow/.local/lib/python3.7/site-packages/airflow/example_dags/example_nested_branch_dag.py
[2023-06-15T18:09:13.395+0000] {processor.py:753} INFO - DAG(s) dict_keys(['example_nested_branch_dag']) retrieved from /home/airflow/.local/lib/python3.7/site-packages/airflow/example_dags/example_nested_branch_dag.py
[2023-06-15T18:09:13.420+0000] {logging_mixin.py:137} INFO - [2023-06-15T18:09:13.420+0000] {dag.py:2690} INFO - Sync 1 DAGs
[2023-06-15T18:09:13.439+0000] {logging_mixin.py:137} INFO - [2023-06-15T18:09:13.439+0000] {dag.py:3441} INFO - Setting next_dagrun for example_nested_branch_dag to 2023-06-14T00:00:00+00:00, run_after=2023-06-15T00:00:00+00:00
[2023-06-15T18:09:13.454+0000] {processor.py:175} INFO - Processing /home/airflow/.local/lib/python3.7/site-packages/airflow/example_dags/example_nested_branch_dag.py took 0.100 seconds
[2023-06-15T18:09:44.024+0000] {processor.py:153} INFO - Started process (PID=1132) to work on /home/airflow/.local/lib/python3.7/site-packages/airflow/example_dags/example_nested_branch_dag.py
[2023-06-15T18:09:44.026+0000] {processor.py:743} INFO - Processing file /home/airflow/.local/lib/python3.7/site-packages/airflow/example_dags/example_nested_branch_dag.py for tasks to queue
[2023-06-15T18:09:44.027+0000] {logging_mixin.py:137} INFO - [2023-06-15T18:09:44.027+0000] {dagbag.py:538} INFO - Filling up the DagBag from /home/airflow/.local/lib/python3.7/site-packages/airflow/example_dags/example_nested_branch_dag.py
[2023-06-15T18:09:44.047+0000] {processor.py:753} INFO - DAG(s) dict_keys(['example_nested_branch_dag']) retrieved from /home/airflow/.local/lib/python3.7/site-packages/airflow/example_dags/example_nested_branch_dag.py
[2023-06-15T18:09:44.072+0000] {logging_mixin.py:137} INFO - [2023-06-15T18:09:44.072+0000] {dag.py:2690} INFO - Sync 1 DAGs
[2023-06-15T18:09:44.092+0000] {logging_mixin.py:137} INFO - [2023-06-15T18:09:44.092+0000] {dag.py:3441} INFO - Setting next_dagrun for example_nested_branch_dag to 2023-06-14T00:00:00+00:00, run_after=2023-06-15T00:00:00+00:00
[2023-06-15T18:09:44.106+0000] {processor.py:175} INFO - Processing /home/airflow/.local/lib/python3.7/site-packages/airflow/example_dags/example_nested_branch_dag.py took 0.086 seconds
[2023-06-15T18:10:14.612+0000] {processor.py:153} INFO - Started process (PID=1196) to work on /home/airflow/.local/lib/python3.7/site-packages/airflow/example_dags/example_nested_branch_dag.py
[2023-06-15T18:10:14.613+0000] {processor.py:743} INFO - Processing file /home/airflow/.local/lib/python3.7/site-packages/airflow/example_dags/example_nested_branch_dag.py for tasks to queue
[2023-06-15T18:10:14.614+0000] {logging_mixin.py:137} INFO - [2023-06-15T18:10:14.614+0000] {dagbag.py:538} INFO - Filling up the DagBag from /home/airflow/.local/lib/python3.7/site-packages/airflow/example_dags/example_nested_branch_dag.py
[2023-06-15T18:10:14.636+0000] {processor.py:753} INFO - DAG(s) dict_keys(['example_nested_branch_dag']) retrieved from /home/airflow/.local/lib/python3.7/site-packages/airflow/example_dags/example_nested_branch_dag.py
[2023-06-15T18:10:14.662+0000] {logging_mixin.py:137} INFO - [2023-06-15T18:10:14.662+0000] {dag.py:2690} INFO - Sync 1 DAGs
[2023-06-15T18:10:14.684+0000] {logging_mixin.py:137} INFO - [2023-06-15T18:10:14.684+0000] {dag.py:3441} INFO - Setting next_dagrun for example_nested_branch_dag to 2023-06-14T00:00:00+00:00, run_after=2023-06-15T00:00:00+00:00
[2023-06-15T18:10:14.698+0000] {processor.py:175} INFO - Processing /home/airflow/.local/lib/python3.7/site-packages/airflow/example_dags/example_nested_branch_dag.py took 0.089 seconds
[2023-06-15T18:10:45.655+0000] {processor.py:153} INFO - Started process (PID=1272) to work on /home/airflow/.local/lib/python3.7/site-packages/airflow/example_dags/example_nested_branch_dag.py
[2023-06-15T18:10:45.657+0000] {processor.py:743} INFO - Processing file /home/airflow/.local/lib/python3.7/site-packages/airflow/example_dags/example_nested_branch_dag.py for tasks to queue
[2023-06-15T18:10:45.658+0000] {logging_mixin.py:137} INFO - [2023-06-15T18:10:45.658+0000] {dagbag.py:538} INFO - Filling up the DagBag from /home/airflow/.local/lib/python3.7/site-packages/airflow/example_dags/example_nested_branch_dag.py
[2023-06-15T18:10:45.680+0000] {processor.py:753} INFO - DAG(s) dict_keys(['example_nested_branch_dag']) retrieved from /home/airflow/.local/lib/python3.7/site-packages/airflow/example_dags/example_nested_branch_dag.py
[2023-06-15T18:10:45.704+0000] {logging_mixin.py:137} INFO - [2023-06-15T18:10:45.703+0000] {dag.py:2690} INFO - Sync 1 DAGs
[2023-06-15T18:10:45.724+0000] {logging_mixin.py:137} INFO - [2023-06-15T18:10:45.723+0000] {dag.py:3441} INFO - Setting next_dagrun for example_nested_branch_dag to 2023-06-14T00:00:00+00:00, run_after=2023-06-15T00:00:00+00:00
[2023-06-15T18:10:45.737+0000] {processor.py:175} INFO - Processing /home/airflow/.local/lib/python3.7/site-packages/airflow/example_dags/example_nested_branch_dag.py took 0.086 seconds
[2023-06-15T18:11:16.228+0000] {processor.py:153} INFO - Started process (PID=1348) to work on /home/airflow/.local/lib/python3.7/site-packages/airflow/example_dags/example_nested_branch_dag.py
[2023-06-15T18:11:16.230+0000] {processor.py:743} INFO - Processing file /home/airflow/.local/lib/python3.7/site-packages/airflow/example_dags/example_nested_branch_dag.py for tasks to queue
[2023-06-15T18:11:16.231+0000] {logging_mixin.py:137} INFO - [2023-06-15T18:11:16.231+0000] {dagbag.py:538} INFO - Filling up the DagBag from /home/airflow/.local/lib/python3.7/site-packages/airflow/example_dags/example_nested_branch_dag.py
[2023-06-15T18:11:16.261+0000] {processor.py:753} INFO - DAG(s) dict_keys(['example_nested_branch_dag']) retrieved from /home/airflow/.local/lib/python3.7/site-packages/airflow/example_dags/example_nested_branch_dag.py
[2023-06-15T18:11:16.294+0000] {logging_mixin.py:137} INFO - [2023-06-15T18:11:16.293+0000] {dag.py:2690} INFO - Sync 1 DAGs
[2023-06-15T18:11:16.317+0000] {logging_mixin.py:137} INFO - [2023-06-15T18:11:16.317+0000] {dag.py:3441} INFO - Setting next_dagrun for example_nested_branch_dag to 2023-06-14T00:00:00+00:00, run_after=2023-06-15T00:00:00+00:00
[2023-06-15T18:11:16.332+0000] {processor.py:175} INFO - Processing /home/airflow/.local/lib/python3.7/site-packages/airflow/example_dags/example_nested_branch_dag.py took 0.111 seconds
[2023-06-15T18:11:46.712+0000] {processor.py:153} INFO - Started process (PID=1413) to work on /home/airflow/.local/lib/python3.7/site-packages/airflow/example_dags/example_nested_branch_dag.py
[2023-06-15T18:11:46.714+0000] {processor.py:743} INFO - Processing file /home/airflow/.local/lib/python3.7/site-packages/airflow/example_dags/example_nested_branch_dag.py for tasks to queue
[2023-06-15T18:11:46.716+0000] {logging_mixin.py:137} INFO - [2023-06-15T18:11:46.716+0000] {dagbag.py:538} INFO - Filling up the DagBag from /home/airflow/.local/lib/python3.7/site-packages/airflow/example_dags/example_nested_branch_dag.py
[2023-06-15T18:11:46.742+0000] {processor.py:753} INFO - DAG(s) dict_keys(['example_nested_branch_dag']) retrieved from /home/airflow/.local/lib/python3.7/site-packages/airflow/example_dags/example_nested_branch_dag.py
[2023-06-15T18:11:46.768+0000] {logging_mixin.py:137} INFO - [2023-06-15T18:11:46.768+0000] {dag.py:2690} INFO - Sync 1 DAGs
[2023-06-15T18:11:46.788+0000] {logging_mixin.py:137} INFO - [2023-06-15T18:11:46.788+0000] {dag.py:3441} INFO - Setting next_dagrun for example_nested_branch_dag to 2023-06-14T00:00:00+00:00, run_after=2023-06-15T00:00:00+00:00
[2023-06-15T18:11:46.803+0000] {processor.py:175} INFO - Processing /home/airflow/.local/lib/python3.7/site-packages/airflow/example_dags/example_nested_branch_dag.py took 0.098 seconds
[2023-06-15T18:12:17.344+0000] {processor.py:153} INFO - Started process (PID=1490) to work on /home/airflow/.local/lib/python3.7/site-packages/airflow/example_dags/example_nested_branch_dag.py
[2023-06-15T18:12:17.346+0000] {processor.py:743} INFO - Processing file /home/airflow/.local/lib/python3.7/site-packages/airflow/example_dags/example_nested_branch_dag.py for tasks to queue
[2023-06-15T18:12:17.347+0000] {logging_mixin.py:137} INFO - [2023-06-15T18:12:17.346+0000] {dagbag.py:538} INFO - Filling up the DagBag from /home/airflow/.local/lib/python3.7/site-packages/airflow/example_dags/example_nested_branch_dag.py
[2023-06-15T18:12:17.367+0000] {processor.py:753} INFO - DAG(s) dict_keys(['example_nested_branch_dag']) retrieved from /home/airflow/.local/lib/python3.7/site-packages/airflow/example_dags/example_nested_branch_dag.py
[2023-06-15T18:12:17.392+0000] {logging_mixin.py:137} INFO - [2023-06-15T18:12:17.392+0000] {dag.py:2690} INFO - Sync 1 DAGs
[2023-06-15T18:12:17.412+0000] {logging_mixin.py:137} INFO - [2023-06-15T18:12:17.412+0000] {dag.py:3441} INFO - Setting next_dagrun for example_nested_branch_dag to 2023-06-14T00:00:00+00:00, run_after=2023-06-15T00:00:00+00:00
[2023-06-15T18:12:17.427+0000] {processor.py:175} INFO - Processing /home/airflow/.local/lib/python3.7/site-packages/airflow/example_dags/example_nested_branch_dag.py took 0.086 seconds
[2023-06-15T18:12:48.038+0000] {processor.py:153} INFO - Started process (PID=1568) to work on /home/airflow/.local/lib/python3.7/site-packages/airflow/example_dags/example_nested_branch_dag.py
[2023-06-15T18:12:48.039+0000] {processor.py:743} INFO - Processing file /home/airflow/.local/lib/python3.7/site-packages/airflow/example_dags/example_nested_branch_dag.py for tasks to queue
[2023-06-15T18:12:48.041+0000] {logging_mixin.py:137} INFO - [2023-06-15T18:12:48.041+0000] {dagbag.py:538} INFO - Filling up the DagBag from /home/airflow/.local/lib/python3.7/site-packages/airflow/example_dags/example_nested_branch_dag.py
[2023-06-15T18:12:48.063+0000] {processor.py:753} INFO - DAG(s) dict_keys(['example_nested_branch_dag']) retrieved from /home/airflow/.local/lib/python3.7/site-packages/airflow/example_dags/example_nested_branch_dag.py
[2023-06-15T18:12:48.088+0000] {logging_mixin.py:137} INFO - [2023-06-15T18:12:48.087+0000] {dag.py:2690} INFO - Sync 1 DAGs
[2023-06-15T18:12:48.109+0000] {logging_mixin.py:137} INFO - [2023-06-15T18:12:48.109+0000] {dag.py:3441} INFO - Setting next_dagrun for example_nested_branch_dag to 2023-06-14T00:00:00+00:00, run_after=2023-06-15T00:00:00+00:00
[2023-06-15T18:12:48.123+0000] {processor.py:175} INFO - Processing /home/airflow/.local/lib/python3.7/site-packages/airflow/example_dags/example_nested_branch_dag.py took 0.088 seconds
[2023-06-15T18:13:18.718+0000] {processor.py:153} INFO - Started process (PID=1634) to work on /home/airflow/.local/lib/python3.7/site-packages/airflow/example_dags/example_nested_branch_dag.py
[2023-06-15T18:13:18.720+0000] {processor.py:743} INFO - Processing file /home/airflow/.local/lib/python3.7/site-packages/airflow/example_dags/example_nested_branch_dag.py for tasks to queue
[2023-06-15T18:13:18.721+0000] {logging_mixin.py:137} INFO - [2023-06-15T18:13:18.721+0000] {dagbag.py:538} INFO - Filling up the DagBag from /home/airflow/.local/lib/python3.7/site-packages/airflow/example_dags/example_nested_branch_dag.py
[2023-06-15T18:13:18.745+0000] {processor.py:753} INFO - DAG(s) dict_keys(['example_nested_branch_dag']) retrieved from /home/airflow/.local/lib/python3.7/site-packages/airflow/example_dags/example_nested_branch_dag.py
[2023-06-15T18:13:18.769+0000] {logging_mixin.py:137} INFO - [2023-06-15T18:13:18.769+0000] {dag.py:2690} INFO - Sync 1 DAGs
[2023-06-15T18:13:18.789+0000] {logging_mixin.py:137} INFO - [2023-06-15T18:13:18.788+0000] {dag.py:3441} INFO - Setting next_dagrun for example_nested_branch_dag to 2023-06-14T00:00:00+00:00, run_after=2023-06-15T00:00:00+00:00
[2023-06-15T18:13:18.802+0000] {processor.py:175} INFO - Processing /home/airflow/.local/lib/python3.7/site-packages/airflow/example_dags/example_nested_branch_dag.py took 0.089 seconds
[2023-06-15T18:13:49.614+0000] {processor.py:153} INFO - Started process (PID=1712) to work on /home/airflow/.local/lib/python3.7/site-packages/airflow/example_dags/example_nested_branch_dag.py
[2023-06-15T18:13:49.616+0000] {processor.py:743} INFO - Processing file /home/airflow/.local/lib/python3.7/site-packages/airflow/example_dags/example_nested_branch_dag.py for tasks to queue
[2023-06-15T18:13:49.618+0000] {logging_mixin.py:137} INFO - [2023-06-15T18:13:49.618+0000] {dagbag.py:538} INFO - Filling up the DagBag from /home/airflow/.local/lib/python3.7/site-packages/airflow/example_dags/example_nested_branch_dag.py
[2023-06-15T18:13:49.646+0000] {processor.py:753} INFO - DAG(s) dict_keys(['example_nested_branch_dag']) retrieved from /home/airflow/.local/lib/python3.7/site-packages/airflow/example_dags/example_nested_branch_dag.py
[2023-06-15T18:13:49.693+0000] {logging_mixin.py:137} INFO - [2023-06-15T18:13:49.693+0000] {dag.py:2690} INFO - Sync 1 DAGs
[2023-06-15T18:13:49.724+0000] {logging_mixin.py:137} INFO - [2023-06-15T18:13:49.723+0000] {dag.py:3441} INFO - Setting next_dagrun for example_nested_branch_dag to 2023-06-14T00:00:00+00:00, run_after=2023-06-15T00:00:00+00:00
[2023-06-15T18:13:49.742+0000] {processor.py:175} INFO - Processing /home/airflow/.local/lib/python3.7/site-packages/airflow/example_dags/example_nested_branch_dag.py took 0.133 seconds
[2023-06-15T18:14:19.823+0000] {processor.py:153} INFO - Started process (PID=1786) to work on /home/airflow/.local/lib/python3.7/site-packages/airflow/example_dags/example_nested_branch_dag.py
[2023-06-15T18:14:19.825+0000] {processor.py:743} INFO - Processing file /home/airflow/.local/lib/python3.7/site-packages/airflow/example_dags/example_nested_branch_dag.py for tasks to queue
[2023-06-15T18:14:19.826+0000] {logging_mixin.py:137} INFO - [2023-06-15T18:14:19.826+0000] {dagbag.py:538} INFO - Filling up the DagBag from /home/airflow/.local/lib/python3.7/site-packages/airflow/example_dags/example_nested_branch_dag.py
[2023-06-15T18:14:19.859+0000] {processor.py:753} INFO - DAG(s) dict_keys(['example_nested_branch_dag']) retrieved from /home/airflow/.local/lib/python3.7/site-packages/airflow/example_dags/example_nested_branch_dag.py
[2023-06-15T18:14:19.899+0000] {logging_mixin.py:137} INFO - [2023-06-15T18:14:19.898+0000] {dag.py:2690} INFO - Sync 1 DAGs
[2023-06-15T18:14:19.950+0000] {logging_mixin.py:137} INFO - [2023-06-15T18:14:19.950+0000] {dag.py:3441} INFO - Setting next_dagrun for example_nested_branch_dag to 2023-06-14T00:00:00+00:00, run_after=2023-06-15T00:00:00+00:00
[2023-06-15T18:14:19.981+0000] {processor.py:175} INFO - Processing /home/airflow/.local/lib/python3.7/site-packages/airflow/example_dags/example_nested_branch_dag.py took 0.162 seconds
[2023-06-15T18:14:50.753+0000] {processor.py:153} INFO - Started process (PID=1854) to work on /home/airflow/.local/lib/python3.7/site-packages/airflow/example_dags/example_nested_branch_dag.py
[2023-06-15T18:14:50.755+0000] {processor.py:743} INFO - Processing file /home/airflow/.local/lib/python3.7/site-packages/airflow/example_dags/example_nested_branch_dag.py for tasks to queue
[2023-06-15T18:14:50.757+0000] {logging_mixin.py:137} INFO - [2023-06-15T18:14:50.756+0000] {dagbag.py:538} INFO - Filling up the DagBag from /home/airflow/.local/lib/python3.7/site-packages/airflow/example_dags/example_nested_branch_dag.py
[2023-06-15T18:14:50.782+0000] {processor.py:753} INFO - DAG(s) dict_keys(['example_nested_branch_dag']) retrieved from /home/airflow/.local/lib/python3.7/site-packages/airflow/example_dags/example_nested_branch_dag.py
[2023-06-15T18:14:50.810+0000] {logging_mixin.py:137} INFO - [2023-06-15T18:14:50.810+0000] {dag.py:2690} INFO - Sync 1 DAGs
[2023-06-15T18:14:50.834+0000] {logging_mixin.py:137} INFO - [2023-06-15T18:14:50.834+0000] {dag.py:3441} INFO - Setting next_dagrun for example_nested_branch_dag to 2023-06-14T00:00:00+00:00, run_after=2023-06-15T00:00:00+00:00
[2023-06-15T18:14:50.856+0000] {processor.py:175} INFO - Processing /home/airflow/.local/lib/python3.7/site-packages/airflow/example_dags/example_nested_branch_dag.py took 0.107 seconds
[2023-06-15T18:15:21.325+0000] {processor.py:153} INFO - Started process (PID=1932) to work on /home/airflow/.local/lib/python3.7/site-packages/airflow/example_dags/example_nested_branch_dag.py
[2023-06-15T18:15:21.327+0000] {processor.py:743} INFO - Processing file /home/airflow/.local/lib/python3.7/site-packages/airflow/example_dags/example_nested_branch_dag.py for tasks to queue
[2023-06-15T18:15:21.328+0000] {logging_mixin.py:137} INFO - [2023-06-15T18:15:21.328+0000] {dagbag.py:538} INFO - Filling up the DagBag from /home/airflow/.local/lib/python3.7/site-packages/airflow/example_dags/example_nested_branch_dag.py
[2023-06-15T18:15:21.354+0000] {processor.py:753} INFO - DAG(s) dict_keys(['example_nested_branch_dag']) retrieved from /home/airflow/.local/lib/python3.7/site-packages/airflow/example_dags/example_nested_branch_dag.py
[2023-06-15T18:15:21.382+0000] {logging_mixin.py:137} INFO - [2023-06-15T18:15:21.382+0000] {dag.py:2690} INFO - Sync 1 DAGs
[2023-06-15T18:15:21.402+0000] {logging_mixin.py:137} INFO - [2023-06-15T18:15:21.402+0000] {dag.py:3441} INFO - Setting next_dagrun for example_nested_branch_dag to 2023-06-14T00:00:00+00:00, run_after=2023-06-15T00:00:00+00:00
[2023-06-15T18:15:21.417+0000] {processor.py:175} INFO - Processing /home/airflow/.local/lib/python3.7/site-packages/airflow/example_dags/example_nested_branch_dag.py took 0.097 seconds
[2023-06-15T18:15:51.476+0000] {processor.py:153} INFO - Started process (PID=1998) to work on /home/airflow/.local/lib/python3.7/site-packages/airflow/example_dags/example_nested_branch_dag.py
[2023-06-15T18:15:51.477+0000] {processor.py:743} INFO - Processing file /home/airflow/.local/lib/python3.7/site-packages/airflow/example_dags/example_nested_branch_dag.py for tasks to queue
[2023-06-15T18:15:51.478+0000] {logging_mixin.py:137} INFO - [2023-06-15T18:15:51.478+0000] {dagbag.py:538} INFO - Filling up the DagBag from /home/airflow/.local/lib/python3.7/site-packages/airflow/example_dags/example_nested_branch_dag.py
[2023-06-15T18:15:51.502+0000] {processor.py:753} INFO - DAG(s) dict_keys(['example_nested_branch_dag']) retrieved from /home/airflow/.local/lib/python3.7/site-packages/airflow/example_dags/example_nested_branch_dag.py
[2023-06-15T18:15:51.527+0000] {logging_mixin.py:137} INFO - [2023-06-15T18:15:51.526+0000] {dag.py:2690} INFO - Sync 1 DAGs
[2023-06-15T18:15:51.546+0000] {logging_mixin.py:137} INFO - [2023-06-15T18:15:51.546+0000] {dag.py:3441} INFO - Setting next_dagrun for example_nested_branch_dag to 2023-06-14T00:00:00+00:00, run_after=2023-06-15T00:00:00+00:00
[2023-06-15T18:15:51.560+0000] {processor.py:175} INFO - Processing /home/airflow/.local/lib/python3.7/site-packages/airflow/example_dags/example_nested_branch_dag.py took 0.088 seconds
[2023-06-15T18:16:22.296+0000] {processor.py:153} INFO - Started process (PID=2075) to work on /home/airflow/.local/lib/python3.7/site-packages/airflow/example_dags/example_nested_branch_dag.py
[2023-06-15T18:16:22.298+0000] {processor.py:743} INFO - Processing file /home/airflow/.local/lib/python3.7/site-packages/airflow/example_dags/example_nested_branch_dag.py for tasks to queue
[2023-06-15T18:16:22.299+0000] {logging_mixin.py:137} INFO - [2023-06-15T18:16:22.299+0000] {dagbag.py:538} INFO - Filling up the DagBag from /home/airflow/.local/lib/python3.7/site-packages/airflow/example_dags/example_nested_branch_dag.py
[2023-06-15T18:16:22.322+0000] {processor.py:753} INFO - DAG(s) dict_keys(['example_nested_branch_dag']) retrieved from /home/airflow/.local/lib/python3.7/site-packages/airflow/example_dags/example_nested_branch_dag.py
[2023-06-15T18:16:22.346+0000] {logging_mixin.py:137} INFO - [2023-06-15T18:16:22.345+0000] {dag.py:2690} INFO - Sync 1 DAGs
[2023-06-15T18:16:22.365+0000] {logging_mixin.py:137} INFO - [2023-06-15T18:16:22.364+0000] {dag.py:3441} INFO - Setting next_dagrun for example_nested_branch_dag to 2023-06-14T00:00:00+00:00, run_after=2023-06-15T00:00:00+00:00
[2023-06-15T18:16:22.379+0000] {processor.py:175} INFO - Processing /home/airflow/.local/lib/python3.7/site-packages/airflow/example_dags/example_nested_branch_dag.py took 0.087 seconds
[2023-06-15T18:16:52.736+0000] {processor.py:153} INFO - Started process (PID=2152) to work on /home/airflow/.local/lib/python3.7/site-packages/airflow/example_dags/example_nested_branch_dag.py
[2023-06-15T18:16:52.737+0000] {processor.py:743} INFO - Processing file /home/airflow/.local/lib/python3.7/site-packages/airflow/example_dags/example_nested_branch_dag.py for tasks to queue
[2023-06-15T18:16:52.738+0000] {logging_mixin.py:137} INFO - [2023-06-15T18:16:52.738+0000] {dagbag.py:538} INFO - Filling up the DagBag from /home/airflow/.local/lib/python3.7/site-packages/airflow/example_dags/example_nested_branch_dag.py
[2023-06-15T18:16:52.759+0000] {processor.py:753} INFO - DAG(s) dict_keys(['example_nested_branch_dag']) retrieved from /home/airflow/.local/lib/python3.7/site-packages/airflow/example_dags/example_nested_branch_dag.py
[2023-06-15T18:16:52.784+0000] {logging_mixin.py:137} INFO - [2023-06-15T18:16:52.784+0000] {dag.py:2690} INFO - Sync 1 DAGs
[2023-06-15T18:16:52.808+0000] {logging_mixin.py:137} INFO - [2023-06-15T18:16:52.807+0000] {dag.py:3441} INFO - Setting next_dagrun for example_nested_branch_dag to 2023-06-14T00:00:00+00:00, run_after=2023-06-15T00:00:00+00:00
[2023-06-15T18:16:52.822+0000] {processor.py:175} INFO - Processing /home/airflow/.local/lib/python3.7/site-packages/airflow/example_dags/example_nested_branch_dag.py took 0.089 seconds
[2023-06-15T18:17:23.182+0000] {processor.py:153} INFO - Started process (PID=2217) to work on /home/airflow/.local/lib/python3.7/site-packages/airflow/example_dags/example_nested_branch_dag.py
[2023-06-15T18:17:23.184+0000] {processor.py:743} INFO - Processing file /home/airflow/.local/lib/python3.7/site-packages/airflow/example_dags/example_nested_branch_dag.py for tasks to queue
[2023-06-15T18:17:23.185+0000] {logging_mixin.py:137} INFO - [2023-06-15T18:17:23.185+0000] {dagbag.py:538} INFO - Filling up the DagBag from /home/airflow/.local/lib/python3.7/site-packages/airflow/example_dags/example_nested_branch_dag.py
[2023-06-15T18:17:23.214+0000] {processor.py:753} INFO - DAG(s) dict_keys(['example_nested_branch_dag']) retrieved from /home/airflow/.local/lib/python3.7/site-packages/airflow/example_dags/example_nested_branch_dag.py
[2023-06-15T18:17:23.238+0000] {logging_mixin.py:137} INFO - [2023-06-15T18:17:23.238+0000] {dag.py:2690} INFO - Sync 1 DAGs
[2023-06-15T18:17:23.257+0000] {logging_mixin.py:137} INFO - [2023-06-15T18:17:23.257+0000] {dag.py:3441} INFO - Setting next_dagrun for example_nested_branch_dag to 2023-06-14T00:00:00+00:00, run_after=2023-06-15T00:00:00+00:00
[2023-06-15T18:17:23.273+0000] {processor.py:175} INFO - Processing /home/airflow/.local/lib/python3.7/site-packages/airflow/example_dags/example_nested_branch_dag.py took 0.096 seconds
[2023-06-15T18:44:53.148+0000] {processor.py:153} INFO - Started process (PID=2301) to work on /home/airflow/.local/lib/python3.7/site-packages/airflow/example_dags/example_nested_branch_dag.py
[2023-06-15T18:44:53.150+0000] {processor.py:743} INFO - Processing file /home/airflow/.local/lib/python3.7/site-packages/airflow/example_dags/example_nested_branch_dag.py for tasks to queue
[2023-06-15T18:44:53.151+0000] {logging_mixin.py:137} INFO - [2023-06-15T18:44:53.150+0000] {dagbag.py:538} INFO - Filling up the DagBag from /home/airflow/.local/lib/python3.7/site-packages/airflow/example_dags/example_nested_branch_dag.py
[2023-06-15T18:44:53.172+0000] {processor.py:753} INFO - DAG(s) dict_keys(['example_nested_branch_dag']) retrieved from /home/airflow/.local/lib/python3.7/site-packages/airflow/example_dags/example_nested_branch_dag.py
[2023-06-15T18:44:53.200+0000] {logging_mixin.py:137} INFO - [2023-06-15T18:44:53.200+0000] {dag.py:2690} INFO - Sync 1 DAGs
[2023-06-15T18:44:53.222+0000] {logging_mixin.py:137} INFO - [2023-06-15T18:44:53.222+0000] {dag.py:3441} INFO - Setting next_dagrun for example_nested_branch_dag to 2023-06-14T00:00:00+00:00, run_after=2023-06-15T00:00:00+00:00
[2023-06-15T18:44:53.239+0000] {processor.py:175} INFO - Processing /home/airflow/.local/lib/python3.7/site-packages/airflow/example_dags/example_nested_branch_dag.py took 0.095 seconds
[2023-06-15T18:45:23.714+0000] {processor.py:153} INFO - Started process (PID=2367) to work on /home/airflow/.local/lib/python3.7/site-packages/airflow/example_dags/example_nested_branch_dag.py
[2023-06-15T18:45:23.716+0000] {processor.py:743} INFO - Processing file /home/airflow/.local/lib/python3.7/site-packages/airflow/example_dags/example_nested_branch_dag.py for tasks to queue
[2023-06-15T18:45:23.717+0000] {logging_mixin.py:137} INFO - [2023-06-15T18:45:23.717+0000] {dagbag.py:538} INFO - Filling up the DagBag from /home/airflow/.local/lib/python3.7/site-packages/airflow/example_dags/example_nested_branch_dag.py
[2023-06-15T18:45:23.739+0000] {processor.py:753} INFO - DAG(s) dict_keys(['example_nested_branch_dag']) retrieved from /home/airflow/.local/lib/python3.7/site-packages/airflow/example_dags/example_nested_branch_dag.py
[2023-06-15T18:45:23.765+0000] {logging_mixin.py:137} INFO - [2023-06-15T18:45:23.765+0000] {dag.py:2690} INFO - Sync 1 DAGs
[2023-06-15T18:45:23.786+0000] {logging_mixin.py:137} INFO - [2023-06-15T18:45:23.786+0000] {dag.py:3441} INFO - Setting next_dagrun for example_nested_branch_dag to 2023-06-14T00:00:00+00:00, run_after=2023-06-15T00:00:00+00:00
[2023-06-15T18:45:23.799+0000] {processor.py:175} INFO - Processing /home/airflow/.local/lib/python3.7/site-packages/airflow/example_dags/example_nested_branch_dag.py took 0.090 seconds
[2023-06-15T18:45:54.525+0000] {processor.py:153} INFO - Started process (PID=2444) to work on /home/airflow/.local/lib/python3.7/site-packages/airflow/example_dags/example_nested_branch_dag.py
[2023-06-15T18:45:54.527+0000] {processor.py:743} INFO - Processing file /home/airflow/.local/lib/python3.7/site-packages/airflow/example_dags/example_nested_branch_dag.py for tasks to queue
[2023-06-15T18:45:54.528+0000] {logging_mixin.py:137} INFO - [2023-06-15T18:45:54.528+0000] {dagbag.py:538} INFO - Filling up the DagBag from /home/airflow/.local/lib/python3.7/site-packages/airflow/example_dags/example_nested_branch_dag.py
[2023-06-15T18:45:54.550+0000] {processor.py:753} INFO - DAG(s) dict_keys(['example_nested_branch_dag']) retrieved from /home/airflow/.local/lib/python3.7/site-packages/airflow/example_dags/example_nested_branch_dag.py
[2023-06-15T18:45:54.576+0000] {logging_mixin.py:137} INFO - [2023-06-15T18:45:54.576+0000] {dag.py:2690} INFO - Sync 1 DAGs
[2023-06-15T18:45:54.597+0000] {logging_mixin.py:137} INFO - [2023-06-15T18:45:54.597+0000] {dag.py:3441} INFO - Setting next_dagrun for example_nested_branch_dag to 2023-06-14T00:00:00+00:00, run_after=2023-06-15T00:00:00+00:00
[2023-06-15T18:45:54.611+0000] {processor.py:175} INFO - Processing /home/airflow/.local/lib/python3.7/site-packages/airflow/example_dags/example_nested_branch_dag.py took 0.089 seconds
[2023-06-15T18:46:25.603+0000] {processor.py:153} INFO - Started process (PID=2521) to work on /home/airflow/.local/lib/python3.7/site-packages/airflow/example_dags/example_nested_branch_dag.py
[2023-06-15T18:46:25.604+0000] {processor.py:743} INFO - Processing file /home/airflow/.local/lib/python3.7/site-packages/airflow/example_dags/example_nested_branch_dag.py for tasks to queue
[2023-06-15T18:46:25.605+0000] {logging_mixin.py:137} INFO - [2023-06-15T18:46:25.605+0000] {dagbag.py:538} INFO - Filling up the DagBag from /home/airflow/.local/lib/python3.7/site-packages/airflow/example_dags/example_nested_branch_dag.py
[2023-06-15T18:46:25.624+0000] {processor.py:753} INFO - DAG(s) dict_keys(['example_nested_branch_dag']) retrieved from /home/airflow/.local/lib/python3.7/site-packages/airflow/example_dags/example_nested_branch_dag.py
[2023-06-15T18:46:25.650+0000] {logging_mixin.py:137} INFO - [2023-06-15T18:46:25.650+0000] {dag.py:2690} INFO - Sync 1 DAGs
[2023-06-15T18:46:25.669+0000] {logging_mixin.py:137} INFO - [2023-06-15T18:46:25.669+0000] {dag.py:3441} INFO - Setting next_dagrun for example_nested_branch_dag to 2023-06-14T00:00:00+00:00, run_after=2023-06-15T00:00:00+00:00
[2023-06-15T18:46:25.684+0000] {processor.py:175} INFO - Processing /home/airflow/.local/lib/python3.7/site-packages/airflow/example_dags/example_nested_branch_dag.py took 0.084 seconds
[2023-06-15T18:46:56.552+0000] {processor.py:153} INFO - Started process (PID=2586) to work on /home/airflow/.local/lib/python3.7/site-packages/airflow/example_dags/example_nested_branch_dag.py
[2023-06-15T18:46:56.553+0000] {processor.py:743} INFO - Processing file /home/airflow/.local/lib/python3.7/site-packages/airflow/example_dags/example_nested_branch_dag.py for tasks to queue
[2023-06-15T18:46:56.554+0000] {logging_mixin.py:137} INFO - [2023-06-15T18:46:56.554+0000] {dagbag.py:538} INFO - Filling up the DagBag from /home/airflow/.local/lib/python3.7/site-packages/airflow/example_dags/example_nested_branch_dag.py
[2023-06-15T18:46:56.574+0000] {processor.py:753} INFO - DAG(s) dict_keys(['example_nested_branch_dag']) retrieved from /home/airflow/.local/lib/python3.7/site-packages/airflow/example_dags/example_nested_branch_dag.py
[2023-06-15T18:46:56.599+0000] {logging_mixin.py:137} INFO - [2023-06-15T18:46:56.599+0000] {dag.py:2690} INFO - Sync 1 DAGs
[2023-06-15T18:46:56.619+0000] {logging_mixin.py:137} INFO - [2023-06-15T18:46:56.619+0000] {dag.py:3441} INFO - Setting next_dagrun for example_nested_branch_dag to 2023-06-14T00:00:00+00:00, run_after=2023-06-15T00:00:00+00:00
[2023-06-15T18:46:56.631+0000] {processor.py:175} INFO - Processing /home/airflow/.local/lib/python3.7/site-packages/airflow/example_dags/example_nested_branch_dag.py took 0.083 seconds
[2023-06-15T18:47:26.855+0000] {processor.py:153} INFO - Started process (PID=2663) to work on /home/airflow/.local/lib/python3.7/site-packages/airflow/example_dags/example_nested_branch_dag.py
[2023-06-15T18:47:26.857+0000] {processor.py:743} INFO - Processing file /home/airflow/.local/lib/python3.7/site-packages/airflow/example_dags/example_nested_branch_dag.py for tasks to queue
[2023-06-15T18:47:26.858+0000] {logging_mixin.py:137} INFO - [2023-06-15T18:47:26.858+0000] {dagbag.py:538} INFO - Filling up the DagBag from /home/airflow/.local/lib/python3.7/site-packages/airflow/example_dags/example_nested_branch_dag.py
[2023-06-15T18:47:26.877+0000] {processor.py:753} INFO - DAG(s) dict_keys(['example_nested_branch_dag']) retrieved from /home/airflow/.local/lib/python3.7/site-packages/airflow/example_dags/example_nested_branch_dag.py
[2023-06-15T18:47:26.902+0000] {logging_mixin.py:137} INFO - [2023-06-15T18:47:26.902+0000] {dag.py:2690} INFO - Sync 1 DAGs
[2023-06-15T18:47:26.922+0000] {logging_mixin.py:137} INFO - [2023-06-15T18:47:26.922+0000] {dag.py:3441} INFO - Setting next_dagrun for example_nested_branch_dag to 2023-06-14T00:00:00+00:00, run_after=2023-06-15T00:00:00+00:00
[2023-06-15T18:47:26.937+0000] {processor.py:175} INFO - Processing /home/airflow/.local/lib/python3.7/site-packages/airflow/example_dags/example_nested_branch_dag.py took 0.084 seconds
[2023-06-15T18:47:57.491+0000] {processor.py:153} INFO - Started process (PID=2737) to work on /home/airflow/.local/lib/python3.7/site-packages/airflow/example_dags/example_nested_branch_dag.py
[2023-06-15T18:47:57.492+0000] {processor.py:743} INFO - Processing file /home/airflow/.local/lib/python3.7/site-packages/airflow/example_dags/example_nested_branch_dag.py for tasks to queue
[2023-06-15T18:47:57.493+0000] {logging_mixin.py:137} INFO - [2023-06-15T18:47:57.493+0000] {dagbag.py:538} INFO - Filling up the DagBag from /home/airflow/.local/lib/python3.7/site-packages/airflow/example_dags/example_nested_branch_dag.py
[2023-06-15T18:47:57.513+0000] {processor.py:753} INFO - DAG(s) dict_keys(['example_nested_branch_dag']) retrieved from /home/airflow/.local/lib/python3.7/site-packages/airflow/example_dags/example_nested_branch_dag.py
[2023-06-15T18:47:57.537+0000] {logging_mixin.py:137} INFO - [2023-06-15T18:47:57.537+0000] {dag.py:2690} INFO - Sync 1 DAGs
[2023-06-15T18:47:57.557+0000] {logging_mixin.py:137} INFO - [2023-06-15T18:47:57.556+0000] {dag.py:3441} INFO - Setting next_dagrun for example_nested_branch_dag to 2023-06-14T00:00:00+00:00, run_after=2023-06-15T00:00:00+00:00
[2023-06-15T18:47:57.570+0000] {processor.py:175} INFO - Processing /home/airflow/.local/lib/python3.7/site-packages/airflow/example_dags/example_nested_branch_dag.py took 0.083 seconds
[2023-06-15T18:48:30.796+0000] {processor.py:153} INFO - Started process (PID=2805) to work on /home/airflow/.local/lib/python3.7/site-packages/airflow/example_dags/example_nested_branch_dag.py
[2023-06-15T18:48:30.798+0000] {processor.py:743} INFO - Processing file /home/airflow/.local/lib/python3.7/site-packages/airflow/example_dags/example_nested_branch_dag.py for tasks to queue
[2023-06-15T18:48:30.799+0000] {logging_mixin.py:137} INFO - [2023-06-15T18:48:30.799+0000] {dagbag.py:538} INFO - Filling up the DagBag from /home/airflow/.local/lib/python3.7/site-packages/airflow/example_dags/example_nested_branch_dag.py
[2023-06-15T18:48:30.822+0000] {processor.py:753} INFO - DAG(s) dict_keys(['example_nested_branch_dag']) retrieved from /home/airflow/.local/lib/python3.7/site-packages/airflow/example_dags/example_nested_branch_dag.py
[2023-06-15T18:48:30.846+0000] {logging_mixin.py:137} INFO - [2023-06-15T18:48:30.845+0000] {dag.py:2690} INFO - Sync 1 DAGs
[2023-06-15T18:48:30.866+0000] {logging_mixin.py:137} INFO - [2023-06-15T18:48:30.866+0000] {dag.py:3441} INFO - Setting next_dagrun for example_nested_branch_dag to 2023-06-14T00:00:00+00:00, run_after=2023-06-15T00:00:00+00:00
[2023-06-15T18:48:30.880+0000] {processor.py:175} INFO - Processing /home/airflow/.local/lib/python3.7/site-packages/airflow/example_dags/example_nested_branch_dag.py took 0.087 seconds
[2023-06-15T18:49:01.662+0000] {processor.py:153} INFO - Started process (PID=2870) to work on /home/airflow/.local/lib/python3.7/site-packages/airflow/example_dags/example_nested_branch_dag.py
[2023-06-15T18:49:01.664+0000] {processor.py:743} INFO - Processing file /home/airflow/.local/lib/python3.7/site-packages/airflow/example_dags/example_nested_branch_dag.py for tasks to queue
[2023-06-15T18:49:01.665+0000] {logging_mixin.py:137} INFO - [2023-06-15T18:49:01.664+0000] {dagbag.py:538} INFO - Filling up the DagBag from /home/airflow/.local/lib/python3.7/site-packages/airflow/example_dags/example_nested_branch_dag.py
[2023-06-15T18:49:01.685+0000] {processor.py:753} INFO - DAG(s) dict_keys(['example_nested_branch_dag']) retrieved from /home/airflow/.local/lib/python3.7/site-packages/airflow/example_dags/example_nested_branch_dag.py
[2023-06-15T18:49:01.713+0000] {logging_mixin.py:137} INFO - [2023-06-15T18:49:01.713+0000] {dag.py:2690} INFO - Sync 1 DAGs
[2023-06-15T18:49:01.733+0000] {logging_mixin.py:137} INFO - [2023-06-15T18:49:01.732+0000] {dag.py:3441} INFO - Setting next_dagrun for example_nested_branch_dag to 2023-06-14T00:00:00+00:00, run_after=2023-06-15T00:00:00+00:00
[2023-06-15T18:49:01.746+0000] {processor.py:175} INFO - Processing /home/airflow/.local/lib/python3.7/site-packages/airflow/example_dags/example_nested_branch_dag.py took 0.088 seconds
[2023-06-15T18:49:32.280+0000] {processor.py:153} INFO - Started process (PID=2948) to work on /home/airflow/.local/lib/python3.7/site-packages/airflow/example_dags/example_nested_branch_dag.py
[2023-06-15T18:49:32.281+0000] {processor.py:743} INFO - Processing file /home/airflow/.local/lib/python3.7/site-packages/airflow/example_dags/example_nested_branch_dag.py for tasks to queue
[2023-06-15T18:49:32.282+0000] {logging_mixin.py:137} INFO - [2023-06-15T18:49:32.282+0000] {dagbag.py:538} INFO - Filling up the DagBag from /home/airflow/.local/lib/python3.7/site-packages/airflow/example_dags/example_nested_branch_dag.py
[2023-06-15T18:49:32.304+0000] {processor.py:753} INFO - DAG(s) dict_keys(['example_nested_branch_dag']) retrieved from /home/airflow/.local/lib/python3.7/site-packages/airflow/example_dags/example_nested_branch_dag.py
[2023-06-15T18:49:32.328+0000] {logging_mixin.py:137} INFO - [2023-06-15T18:49:32.328+0000] {dag.py:2690} INFO - Sync 1 DAGs
[2023-06-15T18:49:32.356+0000] {logging_mixin.py:137} INFO - [2023-06-15T18:49:32.356+0000] {dag.py:3441} INFO - Setting next_dagrun for example_nested_branch_dag to 2023-06-14T00:00:00+00:00, run_after=2023-06-15T00:00:00+00:00
[2023-06-15T18:49:32.371+0000] {processor.py:175} INFO - Processing /home/airflow/.local/lib/python3.7/site-packages/airflow/example_dags/example_nested_branch_dag.py took 0.095 seconds
[2023-06-15T18:50:03.254+0000] {processor.py:153} INFO - Started process (PID=3026) to work on /home/airflow/.local/lib/python3.7/site-packages/airflow/example_dags/example_nested_branch_dag.py
[2023-06-15T18:50:03.255+0000] {processor.py:743} INFO - Processing file /home/airflow/.local/lib/python3.7/site-packages/airflow/example_dags/example_nested_branch_dag.py for tasks to queue
[2023-06-15T18:50:03.256+0000] {logging_mixin.py:137} INFO - [2023-06-15T18:50:03.256+0000] {dagbag.py:538} INFO - Filling up the DagBag from /home/airflow/.local/lib/python3.7/site-packages/airflow/example_dags/example_nested_branch_dag.py
[2023-06-15T18:50:03.277+0000] {processor.py:753} INFO - DAG(s) dict_keys(['example_nested_branch_dag']) retrieved from /home/airflow/.local/lib/python3.7/site-packages/airflow/example_dags/example_nested_branch_dag.py
[2023-06-15T18:50:03.307+0000] {logging_mixin.py:137} INFO - [2023-06-15T18:50:03.307+0000] {dag.py:2690} INFO - Sync 1 DAGs
[2023-06-15T18:50:03.328+0000] {logging_mixin.py:137} INFO - [2023-06-15T18:50:03.327+0000] {dag.py:3441} INFO - Setting next_dagrun for example_nested_branch_dag to 2023-06-14T00:00:00+00:00, run_after=2023-06-15T00:00:00+00:00
[2023-06-15T18:50:03.343+0000] {processor.py:175} INFO - Processing /home/airflow/.local/lib/python3.7/site-packages/airflow/example_dags/example_nested_branch_dag.py took 0.093 seconds
[2023-06-15T18:50:34.520+0000] {processor.py:153} INFO - Started process (PID=3091) to work on /home/airflow/.local/lib/python3.7/site-packages/airflow/example_dags/example_nested_branch_dag.py
[2023-06-15T18:50:34.521+0000] {processor.py:743} INFO - Processing file /home/airflow/.local/lib/python3.7/site-packages/airflow/example_dags/example_nested_branch_dag.py for tasks to queue
[2023-06-15T18:50:34.522+0000] {logging_mixin.py:137} INFO - [2023-06-15T18:50:34.522+0000] {dagbag.py:538} INFO - Filling up the DagBag from /home/airflow/.local/lib/python3.7/site-packages/airflow/example_dags/example_nested_branch_dag.py
[2023-06-15T18:50:34.542+0000] {processor.py:753} INFO - DAG(s) dict_keys(['example_nested_branch_dag']) retrieved from /home/airflow/.local/lib/python3.7/site-packages/airflow/example_dags/example_nested_branch_dag.py
[2023-06-15T18:50:34.567+0000] {logging_mixin.py:137} INFO - [2023-06-15T18:50:34.567+0000] {dag.py:2690} INFO - Sync 1 DAGs
[2023-06-15T18:50:34.586+0000] {logging_mixin.py:137} INFO - [2023-06-15T18:50:34.586+0000] {dag.py:3441} INFO - Setting next_dagrun for example_nested_branch_dag to 2023-06-14T00:00:00+00:00, run_after=2023-06-15T00:00:00+00:00
[2023-06-15T18:50:34.602+0000] {processor.py:175} INFO - Processing /home/airflow/.local/lib/python3.7/site-packages/airflow/example_dags/example_nested_branch_dag.py took 0.086 seconds
