[2023-06-15T18:01:59.496+0000] {processor.py:153} INFO - Started process (PID=43) to work on /home/airflow/.local/lib/python3.7/site-packages/airflow/example_dags/example_branch_operator.py
[2023-06-15T18:01:59.507+0000] {processor.py:743} INFO - Processing file /home/airflow/.local/lib/python3.7/site-packages/airflow/example_dags/example_branch_operator.py for tasks to queue
[2023-06-15T18:01:59.517+0000] {logging_mixin.py:137} INFO - [2023-06-15T18:01:59.517+0000] {dagbag.py:538} INFO - Filling up the DagBag from /home/airflow/.local/lib/python3.7/site-packages/airflow/example_dags/example_branch_operator.py
[2023-06-15T18:01:59.547+0000] {processor.py:753} INFO - DAG(s) dict_keys(['example_branch_operator']) retrieved from /home/airflow/.local/lib/python3.7/site-packages/airflow/example_dags/example_branch_operator.py
[2023-06-15T18:01:59.582+0000] {logging_mixin.py:137} INFO - [2023-06-15T18:01:59.582+0000] {dag.py:2690} INFO - Sync 1 DAGs
[2023-06-15T18:01:59.645+0000] {logging_mixin.py:137} INFO - [2023-06-15T18:01:59.645+0000] {dag.py:3441} INFO - Setting next_dagrun for example_branch_operator to 2023-06-14T00:00:00+00:00, run_after=2023-06-15T00:00:00+00:00
[2023-06-15T18:01:59.712+0000] {processor.py:175} INFO - Processing /home/airflow/.local/lib/python3.7/site-packages/airflow/example_dags/example_branch_operator.py took 0.220 seconds
[2023-06-15T18:02:29.770+0000] {processor.py:153} INFO - Started process (PID=112) to work on /home/airflow/.local/lib/python3.7/site-packages/airflow/example_dags/example_branch_operator.py
[2023-06-15T18:02:29.772+0000] {processor.py:743} INFO - Processing file /home/airflow/.local/lib/python3.7/site-packages/airflow/example_dags/example_branch_operator.py for tasks to queue
[2023-06-15T18:02:29.773+0000] {logging_mixin.py:137} INFO - [2023-06-15T18:02:29.773+0000] {dagbag.py:538} INFO - Filling up the DagBag from /home/airflow/.local/lib/python3.7/site-packages/airflow/example_dags/example_branch_operator.py
[2023-06-15T18:02:29.793+0000] {processor.py:753} INFO - DAG(s) dict_keys(['example_branch_operator']) retrieved from /home/airflow/.local/lib/python3.7/site-packages/airflow/example_dags/example_branch_operator.py
[2023-06-15T18:02:29.849+0000] {logging_mixin.py:137} INFO - [2023-06-15T18:02:29.849+0000] {dag.py:2690} INFO - Sync 1 DAGs
[2023-06-15T18:02:29.879+0000] {logging_mixin.py:137} INFO - [2023-06-15T18:02:29.879+0000] {dag.py:3441} INFO - Setting next_dagrun for example_branch_operator to 2023-06-14T00:00:00+00:00, run_after=2023-06-15T00:00:00+00:00
[2023-06-15T18:02:29.900+0000] {processor.py:175} INFO - Processing /home/airflow/.local/lib/python3.7/site-packages/airflow/example_dags/example_branch_operator.py took 0.135 seconds
[2023-06-15T18:03:00.788+0000] {processor.py:153} INFO - Started process (PID=176) to work on /home/airflow/.local/lib/python3.7/site-packages/airflow/example_dags/example_branch_operator.py
[2023-06-15T18:03:00.790+0000] {processor.py:743} INFO - Processing file /home/airflow/.local/lib/python3.7/site-packages/airflow/example_dags/example_branch_operator.py for tasks to queue
[2023-06-15T18:03:00.791+0000] {logging_mixin.py:137} INFO - [2023-06-15T18:03:00.791+0000] {dagbag.py:538} INFO - Filling up the DagBag from /home/airflow/.local/lib/python3.7/site-packages/airflow/example_dags/example_branch_operator.py
[2023-06-15T18:03:00.806+0000] {processor.py:753} INFO - DAG(s) dict_keys(['example_branch_operator']) retrieved from /home/airflow/.local/lib/python3.7/site-packages/airflow/example_dags/example_branch_operator.py
[2023-06-15T18:03:00.840+0000] {logging_mixin.py:137} INFO - [2023-06-15T18:03:00.840+0000] {dag.py:2690} INFO - Sync 1 DAGs
[2023-06-15T18:03:00.862+0000] {logging_mixin.py:137} INFO - [2023-06-15T18:03:00.862+0000] {dag.py:3441} INFO - Setting next_dagrun for example_branch_operator to 2023-06-14T00:00:00+00:00, run_after=2023-06-15T00:00:00+00:00
[2023-06-15T18:03:00.875+0000] {processor.py:175} INFO - Processing /home/airflow/.local/lib/python3.7/site-packages/airflow/example_dags/example_branch_operator.py took 0.091 seconds
[2023-06-15T18:03:31.660+0000] {processor.py:153} INFO - Started process (PID=252) to work on /home/airflow/.local/lib/python3.7/site-packages/airflow/example_dags/example_branch_operator.py
[2023-06-15T18:03:31.661+0000] {processor.py:743} INFO - Processing file /home/airflow/.local/lib/python3.7/site-packages/airflow/example_dags/example_branch_operator.py for tasks to queue
[2023-06-15T18:03:31.662+0000] {logging_mixin.py:137} INFO - [2023-06-15T18:03:31.662+0000] {dagbag.py:538} INFO - Filling up the DagBag from /home/airflow/.local/lib/python3.7/site-packages/airflow/example_dags/example_branch_operator.py
[2023-06-15T18:03:31.680+0000] {processor.py:753} INFO - DAG(s) dict_keys(['example_branch_operator']) retrieved from /home/airflow/.local/lib/python3.7/site-packages/airflow/example_dags/example_branch_operator.py
[2023-06-15T18:03:31.709+0000] {logging_mixin.py:137} INFO - [2023-06-15T18:03:31.708+0000] {dag.py:2690} INFO - Sync 1 DAGs
[2023-06-15T18:03:31.730+0000] {logging_mixin.py:137} INFO - [2023-06-15T18:03:31.730+0000] {dag.py:3441} INFO - Setting next_dagrun for example_branch_operator to 2023-06-14T00:00:00+00:00, run_after=2023-06-15T00:00:00+00:00
[2023-06-15T18:03:31.745+0000] {processor.py:175} INFO - Processing /home/airflow/.local/lib/python3.7/site-packages/airflow/example_dags/example_branch_operator.py took 0.089 seconds
[2023-06-15T18:04:02.519+0000] {processor.py:153} INFO - Started process (PID=329) to work on /home/airflow/.local/lib/python3.7/site-packages/airflow/example_dags/example_branch_operator.py
[2023-06-15T18:04:02.521+0000] {processor.py:743} INFO - Processing file /home/airflow/.local/lib/python3.7/site-packages/airflow/example_dags/example_branch_operator.py for tasks to queue
[2023-06-15T18:04:02.523+0000] {logging_mixin.py:137} INFO - [2023-06-15T18:04:02.523+0000] {dagbag.py:538} INFO - Filling up the DagBag from /home/airflow/.local/lib/python3.7/site-packages/airflow/example_dags/example_branch_operator.py
[2023-06-15T18:04:02.542+0000] {processor.py:753} INFO - DAG(s) dict_keys(['example_branch_operator']) retrieved from /home/airflow/.local/lib/python3.7/site-packages/airflow/example_dags/example_branch_operator.py
[2023-06-15T18:04:02.569+0000] {logging_mixin.py:137} INFO - [2023-06-15T18:04:02.569+0000] {dag.py:2690} INFO - Sync 1 DAGs
[2023-06-15T18:04:02.590+0000] {logging_mixin.py:137} INFO - [2023-06-15T18:04:02.589+0000] {dag.py:3441} INFO - Setting next_dagrun for example_branch_operator to 2023-06-14T00:00:00+00:00, run_after=2023-06-15T00:00:00+00:00
[2023-06-15T18:04:02.605+0000] {processor.py:175} INFO - Processing /home/airflow/.local/lib/python3.7/site-packages/airflow/example_dags/example_branch_operator.py took 0.091 seconds
[2023-06-15T18:04:33.106+0000] {processor.py:153} INFO - Started process (PID=393) to work on /home/airflow/.local/lib/python3.7/site-packages/airflow/example_dags/example_branch_operator.py
[2023-06-15T18:04:33.107+0000] {processor.py:743} INFO - Processing file /home/airflow/.local/lib/python3.7/site-packages/airflow/example_dags/example_branch_operator.py for tasks to queue
[2023-06-15T18:04:33.108+0000] {logging_mixin.py:137} INFO - [2023-06-15T18:04:33.108+0000] {dagbag.py:538} INFO - Filling up the DagBag from /home/airflow/.local/lib/python3.7/site-packages/airflow/example_dags/example_branch_operator.py
[2023-06-15T18:04:33.123+0000] {processor.py:753} INFO - DAG(s) dict_keys(['example_branch_operator']) retrieved from /home/airflow/.local/lib/python3.7/site-packages/airflow/example_dags/example_branch_operator.py
[2023-06-15T18:04:33.151+0000] {logging_mixin.py:137} INFO - [2023-06-15T18:04:33.151+0000] {dag.py:2690} INFO - Sync 1 DAGs
[2023-06-15T18:04:33.171+0000] {logging_mixin.py:137} INFO - [2023-06-15T18:04:33.171+0000] {dag.py:3441} INFO - Setting next_dagrun for example_branch_operator to 2023-06-14T00:00:00+00:00, run_after=2023-06-15T00:00:00+00:00
[2023-06-15T18:04:33.185+0000] {processor.py:175} INFO - Processing /home/airflow/.local/lib/python3.7/site-packages/airflow/example_dags/example_branch_operator.py took 0.083 seconds
[2023-06-15T18:05:03.822+0000] {processor.py:153} INFO - Started process (PID=471) to work on /home/airflow/.local/lib/python3.7/site-packages/airflow/example_dags/example_branch_operator.py
[2023-06-15T18:05:03.826+0000] {processor.py:743} INFO - Processing file /home/airflow/.local/lib/python3.7/site-packages/airflow/example_dags/example_branch_operator.py for tasks to queue
[2023-06-15T18:05:03.827+0000] {logging_mixin.py:137} INFO - [2023-06-15T18:05:03.827+0000] {dagbag.py:538} INFO - Filling up the DagBag from /home/airflow/.local/lib/python3.7/site-packages/airflow/example_dags/example_branch_operator.py
[2023-06-15T18:05:03.846+0000] {processor.py:753} INFO - DAG(s) dict_keys(['example_branch_operator']) retrieved from /home/airflow/.local/lib/python3.7/site-packages/airflow/example_dags/example_branch_operator.py
[2023-06-15T18:05:03.879+0000] {logging_mixin.py:137} INFO - [2023-06-15T18:05:03.878+0000] {dag.py:2690} INFO - Sync 1 DAGs
[2023-06-15T18:05:03.901+0000] {logging_mixin.py:137} INFO - [2023-06-15T18:05:03.901+0000] {dag.py:3441} INFO - Setting next_dagrun for example_branch_operator to 2023-06-14T00:00:00+00:00, run_after=2023-06-15T00:00:00+00:00
[2023-06-15T18:05:03.917+0000] {processor.py:175} INFO - Processing /home/airflow/.local/lib/python3.7/site-packages/airflow/example_dags/example_branch_operator.py took 0.098 seconds
[2023-06-15T18:05:34.526+0000] {processor.py:153} INFO - Started process (PID=534) to work on /home/airflow/.local/lib/python3.7/site-packages/airflow/example_dags/example_branch_operator.py
[2023-06-15T18:05:34.527+0000] {processor.py:743} INFO - Processing file /home/airflow/.local/lib/python3.7/site-packages/airflow/example_dags/example_branch_operator.py for tasks to queue
[2023-06-15T18:05:34.528+0000] {logging_mixin.py:137} INFO - [2023-06-15T18:05:34.528+0000] {dagbag.py:538} INFO - Filling up the DagBag from /home/airflow/.local/lib/python3.7/site-packages/airflow/example_dags/example_branch_operator.py
[2023-06-15T18:05:34.544+0000] {processor.py:753} INFO - DAG(s) dict_keys(['example_branch_operator']) retrieved from /home/airflow/.local/lib/python3.7/site-packages/airflow/example_dags/example_branch_operator.py
[2023-06-15T18:05:34.571+0000] {logging_mixin.py:137} INFO - [2023-06-15T18:05:34.571+0000] {dag.py:2690} INFO - Sync 1 DAGs
[2023-06-15T18:05:34.591+0000] {logging_mixin.py:137} INFO - [2023-06-15T18:05:34.591+0000] {dag.py:3441} INFO - Setting next_dagrun for example_branch_operator to 2023-06-14T00:00:00+00:00, run_after=2023-06-15T00:00:00+00:00
[2023-06-15T18:05:34.604+0000] {processor.py:175} INFO - Processing /home/airflow/.local/lib/python3.7/site-packages/airflow/example_dags/example_branch_operator.py took 0.082 seconds
[2023-06-15T18:06:05.339+0000] {processor.py:153} INFO - Started process (PID=611) to work on /home/airflow/.local/lib/python3.7/site-packages/airflow/example_dags/example_branch_operator.py
[2023-06-15T18:06:05.341+0000] {processor.py:743} INFO - Processing file /home/airflow/.local/lib/python3.7/site-packages/airflow/example_dags/example_branch_operator.py for tasks to queue
[2023-06-15T18:06:05.342+0000] {logging_mixin.py:137} INFO - [2023-06-15T18:06:05.342+0000] {dagbag.py:538} INFO - Filling up the DagBag from /home/airflow/.local/lib/python3.7/site-packages/airflow/example_dags/example_branch_operator.py
[2023-06-15T18:06:05.359+0000] {processor.py:753} INFO - DAG(s) dict_keys(['example_branch_operator']) retrieved from /home/airflow/.local/lib/python3.7/site-packages/airflow/example_dags/example_branch_operator.py
[2023-06-15T18:06:05.397+0000] {logging_mixin.py:137} INFO - [2023-06-15T18:06:05.397+0000] {dag.py:2690} INFO - Sync 1 DAGs
[2023-06-15T18:06:05.425+0000] {logging_mixin.py:137} INFO - [2023-06-15T18:06:05.425+0000] {dag.py:3441} INFO - Setting next_dagrun for example_branch_operator to 2023-06-14T00:00:00+00:00, run_after=2023-06-15T00:00:00+00:00
[2023-06-15T18:06:05.454+0000] {processor.py:175} INFO - Processing /home/airflow/.local/lib/python3.7/site-packages/airflow/example_dags/example_branch_operator.py took 0.118 seconds
[2023-06-15T18:06:35.552+0000] {processor.py:153} INFO - Started process (PID=686) to work on /home/airflow/.local/lib/python3.7/site-packages/airflow/example_dags/example_branch_operator.py
[2023-06-15T18:06:35.554+0000] {processor.py:743} INFO - Processing file /home/airflow/.local/lib/python3.7/site-packages/airflow/example_dags/example_branch_operator.py for tasks to queue
[2023-06-15T18:06:35.555+0000] {logging_mixin.py:137} INFO - [2023-06-15T18:06:35.555+0000] {dagbag.py:538} INFO - Filling up the DagBag from /home/airflow/.local/lib/python3.7/site-packages/airflow/example_dags/example_branch_operator.py
[2023-06-15T18:06:35.569+0000] {processor.py:753} INFO - DAG(s) dict_keys(['example_branch_operator']) retrieved from /home/airflow/.local/lib/python3.7/site-packages/airflow/example_dags/example_branch_operator.py
[2023-06-15T18:06:35.596+0000] {logging_mixin.py:137} INFO - [2023-06-15T18:06:35.596+0000] {dag.py:2690} INFO - Sync 1 DAGs
[2023-06-15T18:06:35.616+0000] {logging_mixin.py:137} INFO - [2023-06-15T18:06:35.616+0000] {dag.py:3441} INFO - Setting next_dagrun for example_branch_operator to 2023-06-14T00:00:00+00:00, run_after=2023-06-15T00:00:00+00:00
[2023-06-15T18:06:35.631+0000] {processor.py:175} INFO - Processing /home/airflow/.local/lib/python3.7/site-packages/airflow/example_dags/example_branch_operator.py took 0.082 seconds
[2023-06-15T18:07:06.054+0000] {processor.py:153} INFO - Started process (PID=751) to work on /home/airflow/.local/lib/python3.7/site-packages/airflow/example_dags/example_branch_operator.py
[2023-06-15T18:07:06.056+0000] {processor.py:743} INFO - Processing file /home/airflow/.local/lib/python3.7/site-packages/airflow/example_dags/example_branch_operator.py for tasks to queue
[2023-06-15T18:07:06.057+0000] {logging_mixin.py:137} INFO - [2023-06-15T18:07:06.057+0000] {dagbag.py:538} INFO - Filling up the DagBag from /home/airflow/.local/lib/python3.7/site-packages/airflow/example_dags/example_branch_operator.py
[2023-06-15T18:07:06.072+0000] {processor.py:753} INFO - DAG(s) dict_keys(['example_branch_operator']) retrieved from /home/airflow/.local/lib/python3.7/site-packages/airflow/example_dags/example_branch_operator.py
[2023-06-15T18:07:06.100+0000] {logging_mixin.py:137} INFO - [2023-06-15T18:07:06.099+0000] {dag.py:2690} INFO - Sync 1 DAGs
[2023-06-15T18:07:06.120+0000] {logging_mixin.py:137} INFO - [2023-06-15T18:07:06.120+0000] {dag.py:3441} INFO - Setting next_dagrun for example_branch_operator to 2023-06-14T00:00:00+00:00, run_after=2023-06-15T00:00:00+00:00
[2023-06-15T18:07:06.135+0000] {processor.py:175} INFO - Processing /home/airflow/.local/lib/python3.7/site-packages/airflow/example_dags/example_branch_operator.py took 0.084 seconds
[2023-06-15T18:07:36.856+0000] {processor.py:153} INFO - Started process (PID=828) to work on /home/airflow/.local/lib/python3.7/site-packages/airflow/example_dags/example_branch_operator.py
[2023-06-15T18:07:36.857+0000] {processor.py:743} INFO - Processing file /home/airflow/.local/lib/python3.7/site-packages/airflow/example_dags/example_branch_operator.py for tasks to queue
[2023-06-15T18:07:36.858+0000] {logging_mixin.py:137} INFO - [2023-06-15T18:07:36.858+0000] {dagbag.py:538} INFO - Filling up the DagBag from /home/airflow/.local/lib/python3.7/site-packages/airflow/example_dags/example_branch_operator.py
[2023-06-15T18:07:36.873+0000] {processor.py:753} INFO - DAG(s) dict_keys(['example_branch_operator']) retrieved from /home/airflow/.local/lib/python3.7/site-packages/airflow/example_dags/example_branch_operator.py
[2023-06-15T18:07:36.900+0000] {logging_mixin.py:137} INFO - [2023-06-15T18:07:36.899+0000] {dag.py:2690} INFO - Sync 1 DAGs
[2023-06-15T18:07:36.919+0000] {logging_mixin.py:137} INFO - [2023-06-15T18:07:36.919+0000] {dag.py:3441} INFO - Setting next_dagrun for example_branch_operator to 2023-06-14T00:00:00+00:00, run_after=2023-06-15T00:00:00+00:00
[2023-06-15T18:07:36.933+0000] {processor.py:175} INFO - Processing /home/airflow/.local/lib/python3.7/site-packages/airflow/example_dags/example_branch_operator.py took 0.081 seconds
[2023-06-15T18:08:07.251+0000] {processor.py:153} INFO - Started process (PID=901) to work on /home/airflow/.local/lib/python3.7/site-packages/airflow/example_dags/example_branch_operator.py
[2023-06-15T18:08:07.252+0000] {processor.py:743} INFO - Processing file /home/airflow/.local/lib/python3.7/site-packages/airflow/example_dags/example_branch_operator.py for tasks to queue
[2023-06-15T18:08:07.253+0000] {logging_mixin.py:137} INFO - [2023-06-15T18:08:07.253+0000] {dagbag.py:538} INFO - Filling up the DagBag from /home/airflow/.local/lib/python3.7/site-packages/airflow/example_dags/example_branch_operator.py
[2023-06-15T18:08:07.271+0000] {processor.py:753} INFO - DAG(s) dict_keys(['example_branch_operator']) retrieved from /home/airflow/.local/lib/python3.7/site-packages/airflow/example_dags/example_branch_operator.py
[2023-06-15T18:08:07.303+0000] {logging_mixin.py:137} INFO - [2023-06-15T18:08:07.303+0000] {dag.py:2690} INFO - Sync 1 DAGs
[2023-06-15T18:08:07.336+0000] {logging_mixin.py:137} INFO - [2023-06-15T18:08:07.336+0000] {dag.py:3441} INFO - Setting next_dagrun for example_branch_operator to 2023-06-14T00:00:00+00:00, run_after=2023-06-15T00:00:00+00:00
[2023-06-15T18:08:07.366+0000] {processor.py:175} INFO - Processing /home/airflow/.local/lib/python3.7/site-packages/airflow/example_dags/example_branch_operator.py took 0.119 seconds
[2023-06-15T18:08:38.121+0000] {processor.py:153} INFO - Started process (PID=968) to work on /home/airflow/.local/lib/python3.7/site-packages/airflow/example_dags/example_branch_operator.py
[2023-06-15T18:08:38.123+0000] {processor.py:743} INFO - Processing file /home/airflow/.local/lib/python3.7/site-packages/airflow/example_dags/example_branch_operator.py for tasks to queue
[2023-06-15T18:08:38.124+0000] {logging_mixin.py:137} INFO - [2023-06-15T18:08:38.124+0000] {dagbag.py:538} INFO - Filling up the DagBag from /home/airflow/.local/lib/python3.7/site-packages/airflow/example_dags/example_branch_operator.py
[2023-06-15T18:08:38.143+0000] {processor.py:753} INFO - DAG(s) dict_keys(['example_branch_operator']) retrieved from /home/airflow/.local/lib/python3.7/site-packages/airflow/example_dags/example_branch_operator.py
[2023-06-15T18:08:38.181+0000] {logging_mixin.py:137} INFO - [2023-06-15T18:08:38.181+0000] {dag.py:2690} INFO - Sync 1 DAGs
[2023-06-15T18:08:38.215+0000] {logging_mixin.py:137} INFO - [2023-06-15T18:08:38.214+0000] {dag.py:3441} INFO - Setting next_dagrun for example_branch_operator to 2023-06-14T00:00:00+00:00, run_after=2023-06-15T00:00:00+00:00
[2023-06-15T18:08:38.234+0000] {processor.py:175} INFO - Processing /home/airflow/.local/lib/python3.7/site-packages/airflow/example_dags/example_branch_operator.py took 0.117 seconds
[2023-06-15T18:09:08.698+0000] {processor.py:153} INFO - Started process (PID=1044) to work on /home/airflow/.local/lib/python3.7/site-packages/airflow/example_dags/example_branch_operator.py
[2023-06-15T18:09:08.700+0000] {processor.py:743} INFO - Processing file /home/airflow/.local/lib/python3.7/site-packages/airflow/example_dags/example_branch_operator.py for tasks to queue
[2023-06-15T18:09:08.701+0000] {logging_mixin.py:137} INFO - [2023-06-15T18:09:08.700+0000] {dagbag.py:538} INFO - Filling up the DagBag from /home/airflow/.local/lib/python3.7/site-packages/airflow/example_dags/example_branch_operator.py
[2023-06-15T18:09:08.715+0000] {processor.py:753} INFO - DAG(s) dict_keys(['example_branch_operator']) retrieved from /home/airflow/.local/lib/python3.7/site-packages/airflow/example_dags/example_branch_operator.py
[2023-06-15T18:09:08.741+0000] {logging_mixin.py:137} INFO - [2023-06-15T18:09:08.741+0000] {dag.py:2690} INFO - Sync 1 DAGs
[2023-06-15T18:09:08.760+0000] {logging_mixin.py:137} INFO - [2023-06-15T18:09:08.760+0000] {dag.py:3441} INFO - Setting next_dagrun for example_branch_operator to 2023-06-14T00:00:00+00:00, run_after=2023-06-15T00:00:00+00:00
[2023-06-15T18:09:08.773+0000] {processor.py:175} INFO - Processing /home/airflow/.local/lib/python3.7/site-packages/airflow/example_dags/example_branch_operator.py took 0.078 seconds
[2023-06-15T18:09:39.413+0000] {processor.py:153} INFO - Started process (PID=1108) to work on /home/airflow/.local/lib/python3.7/site-packages/airflow/example_dags/example_branch_operator.py
[2023-06-15T18:09:39.414+0000] {processor.py:743} INFO - Processing file /home/airflow/.local/lib/python3.7/site-packages/airflow/example_dags/example_branch_operator.py for tasks to queue
[2023-06-15T18:09:39.415+0000] {logging_mixin.py:137} INFO - [2023-06-15T18:09:39.415+0000] {dagbag.py:538} INFO - Filling up the DagBag from /home/airflow/.local/lib/python3.7/site-packages/airflow/example_dags/example_branch_operator.py
[2023-06-15T18:09:39.429+0000] {processor.py:753} INFO - DAG(s) dict_keys(['example_branch_operator']) retrieved from /home/airflow/.local/lib/python3.7/site-packages/airflow/example_dags/example_branch_operator.py
[2023-06-15T18:09:39.454+0000] {logging_mixin.py:137} INFO - [2023-06-15T18:09:39.454+0000] {dag.py:2690} INFO - Sync 1 DAGs
[2023-06-15T18:09:39.473+0000] {logging_mixin.py:137} INFO - [2023-06-15T18:09:39.473+0000] {dag.py:3441} INFO - Setting next_dagrun for example_branch_operator to 2023-06-14T00:00:00+00:00, run_after=2023-06-15T00:00:00+00:00
[2023-06-15T18:09:39.486+0000] {processor.py:175} INFO - Processing /home/airflow/.local/lib/python3.7/site-packages/airflow/example_dags/example_branch_operator.py took 0.077 seconds
[2023-06-15T18:10:10.003+0000] {processor.py:153} INFO - Started process (PID=1184) to work on /home/airflow/.local/lib/python3.7/site-packages/airflow/example_dags/example_branch_operator.py
[2023-06-15T18:10:10.004+0000] {processor.py:743} INFO - Processing file /home/airflow/.local/lib/python3.7/site-packages/airflow/example_dags/example_branch_operator.py for tasks to queue
[2023-06-15T18:10:10.005+0000] {logging_mixin.py:137} INFO - [2023-06-15T18:10:10.005+0000] {dagbag.py:538} INFO - Filling up the DagBag from /home/airflow/.local/lib/python3.7/site-packages/airflow/example_dags/example_branch_operator.py
[2023-06-15T18:10:10.020+0000] {processor.py:753} INFO - DAG(s) dict_keys(['example_branch_operator']) retrieved from /home/airflow/.local/lib/python3.7/site-packages/airflow/example_dags/example_branch_operator.py
[2023-06-15T18:10:10.046+0000] {logging_mixin.py:137} INFO - [2023-06-15T18:10:10.046+0000] {dag.py:2690} INFO - Sync 1 DAGs
[2023-06-15T18:10:10.066+0000] {logging_mixin.py:137} INFO - [2023-06-15T18:10:10.065+0000] {dag.py:3441} INFO - Setting next_dagrun for example_branch_operator to 2023-06-14T00:00:00+00:00, run_after=2023-06-15T00:00:00+00:00
[2023-06-15T18:10:10.081+0000] {processor.py:175} INFO - Processing /home/airflow/.local/lib/python3.7/site-packages/airflow/example_dags/example_branch_operator.py took 0.081 seconds
[2023-06-15T18:10:40.931+0000] {processor.py:153} INFO - Started process (PID=1260) to work on /home/airflow/.local/lib/python3.7/site-packages/airflow/example_dags/example_branch_operator.py
[2023-06-15T18:10:40.932+0000] {processor.py:743} INFO - Processing file /home/airflow/.local/lib/python3.7/site-packages/airflow/example_dags/example_branch_operator.py for tasks to queue
[2023-06-15T18:10:40.933+0000] {logging_mixin.py:137} INFO - [2023-06-15T18:10:40.933+0000] {dagbag.py:538} INFO - Filling up the DagBag from /home/airflow/.local/lib/python3.7/site-packages/airflow/example_dags/example_branch_operator.py
[2023-06-15T18:10:40.946+0000] {processor.py:753} INFO - DAG(s) dict_keys(['example_branch_operator']) retrieved from /home/airflow/.local/lib/python3.7/site-packages/airflow/example_dags/example_branch_operator.py
[2023-06-15T18:10:40.971+0000] {logging_mixin.py:137} INFO - [2023-06-15T18:10:40.971+0000] {dag.py:2690} INFO - Sync 1 DAGs
[2023-06-15T18:10:40.990+0000] {logging_mixin.py:137} INFO - [2023-06-15T18:10:40.990+0000] {dag.py:3441} INFO - Setting next_dagrun for example_branch_operator to 2023-06-14T00:00:00+00:00, run_after=2023-06-15T00:00:00+00:00
[2023-06-15T18:10:41.003+0000] {processor.py:175} INFO - Processing /home/airflow/.local/lib/python3.7/site-packages/airflow/example_dags/example_branch_operator.py took 0.075 seconds
[2023-06-15T18:11:11.474+0000] {processor.py:153} INFO - Started process (PID=1323) to work on /home/airflow/.local/lib/python3.7/site-packages/airflow/example_dags/example_branch_operator.py
[2023-06-15T18:11:11.475+0000] {processor.py:743} INFO - Processing file /home/airflow/.local/lib/python3.7/site-packages/airflow/example_dags/example_branch_operator.py for tasks to queue
[2023-06-15T18:11:11.476+0000] {logging_mixin.py:137} INFO - [2023-06-15T18:11:11.476+0000] {dagbag.py:538} INFO - Filling up the DagBag from /home/airflow/.local/lib/python3.7/site-packages/airflow/example_dags/example_branch_operator.py
[2023-06-15T18:11:11.490+0000] {processor.py:753} INFO - DAG(s) dict_keys(['example_branch_operator']) retrieved from /home/airflow/.local/lib/python3.7/site-packages/airflow/example_dags/example_branch_operator.py
[2023-06-15T18:11:11.514+0000] {logging_mixin.py:137} INFO - [2023-06-15T18:11:11.514+0000] {dag.py:2690} INFO - Sync 1 DAGs
[2023-06-15T18:11:11.532+0000] {logging_mixin.py:137} INFO - [2023-06-15T18:11:11.532+0000] {dag.py:3441} INFO - Setting next_dagrun for example_branch_operator to 2023-06-14T00:00:00+00:00, run_after=2023-06-15T00:00:00+00:00
[2023-06-15T18:11:11.545+0000] {processor.py:175} INFO - Processing /home/airflow/.local/lib/python3.7/site-packages/airflow/example_dags/example_branch_operator.py took 0.074 seconds
[2023-06-15T18:11:42.146+0000] {processor.py:153} INFO - Started process (PID=1401) to work on /home/airflow/.local/lib/python3.7/site-packages/airflow/example_dags/example_branch_operator.py
[2023-06-15T18:11:42.148+0000] {processor.py:743} INFO - Processing file /home/airflow/.local/lib/python3.7/site-packages/airflow/example_dags/example_branch_operator.py for tasks to queue
[2023-06-15T18:11:42.149+0000] {logging_mixin.py:137} INFO - [2023-06-15T18:11:42.149+0000] {dagbag.py:538} INFO - Filling up the DagBag from /home/airflow/.local/lib/python3.7/site-packages/airflow/example_dags/example_branch_operator.py
[2023-06-15T18:11:42.163+0000] {processor.py:753} INFO - DAG(s) dict_keys(['example_branch_operator']) retrieved from /home/airflow/.local/lib/python3.7/site-packages/airflow/example_dags/example_branch_operator.py
[2023-06-15T18:11:42.188+0000] {logging_mixin.py:137} INFO - [2023-06-15T18:11:42.188+0000] {dag.py:2690} INFO - Sync 1 DAGs
[2023-06-15T18:11:42.207+0000] {logging_mixin.py:137} INFO - [2023-06-15T18:11:42.207+0000] {dag.py:3441} INFO - Setting next_dagrun for example_branch_operator to 2023-06-14T00:00:00+00:00, run_after=2023-06-15T00:00:00+00:00
[2023-06-15T18:11:42.222+0000] {processor.py:175} INFO - Processing /home/airflow/.local/lib/python3.7/site-packages/airflow/example_dags/example_branch_operator.py took 0.079 seconds
[2023-06-15T18:12:12.775+0000] {processor.py:153} INFO - Started process (PID=1476) to work on /home/airflow/.local/lib/python3.7/site-packages/airflow/example_dags/example_branch_operator.py
[2023-06-15T18:12:12.777+0000] {processor.py:743} INFO - Processing file /home/airflow/.local/lib/python3.7/site-packages/airflow/example_dags/example_branch_operator.py for tasks to queue
[2023-06-15T18:12:12.778+0000] {logging_mixin.py:137} INFO - [2023-06-15T18:12:12.778+0000] {dagbag.py:538} INFO - Filling up the DagBag from /home/airflow/.local/lib/python3.7/site-packages/airflow/example_dags/example_branch_operator.py
[2023-06-15T18:12:12.792+0000] {processor.py:753} INFO - DAG(s) dict_keys(['example_branch_operator']) retrieved from /home/airflow/.local/lib/python3.7/site-packages/airflow/example_dags/example_branch_operator.py
[2023-06-15T18:12:12.817+0000] {logging_mixin.py:137} INFO - [2023-06-15T18:12:12.817+0000] {dag.py:2690} INFO - Sync 1 DAGs
[2023-06-15T18:12:12.837+0000] {logging_mixin.py:137} INFO - [2023-06-15T18:12:12.837+0000] {dag.py:3441} INFO - Setting next_dagrun for example_branch_operator to 2023-06-14T00:00:00+00:00, run_after=2023-06-15T00:00:00+00:00
[2023-06-15T18:12:12.851+0000] {processor.py:175} INFO - Processing /home/airflow/.local/lib/python3.7/site-packages/airflow/example_dags/example_branch_operator.py took 0.079 seconds
[2023-06-15T18:12:43.353+0000] {processor.py:153} INFO - Started process (PID=1544) to work on /home/airflow/.local/lib/python3.7/site-packages/airflow/example_dags/example_branch_operator.py
[2023-06-15T18:12:43.355+0000] {processor.py:743} INFO - Processing file /home/airflow/.local/lib/python3.7/site-packages/airflow/example_dags/example_branch_operator.py for tasks to queue
[2023-06-15T18:12:43.356+0000] {logging_mixin.py:137} INFO - [2023-06-15T18:12:43.356+0000] {dagbag.py:538} INFO - Filling up the DagBag from /home/airflow/.local/lib/python3.7/site-packages/airflow/example_dags/example_branch_operator.py
[2023-06-15T18:12:43.370+0000] {processor.py:753} INFO - DAG(s) dict_keys(['example_branch_operator']) retrieved from /home/airflow/.local/lib/python3.7/site-packages/airflow/example_dags/example_branch_operator.py
[2023-06-15T18:12:43.394+0000] {logging_mixin.py:137} INFO - [2023-06-15T18:12:43.394+0000] {dag.py:2690} INFO - Sync 1 DAGs
[2023-06-15T18:12:43.413+0000] {logging_mixin.py:137} INFO - [2023-06-15T18:12:43.413+0000] {dag.py:3441} INFO - Setting next_dagrun for example_branch_operator to 2023-06-14T00:00:00+00:00, run_after=2023-06-15T00:00:00+00:00
[2023-06-15T18:12:43.426+0000] {processor.py:175} INFO - Processing /home/airflow/.local/lib/python3.7/site-packages/airflow/example_dags/example_branch_operator.py took 0.076 seconds
[2023-06-15T18:13:14.065+0000] {processor.py:153} INFO - Started process (PID=1622) to work on /home/airflow/.local/lib/python3.7/site-packages/airflow/example_dags/example_branch_operator.py
[2023-06-15T18:13:14.067+0000] {processor.py:743} INFO - Processing file /home/airflow/.local/lib/python3.7/site-packages/airflow/example_dags/example_branch_operator.py for tasks to queue
[2023-06-15T18:13:14.068+0000] {logging_mixin.py:137} INFO - [2023-06-15T18:13:14.068+0000] {dagbag.py:538} INFO - Filling up the DagBag from /home/airflow/.local/lib/python3.7/site-packages/airflow/example_dags/example_branch_operator.py
[2023-06-15T18:13:14.082+0000] {processor.py:753} INFO - DAG(s) dict_keys(['example_branch_operator']) retrieved from /home/airflow/.local/lib/python3.7/site-packages/airflow/example_dags/example_branch_operator.py
[2023-06-15T18:13:14.107+0000] {logging_mixin.py:137} INFO - [2023-06-15T18:13:14.106+0000] {dag.py:2690} INFO - Sync 1 DAGs
[2023-06-15T18:13:14.126+0000] {logging_mixin.py:137} INFO - [2023-06-15T18:13:14.126+0000] {dag.py:3441} INFO - Setting next_dagrun for example_branch_operator to 2023-06-14T00:00:00+00:00, run_after=2023-06-15T00:00:00+00:00
[2023-06-15T18:13:14.139+0000] {processor.py:175} INFO - Processing /home/airflow/.local/lib/python3.7/site-packages/airflow/example_dags/example_branch_operator.py took 0.078 seconds
[2023-06-15T18:13:44.875+0000] {processor.py:153} INFO - Started process (PID=1700) to work on /home/airflow/.local/lib/python3.7/site-packages/airflow/example_dags/example_branch_operator.py
[2023-06-15T18:13:44.876+0000] {processor.py:743} INFO - Processing file /home/airflow/.local/lib/python3.7/site-packages/airflow/example_dags/example_branch_operator.py for tasks to queue
[2023-06-15T18:13:44.877+0000] {logging_mixin.py:137} INFO - [2023-06-15T18:13:44.877+0000] {dagbag.py:538} INFO - Filling up the DagBag from /home/airflow/.local/lib/python3.7/site-packages/airflow/example_dags/example_branch_operator.py
[2023-06-15T18:13:44.892+0000] {processor.py:753} INFO - DAG(s) dict_keys(['example_branch_operator']) retrieved from /home/airflow/.local/lib/python3.7/site-packages/airflow/example_dags/example_branch_operator.py
[2023-06-15T18:13:44.920+0000] {logging_mixin.py:137} INFO - [2023-06-15T18:13:44.919+0000] {dag.py:2690} INFO - Sync 1 DAGs
[2023-06-15T18:13:44.943+0000] {logging_mixin.py:137} INFO - [2023-06-15T18:13:44.943+0000] {dag.py:3441} INFO - Setting next_dagrun for example_branch_operator to 2023-06-14T00:00:00+00:00, run_after=2023-06-15T00:00:00+00:00
[2023-06-15T18:13:44.959+0000] {processor.py:175} INFO - Processing /home/airflow/.local/lib/python3.7/site-packages/airflow/example_dags/example_branch_operator.py took 0.087 seconds
[2023-06-15T18:14:15.184+0000] {processor.py:153} INFO - Started process (PID=1765) to work on /home/airflow/.local/lib/python3.7/site-packages/airflow/example_dags/example_branch_operator.py
[2023-06-15T18:14:15.185+0000] {processor.py:743} INFO - Processing file /home/airflow/.local/lib/python3.7/site-packages/airflow/example_dags/example_branch_operator.py for tasks to queue
[2023-06-15T18:14:15.187+0000] {logging_mixin.py:137} INFO - [2023-06-15T18:14:15.186+0000] {dagbag.py:538} INFO - Filling up the DagBag from /home/airflow/.local/lib/python3.7/site-packages/airflow/example_dags/example_branch_operator.py
[2023-06-15T18:14:15.201+0000] {processor.py:753} INFO - DAG(s) dict_keys(['example_branch_operator']) retrieved from /home/airflow/.local/lib/python3.7/site-packages/airflow/example_dags/example_branch_operator.py
[2023-06-15T18:14:15.226+0000] {logging_mixin.py:137} INFO - [2023-06-15T18:14:15.226+0000] {dag.py:2690} INFO - Sync 1 DAGs
[2023-06-15T18:14:15.245+0000] {logging_mixin.py:137} INFO - [2023-06-15T18:14:15.245+0000] {dag.py:3441} INFO - Setting next_dagrun for example_branch_operator to 2023-06-14T00:00:00+00:00, run_after=2023-06-15T00:00:00+00:00
[2023-06-15T18:14:15.259+0000] {processor.py:175} INFO - Processing /home/airflow/.local/lib/python3.7/site-packages/airflow/example_dags/example_branch_operator.py took 0.078 seconds
[2023-06-15T18:14:45.929+0000] {processor.py:153} INFO - Started process (PID=1842) to work on /home/airflow/.local/lib/python3.7/site-packages/airflow/example_dags/example_branch_operator.py
[2023-06-15T18:14:45.931+0000] {processor.py:743} INFO - Processing file /home/airflow/.local/lib/python3.7/site-packages/airflow/example_dags/example_branch_operator.py for tasks to queue
[2023-06-15T18:14:45.932+0000] {logging_mixin.py:137} INFO - [2023-06-15T18:14:45.932+0000] {dagbag.py:538} INFO - Filling up the DagBag from /home/airflow/.local/lib/python3.7/site-packages/airflow/example_dags/example_branch_operator.py
[2023-06-15T18:14:45.948+0000] {processor.py:753} INFO - DAG(s) dict_keys(['example_branch_operator']) retrieved from /home/airflow/.local/lib/python3.7/site-packages/airflow/example_dags/example_branch_operator.py
[2023-06-15T18:14:45.980+0000] {logging_mixin.py:137} INFO - [2023-06-15T18:14:45.979+0000] {dag.py:2690} INFO - Sync 1 DAGs
[2023-06-15T18:14:46.021+0000] {logging_mixin.py:137} INFO - [2023-06-15T18:14:46.021+0000] {dag.py:3441} INFO - Setting next_dagrun for example_branch_operator to 2023-06-14T00:00:00+00:00, run_after=2023-06-15T00:00:00+00:00
[2023-06-15T18:14:46.041+0000] {processor.py:175} INFO - Processing /home/airflow/.local/lib/python3.7/site-packages/airflow/example_dags/example_branch_operator.py took 0.116 seconds
[2023-06-15T18:15:16.568+0000] {processor.py:153} INFO - Started process (PID=1907) to work on /home/airflow/.local/lib/python3.7/site-packages/airflow/example_dags/example_branch_operator.py
[2023-06-15T18:15:16.569+0000] {processor.py:743} INFO - Processing file /home/airflow/.local/lib/python3.7/site-packages/airflow/example_dags/example_branch_operator.py for tasks to queue
[2023-06-15T18:15:16.570+0000] {logging_mixin.py:137} INFO - [2023-06-15T18:15:16.570+0000] {dagbag.py:538} INFO - Filling up the DagBag from /home/airflow/.local/lib/python3.7/site-packages/airflow/example_dags/example_branch_operator.py
[2023-06-15T18:15:16.585+0000] {processor.py:753} INFO - DAG(s) dict_keys(['example_branch_operator']) retrieved from /home/airflow/.local/lib/python3.7/site-packages/airflow/example_dags/example_branch_operator.py
[2023-06-15T18:15:16.610+0000] {logging_mixin.py:137} INFO - [2023-06-15T18:15:16.610+0000] {dag.py:2690} INFO - Sync 1 DAGs
[2023-06-15T18:15:16.630+0000] {logging_mixin.py:137} INFO - [2023-06-15T18:15:16.630+0000] {dag.py:3441} INFO - Setting next_dagrun for example_branch_operator to 2023-06-14T00:00:00+00:00, run_after=2023-06-15T00:00:00+00:00
[2023-06-15T18:15:16.644+0000] {processor.py:175} INFO - Processing /home/airflow/.local/lib/python3.7/site-packages/airflow/example_dags/example_branch_operator.py took 0.079 seconds
[2023-06-15T18:15:46.796+0000] {processor.py:153} INFO - Started process (PID=1986) to work on /home/airflow/.local/lib/python3.7/site-packages/airflow/example_dags/example_branch_operator.py
[2023-06-15T18:15:46.798+0000] {processor.py:743} INFO - Processing file /home/airflow/.local/lib/python3.7/site-packages/airflow/example_dags/example_branch_operator.py for tasks to queue
[2023-06-15T18:15:46.799+0000] {logging_mixin.py:137} INFO - [2023-06-15T18:15:46.799+0000] {dagbag.py:538} INFO - Filling up the DagBag from /home/airflow/.local/lib/python3.7/site-packages/airflow/example_dags/example_branch_operator.py
[2023-06-15T18:15:46.813+0000] {processor.py:753} INFO - DAG(s) dict_keys(['example_branch_operator']) retrieved from /home/airflow/.local/lib/python3.7/site-packages/airflow/example_dags/example_branch_operator.py
[2023-06-15T18:15:46.839+0000] {logging_mixin.py:137} INFO - [2023-06-15T18:15:46.839+0000] {dag.py:2690} INFO - Sync 1 DAGs
[2023-06-15T18:15:46.859+0000] {logging_mixin.py:137} INFO - [2023-06-15T18:15:46.859+0000] {dag.py:3441} INFO - Setting next_dagrun for example_branch_operator to 2023-06-14T00:00:00+00:00, run_after=2023-06-15T00:00:00+00:00
[2023-06-15T18:15:46.875+0000] {processor.py:175} INFO - Processing /home/airflow/.local/lib/python3.7/site-packages/airflow/example_dags/example_branch_operator.py took 0.082 seconds
[2023-06-15T18:16:17.595+0000] {processor.py:153} INFO - Started process (PID=2063) to work on /home/airflow/.local/lib/python3.7/site-packages/airflow/example_dags/example_branch_operator.py
[2023-06-15T18:16:17.597+0000] {processor.py:743} INFO - Processing file /home/airflow/.local/lib/python3.7/site-packages/airflow/example_dags/example_branch_operator.py for tasks to queue
[2023-06-15T18:16:17.598+0000] {logging_mixin.py:137} INFO - [2023-06-15T18:16:17.598+0000] {dagbag.py:538} INFO - Filling up the DagBag from /home/airflow/.local/lib/python3.7/site-packages/airflow/example_dags/example_branch_operator.py
[2023-06-15T18:16:17.612+0000] {processor.py:753} INFO - DAG(s) dict_keys(['example_branch_operator']) retrieved from /home/airflow/.local/lib/python3.7/site-packages/airflow/example_dags/example_branch_operator.py
[2023-06-15T18:16:17.638+0000] {logging_mixin.py:137} INFO - [2023-06-15T18:16:17.638+0000] {dag.py:2690} INFO - Sync 1 DAGs
[2023-06-15T18:16:17.659+0000] {logging_mixin.py:137} INFO - [2023-06-15T18:16:17.659+0000] {dag.py:3441} INFO - Setting next_dagrun for example_branch_operator to 2023-06-14T00:00:00+00:00, run_after=2023-06-15T00:00:00+00:00
[2023-06-15T18:16:17.673+0000] {processor.py:175} INFO - Processing /home/airflow/.local/lib/python3.7/site-packages/airflow/example_dags/example_branch_operator.py took 0.082 seconds
[2023-06-15T18:16:48.051+0000] {processor.py:153} INFO - Started process (PID=2128) to work on /home/airflow/.local/lib/python3.7/site-packages/airflow/example_dags/example_branch_operator.py
[2023-06-15T18:16:48.053+0000] {processor.py:743} INFO - Processing file /home/airflow/.local/lib/python3.7/site-packages/airflow/example_dags/example_branch_operator.py for tasks to queue
[2023-06-15T18:16:48.054+0000] {logging_mixin.py:137} INFO - [2023-06-15T18:16:48.054+0000] {dagbag.py:538} INFO - Filling up the DagBag from /home/airflow/.local/lib/python3.7/site-packages/airflow/example_dags/example_branch_operator.py
[2023-06-15T18:16:48.068+0000] {processor.py:753} INFO - DAG(s) dict_keys(['example_branch_operator']) retrieved from /home/airflow/.local/lib/python3.7/site-packages/airflow/example_dags/example_branch_operator.py
[2023-06-15T18:16:48.094+0000] {logging_mixin.py:137} INFO - [2023-06-15T18:16:48.094+0000] {dag.py:2690} INFO - Sync 1 DAGs
[2023-06-15T18:16:48.116+0000] {logging_mixin.py:137} INFO - [2023-06-15T18:16:48.116+0000] {dag.py:3441} INFO - Setting next_dagrun for example_branch_operator to 2023-06-14T00:00:00+00:00, run_after=2023-06-15T00:00:00+00:00
[2023-06-15T18:16:48.131+0000] {processor.py:175} INFO - Processing /home/airflow/.local/lib/python3.7/site-packages/airflow/example_dags/example_branch_operator.py took 0.082 seconds
[2023-06-15T18:17:18.645+0000] {processor.py:153} INFO - Started process (PID=2205) to work on /home/airflow/.local/lib/python3.7/site-packages/airflow/example_dags/example_branch_operator.py
[2023-06-15T18:17:18.647+0000] {processor.py:743} INFO - Processing file /home/airflow/.local/lib/python3.7/site-packages/airflow/example_dags/example_branch_operator.py for tasks to queue
[2023-06-15T18:17:18.648+0000] {logging_mixin.py:137} INFO - [2023-06-15T18:17:18.648+0000] {dagbag.py:538} INFO - Filling up the DagBag from /home/airflow/.local/lib/python3.7/site-packages/airflow/example_dags/example_branch_operator.py
[2023-06-15T18:17:18.671+0000] {processor.py:753} INFO - DAG(s) dict_keys(['example_branch_operator']) retrieved from /home/airflow/.local/lib/python3.7/site-packages/airflow/example_dags/example_branch_operator.py
[2023-06-15T18:17:18.703+0000] {logging_mixin.py:137} INFO - [2023-06-15T18:17:18.702+0000] {dag.py:2690} INFO - Sync 1 DAGs
[2023-06-15T18:17:18.725+0000] {logging_mixin.py:137} INFO - [2023-06-15T18:17:18.725+0000] {dag.py:3441} INFO - Setting next_dagrun for example_branch_operator to 2023-06-14T00:00:00+00:00, run_after=2023-06-15T00:00:00+00:00
[2023-06-15T18:17:18.741+0000] {processor.py:175} INFO - Processing /home/airflow/.local/lib/python3.7/site-packages/airflow/example_dags/example_branch_operator.py took 0.101 seconds
[2023-06-15T18:17:49.056+0000] {processor.py:153} INFO - Started process (PID=2272) to work on /home/airflow/.local/lib/python3.7/site-packages/airflow/example_dags/example_branch_operator.py
[2023-06-15T18:17:49.058+0000] {processor.py:743} INFO - Processing file /home/airflow/.local/lib/python3.7/site-packages/airflow/example_dags/example_branch_operator.py for tasks to queue
[2023-06-15T18:17:49.059+0000] {logging_mixin.py:137} INFO - [2023-06-15T18:17:49.059+0000] {dagbag.py:538} INFO - Filling up the DagBag from /home/airflow/.local/lib/python3.7/site-packages/airflow/example_dags/example_branch_operator.py
[2023-06-15T18:17:49.076+0000] {processor.py:753} INFO - DAG(s) dict_keys(['example_branch_operator']) retrieved from /home/airflow/.local/lib/python3.7/site-packages/airflow/example_dags/example_branch_operator.py
[2023-06-15T18:17:49.103+0000] {logging_mixin.py:137} INFO - [2023-06-15T18:17:49.103+0000] {dag.py:2690} INFO - Sync 1 DAGs
[2023-06-15T18:17:49.124+0000] {logging_mixin.py:137} INFO - [2023-06-15T18:17:49.124+0000] {dag.py:3441} INFO - Setting next_dagrun for example_branch_operator to 2023-06-14T00:00:00+00:00, run_after=2023-06-15T00:00:00+00:00
[2023-06-15T18:17:49.139+0000] {processor.py:175} INFO - Processing /home/airflow/.local/lib/python3.7/site-packages/airflow/example_dags/example_branch_operator.py took 0.086 seconds
[2023-06-15T18:44:51.763+0000] {processor.py:153} INFO - Started process (PID=2286) to work on /home/airflow/.local/lib/python3.7/site-packages/airflow/example_dags/example_branch_operator.py
[2023-06-15T18:44:51.765+0000] {processor.py:743} INFO - Processing file /home/airflow/.local/lib/python3.7/site-packages/airflow/example_dags/example_branch_operator.py for tasks to queue
[2023-06-15T18:44:51.766+0000] {logging_mixin.py:137} INFO - [2023-06-15T18:44:51.766+0000] {dagbag.py:538} INFO - Filling up the DagBag from /home/airflow/.local/lib/python3.7/site-packages/airflow/example_dags/example_branch_operator.py
[2023-06-15T18:44:51.785+0000] {processor.py:753} INFO - DAG(s) dict_keys(['example_branch_operator']) retrieved from /home/airflow/.local/lib/python3.7/site-packages/airflow/example_dags/example_branch_operator.py
[2023-06-15T18:44:51.813+0000] {logging_mixin.py:137} INFO - [2023-06-15T18:44:51.813+0000] {dag.py:2690} INFO - Sync 1 DAGs
[2023-06-15T18:44:51.839+0000] {logging_mixin.py:137} INFO - [2023-06-15T18:44:51.839+0000] {dag.py:3441} INFO - Setting next_dagrun for example_branch_operator to 2023-06-14T00:00:00+00:00, run_after=2023-06-15T00:00:00+00:00
[2023-06-15T18:44:51.915+0000] {processor.py:175} INFO - Processing /home/airflow/.local/lib/python3.7/site-packages/airflow/example_dags/example_branch_operator.py took 0.159 seconds
[2023-06-15T18:45:22.844+0000] {processor.py:153} INFO - Started process (PID=2354) to work on /home/airflow/.local/lib/python3.7/site-packages/airflow/example_dags/example_branch_operator.py
[2023-06-15T18:45:22.845+0000] {processor.py:743} INFO - Processing file /home/airflow/.local/lib/python3.7/site-packages/airflow/example_dags/example_branch_operator.py for tasks to queue
[2023-06-15T18:45:22.847+0000] {logging_mixin.py:137} INFO - [2023-06-15T18:45:22.847+0000] {dagbag.py:538} INFO - Filling up the DagBag from /home/airflow/.local/lib/python3.7/site-packages/airflow/example_dags/example_branch_operator.py
[2023-06-15T18:45:22.865+0000] {processor.py:753} INFO - DAG(s) dict_keys(['example_branch_operator']) retrieved from /home/airflow/.local/lib/python3.7/site-packages/airflow/example_dags/example_branch_operator.py
[2023-06-15T18:45:22.893+0000] {logging_mixin.py:137} INFO - [2023-06-15T18:45:22.893+0000] {dag.py:2690} INFO - Sync 1 DAGs
[2023-06-15T18:45:22.916+0000] {logging_mixin.py:137} INFO - [2023-06-15T18:45:22.916+0000] {dag.py:3441} INFO - Setting next_dagrun for example_branch_operator to 2023-06-14T00:00:00+00:00, run_after=2023-06-15T00:00:00+00:00
[2023-06-15T18:45:22.932+0000] {processor.py:175} INFO - Processing /home/airflow/.local/lib/python3.7/site-packages/airflow/example_dags/example_branch_operator.py took 0.093 seconds
[2023-06-15T18:45:53.449+0000] {processor.py:153} INFO - Started process (PID=2431) to work on /home/airflow/.local/lib/python3.7/site-packages/airflow/example_dags/example_branch_operator.py
[2023-06-15T18:45:53.451+0000] {processor.py:743} INFO - Processing file /home/airflow/.local/lib/python3.7/site-packages/airflow/example_dags/example_branch_operator.py for tasks to queue
[2023-06-15T18:45:53.453+0000] {logging_mixin.py:137} INFO - [2023-06-15T18:45:53.452+0000] {dagbag.py:538} INFO - Filling up the DagBag from /home/airflow/.local/lib/python3.7/site-packages/airflow/example_dags/example_branch_operator.py
[2023-06-15T18:45:53.470+0000] {processor.py:753} INFO - DAG(s) dict_keys(['example_branch_operator']) retrieved from /home/airflow/.local/lib/python3.7/site-packages/airflow/example_dags/example_branch_operator.py
[2023-06-15T18:45:53.498+0000] {logging_mixin.py:137} INFO - [2023-06-15T18:45:53.498+0000] {dag.py:2690} INFO - Sync 1 DAGs
[2023-06-15T18:45:53.519+0000] {logging_mixin.py:137} INFO - [2023-06-15T18:45:53.519+0000] {dag.py:3441} INFO - Setting next_dagrun for example_branch_operator to 2023-06-14T00:00:00+00:00, run_after=2023-06-15T00:00:00+00:00
[2023-06-15T18:45:53.535+0000] {processor.py:175} INFO - Processing /home/airflow/.local/lib/python3.7/site-packages/airflow/example_dags/example_branch_operator.py took 0.090 seconds
[2023-06-15T18:46:24.440+0000] {processor.py:153} INFO - Started process (PID=2496) to work on /home/airflow/.local/lib/python3.7/site-packages/airflow/example_dags/example_branch_operator.py
[2023-06-15T18:46:24.442+0000] {processor.py:743} INFO - Processing file /home/airflow/.local/lib/python3.7/site-packages/airflow/example_dags/example_branch_operator.py for tasks to queue
[2023-06-15T18:46:24.443+0000] {logging_mixin.py:137} INFO - [2023-06-15T18:46:24.443+0000] {dagbag.py:538} INFO - Filling up the DagBag from /home/airflow/.local/lib/python3.7/site-packages/airflow/example_dags/example_branch_operator.py
[2023-06-15T18:46:24.458+0000] {processor.py:753} INFO - DAG(s) dict_keys(['example_branch_operator']) retrieved from /home/airflow/.local/lib/python3.7/site-packages/airflow/example_dags/example_branch_operator.py
[2023-06-15T18:46:24.484+0000] {logging_mixin.py:137} INFO - [2023-06-15T18:46:24.484+0000] {dag.py:2690} INFO - Sync 1 DAGs
[2023-06-15T18:46:24.509+0000] {logging_mixin.py:137} INFO - [2023-06-15T18:46:24.509+0000] {dag.py:3441} INFO - Setting next_dagrun for example_branch_operator to 2023-06-14T00:00:00+00:00, run_after=2023-06-15T00:00:00+00:00
[2023-06-15T18:46:24.531+0000] {processor.py:175} INFO - Processing /home/airflow/.local/lib/python3.7/site-packages/airflow/example_dags/example_branch_operator.py took 0.093 seconds
[2023-06-15T18:46:54.618+0000] {processor.py:153} INFO - Started process (PID=2572) to work on /home/airflow/.local/lib/python3.7/site-packages/airflow/example_dags/example_branch_operator.py
[2023-06-15T18:46:54.619+0000] {processor.py:743} INFO - Processing file /home/airflow/.local/lib/python3.7/site-packages/airflow/example_dags/example_branch_operator.py for tasks to queue
[2023-06-15T18:46:54.621+0000] {logging_mixin.py:137} INFO - [2023-06-15T18:46:54.621+0000] {dagbag.py:538} INFO - Filling up the DagBag from /home/airflow/.local/lib/python3.7/site-packages/airflow/example_dags/example_branch_operator.py
[2023-06-15T18:46:54.638+0000] {processor.py:753} INFO - DAG(s) dict_keys(['example_branch_operator']) retrieved from /home/airflow/.local/lib/python3.7/site-packages/airflow/example_dags/example_branch_operator.py
[2023-06-15T18:46:54.663+0000] {logging_mixin.py:137} INFO - [2023-06-15T18:46:54.663+0000] {dag.py:2690} INFO - Sync 1 DAGs
[2023-06-15T18:46:54.681+0000] {logging_mixin.py:137} INFO - [2023-06-15T18:46:54.681+0000] {dag.py:3441} INFO - Setting next_dagrun for example_branch_operator to 2023-06-14T00:00:00+00:00, run_after=2023-06-15T00:00:00+00:00
[2023-06-15T18:46:54.694+0000] {processor.py:175} INFO - Processing /home/airflow/.local/lib/python3.7/site-packages/airflow/example_dags/example_branch_operator.py took 0.080 seconds
[2023-06-15T18:47:24.723+0000] {processor.py:153} INFO - Started process (PID=2649) to work on /home/airflow/.local/lib/python3.7/site-packages/airflow/example_dags/example_branch_operator.py
[2023-06-15T18:47:24.725+0000] {processor.py:743} INFO - Processing file /home/airflow/.local/lib/python3.7/site-packages/airflow/example_dags/example_branch_operator.py for tasks to queue
[2023-06-15T18:47:24.726+0000] {logging_mixin.py:137} INFO - [2023-06-15T18:47:24.726+0000] {dagbag.py:538} INFO - Filling up the DagBag from /home/airflow/.local/lib/python3.7/site-packages/airflow/example_dags/example_branch_operator.py
[2023-06-15T18:47:24.743+0000] {processor.py:753} INFO - DAG(s) dict_keys(['example_branch_operator']) retrieved from /home/airflow/.local/lib/python3.7/site-packages/airflow/example_dags/example_branch_operator.py
[2023-06-15T18:47:24.771+0000] {logging_mixin.py:137} INFO - [2023-06-15T18:47:24.771+0000] {dag.py:2690} INFO - Sync 1 DAGs
[2023-06-15T18:47:24.790+0000] {logging_mixin.py:137} INFO - [2023-06-15T18:47:24.790+0000] {dag.py:3441} INFO - Setting next_dagrun for example_branch_operator to 2023-06-14T00:00:00+00:00, run_after=2023-06-15T00:00:00+00:00
[2023-06-15T18:47:24.803+0000] {processor.py:175} INFO - Processing /home/airflow/.local/lib/python3.7/site-packages/airflow/example_dags/example_branch_operator.py took 0.086 seconds
[2023-06-15T18:47:55.581+0000] {processor.py:153} INFO - Started process (PID=2714) to work on /home/airflow/.local/lib/python3.7/site-packages/airflow/example_dags/example_branch_operator.py
[2023-06-15T18:47:55.582+0000] {processor.py:743} INFO - Processing file /home/airflow/.local/lib/python3.7/site-packages/airflow/example_dags/example_branch_operator.py for tasks to queue
[2023-06-15T18:47:55.583+0000] {logging_mixin.py:137} INFO - [2023-06-15T18:47:55.583+0000] {dagbag.py:538} INFO - Filling up the DagBag from /home/airflow/.local/lib/python3.7/site-packages/airflow/example_dags/example_branch_operator.py
[2023-06-15T18:47:55.597+0000] {processor.py:753} INFO - DAG(s) dict_keys(['example_branch_operator']) retrieved from /home/airflow/.local/lib/python3.7/site-packages/airflow/example_dags/example_branch_operator.py
[2023-06-15T18:47:55.622+0000] {logging_mixin.py:137} INFO - [2023-06-15T18:47:55.622+0000] {dag.py:2690} INFO - Sync 1 DAGs
[2023-06-15T18:47:55.642+0000] {logging_mixin.py:137} INFO - [2023-06-15T18:47:55.642+0000] {dag.py:3441} INFO - Setting next_dagrun for example_branch_operator to 2023-06-14T00:00:00+00:00, run_after=2023-06-15T00:00:00+00:00
[2023-06-15T18:47:55.656+0000] {processor.py:175} INFO - Processing /home/airflow/.local/lib/python3.7/site-packages/airflow/example_dags/example_branch_operator.py took 0.079 seconds
[2023-06-15T18:48:29.837+0000] {processor.py:153} INFO - Started process (PID=2793) to work on /home/airflow/.local/lib/python3.7/site-packages/airflow/example_dags/example_branch_operator.py
[2023-06-15T18:48:29.839+0000] {processor.py:743} INFO - Processing file /home/airflow/.local/lib/python3.7/site-packages/airflow/example_dags/example_branch_operator.py for tasks to queue
[2023-06-15T18:48:29.840+0000] {logging_mixin.py:137} INFO - [2023-06-15T18:48:29.839+0000] {dagbag.py:538} INFO - Filling up the DagBag from /home/airflow/.local/lib/python3.7/site-packages/airflow/example_dags/example_branch_operator.py
[2023-06-15T18:48:29.860+0000] {processor.py:753} INFO - DAG(s) dict_keys(['example_branch_operator']) retrieved from /home/airflow/.local/lib/python3.7/site-packages/airflow/example_dags/example_branch_operator.py
[2023-06-15T18:48:29.904+0000] {logging_mixin.py:137} INFO - [2023-06-15T18:48:29.904+0000] {dag.py:2690} INFO - Sync 1 DAGs
[2023-06-15T18:48:29.948+0000] {logging_mixin.py:137} INFO - [2023-06-15T18:48:29.948+0000] {dag.py:3441} INFO - Setting next_dagrun for example_branch_operator to 2023-06-14T00:00:00+00:00, run_after=2023-06-15T00:00:00+00:00
[2023-06-15T18:48:29.966+0000] {processor.py:175} INFO - Processing /home/airflow/.local/lib/python3.7/site-packages/airflow/example_dags/example_branch_operator.py took 0.133 seconds
[2023-06-15T18:49:00.809+0000] {processor.py:153} INFO - Started process (PID=2858) to work on /home/airflow/.local/lib/python3.7/site-packages/airflow/example_dags/example_branch_operator.py
[2023-06-15T18:49:00.811+0000] {processor.py:743} INFO - Processing file /home/airflow/.local/lib/python3.7/site-packages/airflow/example_dags/example_branch_operator.py for tasks to queue
[2023-06-15T18:49:00.812+0000] {logging_mixin.py:137} INFO - [2023-06-15T18:49:00.812+0000] {dagbag.py:538} INFO - Filling up the DagBag from /home/airflow/.local/lib/python3.7/site-packages/airflow/example_dags/example_branch_operator.py
[2023-06-15T18:49:00.830+0000] {processor.py:753} INFO - DAG(s) dict_keys(['example_branch_operator']) retrieved from /home/airflow/.local/lib/python3.7/site-packages/airflow/example_dags/example_branch_operator.py
[2023-06-15T18:49:00.862+0000] {logging_mixin.py:137} INFO - [2023-06-15T18:49:00.861+0000] {dag.py:2690} INFO - Sync 1 DAGs
[2023-06-15T18:49:00.884+0000] {logging_mixin.py:137} INFO - [2023-06-15T18:49:00.884+0000] {dag.py:3441} INFO - Setting next_dagrun for example_branch_operator to 2023-06-14T00:00:00+00:00, run_after=2023-06-15T00:00:00+00:00
[2023-06-15T18:49:00.900+0000] {processor.py:175} INFO - Processing /home/airflow/.local/lib/python3.7/site-packages/airflow/example_dags/example_branch_operator.py took 0.094 seconds
