[2023-06-15T18:01:59.430+0000] {processor.py:153} INFO - Started process (PID=42) to work on /home/airflow/.local/lib/python3.7/site-packages/airflow/example_dags/example_xcomargs.py
[2023-06-15T18:01:59.444+0000] {processor.py:743} INFO - Processing file /home/airflow/.local/lib/python3.7/site-packages/airflow/example_dags/example_xcomargs.py for tasks to queue
[2023-06-15T18:01:59.445+0000] {logging_mixin.py:137} INFO - [2023-06-15T18:01:59.445+0000] {dagbag.py:538} INFO - Filling up the DagBag from /home/airflow/.local/lib/python3.7/site-packages/airflow/example_dags/example_xcomargs.py
[2023-06-15T18:01:59.524+0000] {processor.py:753} INFO - DAG(s) dict_keys(['example_xcom_args_with_operators', 'example_xcom_args']) retrieved from /home/airflow/.local/lib/python3.7/site-packages/airflow/example_dags/example_xcomargs.py
[2023-06-15T18:01:59.555+0000] {logging_mixin.py:137} INFO - [2023-06-15T18:01:59.555+0000] {dag.py:2690} INFO - Sync 2 DAGs
[2023-06-15T18:01:59.615+0000] {logging_mixin.py:137} INFO - [2023-06-15T18:01:59.615+0000] {dag.py:3441} INFO - Setting next_dagrun for example_xcom_args to None, run_after=None
[2023-06-15T18:01:59.623+0000] {logging_mixin.py:137} INFO - [2023-06-15T18:01:59.623+0000] {dag.py:3441} INFO - Setting next_dagrun for example_xcom_args_with_operators to None, run_after=None
[2023-06-15T18:01:59.662+0000] {processor.py:175} INFO - Processing /home/airflow/.local/lib/python3.7/site-packages/airflow/example_dags/example_xcomargs.py took 0.235 seconds
[2023-06-15T18:02:29.765+0000] {processor.py:153} INFO - Started process (PID=111) to work on /home/airflow/.local/lib/python3.7/site-packages/airflow/example_dags/example_xcomargs.py
[2023-06-15T18:02:29.768+0000] {processor.py:743} INFO - Processing file /home/airflow/.local/lib/python3.7/site-packages/airflow/example_dags/example_xcomargs.py for tasks to queue
[2023-06-15T18:02:29.769+0000] {logging_mixin.py:137} INFO - [2023-06-15T18:02:29.769+0000] {dagbag.py:538} INFO - Filling up the DagBag from /home/airflow/.local/lib/python3.7/site-packages/airflow/example_dags/example_xcomargs.py
[2023-06-15T18:02:29.803+0000] {processor.py:753} INFO - DAG(s) dict_keys(['example_xcom_args', 'example_xcom_args_with_operators']) retrieved from /home/airflow/.local/lib/python3.7/site-packages/airflow/example_dags/example_xcomargs.py
[2023-06-15T18:02:29.856+0000] {logging_mixin.py:137} INFO - [2023-06-15T18:02:29.856+0000] {dag.py:2690} INFO - Sync 2 DAGs
[2023-06-15T18:02:29.884+0000] {logging_mixin.py:137} INFO - [2023-06-15T18:02:29.884+0000] {dag.py:3441} INFO - Setting next_dagrun for example_xcom_args to None, run_after=None
[2023-06-15T18:02:29.888+0000] {logging_mixin.py:137} INFO - [2023-06-15T18:02:29.888+0000] {dag.py:3441} INFO - Setting next_dagrun for example_xcom_args_with_operators to None, run_after=None
[2023-06-15T18:02:29.905+0000] {processor.py:175} INFO - Processing /home/airflow/.local/lib/python3.7/site-packages/airflow/example_dags/example_xcomargs.py took 0.145 seconds
[2023-06-15T18:03:00.645+0000] {processor.py:153} INFO - Started process (PID=175) to work on /home/airflow/.local/lib/python3.7/site-packages/airflow/example_dags/example_xcomargs.py
[2023-06-15T18:03:00.646+0000] {processor.py:743} INFO - Processing file /home/airflow/.local/lib/python3.7/site-packages/airflow/example_dags/example_xcomargs.py for tasks to queue
[2023-06-15T18:03:00.647+0000] {logging_mixin.py:137} INFO - [2023-06-15T18:03:00.647+0000] {dagbag.py:538} INFO - Filling up the DagBag from /home/airflow/.local/lib/python3.7/site-packages/airflow/example_dags/example_xcomargs.py
[2023-06-15T18:03:00.673+0000] {processor.py:753} INFO - DAG(s) dict_keys(['example_xcom_args_with_operators', 'example_xcom_args']) retrieved from /home/airflow/.local/lib/python3.7/site-packages/airflow/example_dags/example_xcomargs.py
[2023-06-15T18:03:00.711+0000] {logging_mixin.py:137} INFO - [2023-06-15T18:03:00.710+0000] {dag.py:2690} INFO - Sync 2 DAGs
[2023-06-15T18:03:00.737+0000] {logging_mixin.py:137} INFO - [2023-06-15T18:03:00.737+0000] {dag.py:3441} INFO - Setting next_dagrun for example_xcom_args to None, run_after=None
[2023-06-15T18:03:00.743+0000] {logging_mixin.py:137} INFO - [2023-06-15T18:03:00.743+0000] {dag.py:3441} INFO - Setting next_dagrun for example_xcom_args_with_operators to None, run_after=None
[2023-06-15T18:03:00.758+0000] {processor.py:175} INFO - Processing /home/airflow/.local/lib/python3.7/site-packages/airflow/example_dags/example_xcomargs.py took 0.117 seconds
[2023-06-15T18:03:31.529+0000] {processor.py:153} INFO - Started process (PID=251) to work on /home/airflow/.local/lib/python3.7/site-packages/airflow/example_dags/example_xcomargs.py
[2023-06-15T18:03:31.532+0000] {processor.py:743} INFO - Processing file /home/airflow/.local/lib/python3.7/site-packages/airflow/example_dags/example_xcomargs.py for tasks to queue
[2023-06-15T18:03:31.534+0000] {logging_mixin.py:137} INFO - [2023-06-15T18:03:31.533+0000] {dagbag.py:538} INFO - Filling up the DagBag from /home/airflow/.local/lib/python3.7/site-packages/airflow/example_dags/example_xcomargs.py
[2023-06-15T18:03:31.559+0000] {processor.py:753} INFO - DAG(s) dict_keys(['example_xcom_args', 'example_xcom_args_with_operators']) retrieved from /home/airflow/.local/lib/python3.7/site-packages/airflow/example_dags/example_xcomargs.py
[2023-06-15T18:03:31.590+0000] {logging_mixin.py:137} INFO - [2023-06-15T18:03:31.590+0000] {dag.py:2690} INFO - Sync 2 DAGs
[2023-06-15T18:03:31.613+0000] {logging_mixin.py:137} INFO - [2023-06-15T18:03:31.613+0000] {dag.py:3441} INFO - Setting next_dagrun for example_xcom_args to None, run_after=None
[2023-06-15T18:03:31.617+0000] {logging_mixin.py:137} INFO - [2023-06-15T18:03:31.616+0000] {dag.py:3441} INFO - Setting next_dagrun for example_xcom_args_with_operators to None, run_after=None
[2023-06-15T18:03:31.630+0000] {processor.py:175} INFO - Processing /home/airflow/.local/lib/python3.7/site-packages/airflow/example_dags/example_xcomargs.py took 0.107 seconds
[2023-06-15T18:04:02.326+0000] {processor.py:153} INFO - Started process (PID=328) to work on /home/airflow/.local/lib/python3.7/site-packages/airflow/example_dags/example_xcomargs.py
[2023-06-15T18:04:02.328+0000] {processor.py:743} INFO - Processing file /home/airflow/.local/lib/python3.7/site-packages/airflow/example_dags/example_xcomargs.py for tasks to queue
[2023-06-15T18:04:02.330+0000] {logging_mixin.py:137} INFO - [2023-06-15T18:04:02.330+0000] {dagbag.py:538} INFO - Filling up the DagBag from /home/airflow/.local/lib/python3.7/site-packages/airflow/example_dags/example_xcomargs.py
[2023-06-15T18:04:02.363+0000] {processor.py:753} INFO - DAG(s) dict_keys(['example_xcom_args_with_operators', 'example_xcom_args']) retrieved from /home/airflow/.local/lib/python3.7/site-packages/airflow/example_dags/example_xcomargs.py
[2023-06-15T18:04:02.413+0000] {logging_mixin.py:137} INFO - [2023-06-15T18:04:02.412+0000] {dag.py:2690} INFO - Sync 2 DAGs
[2023-06-15T18:04:02.440+0000] {logging_mixin.py:137} INFO - [2023-06-15T18:04:02.440+0000] {dag.py:3441} INFO - Setting next_dagrun for example_xcom_args to None, run_after=None
[2023-06-15T18:04:02.445+0000] {logging_mixin.py:137} INFO - [2023-06-15T18:04:02.444+0000] {dag.py:3441} INFO - Setting next_dagrun for example_xcom_args_with_operators to None, run_after=None
[2023-06-15T18:04:02.476+0000] {processor.py:175} INFO - Processing /home/airflow/.local/lib/python3.7/site-packages/airflow/example_dags/example_xcomargs.py took 0.153 seconds
[2023-06-15T18:04:32.969+0000] {processor.py:153} INFO - Started process (PID=392) to work on /home/airflow/.local/lib/python3.7/site-packages/airflow/example_dags/example_xcomargs.py
[2023-06-15T18:04:32.970+0000] {processor.py:743} INFO - Processing file /home/airflow/.local/lib/python3.7/site-packages/airflow/example_dags/example_xcomargs.py for tasks to queue
[2023-06-15T18:04:32.973+0000] {logging_mixin.py:137} INFO - [2023-06-15T18:04:32.973+0000] {dagbag.py:538} INFO - Filling up the DagBag from /home/airflow/.local/lib/python3.7/site-packages/airflow/example_dags/example_xcomargs.py
[2023-06-15T18:04:33.002+0000] {processor.py:753} INFO - DAG(s) dict_keys(['example_xcom_args', 'example_xcom_args_with_operators']) retrieved from /home/airflow/.local/lib/python3.7/site-packages/airflow/example_dags/example_xcomargs.py
[2023-06-15T18:04:33.036+0000] {logging_mixin.py:137} INFO - [2023-06-15T18:04:33.036+0000] {dag.py:2690} INFO - Sync 2 DAGs
[2023-06-15T18:04:33.059+0000] {logging_mixin.py:137} INFO - [2023-06-15T18:04:33.059+0000] {dag.py:3441} INFO - Setting next_dagrun for example_xcom_args to None, run_after=None
[2023-06-15T18:04:33.064+0000] {logging_mixin.py:137} INFO - [2023-06-15T18:04:33.063+0000] {dag.py:3441} INFO - Setting next_dagrun for example_xcom_args_with_operators to None, run_after=None
[2023-06-15T18:04:33.077+0000] {processor.py:175} INFO - Processing /home/airflow/.local/lib/python3.7/site-packages/airflow/example_dags/example_xcomargs.py took 0.113 seconds
[2023-06-15T18:05:03.673+0000] {processor.py:153} INFO - Started process (PID=470) to work on /home/airflow/.local/lib/python3.7/site-packages/airflow/example_dags/example_xcomargs.py
[2023-06-15T18:05:03.674+0000] {processor.py:743} INFO - Processing file /home/airflow/.local/lib/python3.7/site-packages/airflow/example_dags/example_xcomargs.py for tasks to queue
[2023-06-15T18:05:03.675+0000] {logging_mixin.py:137} INFO - [2023-06-15T18:05:03.675+0000] {dagbag.py:538} INFO - Filling up the DagBag from /home/airflow/.local/lib/python3.7/site-packages/airflow/example_dags/example_xcomargs.py
[2023-06-15T18:05:03.702+0000] {processor.py:753} INFO - DAG(s) dict_keys(['example_xcom_args_with_operators', 'example_xcom_args']) retrieved from /home/airflow/.local/lib/python3.7/site-packages/airflow/example_dags/example_xcomargs.py
[2023-06-15T18:05:03.735+0000] {logging_mixin.py:137} INFO - [2023-06-15T18:05:03.735+0000] {dag.py:2690} INFO - Sync 2 DAGs
[2023-06-15T18:05:03.770+0000] {logging_mixin.py:137} INFO - [2023-06-15T18:05:03.769+0000] {dag.py:3441} INFO - Setting next_dagrun for example_xcom_args to None, run_after=None
[2023-06-15T18:05:03.773+0000] {logging_mixin.py:137} INFO - [2023-06-15T18:05:03.773+0000] {dag.py:3441} INFO - Setting next_dagrun for example_xcom_args_with_operators to None, run_after=None
[2023-06-15T18:05:03.787+0000] {processor.py:175} INFO - Processing /home/airflow/.local/lib/python3.7/site-packages/airflow/example_dags/example_xcomargs.py took 0.117 seconds
[2023-06-15T18:05:34.419+0000] {processor.py:153} INFO - Started process (PID=533) to work on /home/airflow/.local/lib/python3.7/site-packages/airflow/example_dags/example_xcomargs.py
[2023-06-15T18:05:34.421+0000] {processor.py:743} INFO - Processing file /home/airflow/.local/lib/python3.7/site-packages/airflow/example_dags/example_xcomargs.py for tasks to queue
[2023-06-15T18:05:34.422+0000] {logging_mixin.py:137} INFO - [2023-06-15T18:05:34.421+0000] {dagbag.py:538} INFO - Filling up the DagBag from /home/airflow/.local/lib/python3.7/site-packages/airflow/example_dags/example_xcomargs.py
[2023-06-15T18:05:34.440+0000] {processor.py:753} INFO - DAG(s) dict_keys(['example_xcom_args', 'example_xcom_args_with_operators']) retrieved from /home/airflow/.local/lib/python3.7/site-packages/airflow/example_dags/example_xcomargs.py
[2023-06-15T18:05:34.466+0000] {logging_mixin.py:137} INFO - [2023-06-15T18:05:34.466+0000] {dag.py:2690} INFO - Sync 2 DAGs
[2023-06-15T18:05:34.484+0000] {logging_mixin.py:137} INFO - [2023-06-15T18:05:34.484+0000] {dag.py:3441} INFO - Setting next_dagrun for example_xcom_args to None, run_after=None
[2023-06-15T18:05:34.487+0000] {logging_mixin.py:137} INFO - [2023-06-15T18:05:34.487+0000] {dag.py:3441} INFO - Setting next_dagrun for example_xcom_args_with_operators to None, run_after=None
[2023-06-15T18:05:34.499+0000] {processor.py:175} INFO - Processing /home/airflow/.local/lib/python3.7/site-packages/airflow/example_dags/example_xcomargs.py took 0.083 seconds
[2023-06-15T18:06:05.192+0000] {processor.py:153} INFO - Started process (PID=610) to work on /home/airflow/.local/lib/python3.7/site-packages/airflow/example_dags/example_xcomargs.py
[2023-06-15T18:06:05.194+0000] {processor.py:743} INFO - Processing file /home/airflow/.local/lib/python3.7/site-packages/airflow/example_dags/example_xcomargs.py for tasks to queue
[2023-06-15T18:06:05.196+0000] {logging_mixin.py:137} INFO - [2023-06-15T18:06:05.195+0000] {dagbag.py:538} INFO - Filling up the DagBag from /home/airflow/.local/lib/python3.7/site-packages/airflow/example_dags/example_xcomargs.py
[2023-06-15T18:06:05.222+0000] {processor.py:753} INFO - DAG(s) dict_keys(['example_xcom_args', 'example_xcom_args_with_operators']) retrieved from /home/airflow/.local/lib/python3.7/site-packages/airflow/example_dags/example_xcomargs.py
[2023-06-15T18:06:05.257+0000] {logging_mixin.py:137} INFO - [2023-06-15T18:06:05.257+0000] {dag.py:2690} INFO - Sync 2 DAGs
[2023-06-15T18:06:05.280+0000] {logging_mixin.py:137} INFO - [2023-06-15T18:06:05.280+0000] {dag.py:3441} INFO - Setting next_dagrun for example_xcom_args to None, run_after=None
[2023-06-15T18:06:05.283+0000] {logging_mixin.py:137} INFO - [2023-06-15T18:06:05.283+0000] {dag.py:3441} INFO - Setting next_dagrun for example_xcom_args_with_operators to None, run_after=None
[2023-06-15T18:06:05.299+0000] {processor.py:175} INFO - Processing /home/airflow/.local/lib/python3.7/site-packages/airflow/example_dags/example_xcomargs.py took 0.112 seconds
[2023-06-15T18:06:35.444+0000] {processor.py:153} INFO - Started process (PID=685) to work on /home/airflow/.local/lib/python3.7/site-packages/airflow/example_dags/example_xcomargs.py
[2023-06-15T18:06:35.446+0000] {processor.py:743} INFO - Processing file /home/airflow/.local/lib/python3.7/site-packages/airflow/example_dags/example_xcomargs.py for tasks to queue
[2023-06-15T18:06:35.447+0000] {logging_mixin.py:137} INFO - [2023-06-15T18:06:35.447+0000] {dagbag.py:538} INFO - Filling up the DagBag from /home/airflow/.local/lib/python3.7/site-packages/airflow/example_dags/example_xcomargs.py
[2023-06-15T18:06:35.466+0000] {processor.py:753} INFO - DAG(s) dict_keys(['example_xcom_args', 'example_xcom_args_with_operators']) retrieved from /home/airflow/.local/lib/python3.7/site-packages/airflow/example_dags/example_xcomargs.py
[2023-06-15T18:06:35.493+0000] {logging_mixin.py:137} INFO - [2023-06-15T18:06:35.493+0000] {dag.py:2690} INFO - Sync 2 DAGs
[2023-06-15T18:06:35.512+0000] {logging_mixin.py:137} INFO - [2023-06-15T18:06:35.512+0000] {dag.py:3441} INFO - Setting next_dagrun for example_xcom_args to None, run_after=None
[2023-06-15T18:06:35.515+0000] {logging_mixin.py:137} INFO - [2023-06-15T18:06:35.515+0000] {dag.py:3441} INFO - Setting next_dagrun for example_xcom_args_with_operators to None, run_after=None
[2023-06-15T18:06:35.528+0000] {processor.py:175} INFO - Processing /home/airflow/.local/lib/python3.7/site-packages/airflow/example_dags/example_xcomargs.py took 0.086 seconds
[2023-06-15T18:07:05.933+0000] {processor.py:153} INFO - Started process (PID=750) to work on /home/airflow/.local/lib/python3.7/site-packages/airflow/example_dags/example_xcomargs.py
[2023-06-15T18:07:05.935+0000] {processor.py:743} INFO - Processing file /home/airflow/.local/lib/python3.7/site-packages/airflow/example_dags/example_xcomargs.py for tasks to queue
[2023-06-15T18:07:05.936+0000] {logging_mixin.py:137} INFO - [2023-06-15T18:07:05.936+0000] {dagbag.py:538} INFO - Filling up the DagBag from /home/airflow/.local/lib/python3.7/site-packages/airflow/example_dags/example_xcomargs.py
[2023-06-15T18:07:05.957+0000] {processor.py:753} INFO - DAG(s) dict_keys(['example_xcom_args', 'example_xcom_args_with_operators']) retrieved from /home/airflow/.local/lib/python3.7/site-packages/airflow/example_dags/example_xcomargs.py
[2023-06-15T18:07:05.986+0000] {logging_mixin.py:137} INFO - [2023-06-15T18:07:05.985+0000] {dag.py:2690} INFO - Sync 2 DAGs
[2023-06-15T18:07:06.005+0000] {logging_mixin.py:137} INFO - [2023-06-15T18:07:06.005+0000] {dag.py:3441} INFO - Setting next_dagrun for example_xcom_args to None, run_after=None
[2023-06-15T18:07:06.009+0000] {logging_mixin.py:137} INFO - [2023-06-15T18:07:06.009+0000] {dag.py:3441} INFO - Setting next_dagrun for example_xcom_args_with_operators to None, run_after=None
[2023-06-15T18:07:06.025+0000] {processor.py:175} INFO - Processing /home/airflow/.local/lib/python3.7/site-packages/airflow/example_dags/example_xcomargs.py took 0.095 seconds
[2023-06-15T18:07:36.741+0000] {processor.py:153} INFO - Started process (PID=827) to work on /home/airflow/.local/lib/python3.7/site-packages/airflow/example_dags/example_xcomargs.py
[2023-06-15T18:07:36.744+0000] {processor.py:743} INFO - Processing file /home/airflow/.local/lib/python3.7/site-packages/airflow/example_dags/example_xcomargs.py for tasks to queue
[2023-06-15T18:07:36.745+0000] {logging_mixin.py:137} INFO - [2023-06-15T18:07:36.745+0000] {dagbag.py:538} INFO - Filling up the DagBag from /home/airflow/.local/lib/python3.7/site-packages/airflow/example_dags/example_xcomargs.py
[2023-06-15T18:07:36.769+0000] {processor.py:753} INFO - DAG(s) dict_keys(['example_xcom_args_with_operators', 'example_xcom_args']) retrieved from /home/airflow/.local/lib/python3.7/site-packages/airflow/example_dags/example_xcomargs.py
[2023-06-15T18:07:36.797+0000] {logging_mixin.py:137} INFO - [2023-06-15T18:07:36.797+0000] {dag.py:2690} INFO - Sync 2 DAGs
[2023-06-15T18:07:36.816+0000] {logging_mixin.py:137} INFO - [2023-06-15T18:07:36.816+0000] {dag.py:3441} INFO - Setting next_dagrun for example_xcom_args to None, run_after=None
[2023-06-15T18:07:36.819+0000] {logging_mixin.py:137} INFO - [2023-06-15T18:07:36.819+0000] {dag.py:3441} INFO - Setting next_dagrun for example_xcom_args_with_operators to None, run_after=None
[2023-06-15T18:07:36.831+0000] {processor.py:175} INFO - Processing /home/airflow/.local/lib/python3.7/site-packages/airflow/example_dags/example_xcomargs.py took 0.096 seconds
[2023-06-15T18:08:07.018+0000] {processor.py:153} INFO - Started process (PID=900) to work on /home/airflow/.local/lib/python3.7/site-packages/airflow/example_dags/example_xcomargs.py
[2023-06-15T18:08:07.020+0000] {processor.py:743} INFO - Processing file /home/airflow/.local/lib/python3.7/site-packages/airflow/example_dags/example_xcomargs.py for tasks to queue
[2023-06-15T18:08:07.021+0000] {logging_mixin.py:137} INFO - [2023-06-15T18:08:07.021+0000] {dagbag.py:538} INFO - Filling up the DagBag from /home/airflow/.local/lib/python3.7/site-packages/airflow/example_dags/example_xcomargs.py
[2023-06-15T18:08:07.090+0000] {processor.py:753} INFO - DAG(s) dict_keys(['example_xcom_args_with_operators', 'example_xcom_args']) retrieved from /home/airflow/.local/lib/python3.7/site-packages/airflow/example_dags/example_xcomargs.py
[2023-06-15T18:08:07.167+0000] {logging_mixin.py:137} INFO - [2023-06-15T18:08:07.167+0000] {dag.py:2690} INFO - Sync 2 DAGs
[2023-06-15T18:08:07.190+0000] {logging_mixin.py:137} INFO - [2023-06-15T18:08:07.190+0000] {dag.py:3441} INFO - Setting next_dagrun for example_xcom_args to None, run_after=None
[2023-06-15T18:08:07.195+0000] {logging_mixin.py:137} INFO - [2023-06-15T18:08:07.194+0000] {dag.py:3441} INFO - Setting next_dagrun for example_xcom_args_with_operators to None, run_after=None
[2023-06-15T18:08:07.211+0000] {processor.py:175} INFO - Processing /home/airflow/.local/lib/python3.7/site-packages/airflow/example_dags/example_xcomargs.py took 0.198 seconds
[2023-06-15T18:08:37.943+0000] {processor.py:153} INFO - Started process (PID=967) to work on /home/airflow/.local/lib/python3.7/site-packages/airflow/example_dags/example_xcomargs.py
[2023-06-15T18:08:37.946+0000] {processor.py:743} INFO - Processing file /home/airflow/.local/lib/python3.7/site-packages/airflow/example_dags/example_xcomargs.py for tasks to queue
[2023-06-15T18:08:37.947+0000] {logging_mixin.py:137} INFO - [2023-06-15T18:08:37.947+0000] {dagbag.py:538} INFO - Filling up the DagBag from /home/airflow/.local/lib/python3.7/site-packages/airflow/example_dags/example_xcomargs.py
[2023-06-15T18:08:37.975+0000] {processor.py:753} INFO - DAG(s) dict_keys(['example_xcom_args', 'example_xcom_args_with_operators']) retrieved from /home/airflow/.local/lib/python3.7/site-packages/airflow/example_dags/example_xcomargs.py
[2023-06-15T18:08:38.011+0000] {logging_mixin.py:137} INFO - [2023-06-15T18:08:38.011+0000] {dag.py:2690} INFO - Sync 2 DAGs
[2023-06-15T18:08:38.034+0000] {logging_mixin.py:137} INFO - [2023-06-15T18:08:38.034+0000] {dag.py:3441} INFO - Setting next_dagrun for example_xcom_args to None, run_after=None
[2023-06-15T18:08:38.041+0000] {logging_mixin.py:137} INFO - [2023-06-15T18:08:38.040+0000] {dag.py:3441} INFO - Setting next_dagrun for example_xcom_args_with_operators to None, run_after=None
[2023-06-15T18:08:38.066+0000] {processor.py:175} INFO - Processing /home/airflow/.local/lib/python3.7/site-packages/airflow/example_dags/example_xcomargs.py took 0.128 seconds
[2023-06-15T18:09:08.567+0000] {processor.py:153} INFO - Started process (PID=1043) to work on /home/airflow/.local/lib/python3.7/site-packages/airflow/example_dags/example_xcomargs.py
[2023-06-15T18:09:08.569+0000] {processor.py:743} INFO - Processing file /home/airflow/.local/lib/python3.7/site-packages/airflow/example_dags/example_xcomargs.py for tasks to queue
[2023-06-15T18:09:08.570+0000] {logging_mixin.py:137} INFO - [2023-06-15T18:09:08.570+0000] {dagbag.py:538} INFO - Filling up the DagBag from /home/airflow/.local/lib/python3.7/site-packages/airflow/example_dags/example_xcomargs.py
[2023-06-15T18:09:08.594+0000] {processor.py:753} INFO - DAG(s) dict_keys(['example_xcom_args', 'example_xcom_args_with_operators']) retrieved from /home/airflow/.local/lib/python3.7/site-packages/airflow/example_dags/example_xcomargs.py
[2023-06-15T18:09:08.627+0000] {logging_mixin.py:137} INFO - [2023-06-15T18:09:08.627+0000] {dag.py:2690} INFO - Sync 2 DAGs
[2023-06-15T18:09:08.652+0000] {logging_mixin.py:137} INFO - [2023-06-15T18:09:08.651+0000] {dag.py:3441} INFO - Setting next_dagrun for example_xcom_args to None, run_after=None
[2023-06-15T18:09:08.655+0000] {logging_mixin.py:137} INFO - [2023-06-15T18:09:08.655+0000] {dag.py:3441} INFO - Setting next_dagrun for example_xcom_args_with_operators to None, run_after=None
[2023-06-15T18:09:08.669+0000] {processor.py:175} INFO - Processing /home/airflow/.local/lib/python3.7/site-packages/airflow/example_dags/example_xcomargs.py took 0.107 seconds
[2023-06-15T18:09:39.281+0000] {processor.py:153} INFO - Started process (PID=1107) to work on /home/airflow/.local/lib/python3.7/site-packages/airflow/example_dags/example_xcomargs.py
[2023-06-15T18:09:39.291+0000] {processor.py:743} INFO - Processing file /home/airflow/.local/lib/python3.7/site-packages/airflow/example_dags/example_xcomargs.py for tasks to queue
[2023-06-15T18:09:39.292+0000] {logging_mixin.py:137} INFO - [2023-06-15T18:09:39.292+0000] {dagbag.py:538} INFO - Filling up the DagBag from /home/airflow/.local/lib/python3.7/site-packages/airflow/example_dags/example_xcomargs.py
[2023-06-15T18:09:39.317+0000] {processor.py:753} INFO - DAG(s) dict_keys(['example_xcom_args_with_operators', 'example_xcom_args']) retrieved from /home/airflow/.local/lib/python3.7/site-packages/airflow/example_dags/example_xcomargs.py
[2023-06-15T18:09:39.348+0000] {logging_mixin.py:137} INFO - [2023-06-15T18:09:39.348+0000] {dag.py:2690} INFO - Sync 2 DAGs
[2023-06-15T18:09:39.370+0000] {logging_mixin.py:137} INFO - [2023-06-15T18:09:39.370+0000] {dag.py:3441} INFO - Setting next_dagrun for example_xcom_args to None, run_after=None
[2023-06-15T18:09:39.373+0000] {logging_mixin.py:137} INFO - [2023-06-15T18:09:39.373+0000] {dag.py:3441} INFO - Setting next_dagrun for example_xcom_args_with_operators to None, run_after=None
[2023-06-15T18:09:39.386+0000] {processor.py:175} INFO - Processing /home/airflow/.local/lib/python3.7/site-packages/airflow/example_dags/example_xcomargs.py took 0.109 seconds
[2023-06-15T18:10:09.887+0000] {processor.py:153} INFO - Started process (PID=1183) to work on /home/airflow/.local/lib/python3.7/site-packages/airflow/example_dags/example_xcomargs.py
[2023-06-15T18:10:09.889+0000] {processor.py:743} INFO - Processing file /home/airflow/.local/lib/python3.7/site-packages/airflow/example_dags/example_xcomargs.py for tasks to queue
[2023-06-15T18:10:09.891+0000] {logging_mixin.py:137} INFO - [2023-06-15T18:10:09.890+0000] {dagbag.py:538} INFO - Filling up the DagBag from /home/airflow/.local/lib/python3.7/site-packages/airflow/example_dags/example_xcomargs.py
[2023-06-15T18:10:09.917+0000] {processor.py:753} INFO - DAG(s) dict_keys(['example_xcom_args_with_operators', 'example_xcom_args']) retrieved from /home/airflow/.local/lib/python3.7/site-packages/airflow/example_dags/example_xcomargs.py
[2023-06-15T18:10:09.945+0000] {logging_mixin.py:137} INFO - [2023-06-15T18:10:09.945+0000] {dag.py:2690} INFO - Sync 2 DAGs
[2023-06-15T18:10:09.964+0000] {logging_mixin.py:137} INFO - [2023-06-15T18:10:09.964+0000] {dag.py:3441} INFO - Setting next_dagrun for example_xcom_args to None, run_after=None
[2023-06-15T18:10:09.967+0000] {logging_mixin.py:137} INFO - [2023-06-15T18:10:09.967+0000] {dag.py:3441} INFO - Setting next_dagrun for example_xcom_args_with_operators to None, run_after=None
[2023-06-15T18:10:09.980+0000] {processor.py:175} INFO - Processing /home/airflow/.local/lib/python3.7/site-packages/airflow/example_dags/example_xcomargs.py took 0.096 seconds
[2023-06-15T18:10:40.822+0000] {processor.py:153} INFO - Started process (PID=1259) to work on /home/airflow/.local/lib/python3.7/site-packages/airflow/example_dags/example_xcomargs.py
[2023-06-15T18:10:40.824+0000] {processor.py:743} INFO - Processing file /home/airflow/.local/lib/python3.7/site-packages/airflow/example_dags/example_xcomargs.py for tasks to queue
[2023-06-15T18:10:40.825+0000] {logging_mixin.py:137} INFO - [2023-06-15T18:10:40.825+0000] {dagbag.py:538} INFO - Filling up the DagBag from /home/airflow/.local/lib/python3.7/site-packages/airflow/example_dags/example_xcomargs.py
[2023-06-15T18:10:40.845+0000] {processor.py:753} INFO - DAG(s) dict_keys(['example_xcom_args_with_operators', 'example_xcom_args']) retrieved from /home/airflow/.local/lib/python3.7/site-packages/airflow/example_dags/example_xcomargs.py
[2023-06-15T18:10:40.871+0000] {logging_mixin.py:137} INFO - [2023-06-15T18:10:40.871+0000] {dag.py:2690} INFO - Sync 2 DAGs
[2023-06-15T18:10:40.891+0000] {logging_mixin.py:137} INFO - [2023-06-15T18:10:40.891+0000] {dag.py:3441} INFO - Setting next_dagrun for example_xcom_args to None, run_after=None
[2023-06-15T18:10:40.894+0000] {logging_mixin.py:137} INFO - [2023-06-15T18:10:40.894+0000] {dag.py:3441} INFO - Setting next_dagrun for example_xcom_args_with_operators to None, run_after=None
[2023-06-15T18:10:40.906+0000] {processor.py:175} INFO - Processing /home/airflow/.local/lib/python3.7/site-packages/airflow/example_dags/example_xcomargs.py took 0.090 seconds
[2023-06-15T18:11:11.366+0000] {processor.py:153} INFO - Started process (PID=1322) to work on /home/airflow/.local/lib/python3.7/site-packages/airflow/example_dags/example_xcomargs.py
[2023-06-15T18:11:11.368+0000] {processor.py:743} INFO - Processing file /home/airflow/.local/lib/python3.7/site-packages/airflow/example_dags/example_xcomargs.py for tasks to queue
[2023-06-15T18:11:11.370+0000] {logging_mixin.py:137} INFO - [2023-06-15T18:11:11.369+0000] {dagbag.py:538} INFO - Filling up the DagBag from /home/airflow/.local/lib/python3.7/site-packages/airflow/example_dags/example_xcomargs.py
[2023-06-15T18:11:11.392+0000] {processor.py:753} INFO - DAG(s) dict_keys(['example_xcom_args', 'example_xcom_args_with_operators']) retrieved from /home/airflow/.local/lib/python3.7/site-packages/airflow/example_dags/example_xcomargs.py
[2023-06-15T18:11:11.418+0000] {logging_mixin.py:137} INFO - [2023-06-15T18:11:11.418+0000] {dag.py:2690} INFO - Sync 2 DAGs
[2023-06-15T18:11:11.436+0000] {logging_mixin.py:137} INFO - [2023-06-15T18:11:11.436+0000] {dag.py:3441} INFO - Setting next_dagrun for example_xcom_args to None, run_after=None
[2023-06-15T18:11:11.439+0000] {logging_mixin.py:137} INFO - [2023-06-15T18:11:11.438+0000] {dag.py:3441} INFO - Setting next_dagrun for example_xcom_args_with_operators to None, run_after=None
[2023-06-15T18:11:11.450+0000] {processor.py:175} INFO - Processing /home/airflow/.local/lib/python3.7/site-packages/airflow/example_dags/example_xcomargs.py took 0.089 seconds
[2023-06-15T18:11:42.018+0000] {processor.py:153} INFO - Started process (PID=1400) to work on /home/airflow/.local/lib/python3.7/site-packages/airflow/example_dags/example_xcomargs.py
[2023-06-15T18:11:42.020+0000] {processor.py:743} INFO - Processing file /home/airflow/.local/lib/python3.7/site-packages/airflow/example_dags/example_xcomargs.py for tasks to queue
[2023-06-15T18:11:42.022+0000] {logging_mixin.py:137} INFO - [2023-06-15T18:11:42.022+0000] {dagbag.py:538} INFO - Filling up the DagBag from /home/airflow/.local/lib/python3.7/site-packages/airflow/example_dags/example_xcomargs.py
[2023-06-15T18:11:42.052+0000] {processor.py:753} INFO - DAG(s) dict_keys(['example_xcom_args', 'example_xcom_args_with_operators']) retrieved from /home/airflow/.local/lib/python3.7/site-packages/airflow/example_dags/example_xcomargs.py
[2023-06-15T18:11:42.084+0000] {logging_mixin.py:137} INFO - [2023-06-15T18:11:42.084+0000] {dag.py:2690} INFO - Sync 2 DAGs
[2023-06-15T18:11:42.103+0000] {logging_mixin.py:137} INFO - [2023-06-15T18:11:42.103+0000] {dag.py:3441} INFO - Setting next_dagrun for example_xcom_args to None, run_after=None
[2023-06-15T18:11:42.106+0000] {logging_mixin.py:137} INFO - [2023-06-15T18:11:42.106+0000] {dag.py:3441} INFO - Setting next_dagrun for example_xcom_args_with_operators to None, run_after=None
[2023-06-15T18:11:42.117+0000] {processor.py:175} INFO - Processing /home/airflow/.local/lib/python3.7/site-packages/airflow/example_dags/example_xcomargs.py took 0.104 seconds
[2023-06-15T18:12:12.642+0000] {processor.py:153} INFO - Started process (PID=1475) to work on /home/airflow/.local/lib/python3.7/site-packages/airflow/example_dags/example_xcomargs.py
[2023-06-15T18:12:12.644+0000] {processor.py:743} INFO - Processing file /home/airflow/.local/lib/python3.7/site-packages/airflow/example_dags/example_xcomargs.py for tasks to queue
[2023-06-15T18:12:12.645+0000] {logging_mixin.py:137} INFO - [2023-06-15T18:12:12.645+0000] {dagbag.py:538} INFO - Filling up the DagBag from /home/airflow/.local/lib/python3.7/site-packages/airflow/example_dags/example_xcomargs.py
[2023-06-15T18:12:12.673+0000] {processor.py:753} INFO - DAG(s) dict_keys(['example_xcom_args', 'example_xcom_args_with_operators']) retrieved from /home/airflow/.local/lib/python3.7/site-packages/airflow/example_dags/example_xcomargs.py
[2023-06-15T18:12:12.703+0000] {logging_mixin.py:137} INFO - [2023-06-15T18:12:12.703+0000] {dag.py:2690} INFO - Sync 2 DAGs
[2023-06-15T18:12:12.727+0000] {logging_mixin.py:137} INFO - [2023-06-15T18:12:12.727+0000] {dag.py:3441} INFO - Setting next_dagrun for example_xcom_args to None, run_after=None
[2023-06-15T18:12:12.731+0000] {logging_mixin.py:137} INFO - [2023-06-15T18:12:12.730+0000] {dag.py:3441} INFO - Setting next_dagrun for example_xcom_args_with_operators to None, run_after=None
[2023-06-15T18:12:12.745+0000] {processor.py:175} INFO - Processing /home/airflow/.local/lib/python3.7/site-packages/airflow/example_dags/example_xcomargs.py took 0.110 seconds
[2023-06-15T18:12:43.241+0000] {processor.py:153} INFO - Started process (PID=1543) to work on /home/airflow/.local/lib/python3.7/site-packages/airflow/example_dags/example_xcomargs.py
[2023-06-15T18:12:43.243+0000] {processor.py:743} INFO - Processing file /home/airflow/.local/lib/python3.7/site-packages/airflow/example_dags/example_xcomargs.py for tasks to queue
[2023-06-15T18:12:43.244+0000] {logging_mixin.py:137} INFO - [2023-06-15T18:12:43.244+0000] {dagbag.py:538} INFO - Filling up the DagBag from /home/airflow/.local/lib/python3.7/site-packages/airflow/example_dags/example_xcomargs.py
[2023-06-15T18:12:43.263+0000] {processor.py:753} INFO - DAG(s) dict_keys(['example_xcom_args_with_operators', 'example_xcom_args']) retrieved from /home/airflow/.local/lib/python3.7/site-packages/airflow/example_dags/example_xcomargs.py
[2023-06-15T18:12:43.291+0000] {logging_mixin.py:137} INFO - [2023-06-15T18:12:43.291+0000] {dag.py:2690} INFO - Sync 2 DAGs
[2023-06-15T18:12:43.310+0000] {logging_mixin.py:137} INFO - [2023-06-15T18:12:43.310+0000] {dag.py:3441} INFO - Setting next_dagrun for example_xcom_args to None, run_after=None
[2023-06-15T18:12:43.314+0000] {logging_mixin.py:137} INFO - [2023-06-15T18:12:43.313+0000] {dag.py:3441} INFO - Setting next_dagrun for example_xcom_args_with_operators to None, run_after=None
[2023-06-15T18:12:43.326+0000] {processor.py:175} INFO - Processing /home/airflow/.local/lib/python3.7/site-packages/airflow/example_dags/example_xcomargs.py took 0.091 seconds
[2023-06-15T18:13:13.955+0000] {processor.py:153} INFO - Started process (PID=1621) to work on /home/airflow/.local/lib/python3.7/site-packages/airflow/example_dags/example_xcomargs.py
[2023-06-15T18:13:13.957+0000] {processor.py:743} INFO - Processing file /home/airflow/.local/lib/python3.7/site-packages/airflow/example_dags/example_xcomargs.py for tasks to queue
[2023-06-15T18:13:13.958+0000] {logging_mixin.py:137} INFO - [2023-06-15T18:13:13.958+0000] {dagbag.py:538} INFO - Filling up the DagBag from /home/airflow/.local/lib/python3.7/site-packages/airflow/example_dags/example_xcomargs.py
[2023-06-15T18:13:13.979+0000] {processor.py:753} INFO - DAG(s) dict_keys(['example_xcom_args_with_operators', 'example_xcom_args']) retrieved from /home/airflow/.local/lib/python3.7/site-packages/airflow/example_dags/example_xcomargs.py
[2023-06-15T18:13:14.006+0000] {logging_mixin.py:137} INFO - [2023-06-15T18:13:14.006+0000] {dag.py:2690} INFO - Sync 2 DAGs
[2023-06-15T18:13:14.023+0000] {logging_mixin.py:137} INFO - [2023-06-15T18:13:14.023+0000] {dag.py:3441} INFO - Setting next_dagrun for example_xcom_args to None, run_after=None
[2023-06-15T18:13:14.026+0000] {logging_mixin.py:137} INFO - [2023-06-15T18:13:14.026+0000] {dag.py:3441} INFO - Setting next_dagrun for example_xcom_args_with_operators to None, run_after=None
[2023-06-15T18:13:14.038+0000] {processor.py:175} INFO - Processing /home/airflow/.local/lib/python3.7/site-packages/airflow/example_dags/example_xcomargs.py took 0.088 seconds
[2023-06-15T18:13:44.670+0000] {processor.py:153} INFO - Started process (PID=1696) to work on /home/airflow/.local/lib/python3.7/site-packages/airflow/example_dags/example_xcomargs.py
[2023-06-15T18:13:44.672+0000] {processor.py:743} INFO - Processing file /home/airflow/.local/lib/python3.7/site-packages/airflow/example_dags/example_xcomargs.py for tasks to queue
[2023-06-15T18:13:44.677+0000] {logging_mixin.py:137} INFO - [2023-06-15T18:13:44.677+0000] {dagbag.py:538} INFO - Filling up the DagBag from /home/airflow/.local/lib/python3.7/site-packages/airflow/example_dags/example_xcomargs.py
[2023-06-15T18:13:44.763+0000] {processor.py:753} INFO - DAG(s) dict_keys(['example_xcom_args_with_operators', 'example_xcom_args']) retrieved from /home/airflow/.local/lib/python3.7/site-packages/airflow/example_dags/example_xcomargs.py
[2023-06-15T18:13:44.793+0000] {logging_mixin.py:137} INFO - [2023-06-15T18:13:44.793+0000] {dag.py:2690} INFO - Sync 2 DAGs
[2023-06-15T18:13:44.824+0000] {logging_mixin.py:137} INFO - [2023-06-15T18:13:44.824+0000] {dag.py:3441} INFO - Setting next_dagrun for example_xcom_args to None, run_after=None
[2023-06-15T18:13:44.835+0000] {logging_mixin.py:137} INFO - [2023-06-15T18:13:44.835+0000] {dag.py:3441} INFO - Setting next_dagrun for example_xcom_args_with_operators to None, run_after=None
[2023-06-15T18:13:44.858+0000] {processor.py:175} INFO - Processing /home/airflow/.local/lib/python3.7/site-packages/airflow/example_dags/example_xcomargs.py took 0.196 seconds
[2023-06-15T18:14:15.058+0000] {processor.py:153} INFO - Started process (PID=1764) to work on /home/airflow/.local/lib/python3.7/site-packages/airflow/example_dags/example_xcomargs.py
[2023-06-15T18:14:15.059+0000] {processor.py:743} INFO - Processing file /home/airflow/.local/lib/python3.7/site-packages/airflow/example_dags/example_xcomargs.py for tasks to queue
[2023-06-15T18:14:15.061+0000] {logging_mixin.py:137} INFO - [2023-06-15T18:14:15.061+0000] {dagbag.py:538} INFO - Filling up the DagBag from /home/airflow/.local/lib/python3.7/site-packages/airflow/example_dags/example_xcomargs.py
[2023-06-15T18:14:15.086+0000] {processor.py:753} INFO - DAG(s) dict_keys(['example_xcom_args_with_operators', 'example_xcom_args']) retrieved from /home/airflow/.local/lib/python3.7/site-packages/airflow/example_dags/example_xcomargs.py
[2023-06-15T18:14:15.117+0000] {logging_mixin.py:137} INFO - [2023-06-15T18:14:15.117+0000] {dag.py:2690} INFO - Sync 2 DAGs
[2023-06-15T18:14:15.139+0000] {logging_mixin.py:137} INFO - [2023-06-15T18:14:15.139+0000] {dag.py:3441} INFO - Setting next_dagrun for example_xcom_args to None, run_after=None
[2023-06-15T18:14:15.142+0000] {logging_mixin.py:137} INFO - [2023-06-15T18:14:15.142+0000] {dag.py:3441} INFO - Setting next_dagrun for example_xcom_args_with_operators to None, run_after=None
[2023-06-15T18:14:15.155+0000] {processor.py:175} INFO - Processing /home/airflow/.local/lib/python3.7/site-packages/airflow/example_dags/example_xcomargs.py took 0.101 seconds
[2023-06-15T18:14:45.786+0000] {processor.py:153} INFO - Started process (PID=1841) to work on /home/airflow/.local/lib/python3.7/site-packages/airflow/example_dags/example_xcomargs.py
[2023-06-15T18:14:45.788+0000] {processor.py:743} INFO - Processing file /home/airflow/.local/lib/python3.7/site-packages/airflow/example_dags/example_xcomargs.py for tasks to queue
[2023-06-15T18:14:45.790+0000] {logging_mixin.py:137} INFO - [2023-06-15T18:14:45.789+0000] {dagbag.py:538} INFO - Filling up the DagBag from /home/airflow/.local/lib/python3.7/site-packages/airflow/example_dags/example_xcomargs.py
[2023-06-15T18:14:45.820+0000] {processor.py:753} INFO - DAG(s) dict_keys(['example_xcom_args', 'example_xcom_args_with_operators']) retrieved from /home/airflow/.local/lib/python3.7/site-packages/airflow/example_dags/example_xcomargs.py
[2023-06-15T18:14:45.854+0000] {logging_mixin.py:137} INFO - [2023-06-15T18:14:45.854+0000] {dag.py:2690} INFO - Sync 2 DAGs
[2023-06-15T18:14:45.875+0000] {logging_mixin.py:137} INFO - [2023-06-15T18:14:45.874+0000] {dag.py:3441} INFO - Setting next_dagrun for example_xcom_args to None, run_after=None
[2023-06-15T18:14:45.879+0000] {logging_mixin.py:137} INFO - [2023-06-15T18:14:45.878+0000] {dag.py:3441} INFO - Setting next_dagrun for example_xcom_args_with_operators to None, run_after=None
[2023-06-15T18:14:45.896+0000] {processor.py:175} INFO - Processing /home/airflow/.local/lib/python3.7/site-packages/airflow/example_dags/example_xcomargs.py took 0.116 seconds
[2023-06-15T18:15:16.411+0000] {processor.py:153} INFO - Started process (PID=1906) to work on /home/airflow/.local/lib/python3.7/site-packages/airflow/example_dags/example_xcomargs.py
[2023-06-15T18:15:16.413+0000] {processor.py:743} INFO - Processing file /home/airflow/.local/lib/python3.7/site-packages/airflow/example_dags/example_xcomargs.py for tasks to queue
[2023-06-15T18:15:16.415+0000] {logging_mixin.py:137} INFO - [2023-06-15T18:15:16.415+0000] {dagbag.py:538} INFO - Filling up the DagBag from /home/airflow/.local/lib/python3.7/site-packages/airflow/example_dags/example_xcomargs.py
[2023-06-15T18:15:16.455+0000] {processor.py:753} INFO - DAG(s) dict_keys(['example_xcom_args_with_operators', 'example_xcom_args']) retrieved from /home/airflow/.local/lib/python3.7/site-packages/airflow/example_dags/example_xcomargs.py
[2023-06-15T18:15:16.499+0000] {logging_mixin.py:137} INFO - [2023-06-15T18:15:16.498+0000] {dag.py:2690} INFO - Sync 2 DAGs
[2023-06-15T18:15:16.521+0000] {logging_mixin.py:137} INFO - [2023-06-15T18:15:16.521+0000] {dag.py:3441} INFO - Setting next_dagrun for example_xcom_args to None, run_after=None
[2023-06-15T18:15:16.525+0000] {logging_mixin.py:137} INFO - [2023-06-15T18:15:16.525+0000] {dag.py:3441} INFO - Setting next_dagrun for example_xcom_args_with_operators to None, run_after=None
[2023-06-15T18:15:16.537+0000] {processor.py:175} INFO - Processing /home/airflow/.local/lib/python3.7/site-packages/airflow/example_dags/example_xcomargs.py took 0.130 seconds
[2023-06-15T18:15:46.633+0000] {processor.py:153} INFO - Started process (PID=1985) to work on /home/airflow/.local/lib/python3.7/site-packages/airflow/example_dags/example_xcomargs.py
[2023-06-15T18:15:46.635+0000] {processor.py:743} INFO - Processing file /home/airflow/.local/lib/python3.7/site-packages/airflow/example_dags/example_xcomargs.py for tasks to queue
[2023-06-15T18:15:46.637+0000] {logging_mixin.py:137} INFO - [2023-06-15T18:15:46.637+0000] {dagbag.py:538} INFO - Filling up the DagBag from /home/airflow/.local/lib/python3.7/site-packages/airflow/example_dags/example_xcomargs.py
[2023-06-15T18:15:46.663+0000] {processor.py:753} INFO - DAG(s) dict_keys(['example_xcom_args', 'example_xcom_args_with_operators']) retrieved from /home/airflow/.local/lib/python3.7/site-packages/airflow/example_dags/example_xcomargs.py
[2023-06-15T18:15:46.724+0000] {logging_mixin.py:137} INFO - [2023-06-15T18:15:46.723+0000] {dag.py:2690} INFO - Sync 2 DAGs
[2023-06-15T18:15:46.747+0000] {logging_mixin.py:137} INFO - [2023-06-15T18:15:46.747+0000] {dag.py:3441} INFO - Setting next_dagrun for example_xcom_args to None, run_after=None
[2023-06-15T18:15:46.750+0000] {logging_mixin.py:137} INFO - [2023-06-15T18:15:46.750+0000] {dag.py:3441} INFO - Setting next_dagrun for example_xcom_args_with_operators to None, run_after=None
[2023-06-15T18:15:46.765+0000] {processor.py:175} INFO - Processing /home/airflow/.local/lib/python3.7/site-packages/airflow/example_dags/example_xcomargs.py took 0.137 seconds
[2023-06-15T18:16:17.469+0000] {processor.py:153} INFO - Started process (PID=2062) to work on /home/airflow/.local/lib/python3.7/site-packages/airflow/example_dags/example_xcomargs.py
[2023-06-15T18:16:17.470+0000] {processor.py:743} INFO - Processing file /home/airflow/.local/lib/python3.7/site-packages/airflow/example_dags/example_xcomargs.py for tasks to queue
[2023-06-15T18:16:17.472+0000] {logging_mixin.py:137} INFO - [2023-06-15T18:16:17.471+0000] {dagbag.py:538} INFO - Filling up the DagBag from /home/airflow/.local/lib/python3.7/site-packages/airflow/example_dags/example_xcomargs.py
[2023-06-15T18:16:17.496+0000] {processor.py:753} INFO - DAG(s) dict_keys(['example_xcom_args_with_operators', 'example_xcom_args']) retrieved from /home/airflow/.local/lib/python3.7/site-packages/airflow/example_dags/example_xcomargs.py
[2023-06-15T18:16:17.527+0000] {logging_mixin.py:137} INFO - [2023-06-15T18:16:17.527+0000] {dag.py:2690} INFO - Sync 2 DAGs
[2023-06-15T18:16:17.551+0000] {logging_mixin.py:137} INFO - [2023-06-15T18:16:17.551+0000] {dag.py:3441} INFO - Setting next_dagrun for example_xcom_args to None, run_after=None
[2023-06-15T18:16:17.555+0000] {logging_mixin.py:137} INFO - [2023-06-15T18:16:17.555+0000] {dag.py:3441} INFO - Setting next_dagrun for example_xcom_args_with_operators to None, run_after=None
[2023-06-15T18:16:17.572+0000] {processor.py:175} INFO - Processing /home/airflow/.local/lib/python3.7/site-packages/airflow/example_dags/example_xcomargs.py took 0.108 seconds
[2023-06-15T18:16:47.922+0000] {processor.py:153} INFO - Started process (PID=2127) to work on /home/airflow/.local/lib/python3.7/site-packages/airflow/example_dags/example_xcomargs.py
[2023-06-15T18:16:47.923+0000] {processor.py:743} INFO - Processing file /home/airflow/.local/lib/python3.7/site-packages/airflow/example_dags/example_xcomargs.py for tasks to queue
[2023-06-15T18:16:47.925+0000] {logging_mixin.py:137} INFO - [2023-06-15T18:16:47.924+0000] {dagbag.py:538} INFO - Filling up the DagBag from /home/airflow/.local/lib/python3.7/site-packages/airflow/example_dags/example_xcomargs.py
[2023-06-15T18:16:47.953+0000] {processor.py:753} INFO - DAG(s) dict_keys(['example_xcom_args', 'example_xcom_args_with_operators']) retrieved from /home/airflow/.local/lib/python3.7/site-packages/airflow/example_dags/example_xcomargs.py
[2023-06-15T18:16:47.986+0000] {logging_mixin.py:137} INFO - [2023-06-15T18:16:47.986+0000] {dag.py:2690} INFO - Sync 2 DAGs
[2023-06-15T18:16:48.008+0000] {logging_mixin.py:137} INFO - [2023-06-15T18:16:48.008+0000] {dag.py:3441} INFO - Setting next_dagrun for example_xcom_args to None, run_after=None
[2023-06-15T18:16:48.011+0000] {logging_mixin.py:137} INFO - [2023-06-15T18:16:48.011+0000] {dag.py:3441} INFO - Setting next_dagrun for example_xcom_args_with_operators to None, run_after=None
[2023-06-15T18:16:48.025+0000] {processor.py:175} INFO - Processing /home/airflow/.local/lib/python3.7/site-packages/airflow/example_dags/example_xcomargs.py took 0.108 seconds
[2023-06-15T18:17:18.500+0000] {processor.py:153} INFO - Started process (PID=2204) to work on /home/airflow/.local/lib/python3.7/site-packages/airflow/example_dags/example_xcomargs.py
[2023-06-15T18:17:18.502+0000] {processor.py:743} INFO - Processing file /home/airflow/.local/lib/python3.7/site-packages/airflow/example_dags/example_xcomargs.py for tasks to queue
[2023-06-15T18:17:18.503+0000] {logging_mixin.py:137} INFO - [2023-06-15T18:17:18.503+0000] {dagbag.py:538} INFO - Filling up the DagBag from /home/airflow/.local/lib/python3.7/site-packages/airflow/example_dags/example_xcomargs.py
[2023-06-15T18:17:18.530+0000] {processor.py:753} INFO - DAG(s) dict_keys(['example_xcom_args_with_operators', 'example_xcom_args']) retrieved from /home/airflow/.local/lib/python3.7/site-packages/airflow/example_dags/example_xcomargs.py
[2023-06-15T18:17:18.568+0000] {logging_mixin.py:137} INFO - [2023-06-15T18:17:18.568+0000] {dag.py:2690} INFO - Sync 2 DAGs
[2023-06-15T18:17:18.592+0000] {logging_mixin.py:137} INFO - [2023-06-15T18:17:18.592+0000] {dag.py:3441} INFO - Setting next_dagrun for example_xcom_args to None, run_after=None
[2023-06-15T18:17:18.596+0000] {logging_mixin.py:137} INFO - [2023-06-15T18:17:18.596+0000] {dag.py:3441} INFO - Setting next_dagrun for example_xcom_args_with_operators to None, run_after=None
[2023-06-15T18:17:18.610+0000] {processor.py:175} INFO - Processing /home/airflow/.local/lib/python3.7/site-packages/airflow/example_dags/example_xcomargs.py took 0.114 seconds
[2023-06-15T18:17:48.912+0000] {processor.py:153} INFO - Started process (PID=2271) to work on /home/airflow/.local/lib/python3.7/site-packages/airflow/example_dags/example_xcomargs.py
[2023-06-15T18:17:48.914+0000] {processor.py:743} INFO - Processing file /home/airflow/.local/lib/python3.7/site-packages/airflow/example_dags/example_xcomargs.py for tasks to queue
[2023-06-15T18:17:48.915+0000] {logging_mixin.py:137} INFO - [2023-06-15T18:17:48.915+0000] {dagbag.py:538} INFO - Filling up the DagBag from /home/airflow/.local/lib/python3.7/site-packages/airflow/example_dags/example_xcomargs.py
[2023-06-15T18:17:48.944+0000] {processor.py:753} INFO - DAG(s) dict_keys(['example_xcom_args_with_operators', 'example_xcom_args']) retrieved from /home/airflow/.local/lib/python3.7/site-packages/airflow/example_dags/example_xcomargs.py
[2023-06-15T18:17:48.982+0000] {logging_mixin.py:137} INFO - [2023-06-15T18:17:48.981+0000] {dag.py:2690} INFO - Sync 2 DAGs
[2023-06-15T18:17:49.006+0000] {logging_mixin.py:137} INFO - [2023-06-15T18:17:49.006+0000] {dag.py:3441} INFO - Setting next_dagrun for example_xcom_args to None, run_after=None
[2023-06-15T18:17:49.010+0000] {logging_mixin.py:137} INFO - [2023-06-15T18:17:49.010+0000] {dag.py:3441} INFO - Setting next_dagrun for example_xcom_args_with_operators to None, run_after=None
[2023-06-15T18:17:49.026+0000] {processor.py:175} INFO - Processing /home/airflow/.local/lib/python3.7/site-packages/airflow/example_dags/example_xcomargs.py took 0.118 seconds
[2023-06-15T18:44:51.433+0000] {processor.py:153} INFO - Started process (PID=2285) to work on /home/airflow/.local/lib/python3.7/site-packages/airflow/example_dags/example_xcomargs.py
[2023-06-15T18:44:51.447+0000] {processor.py:743} INFO - Processing file /home/airflow/.local/lib/python3.7/site-packages/airflow/example_dags/example_xcomargs.py for tasks to queue
[2023-06-15T18:44:51.454+0000] {logging_mixin.py:137} INFO - [2023-06-15T18:44:51.454+0000] {dagbag.py:538} INFO - Filling up the DagBag from /home/airflow/.local/lib/python3.7/site-packages/airflow/example_dags/example_xcomargs.py
[2023-06-15T18:44:51.500+0000] {processor.py:753} INFO - DAG(s) dict_keys(['example_xcom_args', 'example_xcom_args_with_operators']) retrieved from /home/airflow/.local/lib/python3.7/site-packages/airflow/example_dags/example_xcomargs.py
[2023-06-15T18:44:51.647+0000] {logging_mixin.py:137} INFO - [2023-06-15T18:44:51.647+0000] {dag.py:2690} INFO - Sync 2 DAGs
[2023-06-15T18:44:51.675+0000] {logging_mixin.py:137} INFO - [2023-06-15T18:44:51.675+0000] {dag.py:3441} INFO - Setting next_dagrun for example_xcom_args to None, run_after=None
[2023-06-15T18:44:51.683+0000] {logging_mixin.py:137} INFO - [2023-06-15T18:44:51.679+0000] {dag.py:3441} INFO - Setting next_dagrun for example_xcom_args_with_operators to None, run_after=None
[2023-06-15T18:44:51.705+0000] {processor.py:175} INFO - Processing /home/airflow/.local/lib/python3.7/site-packages/airflow/example_dags/example_xcomargs.py took 0.278 seconds
[2023-06-15T18:45:21.784+0000] {processor.py:153} INFO - Started process (PID=2352) to work on /home/airflow/.local/lib/python3.7/site-packages/airflow/example_dags/example_xcomargs.py
[2023-06-15T18:45:21.786+0000] {processor.py:743} INFO - Processing file /home/airflow/.local/lib/python3.7/site-packages/airflow/example_dags/example_xcomargs.py for tasks to queue
[2023-06-15T18:45:21.787+0000] {logging_mixin.py:137} INFO - [2023-06-15T18:45:21.787+0000] {dagbag.py:538} INFO - Filling up the DagBag from /home/airflow/.local/lib/python3.7/site-packages/airflow/example_dags/example_xcomargs.py
[2023-06-15T18:45:21.815+0000] {processor.py:753} INFO - DAG(s) dict_keys(['example_xcom_args', 'example_xcom_args_with_operators']) retrieved from /home/airflow/.local/lib/python3.7/site-packages/airflow/example_dags/example_xcomargs.py
[2023-06-15T18:45:21.849+0000] {logging_mixin.py:137} INFO - [2023-06-15T18:45:21.849+0000] {dag.py:2690} INFO - Sync 2 DAGs
[2023-06-15T18:45:21.871+0000] {logging_mixin.py:137} INFO - [2023-06-15T18:45:21.871+0000] {dag.py:3441} INFO - Setting next_dagrun for example_xcom_args to None, run_after=None
[2023-06-15T18:45:21.874+0000] {logging_mixin.py:137} INFO - [2023-06-15T18:45:21.874+0000] {dag.py:3441} INFO - Setting next_dagrun for example_xcom_args_with_operators to None, run_after=None
[2023-06-15T18:45:21.888+0000] {processor.py:175} INFO - Processing /home/airflow/.local/lib/python3.7/site-packages/airflow/example_dags/example_xcomargs.py took 0.111 seconds
[2023-06-15T18:45:52.411+0000] {processor.py:153} INFO - Started process (PID=2429) to work on /home/airflow/.local/lib/python3.7/site-packages/airflow/example_dags/example_xcomargs.py
[2023-06-15T18:45:52.413+0000] {processor.py:743} INFO - Processing file /home/airflow/.local/lib/python3.7/site-packages/airflow/example_dags/example_xcomargs.py for tasks to queue
[2023-06-15T18:45:52.414+0000] {logging_mixin.py:137} INFO - [2023-06-15T18:45:52.414+0000] {dagbag.py:538} INFO - Filling up the DagBag from /home/airflow/.local/lib/python3.7/site-packages/airflow/example_dags/example_xcomargs.py
[2023-06-15T18:45:52.440+0000] {processor.py:753} INFO - DAG(s) dict_keys(['example_xcom_args_with_operators', 'example_xcom_args']) retrieved from /home/airflow/.local/lib/python3.7/site-packages/airflow/example_dags/example_xcomargs.py
[2023-06-15T18:45:52.473+0000] {logging_mixin.py:137} INFO - [2023-06-15T18:45:52.473+0000] {dag.py:2690} INFO - Sync 2 DAGs
[2023-06-15T18:45:52.505+0000] {logging_mixin.py:137} INFO - [2023-06-15T18:45:52.504+0000] {dag.py:3441} INFO - Setting next_dagrun for example_xcom_args to None, run_after=None
[2023-06-15T18:45:52.509+0000] {logging_mixin.py:137} INFO - [2023-06-15T18:45:52.509+0000] {dag.py:3441} INFO - Setting next_dagrun for example_xcom_args_with_operators to None, run_after=None
[2023-06-15T18:45:52.522+0000] {processor.py:175} INFO - Processing /home/airflow/.local/lib/python3.7/site-packages/airflow/example_dags/example_xcomargs.py took 0.115 seconds
[2023-06-15T18:46:23.290+0000] {processor.py:153} INFO - Started process (PID=2494) to work on /home/airflow/.local/lib/python3.7/site-packages/airflow/example_dags/example_xcomargs.py
[2023-06-15T18:46:23.292+0000] {processor.py:743} INFO - Processing file /home/airflow/.local/lib/python3.7/site-packages/airflow/example_dags/example_xcomargs.py for tasks to queue
[2023-06-15T18:46:23.294+0000] {logging_mixin.py:137} INFO - [2023-06-15T18:46:23.294+0000] {dagbag.py:538} INFO - Filling up the DagBag from /home/airflow/.local/lib/python3.7/site-packages/airflow/example_dags/example_xcomargs.py
[2023-06-15T18:46:23.319+0000] {processor.py:753} INFO - DAG(s) dict_keys(['example_xcom_args_with_operators', 'example_xcom_args']) retrieved from /home/airflow/.local/lib/python3.7/site-packages/airflow/example_dags/example_xcomargs.py
[2023-06-15T18:46:23.351+0000] {logging_mixin.py:137} INFO - [2023-06-15T18:46:23.351+0000] {dag.py:2690} INFO - Sync 2 DAGs
[2023-06-15T18:46:23.383+0000] {logging_mixin.py:137} INFO - [2023-06-15T18:46:23.383+0000] {dag.py:3441} INFO - Setting next_dagrun for example_xcom_args to None, run_after=None
[2023-06-15T18:46:23.386+0000] {logging_mixin.py:137} INFO - [2023-06-15T18:46:23.386+0000] {dag.py:3441} INFO - Setting next_dagrun for example_xcom_args_with_operators to None, run_after=None
[2023-06-15T18:46:23.399+0000] {processor.py:175} INFO - Processing /home/airflow/.local/lib/python3.7/site-packages/airflow/example_dags/example_xcomargs.py took 0.113 seconds
[2023-06-15T18:46:53.462+0000] {processor.py:153} INFO - Started process (PID=2570) to work on /home/airflow/.local/lib/python3.7/site-packages/airflow/example_dags/example_xcomargs.py
[2023-06-15T18:46:53.464+0000] {processor.py:743} INFO - Processing file /home/airflow/.local/lib/python3.7/site-packages/airflow/example_dags/example_xcomargs.py for tasks to queue
[2023-06-15T18:46:53.466+0000] {logging_mixin.py:137} INFO - [2023-06-15T18:46:53.466+0000] {dagbag.py:538} INFO - Filling up the DagBag from /home/airflow/.local/lib/python3.7/site-packages/airflow/example_dags/example_xcomargs.py
[2023-06-15T18:46:53.491+0000] {processor.py:753} INFO - DAG(s) dict_keys(['example_xcom_args', 'example_xcom_args_with_operators']) retrieved from /home/airflow/.local/lib/python3.7/site-packages/airflow/example_dags/example_xcomargs.py
[2023-06-15T18:46:53.518+0000] {logging_mixin.py:137} INFO - [2023-06-15T18:46:53.518+0000] {dag.py:2690} INFO - Sync 2 DAGs
[2023-06-15T18:46:53.537+0000] {logging_mixin.py:137} INFO - [2023-06-15T18:46:53.537+0000] {dag.py:3441} INFO - Setting next_dagrun for example_xcom_args to None, run_after=None
[2023-06-15T18:46:53.540+0000] {logging_mixin.py:137} INFO - [2023-06-15T18:46:53.540+0000] {dag.py:3441} INFO - Setting next_dagrun for example_xcom_args_with_operators to None, run_after=None
[2023-06-15T18:46:53.553+0000] {processor.py:175} INFO - Processing /home/airflow/.local/lib/python3.7/site-packages/airflow/example_dags/example_xcomargs.py took 0.097 seconds
[2023-06-15T18:47:24.594+0000] {processor.py:153} INFO - Started process (PID=2648) to work on /home/airflow/.local/lib/python3.7/site-packages/airflow/example_dags/example_xcomargs.py
[2023-06-15T18:47:24.596+0000] {processor.py:743} INFO - Processing file /home/airflow/.local/lib/python3.7/site-packages/airflow/example_dags/example_xcomargs.py for tasks to queue
[2023-06-15T18:47:24.598+0000] {logging_mixin.py:137} INFO - [2023-06-15T18:47:24.597+0000] {dagbag.py:538} INFO - Filling up the DagBag from /home/airflow/.local/lib/python3.7/site-packages/airflow/example_dags/example_xcomargs.py
[2023-06-15T18:47:24.621+0000] {processor.py:753} INFO - DAG(s) dict_keys(['example_xcom_args', 'example_xcom_args_with_operators']) retrieved from /home/airflow/.local/lib/python3.7/site-packages/airflow/example_dags/example_xcomargs.py
[2023-06-15T18:47:24.654+0000] {logging_mixin.py:137} INFO - [2023-06-15T18:47:24.654+0000] {dag.py:2690} INFO - Sync 2 DAGs
[2023-06-15T18:47:24.677+0000] {logging_mixin.py:137} INFO - [2023-06-15T18:47:24.677+0000] {dag.py:3441} INFO - Setting next_dagrun for example_xcom_args to None, run_after=None
[2023-06-15T18:47:24.680+0000] {logging_mixin.py:137} INFO - [2023-06-15T18:47:24.680+0000] {dag.py:3441} INFO - Setting next_dagrun for example_xcom_args_with_operators to None, run_after=None
[2023-06-15T18:47:24.692+0000] {processor.py:175} INFO - Processing /home/airflow/.local/lib/python3.7/site-packages/airflow/example_dags/example_xcomargs.py took 0.101 seconds
[2023-06-15T18:47:55.464+0000] {processor.py:153} INFO - Started process (PID=2713) to work on /home/airflow/.local/lib/python3.7/site-packages/airflow/example_dags/example_xcomargs.py
[2023-06-15T18:47:55.466+0000] {processor.py:743} INFO - Processing file /home/airflow/.local/lib/python3.7/site-packages/airflow/example_dags/example_xcomargs.py for tasks to queue
[2023-06-15T18:47:55.467+0000] {logging_mixin.py:137} INFO - [2023-06-15T18:47:55.467+0000] {dagbag.py:538} INFO - Filling up the DagBag from /home/airflow/.local/lib/python3.7/site-packages/airflow/example_dags/example_xcomargs.py
[2023-06-15T18:47:55.486+0000] {processor.py:753} INFO - DAG(s) dict_keys(['example_xcom_args', 'example_xcom_args_with_operators']) retrieved from /home/airflow/.local/lib/python3.7/site-packages/airflow/example_dags/example_xcomargs.py
[2023-06-15T18:47:55.514+0000] {logging_mixin.py:137} INFO - [2023-06-15T18:47:55.514+0000] {dag.py:2690} INFO - Sync 2 DAGs
[2023-06-15T18:47:55.534+0000] {logging_mixin.py:137} INFO - [2023-06-15T18:47:55.534+0000] {dag.py:3441} INFO - Setting next_dagrun for example_xcom_args to None, run_after=None
[2023-06-15T18:47:55.537+0000] {logging_mixin.py:137} INFO - [2023-06-15T18:47:55.537+0000] {dag.py:3441} INFO - Setting next_dagrun for example_xcom_args_with_operators to None, run_after=None
[2023-06-15T18:47:55.550+0000] {processor.py:175} INFO - Processing /home/airflow/.local/lib/python3.7/site-packages/airflow/example_dags/example_xcomargs.py took 0.088 seconds
[2023-06-15T18:48:29.718+0000] {processor.py:153} INFO - Started process (PID=2792) to work on /home/airflow/.local/lib/python3.7/site-packages/airflow/example_dags/example_xcomargs.py
[2023-06-15T18:48:29.720+0000] {processor.py:743} INFO - Processing file /home/airflow/.local/lib/python3.7/site-packages/airflow/example_dags/example_xcomargs.py for tasks to queue
[2023-06-15T18:48:29.721+0000] {logging_mixin.py:137} INFO - [2023-06-15T18:48:29.721+0000] {dagbag.py:538} INFO - Filling up the DagBag from /home/airflow/.local/lib/python3.7/site-packages/airflow/example_dags/example_xcomargs.py
[2023-06-15T18:48:29.743+0000] {processor.py:753} INFO - DAG(s) dict_keys(['example_xcom_args', 'example_xcom_args_with_operators']) retrieved from /home/airflow/.local/lib/python3.7/site-packages/airflow/example_dags/example_xcomargs.py
[2023-06-15T18:48:29.769+0000] {logging_mixin.py:137} INFO - [2023-06-15T18:48:29.769+0000] {dag.py:2690} INFO - Sync 2 DAGs
[2023-06-15T18:48:29.790+0000] {logging_mixin.py:137} INFO - [2023-06-15T18:48:29.790+0000] {dag.py:3441} INFO - Setting next_dagrun for example_xcom_args to None, run_after=None
[2023-06-15T18:48:29.793+0000] {logging_mixin.py:137} INFO - [2023-06-15T18:48:29.793+0000] {dag.py:3441} INFO - Setting next_dagrun for example_xcom_args_with_operators to None, run_after=None
[2023-06-15T18:48:29.806+0000] {processor.py:175} INFO - Processing /home/airflow/.local/lib/python3.7/site-packages/airflow/example_dags/example_xcomargs.py took 0.092 seconds
[2023-06-15T18:49:00.685+0000] {processor.py:153} INFO - Started process (PID=2857) to work on /home/airflow/.local/lib/python3.7/site-packages/airflow/example_dags/example_xcomargs.py
[2023-06-15T18:49:00.687+0000] {processor.py:743} INFO - Processing file /home/airflow/.local/lib/python3.7/site-packages/airflow/example_dags/example_xcomargs.py for tasks to queue
[2023-06-15T18:49:00.688+0000] {logging_mixin.py:137} INFO - [2023-06-15T18:49:00.688+0000] {dagbag.py:538} INFO - Filling up the DagBag from /home/airflow/.local/lib/python3.7/site-packages/airflow/example_dags/example_xcomargs.py
[2023-06-15T18:49:00.709+0000] {processor.py:753} INFO - DAG(s) dict_keys(['example_xcom_args', 'example_xcom_args_with_operators']) retrieved from /home/airflow/.local/lib/python3.7/site-packages/airflow/example_dags/example_xcomargs.py
[2023-06-15T18:49:00.738+0000] {logging_mixin.py:137} INFO - [2023-06-15T18:49:00.738+0000] {dag.py:2690} INFO - Sync 2 DAGs
[2023-06-15T18:49:00.760+0000] {logging_mixin.py:137} INFO - [2023-06-15T18:49:00.759+0000] {dag.py:3441} INFO - Setting next_dagrun for example_xcom_args to None, run_after=None
[2023-06-15T18:49:00.764+0000] {logging_mixin.py:137} INFO - [2023-06-15T18:49:00.764+0000] {dag.py:3441} INFO - Setting next_dagrun for example_xcom_args_with_operators to None, run_after=None
[2023-06-15T18:49:00.779+0000] {processor.py:175} INFO - Processing /home/airflow/.local/lib/python3.7/site-packages/airflow/example_dags/example_xcomargs.py took 0.098 seconds
[2023-06-15T18:49:30.908+0000] {processor.py:153} INFO - Started process (PID=2933) to work on /home/airflow/.local/lib/python3.7/site-packages/airflow/example_dags/example_xcomargs.py
[2023-06-15T18:49:30.911+0000] {processor.py:743} INFO - Processing file /home/airflow/.local/lib/python3.7/site-packages/airflow/example_dags/example_xcomargs.py for tasks to queue
[2023-06-15T18:49:30.913+0000] {logging_mixin.py:137} INFO - [2023-06-15T18:49:30.912+0000] {dagbag.py:538} INFO - Filling up the DagBag from /home/airflow/.local/lib/python3.7/site-packages/airflow/example_dags/example_xcomargs.py
[2023-06-15T18:49:30.942+0000] {processor.py:753} INFO - DAG(s) dict_keys(['example_xcom_args', 'example_xcom_args_with_operators']) retrieved from /home/airflow/.local/lib/python3.7/site-packages/airflow/example_dags/example_xcomargs.py
[2023-06-15T18:49:30.981+0000] {logging_mixin.py:137} INFO - [2023-06-15T18:49:30.981+0000] {dag.py:2690} INFO - Sync 2 DAGs
[2023-06-15T18:49:31.021+0000] {logging_mixin.py:137} INFO - [2023-06-15T18:49:31.020+0000] {dag.py:3441} INFO - Setting next_dagrun for example_xcom_args to None, run_after=None
[2023-06-15T18:49:31.026+0000] {logging_mixin.py:137} INFO - [2023-06-15T18:49:31.026+0000] {dag.py:3441} INFO - Setting next_dagrun for example_xcom_args_with_operators to None, run_after=None
[2023-06-15T18:49:31.041+0000] {processor.py:175} INFO - Processing /home/airflow/.local/lib/python3.7/site-packages/airflow/example_dags/example_xcomargs.py took 0.136 seconds
[2023-06-15T18:50:02.237+0000] {processor.py:153} INFO - Started process (PID=3008) to work on /home/airflow/.local/lib/python3.7/site-packages/airflow/example_dags/example_xcomargs.py
[2023-06-15T18:50:02.238+0000] {processor.py:743} INFO - Processing file /home/airflow/.local/lib/python3.7/site-packages/airflow/example_dags/example_xcomargs.py for tasks to queue
[2023-06-15T18:50:02.239+0000] {logging_mixin.py:137} INFO - [2023-06-15T18:50:02.239+0000] {dagbag.py:538} INFO - Filling up the DagBag from /home/airflow/.local/lib/python3.7/site-packages/airflow/example_dags/example_xcomargs.py
[2023-06-15T18:50:02.259+0000] {processor.py:753} INFO - DAG(s) dict_keys(['example_xcom_args_with_operators', 'example_xcom_args']) retrieved from /home/airflow/.local/lib/python3.7/site-packages/airflow/example_dags/example_xcomargs.py
[2023-06-15T18:50:02.298+0000] {logging_mixin.py:137} INFO - [2023-06-15T18:50:02.298+0000] {dag.py:2690} INFO - Sync 2 DAGs
[2023-06-15T18:50:02.325+0000] {logging_mixin.py:137} INFO - [2023-06-15T18:50:02.325+0000] {dag.py:3441} INFO - Setting next_dagrun for example_xcom_args to None, run_after=None
[2023-06-15T18:50:02.330+0000] {logging_mixin.py:137} INFO - [2023-06-15T18:50:02.330+0000] {dag.py:3441} INFO - Setting next_dagrun for example_xcom_args_with_operators to None, run_after=None
[2023-06-15T18:50:02.347+0000] {processor.py:175} INFO - Processing /home/airflow/.local/lib/python3.7/site-packages/airflow/example_dags/example_xcomargs.py took 0.116 seconds
[2023-06-15T18:50:33.381+0000] {processor.py:153} INFO - Started process (PID=3078) to work on /home/airflow/.local/lib/python3.7/site-packages/airflow/example_dags/example_xcomargs.py
[2023-06-15T18:50:33.383+0000] {processor.py:743} INFO - Processing file /home/airflow/.local/lib/python3.7/site-packages/airflow/example_dags/example_xcomargs.py for tasks to queue
[2023-06-15T18:50:33.384+0000] {logging_mixin.py:137} INFO - [2023-06-15T18:50:33.384+0000] {dagbag.py:538} INFO - Filling up the DagBag from /home/airflow/.local/lib/python3.7/site-packages/airflow/example_dags/example_xcomargs.py
[2023-06-15T18:50:33.405+0000] {processor.py:753} INFO - DAG(s) dict_keys(['example_xcom_args', 'example_xcom_args_with_operators']) retrieved from /home/airflow/.local/lib/python3.7/site-packages/airflow/example_dags/example_xcomargs.py
[2023-06-15T18:50:33.436+0000] {logging_mixin.py:137} INFO - [2023-06-15T18:50:33.436+0000] {dag.py:2690} INFO - Sync 2 DAGs
[2023-06-15T18:50:33.461+0000] {logging_mixin.py:137} INFO - [2023-06-15T18:50:33.461+0000] {dag.py:3441} INFO - Setting next_dagrun for example_xcom_args to None, run_after=None
[2023-06-15T18:50:33.465+0000] {logging_mixin.py:137} INFO - [2023-06-15T18:50:33.465+0000] {dag.py:3441} INFO - Setting next_dagrun for example_xcom_args_with_operators to None, run_after=None
[2023-06-15T18:50:33.483+0000] {processor.py:175} INFO - Processing /home/airflow/.local/lib/python3.7/site-packages/airflow/example_dags/example_xcomargs.py took 0.106 seconds
