[2023-06-15T18:02:05.521+0000] {processor.py:153} INFO - Started process (PID=76) to work on /home/airflow/.local/lib/python3.7/site-packages/airflow/example_dags/example_latest_only_with_trigger.py
[2023-06-15T18:02:05.524+0000] {processor.py:743} INFO - Processing file /home/airflow/.local/lib/python3.7/site-packages/airflow/example_dags/example_latest_only_with_trigger.py for tasks to queue
[2023-06-15T18:02:05.528+0000] {logging_mixin.py:137} INFO - [2023-06-15T18:02:05.527+0000] {dagbag.py:538} INFO - Filling up the DagBag from /home/airflow/.local/lib/python3.7/site-packages/airflow/example_dags/example_latest_only_with_trigger.py
[2023-06-15T18:02:05.584+0000] {processor.py:753} INFO - DAG(s) dict_keys(['latest_only_with_trigger']) retrieved from /home/airflow/.local/lib/python3.7/site-packages/airflow/example_dags/example_latest_only_with_trigger.py
[2023-06-15T18:02:05.654+0000] {logging_mixin.py:137} INFO - [2023-06-15T18:02:05.653+0000] {dag.py:2690} INFO - Sync 1 DAGs
[2023-06-15T18:02:05.705+0000] {logging_mixin.py:137} INFO - [2023-06-15T18:02:05.705+0000] {dag.py:3441} INFO - Setting next_dagrun for latest_only_with_trigger to 2023-06-15T14:02:05.705067+00:00, run_after=2023-06-15T18:02:05.705067+00:00
[2023-06-15T18:02:05.725+0000] {processor.py:175} INFO - Processing /home/airflow/.local/lib/python3.7/site-packages/airflow/example_dags/example_latest_only_with_trigger.py took 0.210 seconds
[2023-06-15T18:02:35.840+0000] {processor.py:153} INFO - Started process (PID=140) to work on /home/airflow/.local/lib/python3.7/site-packages/airflow/example_dags/example_latest_only_with_trigger.py
[2023-06-15T18:02:35.842+0000] {processor.py:743} INFO - Processing file /home/airflow/.local/lib/python3.7/site-packages/airflow/example_dags/example_latest_only_with_trigger.py for tasks to queue
[2023-06-15T18:02:35.843+0000] {logging_mixin.py:137} INFO - [2023-06-15T18:02:35.842+0000] {dagbag.py:538} INFO - Filling up the DagBag from /home/airflow/.local/lib/python3.7/site-packages/airflow/example_dags/example_latest_only_with_trigger.py
[2023-06-15T18:02:35.857+0000] {processor.py:753} INFO - DAG(s) dict_keys(['latest_only_with_trigger']) retrieved from /home/airflow/.local/lib/python3.7/site-packages/airflow/example_dags/example_latest_only_with_trigger.py
[2023-06-15T18:02:35.889+0000] {logging_mixin.py:137} INFO - [2023-06-15T18:02:35.889+0000] {dag.py:2690} INFO - Sync 1 DAGs
[2023-06-15T18:02:35.909+0000] {logging_mixin.py:137} INFO - [2023-06-15T18:02:35.909+0000] {dag.py:3441} INFO - Setting next_dagrun for latest_only_with_trigger to 2023-06-15T14:02:35.909142+00:00, run_after=2023-06-15T18:02:35.909142+00:00
[2023-06-15T18:02:35.925+0000] {processor.py:175} INFO - Processing /home/airflow/.local/lib/python3.7/site-packages/airflow/example_dags/example_latest_only_with_trigger.py took 0.089 seconds
[2023-06-15T18:03:06.777+0000] {processor.py:153} INFO - Started process (PID=216) to work on /home/airflow/.local/lib/python3.7/site-packages/airflow/example_dags/example_latest_only_with_trigger.py
[2023-06-15T18:03:06.779+0000] {processor.py:743} INFO - Processing file /home/airflow/.local/lib/python3.7/site-packages/airflow/example_dags/example_latest_only_with_trigger.py for tasks to queue
[2023-06-15T18:03:06.780+0000] {logging_mixin.py:137} INFO - [2023-06-15T18:03:06.780+0000] {dagbag.py:538} INFO - Filling up the DagBag from /home/airflow/.local/lib/python3.7/site-packages/airflow/example_dags/example_latest_only_with_trigger.py
[2023-06-15T18:03:06.795+0000] {processor.py:753} INFO - DAG(s) dict_keys(['latest_only_with_trigger']) retrieved from /home/airflow/.local/lib/python3.7/site-packages/airflow/example_dags/example_latest_only_with_trigger.py
[2023-06-15T18:03:06.822+0000] {logging_mixin.py:137} INFO - [2023-06-15T18:03:06.822+0000] {dag.py:2690} INFO - Sync 1 DAGs
[2023-06-15T18:03:06.842+0000] {logging_mixin.py:137} INFO - [2023-06-15T18:03:06.842+0000] {dag.py:3441} INFO - Setting next_dagrun for latest_only_with_trigger to 2023-06-15T14:03:06.842248+00:00, run_after=2023-06-15T18:03:06.842248+00:00
[2023-06-15T18:03:06.858+0000] {processor.py:175} INFO - Processing /home/airflow/.local/lib/python3.7/site-packages/airflow/example_dags/example_latest_only_with_trigger.py took 0.085 seconds
[2023-06-15T18:03:37.473+0000] {processor.py:153} INFO - Started process (PID=281) to work on /home/airflow/.local/lib/python3.7/site-packages/airflow/example_dags/example_latest_only_with_trigger.py
[2023-06-15T18:03:37.475+0000] {processor.py:743} INFO - Processing file /home/airflow/.local/lib/python3.7/site-packages/airflow/example_dags/example_latest_only_with_trigger.py for tasks to queue
[2023-06-15T18:03:37.476+0000] {logging_mixin.py:137} INFO - [2023-06-15T18:03:37.475+0000] {dagbag.py:538} INFO - Filling up the DagBag from /home/airflow/.local/lib/python3.7/site-packages/airflow/example_dags/example_latest_only_with_trigger.py
[2023-06-15T18:03:37.487+0000] {processor.py:753} INFO - DAG(s) dict_keys(['latest_only_with_trigger']) retrieved from /home/airflow/.local/lib/python3.7/site-packages/airflow/example_dags/example_latest_only_with_trigger.py
[2023-06-15T18:03:37.512+0000] {logging_mixin.py:137} INFO - [2023-06-15T18:03:37.512+0000] {dag.py:2690} INFO - Sync 1 DAGs
[2023-06-15T18:03:37.531+0000] {logging_mixin.py:137} INFO - [2023-06-15T18:03:37.531+0000] {dag.py:3441} INFO - Setting next_dagrun for latest_only_with_trigger to 2023-06-15T14:03:37.531142+00:00, run_after=2023-06-15T18:03:37.531142+00:00
[2023-06-15T18:03:37.546+0000] {processor.py:175} INFO - Processing /home/airflow/.local/lib/python3.7/site-packages/airflow/example_dags/example_latest_only_with_trigger.py took 0.076 seconds
[2023-06-15T18:04:08.301+0000] {processor.py:153} INFO - Started process (PID=358) to work on /home/airflow/.local/lib/python3.7/site-packages/airflow/example_dags/example_latest_only_with_trigger.py
[2023-06-15T18:04:08.302+0000] {processor.py:743} INFO - Processing file /home/airflow/.local/lib/python3.7/site-packages/airflow/example_dags/example_latest_only_with_trigger.py for tasks to queue
[2023-06-15T18:04:08.303+0000] {logging_mixin.py:137} INFO - [2023-06-15T18:04:08.303+0000] {dagbag.py:538} INFO - Filling up the DagBag from /home/airflow/.local/lib/python3.7/site-packages/airflow/example_dags/example_latest_only_with_trigger.py
[2023-06-15T18:04:08.315+0000] {processor.py:753} INFO - DAG(s) dict_keys(['latest_only_with_trigger']) retrieved from /home/airflow/.local/lib/python3.7/site-packages/airflow/example_dags/example_latest_only_with_trigger.py
[2023-06-15T18:04:08.338+0000] {logging_mixin.py:137} INFO - [2023-06-15T18:04:08.338+0000] {dag.py:2690} INFO - Sync 1 DAGs
[2023-06-15T18:04:08.357+0000] {logging_mixin.py:137} INFO - [2023-06-15T18:04:08.357+0000] {dag.py:3441} INFO - Setting next_dagrun for latest_only_with_trigger to 2023-06-15T14:04:08.357548+00:00, run_after=2023-06-15T18:04:08.357548+00:00
[2023-06-15T18:04:08.371+0000] {processor.py:175} INFO - Processing /home/airflow/.local/lib/python3.7/site-packages/airflow/example_dags/example_latest_only_with_trigger.py took 0.074 seconds
[2023-06-15T18:04:38.818+0000] {processor.py:153} INFO - Started process (PID=435) to work on /home/airflow/.local/lib/python3.7/site-packages/airflow/example_dags/example_latest_only_with_trigger.py
[2023-06-15T18:04:38.819+0000] {processor.py:743} INFO - Processing file /home/airflow/.local/lib/python3.7/site-packages/airflow/example_dags/example_latest_only_with_trigger.py for tasks to queue
[2023-06-15T18:04:38.820+0000] {logging_mixin.py:137} INFO - [2023-06-15T18:04:38.820+0000] {dagbag.py:538} INFO - Filling up the DagBag from /home/airflow/.local/lib/python3.7/site-packages/airflow/example_dags/example_latest_only_with_trigger.py
[2023-06-15T18:04:38.833+0000] {processor.py:753} INFO - DAG(s) dict_keys(['latest_only_with_trigger']) retrieved from /home/airflow/.local/lib/python3.7/site-packages/airflow/example_dags/example_latest_only_with_trigger.py
[2023-06-15T18:04:38.856+0000] {logging_mixin.py:137} INFO - [2023-06-15T18:04:38.856+0000] {dag.py:2690} INFO - Sync 1 DAGs
[2023-06-15T18:04:38.874+0000] {logging_mixin.py:137} INFO - [2023-06-15T18:04:38.874+0000] {dag.py:3441} INFO - Setting next_dagrun for latest_only_with_trigger to 2023-06-15T14:04:38.874401+00:00, run_after=2023-06-15T18:04:38.874401+00:00
[2023-06-15T18:04:38.889+0000] {processor.py:175} INFO - Processing /home/airflow/.local/lib/python3.7/site-packages/airflow/example_dags/example_latest_only_with_trigger.py took 0.074 seconds
[2023-06-15T18:05:09.585+0000] {processor.py:153} INFO - Started process (PID=499) to work on /home/airflow/.local/lib/python3.7/site-packages/airflow/example_dags/example_latest_only_with_trigger.py
[2023-06-15T18:05:09.587+0000] {processor.py:743} INFO - Processing file /home/airflow/.local/lib/python3.7/site-packages/airflow/example_dags/example_latest_only_with_trigger.py for tasks to queue
[2023-06-15T18:05:09.588+0000] {logging_mixin.py:137} INFO - [2023-06-15T18:05:09.587+0000] {dagbag.py:538} INFO - Filling up the DagBag from /home/airflow/.local/lib/python3.7/site-packages/airflow/example_dags/example_latest_only_with_trigger.py
[2023-06-15T18:05:09.600+0000] {processor.py:753} INFO - DAG(s) dict_keys(['latest_only_with_trigger']) retrieved from /home/airflow/.local/lib/python3.7/site-packages/airflow/example_dags/example_latest_only_with_trigger.py
[2023-06-15T18:05:09.623+0000] {logging_mixin.py:137} INFO - [2023-06-15T18:05:09.623+0000] {dag.py:2690} INFO - Sync 1 DAGs
[2023-06-15T18:05:09.642+0000] {logging_mixin.py:137} INFO - [2023-06-15T18:05:09.642+0000] {dag.py:3441} INFO - Setting next_dagrun for latest_only_with_trigger to 2023-06-15T14:05:09.641836+00:00, run_after=2023-06-15T18:05:09.641836+00:00
[2023-06-15T18:05:09.660+0000] {processor.py:175} INFO - Processing /home/airflow/.local/lib/python3.7/site-packages/airflow/example_dags/example_latest_only_with_trigger.py took 0.078 seconds
[2023-06-15T18:05:40.364+0000] {processor.py:153} INFO - Started process (PID=574) to work on /home/airflow/.local/lib/python3.7/site-packages/airflow/example_dags/example_latest_only_with_trigger.py
[2023-06-15T18:05:40.365+0000] {processor.py:743} INFO - Processing file /home/airflow/.local/lib/python3.7/site-packages/airflow/example_dags/example_latest_only_with_trigger.py for tasks to queue
[2023-06-15T18:05:40.366+0000] {logging_mixin.py:137} INFO - [2023-06-15T18:05:40.366+0000] {dagbag.py:538} INFO - Filling up the DagBag from /home/airflow/.local/lib/python3.7/site-packages/airflow/example_dags/example_latest_only_with_trigger.py
[2023-06-15T18:05:40.378+0000] {processor.py:753} INFO - DAG(s) dict_keys(['latest_only_with_trigger']) retrieved from /home/airflow/.local/lib/python3.7/site-packages/airflow/example_dags/example_latest_only_with_trigger.py
[2023-06-15T18:05:40.402+0000] {logging_mixin.py:137} INFO - [2023-06-15T18:05:40.402+0000] {dag.py:2690} INFO - Sync 1 DAGs
[2023-06-15T18:05:40.420+0000] {logging_mixin.py:137} INFO - [2023-06-15T18:05:40.420+0000] {dag.py:3441} INFO - Setting next_dagrun for latest_only_with_trigger to 2023-06-15T14:05:40.419899+00:00, run_after=2023-06-15T18:05:40.419899+00:00
[2023-06-15T18:05:40.433+0000] {processor.py:175} INFO - Processing /home/airflow/.local/lib/python3.7/site-packages/airflow/example_dags/example_latest_only_with_trigger.py took 0.072 seconds
[2023-06-15T18:06:10.647+0000] {processor.py:153} INFO - Started process (PID=647) to work on /home/airflow/.local/lib/python3.7/site-packages/airflow/example_dags/example_latest_only_with_trigger.py
[2023-06-15T18:06:10.648+0000] {processor.py:743} INFO - Processing file /home/airflow/.local/lib/python3.7/site-packages/airflow/example_dags/example_latest_only_with_trigger.py for tasks to queue
[2023-06-15T18:06:10.650+0000] {logging_mixin.py:137} INFO - [2023-06-15T18:06:10.649+0000] {dagbag.py:538} INFO - Filling up the DagBag from /home/airflow/.local/lib/python3.7/site-packages/airflow/example_dags/example_latest_only_with_trigger.py
[2023-06-15T18:06:10.666+0000] {processor.py:753} INFO - DAG(s) dict_keys(['latest_only_with_trigger']) retrieved from /home/airflow/.local/lib/python3.7/site-packages/airflow/example_dags/example_latest_only_with_trigger.py
[2023-06-15T18:06:10.704+0000] {logging_mixin.py:137} INFO - [2023-06-15T18:06:10.704+0000] {dag.py:2690} INFO - Sync 1 DAGs
[2023-06-15T18:06:10.729+0000] {logging_mixin.py:137} INFO - [2023-06-15T18:06:10.728+0000] {dag.py:3441} INFO - Setting next_dagrun for latest_only_with_trigger to 2023-06-15T14:06:10.728578+00:00, run_after=2023-06-15T18:06:10.728578+00:00
[2023-06-15T18:06:10.746+0000] {processor.py:175} INFO - Processing /home/airflow/.local/lib/python3.7/site-packages/airflow/example_dags/example_latest_only_with_trigger.py took 0.105 seconds
[2023-06-15T18:06:41.149+0000] {processor.py:153} INFO - Started process (PID=714) to work on /home/airflow/.local/lib/python3.7/site-packages/airflow/example_dags/example_latest_only_with_trigger.py
[2023-06-15T18:06:41.151+0000] {processor.py:743} INFO - Processing file /home/airflow/.local/lib/python3.7/site-packages/airflow/example_dags/example_latest_only_with_trigger.py for tasks to queue
[2023-06-15T18:06:41.152+0000] {logging_mixin.py:137} INFO - [2023-06-15T18:06:41.151+0000] {dagbag.py:538} INFO - Filling up the DagBag from /home/airflow/.local/lib/python3.7/site-packages/airflow/example_dags/example_latest_only_with_trigger.py
[2023-06-15T18:06:41.164+0000] {processor.py:753} INFO - DAG(s) dict_keys(['latest_only_with_trigger']) retrieved from /home/airflow/.local/lib/python3.7/site-packages/airflow/example_dags/example_latest_only_with_trigger.py
[2023-06-15T18:06:41.188+0000] {logging_mixin.py:137} INFO - [2023-06-15T18:06:41.188+0000] {dag.py:2690} INFO - Sync 1 DAGs
[2023-06-15T18:06:41.207+0000] {logging_mixin.py:137} INFO - [2023-06-15T18:06:41.207+0000] {dag.py:3441} INFO - Setting next_dagrun for latest_only_with_trigger to 2023-06-15T14:06:41.207224+00:00, run_after=2023-06-15T18:06:41.207224+00:00
[2023-06-15T18:06:41.220+0000] {processor.py:175} INFO - Processing /home/airflow/.local/lib/python3.7/site-packages/airflow/example_dags/example_latest_only_with_trigger.py took 0.075 seconds
[2023-06-15T18:07:11.952+0000] {processor.py:153} INFO - Started process (PID=791) to work on /home/airflow/.local/lib/python3.7/site-packages/airflow/example_dags/example_latest_only_with_trigger.py
[2023-06-15T18:07:11.954+0000] {processor.py:743} INFO - Processing file /home/airflow/.local/lib/python3.7/site-packages/airflow/example_dags/example_latest_only_with_trigger.py for tasks to queue
[2023-06-15T18:07:11.955+0000] {logging_mixin.py:137} INFO - [2023-06-15T18:07:11.954+0000] {dagbag.py:538} INFO - Filling up the DagBag from /home/airflow/.local/lib/python3.7/site-packages/airflow/example_dags/example_latest_only_with_trigger.py
[2023-06-15T18:07:11.967+0000] {processor.py:753} INFO - DAG(s) dict_keys(['latest_only_with_trigger']) retrieved from /home/airflow/.local/lib/python3.7/site-packages/airflow/example_dags/example_latest_only_with_trigger.py
[2023-06-15T18:07:11.991+0000] {logging_mixin.py:137} INFO - [2023-06-15T18:07:11.991+0000] {dag.py:2690} INFO - Sync 1 DAGs
[2023-06-15T18:07:12.009+0000] {logging_mixin.py:137} INFO - [2023-06-15T18:07:12.009+0000] {dag.py:3441} INFO - Setting next_dagrun for latest_only_with_trigger to 2023-06-15T14:07:12.009403+00:00, run_after=2023-06-15T18:07:12.009403+00:00
[2023-06-15T18:07:12.024+0000] {processor.py:175} INFO - Processing /home/airflow/.local/lib/python3.7/site-packages/airflow/example_dags/example_latest_only_with_trigger.py took 0.075 seconds
[2023-06-15T18:07:42.860+0000] {processor.py:153} INFO - Started process (PID=856) to work on /home/airflow/.local/lib/python3.7/site-packages/airflow/example_dags/example_latest_only_with_trigger.py
[2023-06-15T18:07:42.862+0000] {processor.py:743} INFO - Processing file /home/airflow/.local/lib/python3.7/site-packages/airflow/example_dags/example_latest_only_with_trigger.py for tasks to queue
[2023-06-15T18:07:42.863+0000] {logging_mixin.py:137} INFO - [2023-06-15T18:07:42.863+0000] {dagbag.py:538} INFO - Filling up the DagBag from /home/airflow/.local/lib/python3.7/site-packages/airflow/example_dags/example_latest_only_with_trigger.py
[2023-06-15T18:07:42.876+0000] {processor.py:753} INFO - DAG(s) dict_keys(['latest_only_with_trigger']) retrieved from /home/airflow/.local/lib/python3.7/site-packages/airflow/example_dags/example_latest_only_with_trigger.py
[2023-06-15T18:07:42.902+0000] {logging_mixin.py:137} INFO - [2023-06-15T18:07:42.902+0000] {dag.py:2690} INFO - Sync 1 DAGs
[2023-06-15T18:07:42.927+0000] {logging_mixin.py:137} INFO - [2023-06-15T18:07:42.927+0000] {dag.py:3441} INFO - Setting next_dagrun for latest_only_with_trigger to 2023-06-15T14:07:42.927400+00:00, run_after=2023-06-15T18:07:42.927400+00:00
[2023-06-15T18:07:42.943+0000] {processor.py:175} INFO - Processing /home/airflow/.local/lib/python3.7/site-packages/airflow/example_dags/example_latest_only_with_trigger.py took 0.086 seconds
[2023-06-15T18:08:13.148+0000] {processor.py:153} INFO - Started process (PID=932) to work on /home/airflow/.local/lib/python3.7/site-packages/airflow/example_dags/example_latest_only_with_trigger.py
[2023-06-15T18:08:13.150+0000] {processor.py:743} INFO - Processing file /home/airflow/.local/lib/python3.7/site-packages/airflow/example_dags/example_latest_only_with_trigger.py for tasks to queue
[2023-06-15T18:08:13.151+0000] {logging_mixin.py:137} INFO - [2023-06-15T18:08:13.150+0000] {dagbag.py:538} INFO - Filling up the DagBag from /home/airflow/.local/lib/python3.7/site-packages/airflow/example_dags/example_latest_only_with_trigger.py
[2023-06-15T18:08:13.163+0000] {processor.py:753} INFO - DAG(s) dict_keys(['latest_only_with_trigger']) retrieved from /home/airflow/.local/lib/python3.7/site-packages/airflow/example_dags/example_latest_only_with_trigger.py
[2023-06-15T18:08:13.188+0000] {logging_mixin.py:137} INFO - [2023-06-15T18:08:13.188+0000] {dag.py:2690} INFO - Sync 1 DAGs
[2023-06-15T18:08:13.207+0000] {logging_mixin.py:137} INFO - [2023-06-15T18:08:13.207+0000] {dag.py:3441} INFO - Setting next_dagrun for latest_only_with_trigger to 2023-06-15T14:08:13.206822+00:00, run_after=2023-06-15T18:08:13.206822+00:00
[2023-06-15T18:08:13.223+0000] {processor.py:175} INFO - Processing /home/airflow/.local/lib/python3.7/site-packages/airflow/example_dags/example_latest_only_with_trigger.py took 0.078 seconds
[2023-06-15T18:08:43.780+0000] {processor.py:153} INFO - Started process (PID=1008) to work on /home/airflow/.local/lib/python3.7/site-packages/airflow/example_dags/example_latest_only_with_trigger.py
[2023-06-15T18:08:43.781+0000] {processor.py:743} INFO - Processing file /home/airflow/.local/lib/python3.7/site-packages/airflow/example_dags/example_latest_only_with_trigger.py for tasks to queue
[2023-06-15T18:08:43.782+0000] {logging_mixin.py:137} INFO - [2023-06-15T18:08:43.782+0000] {dagbag.py:538} INFO - Filling up the DagBag from /home/airflow/.local/lib/python3.7/site-packages/airflow/example_dags/example_latest_only_with_trigger.py
[2023-06-15T18:08:43.794+0000] {processor.py:753} INFO - DAG(s) dict_keys(['latest_only_with_trigger']) retrieved from /home/airflow/.local/lib/python3.7/site-packages/airflow/example_dags/example_latest_only_with_trigger.py
[2023-06-15T18:08:43.818+0000] {logging_mixin.py:137} INFO - [2023-06-15T18:08:43.818+0000] {dag.py:2690} INFO - Sync 1 DAGs
[2023-06-15T18:08:43.836+0000] {logging_mixin.py:137} INFO - [2023-06-15T18:08:43.836+0000] {dag.py:3441} INFO - Setting next_dagrun for latest_only_with_trigger to 2023-06-15T14:08:43.836622+00:00, run_after=2023-06-15T18:08:43.836622+00:00
[2023-06-15T18:08:43.851+0000] {processor.py:175} INFO - Processing /home/airflow/.local/lib/python3.7/site-packages/airflow/example_dags/example_latest_only_with_trigger.py took 0.074 seconds
[2023-06-15T18:09:14.480+0000] {processor.py:153} INFO - Started process (PID=1072) to work on /home/airflow/.local/lib/python3.7/site-packages/airflow/example_dags/example_latest_only_with_trigger.py
[2023-06-15T18:09:14.481+0000] {processor.py:743} INFO - Processing file /home/airflow/.local/lib/python3.7/site-packages/airflow/example_dags/example_latest_only_with_trigger.py for tasks to queue
[2023-06-15T18:09:14.482+0000] {logging_mixin.py:137} INFO - [2023-06-15T18:09:14.482+0000] {dagbag.py:538} INFO - Filling up the DagBag from /home/airflow/.local/lib/python3.7/site-packages/airflow/example_dags/example_latest_only_with_trigger.py
[2023-06-15T18:09:14.495+0000] {processor.py:753} INFO - DAG(s) dict_keys(['latest_only_with_trigger']) retrieved from /home/airflow/.local/lib/python3.7/site-packages/airflow/example_dags/example_latest_only_with_trigger.py
[2023-06-15T18:09:14.521+0000] {logging_mixin.py:137} INFO - [2023-06-15T18:09:14.520+0000] {dag.py:2690} INFO - Sync 1 DAGs
[2023-06-15T18:09:14.539+0000] {logging_mixin.py:137} INFO - [2023-06-15T18:09:14.539+0000] {dag.py:3441} INFO - Setting next_dagrun for latest_only_with_trigger to 2023-06-15T14:09:14.538873+00:00, run_after=2023-06-15T18:09:14.538873+00:00
[2023-06-15T18:09:14.553+0000] {processor.py:175} INFO - Processing /home/airflow/.local/lib/python3.7/site-packages/airflow/example_dags/example_latest_only_with_trigger.py took 0.076 seconds
[2023-06-15T18:09:45.116+0000] {processor.py:153} INFO - Started process (PID=1148) to work on /home/airflow/.local/lib/python3.7/site-packages/airflow/example_dags/example_latest_only_with_trigger.py
[2023-06-15T18:09:45.118+0000] {processor.py:743} INFO - Processing file /home/airflow/.local/lib/python3.7/site-packages/airflow/example_dags/example_latest_only_with_trigger.py for tasks to queue
[2023-06-15T18:09:45.119+0000] {logging_mixin.py:137} INFO - [2023-06-15T18:09:45.119+0000] {dagbag.py:538} INFO - Filling up the DagBag from /home/airflow/.local/lib/python3.7/site-packages/airflow/example_dags/example_latest_only_with_trigger.py
[2023-06-15T18:09:45.131+0000] {processor.py:753} INFO - DAG(s) dict_keys(['latest_only_with_trigger']) retrieved from /home/airflow/.local/lib/python3.7/site-packages/airflow/example_dags/example_latest_only_with_trigger.py
[2023-06-15T18:09:45.156+0000] {logging_mixin.py:137} INFO - [2023-06-15T18:09:45.156+0000] {dag.py:2690} INFO - Sync 1 DAGs
[2023-06-15T18:09:45.176+0000] {logging_mixin.py:137} INFO - [2023-06-15T18:09:45.176+0000] {dag.py:3441} INFO - Setting next_dagrun for latest_only_with_trigger to 2023-06-15T14:09:45.175831+00:00, run_after=2023-06-15T18:09:45.175831+00:00
[2023-06-15T18:09:45.189+0000] {processor.py:175} INFO - Processing /home/airflow/.local/lib/python3.7/site-packages/airflow/example_dags/example_latest_only_with_trigger.py took 0.076 seconds
[2023-06-15T18:10:15.924+0000] {processor.py:153} INFO - Started process (PID=1224) to work on /home/airflow/.local/lib/python3.7/site-packages/airflow/example_dags/example_latest_only_with_trigger.py
[2023-06-15T18:10:15.925+0000] {processor.py:743} INFO - Processing file /home/airflow/.local/lib/python3.7/site-packages/airflow/example_dags/example_latest_only_with_trigger.py for tasks to queue
[2023-06-15T18:10:15.927+0000] {logging_mixin.py:137} INFO - [2023-06-15T18:10:15.927+0000] {dagbag.py:538} INFO - Filling up the DagBag from /home/airflow/.local/lib/python3.7/site-packages/airflow/example_dags/example_latest_only_with_trigger.py
[2023-06-15T18:10:15.942+0000] {processor.py:753} INFO - DAG(s) dict_keys(['latest_only_with_trigger']) retrieved from /home/airflow/.local/lib/python3.7/site-packages/airflow/example_dags/example_latest_only_with_trigger.py
[2023-06-15T18:10:15.966+0000] {logging_mixin.py:137} INFO - [2023-06-15T18:10:15.966+0000] {dag.py:2690} INFO - Sync 1 DAGs
[2023-06-15T18:10:15.987+0000] {logging_mixin.py:137} INFO - [2023-06-15T18:10:15.987+0000] {dag.py:3441} INFO - Setting next_dagrun for latest_only_with_trigger to 2023-06-15T14:10:15.987023+00:00, run_after=2023-06-15T18:10:15.987023+00:00
[2023-06-15T18:10:16.002+0000] {processor.py:175} INFO - Processing /home/airflow/.local/lib/python3.7/site-packages/airflow/example_dags/example_latest_only_with_trigger.py took 0.083 seconds
[2023-06-15T18:10:46.530+0000] {processor.py:153} INFO - Started process (PID=1288) to work on /home/airflow/.local/lib/python3.7/site-packages/airflow/example_dags/example_latest_only_with_trigger.py
[2023-06-15T18:10:46.531+0000] {processor.py:743} INFO - Processing file /home/airflow/.local/lib/python3.7/site-packages/airflow/example_dags/example_latest_only_with_trigger.py for tasks to queue
[2023-06-15T18:10:46.532+0000] {logging_mixin.py:137} INFO - [2023-06-15T18:10:46.532+0000] {dagbag.py:538} INFO - Filling up the DagBag from /home/airflow/.local/lib/python3.7/site-packages/airflow/example_dags/example_latest_only_with_trigger.py
[2023-06-15T18:10:46.545+0000] {processor.py:753} INFO - DAG(s) dict_keys(['latest_only_with_trigger']) retrieved from /home/airflow/.local/lib/python3.7/site-packages/airflow/example_dags/example_latest_only_with_trigger.py
[2023-06-15T18:10:46.569+0000] {logging_mixin.py:137} INFO - [2023-06-15T18:10:46.569+0000] {dag.py:2690} INFO - Sync 1 DAGs
[2023-06-15T18:10:46.592+0000] {logging_mixin.py:137} INFO - [2023-06-15T18:10:46.592+0000] {dag.py:3441} INFO - Setting next_dagrun for latest_only_with_trigger to 2023-06-15T14:10:46.591761+00:00, run_after=2023-06-15T18:10:46.591761+00:00
[2023-06-15T18:10:46.605+0000] {processor.py:175} INFO - Processing /home/airflow/.local/lib/python3.7/site-packages/airflow/example_dags/example_latest_only_with_trigger.py took 0.079 seconds
[2023-06-15T18:11:17.275+0000] {processor.py:153} INFO - Started process (PID=1364) to work on /home/airflow/.local/lib/python3.7/site-packages/airflow/example_dags/example_latest_only_with_trigger.py
[2023-06-15T18:11:17.276+0000] {processor.py:743} INFO - Processing file /home/airflow/.local/lib/python3.7/site-packages/airflow/example_dags/example_latest_only_with_trigger.py for tasks to queue
[2023-06-15T18:11:17.277+0000] {logging_mixin.py:137} INFO - [2023-06-15T18:11:17.277+0000] {dagbag.py:538} INFO - Filling up the DagBag from /home/airflow/.local/lib/python3.7/site-packages/airflow/example_dags/example_latest_only_with_trigger.py
[2023-06-15T18:11:17.290+0000] {processor.py:753} INFO - DAG(s) dict_keys(['latest_only_with_trigger']) retrieved from /home/airflow/.local/lib/python3.7/site-packages/airflow/example_dags/example_latest_only_with_trigger.py
[2023-06-15T18:11:17.315+0000] {logging_mixin.py:137} INFO - [2023-06-15T18:11:17.315+0000] {dag.py:2690} INFO - Sync 1 DAGs
[2023-06-15T18:11:17.334+0000] {logging_mixin.py:137} INFO - [2023-06-15T18:11:17.334+0000] {dag.py:3441} INFO - Setting next_dagrun for latest_only_with_trigger to 2023-06-15T14:11:17.334589+00:00, run_after=2023-06-15T18:11:17.334589+00:00
[2023-06-15T18:11:17.348+0000] {processor.py:175} INFO - Processing /home/airflow/.local/lib/python3.7/site-packages/airflow/example_dags/example_latest_only_with_trigger.py took 0.076 seconds
[2023-06-15T18:11:47.728+0000] {processor.py:153} INFO - Started process (PID=1429) to work on /home/airflow/.local/lib/python3.7/site-packages/airflow/example_dags/example_latest_only_with_trigger.py
[2023-06-15T18:11:47.730+0000] {processor.py:743} INFO - Processing file /home/airflow/.local/lib/python3.7/site-packages/airflow/example_dags/example_latest_only_with_trigger.py for tasks to queue
[2023-06-15T18:11:47.731+0000] {logging_mixin.py:137} INFO - [2023-06-15T18:11:47.731+0000] {dagbag.py:538} INFO - Filling up the DagBag from /home/airflow/.local/lib/python3.7/site-packages/airflow/example_dags/example_latest_only_with_trigger.py
[2023-06-15T18:11:47.744+0000] {processor.py:753} INFO - DAG(s) dict_keys(['latest_only_with_trigger']) retrieved from /home/airflow/.local/lib/python3.7/site-packages/airflow/example_dags/example_latest_only_with_trigger.py
[2023-06-15T18:11:47.769+0000] {logging_mixin.py:137} INFO - [2023-06-15T18:11:47.769+0000] {dag.py:2690} INFO - Sync 1 DAGs
[2023-06-15T18:11:47.788+0000] {logging_mixin.py:137} INFO - [2023-06-15T18:11:47.788+0000] {dag.py:3441} INFO - Setting next_dagrun for latest_only_with_trigger to 2023-06-15T14:11:47.788286+00:00, run_after=2023-06-15T18:11:47.788286+00:00
[2023-06-15T18:11:47.804+0000] {processor.py:175} INFO - Processing /home/airflow/.local/lib/python3.7/site-packages/airflow/example_dags/example_latest_only_with_trigger.py took 0.079 seconds
[2023-06-15T18:12:18.455+0000] {processor.py:153} INFO - Started process (PID=1506) to work on /home/airflow/.local/lib/python3.7/site-packages/airflow/example_dags/example_latest_only_with_trigger.py
[2023-06-15T18:12:18.457+0000] {processor.py:743} INFO - Processing file /home/airflow/.local/lib/python3.7/site-packages/airflow/example_dags/example_latest_only_with_trigger.py for tasks to queue
[2023-06-15T18:12:18.458+0000] {logging_mixin.py:137} INFO - [2023-06-15T18:12:18.458+0000] {dagbag.py:538} INFO - Filling up the DagBag from /home/airflow/.local/lib/python3.7/site-packages/airflow/example_dags/example_latest_only_with_trigger.py
[2023-06-15T18:12:18.469+0000] {processor.py:753} INFO - DAG(s) dict_keys(['latest_only_with_trigger']) retrieved from /home/airflow/.local/lib/python3.7/site-packages/airflow/example_dags/example_latest_only_with_trigger.py
[2023-06-15T18:12:18.493+0000] {logging_mixin.py:137} INFO - [2023-06-15T18:12:18.493+0000] {dag.py:2690} INFO - Sync 1 DAGs
[2023-06-15T18:12:18.513+0000] {logging_mixin.py:137} INFO - [2023-06-15T18:12:18.513+0000] {dag.py:3441} INFO - Setting next_dagrun for latest_only_with_trigger to 2023-06-15T14:12:18.512850+00:00, run_after=2023-06-15T18:12:18.512850+00:00
[2023-06-15T18:12:18.528+0000] {processor.py:175} INFO - Processing /home/airflow/.local/lib/python3.7/site-packages/airflow/example_dags/example_latest_only_with_trigger.py took 0.076 seconds
[2023-06-15T18:12:49.101+0000] {processor.py:153} INFO - Started process (PID=1584) to work on /home/airflow/.local/lib/python3.7/site-packages/airflow/example_dags/example_latest_only_with_trigger.py
[2023-06-15T18:12:49.102+0000] {processor.py:743} INFO - Processing file /home/airflow/.local/lib/python3.7/site-packages/airflow/example_dags/example_latest_only_with_trigger.py for tasks to queue
[2023-06-15T18:12:49.103+0000] {logging_mixin.py:137} INFO - [2023-06-15T18:12:49.103+0000] {dagbag.py:538} INFO - Filling up the DagBag from /home/airflow/.local/lib/python3.7/site-packages/airflow/example_dags/example_latest_only_with_trigger.py
[2023-06-15T18:12:49.115+0000] {processor.py:753} INFO - DAG(s) dict_keys(['latest_only_with_trigger']) retrieved from /home/airflow/.local/lib/python3.7/site-packages/airflow/example_dags/example_latest_only_with_trigger.py
[2023-06-15T18:12:49.140+0000] {logging_mixin.py:137} INFO - [2023-06-15T18:12:49.140+0000] {dag.py:2690} INFO - Sync 1 DAGs
[2023-06-15T18:12:49.159+0000] {logging_mixin.py:137} INFO - [2023-06-15T18:12:49.159+0000] {dag.py:3441} INFO - Setting next_dagrun for latest_only_with_trigger to 2023-06-15T14:12:49.158835+00:00, run_after=2023-06-15T18:12:49.158835+00:00
[2023-06-15T18:12:49.173+0000] {processor.py:175} INFO - Processing /home/airflow/.local/lib/python3.7/site-packages/airflow/example_dags/example_latest_only_with_trigger.py took 0.076 seconds
[2023-06-15T18:13:19.921+0000] {processor.py:153} INFO - Started process (PID=1650) to work on /home/airflow/.local/lib/python3.7/site-packages/airflow/example_dags/example_latest_only_with_trigger.py
[2023-06-15T18:13:19.922+0000] {processor.py:743} INFO - Processing file /home/airflow/.local/lib/python3.7/site-packages/airflow/example_dags/example_latest_only_with_trigger.py for tasks to queue
[2023-06-15T18:13:19.923+0000] {logging_mixin.py:137} INFO - [2023-06-15T18:13:19.923+0000] {dagbag.py:538} INFO - Filling up the DagBag from /home/airflow/.local/lib/python3.7/site-packages/airflow/example_dags/example_latest_only_with_trigger.py
[2023-06-15T18:13:19.936+0000] {processor.py:753} INFO - DAG(s) dict_keys(['latest_only_with_trigger']) retrieved from /home/airflow/.local/lib/python3.7/site-packages/airflow/example_dags/example_latest_only_with_trigger.py
[2023-06-15T18:13:19.960+0000] {logging_mixin.py:137} INFO - [2023-06-15T18:13:19.960+0000] {dag.py:2690} INFO - Sync 1 DAGs
[2023-06-15T18:13:19.980+0000] {logging_mixin.py:137} INFO - [2023-06-15T18:13:19.979+0000] {dag.py:3441} INFO - Setting next_dagrun for latest_only_with_trigger to 2023-06-15T14:13:19.979727+00:00, run_after=2023-06-15T18:13:19.979727+00:00
[2023-06-15T18:13:19.995+0000] {processor.py:175} INFO - Processing /home/airflow/.local/lib/python3.7/site-packages/airflow/example_dags/example_latest_only_with_trigger.py took 0.078 seconds
[2023-06-15T18:13:50.678+0000] {processor.py:153} INFO - Started process (PID=1728) to work on /home/airflow/.local/lib/python3.7/site-packages/airflow/example_dags/example_latest_only_with_trigger.py
[2023-06-15T18:13:50.680+0000] {processor.py:743} INFO - Processing file /home/airflow/.local/lib/python3.7/site-packages/airflow/example_dags/example_latest_only_with_trigger.py for tasks to queue
[2023-06-15T18:13:50.681+0000] {logging_mixin.py:137} INFO - [2023-06-15T18:13:50.681+0000] {dagbag.py:538} INFO - Filling up the DagBag from /home/airflow/.local/lib/python3.7/site-packages/airflow/example_dags/example_latest_only_with_trigger.py
[2023-06-15T18:13:50.695+0000] {processor.py:753} INFO - DAG(s) dict_keys(['latest_only_with_trigger']) retrieved from /home/airflow/.local/lib/python3.7/site-packages/airflow/example_dags/example_latest_only_with_trigger.py
[2023-06-15T18:13:50.720+0000] {logging_mixin.py:137} INFO - [2023-06-15T18:13:50.720+0000] {dag.py:2690} INFO - Sync 1 DAGs
[2023-06-15T18:13:50.743+0000] {logging_mixin.py:137} INFO - [2023-06-15T18:13:50.743+0000] {dag.py:3441} INFO - Setting next_dagrun for latest_only_with_trigger to 2023-06-15T14:13:50.742959+00:00, run_after=2023-06-15T18:13:50.742959+00:00
[2023-06-15T18:13:50.761+0000] {processor.py:175} INFO - Processing /home/airflow/.local/lib/python3.7/site-packages/airflow/example_dags/example_latest_only_with_trigger.py took 0.087 seconds
[2023-06-15T18:14:20.873+0000] {processor.py:153} INFO - Started process (PID=1805) to work on /home/airflow/.local/lib/python3.7/site-packages/airflow/example_dags/example_latest_only_with_trigger.py
[2023-06-15T18:14:20.875+0000] {processor.py:743} INFO - Processing file /home/airflow/.local/lib/python3.7/site-packages/airflow/example_dags/example_latest_only_with_trigger.py for tasks to queue
[2023-06-15T18:14:20.876+0000] {logging_mixin.py:137} INFO - [2023-06-15T18:14:20.876+0000] {dagbag.py:538} INFO - Filling up the DagBag from /home/airflow/.local/lib/python3.7/site-packages/airflow/example_dags/example_latest_only_with_trigger.py
[2023-06-15T18:14:20.892+0000] {processor.py:753} INFO - DAG(s) dict_keys(['latest_only_with_trigger']) retrieved from /home/airflow/.local/lib/python3.7/site-packages/airflow/example_dags/example_latest_only_with_trigger.py
[2023-06-15T18:14:20.917+0000] {logging_mixin.py:137} INFO - [2023-06-15T18:14:20.917+0000] {dag.py:2690} INFO - Sync 1 DAGs
[2023-06-15T18:14:20.939+0000] {logging_mixin.py:137} INFO - [2023-06-15T18:14:20.939+0000] {dag.py:3441} INFO - Setting next_dagrun for latest_only_with_trigger to 2023-06-15T14:14:20.939315+00:00, run_after=2023-06-15T18:14:20.939315+00:00
[2023-06-15T18:14:20.956+0000] {processor.py:175} INFO - Processing /home/airflow/.local/lib/python3.7/site-packages/airflow/example_dags/example_latest_only_with_trigger.py took 0.087 seconds
[2023-06-15T18:14:51.885+0000] {processor.py:153} INFO - Started process (PID=1870) to work on /home/airflow/.local/lib/python3.7/site-packages/airflow/example_dags/example_latest_only_with_trigger.py
[2023-06-15T18:14:51.886+0000] {processor.py:743} INFO - Processing file /home/airflow/.local/lib/python3.7/site-packages/airflow/example_dags/example_latest_only_with_trigger.py for tasks to queue
[2023-06-15T18:14:51.887+0000] {logging_mixin.py:137} INFO - [2023-06-15T18:14:51.887+0000] {dagbag.py:538} INFO - Filling up the DagBag from /home/airflow/.local/lib/python3.7/site-packages/airflow/example_dags/example_latest_only_with_trigger.py
[2023-06-15T18:14:51.903+0000] {processor.py:753} INFO - DAG(s) dict_keys(['latest_only_with_trigger']) retrieved from /home/airflow/.local/lib/python3.7/site-packages/airflow/example_dags/example_latest_only_with_trigger.py
[2023-06-15T18:14:51.931+0000] {logging_mixin.py:137} INFO - [2023-06-15T18:14:51.931+0000] {dag.py:2690} INFO - Sync 1 DAGs
[2023-06-15T18:14:51.951+0000] {logging_mixin.py:137} INFO - [2023-06-15T18:14:51.951+0000] {dag.py:3441} INFO - Setting next_dagrun for latest_only_with_trigger to 2023-06-15T14:14:51.951516+00:00, run_after=2023-06-15T18:14:51.951516+00:00
[2023-06-15T18:14:51.970+0000] {processor.py:175} INFO - Processing /home/airflow/.local/lib/python3.7/site-packages/airflow/example_dags/example_latest_only_with_trigger.py took 0.089 seconds
[2023-06-15T18:15:22.318+0000] {processor.py:153} INFO - Started process (PID=1948) to work on /home/airflow/.local/lib/python3.7/site-packages/airflow/example_dags/example_latest_only_with_trigger.py
[2023-06-15T18:15:22.323+0000] {processor.py:743} INFO - Processing file /home/airflow/.local/lib/python3.7/site-packages/airflow/example_dags/example_latest_only_with_trigger.py for tasks to queue
[2023-06-15T18:15:22.325+0000] {logging_mixin.py:137} INFO - [2023-06-15T18:15:22.324+0000] {dagbag.py:538} INFO - Filling up the DagBag from /home/airflow/.local/lib/python3.7/site-packages/airflow/example_dags/example_latest_only_with_trigger.py
[2023-06-15T18:15:22.346+0000] {processor.py:753} INFO - DAG(s) dict_keys(['latest_only_with_trigger']) retrieved from /home/airflow/.local/lib/python3.7/site-packages/airflow/example_dags/example_latest_only_with_trigger.py
[2023-06-15T18:15:22.381+0000] {logging_mixin.py:137} INFO - [2023-06-15T18:15:22.381+0000] {dag.py:2690} INFO - Sync 1 DAGs
[2023-06-15T18:15:22.403+0000] {logging_mixin.py:137} INFO - [2023-06-15T18:15:22.403+0000] {dag.py:3441} INFO - Setting next_dagrun for latest_only_with_trigger to 2023-06-15T14:15:22.402786+00:00, run_after=2023-06-15T18:15:22.402786+00:00
[2023-06-15T18:15:22.419+0000] {processor.py:175} INFO - Processing /home/airflow/.local/lib/python3.7/site-packages/airflow/example_dags/example_latest_only_with_trigger.py took 0.104 seconds
[2023-06-15T18:15:52.701+0000] {processor.py:153} INFO - Started process (PID=2014) to work on /home/airflow/.local/lib/python3.7/site-packages/airflow/example_dags/example_latest_only_with_trigger.py
[2023-06-15T18:15:52.703+0000] {processor.py:743} INFO - Processing file /home/airflow/.local/lib/python3.7/site-packages/airflow/example_dags/example_latest_only_with_trigger.py for tasks to queue
[2023-06-15T18:15:52.703+0000] {logging_mixin.py:137} INFO - [2023-06-15T18:15:52.703+0000] {dagbag.py:538} INFO - Filling up the DagBag from /home/airflow/.local/lib/python3.7/site-packages/airflow/example_dags/example_latest_only_with_trigger.py
[2023-06-15T18:15:52.716+0000] {processor.py:753} INFO - DAG(s) dict_keys(['latest_only_with_trigger']) retrieved from /home/airflow/.local/lib/python3.7/site-packages/airflow/example_dags/example_latest_only_with_trigger.py
[2023-06-15T18:15:52.739+0000] {logging_mixin.py:137} INFO - [2023-06-15T18:15:52.739+0000] {dag.py:2690} INFO - Sync 1 DAGs
[2023-06-15T18:15:52.761+0000] {logging_mixin.py:137} INFO - [2023-06-15T18:15:52.761+0000] {dag.py:3441} INFO - Setting next_dagrun for latest_only_with_trigger to 2023-06-15T14:15:52.760153+00:00, run_after=2023-06-15T18:15:52.760153+00:00
[2023-06-15T18:15:52.776+0000] {processor.py:175} INFO - Processing /home/airflow/.local/lib/python3.7/site-packages/airflow/example_dags/example_latest_only_with_trigger.py took 0.078 seconds
[2023-06-15T18:16:23.162+0000] {processor.py:153} INFO - Started process (PID=2091) to work on /home/airflow/.local/lib/python3.7/site-packages/airflow/example_dags/example_latest_only_with_trigger.py
[2023-06-15T18:16:23.164+0000] {processor.py:743} INFO - Processing file /home/airflow/.local/lib/python3.7/site-packages/airflow/example_dags/example_latest_only_with_trigger.py for tasks to queue
[2023-06-15T18:16:23.165+0000] {logging_mixin.py:137} INFO - [2023-06-15T18:16:23.164+0000] {dagbag.py:538} INFO - Filling up the DagBag from /home/airflow/.local/lib/python3.7/site-packages/airflow/example_dags/example_latest_only_with_trigger.py
[2023-06-15T18:16:23.176+0000] {processor.py:753} INFO - DAG(s) dict_keys(['latest_only_with_trigger']) retrieved from /home/airflow/.local/lib/python3.7/site-packages/airflow/example_dags/example_latest_only_with_trigger.py
[2023-06-15T18:16:23.200+0000] {logging_mixin.py:137} INFO - [2023-06-15T18:16:23.200+0000] {dag.py:2690} INFO - Sync 1 DAGs
[2023-06-15T18:16:23.219+0000] {logging_mixin.py:137} INFO - [2023-06-15T18:16:23.219+0000] {dag.py:3441} INFO - Setting next_dagrun for latest_only_with_trigger to 2023-06-15T14:16:23.219542+00:00, run_after=2023-06-15T18:16:23.219542+00:00
[2023-06-15T18:16:23.233+0000] {processor.py:175} INFO - Processing /home/airflow/.local/lib/python3.7/site-packages/airflow/example_dags/example_latest_only_with_trigger.py took 0.075 seconds
[2023-06-15T18:16:53.826+0000] {processor.py:153} INFO - Started process (PID=2168) to work on /home/airflow/.local/lib/python3.7/site-packages/airflow/example_dags/example_latest_only_with_trigger.py
[2023-06-15T18:16:53.828+0000] {processor.py:743} INFO - Processing file /home/airflow/.local/lib/python3.7/site-packages/airflow/example_dags/example_latest_only_with_trigger.py for tasks to queue
[2023-06-15T18:16:53.829+0000] {logging_mixin.py:137} INFO - [2023-06-15T18:16:53.829+0000] {dagbag.py:538} INFO - Filling up the DagBag from /home/airflow/.local/lib/python3.7/site-packages/airflow/example_dags/example_latest_only_with_trigger.py
[2023-06-15T18:16:53.841+0000] {processor.py:753} INFO - DAG(s) dict_keys(['latest_only_with_trigger']) retrieved from /home/airflow/.local/lib/python3.7/site-packages/airflow/example_dags/example_latest_only_with_trigger.py
[2023-06-15T18:16:53.866+0000] {logging_mixin.py:137} INFO - [2023-06-15T18:16:53.866+0000] {dag.py:2690} INFO - Sync 1 DAGs
[2023-06-15T18:16:53.884+0000] {logging_mixin.py:137} INFO - [2023-06-15T18:16:53.884+0000] {dag.py:3441} INFO - Setting next_dagrun for latest_only_with_trigger to 2023-06-15T14:16:53.884381+00:00, run_after=2023-06-15T18:16:53.884381+00:00
[2023-06-15T18:16:53.898+0000] {processor.py:175} INFO - Processing /home/airflow/.local/lib/python3.7/site-packages/airflow/example_dags/example_latest_only_with_trigger.py took 0.075 seconds
[2023-06-15T18:17:24.164+0000] {processor.py:153} INFO - Started process (PID=2233) to work on /home/airflow/.local/lib/python3.7/site-packages/airflow/example_dags/example_latest_only_with_trigger.py
[2023-06-15T18:17:24.165+0000] {processor.py:743} INFO - Processing file /home/airflow/.local/lib/python3.7/site-packages/airflow/example_dags/example_latest_only_with_trigger.py for tasks to queue
[2023-06-15T18:17:24.166+0000] {logging_mixin.py:137} INFO - [2023-06-15T18:17:24.166+0000] {dagbag.py:538} INFO - Filling up the DagBag from /home/airflow/.local/lib/python3.7/site-packages/airflow/example_dags/example_latest_only_with_trigger.py
[2023-06-15T18:17:24.179+0000] {processor.py:753} INFO - DAG(s) dict_keys(['latest_only_with_trigger']) retrieved from /home/airflow/.local/lib/python3.7/site-packages/airflow/example_dags/example_latest_only_with_trigger.py
[2023-06-15T18:17:24.203+0000] {logging_mixin.py:137} INFO - [2023-06-15T18:17:24.203+0000] {dag.py:2690} INFO - Sync 1 DAGs
[2023-06-15T18:17:24.222+0000] {logging_mixin.py:137} INFO - [2023-06-15T18:17:24.222+0000] {dag.py:3441} INFO - Setting next_dagrun for latest_only_with_trigger to 2023-06-15T14:17:24.221848+00:00, run_after=2023-06-15T18:17:24.221848+00:00
[2023-06-15T18:17:24.237+0000] {processor.py:175} INFO - Processing /home/airflow/.local/lib/python3.7/site-packages/airflow/example_dags/example_latest_only_with_trigger.py took 0.076 seconds
[2023-06-15T18:44:54.057+0000] {processor.py:153} INFO - Started process (PID=2317) to work on /home/airflow/.local/lib/python3.7/site-packages/airflow/example_dags/example_latest_only_with_trigger.py
[2023-06-15T18:44:54.058+0000] {processor.py:743} INFO - Processing file /home/airflow/.local/lib/python3.7/site-packages/airflow/example_dags/example_latest_only_with_trigger.py for tasks to queue
[2023-06-15T18:44:54.059+0000] {logging_mixin.py:137} INFO - [2023-06-15T18:44:54.059+0000] {dagbag.py:538} INFO - Filling up the DagBag from /home/airflow/.local/lib/python3.7/site-packages/airflow/example_dags/example_latest_only_with_trigger.py
[2023-06-15T18:44:54.072+0000] {processor.py:753} INFO - DAG(s) dict_keys(['latest_only_with_trigger']) retrieved from /home/airflow/.local/lib/python3.7/site-packages/airflow/example_dags/example_latest_only_with_trigger.py
[2023-06-15T18:44:54.097+0000] {logging_mixin.py:137} INFO - [2023-06-15T18:44:54.097+0000] {dag.py:2690} INFO - Sync 1 DAGs
[2023-06-15T18:44:54.117+0000] {logging_mixin.py:137} INFO - [2023-06-15T18:44:54.117+0000] {dag.py:3441} INFO - Setting next_dagrun for latest_only_with_trigger to 2023-06-15T14:44:54.117120+00:00, run_after=2023-06-15T18:44:54.117120+00:00
[2023-06-15T18:44:54.134+0000] {processor.py:175} INFO - Processing /home/airflow/.local/lib/python3.7/site-packages/airflow/example_dags/example_latest_only_with_trigger.py took 0.081 seconds
[2023-06-15T18:45:24.686+0000] {processor.py:153} INFO - Started process (PID=2383) to work on /home/airflow/.local/lib/python3.7/site-packages/airflow/example_dags/example_latest_only_with_trigger.py
[2023-06-15T18:45:24.689+0000] {processor.py:743} INFO - Processing file /home/airflow/.local/lib/python3.7/site-packages/airflow/example_dags/example_latest_only_with_trigger.py for tasks to queue
[2023-06-15T18:45:24.690+0000] {logging_mixin.py:137} INFO - [2023-06-15T18:45:24.690+0000] {dagbag.py:538} INFO - Filling up the DagBag from /home/airflow/.local/lib/python3.7/site-packages/airflow/example_dags/example_latest_only_with_trigger.py
[2023-06-15T18:45:24.702+0000] {processor.py:753} INFO - DAG(s) dict_keys(['latest_only_with_trigger']) retrieved from /home/airflow/.local/lib/python3.7/site-packages/airflow/example_dags/example_latest_only_with_trigger.py
[2023-06-15T18:45:24.729+0000] {logging_mixin.py:137} INFO - [2023-06-15T18:45:24.728+0000] {dag.py:2690} INFO - Sync 1 DAGs
[2023-06-15T18:45:24.750+0000] {logging_mixin.py:137} INFO - [2023-06-15T18:45:24.750+0000] {dag.py:3441} INFO - Setting next_dagrun for latest_only_with_trigger to 2023-06-15T14:45:24.749970+00:00, run_after=2023-06-15T18:45:24.749970+00:00
[2023-06-15T18:45:24.766+0000] {processor.py:175} INFO - Processing /home/airflow/.local/lib/python3.7/site-packages/airflow/example_dags/example_latest_only_with_trigger.py took 0.083 seconds
[2023-06-15T18:45:55.487+0000] {processor.py:153} INFO - Started process (PID=2460) to work on /home/airflow/.local/lib/python3.7/site-packages/airflow/example_dags/example_latest_only_with_trigger.py
[2023-06-15T18:45:55.489+0000] {processor.py:743} INFO - Processing file /home/airflow/.local/lib/python3.7/site-packages/airflow/example_dags/example_latest_only_with_trigger.py for tasks to queue
[2023-06-15T18:45:55.490+0000] {logging_mixin.py:137} INFO - [2023-06-15T18:45:55.490+0000] {dagbag.py:538} INFO - Filling up the DagBag from /home/airflow/.local/lib/python3.7/site-packages/airflow/example_dags/example_latest_only_with_trigger.py
[2023-06-15T18:45:55.503+0000] {processor.py:753} INFO - DAG(s) dict_keys(['latest_only_with_trigger']) retrieved from /home/airflow/.local/lib/python3.7/site-packages/airflow/example_dags/example_latest_only_with_trigger.py
[2023-06-15T18:45:55.527+0000] {logging_mixin.py:137} INFO - [2023-06-15T18:45:55.527+0000] {dag.py:2690} INFO - Sync 1 DAGs
[2023-06-15T18:45:55.548+0000] {logging_mixin.py:137} INFO - [2023-06-15T18:45:55.548+0000] {dag.py:3441} INFO - Setting next_dagrun for latest_only_with_trigger to 2023-06-15T14:45:55.548004+00:00, run_after=2023-06-15T18:45:55.548004+00:00
[2023-06-15T18:45:55.561+0000] {processor.py:175} INFO - Processing /home/airflow/.local/lib/python3.7/site-packages/airflow/example_dags/example_latest_only_with_trigger.py took 0.078 seconds
[2023-06-15T18:46:26.683+0000] {processor.py:153} INFO - Started process (PID=2537) to work on /home/airflow/.local/lib/python3.7/site-packages/airflow/example_dags/example_latest_only_with_trigger.py
[2023-06-15T18:46:26.684+0000] {processor.py:743} INFO - Processing file /home/airflow/.local/lib/python3.7/site-packages/airflow/example_dags/example_latest_only_with_trigger.py for tasks to queue
[2023-06-15T18:46:26.685+0000] {logging_mixin.py:137} INFO - [2023-06-15T18:46:26.685+0000] {dagbag.py:538} INFO - Filling up the DagBag from /home/airflow/.local/lib/python3.7/site-packages/airflow/example_dags/example_latest_only_with_trigger.py
[2023-06-15T18:46:26.699+0000] {processor.py:753} INFO - DAG(s) dict_keys(['latest_only_with_trigger']) retrieved from /home/airflow/.local/lib/python3.7/site-packages/airflow/example_dags/example_latest_only_with_trigger.py
[2023-06-15T18:46:26.723+0000] {logging_mixin.py:137} INFO - [2023-06-15T18:46:26.722+0000] {dag.py:2690} INFO - Sync 1 DAGs
[2023-06-15T18:46:26.743+0000] {logging_mixin.py:137} INFO - [2023-06-15T18:46:26.743+0000] {dag.py:3441} INFO - Setting next_dagrun for latest_only_with_trigger to 2023-06-15T14:46:26.743119+00:00, run_after=2023-06-15T18:46:26.743119+00:00
[2023-06-15T18:46:26.760+0000] {processor.py:175} INFO - Processing /home/airflow/.local/lib/python3.7/site-packages/airflow/example_dags/example_latest_only_with_trigger.py took 0.081 seconds
[2023-06-15T18:46:57.649+0000] {processor.py:153} INFO - Started process (PID=2602) to work on /home/airflow/.local/lib/python3.7/site-packages/airflow/example_dags/example_latest_only_with_trigger.py
[2023-06-15T18:46:57.654+0000] {processor.py:743} INFO - Processing file /home/airflow/.local/lib/python3.7/site-packages/airflow/example_dags/example_latest_only_with_trigger.py for tasks to queue
[2023-06-15T18:46:57.655+0000] {logging_mixin.py:137} INFO - [2023-06-15T18:46:57.655+0000] {dagbag.py:538} INFO - Filling up the DagBag from /home/airflow/.local/lib/python3.7/site-packages/airflow/example_dags/example_latest_only_with_trigger.py
[2023-06-15T18:46:57.671+0000] {processor.py:753} INFO - DAG(s) dict_keys(['latest_only_with_trigger']) retrieved from /home/airflow/.local/lib/python3.7/site-packages/airflow/example_dags/example_latest_only_with_trigger.py
[2023-06-15T18:46:57.704+0000] {logging_mixin.py:137} INFO - [2023-06-15T18:46:57.704+0000] {dag.py:2690} INFO - Sync 1 DAGs
[2023-06-15T18:46:57.732+0000] {logging_mixin.py:137} INFO - [2023-06-15T18:46:57.732+0000] {dag.py:3441} INFO - Setting next_dagrun for latest_only_with_trigger to 2023-06-15T14:46:57.732631+00:00, run_after=2023-06-15T18:46:57.732631+00:00
[2023-06-15T18:46:57.749+0000] {processor.py:175} INFO - Processing /home/airflow/.local/lib/python3.7/site-packages/airflow/example_dags/example_latest_only_with_trigger.py took 0.103 seconds
[2023-06-15T18:47:28.705+0000] {processor.py:153} INFO - Started process (PID=2679) to work on /home/airflow/.local/lib/python3.7/site-packages/airflow/example_dags/example_latest_only_with_trigger.py
[2023-06-15T18:47:28.706+0000] {processor.py:743} INFO - Processing file /home/airflow/.local/lib/python3.7/site-packages/airflow/example_dags/example_latest_only_with_trigger.py for tasks to queue
[2023-06-15T18:47:28.707+0000] {logging_mixin.py:137} INFO - [2023-06-15T18:47:28.707+0000] {dagbag.py:538} INFO - Filling up the DagBag from /home/airflow/.local/lib/python3.7/site-packages/airflow/example_dags/example_latest_only_with_trigger.py
[2023-06-15T18:47:28.720+0000] {processor.py:753} INFO - DAG(s) dict_keys(['latest_only_with_trigger']) retrieved from /home/airflow/.local/lib/python3.7/site-packages/airflow/example_dags/example_latest_only_with_trigger.py
[2023-06-15T18:47:28.746+0000] {logging_mixin.py:137} INFO - [2023-06-15T18:47:28.746+0000] {dag.py:2690} INFO - Sync 1 DAGs
[2023-06-15T18:47:28.765+0000] {logging_mixin.py:137} INFO - [2023-06-15T18:47:28.765+0000] {dag.py:3441} INFO - Setting next_dagrun for latest_only_with_trigger to 2023-06-15T14:47:28.765158+00:00, run_after=2023-06-15T18:47:28.765158+00:00
[2023-06-15T18:47:28.779+0000] {processor.py:175} INFO - Processing /home/airflow/.local/lib/python3.7/site-packages/airflow/example_dags/example_latest_only_with_trigger.py took 0.077 seconds
[2023-06-15T18:47:59.380+0000] {processor.py:153} INFO - Started process (PID=2756) to work on /home/airflow/.local/lib/python3.7/site-packages/airflow/example_dags/example_latest_only_with_trigger.py
[2023-06-15T18:47:59.381+0000] {processor.py:743} INFO - Processing file /home/airflow/.local/lib/python3.7/site-packages/airflow/example_dags/example_latest_only_with_trigger.py for tasks to queue
[2023-06-15T18:47:59.383+0000] {logging_mixin.py:137} INFO - [2023-06-15T18:47:59.382+0000] {dagbag.py:538} INFO - Filling up the DagBag from /home/airflow/.local/lib/python3.7/site-packages/airflow/example_dags/example_latest_only_with_trigger.py
[2023-06-15T18:47:59.394+0000] {processor.py:753} INFO - DAG(s) dict_keys(['latest_only_with_trigger']) retrieved from /home/airflow/.local/lib/python3.7/site-packages/airflow/example_dags/example_latest_only_with_trigger.py
[2023-06-15T18:47:59.419+0000] {logging_mixin.py:137} INFO - [2023-06-15T18:47:59.419+0000] {dag.py:2690} INFO - Sync 1 DAGs
[2023-06-15T18:47:59.438+0000] {logging_mixin.py:137} INFO - [2023-06-15T18:47:59.438+0000] {dag.py:3441} INFO - Setting next_dagrun for latest_only_with_trigger to 2023-06-15T14:47:59.438303+00:00, run_after=2023-06-15T18:47:59.438303+00:00
[2023-06-15T18:47:59.456+0000] {processor.py:175} INFO - Processing /home/airflow/.local/lib/python3.7/site-packages/airflow/example_dags/example_latest_only_with_trigger.py took 0.078 seconds
[2023-06-15T18:48:31.714+0000] {processor.py:153} INFO - Started process (PID=2821) to work on /home/airflow/.local/lib/python3.7/site-packages/airflow/example_dags/example_latest_only_with_trigger.py
[2023-06-15T18:48:31.715+0000] {processor.py:743} INFO - Processing file /home/airflow/.local/lib/python3.7/site-packages/airflow/example_dags/example_latest_only_with_trigger.py for tasks to queue
[2023-06-15T18:48:31.716+0000] {logging_mixin.py:137} INFO - [2023-06-15T18:48:31.716+0000] {dagbag.py:538} INFO - Filling up the DagBag from /home/airflow/.local/lib/python3.7/site-packages/airflow/example_dags/example_latest_only_with_trigger.py
[2023-06-15T18:48:31.729+0000] {processor.py:753} INFO - DAG(s) dict_keys(['latest_only_with_trigger']) retrieved from /home/airflow/.local/lib/python3.7/site-packages/airflow/example_dags/example_latest_only_with_trigger.py
[2023-06-15T18:48:31.753+0000] {logging_mixin.py:137} INFO - [2023-06-15T18:48:31.753+0000] {dag.py:2690} INFO - Sync 1 DAGs
[2023-06-15T18:48:31.774+0000] {logging_mixin.py:137} INFO - [2023-06-15T18:48:31.774+0000] {dag.py:3441} INFO - Setting next_dagrun for latest_only_with_trigger to 2023-06-15T14:48:31.774392+00:00, run_after=2023-06-15T18:48:31.774392+00:00
[2023-06-15T18:48:31.788+0000] {processor.py:175} INFO - Processing /home/airflow/.local/lib/python3.7/site-packages/airflow/example_dags/example_latest_only_with_trigger.py took 0.078 seconds
[2023-06-15T18:49:02.971+0000] {processor.py:153} INFO - Started process (PID=2886) to work on /home/airflow/.local/lib/python3.7/site-packages/airflow/example_dags/example_latest_only_with_trigger.py
[2023-06-15T18:49:02.973+0000] {processor.py:743} INFO - Processing file /home/airflow/.local/lib/python3.7/site-packages/airflow/example_dags/example_latest_only_with_trigger.py for tasks to queue
[2023-06-15T18:49:02.974+0000] {logging_mixin.py:137} INFO - [2023-06-15T18:49:02.974+0000] {dagbag.py:538} INFO - Filling up the DagBag from /home/airflow/.local/lib/python3.7/site-packages/airflow/example_dags/example_latest_only_with_trigger.py
[2023-06-15T18:49:02.987+0000] {processor.py:753} INFO - DAG(s) dict_keys(['latest_only_with_trigger']) retrieved from /home/airflow/.local/lib/python3.7/site-packages/airflow/example_dags/example_latest_only_with_trigger.py
[2023-06-15T18:49:03.014+0000] {logging_mixin.py:137} INFO - [2023-06-15T18:49:03.014+0000] {dag.py:2690} INFO - Sync 1 DAGs
[2023-06-15T18:49:03.034+0000] {logging_mixin.py:137} INFO - [2023-06-15T18:49:03.034+0000] {dag.py:3441} INFO - Setting next_dagrun for latest_only_with_trigger to 2023-06-15T14:49:03.034348+00:00, run_after=2023-06-15T18:49:03.034348+00:00
[2023-06-15T18:49:03.049+0000] {processor.py:175} INFO - Processing /home/airflow/.local/lib/python3.7/site-packages/airflow/example_dags/example_latest_only_with_trigger.py took 0.083 seconds
