[2023-06-15T18:02:02.269+0000] {processor.py:153} INFO - Started process (PID=62) to work on /home/airflow/.local/lib/python3.7/site-packages/airflow/example_dags/tutorial.py
[2023-06-15T18:02:02.271+0000] {processor.py:743} INFO - Processing file /home/airflow/.local/lib/python3.7/site-packages/airflow/example_dags/tutorial.py for tasks to queue
[2023-06-15T18:02:02.272+0000] {logging_mixin.py:137} INFO - [2023-06-15T18:02:02.272+0000] {dagbag.py:538} INFO - Filling up the DagBag from /home/airflow/.local/lib/python3.7/site-packages/airflow/example_dags/tutorial.py
[2023-06-15T18:02:02.318+0000] {processor.py:753} INFO - DAG(s) dict_keys(['tutorial']) retrieved from /home/airflow/.local/lib/python3.7/site-packages/airflow/example_dags/tutorial.py
[2023-06-15T18:02:02.356+0000] {logging_mixin.py:137} INFO - [2023-06-15T18:02:02.356+0000] {dag.py:2690} INFO - Sync 1 DAGs
[2023-06-15T18:02:02.461+0000] {logging_mixin.py:137} INFO - [2023-06-15T18:02:02.461+0000] {dag.py:3441} INFO - Setting next_dagrun for tutorial to 2023-06-14T18:02:02.459770+00:00, run_after=2023-06-15T18:02:02.459770+00:00
[2023-06-15T18:02:02.581+0000] {processor.py:175} INFO - Processing /home/airflow/.local/lib/python3.7/site-packages/airflow/example_dags/tutorial.py took 0.326 seconds
[2023-06-15T18:02:32.808+0000] {processor.py:153} INFO - Started process (PID=126) to work on /home/airflow/.local/lib/python3.7/site-packages/airflow/example_dags/tutorial.py
[2023-06-15T18:02:32.810+0000] {processor.py:743} INFO - Processing file /home/airflow/.local/lib/python3.7/site-packages/airflow/example_dags/tutorial.py for tasks to queue
[2023-06-15T18:02:32.811+0000] {logging_mixin.py:137} INFO - [2023-06-15T18:02:32.811+0000] {dagbag.py:538} INFO - Filling up the DagBag from /home/airflow/.local/lib/python3.7/site-packages/airflow/example_dags/tutorial.py
[2023-06-15T18:02:32.824+0000] {processor.py:753} INFO - DAG(s) dict_keys(['tutorial']) retrieved from /home/airflow/.local/lib/python3.7/site-packages/airflow/example_dags/tutorial.py
[2023-06-15T18:02:32.848+0000] {logging_mixin.py:137} INFO - [2023-06-15T18:02:32.848+0000] {dag.py:2690} INFO - Sync 1 DAGs
[2023-06-15T18:02:32.866+0000] {logging_mixin.py:137} INFO - [2023-06-15T18:02:32.866+0000] {dag.py:3441} INFO - Setting next_dagrun for tutorial to 2023-06-14T18:02:32.866536+00:00, run_after=2023-06-15T18:02:32.866536+00:00
[2023-06-15T18:02:32.880+0000] {processor.py:175} INFO - Processing /home/airflow/.local/lib/python3.7/site-packages/airflow/example_dags/tutorial.py took 0.075 seconds
[2023-06-15T18:03:03.734+0000] {processor.py:153} INFO - Started process (PID=202) to work on /home/airflow/.local/lib/python3.7/site-packages/airflow/example_dags/tutorial.py
[2023-06-15T18:03:03.736+0000] {processor.py:743} INFO - Processing file /home/airflow/.local/lib/python3.7/site-packages/airflow/example_dags/tutorial.py for tasks to queue
[2023-06-15T18:03:03.737+0000] {logging_mixin.py:137} INFO - [2023-06-15T18:03:03.737+0000] {dagbag.py:538} INFO - Filling up the DagBag from /home/airflow/.local/lib/python3.7/site-packages/airflow/example_dags/tutorial.py
[2023-06-15T18:03:03.752+0000] {processor.py:753} INFO - DAG(s) dict_keys(['tutorial']) retrieved from /home/airflow/.local/lib/python3.7/site-packages/airflow/example_dags/tutorial.py
[2023-06-15T18:03:03.781+0000] {logging_mixin.py:137} INFO - [2023-06-15T18:03:03.781+0000] {dag.py:2690} INFO - Sync 1 DAGs
[2023-06-15T18:03:03.801+0000] {logging_mixin.py:137} INFO - [2023-06-15T18:03:03.801+0000] {dag.py:3441} INFO - Setting next_dagrun for tutorial to 2023-06-14T18:03:03.801574+00:00, run_after=2023-06-15T18:03:03.801574+00:00
[2023-06-15T18:03:03.818+0000] {processor.py:175} INFO - Processing /home/airflow/.local/lib/python3.7/site-packages/airflow/example_dags/tutorial.py took 0.089 seconds
[2023-06-15T18:03:34.637+0000] {processor.py:153} INFO - Started process (PID=267) to work on /home/airflow/.local/lib/python3.7/site-packages/airflow/example_dags/tutorial.py
[2023-06-15T18:03:34.639+0000] {processor.py:743} INFO - Processing file /home/airflow/.local/lib/python3.7/site-packages/airflow/example_dags/tutorial.py for tasks to queue
[2023-06-15T18:03:34.640+0000] {logging_mixin.py:137} INFO - [2023-06-15T18:03:34.640+0000] {dagbag.py:538} INFO - Filling up the DagBag from /home/airflow/.local/lib/python3.7/site-packages/airflow/example_dags/tutorial.py
[2023-06-15T18:03:34.655+0000] {processor.py:753} INFO - DAG(s) dict_keys(['tutorial']) retrieved from /home/airflow/.local/lib/python3.7/site-packages/airflow/example_dags/tutorial.py
[2023-06-15T18:03:34.692+0000] {logging_mixin.py:137} INFO - [2023-06-15T18:03:34.691+0000] {dag.py:2690} INFO - Sync 1 DAGs
[2023-06-15T18:03:34.718+0000] {logging_mixin.py:137} INFO - [2023-06-15T18:03:34.718+0000] {dag.py:3441} INFO - Setting next_dagrun for tutorial to 2023-06-14T18:03:34.718050+00:00, run_after=2023-06-15T18:03:34.718050+00:00
[2023-06-15T18:03:34.748+0000] {processor.py:175} INFO - Processing /home/airflow/.local/lib/python3.7/site-packages/airflow/example_dags/tutorial.py took 0.114 seconds
[2023-06-15T18:04:05.441+0000] {processor.py:153} INFO - Started process (PID=344) to work on /home/airflow/.local/lib/python3.7/site-packages/airflow/example_dags/tutorial.py
[2023-06-15T18:04:05.443+0000] {processor.py:743} INFO - Processing file /home/airflow/.local/lib/python3.7/site-packages/airflow/example_dags/tutorial.py for tasks to queue
[2023-06-15T18:04:05.444+0000] {logging_mixin.py:137} INFO - [2023-06-15T18:04:05.444+0000] {dagbag.py:538} INFO - Filling up the DagBag from /home/airflow/.local/lib/python3.7/site-packages/airflow/example_dags/tutorial.py
[2023-06-15T18:04:05.457+0000] {processor.py:753} INFO - DAG(s) dict_keys(['tutorial']) retrieved from /home/airflow/.local/lib/python3.7/site-packages/airflow/example_dags/tutorial.py
[2023-06-15T18:04:05.480+0000] {logging_mixin.py:137} INFO - [2023-06-15T18:04:05.479+0000] {dag.py:2690} INFO - Sync 1 DAGs
[2023-06-15T18:04:05.499+0000] {logging_mixin.py:137} INFO - [2023-06-15T18:04:05.499+0000] {dag.py:3441} INFO - Setting next_dagrun for tutorial to 2023-06-14T18:04:05.499489+00:00, run_after=2023-06-15T18:04:05.499489+00:00
[2023-06-15T18:04:05.514+0000] {processor.py:175} INFO - Processing /home/airflow/.local/lib/python3.7/site-packages/airflow/example_dags/tutorial.py took 0.077 seconds
[2023-06-15T18:04:36.892+0000] {processor.py:153} INFO - Started process (PID=418) to work on /home/airflow/.local/lib/python3.7/site-packages/airflow/example_dags/tutorial.py
[2023-06-15T18:04:36.894+0000] {processor.py:743} INFO - Processing file /home/airflow/.local/lib/python3.7/site-packages/airflow/example_dags/tutorial.py for tasks to queue
[2023-06-15T18:04:36.895+0000] {logging_mixin.py:137} INFO - [2023-06-15T18:04:36.895+0000] {dagbag.py:538} INFO - Filling up the DagBag from /home/airflow/.local/lib/python3.7/site-packages/airflow/example_dags/tutorial.py
[2023-06-15T18:04:36.911+0000] {processor.py:753} INFO - DAG(s) dict_keys(['tutorial']) retrieved from /home/airflow/.local/lib/python3.7/site-packages/airflow/example_dags/tutorial.py
[2023-06-15T18:04:36.938+0000] {logging_mixin.py:137} INFO - [2023-06-15T18:04:36.938+0000] {dag.py:2690} INFO - Sync 1 DAGs
[2023-06-15T18:04:36.960+0000] {logging_mixin.py:137} INFO - [2023-06-15T18:04:36.960+0000] {dag.py:3441} INFO - Setting next_dagrun for tutorial to 2023-06-14T18:04:36.959724+00:00, run_after=2023-06-15T18:04:36.959724+00:00
[2023-06-15T18:04:36.987+0000] {processor.py:175} INFO - Processing /home/airflow/.local/lib/python3.7/site-packages/airflow/example_dags/tutorial.py took 0.098 seconds
[2023-06-15T18:05:07.689+0000] {processor.py:153} INFO - Started process (PID=485) to work on /home/airflow/.local/lib/python3.7/site-packages/airflow/example_dags/tutorial.py
[2023-06-15T18:05:07.690+0000] {processor.py:743} INFO - Processing file /home/airflow/.local/lib/python3.7/site-packages/airflow/example_dags/tutorial.py for tasks to queue
[2023-06-15T18:05:07.691+0000] {logging_mixin.py:137} INFO - [2023-06-15T18:05:07.691+0000] {dagbag.py:538} INFO - Filling up the DagBag from /home/airflow/.local/lib/python3.7/site-packages/airflow/example_dags/tutorial.py
[2023-06-15T18:05:07.704+0000] {processor.py:753} INFO - DAG(s) dict_keys(['tutorial']) retrieved from /home/airflow/.local/lib/python3.7/site-packages/airflow/example_dags/tutorial.py
[2023-06-15T18:05:07.728+0000] {logging_mixin.py:137} INFO - [2023-06-15T18:05:07.728+0000] {dag.py:2690} INFO - Sync 1 DAGs
[2023-06-15T18:05:07.748+0000] {logging_mixin.py:137} INFO - [2023-06-15T18:05:07.748+0000] {dag.py:3441} INFO - Setting next_dagrun for tutorial to 2023-06-14T18:05:07.748057+00:00, run_after=2023-06-15T18:05:07.748057+00:00
[2023-06-15T18:05:07.763+0000] {processor.py:175} INFO - Processing /home/airflow/.local/lib/python3.7/site-packages/airflow/example_dags/tutorial.py took 0.078 seconds
[2023-06-15T18:05:38.429+0000] {processor.py:153} INFO - Started process (PID=560) to work on /home/airflow/.local/lib/python3.7/site-packages/airflow/example_dags/tutorial.py
[2023-06-15T18:05:38.431+0000] {processor.py:743} INFO - Processing file /home/airflow/.local/lib/python3.7/site-packages/airflow/example_dags/tutorial.py for tasks to queue
[2023-06-15T18:05:38.432+0000] {logging_mixin.py:137} INFO - [2023-06-15T18:05:38.432+0000] {dagbag.py:538} INFO - Filling up the DagBag from /home/airflow/.local/lib/python3.7/site-packages/airflow/example_dags/tutorial.py
[2023-06-15T18:05:38.445+0000] {processor.py:753} INFO - DAG(s) dict_keys(['tutorial']) retrieved from /home/airflow/.local/lib/python3.7/site-packages/airflow/example_dags/tutorial.py
[2023-06-15T18:05:38.471+0000] {logging_mixin.py:137} INFO - [2023-06-15T18:05:38.471+0000] {dag.py:2690} INFO - Sync 1 DAGs
[2023-06-15T18:05:38.493+0000] {logging_mixin.py:137} INFO - [2023-06-15T18:05:38.493+0000] {dag.py:3441} INFO - Setting next_dagrun for tutorial to 2023-06-14T18:05:38.492872+00:00, run_after=2023-06-15T18:05:38.492872+00:00
[2023-06-15T18:05:38.510+0000] {processor.py:175} INFO - Processing /home/airflow/.local/lib/python3.7/site-packages/airflow/example_dags/tutorial.py took 0.084 seconds
[2023-06-15T18:06:09.425+0000] {processor.py:153} INFO - Started process (PID=625) to work on /home/airflow/.local/lib/python3.7/site-packages/airflow/example_dags/tutorial.py
[2023-06-15T18:06:09.427+0000] {processor.py:743} INFO - Processing file /home/airflow/.local/lib/python3.7/site-packages/airflow/example_dags/tutorial.py for tasks to queue
[2023-06-15T18:06:09.428+0000] {logging_mixin.py:137} INFO - [2023-06-15T18:06:09.428+0000] {dagbag.py:538} INFO - Filling up the DagBag from /home/airflow/.local/lib/python3.7/site-packages/airflow/example_dags/tutorial.py
[2023-06-15T18:06:09.443+0000] {processor.py:753} INFO - DAG(s) dict_keys(['tutorial']) retrieved from /home/airflow/.local/lib/python3.7/site-packages/airflow/example_dags/tutorial.py
[2023-06-15T18:06:09.478+0000] {logging_mixin.py:137} INFO - [2023-06-15T18:06:09.477+0000] {dag.py:2690} INFO - Sync 1 DAGs
[2023-06-15T18:06:09.501+0000] {logging_mixin.py:137} INFO - [2023-06-15T18:06:09.501+0000] {dag.py:3441} INFO - Setting next_dagrun for tutorial to 2023-06-14T18:06:09.501119+00:00, run_after=2023-06-15T18:06:09.501119+00:00
[2023-06-15T18:06:09.529+0000] {processor.py:175} INFO - Processing /home/airflow/.local/lib/python3.7/site-packages/airflow/example_dags/tutorial.py took 0.108 seconds
[2023-06-15T18:06:40.372+0000] {processor.py:153} INFO - Started process (PID=700) to work on /home/airflow/.local/lib/python3.7/site-packages/airflow/example_dags/tutorial.py
[2023-06-15T18:06:40.375+0000] {processor.py:743} INFO - Processing file /home/airflow/.local/lib/python3.7/site-packages/airflow/example_dags/tutorial.py for tasks to queue
[2023-06-15T18:06:40.376+0000] {logging_mixin.py:137} INFO - [2023-06-15T18:06:40.376+0000] {dagbag.py:538} INFO - Filling up the DagBag from /home/airflow/.local/lib/python3.7/site-packages/airflow/example_dags/tutorial.py
[2023-06-15T18:06:40.389+0000] {processor.py:753} INFO - DAG(s) dict_keys(['tutorial']) retrieved from /home/airflow/.local/lib/python3.7/site-packages/airflow/example_dags/tutorial.py
[2023-06-15T18:06:40.416+0000] {logging_mixin.py:137} INFO - [2023-06-15T18:06:40.416+0000] {dag.py:2690} INFO - Sync 1 DAGs
[2023-06-15T18:06:40.435+0000] {logging_mixin.py:137} INFO - [2023-06-15T18:06:40.435+0000] {dag.py:3441} INFO - Setting next_dagrun for tutorial to 2023-06-14T18:06:40.435476+00:00, run_after=2023-06-15T18:06:40.435476+00:00
[2023-06-15T18:06:40.449+0000] {processor.py:175} INFO - Processing /home/airflow/.local/lib/python3.7/site-packages/airflow/example_dags/tutorial.py took 0.080 seconds
[2023-06-15T18:07:10.870+0000] {processor.py:153} INFO - Started process (PID=777) to work on /home/airflow/.local/lib/python3.7/site-packages/airflow/example_dags/tutorial.py
[2023-06-15T18:07:10.872+0000] {processor.py:743} INFO - Processing file /home/airflow/.local/lib/python3.7/site-packages/airflow/example_dags/tutorial.py for tasks to queue
[2023-06-15T18:07:10.873+0000] {logging_mixin.py:137} INFO - [2023-06-15T18:07:10.873+0000] {dagbag.py:538} INFO - Filling up the DagBag from /home/airflow/.local/lib/python3.7/site-packages/airflow/example_dags/tutorial.py
[2023-06-15T18:07:10.886+0000] {processor.py:753} INFO - DAG(s) dict_keys(['tutorial']) retrieved from /home/airflow/.local/lib/python3.7/site-packages/airflow/example_dags/tutorial.py
[2023-06-15T18:07:10.911+0000] {logging_mixin.py:137} INFO - [2023-06-15T18:07:10.910+0000] {dag.py:2690} INFO - Sync 1 DAGs
[2023-06-15T18:07:10.930+0000] {logging_mixin.py:137} INFO - [2023-06-15T18:07:10.930+0000] {dag.py:3441} INFO - Setting next_dagrun for tutorial to 2023-06-14T18:07:10.930202+00:00, run_after=2023-06-15T18:07:10.930202+00:00
[2023-06-15T18:07:10.945+0000] {processor.py:175} INFO - Processing /home/airflow/.local/lib/python3.7/site-packages/airflow/example_dags/tutorial.py took 0.080 seconds
[2023-06-15T18:07:41.813+0000] {processor.py:153} INFO - Started process (PID=842) to work on /home/airflow/.local/lib/python3.7/site-packages/airflow/example_dags/tutorial.py
[2023-06-15T18:07:41.816+0000] {processor.py:743} INFO - Processing file /home/airflow/.local/lib/python3.7/site-packages/airflow/example_dags/tutorial.py for tasks to queue
[2023-06-15T18:07:41.817+0000] {logging_mixin.py:137} INFO - [2023-06-15T18:07:41.817+0000] {dagbag.py:538} INFO - Filling up the DagBag from /home/airflow/.local/lib/python3.7/site-packages/airflow/example_dags/tutorial.py
[2023-06-15T18:07:41.867+0000] {processor.py:753} INFO - DAG(s) dict_keys(['tutorial']) retrieved from /home/airflow/.local/lib/python3.7/site-packages/airflow/example_dags/tutorial.py
[2023-06-15T18:07:41.921+0000] {logging_mixin.py:137} INFO - [2023-06-15T18:07:41.921+0000] {dag.py:2690} INFO - Sync 1 DAGs
[2023-06-15T18:07:41.943+0000] {logging_mixin.py:137} INFO - [2023-06-15T18:07:41.943+0000] {dag.py:3441} INFO - Setting next_dagrun for tutorial to 2023-06-14T18:07:41.942994+00:00, run_after=2023-06-15T18:07:41.942994+00:00
[2023-06-15T18:07:41.958+0000] {processor.py:175} INFO - Processing /home/airflow/.local/lib/python3.7/site-packages/airflow/example_dags/tutorial.py took 0.167 seconds
[2023-06-15T18:08:12.101+0000] {processor.py:153} INFO - Started process (PID=918) to work on /home/airflow/.local/lib/python3.7/site-packages/airflow/example_dags/tutorial.py
[2023-06-15T18:08:12.102+0000] {processor.py:743} INFO - Processing file /home/airflow/.local/lib/python3.7/site-packages/airflow/example_dags/tutorial.py for tasks to queue
[2023-06-15T18:08:12.103+0000] {logging_mixin.py:137} INFO - [2023-06-15T18:08:12.103+0000] {dagbag.py:538} INFO - Filling up the DagBag from /home/airflow/.local/lib/python3.7/site-packages/airflow/example_dags/tutorial.py
[2023-06-15T18:08:12.117+0000] {processor.py:753} INFO - DAG(s) dict_keys(['tutorial']) retrieved from /home/airflow/.local/lib/python3.7/site-packages/airflow/example_dags/tutorial.py
[2023-06-15T18:08:12.148+0000] {logging_mixin.py:137} INFO - [2023-06-15T18:08:12.148+0000] {dag.py:2690} INFO - Sync 1 DAGs
[2023-06-15T18:08:12.167+0000] {logging_mixin.py:137} INFO - [2023-06-15T18:08:12.167+0000] {dag.py:3441} INFO - Setting next_dagrun for tutorial to 2023-06-14T18:08:12.167201+00:00, run_after=2023-06-15T18:08:12.167201+00:00
[2023-06-15T18:08:12.184+0000] {processor.py:175} INFO - Processing /home/airflow/.local/lib/python3.7/site-packages/airflow/example_dags/tutorial.py took 0.087 seconds
[2023-06-15T18:08:42.922+0000] {processor.py:153} INFO - Started process (PID=994) to work on /home/airflow/.local/lib/python3.7/site-packages/airflow/example_dags/tutorial.py
[2023-06-15T18:08:42.924+0000] {processor.py:743} INFO - Processing file /home/airflow/.local/lib/python3.7/site-packages/airflow/example_dags/tutorial.py for tasks to queue
[2023-06-15T18:08:42.925+0000] {logging_mixin.py:137} INFO - [2023-06-15T18:08:42.925+0000] {dagbag.py:538} INFO - Filling up the DagBag from /home/airflow/.local/lib/python3.7/site-packages/airflow/example_dags/tutorial.py
[2023-06-15T18:08:42.938+0000] {processor.py:753} INFO - DAG(s) dict_keys(['tutorial']) retrieved from /home/airflow/.local/lib/python3.7/site-packages/airflow/example_dags/tutorial.py
[2023-06-15T18:08:42.963+0000] {logging_mixin.py:137} INFO - [2023-06-15T18:08:42.963+0000] {dag.py:2690} INFO - Sync 1 DAGs
[2023-06-15T18:08:42.983+0000] {logging_mixin.py:137} INFO - [2023-06-15T18:08:42.983+0000] {dag.py:3441} INFO - Setting next_dagrun for tutorial to 2023-06-14T18:08:42.982972+00:00, run_after=2023-06-15T18:08:42.982972+00:00
[2023-06-15T18:08:42.999+0000] {processor.py:175} INFO - Processing /home/airflow/.local/lib/python3.7/site-packages/airflow/example_dags/tutorial.py took 0.080 seconds
[2023-06-15T18:09:13.585+0000] {processor.py:153} INFO - Started process (PID=1058) to work on /home/airflow/.local/lib/python3.7/site-packages/airflow/example_dags/tutorial.py
[2023-06-15T18:09:13.586+0000] {processor.py:743} INFO - Processing file /home/airflow/.local/lib/python3.7/site-packages/airflow/example_dags/tutorial.py for tasks to queue
[2023-06-15T18:09:13.587+0000] {logging_mixin.py:137} INFO - [2023-06-15T18:09:13.587+0000] {dagbag.py:538} INFO - Filling up the DagBag from /home/airflow/.local/lib/python3.7/site-packages/airflow/example_dags/tutorial.py
[2023-06-15T18:09:13.600+0000] {processor.py:753} INFO - DAG(s) dict_keys(['tutorial']) retrieved from /home/airflow/.local/lib/python3.7/site-packages/airflow/example_dags/tutorial.py
[2023-06-15T18:09:13.626+0000] {logging_mixin.py:137} INFO - [2023-06-15T18:09:13.626+0000] {dag.py:2690} INFO - Sync 1 DAGs
[2023-06-15T18:09:13.645+0000] {logging_mixin.py:137} INFO - [2023-06-15T18:09:13.644+0000] {dag.py:3441} INFO - Setting next_dagrun for tutorial to 2023-06-14T18:09:13.644668+00:00, run_after=2023-06-15T18:09:13.644668+00:00
[2023-06-15T18:09:13.659+0000] {processor.py:175} INFO - Processing /home/airflow/.local/lib/python3.7/site-packages/airflow/example_dags/tutorial.py took 0.078 seconds
[2023-06-15T18:09:44.143+0000] {processor.py:153} INFO - Started process (PID=1134) to work on /home/airflow/.local/lib/python3.7/site-packages/airflow/example_dags/tutorial.py
[2023-06-15T18:09:44.145+0000] {processor.py:743} INFO - Processing file /home/airflow/.local/lib/python3.7/site-packages/airflow/example_dags/tutorial.py for tasks to queue
[2023-06-15T18:09:44.146+0000] {logging_mixin.py:137} INFO - [2023-06-15T18:09:44.146+0000] {dagbag.py:538} INFO - Filling up the DagBag from /home/airflow/.local/lib/python3.7/site-packages/airflow/example_dags/tutorial.py
[2023-06-15T18:09:44.158+0000] {processor.py:753} INFO - DAG(s) dict_keys(['tutorial']) retrieved from /home/airflow/.local/lib/python3.7/site-packages/airflow/example_dags/tutorial.py
[2023-06-15T18:09:44.181+0000] {logging_mixin.py:137} INFO - [2023-06-15T18:09:44.181+0000] {dag.py:2690} INFO - Sync 1 DAGs
[2023-06-15T18:09:44.200+0000] {logging_mixin.py:137} INFO - [2023-06-15T18:09:44.200+0000] {dag.py:3441} INFO - Setting next_dagrun for tutorial to 2023-06-14T18:09:44.200260+00:00, run_after=2023-06-15T18:09:44.200260+00:00
[2023-06-15T18:09:44.214+0000] {processor.py:175} INFO - Processing /home/airflow/.local/lib/python3.7/site-packages/airflow/example_dags/tutorial.py took 0.074 seconds
[2023-06-15T18:10:14.743+0000] {processor.py:153} INFO - Started process (PID=1198) to work on /home/airflow/.local/lib/python3.7/site-packages/airflow/example_dags/tutorial.py
[2023-06-15T18:10:14.746+0000] {processor.py:743} INFO - Processing file /home/airflow/.local/lib/python3.7/site-packages/airflow/example_dags/tutorial.py for tasks to queue
[2023-06-15T18:10:14.747+0000] {logging_mixin.py:137} INFO - [2023-06-15T18:10:14.746+0000] {dagbag.py:538} INFO - Filling up the DagBag from /home/airflow/.local/lib/python3.7/site-packages/airflow/example_dags/tutorial.py
[2023-06-15T18:10:14.768+0000] {processor.py:753} INFO - DAG(s) dict_keys(['tutorial']) retrieved from /home/airflow/.local/lib/python3.7/site-packages/airflow/example_dags/tutorial.py
[2023-06-15T18:10:14.802+0000] {logging_mixin.py:137} INFO - [2023-06-15T18:10:14.802+0000] {dag.py:2690} INFO - Sync 1 DAGs
[2023-06-15T18:10:14.830+0000] {logging_mixin.py:137} INFO - [2023-06-15T18:10:14.830+0000] {dag.py:3441} INFO - Setting next_dagrun for tutorial to 2023-06-14T18:10:14.829952+00:00, run_after=2023-06-15T18:10:14.829952+00:00
[2023-06-15T18:10:14.850+0000] {processor.py:175} INFO - Processing /home/airflow/.local/lib/python3.7/site-packages/airflow/example_dags/tutorial.py took 0.110 seconds
[2023-06-15T18:10:45.774+0000] {processor.py:153} INFO - Started process (PID=1274) to work on /home/airflow/.local/lib/python3.7/site-packages/airflow/example_dags/tutorial.py
[2023-06-15T18:10:45.775+0000] {processor.py:743} INFO - Processing file /home/airflow/.local/lib/python3.7/site-packages/airflow/example_dags/tutorial.py for tasks to queue
[2023-06-15T18:10:45.776+0000] {logging_mixin.py:137} INFO - [2023-06-15T18:10:45.776+0000] {dagbag.py:538} INFO - Filling up the DagBag from /home/airflow/.local/lib/python3.7/site-packages/airflow/example_dags/tutorial.py
[2023-06-15T18:10:45.789+0000] {processor.py:753} INFO - DAG(s) dict_keys(['tutorial']) retrieved from /home/airflow/.local/lib/python3.7/site-packages/airflow/example_dags/tutorial.py
[2023-06-15T18:10:45.814+0000] {logging_mixin.py:137} INFO - [2023-06-15T18:10:45.814+0000] {dag.py:2690} INFO - Sync 1 DAGs
[2023-06-15T18:10:45.834+0000] {logging_mixin.py:137} INFO - [2023-06-15T18:10:45.834+0000] {dag.py:3441} INFO - Setting next_dagrun for tutorial to 2023-06-14T18:10:45.833998+00:00, run_after=2023-06-15T18:10:45.833998+00:00
[2023-06-15T18:10:45.851+0000] {processor.py:175} INFO - Processing /home/airflow/.local/lib/python3.7/site-packages/airflow/example_dags/tutorial.py took 0.080 seconds
[2023-06-15T18:11:16.375+0000] {processor.py:153} INFO - Started process (PID=1350) to work on /home/airflow/.local/lib/python3.7/site-packages/airflow/example_dags/tutorial.py
[2023-06-15T18:11:16.376+0000] {processor.py:743} INFO - Processing file /home/airflow/.local/lib/python3.7/site-packages/airflow/example_dags/tutorial.py for tasks to queue
[2023-06-15T18:11:16.377+0000] {logging_mixin.py:137} INFO - [2023-06-15T18:11:16.377+0000] {dagbag.py:538} INFO - Filling up the DagBag from /home/airflow/.local/lib/python3.7/site-packages/airflow/example_dags/tutorial.py
[2023-06-15T18:11:16.391+0000] {processor.py:753} INFO - DAG(s) dict_keys(['tutorial']) retrieved from /home/airflow/.local/lib/python3.7/site-packages/airflow/example_dags/tutorial.py
[2023-06-15T18:11:16.418+0000] {logging_mixin.py:137} INFO - [2023-06-15T18:11:16.418+0000] {dag.py:2690} INFO - Sync 1 DAGs
[2023-06-15T18:11:16.437+0000] {logging_mixin.py:137} INFO - [2023-06-15T18:11:16.437+0000] {dag.py:3441} INFO - Setting next_dagrun for tutorial to 2023-06-14T18:11:16.436796+00:00, run_after=2023-06-15T18:11:16.436796+00:00
[2023-06-15T18:11:16.451+0000] {processor.py:175} INFO - Processing /home/airflow/.local/lib/python3.7/site-packages/airflow/example_dags/tutorial.py took 0.080 seconds
[2023-06-15T18:11:46.842+0000] {processor.py:153} INFO - Started process (PID=1415) to work on /home/airflow/.local/lib/python3.7/site-packages/airflow/example_dags/tutorial.py
[2023-06-15T18:11:46.843+0000] {processor.py:743} INFO - Processing file /home/airflow/.local/lib/python3.7/site-packages/airflow/example_dags/tutorial.py for tasks to queue
[2023-06-15T18:11:46.845+0000] {logging_mixin.py:137} INFO - [2023-06-15T18:11:46.844+0000] {dagbag.py:538} INFO - Filling up the DagBag from /home/airflow/.local/lib/python3.7/site-packages/airflow/example_dags/tutorial.py
[2023-06-15T18:11:46.858+0000] {processor.py:753} INFO - DAG(s) dict_keys(['tutorial']) retrieved from /home/airflow/.local/lib/python3.7/site-packages/airflow/example_dags/tutorial.py
[2023-06-15T18:11:46.882+0000] {logging_mixin.py:137} INFO - [2023-06-15T18:11:46.881+0000] {dag.py:2690} INFO - Sync 1 DAGs
[2023-06-15T18:11:46.900+0000] {logging_mixin.py:137} INFO - [2023-06-15T18:11:46.899+0000] {dag.py:3441} INFO - Setting next_dagrun for tutorial to 2023-06-14T18:11:46.899704+00:00, run_after=2023-06-15T18:11:46.899704+00:00
[2023-06-15T18:11:46.913+0000] {processor.py:175} INFO - Processing /home/airflow/.local/lib/python3.7/site-packages/airflow/example_dags/tutorial.py took 0.074 seconds
[2023-06-15T18:12:17.558+0000] {processor.py:153} INFO - Started process (PID=1492) to work on /home/airflow/.local/lib/python3.7/site-packages/airflow/example_dags/tutorial.py
[2023-06-15T18:12:17.559+0000] {processor.py:743} INFO - Processing file /home/airflow/.local/lib/python3.7/site-packages/airflow/example_dags/tutorial.py for tasks to queue
[2023-06-15T18:12:17.560+0000] {logging_mixin.py:137} INFO - [2023-06-15T18:12:17.560+0000] {dagbag.py:538} INFO - Filling up the DagBag from /home/airflow/.local/lib/python3.7/site-packages/airflow/example_dags/tutorial.py
[2023-06-15T18:12:17.573+0000] {processor.py:753} INFO - DAG(s) dict_keys(['tutorial']) retrieved from /home/airflow/.local/lib/python3.7/site-packages/airflow/example_dags/tutorial.py
[2023-06-15T18:12:17.597+0000] {logging_mixin.py:137} INFO - [2023-06-15T18:12:17.597+0000] {dag.py:2690} INFO - Sync 1 DAGs
[2023-06-15T18:12:17.617+0000] {logging_mixin.py:137} INFO - [2023-06-15T18:12:17.616+0000] {dag.py:3441} INFO - Setting next_dagrun for tutorial to 2023-06-14T18:12:17.616672+00:00, run_after=2023-06-15T18:12:17.616672+00:00
[2023-06-15T18:12:17.632+0000] {processor.py:175} INFO - Processing /home/airflow/.local/lib/python3.7/site-packages/airflow/example_dags/tutorial.py took 0.077 seconds
[2023-06-15T18:12:48.161+0000] {processor.py:153} INFO - Started process (PID=1570) to work on /home/airflow/.local/lib/python3.7/site-packages/airflow/example_dags/tutorial.py
[2023-06-15T18:12:48.163+0000] {processor.py:743} INFO - Processing file /home/airflow/.local/lib/python3.7/site-packages/airflow/example_dags/tutorial.py for tasks to queue
[2023-06-15T18:12:48.163+0000] {logging_mixin.py:137} INFO - [2023-06-15T18:12:48.163+0000] {dagbag.py:538} INFO - Filling up the DagBag from /home/airflow/.local/lib/python3.7/site-packages/airflow/example_dags/tutorial.py
[2023-06-15T18:12:48.176+0000] {processor.py:753} INFO - DAG(s) dict_keys(['tutorial']) retrieved from /home/airflow/.local/lib/python3.7/site-packages/airflow/example_dags/tutorial.py
[2023-06-15T18:12:48.201+0000] {logging_mixin.py:137} INFO - [2023-06-15T18:12:48.200+0000] {dag.py:2690} INFO - Sync 1 DAGs
[2023-06-15T18:12:48.219+0000] {logging_mixin.py:137} INFO - [2023-06-15T18:12:48.219+0000] {dag.py:3441} INFO - Setting next_dagrun for tutorial to 2023-06-14T18:12:48.218901+00:00, run_after=2023-06-15T18:12:48.218901+00:00
[2023-06-15T18:12:48.234+0000] {processor.py:175} INFO - Processing /home/airflow/.local/lib/python3.7/site-packages/airflow/example_dags/tutorial.py took 0.076 seconds
[2023-06-15T18:13:18.841+0000] {processor.py:153} INFO - Started process (PID=1636) to work on /home/airflow/.local/lib/python3.7/site-packages/airflow/example_dags/tutorial.py
[2023-06-15T18:13:18.843+0000] {processor.py:743} INFO - Processing file /home/airflow/.local/lib/python3.7/site-packages/airflow/example_dags/tutorial.py for tasks to queue
[2023-06-15T18:13:18.844+0000] {logging_mixin.py:137} INFO - [2023-06-15T18:13:18.844+0000] {dagbag.py:538} INFO - Filling up the DagBag from /home/airflow/.local/lib/python3.7/site-packages/airflow/example_dags/tutorial.py
[2023-06-15T18:13:18.857+0000] {processor.py:753} INFO - DAG(s) dict_keys(['tutorial']) retrieved from /home/airflow/.local/lib/python3.7/site-packages/airflow/example_dags/tutorial.py
[2023-06-15T18:13:18.883+0000] {logging_mixin.py:137} INFO - [2023-06-15T18:13:18.883+0000] {dag.py:2690} INFO - Sync 1 DAGs
[2023-06-15T18:13:18.904+0000] {logging_mixin.py:137} INFO - [2023-06-15T18:13:18.904+0000] {dag.py:3441} INFO - Setting next_dagrun for tutorial to 2023-06-14T18:13:18.903838+00:00, run_after=2023-06-15T18:13:18.903838+00:00
[2023-06-15T18:13:18.919+0000] {processor.py:175} INFO - Processing /home/airflow/.local/lib/python3.7/site-packages/airflow/example_dags/tutorial.py took 0.081 seconds
[2023-06-15T18:13:49.787+0000] {processor.py:153} INFO - Started process (PID=1714) to work on /home/airflow/.local/lib/python3.7/site-packages/airflow/example_dags/tutorial.py
[2023-06-15T18:13:49.789+0000] {processor.py:743} INFO - Processing file /home/airflow/.local/lib/python3.7/site-packages/airflow/example_dags/tutorial.py for tasks to queue
[2023-06-15T18:13:49.790+0000] {logging_mixin.py:137} INFO - [2023-06-15T18:13:49.790+0000] {dagbag.py:538} INFO - Filling up the DagBag from /home/airflow/.local/lib/python3.7/site-packages/airflow/example_dags/tutorial.py
[2023-06-15T18:13:49.803+0000] {processor.py:753} INFO - DAG(s) dict_keys(['tutorial']) retrieved from /home/airflow/.local/lib/python3.7/site-packages/airflow/example_dags/tutorial.py
[2023-06-15T18:13:49.829+0000] {logging_mixin.py:137} INFO - [2023-06-15T18:13:49.829+0000] {dag.py:2690} INFO - Sync 1 DAGs
[2023-06-15T18:13:49.853+0000] {logging_mixin.py:137} INFO - [2023-06-15T18:13:49.853+0000] {dag.py:3441} INFO - Setting next_dagrun for tutorial to 2023-06-14T18:13:49.852811+00:00, run_after=2023-06-15T18:13:49.852811+00:00
[2023-06-15T18:13:49.869+0000] {processor.py:175} INFO - Processing /home/airflow/.local/lib/python3.7/site-packages/airflow/example_dags/tutorial.py took 0.086 seconds
[2023-06-15T18:14:20.020+0000] {processor.py:153} INFO - Started process (PID=1788) to work on /home/airflow/.local/lib/python3.7/site-packages/airflow/example_dags/tutorial.py
[2023-06-15T18:14:20.022+0000] {processor.py:743} INFO - Processing file /home/airflow/.local/lib/python3.7/site-packages/airflow/example_dags/tutorial.py for tasks to queue
[2023-06-15T18:14:20.023+0000] {logging_mixin.py:137} INFO - [2023-06-15T18:14:20.022+0000] {dagbag.py:538} INFO - Filling up the DagBag from /home/airflow/.local/lib/python3.7/site-packages/airflow/example_dags/tutorial.py
[2023-06-15T18:14:20.035+0000] {processor.py:753} INFO - DAG(s) dict_keys(['tutorial']) retrieved from /home/airflow/.local/lib/python3.7/site-packages/airflow/example_dags/tutorial.py
[2023-06-15T18:14:20.060+0000] {logging_mixin.py:137} INFO - [2023-06-15T18:14:20.060+0000] {dag.py:2690} INFO - Sync 1 DAGs
[2023-06-15T18:14:20.088+0000] {logging_mixin.py:137} INFO - [2023-06-15T18:14:20.088+0000] {dag.py:3441} INFO - Setting next_dagrun for tutorial to 2023-06-14T18:14:20.087786+00:00, run_after=2023-06-15T18:14:20.087786+00:00
[2023-06-15T18:14:20.127+0000] {processor.py:175} INFO - Processing /home/airflow/.local/lib/python3.7/site-packages/airflow/example_dags/tutorial.py took 0.110 seconds
[2023-06-15T18:14:50.913+0000] {processor.py:153} INFO - Started process (PID=1856) to work on /home/airflow/.local/lib/python3.7/site-packages/airflow/example_dags/tutorial.py
[2023-06-15T18:14:50.915+0000] {processor.py:743} INFO - Processing file /home/airflow/.local/lib/python3.7/site-packages/airflow/example_dags/tutorial.py for tasks to queue
[2023-06-15T18:14:50.917+0000] {logging_mixin.py:137} INFO - [2023-06-15T18:14:50.917+0000] {dagbag.py:538} INFO - Filling up the DagBag from /home/airflow/.local/lib/python3.7/site-packages/airflow/example_dags/tutorial.py
[2023-06-15T18:14:50.933+0000] {processor.py:753} INFO - DAG(s) dict_keys(['tutorial']) retrieved from /home/airflow/.local/lib/python3.7/site-packages/airflow/example_dags/tutorial.py
[2023-06-15T18:14:50.964+0000] {logging_mixin.py:137} INFO - [2023-06-15T18:14:50.964+0000] {dag.py:2690} INFO - Sync 1 DAGs
[2023-06-15T18:14:50.989+0000] {logging_mixin.py:137} INFO - [2023-06-15T18:14:50.988+0000] {dag.py:3441} INFO - Setting next_dagrun for tutorial to 2023-06-14T18:14:50.988723+00:00, run_after=2023-06-15T18:14:50.988723+00:00
[2023-06-15T18:14:51.007+0000] {processor.py:175} INFO - Processing /home/airflow/.local/lib/python3.7/site-packages/airflow/example_dags/tutorial.py took 0.098 seconds
[2023-06-15T18:15:21.554+0000] {processor.py:153} INFO - Started process (PID=1934) to work on /home/airflow/.local/lib/python3.7/site-packages/airflow/example_dags/tutorial.py
[2023-06-15T18:15:21.555+0000] {processor.py:743} INFO - Processing file /home/airflow/.local/lib/python3.7/site-packages/airflow/example_dags/tutorial.py for tasks to queue
[2023-06-15T18:15:21.557+0000] {logging_mixin.py:137} INFO - [2023-06-15T18:15:21.556+0000] {dagbag.py:538} INFO - Filling up the DagBag from /home/airflow/.local/lib/python3.7/site-packages/airflow/example_dags/tutorial.py
[2023-06-15T18:15:21.570+0000] {processor.py:753} INFO - DAG(s) dict_keys(['tutorial']) retrieved from /home/airflow/.local/lib/python3.7/site-packages/airflow/example_dags/tutorial.py
[2023-06-15T18:15:21.596+0000] {logging_mixin.py:137} INFO - [2023-06-15T18:15:21.596+0000] {dag.py:2690} INFO - Sync 1 DAGs
[2023-06-15T18:15:21.615+0000] {logging_mixin.py:137} INFO - [2023-06-15T18:15:21.614+0000] {dag.py:3441} INFO - Setting next_dagrun for tutorial to 2023-06-14T18:15:21.614745+00:00, run_after=2023-06-15T18:15:21.614745+00:00
[2023-06-15T18:15:21.629+0000] {processor.py:175} INFO - Processing /home/airflow/.local/lib/python3.7/site-packages/airflow/example_dags/tutorial.py took 0.079 seconds
[2023-06-15T18:15:51.689+0000] {processor.py:153} INFO - Started process (PID=2000) to work on /home/airflow/.local/lib/python3.7/site-packages/airflow/example_dags/tutorial.py
[2023-06-15T18:15:51.690+0000] {processor.py:743} INFO - Processing file /home/airflow/.local/lib/python3.7/site-packages/airflow/example_dags/tutorial.py for tasks to queue
[2023-06-15T18:15:51.691+0000] {logging_mixin.py:137} INFO - [2023-06-15T18:15:51.691+0000] {dagbag.py:538} INFO - Filling up the DagBag from /home/airflow/.local/lib/python3.7/site-packages/airflow/example_dags/tutorial.py
[2023-06-15T18:15:51.704+0000] {processor.py:753} INFO - DAG(s) dict_keys(['tutorial']) retrieved from /home/airflow/.local/lib/python3.7/site-packages/airflow/example_dags/tutorial.py
[2023-06-15T18:15:51.730+0000] {logging_mixin.py:137} INFO - [2023-06-15T18:15:51.730+0000] {dag.py:2690} INFO - Sync 1 DAGs
[2023-06-15T18:15:51.749+0000] {logging_mixin.py:137} INFO - [2023-06-15T18:15:51.749+0000] {dag.py:3441} INFO - Setting next_dagrun for tutorial to 2023-06-14T18:15:51.749539+00:00, run_after=2023-06-15T18:15:51.749539+00:00
[2023-06-15T18:15:51.766+0000] {processor.py:175} INFO - Processing /home/airflow/.local/lib/python3.7/site-packages/airflow/example_dags/tutorial.py took 0.081 seconds
[2023-06-15T18:16:22.416+0000] {processor.py:153} INFO - Started process (PID=2077) to work on /home/airflow/.local/lib/python3.7/site-packages/airflow/example_dags/tutorial.py
[2023-06-15T18:16:22.417+0000] {processor.py:743} INFO - Processing file /home/airflow/.local/lib/python3.7/site-packages/airflow/example_dags/tutorial.py for tasks to queue
[2023-06-15T18:16:22.418+0000] {logging_mixin.py:137} INFO - [2023-06-15T18:16:22.418+0000] {dagbag.py:538} INFO - Filling up the DagBag from /home/airflow/.local/lib/python3.7/site-packages/airflow/example_dags/tutorial.py
[2023-06-15T18:16:22.430+0000] {processor.py:753} INFO - DAG(s) dict_keys(['tutorial']) retrieved from /home/airflow/.local/lib/python3.7/site-packages/airflow/example_dags/tutorial.py
[2023-06-15T18:16:22.453+0000] {logging_mixin.py:137} INFO - [2023-06-15T18:16:22.452+0000] {dag.py:2690} INFO - Sync 1 DAGs
[2023-06-15T18:16:22.473+0000] {logging_mixin.py:137} INFO - [2023-06-15T18:16:22.473+0000] {dag.py:3441} INFO - Setting next_dagrun for tutorial to 2023-06-14T18:16:22.473073+00:00, run_after=2023-06-15T18:16:22.473073+00:00
[2023-06-15T18:16:22.487+0000] {processor.py:175} INFO - Processing /home/airflow/.local/lib/python3.7/site-packages/airflow/example_dags/tutorial.py took 0.074 seconds
[2023-06-15T18:16:52.871+0000] {processor.py:153} INFO - Started process (PID=2154) to work on /home/airflow/.local/lib/python3.7/site-packages/airflow/example_dags/tutorial.py
[2023-06-15T18:16:52.873+0000] {processor.py:743} INFO - Processing file /home/airflow/.local/lib/python3.7/site-packages/airflow/example_dags/tutorial.py for tasks to queue
[2023-06-15T18:16:52.874+0000] {logging_mixin.py:137} INFO - [2023-06-15T18:16:52.874+0000] {dagbag.py:538} INFO - Filling up the DagBag from /home/airflow/.local/lib/python3.7/site-packages/airflow/example_dags/tutorial.py
[2023-06-15T18:16:52.887+0000] {processor.py:753} INFO - DAG(s) dict_keys(['tutorial']) retrieved from /home/airflow/.local/lib/python3.7/site-packages/airflow/example_dags/tutorial.py
[2023-06-15T18:16:52.913+0000] {logging_mixin.py:137} INFO - [2023-06-15T18:16:52.913+0000] {dag.py:2690} INFO - Sync 1 DAGs
[2023-06-15T18:16:52.932+0000] {logging_mixin.py:137} INFO - [2023-06-15T18:16:52.932+0000] {dag.py:3441} INFO - Setting next_dagrun for tutorial to 2023-06-14T18:16:52.932360+00:00, run_after=2023-06-15T18:16:52.932360+00:00
[2023-06-15T18:16:52.946+0000] {processor.py:175} INFO - Processing /home/airflow/.local/lib/python3.7/site-packages/airflow/example_dags/tutorial.py took 0.079 seconds
[2023-06-15T18:17:23.313+0000] {processor.py:153} INFO - Started process (PID=2219) to work on /home/airflow/.local/lib/python3.7/site-packages/airflow/example_dags/tutorial.py
[2023-06-15T18:17:23.315+0000] {processor.py:743} INFO - Processing file /home/airflow/.local/lib/python3.7/site-packages/airflow/example_dags/tutorial.py for tasks to queue
[2023-06-15T18:17:23.316+0000] {logging_mixin.py:137} INFO - [2023-06-15T18:17:23.316+0000] {dagbag.py:538} INFO - Filling up the DagBag from /home/airflow/.local/lib/python3.7/site-packages/airflow/example_dags/tutorial.py
[2023-06-15T18:17:23.330+0000] {processor.py:753} INFO - DAG(s) dict_keys(['tutorial']) retrieved from /home/airflow/.local/lib/python3.7/site-packages/airflow/example_dags/tutorial.py
[2023-06-15T18:17:23.355+0000] {logging_mixin.py:137} INFO - [2023-06-15T18:17:23.355+0000] {dag.py:2690} INFO - Sync 1 DAGs
[2023-06-15T18:17:23.375+0000] {logging_mixin.py:137} INFO - [2023-06-15T18:17:23.374+0000] {dag.py:3441} INFO - Setting next_dagrun for tutorial to 2023-06-14T18:17:23.374622+00:00, run_after=2023-06-15T18:17:23.374622+00:00
[2023-06-15T18:17:23.399+0000] {processor.py:175} INFO - Processing /home/airflow/.local/lib/python3.7/site-packages/airflow/example_dags/tutorial.py took 0.090 seconds
[2023-06-15T18:44:53.277+0000] {processor.py:153} INFO - Started process (PID=2303) to work on /home/airflow/.local/lib/python3.7/site-packages/airflow/example_dags/tutorial.py
[2023-06-15T18:44:53.278+0000] {processor.py:743} INFO - Processing file /home/airflow/.local/lib/python3.7/site-packages/airflow/example_dags/tutorial.py for tasks to queue
[2023-06-15T18:44:53.279+0000] {logging_mixin.py:137} INFO - [2023-06-15T18:44:53.279+0000] {dagbag.py:538} INFO - Filling up the DagBag from /home/airflow/.local/lib/python3.7/site-packages/airflow/example_dags/tutorial.py
[2023-06-15T18:44:53.294+0000] {processor.py:753} INFO - DAG(s) dict_keys(['tutorial']) retrieved from /home/airflow/.local/lib/python3.7/site-packages/airflow/example_dags/tutorial.py
[2023-06-15T18:44:53.320+0000] {logging_mixin.py:137} INFO - [2023-06-15T18:44:53.320+0000] {dag.py:2690} INFO - Sync 1 DAGs
[2023-06-15T18:44:53.340+0000] {logging_mixin.py:137} INFO - [2023-06-15T18:44:53.340+0000] {dag.py:3441} INFO - Setting next_dagrun for tutorial to 2023-06-14T18:44:53.340063+00:00, run_after=2023-06-15T18:44:53.340063+00:00
[2023-06-15T18:44:53.360+0000] {processor.py:175} INFO - Processing /home/airflow/.local/lib/python3.7/site-packages/airflow/example_dags/tutorial.py took 0.087 seconds
[2023-06-15T18:45:23.830+0000] {processor.py:153} INFO - Started process (PID=2369) to work on /home/airflow/.local/lib/python3.7/site-packages/airflow/example_dags/tutorial.py
[2023-06-15T18:45:23.832+0000] {processor.py:743} INFO - Processing file /home/airflow/.local/lib/python3.7/site-packages/airflow/example_dags/tutorial.py for tasks to queue
[2023-06-15T18:45:23.833+0000] {logging_mixin.py:137} INFO - [2023-06-15T18:45:23.832+0000] {dagbag.py:538} INFO - Filling up the DagBag from /home/airflow/.local/lib/python3.7/site-packages/airflow/example_dags/tutorial.py
[2023-06-15T18:45:23.845+0000] {processor.py:753} INFO - DAG(s) dict_keys(['tutorial']) retrieved from /home/airflow/.local/lib/python3.7/site-packages/airflow/example_dags/tutorial.py
[2023-06-15T18:45:23.869+0000] {logging_mixin.py:137} INFO - [2023-06-15T18:45:23.869+0000] {dag.py:2690} INFO - Sync 1 DAGs
[2023-06-15T18:45:23.888+0000] {logging_mixin.py:137} INFO - [2023-06-15T18:45:23.888+0000] {dag.py:3441} INFO - Setting next_dagrun for tutorial to 2023-06-14T18:45:23.888204+00:00, run_after=2023-06-15T18:45:23.888204+00:00
[2023-06-15T18:45:23.903+0000] {processor.py:175} INFO - Processing /home/airflow/.local/lib/python3.7/site-packages/airflow/example_dags/tutorial.py took 0.077 seconds
[2023-06-15T18:45:54.640+0000] {processor.py:153} INFO - Started process (PID=2446) to work on /home/airflow/.local/lib/python3.7/site-packages/airflow/example_dags/tutorial.py
[2023-06-15T18:45:54.641+0000] {processor.py:743} INFO - Processing file /home/airflow/.local/lib/python3.7/site-packages/airflow/example_dags/tutorial.py for tasks to queue
[2023-06-15T18:45:54.643+0000] {logging_mixin.py:137} INFO - [2023-06-15T18:45:54.642+0000] {dagbag.py:538} INFO - Filling up the DagBag from /home/airflow/.local/lib/python3.7/site-packages/airflow/example_dags/tutorial.py
[2023-06-15T18:45:54.657+0000] {processor.py:753} INFO - DAG(s) dict_keys(['tutorial']) retrieved from /home/airflow/.local/lib/python3.7/site-packages/airflow/example_dags/tutorial.py
[2023-06-15T18:45:54.681+0000] {logging_mixin.py:137} INFO - [2023-06-15T18:45:54.681+0000] {dag.py:2690} INFO - Sync 1 DAGs
[2023-06-15T18:45:54.701+0000] {logging_mixin.py:137} INFO - [2023-06-15T18:45:54.701+0000] {dag.py:3441} INFO - Setting next_dagrun for tutorial to 2023-06-14T18:45:54.700771+00:00, run_after=2023-06-15T18:45:54.700771+00:00
[2023-06-15T18:45:54.714+0000] {processor.py:175} INFO - Processing /home/airflow/.local/lib/python3.7/site-packages/airflow/example_dags/tutorial.py took 0.078 seconds
[2023-06-15T18:46:25.712+0000] {processor.py:153} INFO - Started process (PID=2523) to work on /home/airflow/.local/lib/python3.7/site-packages/airflow/example_dags/tutorial.py
[2023-06-15T18:46:25.713+0000] {processor.py:743} INFO - Processing file /home/airflow/.local/lib/python3.7/site-packages/airflow/example_dags/tutorial.py for tasks to queue
[2023-06-15T18:46:25.714+0000] {logging_mixin.py:137} INFO - [2023-06-15T18:46:25.714+0000] {dagbag.py:538} INFO - Filling up the DagBag from /home/airflow/.local/lib/python3.7/site-packages/airflow/example_dags/tutorial.py
[2023-06-15T18:46:25.726+0000] {processor.py:753} INFO - DAG(s) dict_keys(['tutorial']) retrieved from /home/airflow/.local/lib/python3.7/site-packages/airflow/example_dags/tutorial.py
[2023-06-15T18:46:25.751+0000] {logging_mixin.py:137} INFO - [2023-06-15T18:46:25.751+0000] {dag.py:2690} INFO - Sync 1 DAGs
[2023-06-15T18:46:25.770+0000] {logging_mixin.py:137} INFO - [2023-06-15T18:46:25.770+0000] {dag.py:3441} INFO - Setting next_dagrun for tutorial to 2023-06-14T18:46:25.769972+00:00, run_after=2023-06-15T18:46:25.769972+00:00
[2023-06-15T18:46:25.785+0000] {processor.py:175} INFO - Processing /home/airflow/.local/lib/python3.7/site-packages/airflow/example_dags/tutorial.py took 0.076 seconds
[2023-06-15T18:46:56.661+0000] {processor.py:153} INFO - Started process (PID=2588) to work on /home/airflow/.local/lib/python3.7/site-packages/airflow/example_dags/tutorial.py
[2023-06-15T18:46:56.662+0000] {processor.py:743} INFO - Processing file /home/airflow/.local/lib/python3.7/site-packages/airflow/example_dags/tutorial.py for tasks to queue
[2023-06-15T18:46:56.663+0000] {logging_mixin.py:137} INFO - [2023-06-15T18:46:56.663+0000] {dagbag.py:538} INFO - Filling up the DagBag from /home/airflow/.local/lib/python3.7/site-packages/airflow/example_dags/tutorial.py
[2023-06-15T18:46:56.675+0000] {processor.py:753} INFO - DAG(s) dict_keys(['tutorial']) retrieved from /home/airflow/.local/lib/python3.7/site-packages/airflow/example_dags/tutorial.py
[2023-06-15T18:46:56.699+0000] {logging_mixin.py:137} INFO - [2023-06-15T18:46:56.699+0000] {dag.py:2690} INFO - Sync 1 DAGs
[2023-06-15T18:46:56.718+0000] {logging_mixin.py:137} INFO - [2023-06-15T18:46:56.718+0000] {dag.py:3441} INFO - Setting next_dagrun for tutorial to 2023-06-14T18:46:56.717763+00:00, run_after=2023-06-15T18:46:56.717763+00:00
[2023-06-15T18:46:56.732+0000] {processor.py:175} INFO - Processing /home/airflow/.local/lib/python3.7/site-packages/airflow/example_dags/tutorial.py took 0.075 seconds
[2023-06-15T18:47:26.966+0000] {processor.py:153} INFO - Started process (PID=2665) to work on /home/airflow/.local/lib/python3.7/site-packages/airflow/example_dags/tutorial.py
[2023-06-15T18:47:26.967+0000] {processor.py:743} INFO - Processing file /home/airflow/.local/lib/python3.7/site-packages/airflow/example_dags/tutorial.py for tasks to queue
[2023-06-15T18:47:26.968+0000] {logging_mixin.py:137} INFO - [2023-06-15T18:47:26.968+0000] {dagbag.py:538} INFO - Filling up the DagBag from /home/airflow/.local/lib/python3.7/site-packages/airflow/example_dags/tutorial.py
[2023-06-15T18:47:26.981+0000] {processor.py:753} INFO - DAG(s) dict_keys(['tutorial']) retrieved from /home/airflow/.local/lib/python3.7/site-packages/airflow/example_dags/tutorial.py
[2023-06-15T18:47:27.006+0000] {logging_mixin.py:137} INFO - [2023-06-15T18:47:27.006+0000] {dag.py:2690} INFO - Sync 1 DAGs
[2023-06-15T18:47:27.025+0000] {logging_mixin.py:137} INFO - [2023-06-15T18:47:27.025+0000] {dag.py:3441} INFO - Setting next_dagrun for tutorial to 2023-06-14T18:47:27.024887+00:00, run_after=2023-06-15T18:47:27.024887+00:00
[2023-06-15T18:47:27.039+0000] {processor.py:175} INFO - Processing /home/airflow/.local/lib/python3.7/site-packages/airflow/example_dags/tutorial.py took 0.077 seconds
[2023-06-15T18:47:57.600+0000] {processor.py:153} INFO - Started process (PID=2742) to work on /home/airflow/.local/lib/python3.7/site-packages/airflow/example_dags/tutorial.py
[2023-06-15T18:47:57.602+0000] {processor.py:743} INFO - Processing file /home/airflow/.local/lib/python3.7/site-packages/airflow/example_dags/tutorial.py for tasks to queue
[2023-06-15T18:47:57.603+0000] {logging_mixin.py:137} INFO - [2023-06-15T18:47:57.602+0000] {dagbag.py:538} INFO - Filling up the DagBag from /home/airflow/.local/lib/python3.7/site-packages/airflow/example_dags/tutorial.py
[2023-06-15T18:47:57.620+0000] {processor.py:753} INFO - DAG(s) dict_keys(['tutorial']) retrieved from /home/airflow/.local/lib/python3.7/site-packages/airflow/example_dags/tutorial.py
[2023-06-15T18:47:57.645+0000] {logging_mixin.py:137} INFO - [2023-06-15T18:47:57.645+0000] {dag.py:2690} INFO - Sync 1 DAGs
[2023-06-15T18:47:57.667+0000] {logging_mixin.py:137} INFO - [2023-06-15T18:47:57.667+0000] {dag.py:3441} INFO - Setting next_dagrun for tutorial to 2023-06-14T18:47:57.666846+00:00, run_after=2023-06-15T18:47:57.666846+00:00
[2023-06-15T18:47:57.684+0000] {processor.py:175} INFO - Processing /home/airflow/.local/lib/python3.7/site-packages/airflow/example_dags/tutorial.py took 0.087 seconds
[2023-06-15T18:48:30.909+0000] {processor.py:153} INFO - Started process (PID=2807) to work on /home/airflow/.local/lib/python3.7/site-packages/airflow/example_dags/tutorial.py
[2023-06-15T18:48:30.910+0000] {processor.py:743} INFO - Processing file /home/airflow/.local/lib/python3.7/site-packages/airflow/example_dags/tutorial.py for tasks to queue
[2023-06-15T18:48:30.911+0000] {logging_mixin.py:137} INFO - [2023-06-15T18:48:30.911+0000] {dagbag.py:538} INFO - Filling up the DagBag from /home/airflow/.local/lib/python3.7/site-packages/airflow/example_dags/tutorial.py
[2023-06-15T18:48:30.924+0000] {processor.py:753} INFO - DAG(s) dict_keys(['tutorial']) retrieved from /home/airflow/.local/lib/python3.7/site-packages/airflow/example_dags/tutorial.py
[2023-06-15T18:48:30.947+0000] {logging_mixin.py:137} INFO - [2023-06-15T18:48:30.947+0000] {dag.py:2690} INFO - Sync 1 DAGs
[2023-06-15T18:48:30.966+0000] {logging_mixin.py:137} INFO - [2023-06-15T18:48:30.966+0000] {dag.py:3441} INFO - Setting next_dagrun for tutorial to 2023-06-14T18:48:30.966193+00:00, run_after=2023-06-15T18:48:30.966193+00:00
[2023-06-15T18:48:30.983+0000] {processor.py:175} INFO - Processing /home/airflow/.local/lib/python3.7/site-packages/airflow/example_dags/tutorial.py took 0.078 seconds
[2023-06-15T18:49:01.893+0000] {processor.py:153} INFO - Started process (PID=2872) to work on /home/airflow/.local/lib/python3.7/site-packages/airflow/example_dags/tutorial.py
[2023-06-15T18:49:01.895+0000] {processor.py:743} INFO - Processing file /home/airflow/.local/lib/python3.7/site-packages/airflow/example_dags/tutorial.py for tasks to queue
[2023-06-15T18:49:01.897+0000] {logging_mixin.py:137} INFO - [2023-06-15T18:49:01.897+0000] {dagbag.py:538} INFO - Filling up the DagBag from /home/airflow/.local/lib/python3.7/site-packages/airflow/example_dags/tutorial.py
[2023-06-15T18:49:01.915+0000] {processor.py:753} INFO - DAG(s) dict_keys(['tutorial']) retrieved from /home/airflow/.local/lib/python3.7/site-packages/airflow/example_dags/tutorial.py
[2023-06-15T18:49:01.942+0000] {logging_mixin.py:137} INFO - [2023-06-15T18:49:01.942+0000] {dag.py:2690} INFO - Sync 1 DAGs
[2023-06-15T18:49:01.964+0000] {logging_mixin.py:137} INFO - [2023-06-15T18:49:01.964+0000] {dag.py:3441} INFO - Setting next_dagrun for tutorial to 2023-06-14T18:49:01.963886+00:00, run_after=2023-06-15T18:49:01.963886+00:00
[2023-06-15T18:49:01.983+0000] {processor.py:175} INFO - Processing /home/airflow/.local/lib/python3.7/site-packages/airflow/example_dags/tutorial.py took 0.094 seconds
[2023-06-15T18:49:32.408+0000] {processor.py:153} INFO - Started process (PID=2950) to work on /home/airflow/.local/lib/python3.7/site-packages/airflow/example_dags/tutorial.py
[2023-06-15T18:49:32.409+0000] {processor.py:743} INFO - Processing file /home/airflow/.local/lib/python3.7/site-packages/airflow/example_dags/tutorial.py for tasks to queue
[2023-06-15T18:49:32.411+0000] {logging_mixin.py:137} INFO - [2023-06-15T18:49:32.411+0000] {dagbag.py:538} INFO - Filling up the DagBag from /home/airflow/.local/lib/python3.7/site-packages/airflow/example_dags/tutorial.py
[2023-06-15T18:49:32.424+0000] {processor.py:753} INFO - DAG(s) dict_keys(['tutorial']) retrieved from /home/airflow/.local/lib/python3.7/site-packages/airflow/example_dags/tutorial.py
[2023-06-15T18:49:32.449+0000] {logging_mixin.py:137} INFO - [2023-06-15T18:49:32.449+0000] {dag.py:2690} INFO - Sync 1 DAGs
[2023-06-15T18:49:32.469+0000] {logging_mixin.py:137} INFO - [2023-06-15T18:49:32.469+0000] {dag.py:3441} INFO - Setting next_dagrun for tutorial to 2023-06-14T18:49:32.469558+00:00, run_after=2023-06-15T18:49:32.469558+00:00
[2023-06-15T18:49:32.485+0000] {processor.py:175} INFO - Processing /home/airflow/.local/lib/python3.7/site-packages/airflow/example_dags/tutorial.py took 0.082 seconds
[2023-06-15T18:50:03.378+0000] {processor.py:153} INFO - Started process (PID=3028) to work on /home/airflow/.local/lib/python3.7/site-packages/airflow/example_dags/tutorial.py
[2023-06-15T18:50:03.380+0000] {processor.py:743} INFO - Processing file /home/airflow/.local/lib/python3.7/site-packages/airflow/example_dags/tutorial.py for tasks to queue
[2023-06-15T18:50:03.381+0000] {logging_mixin.py:137} INFO - [2023-06-15T18:50:03.381+0000] {dagbag.py:538} INFO - Filling up the DagBag from /home/airflow/.local/lib/python3.7/site-packages/airflow/example_dags/tutorial.py
[2023-06-15T18:50:03.393+0000] {processor.py:753} INFO - DAG(s) dict_keys(['tutorial']) retrieved from /home/airflow/.local/lib/python3.7/site-packages/airflow/example_dags/tutorial.py
[2023-06-15T18:50:03.417+0000] {logging_mixin.py:137} INFO - [2023-06-15T18:50:03.417+0000] {dag.py:2690} INFO - Sync 1 DAGs
[2023-06-15T18:50:03.437+0000] {logging_mixin.py:137} INFO - [2023-06-15T18:50:03.437+0000] {dag.py:3441} INFO - Setting next_dagrun for tutorial to 2023-06-14T18:50:03.437035+00:00, run_after=2023-06-15T18:50:03.437035+00:00
[2023-06-15T18:50:03.452+0000] {processor.py:175} INFO - Processing /home/airflow/.local/lib/python3.7/site-packages/airflow/example_dags/tutorial.py took 0.077 seconds
[2023-06-15T18:50:34.632+0000] {processor.py:153} INFO - Started process (PID=3093) to work on /home/airflow/.local/lib/python3.7/site-packages/airflow/example_dags/tutorial.py
[2023-06-15T18:50:34.634+0000] {processor.py:743} INFO - Processing file /home/airflow/.local/lib/python3.7/site-packages/airflow/example_dags/tutorial.py for tasks to queue
[2023-06-15T18:50:34.635+0000] {logging_mixin.py:137} INFO - [2023-06-15T18:50:34.635+0000] {dagbag.py:538} INFO - Filling up the DagBag from /home/airflow/.local/lib/python3.7/site-packages/airflow/example_dags/tutorial.py
[2023-06-15T18:50:34.650+0000] {processor.py:753} INFO - DAG(s) dict_keys(['tutorial']) retrieved from /home/airflow/.local/lib/python3.7/site-packages/airflow/example_dags/tutorial.py
[2023-06-15T18:50:34.676+0000] {logging_mixin.py:137} INFO - [2023-06-15T18:50:34.676+0000] {dag.py:2690} INFO - Sync 1 DAGs
[2023-06-15T18:50:34.699+0000] {logging_mixin.py:137} INFO - [2023-06-15T18:50:34.699+0000] {dag.py:3441} INFO - Setting next_dagrun for tutorial to 2023-06-14T18:50:34.699617+00:00, run_after=2023-06-15T18:50:34.699617+00:00
[2023-06-15T18:50:34.714+0000] {processor.py:175} INFO - Processing /home/airflow/.local/lib/python3.7/site-packages/airflow/example_dags/tutorial.py took 0.085 seconds
