[2023-06-15T18:02:01.703+0000] {processor.py:153} INFO - Started process (PID=58) to work on /home/airflow/.local/lib/python3.7/site-packages/airflow/example_dags/tutorial_dag.py
[2023-06-15T18:02:01.709+0000] {processor.py:743} INFO - Processing file /home/airflow/.local/lib/python3.7/site-packages/airflow/example_dags/tutorial_dag.py for tasks to queue
[2023-06-15T18:02:01.714+0000] {logging_mixin.py:137} INFO - [2023-06-15T18:02:01.714+0000] {dagbag.py:538} INFO - Filling up the DagBag from /home/airflow/.local/lib/python3.7/site-packages/airflow/example_dags/tutorial_dag.py
[2023-06-15T18:02:01.811+0000] {processor.py:753} INFO - DAG(s) dict_keys(['tutorial_dag']) retrieved from /home/airflow/.local/lib/python3.7/site-packages/airflow/example_dags/tutorial_dag.py
[2023-06-15T18:02:01.886+0000] {logging_mixin.py:137} INFO - [2023-06-15T18:02:01.886+0000] {dag.py:2690} INFO - Sync 1 DAGs
[2023-06-15T18:02:01.967+0000] {logging_mixin.py:137} INFO - [2023-06-15T18:02:01.967+0000] {dag.py:3441} INFO - Setting next_dagrun for tutorial_dag to None, run_after=None
[2023-06-15T18:02:02.002+0000] {processor.py:175} INFO - Processing /home/airflow/.local/lib/python3.7/site-packages/airflow/example_dags/tutorial_dag.py took 0.312 seconds
[2023-06-15T18:02:32.583+0000] {processor.py:153} INFO - Started process (PID=122) to work on /home/airflow/.local/lib/python3.7/site-packages/airflow/example_dags/tutorial_dag.py
[2023-06-15T18:02:32.584+0000] {processor.py:743} INFO - Processing file /home/airflow/.local/lib/python3.7/site-packages/airflow/example_dags/tutorial_dag.py for tasks to queue
[2023-06-15T18:02:32.585+0000] {logging_mixin.py:137} INFO - [2023-06-15T18:02:32.585+0000] {dagbag.py:538} INFO - Filling up the DagBag from /home/airflow/.local/lib/python3.7/site-packages/airflow/example_dags/tutorial_dag.py
[2023-06-15T18:02:32.598+0000] {processor.py:753} INFO - DAG(s) dict_keys(['tutorial_dag']) retrieved from /home/airflow/.local/lib/python3.7/site-packages/airflow/example_dags/tutorial_dag.py
[2023-06-15T18:02:32.623+0000] {logging_mixin.py:137} INFO - [2023-06-15T18:02:32.623+0000] {dag.py:2690} INFO - Sync 1 DAGs
[2023-06-15T18:02:32.641+0000] {logging_mixin.py:137} INFO - [2023-06-15T18:02:32.641+0000] {dag.py:3441} INFO - Setting next_dagrun for tutorial_dag to None, run_after=None
[2023-06-15T18:02:32.656+0000] {processor.py:175} INFO - Processing /home/airflow/.local/lib/python3.7/site-packages/airflow/example_dags/tutorial_dag.py took 0.076 seconds
[2023-06-15T18:03:03.504+0000] {processor.py:153} INFO - Started process (PID=198) to work on /home/airflow/.local/lib/python3.7/site-packages/airflow/example_dags/tutorial_dag.py
[2023-06-15T18:03:03.506+0000] {processor.py:743} INFO - Processing file /home/airflow/.local/lib/python3.7/site-packages/airflow/example_dags/tutorial_dag.py for tasks to queue
[2023-06-15T18:03:03.507+0000] {logging_mixin.py:137} INFO - [2023-06-15T18:03:03.506+0000] {dagbag.py:538} INFO - Filling up the DagBag from /home/airflow/.local/lib/python3.7/site-packages/airflow/example_dags/tutorial_dag.py
[2023-06-15T18:03:03.519+0000] {processor.py:753} INFO - DAG(s) dict_keys(['tutorial_dag']) retrieved from /home/airflow/.local/lib/python3.7/site-packages/airflow/example_dags/tutorial_dag.py
[2023-06-15T18:03:03.546+0000] {logging_mixin.py:137} INFO - [2023-06-15T18:03:03.546+0000] {dag.py:2690} INFO - Sync 1 DAGs
[2023-06-15T18:03:03.566+0000] {logging_mixin.py:137} INFO - [2023-06-15T18:03:03.566+0000] {dag.py:3441} INFO - Setting next_dagrun for tutorial_dag to None, run_after=None
[2023-06-15T18:03:03.583+0000] {processor.py:175} INFO - Processing /home/airflow/.local/lib/python3.7/site-packages/airflow/example_dags/tutorial_dag.py took 0.083 seconds
[2023-06-15T18:03:34.420+0000] {processor.py:153} INFO - Started process (PID=263) to work on /home/airflow/.local/lib/python3.7/site-packages/airflow/example_dags/tutorial_dag.py
[2023-06-15T18:03:34.421+0000] {processor.py:743} INFO - Processing file /home/airflow/.local/lib/python3.7/site-packages/airflow/example_dags/tutorial_dag.py for tasks to queue
[2023-06-15T18:03:34.423+0000] {logging_mixin.py:137} INFO - [2023-06-15T18:03:34.422+0000] {dagbag.py:538} INFO - Filling up the DagBag from /home/airflow/.local/lib/python3.7/site-packages/airflow/example_dags/tutorial_dag.py
[2023-06-15T18:03:34.436+0000] {processor.py:753} INFO - DAG(s) dict_keys(['tutorial_dag']) retrieved from /home/airflow/.local/lib/python3.7/site-packages/airflow/example_dags/tutorial_dag.py
[2023-06-15T18:03:34.462+0000] {logging_mixin.py:137} INFO - [2023-06-15T18:03:34.462+0000] {dag.py:2690} INFO - Sync 1 DAGs
[2023-06-15T18:03:34.481+0000] {logging_mixin.py:137} INFO - [2023-06-15T18:03:34.481+0000] {dag.py:3441} INFO - Setting next_dagrun for tutorial_dag to None, run_after=None
[2023-06-15T18:03:34.495+0000] {processor.py:175} INFO - Processing /home/airflow/.local/lib/python3.7/site-packages/airflow/example_dags/tutorial_dag.py took 0.079 seconds
[2023-06-15T18:04:05.233+0000] {processor.py:153} INFO - Started process (PID=340) to work on /home/airflow/.local/lib/python3.7/site-packages/airflow/example_dags/tutorial_dag.py
[2023-06-15T18:04:05.235+0000] {processor.py:743} INFO - Processing file /home/airflow/.local/lib/python3.7/site-packages/airflow/example_dags/tutorial_dag.py for tasks to queue
[2023-06-15T18:04:05.236+0000] {logging_mixin.py:137} INFO - [2023-06-15T18:04:05.235+0000] {dagbag.py:538} INFO - Filling up the DagBag from /home/airflow/.local/lib/python3.7/site-packages/airflow/example_dags/tutorial_dag.py
[2023-06-15T18:04:05.247+0000] {processor.py:753} INFO - DAG(s) dict_keys(['tutorial_dag']) retrieved from /home/airflow/.local/lib/python3.7/site-packages/airflow/example_dags/tutorial_dag.py
[2023-06-15T18:04:05.272+0000] {logging_mixin.py:137} INFO - [2023-06-15T18:04:05.272+0000] {dag.py:2690} INFO - Sync 1 DAGs
[2023-06-15T18:04:05.290+0000] {logging_mixin.py:137} INFO - [2023-06-15T18:04:05.290+0000] {dag.py:3441} INFO - Setting next_dagrun for tutorial_dag to None, run_after=None
[2023-06-15T18:04:05.304+0000] {processor.py:175} INFO - Processing /home/airflow/.local/lib/python3.7/site-packages/airflow/example_dags/tutorial_dag.py took 0.074 seconds
[2023-06-15T18:04:36.517+0000] {processor.py:153} INFO - Started process (PID=404) to work on /home/airflow/.local/lib/python3.7/site-packages/airflow/example_dags/tutorial_dag.py
[2023-06-15T18:04:36.520+0000] {processor.py:743} INFO - Processing file /home/airflow/.local/lib/python3.7/site-packages/airflow/example_dags/tutorial_dag.py for tasks to queue
[2023-06-15T18:04:36.521+0000] {logging_mixin.py:137} INFO - [2023-06-15T18:04:36.521+0000] {dagbag.py:538} INFO - Filling up the DagBag from /home/airflow/.local/lib/python3.7/site-packages/airflow/example_dags/tutorial_dag.py
[2023-06-15T18:04:36.536+0000] {processor.py:753} INFO - DAG(s) dict_keys(['tutorial_dag']) retrieved from /home/airflow/.local/lib/python3.7/site-packages/airflow/example_dags/tutorial_dag.py
[2023-06-15T18:04:36.566+0000] {logging_mixin.py:137} INFO - [2023-06-15T18:04:36.566+0000] {dag.py:2690} INFO - Sync 1 DAGs
[2023-06-15T18:04:36.587+0000] {logging_mixin.py:137} INFO - [2023-06-15T18:04:36.587+0000] {dag.py:3441} INFO - Setting next_dagrun for tutorial_dag to None, run_after=None
[2023-06-15T18:04:36.605+0000] {processor.py:175} INFO - Processing /home/airflow/.local/lib/python3.7/site-packages/airflow/example_dags/tutorial_dag.py took 0.094 seconds
[2023-06-15T18:05:07.368+0000] {processor.py:153} INFO - Started process (PID=481) to work on /home/airflow/.local/lib/python3.7/site-packages/airflow/example_dags/tutorial_dag.py
[2023-06-15T18:05:07.369+0000] {processor.py:743} INFO - Processing file /home/airflow/.local/lib/python3.7/site-packages/airflow/example_dags/tutorial_dag.py for tasks to queue
[2023-06-15T18:05:07.370+0000] {logging_mixin.py:137} INFO - [2023-06-15T18:05:07.370+0000] {dagbag.py:538} INFO - Filling up the DagBag from /home/airflow/.local/lib/python3.7/site-packages/airflow/example_dags/tutorial_dag.py
[2023-06-15T18:05:07.381+0000] {processor.py:753} INFO - DAG(s) dict_keys(['tutorial_dag']) retrieved from /home/airflow/.local/lib/python3.7/site-packages/airflow/example_dags/tutorial_dag.py
[2023-06-15T18:05:07.408+0000] {logging_mixin.py:137} INFO - [2023-06-15T18:05:07.408+0000] {dag.py:2690} INFO - Sync 1 DAGs
[2023-06-15T18:05:07.428+0000] {logging_mixin.py:137} INFO - [2023-06-15T18:05:07.428+0000] {dag.py:3441} INFO - Setting next_dagrun for tutorial_dag to None, run_after=None
[2023-06-15T18:05:07.444+0000] {processor.py:175} INFO - Processing /home/airflow/.local/lib/python3.7/site-packages/airflow/example_dags/tutorial_dag.py took 0.080 seconds
[2023-06-15T18:05:38.106+0000] {processor.py:153} INFO - Started process (PID=556) to work on /home/airflow/.local/lib/python3.7/site-packages/airflow/example_dags/tutorial_dag.py
[2023-06-15T18:05:38.108+0000] {processor.py:743} INFO - Processing file /home/airflow/.local/lib/python3.7/site-packages/airflow/example_dags/tutorial_dag.py for tasks to queue
[2023-06-15T18:05:38.109+0000] {logging_mixin.py:137} INFO - [2023-06-15T18:05:38.109+0000] {dagbag.py:538} INFO - Filling up the DagBag from /home/airflow/.local/lib/python3.7/site-packages/airflow/example_dags/tutorial_dag.py
[2023-06-15T18:05:38.123+0000] {processor.py:753} INFO - DAG(s) dict_keys(['tutorial_dag']) retrieved from /home/airflow/.local/lib/python3.7/site-packages/airflow/example_dags/tutorial_dag.py
[2023-06-15T18:05:38.149+0000] {logging_mixin.py:137} INFO - [2023-06-15T18:05:38.149+0000] {dag.py:2690} INFO - Sync 1 DAGs
[2023-06-15T18:05:38.167+0000] {logging_mixin.py:137} INFO - [2023-06-15T18:05:38.167+0000] {dag.py:3441} INFO - Setting next_dagrun for tutorial_dag to None, run_after=None
[2023-06-15T18:05:38.181+0000] {processor.py:175} INFO - Processing /home/airflow/.local/lib/python3.7/site-packages/airflow/example_dags/tutorial_dag.py took 0.083 seconds
[2023-06-15T18:06:08.844+0000] {processor.py:153} INFO - Started process (PID=621) to work on /home/airflow/.local/lib/python3.7/site-packages/airflow/example_dags/tutorial_dag.py
[2023-06-15T18:06:08.846+0000] {processor.py:743} INFO - Processing file /home/airflow/.local/lib/python3.7/site-packages/airflow/example_dags/tutorial_dag.py for tasks to queue
[2023-06-15T18:06:08.847+0000] {logging_mixin.py:137} INFO - [2023-06-15T18:06:08.847+0000] {dagbag.py:538} INFO - Filling up the DagBag from /home/airflow/.local/lib/python3.7/site-packages/airflow/example_dags/tutorial_dag.py
[2023-06-15T18:06:08.863+0000] {processor.py:753} INFO - DAG(s) dict_keys(['tutorial_dag']) retrieved from /home/airflow/.local/lib/python3.7/site-packages/airflow/example_dags/tutorial_dag.py
[2023-06-15T18:06:08.896+0000] {logging_mixin.py:137} INFO - [2023-06-15T18:06:08.895+0000] {dag.py:2690} INFO - Sync 1 DAGs
[2023-06-15T18:06:08.925+0000] {logging_mixin.py:137} INFO - [2023-06-15T18:06:08.925+0000] {dag.py:3441} INFO - Setting next_dagrun for tutorial_dag to None, run_after=None
[2023-06-15T18:06:08.944+0000] {processor.py:175} INFO - Processing /home/airflow/.local/lib/python3.7/site-packages/airflow/example_dags/tutorial_dag.py took 0.111 seconds
[2023-06-15T18:06:39.154+0000] {processor.py:153} INFO - Started process (PID=696) to work on /home/airflow/.local/lib/python3.7/site-packages/airflow/example_dags/tutorial_dag.py
[2023-06-15T18:06:39.156+0000] {processor.py:743} INFO - Processing file /home/airflow/.local/lib/python3.7/site-packages/airflow/example_dags/tutorial_dag.py for tasks to queue
[2023-06-15T18:06:39.157+0000] {logging_mixin.py:137} INFO - [2023-06-15T18:06:39.157+0000] {dagbag.py:538} INFO - Filling up the DagBag from /home/airflow/.local/lib/python3.7/site-packages/airflow/example_dags/tutorial_dag.py
[2023-06-15T18:06:39.173+0000] {processor.py:753} INFO - DAG(s) dict_keys(['tutorial_dag']) retrieved from /home/airflow/.local/lib/python3.7/site-packages/airflow/example_dags/tutorial_dag.py
[2023-06-15T18:06:39.201+0000] {logging_mixin.py:137} INFO - [2023-06-15T18:06:39.201+0000] {dag.py:2690} INFO - Sync 1 DAGs
[2023-06-15T18:06:39.222+0000] {logging_mixin.py:137} INFO - [2023-06-15T18:06:39.222+0000] {dag.py:3441} INFO - Setting next_dagrun for tutorial_dag to None, run_after=None
[2023-06-15T18:06:39.237+0000] {processor.py:175} INFO - Processing /home/airflow/.local/lib/python3.7/site-packages/airflow/example_dags/tutorial_dag.py took 0.089 seconds
[2023-06-15T18:07:09.607+0000] {processor.py:153} INFO - Started process (PID=773) to work on /home/airflow/.local/lib/python3.7/site-packages/airflow/example_dags/tutorial_dag.py
[2023-06-15T18:07:09.608+0000] {processor.py:743} INFO - Processing file /home/airflow/.local/lib/python3.7/site-packages/airflow/example_dags/tutorial_dag.py for tasks to queue
[2023-06-15T18:07:09.609+0000] {logging_mixin.py:137} INFO - [2023-06-15T18:07:09.609+0000] {dagbag.py:538} INFO - Filling up the DagBag from /home/airflow/.local/lib/python3.7/site-packages/airflow/example_dags/tutorial_dag.py
[2023-06-15T18:07:09.621+0000] {processor.py:753} INFO - DAG(s) dict_keys(['tutorial_dag']) retrieved from /home/airflow/.local/lib/python3.7/site-packages/airflow/example_dags/tutorial_dag.py
[2023-06-15T18:07:09.651+0000] {logging_mixin.py:137} INFO - [2023-06-15T18:07:09.651+0000] {dag.py:2690} INFO - Sync 1 DAGs
[2023-06-15T18:07:09.668+0000] {logging_mixin.py:137} INFO - [2023-06-15T18:07:09.668+0000] {dag.py:3441} INFO - Setting next_dagrun for tutorial_dag to None, run_after=None
[2023-06-15T18:07:09.683+0000] {processor.py:175} INFO - Processing /home/airflow/.local/lib/python3.7/site-packages/airflow/example_dags/tutorial_dag.py took 0.082 seconds
[2023-06-15T18:07:40.454+0000] {processor.py:153} INFO - Started process (PID=838) to work on /home/airflow/.local/lib/python3.7/site-packages/airflow/example_dags/tutorial_dag.py
[2023-06-15T18:07:40.456+0000] {processor.py:743} INFO - Processing file /home/airflow/.local/lib/python3.7/site-packages/airflow/example_dags/tutorial_dag.py for tasks to queue
[2023-06-15T18:07:40.458+0000] {logging_mixin.py:137} INFO - [2023-06-15T18:07:40.458+0000] {dagbag.py:538} INFO - Filling up the DagBag from /home/airflow/.local/lib/python3.7/site-packages/airflow/example_dags/tutorial_dag.py
[2023-06-15T18:07:40.474+0000] {processor.py:753} INFO - DAG(s) dict_keys(['tutorial_dag']) retrieved from /home/airflow/.local/lib/python3.7/site-packages/airflow/example_dags/tutorial_dag.py
[2023-06-15T18:07:40.503+0000] {logging_mixin.py:137} INFO - [2023-06-15T18:07:40.502+0000] {dag.py:2690} INFO - Sync 1 DAGs
[2023-06-15T18:07:40.521+0000] {logging_mixin.py:137} INFO - [2023-06-15T18:07:40.521+0000] {dag.py:3441} INFO - Setting next_dagrun for tutorial_dag to None, run_after=None
[2023-06-15T18:07:40.536+0000] {processor.py:175} INFO - Processing /home/airflow/.local/lib/python3.7/site-packages/airflow/example_dags/tutorial_dag.py took 0.088 seconds
[2023-06-15T18:08:10.744+0000] {processor.py:153} INFO - Started process (PID=914) to work on /home/airflow/.local/lib/python3.7/site-packages/airflow/example_dags/tutorial_dag.py
[2023-06-15T18:08:10.747+0000] {processor.py:743} INFO - Processing file /home/airflow/.local/lib/python3.7/site-packages/airflow/example_dags/tutorial_dag.py for tasks to queue
[2023-06-15T18:08:10.748+0000] {logging_mixin.py:137} INFO - [2023-06-15T18:08:10.748+0000] {dagbag.py:538} INFO - Filling up the DagBag from /home/airflow/.local/lib/python3.7/site-packages/airflow/example_dags/tutorial_dag.py
[2023-06-15T18:08:10.764+0000] {processor.py:753} INFO - DAG(s) dict_keys(['tutorial_dag']) retrieved from /home/airflow/.local/lib/python3.7/site-packages/airflow/example_dags/tutorial_dag.py
[2023-06-15T18:08:10.791+0000] {logging_mixin.py:137} INFO - [2023-06-15T18:08:10.791+0000] {dag.py:2690} INFO - Sync 1 DAGs
[2023-06-15T18:08:10.811+0000] {logging_mixin.py:137} INFO - [2023-06-15T18:08:10.811+0000] {dag.py:3441} INFO - Setting next_dagrun for tutorial_dag to None, run_after=None
[2023-06-15T18:08:10.827+0000] {processor.py:175} INFO - Processing /home/airflow/.local/lib/python3.7/site-packages/airflow/example_dags/tutorial_dag.py took 0.089 seconds
[2023-06-15T18:08:41.721+0000] {processor.py:153} INFO - Started process (PID=978) to work on /home/airflow/.local/lib/python3.7/site-packages/airflow/example_dags/tutorial_dag.py
[2023-06-15T18:08:41.723+0000] {processor.py:743} INFO - Processing file /home/airflow/.local/lib/python3.7/site-packages/airflow/example_dags/tutorial_dag.py for tasks to queue
[2023-06-15T18:08:41.724+0000] {logging_mixin.py:137} INFO - [2023-06-15T18:08:41.724+0000] {dagbag.py:538} INFO - Filling up the DagBag from /home/airflow/.local/lib/python3.7/site-packages/airflow/example_dags/tutorial_dag.py
[2023-06-15T18:08:41.735+0000] {processor.py:753} INFO - DAG(s) dict_keys(['tutorial_dag']) retrieved from /home/airflow/.local/lib/python3.7/site-packages/airflow/example_dags/tutorial_dag.py
[2023-06-15T18:08:41.762+0000] {logging_mixin.py:137} INFO - [2023-06-15T18:08:41.761+0000] {dag.py:2690} INFO - Sync 1 DAGs
[2023-06-15T18:08:41.783+0000] {logging_mixin.py:137} INFO - [2023-06-15T18:08:41.783+0000] {dag.py:3441} INFO - Setting next_dagrun for tutorial_dag to None, run_after=None
[2023-06-15T18:08:41.797+0000] {processor.py:175} INFO - Processing /home/airflow/.local/lib/python3.7/site-packages/airflow/example_dags/tutorial_dag.py took 0.079 seconds
[2023-06-15T18:09:12.296+0000] {processor.py:153} INFO - Started process (PID=1054) to work on /home/airflow/.local/lib/python3.7/site-packages/airflow/example_dags/tutorial_dag.py
[2023-06-15T18:09:12.297+0000] {processor.py:743} INFO - Processing file /home/airflow/.local/lib/python3.7/site-packages/airflow/example_dags/tutorial_dag.py for tasks to queue
[2023-06-15T18:09:12.299+0000] {logging_mixin.py:137} INFO - [2023-06-15T18:09:12.298+0000] {dagbag.py:538} INFO - Filling up the DagBag from /home/airflow/.local/lib/python3.7/site-packages/airflow/example_dags/tutorial_dag.py
[2023-06-15T18:09:12.312+0000] {processor.py:753} INFO - DAG(s) dict_keys(['tutorial_dag']) retrieved from /home/airflow/.local/lib/python3.7/site-packages/airflow/example_dags/tutorial_dag.py
[2023-06-15T18:09:12.338+0000] {logging_mixin.py:137} INFO - [2023-06-15T18:09:12.338+0000] {dag.py:2690} INFO - Sync 1 DAGs
[2023-06-15T18:09:12.357+0000] {logging_mixin.py:137} INFO - [2023-06-15T18:09:12.356+0000] {dag.py:3441} INFO - Setting next_dagrun for tutorial_dag to None, run_after=None
[2023-06-15T18:09:12.370+0000] {processor.py:175} INFO - Processing /home/airflow/.local/lib/python3.7/site-packages/airflow/example_dags/tutorial_dag.py took 0.080 seconds
[2023-06-15T18:09:42.968+0000] {processor.py:153} INFO - Started process (PID=1130) to work on /home/airflow/.local/lib/python3.7/site-packages/airflow/example_dags/tutorial_dag.py
[2023-06-15T18:09:42.970+0000] {processor.py:743} INFO - Processing file /home/airflow/.local/lib/python3.7/site-packages/airflow/example_dags/tutorial_dag.py for tasks to queue
[2023-06-15T18:09:42.971+0000] {logging_mixin.py:137} INFO - [2023-06-15T18:09:42.971+0000] {dagbag.py:538} INFO - Filling up the DagBag from /home/airflow/.local/lib/python3.7/site-packages/airflow/example_dags/tutorial_dag.py
[2023-06-15T18:09:42.988+0000] {processor.py:753} INFO - DAG(s) dict_keys(['tutorial_dag']) retrieved from /home/airflow/.local/lib/python3.7/site-packages/airflow/example_dags/tutorial_dag.py
[2023-06-15T18:09:43.016+0000] {logging_mixin.py:137} INFO - [2023-06-15T18:09:43.016+0000] {dag.py:2690} INFO - Sync 1 DAGs
[2023-06-15T18:09:43.035+0000] {logging_mixin.py:137} INFO - [2023-06-15T18:09:43.035+0000] {dag.py:3441} INFO - Setting next_dagrun for tutorial_dag to None, run_after=None
[2023-06-15T18:09:43.050+0000] {processor.py:175} INFO - Processing /home/airflow/.local/lib/python3.7/site-packages/airflow/example_dags/tutorial_dag.py took 0.088 seconds
[2023-06-15T18:10:13.549+0000] {processor.py:153} INFO - Started process (PID=1194) to work on /home/airflow/.local/lib/python3.7/site-packages/airflow/example_dags/tutorial_dag.py
[2023-06-15T18:10:13.551+0000] {processor.py:743} INFO - Processing file /home/airflow/.local/lib/python3.7/site-packages/airflow/example_dags/tutorial_dag.py for tasks to queue
[2023-06-15T18:10:13.552+0000] {logging_mixin.py:137} INFO - [2023-06-15T18:10:13.552+0000] {dagbag.py:538} INFO - Filling up the DagBag from /home/airflow/.local/lib/python3.7/site-packages/airflow/example_dags/tutorial_dag.py
[2023-06-15T18:10:13.574+0000] {processor.py:753} INFO - DAG(s) dict_keys(['tutorial_dag']) retrieved from /home/airflow/.local/lib/python3.7/site-packages/airflow/example_dags/tutorial_dag.py
[2023-06-15T18:10:13.618+0000] {logging_mixin.py:137} INFO - [2023-06-15T18:10:13.618+0000] {dag.py:2690} INFO - Sync 1 DAGs
[2023-06-15T18:10:13.646+0000] {logging_mixin.py:137} INFO - [2023-06-15T18:10:13.646+0000] {dag.py:3441} INFO - Setting next_dagrun for tutorial_dag to None, run_after=None
[2023-06-15T18:10:13.667+0000] {processor.py:175} INFO - Processing /home/airflow/.local/lib/python3.7/site-packages/airflow/example_dags/tutorial_dag.py took 0.123 seconds
[2023-06-15T18:10:44.512+0000] {processor.py:153} INFO - Started process (PID=1270) to work on /home/airflow/.local/lib/python3.7/site-packages/airflow/example_dags/tutorial_dag.py
[2023-06-15T18:10:44.514+0000] {processor.py:743} INFO - Processing file /home/airflow/.local/lib/python3.7/site-packages/airflow/example_dags/tutorial_dag.py for tasks to queue
[2023-06-15T18:10:44.516+0000] {logging_mixin.py:137} INFO - [2023-06-15T18:10:44.516+0000] {dagbag.py:538} INFO - Filling up the DagBag from /home/airflow/.local/lib/python3.7/site-packages/airflow/example_dags/tutorial_dag.py
[2023-06-15T18:10:44.534+0000] {processor.py:753} INFO - DAG(s) dict_keys(['tutorial_dag']) retrieved from /home/airflow/.local/lib/python3.7/site-packages/airflow/example_dags/tutorial_dag.py
[2023-06-15T18:10:44.558+0000] {logging_mixin.py:137} INFO - [2023-06-15T18:10:44.558+0000] {dag.py:2690} INFO - Sync 1 DAGs
[2023-06-15T18:10:44.577+0000] {logging_mixin.py:137} INFO - [2023-06-15T18:10:44.577+0000] {dag.py:3441} INFO - Setting next_dagrun for tutorial_dag to None, run_after=None
[2023-06-15T18:10:44.592+0000] {processor.py:175} INFO - Processing /home/airflow/.local/lib/python3.7/site-packages/airflow/example_dags/tutorial_dag.py took 0.086 seconds
[2023-06-15T18:11:15.157+0000] {processor.py:153} INFO - Started process (PID=1346) to work on /home/airflow/.local/lib/python3.7/site-packages/airflow/example_dags/tutorial_dag.py
[2023-06-15T18:11:15.159+0000] {processor.py:743} INFO - Processing file /home/airflow/.local/lib/python3.7/site-packages/airflow/example_dags/tutorial_dag.py for tasks to queue
[2023-06-15T18:11:15.161+0000] {logging_mixin.py:137} INFO - [2023-06-15T18:11:15.161+0000] {dagbag.py:538} INFO - Filling up the DagBag from /home/airflow/.local/lib/python3.7/site-packages/airflow/example_dags/tutorial_dag.py
[2023-06-15T18:11:15.175+0000] {processor.py:753} INFO - DAG(s) dict_keys(['tutorial_dag']) retrieved from /home/airflow/.local/lib/python3.7/site-packages/airflow/example_dags/tutorial_dag.py
[2023-06-15T18:11:15.202+0000] {logging_mixin.py:137} INFO - [2023-06-15T18:11:15.202+0000] {dag.py:2690} INFO - Sync 1 DAGs
[2023-06-15T18:11:15.221+0000] {logging_mixin.py:137} INFO - [2023-06-15T18:11:15.221+0000] {dag.py:3441} INFO - Setting next_dagrun for tutorial_dag to None, run_after=None
[2023-06-15T18:11:15.235+0000] {processor.py:175} INFO - Processing /home/airflow/.local/lib/python3.7/site-packages/airflow/example_dags/tutorial_dag.py took 0.085 seconds
[2023-06-15T18:11:45.657+0000] {processor.py:153} INFO - Started process (PID=1411) to work on /home/airflow/.local/lib/python3.7/site-packages/airflow/example_dags/tutorial_dag.py
[2023-06-15T18:11:45.659+0000] {processor.py:743} INFO - Processing file /home/airflow/.local/lib/python3.7/site-packages/airflow/example_dags/tutorial_dag.py for tasks to queue
[2023-06-15T18:11:45.661+0000] {logging_mixin.py:137} INFO - [2023-06-15T18:11:45.660+0000] {dagbag.py:538} INFO - Filling up the DagBag from /home/airflow/.local/lib/python3.7/site-packages/airflow/example_dags/tutorial_dag.py
[2023-06-15T18:11:45.677+0000] {processor.py:753} INFO - DAG(s) dict_keys(['tutorial_dag']) retrieved from /home/airflow/.local/lib/python3.7/site-packages/airflow/example_dags/tutorial_dag.py
[2023-06-15T18:11:45.703+0000] {logging_mixin.py:137} INFO - [2023-06-15T18:11:45.703+0000] {dag.py:2690} INFO - Sync 1 DAGs
[2023-06-15T18:11:45.722+0000] {logging_mixin.py:137} INFO - [2023-06-15T18:11:45.722+0000] {dag.py:3441} INFO - Setting next_dagrun for tutorial_dag to None, run_after=None
[2023-06-15T18:11:45.736+0000] {processor.py:175} INFO - Processing /home/airflow/.local/lib/python3.7/site-packages/airflow/example_dags/tutorial_dag.py took 0.083 seconds
[2023-06-15T18:12:16.437+0000] {processor.py:153} INFO - Started process (PID=1487) to work on /home/airflow/.local/lib/python3.7/site-packages/airflow/example_dags/tutorial_dag.py
[2023-06-15T18:12:16.439+0000] {processor.py:743} INFO - Processing file /home/airflow/.local/lib/python3.7/site-packages/airflow/example_dags/tutorial_dag.py for tasks to queue
[2023-06-15T18:12:16.439+0000] {logging_mixin.py:137} INFO - [2023-06-15T18:12:16.439+0000] {dagbag.py:538} INFO - Filling up the DagBag from /home/airflow/.local/lib/python3.7/site-packages/airflow/example_dags/tutorial_dag.py
[2023-06-15T18:12:16.451+0000] {processor.py:753} INFO - DAG(s) dict_keys(['tutorial_dag']) retrieved from /home/airflow/.local/lib/python3.7/site-packages/airflow/example_dags/tutorial_dag.py
[2023-06-15T18:12:16.476+0000] {logging_mixin.py:137} INFO - [2023-06-15T18:12:16.476+0000] {dag.py:2690} INFO - Sync 1 DAGs
[2023-06-15T18:12:16.497+0000] {logging_mixin.py:137} INFO - [2023-06-15T18:12:16.497+0000] {dag.py:3441} INFO - Setting next_dagrun for tutorial_dag to None, run_after=None
[2023-06-15T18:12:16.512+0000] {processor.py:175} INFO - Processing /home/airflow/.local/lib/python3.7/site-packages/airflow/example_dags/tutorial_dag.py took 0.078 seconds
[2023-06-15T18:12:46.900+0000] {processor.py:153} INFO - Started process (PID=1566) to work on /home/airflow/.local/lib/python3.7/site-packages/airflow/example_dags/tutorial_dag.py
[2023-06-15T18:12:46.901+0000] {processor.py:743} INFO - Processing file /home/airflow/.local/lib/python3.7/site-packages/airflow/example_dags/tutorial_dag.py for tasks to queue
[2023-06-15T18:12:46.902+0000] {logging_mixin.py:137} INFO - [2023-06-15T18:12:46.902+0000] {dagbag.py:538} INFO - Filling up the DagBag from /home/airflow/.local/lib/python3.7/site-packages/airflow/example_dags/tutorial_dag.py
[2023-06-15T18:12:46.913+0000] {processor.py:753} INFO - DAG(s) dict_keys(['tutorial_dag']) retrieved from /home/airflow/.local/lib/python3.7/site-packages/airflow/example_dags/tutorial_dag.py
[2023-06-15T18:12:46.939+0000] {logging_mixin.py:137} INFO - [2023-06-15T18:12:46.938+0000] {dag.py:2690} INFO - Sync 1 DAGs
[2023-06-15T18:12:46.957+0000] {logging_mixin.py:137} INFO - [2023-06-15T18:12:46.957+0000] {dag.py:3441} INFO - Setting next_dagrun for tutorial_dag to None, run_after=None
[2023-06-15T18:12:46.971+0000] {processor.py:175} INFO - Processing /home/airflow/.local/lib/python3.7/site-packages/airflow/example_dags/tutorial_dag.py took 0.074 seconds
[2023-06-15T18:13:17.577+0000] {processor.py:153} INFO - Started process (PID=1632) to work on /home/airflow/.local/lib/python3.7/site-packages/airflow/example_dags/tutorial_dag.py
[2023-06-15T18:13:17.579+0000] {processor.py:743} INFO - Processing file /home/airflow/.local/lib/python3.7/site-packages/airflow/example_dags/tutorial_dag.py for tasks to queue
[2023-06-15T18:13:17.580+0000] {logging_mixin.py:137} INFO - [2023-06-15T18:13:17.580+0000] {dagbag.py:538} INFO - Filling up the DagBag from /home/airflow/.local/lib/python3.7/site-packages/airflow/example_dags/tutorial_dag.py
[2023-06-15T18:13:17.593+0000] {processor.py:753} INFO - DAG(s) dict_keys(['tutorial_dag']) retrieved from /home/airflow/.local/lib/python3.7/site-packages/airflow/example_dags/tutorial_dag.py
[2023-06-15T18:13:17.631+0000] {logging_mixin.py:137} INFO - [2023-06-15T18:13:17.631+0000] {dag.py:2690} INFO - Sync 1 DAGs
[2023-06-15T18:13:17.652+0000] {logging_mixin.py:137} INFO - [2023-06-15T18:13:17.652+0000] {dag.py:3441} INFO - Setting next_dagrun for tutorial_dag to None, run_after=None
[2023-06-15T18:13:17.664+0000] {processor.py:175} INFO - Processing /home/airflow/.local/lib/python3.7/site-packages/airflow/example_dags/tutorial_dag.py took 0.092 seconds
[2023-06-15T18:13:48.438+0000] {processor.py:153} INFO - Started process (PID=1710) to work on /home/airflow/.local/lib/python3.7/site-packages/airflow/example_dags/tutorial_dag.py
[2023-06-15T18:13:48.440+0000] {processor.py:743} INFO - Processing file /home/airflow/.local/lib/python3.7/site-packages/airflow/example_dags/tutorial_dag.py for tasks to queue
[2023-06-15T18:13:48.442+0000] {logging_mixin.py:137} INFO - [2023-06-15T18:13:48.442+0000] {dagbag.py:538} INFO - Filling up the DagBag from /home/airflow/.local/lib/python3.7/site-packages/airflow/example_dags/tutorial_dag.py
[2023-06-15T18:13:48.459+0000] {processor.py:753} INFO - DAG(s) dict_keys(['tutorial_dag']) retrieved from /home/airflow/.local/lib/python3.7/site-packages/airflow/example_dags/tutorial_dag.py
[2023-06-15T18:13:48.489+0000] {logging_mixin.py:137} INFO - [2023-06-15T18:13:48.489+0000] {dag.py:2690} INFO - Sync 1 DAGs
[2023-06-15T18:13:48.518+0000] {logging_mixin.py:137} INFO - [2023-06-15T18:13:48.518+0000] {dag.py:3441} INFO - Setting next_dagrun for tutorial_dag to None, run_after=None
[2023-06-15T18:13:48.550+0000] {processor.py:175} INFO - Processing /home/airflow/.local/lib/python3.7/site-packages/airflow/example_dags/tutorial_dag.py took 0.116 seconds
[2023-06-15T18:14:18.689+0000] {processor.py:153} INFO - Started process (PID=1775) to work on /home/airflow/.local/lib/python3.7/site-packages/airflow/example_dags/tutorial_dag.py
[2023-06-15T18:14:18.693+0000] {processor.py:743} INFO - Processing file /home/airflow/.local/lib/python3.7/site-packages/airflow/example_dags/tutorial_dag.py for tasks to queue
[2023-06-15T18:14:18.694+0000] {logging_mixin.py:137} INFO - [2023-06-15T18:14:18.694+0000] {dagbag.py:538} INFO - Filling up the DagBag from /home/airflow/.local/lib/python3.7/site-packages/airflow/example_dags/tutorial_dag.py
[2023-06-15T18:14:18.706+0000] {processor.py:753} INFO - DAG(s) dict_keys(['tutorial_dag']) retrieved from /home/airflow/.local/lib/python3.7/site-packages/airflow/example_dags/tutorial_dag.py
[2023-06-15T18:14:18.742+0000] {logging_mixin.py:137} INFO - [2023-06-15T18:14:18.742+0000] {dag.py:2690} INFO - Sync 1 DAGs
[2023-06-15T18:14:18.764+0000] {logging_mixin.py:137} INFO - [2023-06-15T18:14:18.764+0000] {dag.py:3441} INFO - Setting next_dagrun for tutorial_dag to None, run_after=None
[2023-06-15T18:14:18.779+0000] {processor.py:175} INFO - Processing /home/airflow/.local/lib/python3.7/site-packages/airflow/example_dags/tutorial_dag.py took 0.093 seconds
[2023-06-15T18:14:49.658+0000] {processor.py:153} INFO - Started process (PID=1852) to work on /home/airflow/.local/lib/python3.7/site-packages/airflow/example_dags/tutorial_dag.py
[2023-06-15T18:14:49.660+0000] {processor.py:743} INFO - Processing file /home/airflow/.local/lib/python3.7/site-packages/airflow/example_dags/tutorial_dag.py for tasks to queue
[2023-06-15T18:14:49.662+0000] {logging_mixin.py:137} INFO - [2023-06-15T18:14:49.662+0000] {dagbag.py:538} INFO - Filling up the DagBag from /home/airflow/.local/lib/python3.7/site-packages/airflow/example_dags/tutorial_dag.py
[2023-06-15T18:14:49.678+0000] {processor.py:753} INFO - DAG(s) dict_keys(['tutorial_dag']) retrieved from /home/airflow/.local/lib/python3.7/site-packages/airflow/example_dags/tutorial_dag.py
[2023-06-15T18:14:49.709+0000] {logging_mixin.py:137} INFO - [2023-06-15T18:14:49.709+0000] {dag.py:2690} INFO - Sync 1 DAGs
[2023-06-15T18:14:49.730+0000] {logging_mixin.py:137} INFO - [2023-06-15T18:14:49.730+0000] {dag.py:3441} INFO - Setting next_dagrun for tutorial_dag to None, run_after=None
[2023-06-15T18:14:49.746+0000] {processor.py:175} INFO - Processing /home/airflow/.local/lib/python3.7/site-packages/airflow/example_dags/tutorial_dag.py took 0.092 seconds
[2023-06-15T18:15:20.176+0000] {processor.py:153} INFO - Started process (PID=1930) to work on /home/airflow/.local/lib/python3.7/site-packages/airflow/example_dags/tutorial_dag.py
[2023-06-15T18:15:20.178+0000] {processor.py:743} INFO - Processing file /home/airflow/.local/lib/python3.7/site-packages/airflow/example_dags/tutorial_dag.py for tasks to queue
[2023-06-15T18:15:20.180+0000] {logging_mixin.py:137} INFO - [2023-06-15T18:15:20.180+0000] {dagbag.py:538} INFO - Filling up the DagBag from /home/airflow/.local/lib/python3.7/site-packages/airflow/example_dags/tutorial_dag.py
[2023-06-15T18:15:20.195+0000] {processor.py:753} INFO - DAG(s) dict_keys(['tutorial_dag']) retrieved from /home/airflow/.local/lib/python3.7/site-packages/airflow/example_dags/tutorial_dag.py
[2023-06-15T18:15:20.222+0000] {logging_mixin.py:137} INFO - [2023-06-15T18:15:20.221+0000] {dag.py:2690} INFO - Sync 1 DAGs
[2023-06-15T18:15:20.240+0000] {logging_mixin.py:137} INFO - [2023-06-15T18:15:20.240+0000] {dag.py:3441} INFO - Setting next_dagrun for tutorial_dag to None, run_after=None
[2023-06-15T18:15:20.256+0000] {processor.py:175} INFO - Processing /home/airflow/.local/lib/python3.7/site-packages/airflow/example_dags/tutorial_dag.py took 0.085 seconds
[2023-06-15T18:15:50.338+0000] {processor.py:153} INFO - Started process (PID=1996) to work on /home/airflow/.local/lib/python3.7/site-packages/airflow/example_dags/tutorial_dag.py
[2023-06-15T18:15:50.341+0000] {processor.py:743} INFO - Processing file /home/airflow/.local/lib/python3.7/site-packages/airflow/example_dags/tutorial_dag.py for tasks to queue
[2023-06-15T18:15:50.343+0000] {logging_mixin.py:137} INFO - [2023-06-15T18:15:50.343+0000] {dagbag.py:538} INFO - Filling up the DagBag from /home/airflow/.local/lib/python3.7/site-packages/airflow/example_dags/tutorial_dag.py
[2023-06-15T18:15:50.357+0000] {processor.py:753} INFO - DAG(s) dict_keys(['tutorial_dag']) retrieved from /home/airflow/.local/lib/python3.7/site-packages/airflow/example_dags/tutorial_dag.py
[2023-06-15T18:15:50.390+0000] {logging_mixin.py:137} INFO - [2023-06-15T18:15:50.390+0000] {dag.py:2690} INFO - Sync 1 DAGs
[2023-06-15T18:15:50.412+0000] {logging_mixin.py:137} INFO - [2023-06-15T18:15:50.412+0000] {dag.py:3441} INFO - Setting next_dagrun for tutorial_dag to None, run_after=None
[2023-06-15T18:15:50.431+0000] {processor.py:175} INFO - Processing /home/airflow/.local/lib/python3.7/site-packages/airflow/example_dags/tutorial_dag.py took 0.097 seconds
[2023-06-15T18:16:21.154+0000] {processor.py:153} INFO - Started process (PID=2073) to work on /home/airflow/.local/lib/python3.7/site-packages/airflow/example_dags/tutorial_dag.py
[2023-06-15T18:16:21.156+0000] {processor.py:743} INFO - Processing file /home/airflow/.local/lib/python3.7/site-packages/airflow/example_dags/tutorial_dag.py for tasks to queue
[2023-06-15T18:16:21.157+0000] {logging_mixin.py:137} INFO - [2023-06-15T18:16:21.157+0000] {dagbag.py:538} INFO - Filling up the DagBag from /home/airflow/.local/lib/python3.7/site-packages/airflow/example_dags/tutorial_dag.py
[2023-06-15T18:16:21.169+0000] {processor.py:753} INFO - DAG(s) dict_keys(['tutorial_dag']) retrieved from /home/airflow/.local/lib/python3.7/site-packages/airflow/example_dags/tutorial_dag.py
[2023-06-15T18:16:21.194+0000] {logging_mixin.py:137} INFO - [2023-06-15T18:16:21.194+0000] {dag.py:2690} INFO - Sync 1 DAGs
[2023-06-15T18:16:21.213+0000] {logging_mixin.py:137} INFO - [2023-06-15T18:16:21.212+0000] {dag.py:3441} INFO - Setting next_dagrun for tutorial_dag to None, run_after=None
[2023-06-15T18:16:21.227+0000] {processor.py:175} INFO - Processing /home/airflow/.local/lib/python3.7/site-packages/airflow/example_dags/tutorial_dag.py took 0.077 seconds
[2023-06-15T18:16:51.614+0000] {processor.py:153} INFO - Started process (PID=2147) to work on /home/airflow/.local/lib/python3.7/site-packages/airflow/example_dags/tutorial_dag.py
[2023-06-15T18:16:51.616+0000] {processor.py:743} INFO - Processing file /home/airflow/.local/lib/python3.7/site-packages/airflow/example_dags/tutorial_dag.py for tasks to queue
[2023-06-15T18:16:51.617+0000] {logging_mixin.py:137} INFO - [2023-06-15T18:16:51.617+0000] {dagbag.py:538} INFO - Filling up the DagBag from /home/airflow/.local/lib/python3.7/site-packages/airflow/example_dags/tutorial_dag.py
[2023-06-15T18:16:51.635+0000] {processor.py:753} INFO - DAG(s) dict_keys(['tutorial_dag']) retrieved from /home/airflow/.local/lib/python3.7/site-packages/airflow/example_dags/tutorial_dag.py
[2023-06-15T18:16:51.698+0000] {logging_mixin.py:137} INFO - [2023-06-15T18:16:51.698+0000] {dag.py:2690} INFO - Sync 1 DAGs
[2023-06-15T18:16:51.726+0000] {logging_mixin.py:137} INFO - [2023-06-15T18:16:51.725+0000] {dag.py:3441} INFO - Setting next_dagrun for tutorial_dag to None, run_after=None
[2023-06-15T18:16:51.744+0000] {processor.py:175} INFO - Processing /home/airflow/.local/lib/python3.7/site-packages/airflow/example_dags/tutorial_dag.py took 0.134 seconds
[2023-06-15T18:17:22.097+0000] {processor.py:153} INFO - Started process (PID=2215) to work on /home/airflow/.local/lib/python3.7/site-packages/airflow/example_dags/tutorial_dag.py
[2023-06-15T18:17:22.099+0000] {processor.py:743} INFO - Processing file /home/airflow/.local/lib/python3.7/site-packages/airflow/example_dags/tutorial_dag.py for tasks to queue
[2023-06-15T18:17:22.101+0000] {logging_mixin.py:137} INFO - [2023-06-15T18:17:22.100+0000] {dagbag.py:538} INFO - Filling up the DagBag from /home/airflow/.local/lib/python3.7/site-packages/airflow/example_dags/tutorial_dag.py
[2023-06-15T18:17:22.114+0000] {processor.py:753} INFO - DAG(s) dict_keys(['tutorial_dag']) retrieved from /home/airflow/.local/lib/python3.7/site-packages/airflow/example_dags/tutorial_dag.py
[2023-06-15T18:17:22.142+0000] {logging_mixin.py:137} INFO - [2023-06-15T18:17:22.142+0000] {dag.py:2690} INFO - Sync 1 DAGs
[2023-06-15T18:17:22.163+0000] {logging_mixin.py:137} INFO - [2023-06-15T18:17:22.163+0000] {dag.py:3441} INFO - Setting next_dagrun for tutorial_dag to None, run_after=None
[2023-06-15T18:17:22.179+0000] {processor.py:175} INFO - Processing /home/airflow/.local/lib/python3.7/site-packages/airflow/example_dags/tutorial_dag.py took 0.086 seconds
[2023-06-15T18:44:53.033+0000] {processor.py:153} INFO - Started process (PID=2299) to work on /home/airflow/.local/lib/python3.7/site-packages/airflow/example_dags/tutorial_dag.py
[2023-06-15T18:44:53.036+0000] {processor.py:743} INFO - Processing file /home/airflow/.local/lib/python3.7/site-packages/airflow/example_dags/tutorial_dag.py for tasks to queue
[2023-06-15T18:44:53.038+0000] {logging_mixin.py:137} INFO - [2023-06-15T18:44:53.038+0000] {dagbag.py:538} INFO - Filling up the DagBag from /home/airflow/.local/lib/python3.7/site-packages/airflow/example_dags/tutorial_dag.py
[2023-06-15T18:44:53.050+0000] {processor.py:753} INFO - DAG(s) dict_keys(['tutorial_dag']) retrieved from /home/airflow/.local/lib/python3.7/site-packages/airflow/example_dags/tutorial_dag.py
[2023-06-15T18:44:53.079+0000] {logging_mixin.py:137} INFO - [2023-06-15T18:44:53.079+0000] {dag.py:2690} INFO - Sync 1 DAGs
[2023-06-15T18:44:53.100+0000] {logging_mixin.py:137} INFO - [2023-06-15T18:44:53.100+0000] {dag.py:3441} INFO - Setting next_dagrun for tutorial_dag to None, run_after=None
[2023-06-15T18:44:53.116+0000] {processor.py:175} INFO - Processing /home/airflow/.local/lib/python3.7/site-packages/airflow/example_dags/tutorial_dag.py took 0.086 seconds
[2023-06-15T18:45:23.603+0000] {processor.py:153} INFO - Started process (PID=2365) to work on /home/airflow/.local/lib/python3.7/site-packages/airflow/example_dags/tutorial_dag.py
[2023-06-15T18:45:23.605+0000] {processor.py:743} INFO - Processing file /home/airflow/.local/lib/python3.7/site-packages/airflow/example_dags/tutorial_dag.py for tasks to queue
[2023-06-15T18:45:23.606+0000] {logging_mixin.py:137} INFO - [2023-06-15T18:45:23.606+0000] {dagbag.py:538} INFO - Filling up the DagBag from /home/airflow/.local/lib/python3.7/site-packages/airflow/example_dags/tutorial_dag.py
[2023-06-15T18:45:23.618+0000] {processor.py:753} INFO - DAG(s) dict_keys(['tutorial_dag']) retrieved from /home/airflow/.local/lib/python3.7/site-packages/airflow/example_dags/tutorial_dag.py
[2023-06-15T18:45:23.644+0000] {logging_mixin.py:137} INFO - [2023-06-15T18:45:23.644+0000] {dag.py:2690} INFO - Sync 1 DAGs
[2023-06-15T18:45:23.664+0000] {logging_mixin.py:137} INFO - [2023-06-15T18:45:23.664+0000] {dag.py:3441} INFO - Setting next_dagrun for tutorial_dag to None, run_after=None
[2023-06-15T18:45:23.681+0000] {processor.py:175} INFO - Processing /home/airflow/.local/lib/python3.7/site-packages/airflow/example_dags/tutorial_dag.py took 0.082 seconds
[2023-06-15T18:45:54.418+0000] {processor.py:153} INFO - Started process (PID=2442) to work on /home/airflow/.local/lib/python3.7/site-packages/airflow/example_dags/tutorial_dag.py
[2023-06-15T18:45:54.420+0000] {processor.py:743} INFO - Processing file /home/airflow/.local/lib/python3.7/site-packages/airflow/example_dags/tutorial_dag.py for tasks to queue
[2023-06-15T18:45:54.421+0000] {logging_mixin.py:137} INFO - [2023-06-15T18:45:54.421+0000] {dagbag.py:538} INFO - Filling up the DagBag from /home/airflow/.local/lib/python3.7/site-packages/airflow/example_dags/tutorial_dag.py
[2023-06-15T18:45:54.434+0000] {processor.py:753} INFO - DAG(s) dict_keys(['tutorial_dag']) retrieved from /home/airflow/.local/lib/python3.7/site-packages/airflow/example_dags/tutorial_dag.py
[2023-06-15T18:45:54.459+0000] {logging_mixin.py:137} INFO - [2023-06-15T18:45:54.459+0000] {dag.py:2690} INFO - Sync 1 DAGs
[2023-06-15T18:45:54.478+0000] {logging_mixin.py:137} INFO - [2023-06-15T18:45:54.477+0000] {dag.py:3441} INFO - Setting next_dagrun for tutorial_dag to None, run_after=None
[2023-06-15T18:45:54.494+0000] {processor.py:175} INFO - Processing /home/airflow/.local/lib/python3.7/site-packages/airflow/example_dags/tutorial_dag.py took 0.079 seconds
[2023-06-15T18:46:25.378+0000] {processor.py:153} INFO - Started process (PID=2519) to work on /home/airflow/.local/lib/python3.7/site-packages/airflow/example_dags/tutorial_dag.py
[2023-06-15T18:46:25.379+0000] {processor.py:743} INFO - Processing file /home/airflow/.local/lib/python3.7/site-packages/airflow/example_dags/tutorial_dag.py for tasks to queue
[2023-06-15T18:46:25.380+0000] {logging_mixin.py:137} INFO - [2023-06-15T18:46:25.380+0000] {dagbag.py:538} INFO - Filling up the DagBag from /home/airflow/.local/lib/python3.7/site-packages/airflow/example_dags/tutorial_dag.py
[2023-06-15T18:46:25.397+0000] {processor.py:753} INFO - DAG(s) dict_keys(['tutorial_dag']) retrieved from /home/airflow/.local/lib/python3.7/site-packages/airflow/example_dags/tutorial_dag.py
[2023-06-15T18:46:25.423+0000] {logging_mixin.py:137} INFO - [2023-06-15T18:46:25.423+0000] {dag.py:2690} INFO - Sync 1 DAGs
[2023-06-15T18:46:25.443+0000] {logging_mixin.py:137} INFO - [2023-06-15T18:46:25.443+0000] {dag.py:3441} INFO - Setting next_dagrun for tutorial_dag to None, run_after=None
[2023-06-15T18:46:25.457+0000] {processor.py:175} INFO - Processing /home/airflow/.local/lib/python3.7/site-packages/airflow/example_dags/tutorial_dag.py took 0.086 seconds
[2023-06-15T18:46:56.333+0000] {processor.py:153} INFO - Started process (PID=2584) to work on /home/airflow/.local/lib/python3.7/site-packages/airflow/example_dags/tutorial_dag.py
[2023-06-15T18:46:56.335+0000] {processor.py:743} INFO - Processing file /home/airflow/.local/lib/python3.7/site-packages/airflow/example_dags/tutorial_dag.py for tasks to queue
[2023-06-15T18:46:56.336+0000] {logging_mixin.py:137} INFO - [2023-06-15T18:46:56.336+0000] {dagbag.py:538} INFO - Filling up the DagBag from /home/airflow/.local/lib/python3.7/site-packages/airflow/example_dags/tutorial_dag.py
[2023-06-15T18:46:56.347+0000] {processor.py:753} INFO - DAG(s) dict_keys(['tutorial_dag']) retrieved from /home/airflow/.local/lib/python3.7/site-packages/airflow/example_dags/tutorial_dag.py
[2023-06-15T18:46:56.372+0000] {logging_mixin.py:137} INFO - [2023-06-15T18:46:56.371+0000] {dag.py:2690} INFO - Sync 1 DAGs
[2023-06-15T18:46:56.390+0000] {logging_mixin.py:137} INFO - [2023-06-15T18:46:56.390+0000] {dag.py:3441} INFO - Setting next_dagrun for tutorial_dag to None, run_after=None
[2023-06-15T18:46:56.403+0000] {processor.py:175} INFO - Processing /home/airflow/.local/lib/python3.7/site-packages/airflow/example_dags/tutorial_dag.py took 0.073 seconds
[2023-06-15T18:47:26.757+0000] {processor.py:153} INFO - Started process (PID=2661) to work on /home/airflow/.local/lib/python3.7/site-packages/airflow/example_dags/tutorial_dag.py
[2023-06-15T18:47:26.759+0000] {processor.py:743} INFO - Processing file /home/airflow/.local/lib/python3.7/site-packages/airflow/example_dags/tutorial_dag.py for tasks to queue
[2023-06-15T18:47:26.760+0000] {logging_mixin.py:137} INFO - [2023-06-15T18:47:26.760+0000] {dagbag.py:538} INFO - Filling up the DagBag from /home/airflow/.local/lib/python3.7/site-packages/airflow/example_dags/tutorial_dag.py
[2023-06-15T18:47:26.771+0000] {processor.py:753} INFO - DAG(s) dict_keys(['tutorial_dag']) retrieved from /home/airflow/.local/lib/python3.7/site-packages/airflow/example_dags/tutorial_dag.py
[2023-06-15T18:47:26.796+0000] {logging_mixin.py:137} INFO - [2023-06-15T18:47:26.796+0000] {dag.py:2690} INFO - Sync 1 DAGs
[2023-06-15T18:47:26.815+0000] {logging_mixin.py:137} INFO - [2023-06-15T18:47:26.815+0000] {dag.py:3441} INFO - Setting next_dagrun for tutorial_dag to None, run_after=None
[2023-06-15T18:47:26.828+0000] {processor.py:175} INFO - Processing /home/airflow/.local/lib/python3.7/site-packages/airflow/example_dags/tutorial_dag.py took 0.074 seconds
[2023-06-15T18:47:57.385+0000] {processor.py:153} INFO - Started process (PID=2735) to work on /home/airflow/.local/lib/python3.7/site-packages/airflow/example_dags/tutorial_dag.py
[2023-06-15T18:47:57.386+0000] {processor.py:743} INFO - Processing file /home/airflow/.local/lib/python3.7/site-packages/airflow/example_dags/tutorial_dag.py for tasks to queue
[2023-06-15T18:47:57.389+0000] {logging_mixin.py:137} INFO - [2023-06-15T18:47:57.388+0000] {dagbag.py:538} INFO - Filling up the DagBag from /home/airflow/.local/lib/python3.7/site-packages/airflow/example_dags/tutorial_dag.py
[2023-06-15T18:47:57.402+0000] {processor.py:753} INFO - DAG(s) dict_keys(['tutorial_dag']) retrieved from /home/airflow/.local/lib/python3.7/site-packages/airflow/example_dags/tutorial_dag.py
[2023-06-15T18:47:57.428+0000] {logging_mixin.py:137} INFO - [2023-06-15T18:47:57.428+0000] {dag.py:2690} INFO - Sync 1 DAGs
[2023-06-15T18:47:57.447+0000] {logging_mixin.py:137} INFO - [2023-06-15T18:47:57.447+0000] {dag.py:3441} INFO - Setting next_dagrun for tutorial_dag to None, run_after=None
[2023-06-15T18:47:57.461+0000] {processor.py:175} INFO - Processing /home/airflow/.local/lib/python3.7/site-packages/airflow/example_dags/tutorial_dag.py took 0.079 seconds
[2023-06-15T18:48:30.697+0000] {processor.py:153} INFO - Started process (PID=2803) to work on /home/airflow/.local/lib/python3.7/site-packages/airflow/example_dags/tutorial_dag.py
[2023-06-15T18:48:30.698+0000] {processor.py:743} INFO - Processing file /home/airflow/.local/lib/python3.7/site-packages/airflow/example_dags/tutorial_dag.py for tasks to queue
[2023-06-15T18:48:30.699+0000] {logging_mixin.py:137} INFO - [2023-06-15T18:48:30.699+0000] {dagbag.py:538} INFO - Filling up the DagBag from /home/airflow/.local/lib/python3.7/site-packages/airflow/example_dags/tutorial_dag.py
[2023-06-15T18:48:30.710+0000] {processor.py:753} INFO - DAG(s) dict_keys(['tutorial_dag']) retrieved from /home/airflow/.local/lib/python3.7/site-packages/airflow/example_dags/tutorial_dag.py
[2023-06-15T18:48:30.736+0000] {logging_mixin.py:137} INFO - [2023-06-15T18:48:30.736+0000] {dag.py:2690} INFO - Sync 1 DAGs
[2023-06-15T18:48:30.754+0000] {logging_mixin.py:137} INFO - [2023-06-15T18:48:30.754+0000] {dag.py:3441} INFO - Setting next_dagrun for tutorial_dag to None, run_after=None
[2023-06-15T18:48:30.768+0000] {processor.py:175} INFO - Processing /home/airflow/.local/lib/python3.7/site-packages/airflow/example_dags/tutorial_dag.py took 0.075 seconds
[2023-06-15T18:49:01.553+0000] {processor.py:153} INFO - Started process (PID=2868) to work on /home/airflow/.local/lib/python3.7/site-packages/airflow/example_dags/tutorial_dag.py
[2023-06-15T18:49:01.555+0000] {processor.py:743} INFO - Processing file /home/airflow/.local/lib/python3.7/site-packages/airflow/example_dags/tutorial_dag.py for tasks to queue
[2023-06-15T18:49:01.556+0000] {logging_mixin.py:137} INFO - [2023-06-15T18:49:01.556+0000] {dagbag.py:538} INFO - Filling up the DagBag from /home/airflow/.local/lib/python3.7/site-packages/airflow/example_dags/tutorial_dag.py
[2023-06-15T18:49:01.568+0000] {processor.py:753} INFO - DAG(s) dict_keys(['tutorial_dag']) retrieved from /home/airflow/.local/lib/python3.7/site-packages/airflow/example_dags/tutorial_dag.py
[2023-06-15T18:49:01.593+0000] {logging_mixin.py:137} INFO - [2023-06-15T18:49:01.593+0000] {dag.py:2690} INFO - Sync 1 DAGs
[2023-06-15T18:49:01.613+0000] {logging_mixin.py:137} INFO - [2023-06-15T18:49:01.613+0000] {dag.py:3441} INFO - Setting next_dagrun for tutorial_dag to None, run_after=None
[2023-06-15T18:49:01.628+0000] {processor.py:175} INFO - Processing /home/airflow/.local/lib/python3.7/site-packages/airflow/example_dags/tutorial_dag.py took 0.078 seconds
[2023-06-15T18:49:32.174+0000] {processor.py:153} INFO - Started process (PID=2946) to work on /home/airflow/.local/lib/python3.7/site-packages/airflow/example_dags/tutorial_dag.py
[2023-06-15T18:49:32.176+0000] {processor.py:743} INFO - Processing file /home/airflow/.local/lib/python3.7/site-packages/airflow/example_dags/tutorial_dag.py for tasks to queue
[2023-06-15T18:49:32.177+0000] {logging_mixin.py:137} INFO - [2023-06-15T18:49:32.177+0000] {dagbag.py:538} INFO - Filling up the DagBag from /home/airflow/.local/lib/python3.7/site-packages/airflow/example_dags/tutorial_dag.py
[2023-06-15T18:49:32.189+0000] {processor.py:753} INFO - DAG(s) dict_keys(['tutorial_dag']) retrieved from /home/airflow/.local/lib/python3.7/site-packages/airflow/example_dags/tutorial_dag.py
[2023-06-15T18:49:32.216+0000] {logging_mixin.py:137} INFO - [2023-06-15T18:49:32.216+0000] {dag.py:2690} INFO - Sync 1 DAGs
[2023-06-15T18:49:32.234+0000] {logging_mixin.py:137} INFO - [2023-06-15T18:49:32.234+0000] {dag.py:3441} INFO - Setting next_dagrun for tutorial_dag to None, run_after=None
[2023-06-15T18:49:32.250+0000] {processor.py:175} INFO - Processing /home/airflow/.local/lib/python3.7/site-packages/airflow/example_dags/tutorial_dag.py took 0.080 seconds
[2023-06-15T18:50:03.151+0000] {processor.py:153} INFO - Started process (PID=3024) to work on /home/airflow/.local/lib/python3.7/site-packages/airflow/example_dags/tutorial_dag.py
[2023-06-15T18:50:03.152+0000] {processor.py:743} INFO - Processing file /home/airflow/.local/lib/python3.7/site-packages/airflow/example_dags/tutorial_dag.py for tasks to queue
[2023-06-15T18:50:03.153+0000] {logging_mixin.py:137} INFO - [2023-06-15T18:50:03.153+0000] {dagbag.py:538} INFO - Filling up the DagBag from /home/airflow/.local/lib/python3.7/site-packages/airflow/example_dags/tutorial_dag.py
[2023-06-15T18:50:03.165+0000] {processor.py:753} INFO - DAG(s) dict_keys(['tutorial_dag']) retrieved from /home/airflow/.local/lib/python3.7/site-packages/airflow/example_dags/tutorial_dag.py
[2023-06-15T18:50:03.189+0000] {logging_mixin.py:137} INFO - [2023-06-15T18:50:03.189+0000] {dag.py:2690} INFO - Sync 1 DAGs
[2023-06-15T18:50:03.207+0000] {logging_mixin.py:137} INFO - [2023-06-15T18:50:03.207+0000] {dag.py:3441} INFO - Setting next_dagrun for tutorial_dag to None, run_after=None
[2023-06-15T18:50:03.222+0000] {processor.py:175} INFO - Processing /home/airflow/.local/lib/python3.7/site-packages/airflow/example_dags/tutorial_dag.py took 0.074 seconds
[2023-06-15T18:50:34.290+0000] {processor.py:153} INFO - Started process (PID=3089) to work on /home/airflow/.local/lib/python3.7/site-packages/airflow/example_dags/tutorial_dag.py
[2023-06-15T18:50:34.292+0000] {processor.py:743} INFO - Processing file /home/airflow/.local/lib/python3.7/site-packages/airflow/example_dags/tutorial_dag.py for tasks to queue
[2023-06-15T18:50:34.294+0000] {logging_mixin.py:137} INFO - [2023-06-15T18:50:34.294+0000] {dagbag.py:538} INFO - Filling up the DagBag from /home/airflow/.local/lib/python3.7/site-packages/airflow/example_dags/tutorial_dag.py
[2023-06-15T18:50:34.308+0000] {processor.py:753} INFO - DAG(s) dict_keys(['tutorial_dag']) retrieved from /home/airflow/.local/lib/python3.7/site-packages/airflow/example_dags/tutorial_dag.py
[2023-06-15T18:50:34.339+0000] {logging_mixin.py:137} INFO - [2023-06-15T18:50:34.339+0000] {dag.py:2690} INFO - Sync 1 DAGs
[2023-06-15T18:50:34.357+0000] {logging_mixin.py:137} INFO - [2023-06-15T18:50:34.357+0000] {dag.py:3441} INFO - Setting next_dagrun for tutorial_dag to None, run_after=None
[2023-06-15T18:50:34.373+0000] {processor.py:175} INFO - Processing /home/airflow/.local/lib/python3.7/site-packages/airflow/example_dags/tutorial_dag.py took 0.086 seconds
